 # Detector n:            1   BdxCHad   (integrated over solid angle)
 # N. of energy intervals         100
  1.000E-04  1.089E-04  0.000E+00  0.000E+00
  1.089E-04  1.186E-04  3.752E-06  6.995E+01
  1.186E-04  1.291E-04  1.074E-05  3.883E+01
  1.291E-04  1.406E-04  2.404E-06  9.900E+01
  1.406E-04  1.531E-04  2.775E-06  6.965E+01
  1.531E-04  1.667E-04  6.657E-06  7.065E+01
  1.667E-04  1.815E-04  7.548E-06  7.761E+01
  1.815E-04  1.977E-04  4.410E-06  1.365E+01
  1.977E-04  2.152E-04  4.207E-06  5.259E+01
  2.152E-04  2.344E-04  3.023E-06  5.235E+01
  2.344E-04  2.552E-04  5.258E-06  5.941E+01
  2.552E-04  2.779E-04  4.189E-06  2.515E+01
  2.779E-04  3.026E-04  5.725E-06  4.356E+01
  3.026E-04  3.295E-04  3.074E-06  2.744E+01
  3.295E-04  3.588E-04  2.601E-06  3.170E+01
  3.588E-04  3.907E-04  2.972E-06  3.855E+01
  3.907E-04  4.254E-04  3.030E-06  2.605E+01
  4.254E-04  4.632E-04  4.403E-06  1.622E+01
  4.632E-04  5.044E-04  3.619E-06  5.314E+01
  5.044E-04  5.493E-04  2.196E-06  5.727E+01
  5.493E-04  5.981E-04  6.035E-06  3.874E+01
  5.981E-04  6.513E-04  1.571E-06  4.403E+01
  6.513E-04  7.092E-04  3.424E-06  2.751E+01
  7.092E-04  7.722E-04  1.502E-06  1.366E+01
  7.722E-04  8.409E-04  3.477E-06  4.092E+01
  8.409E-04  9.157E-04  2.546E-06  2.280E+01
  9.157E-04  9.971E-04  3.753E-06  9.258E+00
  9.971E-04  1.086E-03  5.702E-06  1.203E+01
  1.086E-03  1.182E-03  6.531E-06  2.586E+01
  1.182E-03  1.287E-03  5.631E-06  1.510E+01
  1.287E-03  1.402E-03  4.698E-06  1.194E+01
  1.402E-03  1.526E-03  5.985E-06  8.422E+00
  1.526E-03  1.662E-03  5.184E-06  2.547E+01
  1.662E-03  1.810E-03  5.688E-06  1.484E+01
  1.810E-03  1.971E-03  5.902E-06  1.850E+01
  1.971E-03  2.146E-03  6.017E-06  1.029E+01
  2.146E-03  2.337E-03  7.244E-06  1.503E+01
  2.337E-03  2.545E-03  7.054E-06  1.239E+01
  2.545E-03  2.771E-03  6.993E-06  1.424E+01
  2.771E-03  3.017E-03  6.144E-06  4.742E+00
  3.017E-03  3.285E-03  6.753E-06  7.364E+00
  3.285E-03  3.577E-03  5.091E-06  8.430E+00
  3.577E-03  3.895E-03  7.016E-06  1.315E+01
  3.895E-03  4.242E-03  6.186E-06  1.390E+01
  4.242E-03  4.619E-03  5.728E-06  6.810E+00
  4.619E-03  5.030E-03  5.662E-06  4.246E+00
  5.030E-03  5.477E-03  5.432E-06  5.189E+00
  5.477E-03  5.964E-03  4.752E-06  7.492E+00
  5.964E-03  6.494E-03  4.634E-06  7.316E+00
  6.494E-03  7.071E-03  3.396E-06  4.614E+00
  7.071E-03  7.700E-03  3.455E-06  2.710E+00
  7.700E-03  8.384E-03  2.382E-06  9.559E+00
  8.384E-03  9.130E-03  1.407E-06  2.021E+01
  9.130E-03  9.941E-03  5.940E-07  1.525E+01
  9.941E-03  1.083E-02  0.000E+00  0.000E+00
  1.083E-02  1.179E-02  0.000E+00  0.000E+00
  1.179E-02  1.284E-02  0.000E+00  0.000E+00
  1.284E-02  1.398E-02  0.000E+00  0.000E+00
  1.398E-02  1.522E-02  0.000E+00  0.000E+00
  1.522E-02  1.657E-02  0.000E+00  0.000E+00
  1.657E-02  1.805E-02  0.000E+00  0.000E+00
  1.805E-02  1.965E-02  0.000E+00  0.000E+00
  1.965E-02  2.140E-02  0.000E+00  0.000E+00
  2.140E-02  2.330E-02  0.000E+00  0.000E+00
  2.330E-02  2.537E-02  0.000E+00  0.000E+00
  2.537E-02  2.763E-02  0.000E+00  0.000E+00
  2.763E-02  3.008E-02  0.000E+00  0.000E+00
  3.008E-02  3.276E-02  0.000E+00  0.000E+00
  3.276E-02  3.567E-02  0.000E+00  0.000E+00
  3.567E-02  3.884E-02  0.000E+00  0.000E+00
  3.884E-02  4.229E-02  0.000E+00  0.000E+00
  4.229E-02  4.605E-02  0.000E+00  0.000E+00
  4.605E-02  5.015E-02  0.000E+00  0.000E+00
  5.015E-02  5.461E-02  0.000E+00  0.000E+00
  5.461E-02  5.946E-02  0.000E+00  0.000E+00
  5.946E-02  6.475E-02  0.000E+00  0.000E+00
  6.475E-02  7.050E-02  0.000E+00  0.000E+00
  7.050E-02  7.677E-02  0.000E+00  0.000E+00
  7.677E-02  8.360E-02  0.000E+00  0.000E+00
  8.360E-02  9.103E-02  0.000E+00  0.000E+00
  9.103E-02  9.912E-02  0.000E+00  0.000E+00
  9.912E-02  1.079E-01  0.000E+00  0.000E+00
  1.079E-01  1.175E-01  0.000E+00  0.000E+00
  1.175E-01  1.280E-01  0.000E+00  0.000E+00
  1.280E-01  1.394E-01  0.000E+00  0.000E+00
  1.394E-01  1.517E-01  0.000E+00  0.000E+00
  1.517E-01  1.652E-01  0.000E+00  0.000E+00
  1.652E-01  1.799E-01  0.000E+00  0.000E+00
  1.799E-01  1.959E-01  0.000E+00  0.000E+00
  1.959E-01  2.133E-01  0.000E+00  0.000E+00
  2.133E-01  2.323E-01  0.000E+00  0.000E+00
  2.323E-01  2.530E-01  0.000E+00  0.000E+00
  2.530E-01  2.754E-01  0.000E+00  0.000E+00
  2.754E-01  2.999E-01  0.000E+00  0.000E+00
  2.999E-01  3.266E-01  0.000E+00  0.000E+00
  3.266E-01  3.556E-01  0.000E+00  0.000E+00
  3.556E-01  3.873E-01  0.000E+00  0.000E+00
  3.873E-01  4.217E-01  0.000E+00  0.000E+00
  4.217E-01  4.592E-01  0.000E+00  0.000E+00
  4.592E-01  5.000E-01  0.000E+00  0.000E+00


 # double differential distributions
 # number of solid angle intervals           1
 # Block n:            1     0.00000000      :   6.28318548    
  1.000E-04  1.089E-04  0.000E+00  0.000E+00  0.000E+00  6.283E+00
  1.089E-04  1.186E-04  5.971E-07  6.995E+01  0.000E+00  6.283E+00
  1.186E-04  1.291E-04  1.709E-06  3.883E+01  0.000E+00  6.283E+00
  1.291E-04  1.406E-04  3.827E-07  9.900E+01  0.000E+00  6.283E+00
  1.406E-04  1.531E-04  4.416E-07  6.965E+01  0.000E+00  6.283E+00
  1.531E-04  1.667E-04  1.059E-06  7.065E+01  0.000E+00  6.283E+00
  1.667E-04  1.815E-04  1.201E-06  7.761E+01  0.000E+00  6.283E+00
  1.815E-04  1.977E-04  7.019E-07  1.365E+01  0.000E+00  6.283E+00
  1.977E-04  2.152E-04  6.696E-07  5.259E+01  0.000E+00  6.283E+00
  2.152E-04  2.344E-04  4.811E-07  5.235E+01  0.000E+00  6.283E+00
  2.344E-04  2.552E-04  8.368E-07  5.941E+01  0.000E+00  6.283E+00
  2.552E-04  2.779E-04  6.668E-07  2.515E+01  0.000E+00  6.283E+00
  2.779E-04  3.026E-04  9.111E-07  4.356E+01  0.000E+00  6.283E+00
  3.026E-04  3.295E-04  4.893E-07  2.744E+01  0.000E+00  6.283E+00
  3.295E-04  3.588E-04  4.139E-07  3.170E+01  0.000E+00  6.283E+00
  3.588E-04  3.907E-04  4.730E-07  3.855E+01  0.000E+00  6.283E+00
  3.907E-04  4.254E-04  4.822E-07  2.605E+01  0.000E+00  6.283E+00
  4.254E-04  4.632E-04  7.008E-07  1.622E+01  0.000E+00  6.283E+00
  4.632E-04  5.044E-04  5.760E-07  5.314E+01  0.000E+00  6.283E+00
  5.044E-04  5.493E-04  3.495E-07  5.727E+01  0.000E+00  6.283E+00
  5.493E-04  5.981E-04  9.605E-07  3.874E+01  0.000E+00  6.283E+00
  5.981E-04  6.513E-04  2.501E-07  4.403E+01  0.000E+00  6.283E+00
  6.513E-04  7.092E-04  5.449E-07  2.751E+01  0.000E+00  6.283E+00
  7.092E-04  7.722E-04  2.391E-07  1.366E+01  0.000E+00  6.283E+00
  7.722E-04  8.409E-04  5.534E-07  4.092E+01  0.000E+00  6.283E+00
  8.409E-04  9.157E-04  4.052E-07  2.280E+01  0.000E+00  6.283E+00
  9.157E-04  9.971E-04  5.974E-07  9.258E+00  0.000E+00  6.283E+00
  9.971E-04  1.086E-03  9.075E-07  1.203E+01  0.000E+00  6.283E+00
  1.086E-03  1.182E-03  1.039E-06  2.586E+01  0.000E+00  6.283E+00
  1.182E-03  1.287E-03  8.962E-07  1.510E+01  0.000E+00  6.283E+00
  1.287E-03  1.402E-03  7.477E-07  1.194E+01  0.000E+00  6.283E+00
  1.402E-03  1.526E-03  9.525E-07  8.422E+00  0.000E+00  6.283E+00
  1.526E-03  1.662E-03  8.251E-07  2.547E+01  0.000E+00  6.283E+00
  1.662E-03  1.810E-03  9.052E-07  1.484E+01  0.000E+00  6.283E+00
  1.810E-03  1.971E-03  9.393E-07  1.850E+01  0.000E+00  6.283E+00
  1.971E-03  2.146E-03  9.577E-07  1.029E+01  0.000E+00  6.283E+00
  2.146E-03  2.337E-03  1.153E-06  1.503E+01  0.000E+00  6.283E+00
  2.337E-03  2.545E-03  1.123E-06  1.239E+01  0.000E+00  6.283E+00
  2.545E-03  2.771E-03  1.113E-06  1.424E+01  0.000E+00  6.283E+00
  2.771E-03  3.017E-03  9.778E-07  4.742E+00  0.000E+00  6.283E+00
  3.017E-03  3.285E-03  1.075E-06  7.364E+00  0.000E+00  6.283E+00
  3.285E-03  3.577E-03  8.103E-07  8.430E+00  0.000E+00  6.283E+00
  3.577E-03  3.895E-03  1.117E-06  1.315E+01  0.000E+00  6.283E+00
  3.895E-03  4.242E-03  9.846E-07  1.390E+01  0.000E+00  6.283E+00
  4.242E-03  4.619E-03  9.116E-07  6.810E+00  0.000E+00  6.283E+00
  4.619E-03  5.030E-03  9.011E-07  4.246E+00  0.000E+00  6.283E+00
  5.030E-03  5.477E-03  8.645E-07  5.189E+00  0.000E+00  6.283E+00
  5.477E-03  5.964E-03  7.564E-07  7.492E+00  0.000E+00  6.283E+00
  5.964E-03  6.494E-03  7.375E-07  7.316E+00  0.000E+00  6.283E+00
  6.494E-03  7.071E-03  5.405E-07  4.614E+00  0.000E+00  6.283E+00
  7.071E-03  7.700E-03  5.498E-07  2.710E+00  0.000E+00  6.283E+00
  7.700E-03  8.384E-03  3.791E-07  9.559E+00  0.000E+00  6.283E+00
  8.384E-03  9.130E-03  2.239E-07  2.021E+01  0.000E+00  6.283E+00
  9.130E-03  9.941E-03  9.455E-08  1.525E+01  0.000E+00  6.283E+00
  9.941E-03  1.083E-02  0.000E+00  0.000E+00  0.000E+00  6.283E+00
  1.083E-02  1.179E-02  0.000E+00  0.000E+00  0.000E+00  6.283E+00
  1.179E-02  1.284E-02  0.000E+00  0.000E+00  0.000E+00  6.283E+00
  1.284E-02  1.398E-02  0.000E+00  0.000E+00  0.000E+00  6.283E+00
  1.398E-02  1.522E-02  0.000E+00  0.000E+00  0.000E+00  6.283E+00
  1.522E-02  1.657E-02  0.000E+00  0.000E+00  0.000E+00  6.283E+00
  1.657E-02  1.805E-02  0.000E+00  0.000E+00  0.000E+00  6.283E+00
  1.805E-02  1.965E-02  0.000E+00  0.000E+00  0.000E+00  6.283E+00
  1.965E-02  2.140E-02  0.000E+00  0.000E+00  0.000E+00  6.283E+00
  2.140E-02  2.330E-02  0.000E+00  0.000E+00  0.000E+00  6.283E+00
  2.330E-02  2.537E-02  0.000E+00  0.000E+00  0.000E+00  6.283E+00
  2.537E-02  2.763E-02  0.000E+00  0.000E+00  0.000E+00  6.283E+00
  2.763E-02  3.008E-02  0.000E+00  0.000E+00  0.000E+00  6.283E+00
  3.008E-02  3.276E-02  0.000E+00  0.000E+00  0.000E+00  6.283E+00
  3.276E-02  3.567E-02  0.000E+00  0.000E+00  0.000E+00  6.283E+00
  3.567E-02  3.884E-02  0.000E+00  0.000E+00  0.000E+00  6.283E+00
  3.884E-02  4.229E-02  0.000E+00  0.000E+00  0.000E+00  6.283E+00
  4.229E-02  4.605E-02  0.000E+00  0.000E+00  0.000E+00  6.283E+00
  4.605E-02  5.015E-02  0.000E+00  0.000E+00  0.000E+00  6.283E+00
  5.015E-02  5.461E-02  0.000E+00  0.000E+00  0.000E+00  6.283E+00
  5.461E-02  5.946E-02  0.000E+00  0.000E+00  0.000E+00  6.283E+00
  5.946E-02  6.475E-02  0.000E+00  0.000E+00  0.000E+00  6.283E+00
  6.475E-02  7.050E-02  0.000E+00  0.000E+00  0.000E+00  6.283E+00
  7.050E-02  7.677E-02  0.000E+00  0.000E+00  0.000E+00  6.283E+00
  7.677E-02  8.360E-02  0.000E+00  0.000E+00  0.000E+00  6.283E+00
  8.360E-02  9.103E-02  0.000E+00  0.000E+00  0.000E+00  6.283E+00
  9.103E-02  9.912E-02  0.000E+00  0.000E+00  0.000E+00  6.283E+00
  9.912E-02  1.079E-01  0.000E+00  0.000E+00  0.000E+00  6.283E+00
  1.079E-01  1.175E-01  0.000E+00  0.000E+00  0.000E+00  6.283E+00
  1.175E-01  1.280E-01  0.000E+00  0.000E+00  0.000E+00  6.283E+00
  1.280E-01  1.394E-01  0.000E+00  0.000E+00  0.000E+00  6.283E+00
  1.394E-01  1.517E-01  0.000E+00  0.000E+00  0.000E+00  6.283E+00
  1.517E-01  1.652E-01  0.000E+00  0.000E+00  0.000E+00  6.283E+00
  1.652E-01  1.799E-01  0.000E+00  0.000E+00  0.000E+00  6.283E+00
  1.799E-01  1.959E-01  0.000E+00  0.000E+00  0.000E+00  6.283E+00
  1.959E-01  2.133E-01  0.000E+00  0.000E+00  0.000E+00  6.283E+00
  2.133E-01  2.323E-01  0.000E+00  0.000E+00  0.000E+00  6.283E+00
  2.323E-01  2.530E-01  0.000E+00  0.000E+00  0.000E+00  6.283E+00
  2.530E-01  2.754E-01  0.000E+00  0.000E+00  0.000E+00  6.283E+00
  2.754E-01  2.999E-01  0.000E+00  0.000E+00  0.000E+00  6.283E+00
  2.999E-01  3.266E-01  0.000E+00  0.000E+00  0.000E+00  6.283E+00
  3.266E-01  3.556E-01  0.000E+00  0.000E+00  0.000E+00  6.283E+00
  3.556E-01  3.873E-01  0.000E+00  0.000E+00  0.000E+00  6.283E+00
  3.873E-01  4.217E-01  0.000E+00  0.000E+00  0.000E+00  6.283E+00
  4.217E-01  4.592E-01  0.000E+00  0.000E+00  0.000E+00  6.283E+00
  4.592E-01  5.000E-01  0.000E+00  0.000E+00  0.000E+00  6.283E+00
  5.000E-01  5.000E-01  0.000E+00  0.000E+00  0.000E+00  6.283E+00

  1.000E-04  1.000E-04  0.000E+00  0.000E+00  6.283E+00  6.283E+00
  1.089E-04  1.089E-04  0.000E+00  0.000E+00  6.283E+00  6.283E+00
  1.186E-04  1.186E-04  0.000E+00  0.000E+00  6.283E+00  6.283E+00
  1.291E-04  1.291E-04  0.000E+00  0.000E+00  6.283E+00  6.283E+00
  1.406E-04  1.406E-04  0.000E+00  0.000E+00  6.283E+00  6.283E+00
  1.531E-04  1.531E-04  0.000E+00  0.000E+00  6.283E+00  6.283E+00
  1.667E-04  1.667E-04  0.000E+00  0.000E+00  6.283E+00  6.283E+00
  1.815E-04  1.815E-04  0.000E+00  0.000E+00  6.283E+00  6.283E+00
  1.977E-04  1.977E-04  0.000E+00  0.000E+00  6.283E+00  6.283E+00
  2.152E-04  2.152E-04  0.000E+00  0.000E+00  6.283E+00  6.283E+00
  2.344E-04  2.344E-04  0.000E+00  0.000E+00  6.283E+00  6.283E+00
  2.552E-04  2.552E-04  0.000E+00  0.000E+00  6.283E+00  6.283E+00
  2.779E-04  2.779E-04  0.000E+00  0.000E+00  6.283E+00  6.283E+00
  3.026E-04  3.026E-04  0.000E+00  0.000E+00  6.283E+00  6.283E+00
  3.295E-04  3.295E-04  0.000E+00  0.000E+00  6.283E+00  6.283E+00
  3.588E-04  3.588E-04  0.000E+00  0.000E+00  6.283E+00  6.283E+00
  3.907E-04  3.907E-04  0.000E+00  0.000E+00  6.283E+00  6.283E+00
  4.254E-04  4.254E-04  0.000E+00  0.000E+00  6.283E+00  6.283E+00
  4.632E-04  4.632E-04  0.000E+00  0.000E+00  6.283E+00  6.283E+00
  5.044E-04  5.044E-04  0.000E+00  0.000E+00  6.283E+00  6.283E+00
  5.493E-04  5.493E-04  0.000E+00  0.000E+00  6.283E+00  6.283E+00
  5.981E-04  5.981E-04  0.000E+00  0.000E+00  6.283E+00  6.283E+00
  6.513E-04  6.513E-04  0.000E+00  0.000E+00  6.283E+00  6.283E+00
  7.092E-04  7.092E-04  0.000E+00  0.000E+00  6.283E+00  6.283E+00
  7.722E-04  7.722E-04  0.000E+00  0.000E+00  6.283E+00  6.283E+00
  8.409E-04  8.409E-04  0.000E+00  0.000E+00  6.283E+00  6.283E+00
  9.157E-04  9.157E-04  0.000E+00  0.000E+00  6.283E+00  6.283E+00
  9.971E-04  9.971E-04  0.000E+00  0.000E+00  6.283E+00  6.283E+00
  1.086E-03  1.086E-03  0.000E+00  0.000E+00  6.283E+00  6.283E+00
  1.182E-03  1.182E-03  0.000E+00  0.000E+00  6.283E+00  6.283E+00
  1.287E-03  1.287E-03  0.000E+00  0.000E+00  6.283E+00  6.283E+00
  1.402E-03  1.402E-03  0.000E+00  0.000E+00  6.283E+00  6.283E+00
  1.526E-03  1.526E-03  0.000E+00  0.000E+00  6.283E+00  6.283E+00
  1.662E-03  1.662E-03  0.000E+00  0.000E+00  6.283E+00  6.283E+00
  1.810E-03  1.810E-03  0.000E+00  0.000E+00  6.283E+00  6.283E+00
  1.971E-03  1.971E-03  0.000E+00  0.000E+00  6.283E+00  6.283E+00
  2.146E-03  2.146E-03  0.000E+00  0.000E+00  6.283E+00  6.283E+00
  2.337E-03  2.337E-03  0.000E+00  0.000E+00  6.283E+00  6.283E+00
  2.545E-03  2.545E-03  0.000E+00  0.000E+00  6.283E+00  6.283E+00
  2.771E-03  2.771E-03  0.000E+00  0.000E+00  6.283E+00  6.283E+00
  3.017E-03  3.017E-03  0.000E+00  0.000E+00  6.283E+00  6.283E+00
  3.285E-03  3.285E-03  0.000E+00  0.000E+00  6.283E+00  6.283E+00
  3.577E-03  3.577E-03  0.000E+00  0.000E+00  6.283E+00  6.283E+00
  3.895E-03  3.895E-03  0.000E+00  0.000E+00  6.283E+00  6.283E+00
  4.242E-03  4.242E-03  0.000E+00  0.000E+00  6.283E+00  6.283E+00
  4.619E-03  4.619E-03  0.000E+00  0.000E+00  6.283E+00  6.283E+00
  5.030E-03  5.030E-03  0.000E+00  0.000E+00  6.283E+00  6.283E+00
  5.477E-03  5.477E-03  0.000E+00  0.000E+00  6.283E+00  6.283E+00
  5.964E-03  5.964E-03  0.000E+00  0.000E+00  6.283E+00  6.283E+00
  6.494E-03  6.494E-03  0.000E+00  0.000E+00  6.283E+00  6.283E+00
  7.071E-03  7.071E-03  0.000E+00  0.000E+00  6.283E+00  6.283E+00
  7.700E-03  7.700E-03  0.000E+00  0.000E+00  6.283E+00  6.283E+00
  8.384E-03  8.384E-03  0.000E+00  0.000E+00  6.283E+00  6.283E+00
  9.130E-03  9.130E-03  0.000E+00  0.000E+00  6.283E+00  6.283E+00
  9.941E-03  9.941E-03  0.000E+00  0.000E+00  6.283E+00  6.283E+00
  1.083E-02  1.083E-02  0.000E+00  0.000E+00  6.283E+00  6.283E+00
  1.179E-02  1.179E-02  0.000E+00  0.000E+00  6.283E+00  6.283E+00
  1.284E-02  1.284E-02  0.000E+00  0.000E+00  6.283E+00  6.283E+00
  1.398E-02  1.398E-02  0.000E+00  0.000E+00  6.283E+00  6.283E+00
  1.522E-02  1.522E-02  0.000E+00  0.000E+00  6.283E+00  6.283E+00
  1.657E-02  1.657E-02  0.000E+00  0.000E+00  6.283E+00  6.283E+00
  1.805E-02  1.805E-02  0.000E+00  0.000E+00  6.283E+00  6.283E+00
  1.965E-02  1.965E-02  0.000E+00  0.000E+00  6.283E+00  6.283E+00
  2.140E-02  2.140E-02  0.000E+00  0.000E+00  6.283E+00  6.283E+00
  2.330E-02  2.330E-02  0.000E+00  0.000E+00  6.283E+00  6.283E+00
  2.537E-02  2.537E-02  0.000E+00  0.000E+00  6.283E+00  6.283E+00
  2.763E-02  2.763E-02  0.000E+00  0.000E+00  6.283E+00  6.283E+00
  3.008E-02  3.008E-02  0.000E+00  0.000E+00  6.283E+00  6.283E+00
  3.276E-02  3.276E-02  0.000E+00  0.000E+00  6.283E+00  6.283E+00
  3.567E-02  3.567E-02  0.000E+00  0.000E+00  6.283E+00  6.283E+00
  3.884E-02  3.884E-02  0.000E+00  0.000E+00  6.283E+00  6.283E+00
  4.229E-02  4.229E-02  0.000E+00  0.000E+00  6.283E+00  6.283E+00
  4.605E-02  4.605E-02  0.000E+00  0.000E+00  6.283E+00  6.283E+00
  5.015E-02  5.015E-02  0.000E+00  0.000E+00  6.283E+00  6.283E+00
  5.461E-02  5.461E-02  0.000E+00  0.000E+00  6.283E+00  6.283E+00
  5.946E-02  5.946E-02  0.000E+00  0.000E+00  6.283E+00  6.283E+00
  6.475E-02  6.475E-02  0.000E+00  0.000E+00  6.283E+00  6.283E+00
  7.050E-02  7.050E-02  0.000E+00  0.000E+00  6.283E+00  6.283E+00
  7.677E-02  7.677E-02  0.000E+00  0.000E+00  6.283E+00  6.283E+00
  8.360E-02  8.360E-02  0.000E+00  0.000E+00  6.283E+00  6.283E+00
  9.103E-02  9.103E-02  0.000E+00  0.000E+00  6.283E+00  6.283E+00
  9.912E-02  9.912E-02  0.000E+00  0.000E+00  6.283E+00  6.283E+00
  1.079E-01  1.079E-01  0.000E+00  0.000E+00  6.283E+00  6.283E+00
  1.175E-01  1.175E-01  0.000E+00  0.000E+00  6.283E+00  6.283E+00
  1.280E-01  1.280E-01  0.000E+00  0.000E+00  6.283E+00  6.283E+00
  1.394E-01  1.394E-01  0.000E+00  0.000E+00  6.283E+00  6.283E+00
  1.517E-01  1.517E-01  0.000E+00  0.000E+00  6.283E+00  6.283E+00
  1.652E-01  1.652E-01  0.000E+00  0.000E+00  6.283E+00  6.283E+00
  1.799E-01  1.799E-01  0.000E+00  0.000E+00  6.283E+00  6.283E+00
  1.959E-01  1.959E-01  0.000E+00  0.000E+00  6.283E+00  6.283E+00
  2.133E-01  2.133E-01  0.000E+00  0.000E+00  6.283E+00  6.283E+00
  2.323E-01  2.323E-01  0.000E+00  0.000E+00  6.283E+00  6.283E+00
  2.530E-01  2.530E-01  0.000E+00  0.000E+00  6.283E+00  6.283E+00
  2.754E-01  2.754E-01  0.000E+00  0.000E+00  6.283E+00  6.283E+00
  2.999E-01  2.999E-01  0.000E+00  0.000E+00  6.283E+00  6.283E+00
  3.266E-01  3.266E-01  0.000E+00  0.000E+00  6.283E+00  6.283E+00
  3.556E-01  3.556E-01  0.000E+00  0.000E+00  6.283E+00  6.283E+00
  3.873E-01  3.873E-01  0.000E+00  0.000E+00  6.283E+00  6.283E+00
  4.217E-01  4.217E-01  0.000E+00  0.000E+00  6.283E+00  6.283E+00
  4.592E-01  4.592E-01  0.000E+00  0.000E+00  6.283E+00  6.283E+00
  5.000E-01  5.000E-01  0.000E+00  0.000E+00  6.283E+00  6.283E+00
