 # Detector n:            1   BdxCHad   (integrated over solid angle)
 # N. of energy intervals         100
  1.000E-04  1.089E-04  0.000E+00  0.000E+00
  1.089E-04  1.186E-04  0.000E+00  0.000E+00
  1.186E-04  1.291E-04  0.000E+00  0.000E+00
  1.291E-04  1.406E-04  0.000E+00  0.000E+00
  1.406E-04  1.531E-04  8.645E-07  9.900E+01
  1.531E-04  1.667E-04  0.000E+00  0.000E+00
  1.667E-04  1.815E-04  0.000E+00  0.000E+00
  1.815E-04  1.977E-04  6.623E-07  9.900E+01
  1.977E-04  2.152E-04  7.185E-07  9.900E+01
  2.152E-04  2.344E-04  1.235E-06  9.900E+01
  2.344E-04  2.552E-04  0.000E+00  0.000E+00
  2.552E-04  2.779E-04  1.087E-06  9.900E+01
  2.779E-04  3.026E-04  1.191E-06  9.900E+01
  3.026E-04  3.295E-04  0.000E+00  0.000E+00
  3.295E-04  3.588E-04  7.715E-07  9.900E+01
  3.588E-04  3.907E-04  0.000E+00  0.000E+00
  3.907E-04  4.254E-04  0.000E+00  0.000E+00
  4.254E-04  4.632E-04  3.186E-06  5.283E+01
  4.632E-04  5.044E-04  1.322E-06  4.970E+01
  5.044E-04  5.493E-04  0.000E+00  0.000E+00
  5.493E-04  5.981E-04  2.570E-07  9.900E+01
  5.981E-04  6.513E-04  1.265E-06  6.137E+01
  6.513E-04  7.092E-04  7.353E-07  7.320E+01
  7.092E-04  7.722E-04  2.015E-06  5.745E+01
  7.722E-04  8.409E-04  7.079E-07  7.294E+01
  8.409E-04  9.157E-04  1.185E-06  3.184E+01
  9.157E-04  9.971E-04  7.936E-07  6.134E+01
  9.971E-04  1.086E-03  9.787E-07  3.428E+01
  1.086E-03  1.182E-03  7.360E-07  3.401E+01
  1.182E-03  1.287E-03  7.108E-07  4.939E+01
  1.287E-03  1.402E-03  3.617E-07  6.737E+01
  1.402E-03  1.526E-03  7.727E-07  2.429E+01
  1.526E-03  1.662E-03  6.655E-07  5.883E+01
  1.662E-03  1.810E-03  1.627E-06  4.390E+01
  1.810E-03  1.971E-03  1.797E-06  2.823E+01
  1.971E-03  2.146E-03  1.590E-06  2.256E+01
  2.146E-03  2.337E-03  1.870E-06  4.361E+01
  2.337E-03  2.545E-03  2.858E-06  1.199E+01
  2.545E-03  2.771E-03  2.222E-06  2.038E+01
  2.771E-03  3.017E-03  1.882E-06  1.238E+01
  3.017E-03  3.285E-03  2.612E-06  2.889E+01
  3.285E-03  3.577E-03  2.707E-06  1.418E+01
  3.577E-03  3.895E-03  3.103E-06  2.318E+01
  3.895E-03  4.242E-03  2.191E-06  5.392E+00
  4.242E-03  4.619E-03  2.165E-06  2.655E+01
  4.619E-03  5.030E-03  2.206E-06  1.458E+01
  5.030E-03  5.477E-03  2.947E-06  2.033E+01
  5.477E-03  5.964E-03  2.908E-06  7.815E+00
  5.964E-03  6.494E-03  3.548E-06  1.545E+01
  6.494E-03  7.071E-03  3.117E-06  1.461E+01
  7.071E-03  7.700E-03  3.500E-06  1.319E+01
  7.700E-03  8.384E-03  4.165E-06  1.043E+01
  8.384E-03  9.130E-03  3.961E-06  6.825E+00
  9.130E-03  9.941E-03  3.309E-06  6.678E+00
  9.941E-03  1.083E-02  4.233E-06  1.049E+01
  1.083E-02  1.179E-02  4.809E-06  8.521E+00
  1.179E-02  1.284E-02  4.719E-06  1.140E+01
  1.284E-02  1.398E-02  5.187E-06  7.402E+00
  1.398E-02  1.522E-02  4.668E-06  1.164E+01
  1.522E-02  1.657E-02  5.177E-06  8.672E+00
  1.657E-02  1.805E-02  5.939E-06  3.958E+00
  1.805E-02  1.965E-02  6.161E-06  4.117E+00
  1.965E-02  2.140E-02  6.170E-06  2.515E+00
  2.140E-02  2.330E-02  6.233E-06  5.125E+00
  2.330E-02  2.537E-02  6.711E-06  2.636E+00
  2.537E-02  2.763E-02  7.226E-06  2.482E+00
  2.763E-02  3.008E-02  7.671E-06  5.157E+00
  3.008E-02  3.276E-02  7.694E-06  4.169E+00
  3.276E-02  3.567E-02  7.817E-06  2.426E+00
  3.567E-02  3.884E-02  7.984E-06  2.754E+00
  3.884E-02  4.229E-02  7.717E-06  2.142E+00
  4.229E-02  4.605E-02  8.053E-06  5.104E+00
  4.605E-02  5.015E-02  8.898E-06  3.192E+00
  5.015E-02  5.461E-02  8.678E-06  2.496E+00
  5.461E-02  5.946E-02  8.774E-06  1.222E+00
  5.946E-02  6.475E-02  8.802E-06  2.885E+00
  6.475E-02  7.050E-02  9.028E-06  3.805E+00
  7.050E-02  7.677E-02  8.894E-06  2.558E+00
  7.677E-02  8.360E-02  8.270E-06  1.096E+00
  8.360E-02  9.103E-02  8.421E-06  1.059E+00
  9.103E-02  9.912E-02  8.489E-06  2.185E+00
  9.912E-02  1.079E-01  8.324E-06  9.271E-01
  1.079E-01  1.175E-01  7.540E-06  9.619E-01
  1.175E-01  1.280E-01  7.547E-06  2.533E+00
  1.280E-01  1.394E-01  6.955E-06  1.381E+00
  1.394E-01  1.517E-01  6.306E-06  2.342E+00
  1.517E-01  1.652E-01  6.039E-06  1.125E+00
  1.652E-01  1.799E-01  5.476E-06  1.136E+00
  1.799E-01  1.959E-01  4.857E-06  5.913E-01
  1.959E-01  2.133E-01  4.364E-06  1.420E+00
  2.133E-01  2.323E-01  3.921E-06  1.141E+00
  2.323E-01  2.530E-01  3.569E-06  1.295E+00
  2.530E-01  2.754E-01  3.110E-06  1.535E+00
  2.754E-01  2.999E-01  2.847E-06  1.738E+00
  2.999E-01  3.266E-01  2.730E-06  1.266E+00
  3.266E-01  3.556E-01  2.800E-06  1.127E+00
  3.556E-01  3.873E-01  2.904E-06  1.381E+00
  3.873E-01  4.217E-01  3.282E-06  1.266E+00
  4.217E-01  4.592E-01  3.857E-06  3.380E-01
  4.592E-01  5.000E-01  2.708E-06  4.715E-01


 # double differential distributions
 # number of solid angle intervals           1
 # Block n:            1     0.00000000      :   6.28318548    
  1.000E-04  1.089E-04  0.000E+00  0.000E+00  0.000E+00  6.283E+00
  1.089E-04  1.186E-04  0.000E+00  0.000E+00  0.000E+00  6.283E+00
  1.186E-04  1.291E-04  0.000E+00  0.000E+00  0.000E+00  6.283E+00
  1.291E-04  1.406E-04  0.000E+00  0.000E+00  0.000E+00  6.283E+00
  1.406E-04  1.531E-04  1.376E-07  9.900E+01  0.000E+00  6.283E+00
  1.531E-04  1.667E-04  0.000E+00  0.000E+00  0.000E+00  6.283E+00
  1.667E-04  1.815E-04  0.000E+00  0.000E+00  0.000E+00  6.283E+00
  1.815E-04  1.977E-04  1.054E-07  9.900E+01  0.000E+00  6.283E+00
  1.977E-04  2.152E-04  1.143E-07  9.900E+01  0.000E+00  6.283E+00
  2.152E-04  2.344E-04  1.965E-07  9.900E+01  0.000E+00  6.283E+00
  2.344E-04  2.552E-04  0.000E+00  0.000E+00  0.000E+00  6.283E+00
  2.552E-04  2.779E-04  1.730E-07  9.900E+01  0.000E+00  6.283E+00
  2.779E-04  3.026E-04  1.895E-07  9.900E+01  0.000E+00  6.283E+00
  3.026E-04  3.295E-04  0.000E+00  0.000E+00  0.000E+00  6.283E+00
  3.295E-04  3.588E-04  1.228E-07  9.900E+01  0.000E+00  6.283E+00
  3.588E-04  3.907E-04  0.000E+00  0.000E+00  0.000E+00  6.283E+00
  3.907E-04  4.254E-04  0.000E+00  0.000E+00  0.000E+00  6.283E+00
  4.254E-04  4.632E-04  5.070E-07  5.283E+01  0.000E+00  6.283E+00
  4.632E-04  5.044E-04  2.104E-07  4.970E+01  0.000E+00  6.283E+00
  5.044E-04  5.493E-04  0.000E+00  0.000E+00  0.000E+00  6.283E+00
  5.493E-04  5.981E-04  4.091E-08  9.900E+01  0.000E+00  6.283E+00
  5.981E-04  6.513E-04  2.013E-07  6.137E+01  0.000E+00  6.283E+00
  6.513E-04  7.092E-04  1.170E-07  7.320E+01  0.000E+00  6.283E+00
  7.092E-04  7.722E-04  3.207E-07  5.745E+01  0.000E+00  6.283E+00
  7.722E-04  8.409E-04  1.127E-07  7.294E+01  0.000E+00  6.283E+00
  8.409E-04  9.157E-04  1.885E-07  3.184E+01  0.000E+00  6.283E+00
  9.157E-04  9.971E-04  1.263E-07  6.134E+01  0.000E+00  6.283E+00
  9.971E-04  1.086E-03  1.558E-07  3.428E+01  0.000E+00  6.283E+00
  1.086E-03  1.182E-03  1.171E-07  3.401E+01  0.000E+00  6.283E+00
  1.182E-03  1.287E-03  1.131E-07  4.939E+01  0.000E+00  6.283E+00
  1.287E-03  1.402E-03  5.756E-08  6.737E+01  0.000E+00  6.283E+00
  1.402E-03  1.526E-03  1.230E-07  2.429E+01  0.000E+00  6.283E+00
  1.526E-03  1.662E-03  1.059E-07  5.883E+01  0.000E+00  6.283E+00
  1.662E-03  1.810E-03  2.590E-07  4.390E+01  0.000E+00  6.283E+00
  1.810E-03  1.971E-03  2.860E-07  2.823E+01  0.000E+00  6.283E+00
  1.971E-03  2.146E-03  2.531E-07  2.256E+01  0.000E+00  6.283E+00
  2.146E-03  2.337E-03  2.977E-07  4.361E+01  0.000E+00  6.283E+00
  2.337E-03  2.545E-03  4.549E-07  1.199E+01  0.000E+00  6.283E+00
  2.545E-03  2.771E-03  3.536E-07  2.038E+01  0.000E+00  6.283E+00
  2.771E-03  3.017E-03  2.995E-07  1.238E+01  0.000E+00  6.283E+00
  3.017E-03  3.285E-03  4.157E-07  2.889E+01  0.000E+00  6.283E+00
  3.285E-03  3.577E-03  4.308E-07  1.418E+01  0.000E+00  6.283E+00
  3.577E-03  3.895E-03  4.939E-07  2.318E+01  0.000E+00  6.283E+00
  3.895E-03  4.242E-03  3.487E-07  5.392E+00  0.000E+00  6.283E+00
  4.242E-03  4.619E-03  3.446E-07  2.655E+01  0.000E+00  6.283E+00
  4.619E-03  5.030E-03  3.510E-07  1.458E+01  0.000E+00  6.283E+00
  5.030E-03  5.477E-03  4.690E-07  2.033E+01  0.000E+00  6.283E+00
  5.477E-03  5.964E-03  4.628E-07  7.815E+00  0.000E+00  6.283E+00
  5.964E-03  6.494E-03  5.647E-07  1.545E+01  0.000E+00  6.283E+00
  6.494E-03  7.071E-03  4.961E-07  1.461E+01  0.000E+00  6.283E+00
  7.071E-03  7.700E-03  5.571E-07  1.319E+01  0.000E+00  6.283E+00
  7.700E-03  8.384E-03  6.629E-07  1.043E+01  0.000E+00  6.283E+00
  8.384E-03  9.130E-03  6.303E-07  6.825E+00  0.000E+00  6.283E+00
  9.130E-03  9.941E-03  5.266E-07  6.678E+00  0.000E+00  6.283E+00
  9.941E-03  1.083E-02  6.737E-07  1.049E+01  0.000E+00  6.283E+00
  1.083E-02  1.179E-02  7.654E-07  8.521E+00  0.000E+00  6.283E+00
  1.179E-02  1.284E-02  7.511E-07  1.140E+01  0.000E+00  6.283E+00
  1.284E-02  1.398E-02  8.255E-07  7.402E+00  0.000E+00  6.283E+00
  1.398E-02  1.522E-02  7.429E-07  1.164E+01  0.000E+00  6.283E+00
  1.522E-02  1.657E-02  8.240E-07  8.672E+00  0.000E+00  6.283E+00
  1.657E-02  1.805E-02  9.453E-07  3.958E+00  0.000E+00  6.283E+00
  1.805E-02  1.965E-02  9.806E-07  4.117E+00  0.000E+00  6.283E+00
  1.965E-02  2.140E-02  9.819E-07  2.515E+00  0.000E+00  6.283E+00
  2.140E-02  2.330E-02  9.920E-07  5.125E+00  0.000E+00  6.283E+00
  2.330E-02  2.537E-02  1.068E-06  2.636E+00  0.000E+00  6.283E+00
  2.537E-02  2.763E-02  1.150E-06  2.482E+00  0.000E+00  6.283E+00
  2.763E-02  3.008E-02  1.221E-06  5.157E+00  0.000E+00  6.283E+00
  3.008E-02  3.276E-02  1.225E-06  4.169E+00  0.000E+00  6.283E+00
  3.276E-02  3.567E-02  1.244E-06  2.426E+00  0.000E+00  6.283E+00
  3.567E-02  3.884E-02  1.271E-06  2.754E+00  0.000E+00  6.283E+00
  3.884E-02  4.229E-02  1.228E-06  2.142E+00  0.000E+00  6.283E+00
  4.229E-02  4.605E-02  1.282E-06  5.104E+00  0.000E+00  6.283E+00
  4.605E-02  5.015E-02  1.416E-06  3.192E+00  0.000E+00  6.283E+00
  5.015E-02  5.461E-02  1.381E-06  2.496E+00  0.000E+00  6.283E+00
  5.461E-02  5.946E-02  1.396E-06  1.222E+00  0.000E+00  6.283E+00
  5.946E-02  6.475E-02  1.401E-06  2.885E+00  0.000E+00  6.283E+00
  6.475E-02  7.050E-02  1.437E-06  3.805E+00  0.000E+00  6.283E+00
  7.050E-02  7.677E-02  1.416E-06  2.558E+00  0.000E+00  6.283E+00
  7.677E-02  8.360E-02  1.316E-06  1.096E+00  0.000E+00  6.283E+00
  8.360E-02  9.103E-02  1.340E-06  1.059E+00  0.000E+00  6.283E+00
  9.103E-02  9.912E-02  1.351E-06  2.185E+00  0.000E+00  6.283E+00
  9.912E-02  1.079E-01  1.325E-06  9.271E-01  0.000E+00  6.283E+00
  1.079E-01  1.175E-01  1.200E-06  9.619E-01  0.000E+00  6.283E+00
  1.175E-01  1.280E-01  1.201E-06  2.533E+00  0.000E+00  6.283E+00
  1.280E-01  1.394E-01  1.107E-06  1.381E+00  0.000E+00  6.283E+00
  1.394E-01  1.517E-01  1.004E-06  2.342E+00  0.000E+00  6.283E+00
  1.517E-01  1.652E-01  9.611E-07  1.125E+00  0.000E+00  6.283E+00
  1.652E-01  1.799E-01  8.715E-07  1.136E+00  0.000E+00  6.283E+00
  1.799E-01  1.959E-01  7.731E-07  5.913E-01  0.000E+00  6.283E+00
  1.959E-01  2.133E-01  6.945E-07  1.420E+00  0.000E+00  6.283E+00
  2.133E-01  2.323E-01  6.240E-07  1.141E+00  0.000E+00  6.283E+00
  2.323E-01  2.530E-01  5.680E-07  1.295E+00  0.000E+00  6.283E+00
  2.530E-01  2.754E-01  4.950E-07  1.535E+00  0.000E+00  6.283E+00
  2.754E-01  2.999E-01  4.532E-07  1.738E+00  0.000E+00  6.283E+00
  2.999E-01  3.266E-01  4.346E-07  1.266E+00  0.000E+00  6.283E+00
  3.266E-01  3.556E-01  4.456E-07  1.127E+00  0.000E+00  6.283E+00
  3.556E-01  3.873E-01  4.622E-07  1.381E+00  0.000E+00  6.283E+00
  3.873E-01  4.217E-01  5.223E-07  1.266E+00  0.000E+00  6.283E+00
  4.217E-01  4.592E-01  6.139E-07  3.380E-01  0.000E+00  6.283E+00
  4.592E-01  5.000E-01  4.309E-07  4.715E-01  0.000E+00  6.283E+00
  5.000E-01  5.000E-01  0.000E+00  0.000E+00  0.000E+00  6.283E+00

  1.000E-04  1.000E-04  0.000E+00  0.000E+00  6.283E+00  6.283E+00
  1.089E-04  1.089E-04  0.000E+00  0.000E+00  6.283E+00  6.283E+00
  1.186E-04  1.186E-04  0.000E+00  0.000E+00  6.283E+00  6.283E+00
  1.291E-04  1.291E-04  0.000E+00  0.000E+00  6.283E+00  6.283E+00
  1.406E-04  1.406E-04  0.000E+00  0.000E+00  6.283E+00  6.283E+00
  1.531E-04  1.531E-04  0.000E+00  0.000E+00  6.283E+00  6.283E+00
  1.667E-04  1.667E-04  0.000E+00  0.000E+00  6.283E+00  6.283E+00
  1.815E-04  1.815E-04  0.000E+00  0.000E+00  6.283E+00  6.283E+00
  1.977E-04  1.977E-04  0.000E+00  0.000E+00  6.283E+00  6.283E+00
  2.152E-04  2.152E-04  0.000E+00  0.000E+00  6.283E+00  6.283E+00
  2.344E-04  2.344E-04  0.000E+00  0.000E+00  6.283E+00  6.283E+00
  2.552E-04  2.552E-04  0.000E+00  0.000E+00  6.283E+00  6.283E+00
  2.779E-04  2.779E-04  0.000E+00  0.000E+00  6.283E+00  6.283E+00
  3.026E-04  3.026E-04  0.000E+00  0.000E+00  6.283E+00  6.283E+00
  3.295E-04  3.295E-04  0.000E+00  0.000E+00  6.283E+00  6.283E+00
  3.588E-04  3.588E-04  0.000E+00  0.000E+00  6.283E+00  6.283E+00
  3.907E-04  3.907E-04  0.000E+00  0.000E+00  6.283E+00  6.283E+00
  4.254E-04  4.254E-04  0.000E+00  0.000E+00  6.283E+00  6.283E+00
  4.632E-04  4.632E-04  0.000E+00  0.000E+00  6.283E+00  6.283E+00
  5.044E-04  5.044E-04  0.000E+00  0.000E+00  6.283E+00  6.283E+00
  5.493E-04  5.493E-04  0.000E+00  0.000E+00  6.283E+00  6.283E+00
  5.981E-04  5.981E-04  0.000E+00  0.000E+00  6.283E+00  6.283E+00
  6.513E-04  6.513E-04  0.000E+00  0.000E+00  6.283E+00  6.283E+00
  7.092E-04  7.092E-04  0.000E+00  0.000E+00  6.283E+00  6.283E+00
  7.722E-04  7.722E-04  0.000E+00  0.000E+00  6.283E+00  6.283E+00
  8.409E-04  8.409E-04  0.000E+00  0.000E+00  6.283E+00  6.283E+00
  9.157E-04  9.157E-04  0.000E+00  0.000E+00  6.283E+00  6.283E+00
  9.971E-04  9.971E-04  0.000E+00  0.000E+00  6.283E+00  6.283E+00
  1.086E-03  1.086E-03  0.000E+00  0.000E+00  6.283E+00  6.283E+00
  1.182E-03  1.182E-03  0.000E+00  0.000E+00  6.283E+00  6.283E+00
  1.287E-03  1.287E-03  0.000E+00  0.000E+00  6.283E+00  6.283E+00
  1.402E-03  1.402E-03  0.000E+00  0.000E+00  6.283E+00  6.283E+00
  1.526E-03  1.526E-03  0.000E+00  0.000E+00  6.283E+00  6.283E+00
  1.662E-03  1.662E-03  0.000E+00  0.000E+00  6.283E+00  6.283E+00
  1.810E-03  1.810E-03  0.000E+00  0.000E+00  6.283E+00  6.283E+00
  1.971E-03  1.971E-03  0.000E+00  0.000E+00  6.283E+00  6.283E+00
  2.146E-03  2.146E-03  0.000E+00  0.000E+00  6.283E+00  6.283E+00
  2.337E-03  2.337E-03  0.000E+00  0.000E+00  6.283E+00  6.283E+00
  2.545E-03  2.545E-03  0.000E+00  0.000E+00  6.283E+00  6.283E+00
  2.771E-03  2.771E-03  0.000E+00  0.000E+00  6.283E+00  6.283E+00
  3.017E-03  3.017E-03  0.000E+00  0.000E+00  6.283E+00  6.283E+00
  3.285E-03  3.285E-03  0.000E+00  0.000E+00  6.283E+00  6.283E+00
  3.577E-03  3.577E-03  0.000E+00  0.000E+00  6.283E+00  6.283E+00
  3.895E-03  3.895E-03  0.000E+00  0.000E+00  6.283E+00  6.283E+00
  4.242E-03  4.242E-03  0.000E+00  0.000E+00  6.283E+00  6.283E+00
  4.619E-03  4.619E-03  0.000E+00  0.000E+00  6.283E+00  6.283E+00
  5.030E-03  5.030E-03  0.000E+00  0.000E+00  6.283E+00  6.283E+00
  5.477E-03  5.477E-03  0.000E+00  0.000E+00  6.283E+00  6.283E+00
  5.964E-03  5.964E-03  0.000E+00  0.000E+00  6.283E+00  6.283E+00
  6.494E-03  6.494E-03  0.000E+00  0.000E+00  6.283E+00  6.283E+00
  7.071E-03  7.071E-03  0.000E+00  0.000E+00  6.283E+00  6.283E+00
  7.700E-03  7.700E-03  0.000E+00  0.000E+00  6.283E+00  6.283E+00
  8.384E-03  8.384E-03  0.000E+00  0.000E+00  6.283E+00  6.283E+00
  9.130E-03  9.130E-03  0.000E+00  0.000E+00  6.283E+00  6.283E+00
  9.941E-03  9.941E-03  0.000E+00  0.000E+00  6.283E+00  6.283E+00
  1.083E-02  1.083E-02  0.000E+00  0.000E+00  6.283E+00  6.283E+00
  1.179E-02  1.179E-02  0.000E+00  0.000E+00  6.283E+00  6.283E+00
  1.284E-02  1.284E-02  0.000E+00  0.000E+00  6.283E+00  6.283E+00
  1.398E-02  1.398E-02  0.000E+00  0.000E+00  6.283E+00  6.283E+00
  1.522E-02  1.522E-02  0.000E+00  0.000E+00  6.283E+00  6.283E+00
  1.657E-02  1.657E-02  0.000E+00  0.000E+00  6.283E+00  6.283E+00
  1.805E-02  1.805E-02  0.000E+00  0.000E+00  6.283E+00  6.283E+00
  1.965E-02  1.965E-02  0.000E+00  0.000E+00  6.283E+00  6.283E+00
  2.140E-02  2.140E-02  0.000E+00  0.000E+00  6.283E+00  6.283E+00
  2.330E-02  2.330E-02  0.000E+00  0.000E+00  6.283E+00  6.283E+00
  2.537E-02  2.537E-02  0.000E+00  0.000E+00  6.283E+00  6.283E+00
  2.763E-02  2.763E-02  0.000E+00  0.000E+00  6.283E+00  6.283E+00
  3.008E-02  3.008E-02  0.000E+00  0.000E+00  6.283E+00  6.283E+00
  3.276E-02  3.276E-02  0.000E+00  0.000E+00  6.283E+00  6.283E+00
  3.567E-02  3.567E-02  0.000E+00  0.000E+00  6.283E+00  6.283E+00
  3.884E-02  3.884E-02  0.000E+00  0.000E+00  6.283E+00  6.283E+00
  4.229E-02  4.229E-02  0.000E+00  0.000E+00  6.283E+00  6.283E+00
  4.605E-02  4.605E-02  0.000E+00  0.000E+00  6.283E+00  6.283E+00
  5.015E-02  5.015E-02  0.000E+00  0.000E+00  6.283E+00  6.283E+00
  5.461E-02  5.461E-02  0.000E+00  0.000E+00  6.283E+00  6.283E+00
  5.946E-02  5.946E-02  0.000E+00  0.000E+00  6.283E+00  6.283E+00
  6.475E-02  6.475E-02  0.000E+00  0.000E+00  6.283E+00  6.283E+00
  7.050E-02  7.050E-02  0.000E+00  0.000E+00  6.283E+00  6.283E+00
  7.677E-02  7.677E-02  0.000E+00  0.000E+00  6.283E+00  6.283E+00
  8.360E-02  8.360E-02  0.000E+00  0.000E+00  6.283E+00  6.283E+00
  9.103E-02  9.103E-02  0.000E+00  0.000E+00  6.283E+00  6.283E+00
  9.912E-02  9.912E-02  0.000E+00  0.000E+00  6.283E+00  6.283E+00
  1.079E-01  1.079E-01  0.000E+00  0.000E+00  6.283E+00  6.283E+00
  1.175E-01  1.175E-01  0.000E+00  0.000E+00  6.283E+00  6.283E+00
  1.280E-01  1.280E-01  0.000E+00  0.000E+00  6.283E+00  6.283E+00
  1.394E-01  1.394E-01  0.000E+00  0.000E+00  6.283E+00  6.283E+00
  1.517E-01  1.517E-01  0.000E+00  0.000E+00  6.283E+00  6.283E+00
  1.652E-01  1.652E-01  0.000E+00  0.000E+00  6.283E+00  6.283E+00
  1.799E-01  1.799E-01  0.000E+00  0.000E+00  6.283E+00  6.283E+00
  1.959E-01  1.959E-01  0.000E+00  0.000E+00  6.283E+00  6.283E+00
  2.133E-01  2.133E-01  0.000E+00  0.000E+00  6.283E+00  6.283E+00
  2.323E-01  2.323E-01  0.000E+00  0.000E+00  6.283E+00  6.283E+00
  2.530E-01  2.530E-01  0.000E+00  0.000E+00  6.283E+00  6.283E+00
  2.754E-01  2.754E-01  0.000E+00  0.000E+00  6.283E+00  6.283E+00
  2.999E-01  2.999E-01  0.000E+00  0.000E+00  6.283E+00  6.283E+00
  3.266E-01  3.266E-01  0.000E+00  0.000E+00  6.283E+00  6.283E+00
  3.556E-01  3.556E-01  0.000E+00  0.000E+00  6.283E+00  6.283E+00
  3.873E-01  3.873E-01  0.000E+00  0.000E+00  6.283E+00  6.283E+00
  4.217E-01  4.217E-01  0.000E+00  0.000E+00  6.283E+00  6.283E+00
  4.592E-01  4.592E-01  0.000E+00  0.000E+00  6.283E+00  6.283E+00
  5.000E-01  5.000E-01  0.000E+00  0.000E+00  6.283E+00  6.283E+00
