 # Detector n:            1   BdxCHad   (integrated over solid angle)
 # N. of energy intervals         100
  1.000E-04  1.089E-04  1.352E-05  8.930E+01
  1.089E-04  1.186E-04  2.666E-06  9.900E+01
  1.186E-04  1.291E-04  0.000E+00  0.000E+00
  1.291E-04  1.406E-04  8.478E-06  3.304E+01
  1.406E-04  1.531E-04  3.126E-06  6.377E+01
  1.531E-04  1.667E-04  0.000E+00  0.000E+00
  1.667E-04  1.815E-04  8.300E-07  9.900E+01
  1.815E-04  1.977E-04  0.000E+00  0.000E+00
  1.977E-04  2.152E-04  0.000E+00  0.000E+00
  2.152E-04  2.344E-04  2.196E-06  9.900E+01
  2.344E-04  2.552E-04  2.602E-06  4.391E+01
  2.552E-04  2.779E-04  1.788E-06  7.212E+01
  2.779E-04  3.026E-04  1.496E-06  9.900E+01
  3.026E-04  3.295E-04  8.568E-07  6.183E+01
  3.295E-04  3.588E-04  1.259E-06  9.900E+01
  3.588E-04  3.907E-04  8.886E-07  9.900E+01
  3.907E-04  4.254E-04  2.494E-06  3.244E+01
  4.254E-04  4.632E-04  7.396E-07  9.900E+01
  4.632E-04  5.044E-04  1.541E-06  4.269E+01
  5.044E-04  5.493E-04  1.771E-06  4.843E+01
  5.493E-04  5.981E-04  1.632E-06  3.679E+01
  5.981E-04  6.513E-04  1.957E-06  3.840E+01
  6.513E-04  7.092E-04  8.217E-07  7.485E+01
  7.092E-04  7.722E-04  2.629E-06  2.716E+01
  7.722E-04  8.409E-04  9.711E-07  3.721E+01
  8.409E-04  9.157E-04  1.167E-06  4.420E+01
  9.157E-04  9.971E-04  7.763E-07  5.884E+01
  9.971E-04  1.086E-03  3.469E-06  4.036E+01
  1.086E-03  1.182E-03  2.916E-06  1.286E+01
  1.182E-03  1.287E-03  3.297E-06  2.643E+01
  1.287E-03  1.402E-03  3.049E-06  1.971E+01
  1.402E-03  1.526E-03  2.905E-06  2.257E+01
  1.526E-03  1.662E-03  4.965E-06  4.166E+01
  1.662E-03  1.810E-03  3.465E-06  1.671E+01
  1.810E-03  1.971E-03  3.795E-06  1.417E+01
  1.971E-03  2.146E-03  3.504E-06  8.024E+00
  2.146E-03  2.337E-03  3.473E-06  1.027E+01
  2.337E-03  2.545E-03  4.089E-06  1.595E+01
  2.545E-03  2.771E-03  4.872E-06  1.663E+01
  2.771E-03  3.017E-03  4.939E-06  1.261E+01
  3.017E-03  3.285E-03  5.390E-06  4.805E+00
  3.285E-03  3.577E-03  4.864E-06  1.530E+01
  3.577E-03  3.895E-03  5.054E-06  6.587E+00
  3.895E-03  4.242E-03  5.514E-06  1.101E+01
  4.242E-03  4.619E-03  6.537E-06  4.132E+00
  4.619E-03  5.030E-03  5.709E-06  1.029E+01
  5.030E-03  5.477E-03  5.596E-06  1.009E+01
  5.477E-03  5.964E-03  7.328E-06  7.086E+00
  5.964E-03  6.494E-03  7.293E-06  8.008E+00
  6.494E-03  7.071E-03  6.803E-06  6.946E+00
  7.071E-03  7.700E-03  7.376E-06  4.879E+00
  7.700E-03  8.384E-03  8.127E-06  7.396E+00
  8.384E-03  9.130E-03  8.263E-06  5.019E+00
  9.130E-03  9.941E-03  8.508E-06  6.154E+00
  9.941E-03  1.083E-02  9.193E-06  1.259E+00
  1.083E-02  1.179E-02  9.009E-06  3.195E+00
  1.179E-02  1.284E-02  9.526E-06  2.791E+00
  1.284E-02  1.398E-02  8.998E-06  3.242E+00
  1.398E-02  1.522E-02  9.565E-06  2.452E+00
  1.522E-02  1.657E-02  9.176E-06  2.458E+00
  1.657E-02  1.805E-02  9.789E-06  8.175E-01
  1.805E-02  1.965E-02  9.332E-06  4.468E+00
  1.965E-02  2.140E-02  9.744E-06  1.991E+00
  2.140E-02  2.330E-02  9.337E-06  2.747E+00
  2.330E-02  2.537E-02  9.500E-06  2.803E+00
  2.537E-02  2.763E-02  8.917E-06  1.390E+00
  2.763E-02  3.008E-02  8.636E-06  1.688E+00
  3.008E-02  3.276E-02  8.145E-06  1.639E+00
  3.276E-02  3.567E-02  7.143E-06  4.132E+00
  3.567E-02  3.884E-02  6.252E-06  3.177E+00
  3.884E-02  4.229E-02  5.212E-06  1.418E+00
  4.229E-02  4.605E-02  3.408E-06  3.192E+00
  4.605E-02  5.015E-02  1.350E-06  3.194E+00
  5.015E-02  5.461E-02  0.000E+00  0.000E+00
  5.461E-02  5.946E-02  0.000E+00  0.000E+00
  5.946E-02  6.475E-02  0.000E+00  0.000E+00
  6.475E-02  7.050E-02  0.000E+00  0.000E+00
  7.050E-02  7.677E-02  0.000E+00  0.000E+00
  7.677E-02  8.360E-02  0.000E+00  0.000E+00
  8.360E-02  9.103E-02  0.000E+00  0.000E+00
  9.103E-02  9.912E-02  0.000E+00  0.000E+00
  9.912E-02  1.079E-01  0.000E+00  0.000E+00
  1.079E-01  1.175E-01  0.000E+00  0.000E+00
  1.175E-01  1.280E-01  0.000E+00  0.000E+00
  1.280E-01  1.394E-01  0.000E+00  0.000E+00
  1.394E-01  1.517E-01  0.000E+00  0.000E+00
  1.517E-01  1.652E-01  0.000E+00  0.000E+00
  1.652E-01  1.799E-01  0.000E+00  0.000E+00
  1.799E-01  1.959E-01  0.000E+00  0.000E+00
  1.959E-01  2.133E-01  0.000E+00  0.000E+00
  2.133E-01  2.323E-01  0.000E+00  0.000E+00
  2.323E-01  2.530E-01  0.000E+00  0.000E+00
  2.530E-01  2.754E-01  0.000E+00  0.000E+00
  2.754E-01  2.999E-01  0.000E+00  0.000E+00
  2.999E-01  3.266E-01  0.000E+00  0.000E+00
  3.266E-01  3.556E-01  0.000E+00  0.000E+00
  3.556E-01  3.873E-01  0.000E+00  0.000E+00
  3.873E-01  4.217E-01  0.000E+00  0.000E+00
  4.217E-01  4.592E-01  0.000E+00  0.000E+00
  4.592E-01  5.000E-01  0.000E+00  0.000E+00


 # double differential distributions
 # number of solid angle intervals           1
 # Block n:            1     0.00000000      :   6.28318548    
  1.000E-04  1.089E-04  2.152E-06  8.930E+01  0.000E+00  6.283E+00
  1.089E-04  1.186E-04  4.242E-07  9.900E+01  0.000E+00  6.283E+00
  1.186E-04  1.291E-04  0.000E+00  0.000E+00  0.000E+00  6.283E+00
  1.291E-04  1.406E-04  1.349E-06  3.304E+01  0.000E+00  6.283E+00
  1.406E-04  1.531E-04  4.975E-07  6.377E+01  0.000E+00  6.283E+00
  1.531E-04  1.667E-04  0.000E+00  0.000E+00  0.000E+00  6.283E+00
  1.667E-04  1.815E-04  1.321E-07  9.900E+01  0.000E+00  6.283E+00
  1.815E-04  1.977E-04  0.000E+00  0.000E+00  0.000E+00  6.283E+00
  1.977E-04  2.152E-04  0.000E+00  0.000E+00  0.000E+00  6.283E+00
  2.152E-04  2.344E-04  3.496E-07  9.900E+01  0.000E+00  6.283E+00
  2.344E-04  2.552E-04  4.141E-07  4.391E+01  0.000E+00  6.283E+00
  2.552E-04  2.779E-04  2.845E-07  7.212E+01  0.000E+00  6.283E+00
  2.779E-04  3.026E-04  2.380E-07  9.900E+01  0.000E+00  6.283E+00
  3.026E-04  3.295E-04  1.364E-07  6.183E+01  0.000E+00  6.283E+00
  3.295E-04  3.588E-04  2.004E-07  9.900E+01  0.000E+00  6.283E+00
  3.588E-04  3.907E-04  1.414E-07  9.900E+01  0.000E+00  6.283E+00
  3.907E-04  4.254E-04  3.970E-07  3.244E+01  0.000E+00  6.283E+00
  4.254E-04  4.632E-04  1.177E-07  9.900E+01  0.000E+00  6.283E+00
  4.632E-04  5.044E-04  2.453E-07  4.269E+01  0.000E+00  6.283E+00
  5.044E-04  5.493E-04  2.818E-07  4.843E+01  0.000E+00  6.283E+00
  5.493E-04  5.981E-04  2.597E-07  3.679E+01  0.000E+00  6.283E+00
  5.981E-04  6.513E-04  3.115E-07  3.840E+01  0.000E+00  6.283E+00
  6.513E-04  7.092E-04  1.308E-07  7.485E+01  0.000E+00  6.283E+00
  7.092E-04  7.722E-04  4.184E-07  2.716E+01  0.000E+00  6.283E+00
  7.722E-04  8.409E-04  1.546E-07  3.721E+01  0.000E+00  6.283E+00
  8.409E-04  9.157E-04  1.858E-07  4.420E+01  0.000E+00  6.283E+00
  9.157E-04  9.971E-04  1.235E-07  5.884E+01  0.000E+00  6.283E+00
  9.971E-04  1.086E-03  5.521E-07  4.036E+01  0.000E+00  6.283E+00
  1.086E-03  1.182E-03  4.640E-07  1.286E+01  0.000E+00  6.283E+00
  1.182E-03  1.287E-03  5.247E-07  2.643E+01  0.000E+00  6.283E+00
  1.287E-03  1.402E-03  4.852E-07  1.971E+01  0.000E+00  6.283E+00
  1.402E-03  1.526E-03  4.623E-07  2.257E+01  0.000E+00  6.283E+00
  1.526E-03  1.662E-03  7.902E-07  4.166E+01  0.000E+00  6.283E+00
  1.662E-03  1.810E-03  5.514E-07  1.671E+01  0.000E+00  6.283E+00
  1.810E-03  1.971E-03  6.040E-07  1.417E+01  0.000E+00  6.283E+00
  1.971E-03  2.146E-03  5.577E-07  8.024E+00  0.000E+00  6.283E+00
  2.146E-03  2.337E-03  5.528E-07  1.027E+01  0.000E+00  6.283E+00
  2.337E-03  2.545E-03  6.507E-07  1.595E+01  0.000E+00  6.283E+00
  2.545E-03  2.771E-03  7.754E-07  1.663E+01  0.000E+00  6.283E+00
  2.771E-03  3.017E-03  7.861E-07  1.261E+01  0.000E+00  6.283E+00
  3.017E-03  3.285E-03  8.578E-07  4.805E+00  0.000E+00  6.283E+00
  3.285E-03  3.577E-03  7.742E-07  1.530E+01  0.000E+00  6.283E+00
  3.577E-03  3.895E-03  8.044E-07  6.587E+00  0.000E+00  6.283E+00
  3.895E-03  4.242E-03  8.775E-07  1.101E+01  0.000E+00  6.283E+00
  4.242E-03  4.619E-03  1.040E-06  4.132E+00  0.000E+00  6.283E+00
  4.619E-03  5.030E-03  9.086E-07  1.029E+01  0.000E+00  6.283E+00
  5.030E-03  5.477E-03  8.906E-07  1.009E+01  0.000E+00  6.283E+00
  5.477E-03  5.964E-03  1.166E-06  7.086E+00  0.000E+00  6.283E+00
  5.964E-03  6.494E-03  1.161E-06  8.008E+00  0.000E+00  6.283E+00
  6.494E-03  7.071E-03  1.083E-06  6.946E+00  0.000E+00  6.283E+00
  7.071E-03  7.700E-03  1.174E-06  4.879E+00  0.000E+00  6.283E+00
  7.700E-03  8.384E-03  1.293E-06  7.396E+00  0.000E+00  6.283E+00
  8.384E-03  9.130E-03  1.315E-06  5.019E+00  0.000E+00  6.283E+00
  9.130E-03  9.941E-03  1.354E-06  6.154E+00  0.000E+00  6.283E+00
  9.941E-03  1.083E-02  1.463E-06  1.259E+00  0.000E+00  6.283E+00
  1.083E-02  1.179E-02  1.434E-06  3.195E+00  0.000E+00  6.283E+00
  1.179E-02  1.284E-02  1.516E-06  2.791E+00  0.000E+00  6.283E+00
  1.284E-02  1.398E-02  1.432E-06  3.242E+00  0.000E+00  6.283E+00
  1.398E-02  1.522E-02  1.522E-06  2.452E+00  0.000E+00  6.283E+00
  1.522E-02  1.657E-02  1.460E-06  2.458E+00  0.000E+00  6.283E+00
  1.657E-02  1.805E-02  1.558E-06  8.175E-01  0.000E+00  6.283E+00
  1.805E-02  1.965E-02  1.485E-06  4.468E+00  0.000E+00  6.283E+00
  1.965E-02  2.140E-02  1.551E-06  1.991E+00  0.000E+00  6.283E+00
  2.140E-02  2.330E-02  1.486E-06  2.747E+00  0.000E+00  6.283E+00
  2.330E-02  2.537E-02  1.512E-06  2.803E+00  0.000E+00  6.283E+00
  2.537E-02  2.763E-02  1.419E-06  1.390E+00  0.000E+00  6.283E+00
  2.763E-02  3.008E-02  1.374E-06  1.688E+00  0.000E+00  6.283E+00
  3.008E-02  3.276E-02  1.296E-06  1.639E+00  0.000E+00  6.283E+00
  3.276E-02  3.567E-02  1.137E-06  4.132E+00  0.000E+00  6.283E+00
  3.567E-02  3.884E-02  9.951E-07  3.177E+00  0.000E+00  6.283E+00
  3.884E-02  4.229E-02  8.294E-07  1.418E+00  0.000E+00  6.283E+00
  4.229E-02  4.605E-02  5.424E-07  3.192E+00  0.000E+00  6.283E+00
  4.605E-02  5.015E-02  2.149E-07  3.194E+00  0.000E+00  6.283E+00
  5.015E-02  5.461E-02  0.000E+00  0.000E+00  0.000E+00  6.283E+00
  5.461E-02  5.946E-02  0.000E+00  0.000E+00  0.000E+00  6.283E+00
  5.946E-02  6.475E-02  0.000E+00  0.000E+00  0.000E+00  6.283E+00
  6.475E-02  7.050E-02  0.000E+00  0.000E+00  0.000E+00  6.283E+00
  7.050E-02  7.677E-02  0.000E+00  0.000E+00  0.000E+00  6.283E+00
  7.677E-02  8.360E-02  0.000E+00  0.000E+00  0.000E+00  6.283E+00
  8.360E-02  9.103E-02  0.000E+00  0.000E+00  0.000E+00  6.283E+00
  9.103E-02  9.912E-02  0.000E+00  0.000E+00  0.000E+00  6.283E+00
  9.912E-02  1.079E-01  0.000E+00  0.000E+00  0.000E+00  6.283E+00
  1.079E-01  1.175E-01  0.000E+00  0.000E+00  0.000E+00  6.283E+00
  1.175E-01  1.280E-01  0.000E+00  0.000E+00  0.000E+00  6.283E+00
  1.280E-01  1.394E-01  0.000E+00  0.000E+00  0.000E+00  6.283E+00
  1.394E-01  1.517E-01  0.000E+00  0.000E+00  0.000E+00  6.283E+00
  1.517E-01  1.652E-01  0.000E+00  0.000E+00  0.000E+00  6.283E+00
  1.652E-01  1.799E-01  0.000E+00  0.000E+00  0.000E+00  6.283E+00
  1.799E-01  1.959E-01  0.000E+00  0.000E+00  0.000E+00  6.283E+00
  1.959E-01  2.133E-01  0.000E+00  0.000E+00  0.000E+00  6.283E+00
  2.133E-01  2.323E-01  0.000E+00  0.000E+00  0.000E+00  6.283E+00
  2.323E-01  2.530E-01  0.000E+00  0.000E+00  0.000E+00  6.283E+00
  2.530E-01  2.754E-01  0.000E+00  0.000E+00  0.000E+00  6.283E+00
  2.754E-01  2.999E-01  0.000E+00  0.000E+00  0.000E+00  6.283E+00
  2.999E-01  3.266E-01  0.000E+00  0.000E+00  0.000E+00  6.283E+00
  3.266E-01  3.556E-01  0.000E+00  0.000E+00  0.000E+00  6.283E+00
  3.556E-01  3.873E-01  0.000E+00  0.000E+00  0.000E+00  6.283E+00
  3.873E-01  4.217E-01  0.000E+00  0.000E+00  0.000E+00  6.283E+00
  4.217E-01  4.592E-01  0.000E+00  0.000E+00  0.000E+00  6.283E+00
  4.592E-01  5.000E-01  0.000E+00  0.000E+00  0.000E+00  6.283E+00
  5.000E-01  5.000E-01  0.000E+00  0.000E+00  0.000E+00  6.283E+00

  1.000E-04  1.000E-04  0.000E+00  0.000E+00  6.283E+00  6.283E+00
  1.089E-04  1.089E-04  0.000E+00  0.000E+00  6.283E+00  6.283E+00
  1.186E-04  1.186E-04  0.000E+00  0.000E+00  6.283E+00  6.283E+00
  1.291E-04  1.291E-04  0.000E+00  0.000E+00  6.283E+00  6.283E+00
  1.406E-04  1.406E-04  0.000E+00  0.000E+00  6.283E+00  6.283E+00
  1.531E-04  1.531E-04  0.000E+00  0.000E+00  6.283E+00  6.283E+00
  1.667E-04  1.667E-04  0.000E+00  0.000E+00  6.283E+00  6.283E+00
  1.815E-04  1.815E-04  0.000E+00  0.000E+00  6.283E+00  6.283E+00
  1.977E-04  1.977E-04  0.000E+00  0.000E+00  6.283E+00  6.283E+00
  2.152E-04  2.152E-04  0.000E+00  0.000E+00  6.283E+00  6.283E+00
  2.344E-04  2.344E-04  0.000E+00  0.000E+00  6.283E+00  6.283E+00
  2.552E-04  2.552E-04  0.000E+00  0.000E+00  6.283E+00  6.283E+00
  2.779E-04  2.779E-04  0.000E+00  0.000E+00  6.283E+00  6.283E+00
  3.026E-04  3.026E-04  0.000E+00  0.000E+00  6.283E+00  6.283E+00
  3.295E-04  3.295E-04  0.000E+00  0.000E+00  6.283E+00  6.283E+00
  3.588E-04  3.588E-04  0.000E+00  0.000E+00  6.283E+00  6.283E+00
  3.907E-04  3.907E-04  0.000E+00  0.000E+00  6.283E+00  6.283E+00
  4.254E-04  4.254E-04  0.000E+00  0.000E+00  6.283E+00  6.283E+00
  4.632E-04  4.632E-04  0.000E+00  0.000E+00  6.283E+00  6.283E+00
  5.044E-04  5.044E-04  0.000E+00  0.000E+00  6.283E+00  6.283E+00
  5.493E-04  5.493E-04  0.000E+00  0.000E+00  6.283E+00  6.283E+00
  5.981E-04  5.981E-04  0.000E+00  0.000E+00  6.283E+00  6.283E+00
  6.513E-04  6.513E-04  0.000E+00  0.000E+00  6.283E+00  6.283E+00
  7.092E-04  7.092E-04  0.000E+00  0.000E+00  6.283E+00  6.283E+00
  7.722E-04  7.722E-04  0.000E+00  0.000E+00  6.283E+00  6.283E+00
  8.409E-04  8.409E-04  0.000E+00  0.000E+00  6.283E+00  6.283E+00
  9.157E-04  9.157E-04  0.000E+00  0.000E+00  6.283E+00  6.283E+00
  9.971E-04  9.971E-04  0.000E+00  0.000E+00  6.283E+00  6.283E+00
  1.086E-03  1.086E-03  0.000E+00  0.000E+00  6.283E+00  6.283E+00
  1.182E-03  1.182E-03  0.000E+00  0.000E+00  6.283E+00  6.283E+00
  1.287E-03  1.287E-03  0.000E+00  0.000E+00  6.283E+00  6.283E+00
  1.402E-03  1.402E-03  0.000E+00  0.000E+00  6.283E+00  6.283E+00
  1.526E-03  1.526E-03  0.000E+00  0.000E+00  6.283E+00  6.283E+00
  1.662E-03  1.662E-03  0.000E+00  0.000E+00  6.283E+00  6.283E+00
  1.810E-03  1.810E-03  0.000E+00  0.000E+00  6.283E+00  6.283E+00
  1.971E-03  1.971E-03  0.000E+00  0.000E+00  6.283E+00  6.283E+00
  2.146E-03  2.146E-03  0.000E+00  0.000E+00  6.283E+00  6.283E+00
  2.337E-03  2.337E-03  0.000E+00  0.000E+00  6.283E+00  6.283E+00
  2.545E-03  2.545E-03  0.000E+00  0.000E+00  6.283E+00  6.283E+00
  2.771E-03  2.771E-03  0.000E+00  0.000E+00  6.283E+00  6.283E+00
  3.017E-03  3.017E-03  0.000E+00  0.000E+00  6.283E+00  6.283E+00
  3.285E-03  3.285E-03  0.000E+00  0.000E+00  6.283E+00  6.283E+00
  3.577E-03  3.577E-03  0.000E+00  0.000E+00  6.283E+00  6.283E+00
  3.895E-03  3.895E-03  0.000E+00  0.000E+00  6.283E+00  6.283E+00
  4.242E-03  4.242E-03  0.000E+00  0.000E+00  6.283E+00  6.283E+00
  4.619E-03  4.619E-03  0.000E+00  0.000E+00  6.283E+00  6.283E+00
  5.030E-03  5.030E-03  0.000E+00  0.000E+00  6.283E+00  6.283E+00
  5.477E-03  5.477E-03  0.000E+00  0.000E+00  6.283E+00  6.283E+00
  5.964E-03  5.964E-03  0.000E+00  0.000E+00  6.283E+00  6.283E+00
  6.494E-03  6.494E-03  0.000E+00  0.000E+00  6.283E+00  6.283E+00
  7.071E-03  7.071E-03  0.000E+00  0.000E+00  6.283E+00  6.283E+00
  7.700E-03  7.700E-03  0.000E+00  0.000E+00  6.283E+00  6.283E+00
  8.384E-03  8.384E-03  0.000E+00  0.000E+00  6.283E+00  6.283E+00
  9.130E-03  9.130E-03  0.000E+00  0.000E+00  6.283E+00  6.283E+00
  9.941E-03  9.941E-03  0.000E+00  0.000E+00  6.283E+00  6.283E+00
  1.083E-02  1.083E-02  0.000E+00  0.000E+00  6.283E+00  6.283E+00
  1.179E-02  1.179E-02  0.000E+00  0.000E+00  6.283E+00  6.283E+00
  1.284E-02  1.284E-02  0.000E+00  0.000E+00  6.283E+00  6.283E+00
  1.398E-02  1.398E-02  0.000E+00  0.000E+00  6.283E+00  6.283E+00
  1.522E-02  1.522E-02  0.000E+00  0.000E+00  6.283E+00  6.283E+00
  1.657E-02  1.657E-02  0.000E+00  0.000E+00  6.283E+00  6.283E+00
  1.805E-02  1.805E-02  0.000E+00  0.000E+00  6.283E+00  6.283E+00
  1.965E-02  1.965E-02  0.000E+00  0.000E+00  6.283E+00  6.283E+00
  2.140E-02  2.140E-02  0.000E+00  0.000E+00  6.283E+00  6.283E+00
  2.330E-02  2.330E-02  0.000E+00  0.000E+00  6.283E+00  6.283E+00
  2.537E-02  2.537E-02  0.000E+00  0.000E+00  6.283E+00  6.283E+00
  2.763E-02  2.763E-02  0.000E+00  0.000E+00  6.283E+00  6.283E+00
  3.008E-02  3.008E-02  0.000E+00  0.000E+00  6.283E+00  6.283E+00
  3.276E-02  3.276E-02  0.000E+00  0.000E+00  6.283E+00  6.283E+00
  3.567E-02  3.567E-02  0.000E+00  0.000E+00  6.283E+00  6.283E+00
  3.884E-02  3.884E-02  0.000E+00  0.000E+00  6.283E+00  6.283E+00
  4.229E-02  4.229E-02  0.000E+00  0.000E+00  6.283E+00  6.283E+00
  4.605E-02  4.605E-02  0.000E+00  0.000E+00  6.283E+00  6.283E+00
  5.015E-02  5.015E-02  0.000E+00  0.000E+00  6.283E+00  6.283E+00
  5.461E-02  5.461E-02  0.000E+00  0.000E+00  6.283E+00  6.283E+00
  5.946E-02  5.946E-02  0.000E+00  0.000E+00  6.283E+00  6.283E+00
  6.475E-02  6.475E-02  0.000E+00  0.000E+00  6.283E+00  6.283E+00
  7.050E-02  7.050E-02  0.000E+00  0.000E+00  6.283E+00  6.283E+00
  7.677E-02  7.677E-02  0.000E+00  0.000E+00  6.283E+00  6.283E+00
  8.360E-02  8.360E-02  0.000E+00  0.000E+00  6.283E+00  6.283E+00
  9.103E-02  9.103E-02  0.000E+00  0.000E+00  6.283E+00  6.283E+00
  9.912E-02  9.912E-02  0.000E+00  0.000E+00  6.283E+00  6.283E+00
  1.079E-01  1.079E-01  0.000E+00  0.000E+00  6.283E+00  6.283E+00
  1.175E-01  1.175E-01  0.000E+00  0.000E+00  6.283E+00  6.283E+00
  1.280E-01  1.280E-01  0.000E+00  0.000E+00  6.283E+00  6.283E+00
  1.394E-01  1.394E-01  0.000E+00  0.000E+00  6.283E+00  6.283E+00
  1.517E-01  1.517E-01  0.000E+00  0.000E+00  6.283E+00  6.283E+00
  1.652E-01  1.652E-01  0.000E+00  0.000E+00  6.283E+00  6.283E+00
  1.799E-01  1.799E-01  0.000E+00  0.000E+00  6.283E+00  6.283E+00
  1.959E-01  1.959E-01  0.000E+00  0.000E+00  6.283E+00  6.283E+00
  2.133E-01  2.133E-01  0.000E+00  0.000E+00  6.283E+00  6.283E+00
  2.323E-01  2.323E-01  0.000E+00  0.000E+00  6.283E+00  6.283E+00
  2.530E-01  2.530E-01  0.000E+00  0.000E+00  6.283E+00  6.283E+00
  2.754E-01  2.754E-01  0.000E+00  0.000E+00  6.283E+00  6.283E+00
  2.999E-01  2.999E-01  0.000E+00  0.000E+00  6.283E+00  6.283E+00
  3.266E-01  3.266E-01  0.000E+00  0.000E+00  6.283E+00  6.283E+00
  3.556E-01  3.556E-01  0.000E+00  0.000E+00  6.283E+00  6.283E+00
  3.873E-01  3.873E-01  0.000E+00  0.000E+00  6.283E+00  6.283E+00
  4.217E-01  4.217E-01  0.000E+00  0.000E+00  6.283E+00  6.283E+00
  4.592E-01  4.592E-01  0.000E+00  0.000E+00  6.283E+00  6.283E+00
  5.000E-01  5.000E-01  0.000E+00  0.000E+00  6.283E+00  6.283E+00
