 # Detector n:            1   BdxElec   (integrated over solid angle)
 # N. of energy intervals         100
  1.000E-04  1.089E-04  6.063E-04  4.055E+00
  1.089E-04  1.186E-04  5.971E-04  6.707E+00
  1.186E-04  1.291E-04  5.019E-04  7.734E+00
  1.291E-04  1.406E-04  4.737E-04  4.575E+00
  1.406E-04  1.531E-04  3.901E-04  8.991E+00
  1.531E-04  1.667E-04  3.577E-04  7.047E+00
  1.667E-04  1.815E-04  3.756E-04  1.103E+01
  1.815E-04  1.977E-04  2.801E-04  7.917E+00
  1.977E-04  2.152E-04  2.759E-04  5.639E+00
  2.152E-04  2.344E-04  2.324E-04  4.434E+00
  2.344E-04  2.552E-04  2.243E-04  9.777E+00
  2.552E-04  2.779E-04  1.878E-04  2.334E+00
  2.779E-04  3.026E-04  1.383E-04  5.784E+00
  3.026E-04  3.295E-04  1.437E-04  6.744E+00
  3.295E-04  3.588E-04  1.176E-04  3.250E+00
  3.588E-04  3.907E-04  1.031E-04  5.186E+00
  3.907E-04  4.254E-04  9.042E-05  7.152E+00
  4.254E-04  4.632E-04  7.685E-05  5.322E+00
  4.632E-04  5.044E-04  8.500E-05  2.027E+01
  5.044E-04  5.493E-04  5.210E-05  1.052E+01
  5.493E-04  5.981E-04  4.361E-05  9.258E+00
  5.981E-04  6.513E-04  3.816E-05  1.521E+01
  6.513E-04  7.092E-04  3.993E-05  1.309E+01
  7.092E-04  7.722E-04  2.877E-05  8.073E+00
  7.722E-04  8.409E-04  1.939E-05  9.160E+00
  8.409E-04  9.157E-04  1.654E-05  9.284E+00
  9.157E-04  9.971E-04  2.157E-05  3.298E+01
  9.971E-04  1.086E-03  1.468E-05  1.249E+01
  1.086E-03  1.182E-03  9.313E-06  1.941E+01
  1.182E-03  1.287E-03  9.142E-06  1.595E+01
  1.287E-03  1.402E-03  1.091E-05  6.586E+00
  1.402E-03  1.526E-03  9.270E-06  9.846E+00
  1.526E-03  1.662E-03  7.517E-06  7.313E+00
  1.662E-03  1.810E-03  8.538E-06  2.212E+01
  1.810E-03  1.971E-03  6.029E-06  1.246E+01
  1.971E-03  2.146E-03  5.515E-06  1.462E+01
  2.146E-03  2.337E-03  4.646E-06  1.196E+01
  2.337E-03  2.545E-03  8.141E-06  1.870E+01
  2.545E-03  2.771E-03  5.735E-06  2.550E+01
  2.771E-03  3.017E-03  4.440E-06  2.708E+01
  3.017E-03  3.285E-03  4.360E-06  1.999E+01
  3.285E-03  3.577E-03  4.582E-06  3.019E+01
  3.577E-03  3.895E-03  6.378E-06  1.417E+01
  3.895E-03  4.242E-03  4.091E-06  6.333E+00
  4.242E-03  4.619E-03  3.736E-06  1.114E+01
  4.619E-03  5.030E-03  3.586E-06  1.599E+01
  5.030E-03  5.477E-03  3.026E-06  1.905E+01
  5.477E-03  5.964E-03  3.034E-06  2.060E+01
  5.964E-03  6.494E-03  3.647E-06  1.879E+01
  6.494E-03  7.071E-03  3.484E-06  1.676E+01
  7.071E-03  7.700E-03  2.915E-06  1.472E+01
  7.700E-03  8.384E-03  2.840E-06  9.492E+00
  8.384E-03  9.130E-03  2.605E-06  1.080E+01
  9.130E-03  9.941E-03  2.573E-06  8.681E+00
  9.941E-03  1.083E-02  2.873E-06  1.108E+01
  1.083E-02  1.179E-02  2.620E-06  1.102E+01
  1.179E-02  1.284E-02  2.345E-06  1.410E+01
  1.284E-02  1.398E-02  2.394E-06  4.153E+00
  1.398E-02  1.522E-02  3.171E-06  1.483E+01
  1.522E-02  1.657E-02  2.609E-06  1.278E+01
  1.657E-02  1.805E-02  2.824E-06  1.231E+01
  1.805E-02  1.965E-02  2.118E-06  8.914E+00
  1.965E-02  2.140E-02  2.162E-06  1.260E+01
  2.140E-02  2.330E-02  2.168E-06  1.281E+01
  2.330E-02  2.537E-02  2.573E-06  1.891E+01
  2.537E-02  2.763E-02  1.986E-06  1.388E+01
  2.763E-02  3.008E-02  2.376E-06  1.426E+01
  3.008E-02  3.276E-02  2.204E-06  8.432E+00
  3.276E-02  3.567E-02  1.696E-06  1.352E+01
  3.567E-02  3.884E-02  1.378E-06  2.037E+01
  3.884E-02  4.229E-02  1.740E-06  5.558E+00
  4.229E-02  4.605E-02  1.402E-06  3.234E+00
  4.605E-02  5.015E-02  1.258E-06  1.367E+01
  5.015E-02  5.461E-02  1.111E-06  5.713E+00
  5.461E-02  5.946E-02  1.086E-06  1.659E+01
  5.946E-02  6.475E-02  8.933E-07  6.591E+00
  6.475E-02  7.050E-02  1.064E-06  1.479E+01
  7.050E-02  7.677E-02  8.989E-07  1.713E+01
  7.677E-02  8.360E-02  6.638E-07  7.656E+00
  8.360E-02  9.103E-02  4.749E-07  6.646E+00
  9.103E-02  9.912E-02  6.328E-07  2.456E+01
  9.912E-02  1.079E-01  4.113E-07  2.174E+01
  1.079E-01  1.175E-01  2.258E-07  1.973E+01
  1.175E-01  1.280E-01  2.126E-07  6.561E+00
  1.280E-01  1.394E-01  2.595E-07  2.303E+01
  1.394E-01  1.517E-01  1.678E-07  2.766E+01
  1.517E-01  1.652E-01  1.248E-07  1.753E+01
  1.652E-01  1.799E-01  1.292E-07  6.319E+01
  1.799E-01  1.959E-01  5.677E-08  3.010E+01
  1.959E-01  2.133E-01  3.163E-08  1.648E+01
  2.133E-01  2.323E-01  1.064E-08  7.903E+00
  2.323E-01  2.530E-01  1.403E-08  2.791E+01
  2.530E-01  2.754E-01  8.489E-09  1.568E+01
  2.754E-01  2.999E-01  4.743E-09  5.135E+01
  2.999E-01  3.266E-01  2.648E-09  4.366E+01
  3.266E-01  3.556E-01  3.971E-10  9.900E+01
  3.556E-01  3.873E-01  0.000E+00  0.000E+00
  3.873E-01  4.217E-01  0.000E+00  0.000E+00
  4.217E-01  4.592E-01  0.000E+00  0.000E+00
  4.592E-01  5.000E-01  0.000E+00  0.000E+00


 # double differential distributions
 # number of solid angle intervals           1
 # Block n:            1     0.00000000      :   6.28318548    
  1.000E-04  1.089E-04  9.650E-05  4.055E+00  0.000E+00  6.283E+00
  1.089E-04  1.186E-04  9.503E-05  6.707E+00  0.000E+00  6.283E+00
  1.186E-04  1.291E-04  7.987E-05  7.734E+00  0.000E+00  6.283E+00
  1.291E-04  1.406E-04  7.539E-05  4.575E+00  0.000E+00  6.283E+00
  1.406E-04  1.531E-04  6.209E-05  8.991E+00  0.000E+00  6.283E+00
  1.531E-04  1.667E-04  5.693E-05  7.047E+00  0.000E+00  6.283E+00
  1.667E-04  1.815E-04  5.978E-05  1.103E+01  0.000E+00  6.283E+00
  1.815E-04  1.977E-04  4.458E-05  7.917E+00  0.000E+00  6.283E+00
  1.977E-04  2.152E-04  4.391E-05  5.639E+00  0.000E+00  6.283E+00
  2.152E-04  2.344E-04  3.698E-05  4.434E+00  0.000E+00  6.283E+00
  2.344E-04  2.552E-04  3.570E-05  9.777E+00  0.000E+00  6.283E+00
  2.552E-04  2.779E-04  2.989E-05  2.334E+00  0.000E+00  6.283E+00
  2.779E-04  3.026E-04  2.202E-05  5.784E+00  0.000E+00  6.283E+00
  3.026E-04  3.295E-04  2.288E-05  6.744E+00  0.000E+00  6.283E+00
  3.295E-04  3.588E-04  1.872E-05  3.250E+00  0.000E+00  6.283E+00
  3.588E-04  3.907E-04  1.640E-05  5.186E+00  0.000E+00  6.283E+00
  3.907E-04  4.254E-04  1.439E-05  7.152E+00  0.000E+00  6.283E+00
  4.254E-04  4.632E-04  1.223E-05  5.322E+00  0.000E+00  6.283E+00
  4.632E-04  5.044E-04  1.353E-05  2.027E+01  0.000E+00  6.283E+00
  5.044E-04  5.493E-04  8.292E-06  1.052E+01  0.000E+00  6.283E+00
  5.493E-04  5.981E-04  6.941E-06  9.258E+00  0.000E+00  6.283E+00
  5.981E-04  6.513E-04  6.073E-06  1.521E+01  0.000E+00  6.283E+00
  6.513E-04  7.092E-04  6.356E-06  1.309E+01  0.000E+00  6.283E+00
  7.092E-04  7.722E-04  4.579E-06  8.073E+00  0.000E+00  6.283E+00
  7.722E-04  8.409E-04  3.085E-06  9.160E+00  0.000E+00  6.283E+00
  8.409E-04  9.157E-04  2.633E-06  9.284E+00  0.000E+00  6.283E+00
  9.157E-04  9.971E-04  3.433E-06  3.298E+01  0.000E+00  6.283E+00
  9.971E-04  1.086E-03  2.336E-06  1.249E+01  0.000E+00  6.283E+00
  1.086E-03  1.182E-03  1.482E-06  1.941E+01  0.000E+00  6.283E+00
  1.182E-03  1.287E-03  1.455E-06  1.595E+01  0.000E+00  6.283E+00
  1.287E-03  1.402E-03  1.736E-06  6.586E+00  0.000E+00  6.283E+00
  1.402E-03  1.526E-03  1.475E-06  9.846E+00  0.000E+00  6.283E+00
  1.526E-03  1.662E-03  1.196E-06  7.313E+00  0.000E+00  6.283E+00
  1.662E-03  1.810E-03  1.359E-06  2.212E+01  0.000E+00  6.283E+00
  1.810E-03  1.971E-03  9.595E-07  1.246E+01  0.000E+00  6.283E+00
  1.971E-03  2.146E-03  8.777E-07  1.462E+01  0.000E+00  6.283E+00
  2.146E-03  2.337E-03  7.394E-07  1.196E+01  0.000E+00  6.283E+00
  2.337E-03  2.545E-03  1.296E-06  1.870E+01  0.000E+00  6.283E+00
  2.545E-03  2.771E-03  9.128E-07  2.550E+01  0.000E+00  6.283E+00
  2.771E-03  3.017E-03  7.067E-07  2.708E+01  0.000E+00  6.283E+00
  3.017E-03  3.285E-03  6.939E-07  1.999E+01  0.000E+00  6.283E+00
  3.285E-03  3.577E-03  7.293E-07  3.019E+01  0.000E+00  6.283E+00
  3.577E-03  3.895E-03  1.015E-06  1.417E+01  0.000E+00  6.283E+00
  3.895E-03  4.242E-03  6.510E-07  6.333E+00  0.000E+00  6.283E+00
  4.242E-03  4.619E-03  5.946E-07  1.114E+01  0.000E+00  6.283E+00
  4.619E-03  5.030E-03  5.707E-07  1.599E+01  0.000E+00  6.283E+00
  5.030E-03  5.477E-03  4.816E-07  1.905E+01  0.000E+00  6.283E+00
  5.477E-03  5.964E-03  4.829E-07  2.060E+01  0.000E+00  6.283E+00
  5.964E-03  6.494E-03  5.804E-07  1.879E+01  0.000E+00  6.283E+00
  6.494E-03  7.071E-03  5.544E-07  1.676E+01  0.000E+00  6.283E+00
  7.071E-03  7.700E-03  4.640E-07  1.472E+01  0.000E+00  6.283E+00
  7.700E-03  8.384E-03  4.519E-07  9.492E+00  0.000E+00  6.283E+00
  8.384E-03  9.130E-03  4.147E-07  1.080E+01  0.000E+00  6.283E+00
  9.130E-03  9.941E-03  4.094E-07  8.681E+00  0.000E+00  6.283E+00
  9.941E-03  1.083E-02  4.573E-07  1.108E+01  0.000E+00  6.283E+00
  1.083E-02  1.179E-02  4.169E-07  1.102E+01  0.000E+00  6.283E+00
  1.179E-02  1.284E-02  3.733E-07  1.410E+01  0.000E+00  6.283E+00
  1.284E-02  1.398E-02  3.811E-07  4.153E+00  0.000E+00  6.283E+00
  1.398E-02  1.522E-02  5.047E-07  1.483E+01  0.000E+00  6.283E+00
  1.522E-02  1.657E-02  4.152E-07  1.278E+01  0.000E+00  6.283E+00
  1.657E-02  1.805E-02  4.494E-07  1.231E+01  0.000E+00  6.283E+00
  1.805E-02  1.965E-02  3.370E-07  8.914E+00  0.000E+00  6.283E+00
  1.965E-02  2.140E-02  3.441E-07  1.260E+01  0.000E+00  6.283E+00
  2.140E-02  2.330E-02  3.450E-07  1.281E+01  0.000E+00  6.283E+00
  2.330E-02  2.537E-02  4.095E-07  1.891E+01  0.000E+00  6.283E+00
  2.537E-02  2.763E-02  3.160E-07  1.388E+01  0.000E+00  6.283E+00
  2.763E-02  3.008E-02  3.782E-07  1.426E+01  0.000E+00  6.283E+00
  3.008E-02  3.276E-02  3.508E-07  8.432E+00  0.000E+00  6.283E+00
  3.276E-02  3.567E-02  2.699E-07  1.352E+01  0.000E+00  6.283E+00
  3.567E-02  3.884E-02  2.193E-07  2.037E+01  0.000E+00  6.283E+00
  3.884E-02  4.229E-02  2.770E-07  5.558E+00  0.000E+00  6.283E+00
  4.229E-02  4.605E-02  2.232E-07  3.234E+00  0.000E+00  6.283E+00
  4.605E-02  5.015E-02  2.002E-07  1.367E+01  0.000E+00  6.283E+00
  5.015E-02  5.461E-02  1.769E-07  5.713E+00  0.000E+00  6.283E+00
  5.461E-02  5.946E-02  1.729E-07  1.659E+01  0.000E+00  6.283E+00
  5.946E-02  6.475E-02  1.422E-07  6.591E+00  0.000E+00  6.283E+00
  6.475E-02  7.050E-02  1.694E-07  1.479E+01  0.000E+00  6.283E+00
  7.050E-02  7.677E-02  1.431E-07  1.713E+01  0.000E+00  6.283E+00
  7.677E-02  8.360E-02  1.057E-07  7.656E+00  0.000E+00  6.283E+00
  8.360E-02  9.103E-02  7.558E-08  6.646E+00  0.000E+00  6.283E+00
  9.103E-02  9.912E-02  1.007E-07  2.456E+01  0.000E+00  6.283E+00
  9.912E-02  1.079E-01  6.547E-08  2.174E+01  0.000E+00  6.283E+00
  1.079E-01  1.175E-01  3.594E-08  1.973E+01  0.000E+00  6.283E+00
  1.175E-01  1.280E-01  3.384E-08  6.561E+00  0.000E+00  6.283E+00
  1.280E-01  1.394E-01  4.130E-08  2.303E+01  0.000E+00  6.283E+00
  1.394E-01  1.517E-01  2.671E-08  2.766E+01  0.000E+00  6.283E+00
  1.517E-01  1.652E-01  1.986E-08  1.753E+01  0.000E+00  6.283E+00
  1.652E-01  1.799E-01  2.057E-08  6.319E+01  0.000E+00  6.283E+00
  1.799E-01  1.959E-01  9.036E-09  3.010E+01  0.000E+00  6.283E+00
  1.959E-01  2.133E-01  5.033E-09  1.648E+01  0.000E+00  6.283E+00
  2.133E-01  2.323E-01  1.694E-09  7.903E+00  0.000E+00  6.283E+00
  2.323E-01  2.530E-01  2.233E-09  2.791E+01  0.000E+00  6.283E+00
  2.530E-01  2.754E-01  1.351E-09  1.568E+01  0.000E+00  6.283E+00
  2.754E-01  2.999E-01  7.549E-10  5.135E+01  0.000E+00  6.283E+00
  2.999E-01  3.266E-01  4.214E-10  4.366E+01  0.000E+00  6.283E+00
  3.266E-01  3.556E-01  6.319E-11  9.900E+01  0.000E+00  6.283E+00
  3.556E-01  3.873E-01  0.000E+00  0.000E+00  0.000E+00  6.283E+00
  3.873E-01  4.217E-01  0.000E+00  0.000E+00  0.000E+00  6.283E+00
  4.217E-01  4.592E-01  0.000E+00  0.000E+00  0.000E+00  6.283E+00
  4.592E-01  5.000E-01  0.000E+00  0.000E+00  0.000E+00  6.283E+00
  5.000E-01  5.000E-01  0.000E+00  0.000E+00  0.000E+00  6.283E+00

  1.000E-04  1.000E-04  0.000E+00  0.000E+00  6.283E+00  6.283E+00
  1.089E-04  1.089E-04  0.000E+00  0.000E+00  6.283E+00  6.283E+00
  1.186E-04  1.186E-04  0.000E+00  0.000E+00  6.283E+00  6.283E+00
  1.291E-04  1.291E-04  0.000E+00  0.000E+00  6.283E+00  6.283E+00
  1.406E-04  1.406E-04  0.000E+00  0.000E+00  6.283E+00  6.283E+00
  1.531E-04  1.531E-04  0.000E+00  0.000E+00  6.283E+00  6.283E+00
  1.667E-04  1.667E-04  0.000E+00  0.000E+00  6.283E+00  6.283E+00
  1.815E-04  1.815E-04  0.000E+00  0.000E+00  6.283E+00  6.283E+00
  1.977E-04  1.977E-04  0.000E+00  0.000E+00  6.283E+00  6.283E+00
  2.152E-04  2.152E-04  0.000E+00  0.000E+00  6.283E+00  6.283E+00
  2.344E-04  2.344E-04  0.000E+00  0.000E+00  6.283E+00  6.283E+00
  2.552E-04  2.552E-04  0.000E+00  0.000E+00  6.283E+00  6.283E+00
  2.779E-04  2.779E-04  0.000E+00  0.000E+00  6.283E+00  6.283E+00
  3.026E-04  3.026E-04  0.000E+00  0.000E+00  6.283E+00  6.283E+00
  3.295E-04  3.295E-04  0.000E+00  0.000E+00  6.283E+00  6.283E+00
  3.588E-04  3.588E-04  0.000E+00  0.000E+00  6.283E+00  6.283E+00
  3.907E-04  3.907E-04  0.000E+00  0.000E+00  6.283E+00  6.283E+00
  4.254E-04  4.254E-04  0.000E+00  0.000E+00  6.283E+00  6.283E+00
  4.632E-04  4.632E-04  0.000E+00  0.000E+00  6.283E+00  6.283E+00
  5.044E-04  5.044E-04  0.000E+00  0.000E+00  6.283E+00  6.283E+00
  5.493E-04  5.493E-04  0.000E+00  0.000E+00  6.283E+00  6.283E+00
  5.981E-04  5.981E-04  0.000E+00  0.000E+00  6.283E+00  6.283E+00
  6.513E-04  6.513E-04  0.000E+00  0.000E+00  6.283E+00  6.283E+00
  7.092E-04  7.092E-04  0.000E+00  0.000E+00  6.283E+00  6.283E+00
  7.722E-04  7.722E-04  0.000E+00  0.000E+00  6.283E+00  6.283E+00
  8.409E-04  8.409E-04  0.000E+00  0.000E+00  6.283E+00  6.283E+00
  9.157E-04  9.157E-04  0.000E+00  0.000E+00  6.283E+00  6.283E+00
  9.971E-04  9.971E-04  0.000E+00  0.000E+00  6.283E+00  6.283E+00
  1.086E-03  1.086E-03  0.000E+00  0.000E+00  6.283E+00  6.283E+00
  1.182E-03  1.182E-03  0.000E+00  0.000E+00  6.283E+00  6.283E+00
  1.287E-03  1.287E-03  0.000E+00  0.000E+00  6.283E+00  6.283E+00
  1.402E-03  1.402E-03  0.000E+00  0.000E+00  6.283E+00  6.283E+00
  1.526E-03  1.526E-03  0.000E+00  0.000E+00  6.283E+00  6.283E+00
  1.662E-03  1.662E-03  0.000E+00  0.000E+00  6.283E+00  6.283E+00
  1.810E-03  1.810E-03  0.000E+00  0.000E+00  6.283E+00  6.283E+00
  1.971E-03  1.971E-03  0.000E+00  0.000E+00  6.283E+00  6.283E+00
  2.146E-03  2.146E-03  0.000E+00  0.000E+00  6.283E+00  6.283E+00
  2.337E-03  2.337E-03  0.000E+00  0.000E+00  6.283E+00  6.283E+00
  2.545E-03  2.545E-03  0.000E+00  0.000E+00  6.283E+00  6.283E+00
  2.771E-03  2.771E-03  0.000E+00  0.000E+00  6.283E+00  6.283E+00
  3.017E-03  3.017E-03  0.000E+00  0.000E+00  6.283E+00  6.283E+00
  3.285E-03  3.285E-03  0.000E+00  0.000E+00  6.283E+00  6.283E+00
  3.577E-03  3.577E-03  0.000E+00  0.000E+00  6.283E+00  6.283E+00
  3.895E-03  3.895E-03  0.000E+00  0.000E+00  6.283E+00  6.283E+00
  4.242E-03  4.242E-03  0.000E+00  0.000E+00  6.283E+00  6.283E+00
  4.619E-03  4.619E-03  0.000E+00  0.000E+00  6.283E+00  6.283E+00
  5.030E-03  5.030E-03  0.000E+00  0.000E+00  6.283E+00  6.283E+00
  5.477E-03  5.477E-03  0.000E+00  0.000E+00  6.283E+00  6.283E+00
  5.964E-03  5.964E-03  0.000E+00  0.000E+00  6.283E+00  6.283E+00
  6.494E-03  6.494E-03  0.000E+00  0.000E+00  6.283E+00  6.283E+00
  7.071E-03  7.071E-03  0.000E+00  0.000E+00  6.283E+00  6.283E+00
  7.700E-03  7.700E-03  0.000E+00  0.000E+00  6.283E+00  6.283E+00
  8.384E-03  8.384E-03  0.000E+00  0.000E+00  6.283E+00  6.283E+00
  9.130E-03  9.130E-03  0.000E+00  0.000E+00  6.283E+00  6.283E+00
  9.941E-03  9.941E-03  0.000E+00  0.000E+00  6.283E+00  6.283E+00
  1.083E-02  1.083E-02  0.000E+00  0.000E+00  6.283E+00  6.283E+00
  1.179E-02  1.179E-02  0.000E+00  0.000E+00  6.283E+00  6.283E+00
  1.284E-02  1.284E-02  0.000E+00  0.000E+00  6.283E+00  6.283E+00
  1.398E-02  1.398E-02  0.000E+00  0.000E+00  6.283E+00  6.283E+00
  1.522E-02  1.522E-02  0.000E+00  0.000E+00  6.283E+00  6.283E+00
  1.657E-02  1.657E-02  0.000E+00  0.000E+00  6.283E+00  6.283E+00
  1.805E-02  1.805E-02  0.000E+00  0.000E+00  6.283E+00  6.283E+00
  1.965E-02  1.965E-02  0.000E+00  0.000E+00  6.283E+00  6.283E+00
  2.140E-02  2.140E-02  0.000E+00  0.000E+00  6.283E+00  6.283E+00
  2.330E-02  2.330E-02  0.000E+00  0.000E+00  6.283E+00  6.283E+00
  2.537E-02  2.537E-02  0.000E+00  0.000E+00  6.283E+00  6.283E+00
  2.763E-02  2.763E-02  0.000E+00  0.000E+00  6.283E+00  6.283E+00
  3.008E-02  3.008E-02  0.000E+00  0.000E+00  6.283E+00  6.283E+00
  3.276E-02  3.276E-02  0.000E+00  0.000E+00  6.283E+00  6.283E+00
  3.567E-02  3.567E-02  0.000E+00  0.000E+00  6.283E+00  6.283E+00
  3.884E-02  3.884E-02  0.000E+00  0.000E+00  6.283E+00  6.283E+00
  4.229E-02  4.229E-02  0.000E+00  0.000E+00  6.283E+00  6.283E+00
  4.605E-02  4.605E-02  0.000E+00  0.000E+00  6.283E+00  6.283E+00
  5.015E-02  5.015E-02  0.000E+00  0.000E+00  6.283E+00  6.283E+00
  5.461E-02  5.461E-02  0.000E+00  0.000E+00  6.283E+00  6.283E+00
  5.946E-02  5.946E-02  0.000E+00  0.000E+00  6.283E+00  6.283E+00
  6.475E-02  6.475E-02  0.000E+00  0.000E+00  6.283E+00  6.283E+00
  7.050E-02  7.050E-02  0.000E+00  0.000E+00  6.283E+00  6.283E+00
  7.677E-02  7.677E-02  0.000E+00  0.000E+00  6.283E+00  6.283E+00
  8.360E-02  8.360E-02  0.000E+00  0.000E+00  6.283E+00  6.283E+00
  9.103E-02  9.103E-02  0.000E+00  0.000E+00  6.283E+00  6.283E+00
  9.912E-02  9.912E-02  0.000E+00  0.000E+00  6.283E+00  6.283E+00
  1.079E-01  1.079E-01  0.000E+00  0.000E+00  6.283E+00  6.283E+00
  1.175E-01  1.175E-01  0.000E+00  0.000E+00  6.283E+00  6.283E+00
  1.280E-01  1.280E-01  0.000E+00  0.000E+00  6.283E+00  6.283E+00
  1.394E-01  1.394E-01  0.000E+00  0.000E+00  6.283E+00  6.283E+00
  1.517E-01  1.517E-01  0.000E+00  0.000E+00  6.283E+00  6.283E+00
  1.652E-01  1.652E-01  0.000E+00  0.000E+00  6.283E+00  6.283E+00
  1.799E-01  1.799E-01  0.000E+00  0.000E+00  6.283E+00  6.283E+00
  1.959E-01  1.959E-01  0.000E+00  0.000E+00  6.283E+00  6.283E+00
  2.133E-01  2.133E-01  0.000E+00  0.000E+00  6.283E+00  6.283E+00
  2.323E-01  2.323E-01  0.000E+00  0.000E+00  6.283E+00  6.283E+00
  2.530E-01  2.530E-01  0.000E+00  0.000E+00  6.283E+00  6.283E+00
  2.754E-01  2.754E-01  0.000E+00  0.000E+00  6.283E+00  6.283E+00
  2.999E-01  2.999E-01  0.000E+00  0.000E+00  6.283E+00  6.283E+00
  3.266E-01  3.266E-01  0.000E+00  0.000E+00  6.283E+00  6.283E+00
  3.556E-01  3.556E-01  0.000E+00  0.000E+00  6.283E+00  6.283E+00
  3.873E-01  3.873E-01  0.000E+00  0.000E+00  6.283E+00  6.283E+00
  4.217E-01  4.217E-01  0.000E+00  0.000E+00  6.283E+00  6.283E+00
  4.592E-01  4.592E-01  0.000E+00  0.000E+00  6.283E+00  6.283E+00
  5.000E-01  5.000E-01  0.000E+00  0.000E+00  6.283E+00  6.283E+00
