 # Detector n:            1   BdxElec   (integrated over solid angle)
 # N. of energy intervals         100
  1.000E-04  1.089E-04  9.680E-05  1.005E+01
  1.089E-04  1.186E-04  7.758E-05  9.891E+00
  1.186E-04  1.291E-04  7.180E-05  1.577E+01
  1.291E-04  1.406E-04  7.399E-05  7.637E+00
  1.406E-04  1.531E-04  6.456E-05  1.452E+01
  1.531E-04  1.667E-04  4.890E-05  1.274E+01
  1.667E-04  1.815E-04  6.192E-05  1.852E+01
  1.815E-04  1.977E-04  5.056E-05  3.545E+00
  1.977E-04  2.152E-04  4.763E-05  2.260E+01
  2.152E-04  2.344E-04  4.835E-05  1.525E+01
  2.344E-04  2.552E-04  3.828E-05  1.633E+01
  2.552E-04  2.779E-04  3.372E-05  1.775E+01
  2.779E-04  3.026E-04  2.984E-05  2.197E+01
  3.026E-04  3.295E-04  1.063E-05  3.744E+01
  3.295E-04  3.588E-04  2.320E-06  5.023E+01
  3.588E-04  3.907E-04  2.448E-06  3.546E+01
  3.907E-04  4.254E-04  5.420E-07  9.900E+01
  4.254E-04  4.632E-04  1.288E-06  4.809E+01
  4.632E-04  5.044E-04  4.532E-06  3.742E+01
  5.044E-04  5.493E-04  1.274E-06  4.482E+01
  5.493E-04  5.981E-04  4.517E-06  3.420E+01
  5.981E-04  6.513E-04  4.018E-06  2.875E+01
  6.513E-04  7.092E-04  3.420E-06  4.506E+01
  7.092E-04  7.722E-04  1.086E-06  8.286E+01
  7.722E-04  8.409E-04  3.136E-06  2.552E+01
  8.409E-04  9.157E-04  2.171E-06  4.332E+01
  9.157E-04  9.971E-04  3.792E-06  1.818E+01
  9.971E-04  1.086E-03  1.159E-06  3.813E+01
  1.086E-03  1.182E-03  1.134E-06  3.047E+01
  1.182E-03  1.287E-03  2.494E-06  2.026E+01
  1.287E-03  1.402E-03  1.191E-06  1.910E+01
  1.402E-03  1.526E-03  2.170E-06  4.112E+01
  1.526E-03  1.662E-03  2.020E-06  3.021E+01
  1.662E-03  1.810E-03  1.122E-06  3.736E+01
  1.810E-03  1.971E-03  8.884E-07  3.686E+01
  1.971E-03  2.146E-03  1.537E-07  9.900E+01
  2.146E-03  2.337E-03  6.501E-08  9.900E+01
  2.337E-03  2.545E-03  1.166E-07  6.144E+01
  2.545E-03  2.771E-03  0.000E+00  0.000E+00
  2.771E-03  3.017E-03  4.132E-08  9.900E+01
  3.017E-03  3.285E-03  3.801E-08  9.900E+01
  3.285E-03  3.577E-03  0.000E+00  0.000E+00
  3.577E-03  3.895E-03  0.000E+00  0.000E+00
  3.895E-03  4.242E-03  5.718E-08  9.900E+01
  4.242E-03  4.619E-03  2.692E-08  9.900E+01
  4.619E-03  5.030E-03  0.000E+00  0.000E+00
  5.030E-03  5.477E-03  0.000E+00  0.000E+00
  5.477E-03  5.964E-03  0.000E+00  0.000E+00
  5.964E-03  6.494E-03  0.000E+00  0.000E+00
  6.494E-03  7.071E-03  0.000E+00  0.000E+00
  7.071E-03  7.700E-03  0.000E+00  0.000E+00
  7.700E-03  8.384E-03  0.000E+00  0.000E+00
  8.384E-03  9.130E-03  0.000E+00  0.000E+00
  9.130E-03  9.941E-03  0.000E+00  0.000E+00
  9.941E-03  1.083E-02  0.000E+00  0.000E+00
  1.083E-02  1.179E-02  0.000E+00  0.000E+00
  1.179E-02  1.284E-02  0.000E+00  0.000E+00
  1.284E-02  1.398E-02  0.000E+00  0.000E+00
  1.398E-02  1.522E-02  0.000E+00  0.000E+00
  1.522E-02  1.657E-02  0.000E+00  0.000E+00
  1.657E-02  1.805E-02  0.000E+00  0.000E+00
  1.805E-02  1.965E-02  0.000E+00  0.000E+00
  1.965E-02  2.140E-02  0.000E+00  0.000E+00
  2.140E-02  2.330E-02  0.000E+00  0.000E+00
  2.330E-02  2.537E-02  0.000E+00  0.000E+00
  2.537E-02  2.763E-02  0.000E+00  0.000E+00
  2.763E-02  3.008E-02  0.000E+00  0.000E+00
  3.008E-02  3.276E-02  0.000E+00  0.000E+00
  3.276E-02  3.567E-02  0.000E+00  0.000E+00
  3.567E-02  3.884E-02  0.000E+00  0.000E+00
  3.884E-02  4.229E-02  0.000E+00  0.000E+00
  4.229E-02  4.605E-02  0.000E+00  0.000E+00
  4.605E-02  5.015E-02  0.000E+00  0.000E+00
  5.015E-02  5.461E-02  0.000E+00  0.000E+00
  5.461E-02  5.946E-02  0.000E+00  0.000E+00
  5.946E-02  6.475E-02  0.000E+00  0.000E+00
  6.475E-02  7.050E-02  0.000E+00  0.000E+00
  7.050E-02  7.677E-02  0.000E+00  0.000E+00
  7.677E-02  8.360E-02  0.000E+00  0.000E+00
  8.360E-02  9.103E-02  0.000E+00  0.000E+00
  9.103E-02  9.912E-02  0.000E+00  0.000E+00
  9.912E-02  1.079E-01  0.000E+00  0.000E+00
  1.079E-01  1.175E-01  0.000E+00  0.000E+00
  1.175E-01  1.280E-01  0.000E+00  0.000E+00
  1.280E-01  1.394E-01  0.000E+00  0.000E+00
  1.394E-01  1.517E-01  0.000E+00  0.000E+00
  1.517E-01  1.652E-01  0.000E+00  0.000E+00
  1.652E-01  1.799E-01  0.000E+00  0.000E+00
  1.799E-01  1.959E-01  0.000E+00  0.000E+00
  1.959E-01  2.133E-01  0.000E+00  0.000E+00
  2.133E-01  2.323E-01  0.000E+00  0.000E+00
  2.323E-01  2.530E-01  0.000E+00  0.000E+00
  2.530E-01  2.754E-01  0.000E+00  0.000E+00
  2.754E-01  2.999E-01  0.000E+00  0.000E+00
  2.999E-01  3.266E-01  0.000E+00  0.000E+00
  3.266E-01  3.556E-01  0.000E+00  0.000E+00
  3.556E-01  3.873E-01  0.000E+00  0.000E+00
  3.873E-01  4.217E-01  0.000E+00  0.000E+00
  4.217E-01  4.592E-01  0.000E+00  0.000E+00
  4.592E-01  5.000E-01  0.000E+00  0.000E+00


 # double differential distributions
 # number of solid angle intervals           1
 # Block n:            1     0.00000000      :   6.28318548    
  1.000E-04  1.089E-04  1.541E-05  1.005E+01  0.000E+00  6.283E+00
  1.089E-04  1.186E-04  1.235E-05  9.891E+00  0.000E+00  6.283E+00
  1.186E-04  1.291E-04  1.143E-05  1.577E+01  0.000E+00  6.283E+00
  1.291E-04  1.406E-04  1.178E-05  7.637E+00  0.000E+00  6.283E+00
  1.406E-04  1.531E-04  1.028E-05  1.452E+01  0.000E+00  6.283E+00
  1.531E-04  1.667E-04  7.783E-06  1.274E+01  0.000E+00  6.283E+00
  1.667E-04  1.815E-04  9.854E-06  1.852E+01  0.000E+00  6.283E+00
  1.815E-04  1.977E-04  8.048E-06  3.545E+00  0.000E+00  6.283E+00
  1.977E-04  2.152E-04  7.580E-06  2.260E+01  0.000E+00  6.283E+00
  2.152E-04  2.344E-04  7.694E-06  1.525E+01  0.000E+00  6.283E+00
  2.344E-04  2.552E-04  6.093E-06  1.633E+01  0.000E+00  6.283E+00
  2.552E-04  2.779E-04  5.366E-06  1.775E+01  0.000E+00  6.283E+00
  2.779E-04  3.026E-04  4.749E-06  2.197E+01  0.000E+00  6.283E+00
  3.026E-04  3.295E-04  1.692E-06  3.744E+01  0.000E+00  6.283E+00
  3.295E-04  3.588E-04  3.693E-07  5.023E+01  0.000E+00  6.283E+00
  3.588E-04  3.907E-04  3.895E-07  3.546E+01  0.000E+00  6.283E+00
  3.907E-04  4.254E-04  8.627E-08  9.900E+01  0.000E+00  6.283E+00
  4.254E-04  4.632E-04  2.049E-07  4.809E+01  0.000E+00  6.283E+00
  4.632E-04  5.044E-04  7.213E-07  3.742E+01  0.000E+00  6.283E+00
  5.044E-04  5.493E-04  2.028E-07  4.482E+01  0.000E+00  6.283E+00
  5.493E-04  5.981E-04  7.189E-07  3.420E+01  0.000E+00  6.283E+00
  5.981E-04  6.513E-04  6.395E-07  2.875E+01  0.000E+00  6.283E+00
  6.513E-04  7.092E-04  5.443E-07  4.506E+01  0.000E+00  6.283E+00
  7.092E-04  7.722E-04  1.729E-07  8.286E+01  0.000E+00  6.283E+00
  7.722E-04  8.409E-04  4.991E-07  2.552E+01  0.000E+00  6.283E+00
  8.409E-04  9.157E-04  3.455E-07  4.332E+01  0.000E+00  6.283E+00
  9.157E-04  9.971E-04  6.034E-07  1.818E+01  0.000E+00  6.283E+00
  9.971E-04  1.086E-03  1.845E-07  3.813E+01  0.000E+00  6.283E+00
  1.086E-03  1.182E-03  1.805E-07  3.047E+01  0.000E+00  6.283E+00
  1.182E-03  1.287E-03  3.970E-07  2.026E+01  0.000E+00  6.283E+00
  1.287E-03  1.402E-03  1.895E-07  1.910E+01  0.000E+00  6.283E+00
  1.402E-03  1.526E-03  3.454E-07  4.112E+01  0.000E+00  6.283E+00
  1.526E-03  1.662E-03  3.215E-07  3.021E+01  0.000E+00  6.283E+00
  1.662E-03  1.810E-03  1.786E-07  3.736E+01  0.000E+00  6.283E+00
  1.810E-03  1.971E-03  1.414E-07  3.686E+01  0.000E+00  6.283E+00
  1.971E-03  2.146E-03  2.447E-08  9.900E+01  0.000E+00  6.283E+00
  2.146E-03  2.337E-03  1.035E-08  9.900E+01  0.000E+00  6.283E+00
  2.337E-03  2.545E-03  1.856E-08  6.144E+01  0.000E+00  6.283E+00
  2.545E-03  2.771E-03  0.000E+00  0.000E+00  0.000E+00  6.283E+00
  2.771E-03  3.017E-03  6.576E-09  9.900E+01  0.000E+00  6.283E+00
  3.017E-03  3.285E-03  6.050E-09  9.900E+01  0.000E+00  6.283E+00
  3.285E-03  3.577E-03  0.000E+00  0.000E+00  0.000E+00  6.283E+00
  3.577E-03  3.895E-03  0.000E+00  0.000E+00  0.000E+00  6.283E+00
  3.895E-03  4.242E-03  9.100E-09  9.900E+01  0.000E+00  6.283E+00
  4.242E-03  4.619E-03  4.284E-09  9.900E+01  0.000E+00  6.283E+00
  4.619E-03  5.030E-03  0.000E+00  0.000E+00  0.000E+00  6.283E+00
  5.030E-03  5.477E-03  0.000E+00  0.000E+00  0.000E+00  6.283E+00
  5.477E-03  5.964E-03  0.000E+00  0.000E+00  0.000E+00  6.283E+00
  5.964E-03  6.494E-03  0.000E+00  0.000E+00  0.000E+00  6.283E+00
  6.494E-03  7.071E-03  0.000E+00  0.000E+00  0.000E+00  6.283E+00
  7.071E-03  7.700E-03  0.000E+00  0.000E+00  0.000E+00  6.283E+00
  7.700E-03  8.384E-03  0.000E+00  0.000E+00  0.000E+00  6.283E+00
  8.384E-03  9.130E-03  0.000E+00  0.000E+00  0.000E+00  6.283E+00
  9.130E-03  9.941E-03  0.000E+00  0.000E+00  0.000E+00  6.283E+00
  9.941E-03  1.083E-02  0.000E+00  0.000E+00  0.000E+00  6.283E+00
  1.083E-02  1.179E-02  0.000E+00  0.000E+00  0.000E+00  6.283E+00
  1.179E-02  1.284E-02  0.000E+00  0.000E+00  0.000E+00  6.283E+00
  1.284E-02  1.398E-02  0.000E+00  0.000E+00  0.000E+00  6.283E+00
  1.398E-02  1.522E-02  0.000E+00  0.000E+00  0.000E+00  6.283E+00
  1.522E-02  1.657E-02  0.000E+00  0.000E+00  0.000E+00  6.283E+00
  1.657E-02  1.805E-02  0.000E+00  0.000E+00  0.000E+00  6.283E+00
  1.805E-02  1.965E-02  0.000E+00  0.000E+00  0.000E+00  6.283E+00
  1.965E-02  2.140E-02  0.000E+00  0.000E+00  0.000E+00  6.283E+00
  2.140E-02  2.330E-02  0.000E+00  0.000E+00  0.000E+00  6.283E+00
  2.330E-02  2.537E-02  0.000E+00  0.000E+00  0.000E+00  6.283E+00
  2.537E-02  2.763E-02  0.000E+00  0.000E+00  0.000E+00  6.283E+00
  2.763E-02  3.008E-02  0.000E+00  0.000E+00  0.000E+00  6.283E+00
  3.008E-02  3.276E-02  0.000E+00  0.000E+00  0.000E+00  6.283E+00
  3.276E-02  3.567E-02  0.000E+00  0.000E+00  0.000E+00  6.283E+00
  3.567E-02  3.884E-02  0.000E+00  0.000E+00  0.000E+00  6.283E+00
  3.884E-02  4.229E-02  0.000E+00  0.000E+00  0.000E+00  6.283E+00
  4.229E-02  4.605E-02  0.000E+00  0.000E+00  0.000E+00  6.283E+00
  4.605E-02  5.015E-02  0.000E+00  0.000E+00  0.000E+00  6.283E+00
  5.015E-02  5.461E-02  0.000E+00  0.000E+00  0.000E+00  6.283E+00
  5.461E-02  5.946E-02  0.000E+00  0.000E+00  0.000E+00  6.283E+00
  5.946E-02  6.475E-02  0.000E+00  0.000E+00  0.000E+00  6.283E+00
  6.475E-02  7.050E-02  0.000E+00  0.000E+00  0.000E+00  6.283E+00
  7.050E-02  7.677E-02  0.000E+00  0.000E+00  0.000E+00  6.283E+00
  7.677E-02  8.360E-02  0.000E+00  0.000E+00  0.000E+00  6.283E+00
  8.360E-02  9.103E-02  0.000E+00  0.000E+00  0.000E+00  6.283E+00
  9.103E-02  9.912E-02  0.000E+00  0.000E+00  0.000E+00  6.283E+00
  9.912E-02  1.079E-01  0.000E+00  0.000E+00  0.000E+00  6.283E+00
  1.079E-01  1.175E-01  0.000E+00  0.000E+00  0.000E+00  6.283E+00
  1.175E-01  1.280E-01  0.000E+00  0.000E+00  0.000E+00  6.283E+00
  1.280E-01  1.394E-01  0.000E+00  0.000E+00  0.000E+00  6.283E+00
  1.394E-01  1.517E-01  0.000E+00  0.000E+00  0.000E+00  6.283E+00
  1.517E-01  1.652E-01  0.000E+00  0.000E+00  0.000E+00  6.283E+00
  1.652E-01  1.799E-01  0.000E+00  0.000E+00  0.000E+00  6.283E+00
  1.799E-01  1.959E-01  0.000E+00  0.000E+00  0.000E+00  6.283E+00
  1.959E-01  2.133E-01  0.000E+00  0.000E+00  0.000E+00  6.283E+00
  2.133E-01  2.323E-01  0.000E+00  0.000E+00  0.000E+00  6.283E+00
  2.323E-01  2.530E-01  0.000E+00  0.000E+00  0.000E+00  6.283E+00
  2.530E-01  2.754E-01  0.000E+00  0.000E+00  0.000E+00  6.283E+00
  2.754E-01  2.999E-01  0.000E+00  0.000E+00  0.000E+00  6.283E+00
  2.999E-01  3.266E-01  0.000E+00  0.000E+00  0.000E+00  6.283E+00
  3.266E-01  3.556E-01  0.000E+00  0.000E+00  0.000E+00  6.283E+00
  3.556E-01  3.873E-01  0.000E+00  0.000E+00  0.000E+00  6.283E+00
  3.873E-01  4.217E-01  0.000E+00  0.000E+00  0.000E+00  6.283E+00
  4.217E-01  4.592E-01  0.000E+00  0.000E+00  0.000E+00  6.283E+00
  4.592E-01  5.000E-01  0.000E+00  0.000E+00  0.000E+00  6.283E+00
  5.000E-01  5.000E-01  0.000E+00  0.000E+00  0.000E+00  6.283E+00

  1.000E-04  1.000E-04  0.000E+00  0.000E+00  6.283E+00  6.283E+00
  1.089E-04  1.089E-04  0.000E+00  0.000E+00  6.283E+00  6.283E+00
  1.186E-04  1.186E-04  0.000E+00  0.000E+00  6.283E+00  6.283E+00
  1.291E-04  1.291E-04  0.000E+00  0.000E+00  6.283E+00  6.283E+00
  1.406E-04  1.406E-04  0.000E+00  0.000E+00  6.283E+00  6.283E+00
  1.531E-04  1.531E-04  0.000E+00  0.000E+00  6.283E+00  6.283E+00
  1.667E-04  1.667E-04  0.000E+00  0.000E+00  6.283E+00  6.283E+00
  1.815E-04  1.815E-04  0.000E+00  0.000E+00  6.283E+00  6.283E+00
  1.977E-04  1.977E-04  0.000E+00  0.000E+00  6.283E+00  6.283E+00
  2.152E-04  2.152E-04  0.000E+00  0.000E+00  6.283E+00  6.283E+00
  2.344E-04  2.344E-04  0.000E+00  0.000E+00  6.283E+00  6.283E+00
  2.552E-04  2.552E-04  0.000E+00  0.000E+00  6.283E+00  6.283E+00
  2.779E-04  2.779E-04  0.000E+00  0.000E+00  6.283E+00  6.283E+00
  3.026E-04  3.026E-04  0.000E+00  0.000E+00  6.283E+00  6.283E+00
  3.295E-04  3.295E-04  0.000E+00  0.000E+00  6.283E+00  6.283E+00
  3.588E-04  3.588E-04  0.000E+00  0.000E+00  6.283E+00  6.283E+00
  3.907E-04  3.907E-04  0.000E+00  0.000E+00  6.283E+00  6.283E+00
  4.254E-04  4.254E-04  0.000E+00  0.000E+00  6.283E+00  6.283E+00
  4.632E-04  4.632E-04  0.000E+00  0.000E+00  6.283E+00  6.283E+00
  5.044E-04  5.044E-04  0.000E+00  0.000E+00  6.283E+00  6.283E+00
  5.493E-04  5.493E-04  0.000E+00  0.000E+00  6.283E+00  6.283E+00
  5.981E-04  5.981E-04  0.000E+00  0.000E+00  6.283E+00  6.283E+00
  6.513E-04  6.513E-04  0.000E+00  0.000E+00  6.283E+00  6.283E+00
  7.092E-04  7.092E-04  0.000E+00  0.000E+00  6.283E+00  6.283E+00
  7.722E-04  7.722E-04  0.000E+00  0.000E+00  6.283E+00  6.283E+00
  8.409E-04  8.409E-04  0.000E+00  0.000E+00  6.283E+00  6.283E+00
  9.157E-04  9.157E-04  0.000E+00  0.000E+00  6.283E+00  6.283E+00
  9.971E-04  9.971E-04  0.000E+00  0.000E+00  6.283E+00  6.283E+00
  1.086E-03  1.086E-03  0.000E+00  0.000E+00  6.283E+00  6.283E+00
  1.182E-03  1.182E-03  0.000E+00  0.000E+00  6.283E+00  6.283E+00
  1.287E-03  1.287E-03  0.000E+00  0.000E+00  6.283E+00  6.283E+00
  1.402E-03  1.402E-03  0.000E+00  0.000E+00  6.283E+00  6.283E+00
  1.526E-03  1.526E-03  0.000E+00  0.000E+00  6.283E+00  6.283E+00
  1.662E-03  1.662E-03  0.000E+00  0.000E+00  6.283E+00  6.283E+00
  1.810E-03  1.810E-03  0.000E+00  0.000E+00  6.283E+00  6.283E+00
  1.971E-03  1.971E-03  0.000E+00  0.000E+00  6.283E+00  6.283E+00
  2.146E-03  2.146E-03  0.000E+00  0.000E+00  6.283E+00  6.283E+00
  2.337E-03  2.337E-03  0.000E+00  0.000E+00  6.283E+00  6.283E+00
  2.545E-03  2.545E-03  0.000E+00  0.000E+00  6.283E+00  6.283E+00
  2.771E-03  2.771E-03  0.000E+00  0.000E+00  6.283E+00  6.283E+00
  3.017E-03  3.017E-03  0.000E+00  0.000E+00  6.283E+00  6.283E+00
  3.285E-03  3.285E-03  0.000E+00  0.000E+00  6.283E+00  6.283E+00
  3.577E-03  3.577E-03  0.000E+00  0.000E+00  6.283E+00  6.283E+00
  3.895E-03  3.895E-03  0.000E+00  0.000E+00  6.283E+00  6.283E+00
  4.242E-03  4.242E-03  0.000E+00  0.000E+00  6.283E+00  6.283E+00
  4.619E-03  4.619E-03  0.000E+00  0.000E+00  6.283E+00  6.283E+00
  5.030E-03  5.030E-03  0.000E+00  0.000E+00  6.283E+00  6.283E+00
  5.477E-03  5.477E-03  0.000E+00  0.000E+00  6.283E+00  6.283E+00
  5.964E-03  5.964E-03  0.000E+00  0.000E+00  6.283E+00  6.283E+00
  6.494E-03  6.494E-03  0.000E+00  0.000E+00  6.283E+00  6.283E+00
  7.071E-03  7.071E-03  0.000E+00  0.000E+00  6.283E+00  6.283E+00
  7.700E-03  7.700E-03  0.000E+00  0.000E+00  6.283E+00  6.283E+00
  8.384E-03  8.384E-03  0.000E+00  0.000E+00  6.283E+00  6.283E+00
  9.130E-03  9.130E-03  0.000E+00  0.000E+00  6.283E+00  6.283E+00
  9.941E-03  9.941E-03  0.000E+00  0.000E+00  6.283E+00  6.283E+00
  1.083E-02  1.083E-02  0.000E+00  0.000E+00  6.283E+00  6.283E+00
  1.179E-02  1.179E-02  0.000E+00  0.000E+00  6.283E+00  6.283E+00
  1.284E-02  1.284E-02  0.000E+00  0.000E+00  6.283E+00  6.283E+00
  1.398E-02  1.398E-02  0.000E+00  0.000E+00  6.283E+00  6.283E+00
  1.522E-02  1.522E-02  0.000E+00  0.000E+00  6.283E+00  6.283E+00
  1.657E-02  1.657E-02  0.000E+00  0.000E+00  6.283E+00  6.283E+00
  1.805E-02  1.805E-02  0.000E+00  0.000E+00  6.283E+00  6.283E+00
  1.965E-02  1.965E-02  0.000E+00  0.000E+00  6.283E+00  6.283E+00
  2.140E-02  2.140E-02  0.000E+00  0.000E+00  6.283E+00  6.283E+00
  2.330E-02  2.330E-02  0.000E+00  0.000E+00  6.283E+00  6.283E+00
  2.537E-02  2.537E-02  0.000E+00  0.000E+00  6.283E+00  6.283E+00
  2.763E-02  2.763E-02  0.000E+00  0.000E+00  6.283E+00  6.283E+00
  3.008E-02  3.008E-02  0.000E+00  0.000E+00  6.283E+00  6.283E+00
  3.276E-02  3.276E-02  0.000E+00  0.000E+00  6.283E+00  6.283E+00
  3.567E-02  3.567E-02  0.000E+00  0.000E+00  6.283E+00  6.283E+00
  3.884E-02  3.884E-02  0.000E+00  0.000E+00  6.283E+00  6.283E+00
  4.229E-02  4.229E-02  0.000E+00  0.000E+00  6.283E+00  6.283E+00
  4.605E-02  4.605E-02  0.000E+00  0.000E+00  6.283E+00  6.283E+00
  5.015E-02  5.015E-02  0.000E+00  0.000E+00  6.283E+00  6.283E+00
  5.461E-02  5.461E-02  0.000E+00  0.000E+00  6.283E+00  6.283E+00
  5.946E-02  5.946E-02  0.000E+00  0.000E+00  6.283E+00  6.283E+00
  6.475E-02  6.475E-02  0.000E+00  0.000E+00  6.283E+00  6.283E+00
  7.050E-02  7.050E-02  0.000E+00  0.000E+00  6.283E+00  6.283E+00
  7.677E-02  7.677E-02  0.000E+00  0.000E+00  6.283E+00  6.283E+00
  8.360E-02  8.360E-02  0.000E+00  0.000E+00  6.283E+00  6.283E+00
  9.103E-02  9.103E-02  0.000E+00  0.000E+00  6.283E+00  6.283E+00
  9.912E-02  9.912E-02  0.000E+00  0.000E+00  6.283E+00  6.283E+00
  1.079E-01  1.079E-01  0.000E+00  0.000E+00  6.283E+00  6.283E+00
  1.175E-01  1.175E-01  0.000E+00  0.000E+00  6.283E+00  6.283E+00
  1.280E-01  1.280E-01  0.000E+00  0.000E+00  6.283E+00  6.283E+00
  1.394E-01  1.394E-01  0.000E+00  0.000E+00  6.283E+00  6.283E+00
  1.517E-01  1.517E-01  0.000E+00  0.000E+00  6.283E+00  6.283E+00
  1.652E-01  1.652E-01  0.000E+00  0.000E+00  6.283E+00  6.283E+00
  1.799E-01  1.799E-01  0.000E+00  0.000E+00  6.283E+00  6.283E+00
  1.959E-01  1.959E-01  0.000E+00  0.000E+00  6.283E+00  6.283E+00
  2.133E-01  2.133E-01  0.000E+00  0.000E+00  6.283E+00  6.283E+00
  2.323E-01  2.323E-01  0.000E+00  0.000E+00  6.283E+00  6.283E+00
  2.530E-01  2.530E-01  0.000E+00  0.000E+00  6.283E+00  6.283E+00
  2.754E-01  2.754E-01  0.000E+00  0.000E+00  6.283E+00  6.283E+00
  2.999E-01  2.999E-01  0.000E+00  0.000E+00  6.283E+00  6.283E+00
  3.266E-01  3.266E-01  0.000E+00  0.000E+00  6.283E+00  6.283E+00
  3.556E-01  3.556E-01  0.000E+00  0.000E+00  6.283E+00  6.283E+00
  3.873E-01  3.873E-01  0.000E+00  0.000E+00  6.283E+00  6.283E+00
  4.217E-01  4.217E-01  0.000E+00  0.000E+00  6.283E+00  6.283E+00
  4.592E-01  4.592E-01  0.000E+00  0.000E+00  6.283E+00  6.283E+00
  5.000E-01  5.000E-01  0.000E+00  0.000E+00  6.283E+00  6.283E+00
