 # Detector n:            1   BdxElec   (integrated over solid angle)
 # N. of energy intervals         100
  1.000E-04  1.089E-04  1.213E-05  3.843E+01
  1.089E-04  1.186E-04  1.572E-05  2.967E+01
  1.186E-04  1.291E-04  9.761E-06  3.927E+01
  1.291E-04  1.406E-04  1.802E-05  4.010E+01
  1.406E-04  1.531E-04  1.712E-05  2.123E+01
  1.531E-04  1.667E-04  1.511E-05  4.693E+00
  1.667E-04  1.815E-04  1.412E-05  3.507E+01
  1.815E-04  1.977E-04  1.987E-05  3.006E+01
  1.977E-04  2.152E-04  1.702E-05  3.267E+01
  2.152E-04  2.344E-04  3.339E-05  3.586E+01
  2.344E-04  2.552E-04  1.681E-05  3.263E+01
  2.552E-04  2.779E-04  1.442E-05  5.633E+01
  2.779E-04  3.026E-04  9.896E-06  2.506E+01
  3.026E-04  3.295E-04  1.089E-05  3.935E+01
  3.295E-04  3.588E-04  7.843E-06  3.867E+01
  3.588E-04  3.907E-04  4.642E-06  3.868E+01
  3.907E-04  4.254E-04  6.227E-06  2.712E+01
  4.254E-04  4.632E-04  4.930E-06  3.628E+01
  4.632E-04  5.044E-04  1.203E-05  3.592E+01
  5.044E-04  5.493E-04  1.158E-05  1.874E+01
  5.493E-04  5.981E-04  7.850E-06  2.380E+01
  5.981E-04  6.513E-04  1.149E-05  3.053E+01
  6.513E-04  7.092E-04  1.059E-05  3.117E+01
  7.092E-04  7.722E-04  6.961E-06  2.375E+01
  7.722E-04  8.409E-04  1.018E-05  1.911E+01
  8.409E-04  9.157E-04  7.503E-06  1.363E+01
  9.157E-04  9.971E-04  9.091E-06  2.357E+01
  9.971E-04  1.086E-03  9.802E-06  3.500E+01
  1.086E-03  1.182E-03  6.021E-06  1.291E+01
  1.182E-03  1.287E-03  8.401E-06  3.223E+01
  1.287E-03  1.402E-03  6.866E-06  1.644E+01
  1.402E-03  1.526E-03  5.862E-06  9.539E+00
  1.526E-03  1.662E-03  8.362E-06  1.547E+01
  1.662E-03  1.810E-03  7.234E-06  2.138E+01
  1.810E-03  1.971E-03  5.463E-06  5.378E+00
  1.971E-03  2.146E-03  5.724E-06  1.484E+01
  2.146E-03  2.337E-03  5.484E-06  1.725E+01
  2.337E-03  2.545E-03  5.261E-06  1.703E+01
  2.545E-03  2.771E-03  3.428E-06  1.868E+01
  2.771E-03  3.017E-03  4.327E-06  1.671E+01
  3.017E-03  3.285E-03  4.590E-06  1.702E+01
  3.285E-03  3.577E-03  2.758E-06  1.121E+01
  3.577E-03  3.895E-03  2.958E-06  1.248E+01
  3.895E-03  4.242E-03  3.443E-06  4.551E+01
  4.242E-03  4.619E-03  1.027E-06  2.793E+01
  4.619E-03  5.030E-03  1.024E-06  2.024E+01
  5.030E-03  5.477E-03  5.422E-07  2.363E+01
  5.477E-03  5.964E-03  5.402E-07  3.783E+01
  5.964E-03  6.494E-03  4.931E-07  4.817E+01
  6.494E-03  7.071E-03  1.950E-07  4.452E+01
  7.071E-03  7.700E-03  1.355E-07  6.773E+01
  7.700E-03  8.384E-03  1.333E-07  6.276E+01
  8.384E-03  9.130E-03  1.715E-08  9.900E+01
  9.130E-03  9.941E-03  0.000E+00  0.000E+00
  9.941E-03  1.083E-02  0.000E+00  0.000E+00
  1.083E-02  1.179E-02  1.198E-08  9.900E+01
  1.179E-02  1.284E-02  0.000E+00  0.000E+00
  1.284E-02  1.398E-02  0.000E+00  0.000E+00
  1.398E-02  1.522E-02  0.000E+00  0.000E+00
  1.522E-02  1.657E-02  0.000E+00  0.000E+00
  1.657E-02  1.805E-02  0.000E+00  0.000E+00
  1.805E-02  1.965E-02  0.000E+00  0.000E+00
  1.965E-02  2.140E-02  0.000E+00  0.000E+00
  2.140E-02  2.330E-02  0.000E+00  0.000E+00
  2.330E-02  2.537E-02  0.000E+00  0.000E+00
  2.537E-02  2.763E-02  0.000E+00  0.000E+00
  2.763E-02  3.008E-02  0.000E+00  0.000E+00
  3.008E-02  3.276E-02  0.000E+00  0.000E+00
  3.276E-02  3.567E-02  0.000E+00  0.000E+00
  3.567E-02  3.884E-02  0.000E+00  0.000E+00
  3.884E-02  4.229E-02  0.000E+00  0.000E+00
  4.229E-02  4.605E-02  0.000E+00  0.000E+00
  4.605E-02  5.015E-02  0.000E+00  0.000E+00
  5.015E-02  5.461E-02  0.000E+00  0.000E+00
  5.461E-02  5.946E-02  0.000E+00  0.000E+00
  5.946E-02  6.475E-02  0.000E+00  0.000E+00
  6.475E-02  7.050E-02  0.000E+00  0.000E+00
  7.050E-02  7.677E-02  0.000E+00  0.000E+00
  7.677E-02  8.360E-02  0.000E+00  0.000E+00
  8.360E-02  9.103E-02  0.000E+00  0.000E+00
  9.103E-02  9.912E-02  0.000E+00  0.000E+00
  9.912E-02  1.079E-01  0.000E+00  0.000E+00
  1.079E-01  1.175E-01  0.000E+00  0.000E+00
  1.175E-01  1.280E-01  0.000E+00  0.000E+00
  1.280E-01  1.394E-01  0.000E+00  0.000E+00
  1.394E-01  1.517E-01  0.000E+00  0.000E+00
  1.517E-01  1.652E-01  0.000E+00  0.000E+00
  1.652E-01  1.799E-01  0.000E+00  0.000E+00
  1.799E-01  1.959E-01  0.000E+00  0.000E+00
  1.959E-01  2.133E-01  0.000E+00  0.000E+00
  2.133E-01  2.323E-01  0.000E+00  0.000E+00
  2.323E-01  2.530E-01  0.000E+00  0.000E+00
  2.530E-01  2.754E-01  0.000E+00  0.000E+00
  2.754E-01  2.999E-01  0.000E+00  0.000E+00
  2.999E-01  3.266E-01  0.000E+00  0.000E+00
  3.266E-01  3.556E-01  0.000E+00  0.000E+00
  3.556E-01  3.873E-01  0.000E+00  0.000E+00
  3.873E-01  4.217E-01  0.000E+00  0.000E+00
  4.217E-01  4.592E-01  0.000E+00  0.000E+00
  4.592E-01  5.000E-01  0.000E+00  0.000E+00


 # double differential distributions
 # number of solid angle intervals           1
 # Block n:            1     0.00000000      :   6.28318548    
  1.000E-04  1.089E-04  1.930E-06  3.843E+01  0.000E+00  6.283E+00
  1.089E-04  1.186E-04  2.502E-06  2.967E+01  0.000E+00  6.283E+00
  1.186E-04  1.291E-04  1.553E-06  3.927E+01  0.000E+00  6.283E+00
  1.291E-04  1.406E-04  2.867E-06  4.010E+01  0.000E+00  6.283E+00
  1.406E-04  1.531E-04  2.725E-06  2.123E+01  0.000E+00  6.283E+00
  1.531E-04  1.667E-04  2.405E-06  4.693E+00  0.000E+00  6.283E+00
  1.667E-04  1.815E-04  2.248E-06  3.507E+01  0.000E+00  6.283E+00
  1.815E-04  1.977E-04  3.163E-06  3.006E+01  0.000E+00  6.283E+00
  1.977E-04  2.152E-04  2.708E-06  3.267E+01  0.000E+00  6.283E+00
  2.152E-04  2.344E-04  5.314E-06  3.586E+01  0.000E+00  6.283E+00
  2.344E-04  2.552E-04  2.676E-06  3.263E+01  0.000E+00  6.283E+00
  2.552E-04  2.779E-04  2.296E-06  5.633E+01  0.000E+00  6.283E+00
  2.779E-04  3.026E-04  1.575E-06  2.506E+01  0.000E+00  6.283E+00
  3.026E-04  3.295E-04  1.733E-06  3.935E+01  0.000E+00  6.283E+00
  3.295E-04  3.588E-04  1.248E-06  3.867E+01  0.000E+00  6.283E+00
  3.588E-04  3.907E-04  7.389E-07  3.868E+01  0.000E+00  6.283E+00
  3.907E-04  4.254E-04  9.911E-07  2.712E+01  0.000E+00  6.283E+00
  4.254E-04  4.632E-04  7.847E-07  3.628E+01  0.000E+00  6.283E+00
  4.632E-04  5.044E-04  1.914E-06  3.592E+01  0.000E+00  6.283E+00
  5.044E-04  5.493E-04  1.842E-06  1.874E+01  0.000E+00  6.283E+00
  5.493E-04  5.981E-04  1.249E-06  2.380E+01  0.000E+00  6.283E+00
  5.981E-04  6.513E-04  1.828E-06  3.053E+01  0.000E+00  6.283E+00
  6.513E-04  7.092E-04  1.685E-06  3.117E+01  0.000E+00  6.283E+00
  7.092E-04  7.722E-04  1.108E-06  2.375E+01  0.000E+00  6.283E+00
  7.722E-04  8.409E-04  1.620E-06  1.911E+01  0.000E+00  6.283E+00
  8.409E-04  9.157E-04  1.194E-06  1.363E+01  0.000E+00  6.283E+00
  9.157E-04  9.971E-04  1.447E-06  2.357E+01  0.000E+00  6.283E+00
  9.971E-04  1.086E-03  1.560E-06  3.500E+01  0.000E+00  6.283E+00
  1.086E-03  1.182E-03  9.583E-07  1.291E+01  0.000E+00  6.283E+00
  1.182E-03  1.287E-03  1.337E-06  3.223E+01  0.000E+00  6.283E+00
  1.287E-03  1.402E-03  1.093E-06  1.644E+01  0.000E+00  6.283E+00
  1.402E-03  1.526E-03  9.330E-07  9.539E+00  0.000E+00  6.283E+00
  1.526E-03  1.662E-03  1.331E-06  1.547E+01  0.000E+00  6.283E+00
  1.662E-03  1.810E-03  1.151E-06  2.138E+01  0.000E+00  6.283E+00
  1.810E-03  1.971E-03  8.694E-07  5.378E+00  0.000E+00  6.283E+00
  1.971E-03  2.146E-03  9.110E-07  1.484E+01  0.000E+00  6.283E+00
  2.146E-03  2.337E-03  8.729E-07  1.725E+01  0.000E+00  6.283E+00
  2.337E-03  2.545E-03  8.373E-07  1.703E+01  0.000E+00  6.283E+00
  2.545E-03  2.771E-03  5.455E-07  1.868E+01  0.000E+00  6.283E+00
  2.771E-03  3.017E-03  6.886E-07  1.671E+01  0.000E+00  6.283E+00
  3.017E-03  3.285E-03  7.305E-07  1.702E+01  0.000E+00  6.283E+00
  3.285E-03  3.577E-03  4.390E-07  1.121E+01  0.000E+00  6.283E+00
  3.577E-03  3.895E-03  4.707E-07  1.248E+01  0.000E+00  6.283E+00
  3.895E-03  4.242E-03  5.480E-07  4.551E+01  0.000E+00  6.283E+00
  4.242E-03  4.619E-03  1.635E-07  2.793E+01  0.000E+00  6.283E+00
  4.619E-03  5.030E-03  1.630E-07  2.024E+01  0.000E+00  6.283E+00
  5.030E-03  5.477E-03  8.629E-08  2.363E+01  0.000E+00  6.283E+00
  5.477E-03  5.964E-03  8.597E-08  3.783E+01  0.000E+00  6.283E+00
  5.964E-03  6.494E-03  7.848E-08  4.817E+01  0.000E+00  6.283E+00
  6.494E-03  7.071E-03  3.104E-08  4.452E+01  0.000E+00  6.283E+00
  7.071E-03  7.700E-03  2.156E-08  6.773E+01  0.000E+00  6.283E+00
  7.700E-03  8.384E-03  2.121E-08  6.276E+01  0.000E+00  6.283E+00
  8.384E-03  9.130E-03  2.730E-09  9.900E+01  0.000E+00  6.283E+00
  9.130E-03  9.941E-03  0.000E+00  0.000E+00  0.000E+00  6.283E+00
  9.941E-03  1.083E-02  0.000E+00  0.000E+00  0.000E+00  6.283E+00
  1.083E-02  1.179E-02  1.906E-09  9.900E+01  0.000E+00  6.283E+00
  1.179E-02  1.284E-02  0.000E+00  0.000E+00  0.000E+00  6.283E+00
  1.284E-02  1.398E-02  0.000E+00  0.000E+00  0.000E+00  6.283E+00
  1.398E-02  1.522E-02  0.000E+00  0.000E+00  0.000E+00  6.283E+00
  1.522E-02  1.657E-02  0.000E+00  0.000E+00  0.000E+00  6.283E+00
  1.657E-02  1.805E-02  0.000E+00  0.000E+00  0.000E+00  6.283E+00
  1.805E-02  1.965E-02  0.000E+00  0.000E+00  0.000E+00  6.283E+00
  1.965E-02  2.140E-02  0.000E+00  0.000E+00  0.000E+00  6.283E+00
  2.140E-02  2.330E-02  0.000E+00  0.000E+00  0.000E+00  6.283E+00
  2.330E-02  2.537E-02  0.000E+00  0.000E+00  0.000E+00  6.283E+00
  2.537E-02  2.763E-02  0.000E+00  0.000E+00  0.000E+00  6.283E+00
  2.763E-02  3.008E-02  0.000E+00  0.000E+00  0.000E+00  6.283E+00
  3.008E-02  3.276E-02  0.000E+00  0.000E+00  0.000E+00  6.283E+00
  3.276E-02  3.567E-02  0.000E+00  0.000E+00  0.000E+00  6.283E+00
  3.567E-02  3.884E-02  0.000E+00  0.000E+00  0.000E+00  6.283E+00
  3.884E-02  4.229E-02  0.000E+00  0.000E+00  0.000E+00  6.283E+00
  4.229E-02  4.605E-02  0.000E+00  0.000E+00  0.000E+00  6.283E+00
  4.605E-02  5.015E-02  0.000E+00  0.000E+00  0.000E+00  6.283E+00
  5.015E-02  5.461E-02  0.000E+00  0.000E+00  0.000E+00  6.283E+00
  5.461E-02  5.946E-02  0.000E+00  0.000E+00  0.000E+00  6.283E+00
  5.946E-02  6.475E-02  0.000E+00  0.000E+00  0.000E+00  6.283E+00
  6.475E-02  7.050E-02  0.000E+00  0.000E+00  0.000E+00  6.283E+00
  7.050E-02  7.677E-02  0.000E+00  0.000E+00  0.000E+00  6.283E+00
  7.677E-02  8.360E-02  0.000E+00  0.000E+00  0.000E+00  6.283E+00
  8.360E-02  9.103E-02  0.000E+00  0.000E+00  0.000E+00  6.283E+00
  9.103E-02  9.912E-02  0.000E+00  0.000E+00  0.000E+00  6.283E+00
  9.912E-02  1.079E-01  0.000E+00  0.000E+00  0.000E+00  6.283E+00
  1.079E-01  1.175E-01  0.000E+00  0.000E+00  0.000E+00  6.283E+00
  1.175E-01  1.280E-01  0.000E+00  0.000E+00  0.000E+00  6.283E+00
  1.280E-01  1.394E-01  0.000E+00  0.000E+00  0.000E+00  6.283E+00
  1.394E-01  1.517E-01  0.000E+00  0.000E+00  0.000E+00  6.283E+00
  1.517E-01  1.652E-01  0.000E+00  0.000E+00  0.000E+00  6.283E+00
  1.652E-01  1.799E-01  0.000E+00  0.000E+00  0.000E+00  6.283E+00
  1.799E-01  1.959E-01  0.000E+00  0.000E+00  0.000E+00  6.283E+00
  1.959E-01  2.133E-01  0.000E+00  0.000E+00  0.000E+00  6.283E+00
  2.133E-01  2.323E-01  0.000E+00  0.000E+00  0.000E+00  6.283E+00
  2.323E-01  2.530E-01  0.000E+00  0.000E+00  0.000E+00  6.283E+00
  2.530E-01  2.754E-01  0.000E+00  0.000E+00  0.000E+00  6.283E+00
  2.754E-01  2.999E-01  0.000E+00  0.000E+00  0.000E+00  6.283E+00
  2.999E-01  3.266E-01  0.000E+00  0.000E+00  0.000E+00  6.283E+00
  3.266E-01  3.556E-01  0.000E+00  0.000E+00  0.000E+00  6.283E+00
  3.556E-01  3.873E-01  0.000E+00  0.000E+00  0.000E+00  6.283E+00
  3.873E-01  4.217E-01  0.000E+00  0.000E+00  0.000E+00  6.283E+00
  4.217E-01  4.592E-01  0.000E+00  0.000E+00  0.000E+00  6.283E+00
  4.592E-01  5.000E-01  0.000E+00  0.000E+00  0.000E+00  6.283E+00
  5.000E-01  5.000E-01  0.000E+00  0.000E+00  0.000E+00  6.283E+00

  1.000E-04  1.000E-04  0.000E+00  0.000E+00  6.283E+00  6.283E+00
  1.089E-04  1.089E-04  0.000E+00  0.000E+00  6.283E+00  6.283E+00
  1.186E-04  1.186E-04  0.000E+00  0.000E+00  6.283E+00  6.283E+00
  1.291E-04  1.291E-04  0.000E+00  0.000E+00  6.283E+00  6.283E+00
  1.406E-04  1.406E-04  0.000E+00  0.000E+00  6.283E+00  6.283E+00
  1.531E-04  1.531E-04  0.000E+00  0.000E+00  6.283E+00  6.283E+00
  1.667E-04  1.667E-04  0.000E+00  0.000E+00  6.283E+00  6.283E+00
  1.815E-04  1.815E-04  0.000E+00  0.000E+00  6.283E+00  6.283E+00
  1.977E-04  1.977E-04  0.000E+00  0.000E+00  6.283E+00  6.283E+00
  2.152E-04  2.152E-04  0.000E+00  0.000E+00  6.283E+00  6.283E+00
  2.344E-04  2.344E-04  0.000E+00  0.000E+00  6.283E+00  6.283E+00
  2.552E-04  2.552E-04  0.000E+00  0.000E+00  6.283E+00  6.283E+00
  2.779E-04  2.779E-04  0.000E+00  0.000E+00  6.283E+00  6.283E+00
  3.026E-04  3.026E-04  0.000E+00  0.000E+00  6.283E+00  6.283E+00
  3.295E-04  3.295E-04  0.000E+00  0.000E+00  6.283E+00  6.283E+00
  3.588E-04  3.588E-04  0.000E+00  0.000E+00  6.283E+00  6.283E+00
  3.907E-04  3.907E-04  0.000E+00  0.000E+00  6.283E+00  6.283E+00
  4.254E-04  4.254E-04  0.000E+00  0.000E+00  6.283E+00  6.283E+00
  4.632E-04  4.632E-04  0.000E+00  0.000E+00  6.283E+00  6.283E+00
  5.044E-04  5.044E-04  0.000E+00  0.000E+00  6.283E+00  6.283E+00
  5.493E-04  5.493E-04  0.000E+00  0.000E+00  6.283E+00  6.283E+00
  5.981E-04  5.981E-04  0.000E+00  0.000E+00  6.283E+00  6.283E+00
  6.513E-04  6.513E-04  0.000E+00  0.000E+00  6.283E+00  6.283E+00
  7.092E-04  7.092E-04  0.000E+00  0.000E+00  6.283E+00  6.283E+00
  7.722E-04  7.722E-04  0.000E+00  0.000E+00  6.283E+00  6.283E+00
  8.409E-04  8.409E-04  0.000E+00  0.000E+00  6.283E+00  6.283E+00
  9.157E-04  9.157E-04  0.000E+00  0.000E+00  6.283E+00  6.283E+00
  9.971E-04  9.971E-04  0.000E+00  0.000E+00  6.283E+00  6.283E+00
  1.086E-03  1.086E-03  0.000E+00  0.000E+00  6.283E+00  6.283E+00
  1.182E-03  1.182E-03  0.000E+00  0.000E+00  6.283E+00  6.283E+00
  1.287E-03  1.287E-03  0.000E+00  0.000E+00  6.283E+00  6.283E+00
  1.402E-03  1.402E-03  0.000E+00  0.000E+00  6.283E+00  6.283E+00
  1.526E-03  1.526E-03  0.000E+00  0.000E+00  6.283E+00  6.283E+00
  1.662E-03  1.662E-03  0.000E+00  0.000E+00  6.283E+00  6.283E+00
  1.810E-03  1.810E-03  0.000E+00  0.000E+00  6.283E+00  6.283E+00
  1.971E-03  1.971E-03  0.000E+00  0.000E+00  6.283E+00  6.283E+00
  2.146E-03  2.146E-03  0.000E+00  0.000E+00  6.283E+00  6.283E+00
  2.337E-03  2.337E-03  0.000E+00  0.000E+00  6.283E+00  6.283E+00
  2.545E-03  2.545E-03  0.000E+00  0.000E+00  6.283E+00  6.283E+00
  2.771E-03  2.771E-03  0.000E+00  0.000E+00  6.283E+00  6.283E+00
  3.017E-03  3.017E-03  0.000E+00  0.000E+00  6.283E+00  6.283E+00
  3.285E-03  3.285E-03  0.000E+00  0.000E+00  6.283E+00  6.283E+00
  3.577E-03  3.577E-03  0.000E+00  0.000E+00  6.283E+00  6.283E+00
  3.895E-03  3.895E-03  0.000E+00  0.000E+00  6.283E+00  6.283E+00
  4.242E-03  4.242E-03  0.000E+00  0.000E+00  6.283E+00  6.283E+00
  4.619E-03  4.619E-03  0.000E+00  0.000E+00  6.283E+00  6.283E+00
  5.030E-03  5.030E-03  0.000E+00  0.000E+00  6.283E+00  6.283E+00
  5.477E-03  5.477E-03  0.000E+00  0.000E+00  6.283E+00  6.283E+00
  5.964E-03  5.964E-03  0.000E+00  0.000E+00  6.283E+00  6.283E+00
  6.494E-03  6.494E-03  0.000E+00  0.000E+00  6.283E+00  6.283E+00
  7.071E-03  7.071E-03  0.000E+00  0.000E+00  6.283E+00  6.283E+00
  7.700E-03  7.700E-03  0.000E+00  0.000E+00  6.283E+00  6.283E+00
  8.384E-03  8.384E-03  0.000E+00  0.000E+00  6.283E+00  6.283E+00
  9.130E-03  9.130E-03  0.000E+00  0.000E+00  6.283E+00  6.283E+00
  9.941E-03  9.941E-03  0.000E+00  0.000E+00  6.283E+00  6.283E+00
  1.083E-02  1.083E-02  0.000E+00  0.000E+00  6.283E+00  6.283E+00
  1.179E-02  1.179E-02  0.000E+00  0.000E+00  6.283E+00  6.283E+00
  1.284E-02  1.284E-02  0.000E+00  0.000E+00  6.283E+00  6.283E+00
  1.398E-02  1.398E-02  0.000E+00  0.000E+00  6.283E+00  6.283E+00
  1.522E-02  1.522E-02  0.000E+00  0.000E+00  6.283E+00  6.283E+00
  1.657E-02  1.657E-02  0.000E+00  0.000E+00  6.283E+00  6.283E+00
  1.805E-02  1.805E-02  0.000E+00  0.000E+00  6.283E+00  6.283E+00
  1.965E-02  1.965E-02  0.000E+00  0.000E+00  6.283E+00  6.283E+00
  2.140E-02  2.140E-02  0.000E+00  0.000E+00  6.283E+00  6.283E+00
  2.330E-02  2.330E-02  0.000E+00  0.000E+00  6.283E+00  6.283E+00
  2.537E-02  2.537E-02  0.000E+00  0.000E+00  6.283E+00  6.283E+00
  2.763E-02  2.763E-02  0.000E+00  0.000E+00  6.283E+00  6.283E+00
  3.008E-02  3.008E-02  0.000E+00  0.000E+00  6.283E+00  6.283E+00
  3.276E-02  3.276E-02  0.000E+00  0.000E+00  6.283E+00  6.283E+00
  3.567E-02  3.567E-02  0.000E+00  0.000E+00  6.283E+00  6.283E+00
  3.884E-02  3.884E-02  0.000E+00  0.000E+00  6.283E+00  6.283E+00
  4.229E-02  4.229E-02  0.000E+00  0.000E+00  6.283E+00  6.283E+00
  4.605E-02  4.605E-02  0.000E+00  0.000E+00  6.283E+00  6.283E+00
  5.015E-02  5.015E-02  0.000E+00  0.000E+00  6.283E+00  6.283E+00
  5.461E-02  5.461E-02  0.000E+00  0.000E+00  6.283E+00  6.283E+00
  5.946E-02  5.946E-02  0.000E+00  0.000E+00  6.283E+00  6.283E+00
  6.475E-02  6.475E-02  0.000E+00  0.000E+00  6.283E+00  6.283E+00
  7.050E-02  7.050E-02  0.000E+00  0.000E+00  6.283E+00  6.283E+00
  7.677E-02  7.677E-02  0.000E+00  0.000E+00  6.283E+00  6.283E+00
  8.360E-02  8.360E-02  0.000E+00  0.000E+00  6.283E+00  6.283E+00
  9.103E-02  9.103E-02  0.000E+00  0.000E+00  6.283E+00  6.283E+00
  9.912E-02  9.912E-02  0.000E+00  0.000E+00  6.283E+00  6.283E+00
  1.079E-01  1.079E-01  0.000E+00  0.000E+00  6.283E+00  6.283E+00
  1.175E-01  1.175E-01  0.000E+00  0.000E+00  6.283E+00  6.283E+00
  1.280E-01  1.280E-01  0.000E+00  0.000E+00  6.283E+00  6.283E+00
  1.394E-01  1.394E-01  0.000E+00  0.000E+00  6.283E+00  6.283E+00
  1.517E-01  1.517E-01  0.000E+00  0.000E+00  6.283E+00  6.283E+00
  1.652E-01  1.652E-01  0.000E+00  0.000E+00  6.283E+00  6.283E+00
  1.799E-01  1.799E-01  0.000E+00  0.000E+00  6.283E+00  6.283E+00
  1.959E-01  1.959E-01  0.000E+00  0.000E+00  6.283E+00  6.283E+00
  2.133E-01  2.133E-01  0.000E+00  0.000E+00  6.283E+00  6.283E+00
  2.323E-01  2.323E-01  0.000E+00  0.000E+00  6.283E+00  6.283E+00
  2.530E-01  2.530E-01  0.000E+00  0.000E+00  6.283E+00  6.283E+00
  2.754E-01  2.754E-01  0.000E+00  0.000E+00  6.283E+00  6.283E+00
  2.999E-01  2.999E-01  0.000E+00  0.000E+00  6.283E+00  6.283E+00
  3.266E-01  3.266E-01  0.000E+00  0.000E+00  6.283E+00  6.283E+00
  3.556E-01  3.556E-01  0.000E+00  0.000E+00  6.283E+00  6.283E+00
  3.873E-01  3.873E-01  0.000E+00  0.000E+00  6.283E+00  6.283E+00
  4.217E-01  4.217E-01  0.000E+00  0.000E+00  6.283E+00  6.283E+00
  4.592E-01  4.592E-01  0.000E+00  0.000E+00  6.283E+00  6.283E+00
  5.000E-01  5.000E-01  0.000E+00  0.000E+00  6.283E+00  6.283E+00
