 # Detector n:            1   BdxElec   (integrated over solid angle)
 # N. of energy intervals         100
  1.000E-04  1.089E-04  5.231E-05  2.658E+01
  1.089E-04  1.186E-04  6.964E-05  6.633E+00
  1.186E-04  1.291E-04  5.637E-05  2.276E+01
  1.291E-04  1.406E-04  4.062E-05  1.818E+01
  1.406E-04  1.531E-04  5.496E-05  1.710E+01
  1.531E-04  1.667E-04  4.949E-05  1.408E+01
  1.667E-04  1.815E-04  7.218E-05  2.696E+01
  1.815E-04  1.977E-04  5.914E-05  1.271E+01
  1.977E-04  2.152E-04  4.458E-05  1.349E+01
  2.152E-04  2.344E-04  5.385E-05  1.414E+01
  2.344E-04  2.552E-04  3.414E-05  2.094E+01
  2.552E-04  2.779E-04  4.572E-05  1.383E+01
  2.779E-04  3.026E-04  2.774E-05  1.144E+01
  3.026E-04  3.295E-04  1.766E-05  1.520E+01
  3.295E-04  3.588E-04  1.104E-05  1.993E+01
  3.588E-04  3.907E-04  2.586E-05  3.276E+01
  3.907E-04  4.254E-04  1.511E-05  1.957E+01
  4.254E-04  4.632E-04  1.353E-05  1.349E+01
  4.632E-04  5.044E-04  1.913E-05  1.623E+01
  5.044E-04  5.493E-04  1.541E-05  1.499E+01
  5.493E-04  5.981E-04  1.767E-05  1.696E+01
  5.981E-04  6.513E-04  1.816E-05  2.375E+01
  6.513E-04  7.092E-04  1.720E-05  1.809E+01
  7.092E-04  7.722E-04  1.681E-05  1.847E+01
  7.722E-04  8.409E-04  2.448E-05  7.573E+00
  8.409E-04  9.157E-04  2.207E-05  1.432E+01
  9.157E-04  9.971E-04  1.810E-05  1.400E+01
  9.971E-04  1.086E-03  1.909E-05  2.339E+01
  1.086E-03  1.182E-03  2.182E-05  1.132E+01
  1.182E-03  1.287E-03  1.916E-05  1.247E+01
  1.287E-03  1.402E-03  2.222E-05  1.124E+01
  1.402E-03  1.526E-03  1.786E-05  1.208E+01
  1.526E-03  1.662E-03  1.850E-05  1.256E+01
  1.662E-03  1.810E-03  1.858E-05  1.464E+01
  1.810E-03  1.971E-03  1.346E-05  5.531E+00
  1.971E-03  2.146E-03  1.458E-05  7.509E+00
  2.146E-03  2.337E-03  1.865E-05  1.761E+01
  2.337E-03  2.545E-03  1.693E-05  1.236E+01
  2.545E-03  2.771E-03  1.470E-05  7.638E+00
  2.771E-03  3.017E-03  9.827E-06  3.977E+00
  3.017E-03  3.285E-03  8.294E-06  5.132E+00
  3.285E-03  3.577E-03  9.566E-06  1.072E+01
  3.577E-03  3.895E-03  8.259E-06  1.289E+01
  3.895E-03  4.242E-03  4.067E-06  1.844E+01
  4.242E-03  4.619E-03  0.000E+00  0.000E+00
  4.619E-03  5.030E-03  8.453E-08  4.100E+01
  5.030E-03  5.477E-03  3.709E-07  6.887E+01
  5.477E-03  5.964E-03  1.081E-07  2.553E+01
  5.964E-03  6.494E-03  1.188E-07  7.407E+01
  6.494E-03  7.071E-03  7.903E-08  4.436E+01
  7.071E-03  7.700E-03  3.516E-08  9.900E+01
  7.700E-03  8.384E-03  0.000E+00  0.000E+00
  8.384E-03  9.130E-03  0.000E+00  0.000E+00
  9.130E-03  9.941E-03  0.000E+00  0.000E+00
  9.941E-03  1.083E-02  0.000E+00  0.000E+00
  1.083E-02  1.179E-02  0.000E+00  0.000E+00
  1.179E-02  1.284E-02  0.000E+00  0.000E+00
  1.284E-02  1.398E-02  0.000E+00  0.000E+00
  1.398E-02  1.522E-02  0.000E+00  0.000E+00
  1.522E-02  1.657E-02  0.000E+00  0.000E+00
  1.657E-02  1.805E-02  0.000E+00  0.000E+00
  1.805E-02  1.965E-02  0.000E+00  0.000E+00
  1.965E-02  2.140E-02  0.000E+00  0.000E+00
  2.140E-02  2.330E-02  0.000E+00  0.000E+00
  2.330E-02  2.537E-02  0.000E+00  0.000E+00
  2.537E-02  2.763E-02  0.000E+00  0.000E+00
  2.763E-02  3.008E-02  0.000E+00  0.000E+00
  3.008E-02  3.276E-02  0.000E+00  0.000E+00
  3.276E-02  3.567E-02  0.000E+00  0.000E+00
  3.567E-02  3.884E-02  0.000E+00  0.000E+00
  3.884E-02  4.229E-02  0.000E+00  0.000E+00
  4.229E-02  4.605E-02  0.000E+00  0.000E+00
  4.605E-02  5.015E-02  0.000E+00  0.000E+00
  5.015E-02  5.461E-02  0.000E+00  0.000E+00
  5.461E-02  5.946E-02  0.000E+00  0.000E+00
  5.946E-02  6.475E-02  0.000E+00  0.000E+00
  6.475E-02  7.050E-02  0.000E+00  0.000E+00
  7.050E-02  7.677E-02  0.000E+00  0.000E+00
  7.677E-02  8.360E-02  0.000E+00  0.000E+00
  8.360E-02  9.103E-02  0.000E+00  0.000E+00
  9.103E-02  9.912E-02  0.000E+00  0.000E+00
  9.912E-02  1.079E-01  0.000E+00  0.000E+00
  1.079E-01  1.175E-01  0.000E+00  0.000E+00
  1.175E-01  1.280E-01  0.000E+00  0.000E+00
  1.280E-01  1.394E-01  0.000E+00  0.000E+00
  1.394E-01  1.517E-01  0.000E+00  0.000E+00
  1.517E-01  1.652E-01  0.000E+00  0.000E+00
  1.652E-01  1.799E-01  0.000E+00  0.000E+00
  1.799E-01  1.959E-01  0.000E+00  0.000E+00
  1.959E-01  2.133E-01  0.000E+00  0.000E+00
  2.133E-01  2.323E-01  0.000E+00  0.000E+00
  2.323E-01  2.530E-01  0.000E+00  0.000E+00
  2.530E-01  2.754E-01  0.000E+00  0.000E+00
  2.754E-01  2.999E-01  0.000E+00  0.000E+00
  2.999E-01  3.266E-01  0.000E+00  0.000E+00
  3.266E-01  3.556E-01  0.000E+00  0.000E+00
  3.556E-01  3.873E-01  0.000E+00  0.000E+00
  3.873E-01  4.217E-01  0.000E+00  0.000E+00
  4.217E-01  4.592E-01  0.000E+00  0.000E+00
  4.592E-01  5.000E-01  0.000E+00  0.000E+00


 # double differential distributions
 # number of solid angle intervals           1
 # Block n:            1     0.00000000      :   6.28318548    
  1.000E-04  1.089E-04  8.325E-06  2.658E+01  0.000E+00  6.283E+00
  1.089E-04  1.186E-04  1.108E-05  6.633E+00  0.000E+00  6.283E+00
  1.186E-04  1.291E-04  8.972E-06  2.276E+01  0.000E+00  6.283E+00
  1.291E-04  1.406E-04  6.465E-06  1.818E+01  0.000E+00  6.283E+00
  1.406E-04  1.531E-04  8.748E-06  1.710E+01  0.000E+00  6.283E+00
  1.531E-04  1.667E-04  7.877E-06  1.408E+01  0.000E+00  6.283E+00
  1.667E-04  1.815E-04  1.149E-05  2.696E+01  0.000E+00  6.283E+00
  1.815E-04  1.977E-04  9.412E-06  1.271E+01  0.000E+00  6.283E+00
  1.977E-04  2.152E-04  7.095E-06  1.349E+01  0.000E+00  6.283E+00
  2.152E-04  2.344E-04  8.571E-06  1.414E+01  0.000E+00  6.283E+00
  2.344E-04  2.552E-04  5.434E-06  2.094E+01  0.000E+00  6.283E+00
  2.552E-04  2.779E-04  7.276E-06  1.383E+01  0.000E+00  6.283E+00
  2.779E-04  3.026E-04  4.415E-06  1.144E+01  0.000E+00  6.283E+00
  3.026E-04  3.295E-04  2.810E-06  1.520E+01  0.000E+00  6.283E+00
  3.295E-04  3.588E-04  1.757E-06  1.993E+01  0.000E+00  6.283E+00
  3.588E-04  3.907E-04  4.116E-06  3.276E+01  0.000E+00  6.283E+00
  3.907E-04  4.254E-04  2.404E-06  1.957E+01  0.000E+00  6.283E+00
  4.254E-04  4.632E-04  2.153E-06  1.349E+01  0.000E+00  6.283E+00
  4.632E-04  5.044E-04  3.045E-06  1.623E+01  0.000E+00  6.283E+00
  5.044E-04  5.493E-04  2.453E-06  1.499E+01  0.000E+00  6.283E+00
  5.493E-04  5.981E-04  2.812E-06  1.696E+01  0.000E+00  6.283E+00
  5.981E-04  6.513E-04  2.891E-06  2.375E+01  0.000E+00  6.283E+00
  6.513E-04  7.092E-04  2.737E-06  1.809E+01  0.000E+00  6.283E+00
  7.092E-04  7.722E-04  2.675E-06  1.847E+01  0.000E+00  6.283E+00
  7.722E-04  8.409E-04  3.897E-06  7.573E+00  0.000E+00  6.283E+00
  8.409E-04  9.157E-04  3.513E-06  1.432E+01  0.000E+00  6.283E+00
  9.157E-04  9.971E-04  2.880E-06  1.400E+01  0.000E+00  6.283E+00
  9.971E-04  1.086E-03  3.039E-06  2.339E+01  0.000E+00  6.283E+00
  1.086E-03  1.182E-03  3.472E-06  1.132E+01  0.000E+00  6.283E+00
  1.182E-03  1.287E-03  3.049E-06  1.247E+01  0.000E+00  6.283E+00
  1.287E-03  1.402E-03  3.536E-06  1.124E+01  0.000E+00  6.283E+00
  1.402E-03  1.526E-03  2.843E-06  1.208E+01  0.000E+00  6.283E+00
  1.526E-03  1.662E-03  2.945E-06  1.256E+01  0.000E+00  6.283E+00
  1.662E-03  1.810E-03  2.957E-06  1.464E+01  0.000E+00  6.283E+00
  1.810E-03  1.971E-03  2.142E-06  5.531E+00  0.000E+00  6.283E+00
  1.971E-03  2.146E-03  2.320E-06  7.509E+00  0.000E+00  6.283E+00
  2.146E-03  2.337E-03  2.968E-06  1.761E+01  0.000E+00  6.283E+00
  2.337E-03  2.545E-03  2.695E-06  1.236E+01  0.000E+00  6.283E+00
  2.545E-03  2.771E-03  2.340E-06  7.638E+00  0.000E+00  6.283E+00
  2.771E-03  3.017E-03  1.564E-06  3.977E+00  0.000E+00  6.283E+00
  3.017E-03  3.285E-03  1.320E-06  5.132E+00  0.000E+00  6.283E+00
  3.285E-03  3.577E-03  1.522E-06  1.072E+01  0.000E+00  6.283E+00
  3.577E-03  3.895E-03  1.315E-06  1.289E+01  0.000E+00  6.283E+00
  3.895E-03  4.242E-03  6.473E-07  1.844E+01  0.000E+00  6.283E+00
  4.242E-03  4.619E-03  0.000E+00  0.000E+00  0.000E+00  6.283E+00
  4.619E-03  5.030E-03  1.345E-08  4.100E+01  0.000E+00  6.283E+00
  5.030E-03  5.477E-03  5.902E-08  6.887E+01  0.000E+00  6.283E+00
  5.477E-03  5.964E-03  1.721E-08  2.553E+01  0.000E+00  6.283E+00
  5.964E-03  6.494E-03  1.891E-08  7.407E+01  0.000E+00  6.283E+00
  6.494E-03  7.071E-03  1.258E-08  4.436E+01  0.000E+00  6.283E+00
  7.071E-03  7.700E-03  5.597E-09  9.900E+01  0.000E+00  6.283E+00
  7.700E-03  8.384E-03  0.000E+00  0.000E+00  0.000E+00  6.283E+00
  8.384E-03  9.130E-03  0.000E+00  0.000E+00  0.000E+00  6.283E+00
  9.130E-03  9.941E-03  0.000E+00  0.000E+00  0.000E+00  6.283E+00
  9.941E-03  1.083E-02  0.000E+00  0.000E+00  0.000E+00  6.283E+00
  1.083E-02  1.179E-02  0.000E+00  0.000E+00  0.000E+00  6.283E+00
  1.179E-02  1.284E-02  0.000E+00  0.000E+00  0.000E+00  6.283E+00
  1.284E-02  1.398E-02  0.000E+00  0.000E+00  0.000E+00  6.283E+00
  1.398E-02  1.522E-02  0.000E+00  0.000E+00  0.000E+00  6.283E+00
  1.522E-02  1.657E-02  0.000E+00  0.000E+00  0.000E+00  6.283E+00
  1.657E-02  1.805E-02  0.000E+00  0.000E+00  0.000E+00  6.283E+00
  1.805E-02  1.965E-02  0.000E+00  0.000E+00  0.000E+00  6.283E+00
  1.965E-02  2.140E-02  0.000E+00  0.000E+00  0.000E+00  6.283E+00
  2.140E-02  2.330E-02  0.000E+00  0.000E+00  0.000E+00  6.283E+00
  2.330E-02  2.537E-02  0.000E+00  0.000E+00  0.000E+00  6.283E+00
  2.537E-02  2.763E-02  0.000E+00  0.000E+00  0.000E+00  6.283E+00
  2.763E-02  3.008E-02  0.000E+00  0.000E+00  0.000E+00  6.283E+00
  3.008E-02  3.276E-02  0.000E+00  0.000E+00  0.000E+00  6.283E+00
  3.276E-02  3.567E-02  0.000E+00  0.000E+00  0.000E+00  6.283E+00
  3.567E-02  3.884E-02  0.000E+00  0.000E+00  0.000E+00  6.283E+00
  3.884E-02  4.229E-02  0.000E+00  0.000E+00  0.000E+00  6.283E+00
  4.229E-02  4.605E-02  0.000E+00  0.000E+00  0.000E+00  6.283E+00
  4.605E-02  5.015E-02  0.000E+00  0.000E+00  0.000E+00  6.283E+00
  5.015E-02  5.461E-02  0.000E+00  0.000E+00  0.000E+00  6.283E+00
  5.461E-02  5.946E-02  0.000E+00  0.000E+00  0.000E+00  6.283E+00
  5.946E-02  6.475E-02  0.000E+00  0.000E+00  0.000E+00  6.283E+00
  6.475E-02  7.050E-02  0.000E+00  0.000E+00  0.000E+00  6.283E+00
  7.050E-02  7.677E-02  0.000E+00  0.000E+00  0.000E+00  6.283E+00
  7.677E-02  8.360E-02  0.000E+00  0.000E+00  0.000E+00  6.283E+00
  8.360E-02  9.103E-02  0.000E+00  0.000E+00  0.000E+00  6.283E+00
  9.103E-02  9.912E-02  0.000E+00  0.000E+00  0.000E+00  6.283E+00
  9.912E-02  1.079E-01  0.000E+00  0.000E+00  0.000E+00  6.283E+00
  1.079E-01  1.175E-01  0.000E+00  0.000E+00  0.000E+00  6.283E+00
  1.175E-01  1.280E-01  0.000E+00  0.000E+00  0.000E+00  6.283E+00
  1.280E-01  1.394E-01  0.000E+00  0.000E+00  0.000E+00  6.283E+00
  1.394E-01  1.517E-01  0.000E+00  0.000E+00  0.000E+00  6.283E+00
  1.517E-01  1.652E-01  0.000E+00  0.000E+00  0.000E+00  6.283E+00
  1.652E-01  1.799E-01  0.000E+00  0.000E+00  0.000E+00  6.283E+00
  1.799E-01  1.959E-01  0.000E+00  0.000E+00  0.000E+00  6.283E+00
  1.959E-01  2.133E-01  0.000E+00  0.000E+00  0.000E+00  6.283E+00
  2.133E-01  2.323E-01  0.000E+00  0.000E+00  0.000E+00  6.283E+00
  2.323E-01  2.530E-01  0.000E+00  0.000E+00  0.000E+00  6.283E+00
  2.530E-01  2.754E-01  0.000E+00  0.000E+00  0.000E+00  6.283E+00
  2.754E-01  2.999E-01  0.000E+00  0.000E+00  0.000E+00  6.283E+00
  2.999E-01  3.266E-01  0.000E+00  0.000E+00  0.000E+00  6.283E+00
  3.266E-01  3.556E-01  0.000E+00  0.000E+00  0.000E+00  6.283E+00
  3.556E-01  3.873E-01  0.000E+00  0.000E+00  0.000E+00  6.283E+00
  3.873E-01  4.217E-01  0.000E+00  0.000E+00  0.000E+00  6.283E+00
  4.217E-01  4.592E-01  0.000E+00  0.000E+00  0.000E+00  6.283E+00
  4.592E-01  5.000E-01  0.000E+00  0.000E+00  0.000E+00  6.283E+00
  5.000E-01  5.000E-01  0.000E+00  0.000E+00  0.000E+00  6.283E+00

  1.000E-04  1.000E-04  0.000E+00  0.000E+00  6.283E+00  6.283E+00
  1.089E-04  1.089E-04  0.000E+00  0.000E+00  6.283E+00  6.283E+00
  1.186E-04  1.186E-04  0.000E+00  0.000E+00  6.283E+00  6.283E+00
  1.291E-04  1.291E-04  0.000E+00  0.000E+00  6.283E+00  6.283E+00
  1.406E-04  1.406E-04  0.000E+00  0.000E+00  6.283E+00  6.283E+00
  1.531E-04  1.531E-04  0.000E+00  0.000E+00  6.283E+00  6.283E+00
  1.667E-04  1.667E-04  0.000E+00  0.000E+00  6.283E+00  6.283E+00
  1.815E-04  1.815E-04  0.000E+00  0.000E+00  6.283E+00  6.283E+00
  1.977E-04  1.977E-04  0.000E+00  0.000E+00  6.283E+00  6.283E+00
  2.152E-04  2.152E-04  0.000E+00  0.000E+00  6.283E+00  6.283E+00
  2.344E-04  2.344E-04  0.000E+00  0.000E+00  6.283E+00  6.283E+00
  2.552E-04  2.552E-04  0.000E+00  0.000E+00  6.283E+00  6.283E+00
  2.779E-04  2.779E-04  0.000E+00  0.000E+00  6.283E+00  6.283E+00
  3.026E-04  3.026E-04  0.000E+00  0.000E+00  6.283E+00  6.283E+00
  3.295E-04  3.295E-04  0.000E+00  0.000E+00  6.283E+00  6.283E+00
  3.588E-04  3.588E-04  0.000E+00  0.000E+00  6.283E+00  6.283E+00
  3.907E-04  3.907E-04  0.000E+00  0.000E+00  6.283E+00  6.283E+00
  4.254E-04  4.254E-04  0.000E+00  0.000E+00  6.283E+00  6.283E+00
  4.632E-04  4.632E-04  0.000E+00  0.000E+00  6.283E+00  6.283E+00
  5.044E-04  5.044E-04  0.000E+00  0.000E+00  6.283E+00  6.283E+00
  5.493E-04  5.493E-04  0.000E+00  0.000E+00  6.283E+00  6.283E+00
  5.981E-04  5.981E-04  0.000E+00  0.000E+00  6.283E+00  6.283E+00
  6.513E-04  6.513E-04  0.000E+00  0.000E+00  6.283E+00  6.283E+00
  7.092E-04  7.092E-04  0.000E+00  0.000E+00  6.283E+00  6.283E+00
  7.722E-04  7.722E-04  0.000E+00  0.000E+00  6.283E+00  6.283E+00
  8.409E-04  8.409E-04  0.000E+00  0.000E+00  6.283E+00  6.283E+00
  9.157E-04  9.157E-04  0.000E+00  0.000E+00  6.283E+00  6.283E+00
  9.971E-04  9.971E-04  0.000E+00  0.000E+00  6.283E+00  6.283E+00
  1.086E-03  1.086E-03  0.000E+00  0.000E+00  6.283E+00  6.283E+00
  1.182E-03  1.182E-03  0.000E+00  0.000E+00  6.283E+00  6.283E+00
  1.287E-03  1.287E-03  0.000E+00  0.000E+00  6.283E+00  6.283E+00
  1.402E-03  1.402E-03  0.000E+00  0.000E+00  6.283E+00  6.283E+00
  1.526E-03  1.526E-03  0.000E+00  0.000E+00  6.283E+00  6.283E+00
  1.662E-03  1.662E-03  0.000E+00  0.000E+00  6.283E+00  6.283E+00
  1.810E-03  1.810E-03  0.000E+00  0.000E+00  6.283E+00  6.283E+00
  1.971E-03  1.971E-03  0.000E+00  0.000E+00  6.283E+00  6.283E+00
  2.146E-03  2.146E-03  0.000E+00  0.000E+00  6.283E+00  6.283E+00
  2.337E-03  2.337E-03  0.000E+00  0.000E+00  6.283E+00  6.283E+00
  2.545E-03  2.545E-03  0.000E+00  0.000E+00  6.283E+00  6.283E+00
  2.771E-03  2.771E-03  0.000E+00  0.000E+00  6.283E+00  6.283E+00
  3.017E-03  3.017E-03  0.000E+00  0.000E+00  6.283E+00  6.283E+00
  3.285E-03  3.285E-03  0.000E+00  0.000E+00  6.283E+00  6.283E+00
  3.577E-03  3.577E-03  0.000E+00  0.000E+00  6.283E+00  6.283E+00
  3.895E-03  3.895E-03  0.000E+00  0.000E+00  6.283E+00  6.283E+00
  4.242E-03  4.242E-03  0.000E+00  0.000E+00  6.283E+00  6.283E+00
  4.619E-03  4.619E-03  0.000E+00  0.000E+00  6.283E+00  6.283E+00
  5.030E-03  5.030E-03  0.000E+00  0.000E+00  6.283E+00  6.283E+00
  5.477E-03  5.477E-03  0.000E+00  0.000E+00  6.283E+00  6.283E+00
  5.964E-03  5.964E-03  0.000E+00  0.000E+00  6.283E+00  6.283E+00
  6.494E-03  6.494E-03  0.000E+00  0.000E+00  6.283E+00  6.283E+00
  7.071E-03  7.071E-03  0.000E+00  0.000E+00  6.283E+00  6.283E+00
  7.700E-03  7.700E-03  0.000E+00  0.000E+00  6.283E+00  6.283E+00
  8.384E-03  8.384E-03  0.000E+00  0.000E+00  6.283E+00  6.283E+00
  9.130E-03  9.130E-03  0.000E+00  0.000E+00  6.283E+00  6.283E+00
  9.941E-03  9.941E-03  0.000E+00  0.000E+00  6.283E+00  6.283E+00
  1.083E-02  1.083E-02  0.000E+00  0.000E+00  6.283E+00  6.283E+00
  1.179E-02  1.179E-02  0.000E+00  0.000E+00  6.283E+00  6.283E+00
  1.284E-02  1.284E-02  0.000E+00  0.000E+00  6.283E+00  6.283E+00
  1.398E-02  1.398E-02  0.000E+00  0.000E+00  6.283E+00  6.283E+00
  1.522E-02  1.522E-02  0.000E+00  0.000E+00  6.283E+00  6.283E+00
  1.657E-02  1.657E-02  0.000E+00  0.000E+00  6.283E+00  6.283E+00
  1.805E-02  1.805E-02  0.000E+00  0.000E+00  6.283E+00  6.283E+00
  1.965E-02  1.965E-02  0.000E+00  0.000E+00  6.283E+00  6.283E+00
  2.140E-02  2.140E-02  0.000E+00  0.000E+00  6.283E+00  6.283E+00
  2.330E-02  2.330E-02  0.000E+00  0.000E+00  6.283E+00  6.283E+00
  2.537E-02  2.537E-02  0.000E+00  0.000E+00  6.283E+00  6.283E+00
  2.763E-02  2.763E-02  0.000E+00  0.000E+00  6.283E+00  6.283E+00
  3.008E-02  3.008E-02  0.000E+00  0.000E+00  6.283E+00  6.283E+00
  3.276E-02  3.276E-02  0.000E+00  0.000E+00  6.283E+00  6.283E+00
  3.567E-02  3.567E-02  0.000E+00  0.000E+00  6.283E+00  6.283E+00
  3.884E-02  3.884E-02  0.000E+00  0.000E+00  6.283E+00  6.283E+00
  4.229E-02  4.229E-02  0.000E+00  0.000E+00  6.283E+00  6.283E+00
  4.605E-02  4.605E-02  0.000E+00  0.000E+00  6.283E+00  6.283E+00
  5.015E-02  5.015E-02  0.000E+00  0.000E+00  6.283E+00  6.283E+00
  5.461E-02  5.461E-02  0.000E+00  0.000E+00  6.283E+00  6.283E+00
  5.946E-02  5.946E-02  0.000E+00  0.000E+00  6.283E+00  6.283E+00
  6.475E-02  6.475E-02  0.000E+00  0.000E+00  6.283E+00  6.283E+00
  7.050E-02  7.050E-02  0.000E+00  0.000E+00  6.283E+00  6.283E+00
  7.677E-02  7.677E-02  0.000E+00  0.000E+00  6.283E+00  6.283E+00
  8.360E-02  8.360E-02  0.000E+00  0.000E+00  6.283E+00  6.283E+00
  9.103E-02  9.103E-02  0.000E+00  0.000E+00  6.283E+00  6.283E+00
  9.912E-02  9.912E-02  0.000E+00  0.000E+00  6.283E+00  6.283E+00
  1.079E-01  1.079E-01  0.000E+00  0.000E+00  6.283E+00  6.283E+00
  1.175E-01  1.175E-01  0.000E+00  0.000E+00  6.283E+00  6.283E+00
  1.280E-01  1.280E-01  0.000E+00  0.000E+00  6.283E+00  6.283E+00
  1.394E-01  1.394E-01  0.000E+00  0.000E+00  6.283E+00  6.283E+00
  1.517E-01  1.517E-01  0.000E+00  0.000E+00  6.283E+00  6.283E+00
  1.652E-01  1.652E-01  0.000E+00  0.000E+00  6.283E+00  6.283E+00
  1.799E-01  1.799E-01  0.000E+00  0.000E+00  6.283E+00  6.283E+00
  1.959E-01  1.959E-01  0.000E+00  0.000E+00  6.283E+00  6.283E+00
  2.133E-01  2.133E-01  0.000E+00  0.000E+00  6.283E+00  6.283E+00
  2.323E-01  2.323E-01  0.000E+00  0.000E+00  6.283E+00  6.283E+00
  2.530E-01  2.530E-01  0.000E+00  0.000E+00  6.283E+00  6.283E+00
  2.754E-01  2.754E-01  0.000E+00  0.000E+00  6.283E+00  6.283E+00
  2.999E-01  2.999E-01  0.000E+00  0.000E+00  6.283E+00  6.283E+00
  3.266E-01  3.266E-01  0.000E+00  0.000E+00  6.283E+00  6.283E+00
  3.556E-01  3.556E-01  0.000E+00  0.000E+00  6.283E+00  6.283E+00
  3.873E-01  3.873E-01  0.000E+00  0.000E+00  6.283E+00  6.283E+00
  4.217E-01  4.217E-01  0.000E+00  0.000E+00  6.283E+00  6.283E+00
  4.592E-01  4.592E-01  0.000E+00  0.000E+00  6.283E+00  6.283E+00
  5.000E-01  5.000E-01  0.000E+00  0.000E+00  6.283E+00  6.283E+00
