 # Detector n:            1   BdxElec   (integrated over solid angle)
 # N. of energy intervals         100
  1.000E-04  1.089E-04  4.861E-05  1.591E+01
  1.089E-04  1.186E-04  5.865E-05  1.843E+01
  1.186E-04  1.291E-04  5.665E-05  2.089E+01
  1.291E-04  1.406E-04  4.922E-05  1.148E+01
  1.406E-04  1.531E-04  7.158E-05  2.430E+01
  1.531E-04  1.667E-04  5.694E-05  1.059E+01
  1.667E-04  1.815E-04  5.563E-05  2.117E+01
  1.815E-04  1.977E-04  7.938E-05  2.722E+01
  1.977E-04  2.152E-04  7.190E-05  2.958E+01
  2.152E-04  2.344E-04  3.517E-05  2.425E+01
  2.344E-04  2.552E-04  4.248E-05  1.775E+01
  2.552E-04  2.779E-04  2.853E-05  2.805E+01
  2.779E-04  3.026E-04  2.153E-05  2.037E+01
  3.026E-04  3.295E-04  1.395E-05  2.062E+01
  3.295E-04  3.588E-04  2.163E-05  2.325E+01
  3.588E-04  3.907E-04  1.634E-05  1.891E+01
  3.907E-04  4.254E-04  1.667E-05  7.571E+00
  4.254E-04  4.632E-04  1.777E-05  1.127E+01
  4.632E-04  5.044E-04  1.291E-05  1.175E+01
  5.044E-04  5.493E-04  1.789E-05  1.238E+01
  5.493E-04  5.981E-04  2.008E-05  2.490E+01
  5.981E-04  6.513E-04  2.113E-05  1.570E+01
  6.513E-04  7.092E-04  1.674E-05  1.103E+01
  7.092E-04  7.722E-04  1.563E-05  1.228E+01
  7.722E-04  8.409E-04  2.133E-05  1.220E+01
  8.409E-04  9.157E-04  1.586E-05  1.695E+01
  9.157E-04  9.971E-04  1.964E-05  1.031E+01
  9.971E-04  1.086E-03  2.047E-05  6.358E+00
  1.086E-03  1.182E-03  1.603E-05  7.451E+00
  1.182E-03  1.287E-03  1.914E-05  1.590E+01
  1.287E-03  1.402E-03  2.412E-05  3.064E+01
  1.402E-03  1.526E-03  1.832E-05  1.741E+01
  1.526E-03  1.662E-03  1.483E-05  1.102E+01
  1.662E-03  1.810E-03  1.363E-05  1.096E+01
  1.810E-03  1.971E-03  1.717E-05  1.495E+01
  1.971E-03  2.146E-03  1.219E-05  9.005E+00
  2.146E-03  2.337E-03  1.486E-05  6.908E+00
  2.337E-03  2.545E-03  1.547E-05  1.105E+01
  2.545E-03  2.771E-03  1.155E-05  1.402E+01
  2.771E-03  3.017E-03  1.481E-05  1.006E+01
  3.017E-03  3.285E-03  9.047E-06  6.310E+00
  3.285E-03  3.577E-03  1.100E-05  1.471E+01
  3.577E-03  3.895E-03  7.816E-06  1.118E+01
  3.895E-03  4.242E-03  2.852E-06  1.900E+01
  4.242E-03  4.619E-03  1.686E-07  2.778E+01
  4.619E-03  5.030E-03  0.000E+00  0.000E+00
  5.030E-03  5.477E-03  4.513E-08  9.900E+01
  5.477E-03  5.964E-03  5.539E-08  9.900E+01
  5.964E-03  6.494E-03  5.260E-08  9.900E+01
  6.494E-03  7.071E-03  4.954E-08  9.900E+01
  7.071E-03  7.700E-03  0.000E+00  0.000E+00
  7.700E-03  8.384E-03  0.000E+00  0.000E+00
  8.384E-03  9.130E-03  0.000E+00  0.000E+00
  9.130E-03  9.941E-03  0.000E+00  0.000E+00
  9.941E-03  1.083E-02  0.000E+00  0.000E+00
  1.083E-02  1.179E-02  0.000E+00  0.000E+00
  1.179E-02  1.284E-02  0.000E+00  0.000E+00
  1.284E-02  1.398E-02  0.000E+00  0.000E+00
  1.398E-02  1.522E-02  0.000E+00  0.000E+00
  1.522E-02  1.657E-02  0.000E+00  0.000E+00
  1.657E-02  1.805E-02  0.000E+00  0.000E+00
  1.805E-02  1.965E-02  0.000E+00  0.000E+00
  1.965E-02  2.140E-02  0.000E+00  0.000E+00
  2.140E-02  2.330E-02  0.000E+00  0.000E+00
  2.330E-02  2.537E-02  0.000E+00  0.000E+00
  2.537E-02  2.763E-02  0.000E+00  0.000E+00
  2.763E-02  3.008E-02  0.000E+00  0.000E+00
  3.008E-02  3.276E-02  0.000E+00  0.000E+00
  3.276E-02  3.567E-02  0.000E+00  0.000E+00
  3.567E-02  3.884E-02  0.000E+00  0.000E+00
  3.884E-02  4.229E-02  0.000E+00  0.000E+00
  4.229E-02  4.605E-02  0.000E+00  0.000E+00
  4.605E-02  5.015E-02  0.000E+00  0.000E+00
  5.015E-02  5.461E-02  0.000E+00  0.000E+00
  5.461E-02  5.946E-02  0.000E+00  0.000E+00
  5.946E-02  6.475E-02  0.000E+00  0.000E+00
  6.475E-02  7.050E-02  0.000E+00  0.000E+00
  7.050E-02  7.677E-02  0.000E+00  0.000E+00
  7.677E-02  8.360E-02  0.000E+00  0.000E+00
  8.360E-02  9.103E-02  0.000E+00  0.000E+00
  9.103E-02  9.912E-02  0.000E+00  0.000E+00
  9.912E-02  1.079E-01  0.000E+00  0.000E+00
  1.079E-01  1.175E-01  0.000E+00  0.000E+00
  1.175E-01  1.280E-01  0.000E+00  0.000E+00
  1.280E-01  1.394E-01  0.000E+00  0.000E+00
  1.394E-01  1.517E-01  0.000E+00  0.000E+00
  1.517E-01  1.652E-01  0.000E+00  0.000E+00
  1.652E-01  1.799E-01  0.000E+00  0.000E+00
  1.799E-01  1.959E-01  0.000E+00  0.000E+00
  1.959E-01  2.133E-01  0.000E+00  0.000E+00
  2.133E-01  2.323E-01  0.000E+00  0.000E+00
  2.323E-01  2.530E-01  0.000E+00  0.000E+00
  2.530E-01  2.754E-01  0.000E+00  0.000E+00
  2.754E-01  2.999E-01  0.000E+00  0.000E+00
  2.999E-01  3.266E-01  0.000E+00  0.000E+00
  3.266E-01  3.556E-01  0.000E+00  0.000E+00
  3.556E-01  3.873E-01  0.000E+00  0.000E+00
  3.873E-01  4.217E-01  0.000E+00  0.000E+00
  4.217E-01  4.592E-01  0.000E+00  0.000E+00
  4.592E-01  5.000E-01  0.000E+00  0.000E+00


 # double differential distributions
 # number of solid angle intervals           1
 # Block n:            1     0.00000000      :   6.28318548    
  1.000E-04  1.089E-04  7.736E-06  1.591E+01  0.000E+00  6.283E+00
  1.089E-04  1.186E-04  9.335E-06  1.843E+01  0.000E+00  6.283E+00
  1.186E-04  1.291E-04  9.016E-06  2.089E+01  0.000E+00  6.283E+00
  1.291E-04  1.406E-04  7.833E-06  1.148E+01  0.000E+00  6.283E+00
  1.406E-04  1.531E-04  1.139E-05  2.430E+01  0.000E+00  6.283E+00
  1.531E-04  1.667E-04  9.063E-06  1.059E+01  0.000E+00  6.283E+00
  1.667E-04  1.815E-04  8.853E-06  2.117E+01  0.000E+00  6.283E+00
  1.815E-04  1.977E-04  1.263E-05  2.722E+01  0.000E+00  6.283E+00
  1.977E-04  2.152E-04  1.144E-05  2.958E+01  0.000E+00  6.283E+00
  2.152E-04  2.344E-04  5.597E-06  2.425E+01  0.000E+00  6.283E+00
  2.344E-04  2.552E-04  6.761E-06  1.775E+01  0.000E+00  6.283E+00
  2.552E-04  2.779E-04  4.540E-06  2.805E+01  0.000E+00  6.283E+00
  2.779E-04  3.026E-04  3.426E-06  2.037E+01  0.000E+00  6.283E+00
  3.026E-04  3.295E-04  2.220E-06  2.062E+01  0.000E+00  6.283E+00
  3.295E-04  3.588E-04  3.443E-06  2.325E+01  0.000E+00  6.283E+00
  3.588E-04  3.907E-04  2.600E-06  1.891E+01  0.000E+00  6.283E+00
  3.907E-04  4.254E-04  2.653E-06  7.571E+00  0.000E+00  6.283E+00
  4.254E-04  4.632E-04  2.828E-06  1.127E+01  0.000E+00  6.283E+00
  4.632E-04  5.044E-04  2.055E-06  1.175E+01  0.000E+00  6.283E+00
  5.044E-04  5.493E-04  2.848E-06  1.238E+01  0.000E+00  6.283E+00
  5.493E-04  5.981E-04  3.197E-06  2.490E+01  0.000E+00  6.283E+00
  5.981E-04  6.513E-04  3.363E-06  1.570E+01  0.000E+00  6.283E+00
  6.513E-04  7.092E-04  2.664E-06  1.103E+01  0.000E+00  6.283E+00
  7.092E-04  7.722E-04  2.488E-06  1.228E+01  0.000E+00  6.283E+00
  7.722E-04  8.409E-04  3.395E-06  1.220E+01  0.000E+00  6.283E+00
  8.409E-04  9.157E-04  2.524E-06  1.695E+01  0.000E+00  6.283E+00
  9.157E-04  9.971E-04  3.126E-06  1.031E+01  0.000E+00  6.283E+00
  9.971E-04  1.086E-03  3.257E-06  6.358E+00  0.000E+00  6.283E+00
  1.086E-03  1.182E-03  2.551E-06  7.451E+00  0.000E+00  6.283E+00
  1.182E-03  1.287E-03  3.046E-06  1.590E+01  0.000E+00  6.283E+00
  1.287E-03  1.402E-03  3.839E-06  3.064E+01  0.000E+00  6.283E+00
  1.402E-03  1.526E-03  2.915E-06  1.741E+01  0.000E+00  6.283E+00
  1.526E-03  1.662E-03  2.361E-06  1.102E+01  0.000E+00  6.283E+00
  1.662E-03  1.810E-03  2.169E-06  1.096E+01  0.000E+00  6.283E+00
  1.810E-03  1.971E-03  2.732E-06  1.495E+01  0.000E+00  6.283E+00
  1.971E-03  2.146E-03  1.940E-06  9.005E+00  0.000E+00  6.283E+00
  2.146E-03  2.337E-03  2.365E-06  6.908E+00  0.000E+00  6.283E+00
  2.337E-03  2.545E-03  2.462E-06  1.105E+01  0.000E+00  6.283E+00
  2.545E-03  2.771E-03  1.839E-06  1.402E+01  0.000E+00  6.283E+00
  2.771E-03  3.017E-03  2.358E-06  1.006E+01  0.000E+00  6.283E+00
  3.017E-03  3.285E-03  1.440E-06  6.310E+00  0.000E+00  6.283E+00
  3.285E-03  3.577E-03  1.751E-06  1.471E+01  0.000E+00  6.283E+00
  3.577E-03  3.895E-03  1.244E-06  1.118E+01  0.000E+00  6.283E+00
  3.895E-03  4.242E-03  4.539E-07  1.900E+01  0.000E+00  6.283E+00
  4.242E-03  4.619E-03  2.683E-08  2.778E+01  0.000E+00  6.283E+00
  4.619E-03  5.030E-03  0.000E+00  0.000E+00  0.000E+00  6.283E+00
  5.030E-03  5.477E-03  7.183E-09  9.900E+01  0.000E+00  6.283E+00
  5.477E-03  5.964E-03  8.815E-09  9.900E+01  0.000E+00  6.283E+00
  5.964E-03  6.494E-03  8.371E-09  9.900E+01  0.000E+00  6.283E+00
  6.494E-03  7.071E-03  7.885E-09  9.900E+01  0.000E+00  6.283E+00
  7.071E-03  7.700E-03  0.000E+00  0.000E+00  0.000E+00  6.283E+00
  7.700E-03  8.384E-03  0.000E+00  0.000E+00  0.000E+00  6.283E+00
  8.384E-03  9.130E-03  0.000E+00  0.000E+00  0.000E+00  6.283E+00
  9.130E-03  9.941E-03  0.000E+00  0.000E+00  0.000E+00  6.283E+00
  9.941E-03  1.083E-02  0.000E+00  0.000E+00  0.000E+00  6.283E+00
  1.083E-02  1.179E-02  0.000E+00  0.000E+00  0.000E+00  6.283E+00
  1.179E-02  1.284E-02  0.000E+00  0.000E+00  0.000E+00  6.283E+00
  1.284E-02  1.398E-02  0.000E+00  0.000E+00  0.000E+00  6.283E+00
  1.398E-02  1.522E-02  0.000E+00  0.000E+00  0.000E+00  6.283E+00
  1.522E-02  1.657E-02  0.000E+00  0.000E+00  0.000E+00  6.283E+00
  1.657E-02  1.805E-02  0.000E+00  0.000E+00  0.000E+00  6.283E+00
  1.805E-02  1.965E-02  0.000E+00  0.000E+00  0.000E+00  6.283E+00
  1.965E-02  2.140E-02  0.000E+00  0.000E+00  0.000E+00  6.283E+00
  2.140E-02  2.330E-02  0.000E+00  0.000E+00  0.000E+00  6.283E+00
  2.330E-02  2.537E-02  0.000E+00  0.000E+00  0.000E+00  6.283E+00
  2.537E-02  2.763E-02  0.000E+00  0.000E+00  0.000E+00  6.283E+00
  2.763E-02  3.008E-02  0.000E+00  0.000E+00  0.000E+00  6.283E+00
  3.008E-02  3.276E-02  0.000E+00  0.000E+00  0.000E+00  6.283E+00
  3.276E-02  3.567E-02  0.000E+00  0.000E+00  0.000E+00  6.283E+00
  3.567E-02  3.884E-02  0.000E+00  0.000E+00  0.000E+00  6.283E+00
  3.884E-02  4.229E-02  0.000E+00  0.000E+00  0.000E+00  6.283E+00
  4.229E-02  4.605E-02  0.000E+00  0.000E+00  0.000E+00  6.283E+00
  4.605E-02  5.015E-02  0.000E+00  0.000E+00  0.000E+00  6.283E+00
  5.015E-02  5.461E-02  0.000E+00  0.000E+00  0.000E+00  6.283E+00
  5.461E-02  5.946E-02  0.000E+00  0.000E+00  0.000E+00  6.283E+00
  5.946E-02  6.475E-02  0.000E+00  0.000E+00  0.000E+00  6.283E+00
  6.475E-02  7.050E-02  0.000E+00  0.000E+00  0.000E+00  6.283E+00
  7.050E-02  7.677E-02  0.000E+00  0.000E+00  0.000E+00  6.283E+00
  7.677E-02  8.360E-02  0.000E+00  0.000E+00  0.000E+00  6.283E+00
  8.360E-02  9.103E-02  0.000E+00  0.000E+00  0.000E+00  6.283E+00
  9.103E-02  9.912E-02  0.000E+00  0.000E+00  0.000E+00  6.283E+00
  9.912E-02  1.079E-01  0.000E+00  0.000E+00  0.000E+00  6.283E+00
  1.079E-01  1.175E-01  0.000E+00  0.000E+00  0.000E+00  6.283E+00
  1.175E-01  1.280E-01  0.000E+00  0.000E+00  0.000E+00  6.283E+00
  1.280E-01  1.394E-01  0.000E+00  0.000E+00  0.000E+00  6.283E+00
  1.394E-01  1.517E-01  0.000E+00  0.000E+00  0.000E+00  6.283E+00
  1.517E-01  1.652E-01  0.000E+00  0.000E+00  0.000E+00  6.283E+00
  1.652E-01  1.799E-01  0.000E+00  0.000E+00  0.000E+00  6.283E+00
  1.799E-01  1.959E-01  0.000E+00  0.000E+00  0.000E+00  6.283E+00
  1.959E-01  2.133E-01  0.000E+00  0.000E+00  0.000E+00  6.283E+00
  2.133E-01  2.323E-01  0.000E+00  0.000E+00  0.000E+00  6.283E+00
  2.323E-01  2.530E-01  0.000E+00  0.000E+00  0.000E+00  6.283E+00
  2.530E-01  2.754E-01  0.000E+00  0.000E+00  0.000E+00  6.283E+00
  2.754E-01  2.999E-01  0.000E+00  0.000E+00  0.000E+00  6.283E+00
  2.999E-01  3.266E-01  0.000E+00  0.000E+00  0.000E+00  6.283E+00
  3.266E-01  3.556E-01  0.000E+00  0.000E+00  0.000E+00  6.283E+00
  3.556E-01  3.873E-01  0.000E+00  0.000E+00  0.000E+00  6.283E+00
  3.873E-01  4.217E-01  0.000E+00  0.000E+00  0.000E+00  6.283E+00
  4.217E-01  4.592E-01  0.000E+00  0.000E+00  0.000E+00  6.283E+00
  4.592E-01  5.000E-01  0.000E+00  0.000E+00  0.000E+00  6.283E+00
  5.000E-01  5.000E-01  0.000E+00  0.000E+00  0.000E+00  6.283E+00

  1.000E-04  1.000E-04  0.000E+00  0.000E+00  6.283E+00  6.283E+00
  1.089E-04  1.089E-04  0.000E+00  0.000E+00  6.283E+00  6.283E+00
  1.186E-04  1.186E-04  0.000E+00  0.000E+00  6.283E+00  6.283E+00
  1.291E-04  1.291E-04  0.000E+00  0.000E+00  6.283E+00  6.283E+00
  1.406E-04  1.406E-04  0.000E+00  0.000E+00  6.283E+00  6.283E+00
  1.531E-04  1.531E-04  0.000E+00  0.000E+00  6.283E+00  6.283E+00
  1.667E-04  1.667E-04  0.000E+00  0.000E+00  6.283E+00  6.283E+00
  1.815E-04  1.815E-04  0.000E+00  0.000E+00  6.283E+00  6.283E+00
  1.977E-04  1.977E-04  0.000E+00  0.000E+00  6.283E+00  6.283E+00
  2.152E-04  2.152E-04  0.000E+00  0.000E+00  6.283E+00  6.283E+00
  2.344E-04  2.344E-04  0.000E+00  0.000E+00  6.283E+00  6.283E+00
  2.552E-04  2.552E-04  0.000E+00  0.000E+00  6.283E+00  6.283E+00
  2.779E-04  2.779E-04  0.000E+00  0.000E+00  6.283E+00  6.283E+00
  3.026E-04  3.026E-04  0.000E+00  0.000E+00  6.283E+00  6.283E+00
  3.295E-04  3.295E-04  0.000E+00  0.000E+00  6.283E+00  6.283E+00
  3.588E-04  3.588E-04  0.000E+00  0.000E+00  6.283E+00  6.283E+00
  3.907E-04  3.907E-04  0.000E+00  0.000E+00  6.283E+00  6.283E+00
  4.254E-04  4.254E-04  0.000E+00  0.000E+00  6.283E+00  6.283E+00
  4.632E-04  4.632E-04  0.000E+00  0.000E+00  6.283E+00  6.283E+00
  5.044E-04  5.044E-04  0.000E+00  0.000E+00  6.283E+00  6.283E+00
  5.493E-04  5.493E-04  0.000E+00  0.000E+00  6.283E+00  6.283E+00
  5.981E-04  5.981E-04  0.000E+00  0.000E+00  6.283E+00  6.283E+00
  6.513E-04  6.513E-04  0.000E+00  0.000E+00  6.283E+00  6.283E+00
  7.092E-04  7.092E-04  0.000E+00  0.000E+00  6.283E+00  6.283E+00
  7.722E-04  7.722E-04  0.000E+00  0.000E+00  6.283E+00  6.283E+00
  8.409E-04  8.409E-04  0.000E+00  0.000E+00  6.283E+00  6.283E+00
  9.157E-04  9.157E-04  0.000E+00  0.000E+00  6.283E+00  6.283E+00
  9.971E-04  9.971E-04  0.000E+00  0.000E+00  6.283E+00  6.283E+00
  1.086E-03  1.086E-03  0.000E+00  0.000E+00  6.283E+00  6.283E+00
  1.182E-03  1.182E-03  0.000E+00  0.000E+00  6.283E+00  6.283E+00
  1.287E-03  1.287E-03  0.000E+00  0.000E+00  6.283E+00  6.283E+00
  1.402E-03  1.402E-03  0.000E+00  0.000E+00  6.283E+00  6.283E+00
  1.526E-03  1.526E-03  0.000E+00  0.000E+00  6.283E+00  6.283E+00
  1.662E-03  1.662E-03  0.000E+00  0.000E+00  6.283E+00  6.283E+00
  1.810E-03  1.810E-03  0.000E+00  0.000E+00  6.283E+00  6.283E+00
  1.971E-03  1.971E-03  0.000E+00  0.000E+00  6.283E+00  6.283E+00
  2.146E-03  2.146E-03  0.000E+00  0.000E+00  6.283E+00  6.283E+00
  2.337E-03  2.337E-03  0.000E+00  0.000E+00  6.283E+00  6.283E+00
  2.545E-03  2.545E-03  0.000E+00  0.000E+00  6.283E+00  6.283E+00
  2.771E-03  2.771E-03  0.000E+00  0.000E+00  6.283E+00  6.283E+00
  3.017E-03  3.017E-03  0.000E+00  0.000E+00  6.283E+00  6.283E+00
  3.285E-03  3.285E-03  0.000E+00  0.000E+00  6.283E+00  6.283E+00
  3.577E-03  3.577E-03  0.000E+00  0.000E+00  6.283E+00  6.283E+00
  3.895E-03  3.895E-03  0.000E+00  0.000E+00  6.283E+00  6.283E+00
  4.242E-03  4.242E-03  0.000E+00  0.000E+00  6.283E+00  6.283E+00
  4.619E-03  4.619E-03  0.000E+00  0.000E+00  6.283E+00  6.283E+00
  5.030E-03  5.030E-03  0.000E+00  0.000E+00  6.283E+00  6.283E+00
  5.477E-03  5.477E-03  0.000E+00  0.000E+00  6.283E+00  6.283E+00
  5.964E-03  5.964E-03  0.000E+00  0.000E+00  6.283E+00  6.283E+00
  6.494E-03  6.494E-03  0.000E+00  0.000E+00  6.283E+00  6.283E+00
  7.071E-03  7.071E-03  0.000E+00  0.000E+00  6.283E+00  6.283E+00
  7.700E-03  7.700E-03  0.000E+00  0.000E+00  6.283E+00  6.283E+00
  8.384E-03  8.384E-03  0.000E+00  0.000E+00  6.283E+00  6.283E+00
  9.130E-03  9.130E-03  0.000E+00  0.000E+00  6.283E+00  6.283E+00
  9.941E-03  9.941E-03  0.000E+00  0.000E+00  6.283E+00  6.283E+00
  1.083E-02  1.083E-02  0.000E+00  0.000E+00  6.283E+00  6.283E+00
  1.179E-02  1.179E-02  0.000E+00  0.000E+00  6.283E+00  6.283E+00
  1.284E-02  1.284E-02  0.000E+00  0.000E+00  6.283E+00  6.283E+00
  1.398E-02  1.398E-02  0.000E+00  0.000E+00  6.283E+00  6.283E+00
  1.522E-02  1.522E-02  0.000E+00  0.000E+00  6.283E+00  6.283E+00
  1.657E-02  1.657E-02  0.000E+00  0.000E+00  6.283E+00  6.283E+00
  1.805E-02  1.805E-02  0.000E+00  0.000E+00  6.283E+00  6.283E+00
  1.965E-02  1.965E-02  0.000E+00  0.000E+00  6.283E+00  6.283E+00
  2.140E-02  2.140E-02  0.000E+00  0.000E+00  6.283E+00  6.283E+00
  2.330E-02  2.330E-02  0.000E+00  0.000E+00  6.283E+00  6.283E+00
  2.537E-02  2.537E-02  0.000E+00  0.000E+00  6.283E+00  6.283E+00
  2.763E-02  2.763E-02  0.000E+00  0.000E+00  6.283E+00  6.283E+00
  3.008E-02  3.008E-02  0.000E+00  0.000E+00  6.283E+00  6.283E+00
  3.276E-02  3.276E-02  0.000E+00  0.000E+00  6.283E+00  6.283E+00
  3.567E-02  3.567E-02  0.000E+00  0.000E+00  6.283E+00  6.283E+00
  3.884E-02  3.884E-02  0.000E+00  0.000E+00  6.283E+00  6.283E+00
  4.229E-02  4.229E-02  0.000E+00  0.000E+00  6.283E+00  6.283E+00
  4.605E-02  4.605E-02  0.000E+00  0.000E+00  6.283E+00  6.283E+00
  5.015E-02  5.015E-02  0.000E+00  0.000E+00  6.283E+00  6.283E+00
  5.461E-02  5.461E-02  0.000E+00  0.000E+00  6.283E+00  6.283E+00
  5.946E-02  5.946E-02  0.000E+00  0.000E+00  6.283E+00  6.283E+00
  6.475E-02  6.475E-02  0.000E+00  0.000E+00  6.283E+00  6.283E+00
  7.050E-02  7.050E-02  0.000E+00  0.000E+00  6.283E+00  6.283E+00
  7.677E-02  7.677E-02  0.000E+00  0.000E+00  6.283E+00  6.283E+00
  8.360E-02  8.360E-02  0.000E+00  0.000E+00  6.283E+00  6.283E+00
  9.103E-02  9.103E-02  0.000E+00  0.000E+00  6.283E+00  6.283E+00
  9.912E-02  9.912E-02  0.000E+00  0.000E+00  6.283E+00  6.283E+00
  1.079E-01  1.079E-01  0.000E+00  0.000E+00  6.283E+00  6.283E+00
  1.175E-01  1.175E-01  0.000E+00  0.000E+00  6.283E+00  6.283E+00
  1.280E-01  1.280E-01  0.000E+00  0.000E+00  6.283E+00  6.283E+00
  1.394E-01  1.394E-01  0.000E+00  0.000E+00  6.283E+00  6.283E+00
  1.517E-01  1.517E-01  0.000E+00  0.000E+00  6.283E+00  6.283E+00
  1.652E-01  1.652E-01  0.000E+00  0.000E+00  6.283E+00  6.283E+00
  1.799E-01  1.799E-01  0.000E+00  0.000E+00  6.283E+00  6.283E+00
  1.959E-01  1.959E-01  0.000E+00  0.000E+00  6.283E+00  6.283E+00
  2.133E-01  2.133E-01  0.000E+00  0.000E+00  6.283E+00  6.283E+00
  2.323E-01  2.323E-01  0.000E+00  0.000E+00  6.283E+00  6.283E+00
  2.530E-01  2.530E-01  0.000E+00  0.000E+00  6.283E+00  6.283E+00
  2.754E-01  2.754E-01  0.000E+00  0.000E+00  6.283E+00  6.283E+00
  2.999E-01  2.999E-01  0.000E+00  0.000E+00  6.283E+00  6.283E+00
  3.266E-01  3.266E-01  0.000E+00  0.000E+00  6.283E+00  6.283E+00
  3.556E-01  3.556E-01  0.000E+00  0.000E+00  6.283E+00  6.283E+00
  3.873E-01  3.873E-01  0.000E+00  0.000E+00  6.283E+00  6.283E+00
  4.217E-01  4.217E-01  0.000E+00  0.000E+00  6.283E+00  6.283E+00
  4.592E-01  4.592E-01  0.000E+00  0.000E+00  6.283E+00  6.283E+00
  5.000E-01  5.000E-01  0.000E+00  0.000E+00  6.283E+00  6.283E+00
