 # Detector n:            1   BdxElec   (integrated over solid angle)
 # N. of energy intervals         100
  1.000E-04  1.089E-04  5.304E-05  1.796E+01
  1.089E-04  1.186E-04  5.654E-05  5.564E+00
  1.186E-04  1.291E-04  5.281E-05  4.547E+00
  1.291E-04  1.406E-04  4.604E-05  9.706E+00
  1.406E-04  1.531E-04  4.355E-05  7.370E+00
  1.531E-04  1.667E-04  4.819E-05  6.342E+00
  1.667E-04  1.815E-04  4.013E-05  4.318E+00
  1.815E-04  1.977E-04  4.089E-05  9.964E+00
  1.977E-04  2.152E-04  4.330E-05  1.136E+01
  2.152E-04  2.344E-04  3.267E-05  4.185E+00
  2.344E-04  2.552E-04  3.245E-05  7.277E+00
  2.552E-04  2.779E-04  2.355E-05  6.134E+00
  2.779E-04  3.026E-04  1.441E-05  6.171E+00
  3.026E-04  3.295E-04  3.138E-06  1.833E+01
  3.295E-04  3.588E-04  2.442E-06  2.237E+01
  3.588E-04  3.907E-04  2.410E-06  1.721E+01
  3.907E-04  4.254E-04  2.073E-06  2.110E+01
  4.254E-04  4.632E-04  1.670E-06  1.960E+01
  4.632E-04  5.044E-04  2.975E-06  2.396E+01
  5.044E-04  5.493E-04  2.187E-06  3.067E+01
  5.493E-04  5.981E-04  2.436E-06  1.896E+01
  5.981E-04  6.513E-04  1.865E-06  1.772E+01
  6.513E-04  7.092E-04  2.040E-06  1.855E+01
  7.092E-04  7.722E-04  2.775E-06  1.681E+01
  7.722E-04  8.409E-04  2.941E-06  2.452E+01
  8.409E-04  9.157E-04  2.472E-06  1.118E+01
  9.157E-04  9.971E-04  1.747E-06  9.807E+00
  9.971E-04  1.086E-03  1.707E-06  1.486E+01
  1.086E-03  1.182E-03  1.798E-06  1.007E+01
  1.182E-03  1.287E-03  1.365E-06  7.320E+00
  1.287E-03  1.402E-03  1.277E-06  8.792E+00
  1.402E-03  1.526E-03  1.102E-06  7.656E+00
  1.526E-03  1.662E-03  1.446E-06  2.469E+01
  1.662E-03  1.810E-03  9.558E-07  1.687E+01
  1.810E-03  1.971E-03  4.181E-07  1.261E+01
  1.971E-03  2.146E-03  1.659E-08  6.583E+01
  2.146E-03  2.337E-03  1.384E-08  6.125E+01
  2.337E-03  2.545E-03  1.287E-08  6.360E+01
  2.545E-03  2.771E-03  1.314E-08  9.900E+01
  2.771E-03  3.017E-03  2.361E-08  7.901E+01
  3.017E-03  3.285E-03  2.152E-08  4.256E+01
  3.285E-03  3.577E-03  3.134E-08  5.903E+01
  3.577E-03  3.895E-03  4.245E-09  9.900E+01
  3.895E-03  4.242E-03  1.064E-08  6.516E+01
  4.242E-03  4.619E-03  2.684E-08  4.642E+01
  4.619E-03  5.030E-03  1.156E-08  4.714E+01
  5.030E-03  5.477E-03  6.029E-09  9.900E+01
  5.477E-03  5.964E-03  4.730E-09  9.900E+01
  5.964E-03  6.494E-03  4.902E-09  6.272E+01
  6.494E-03  7.071E-03  5.324E-09  6.223E+01
  7.071E-03  7.700E-03  0.000E+00  0.000E+00
  7.700E-03  8.384E-03  0.000E+00  0.000E+00
  8.384E-03  9.130E-03  0.000E+00  0.000E+00
  9.130E-03  9.941E-03  0.000E+00  0.000E+00
  9.941E-03  1.083E-02  0.000E+00  0.000E+00
  1.083E-02  1.179E-02  0.000E+00  0.000E+00
  1.179E-02  1.284E-02  0.000E+00  0.000E+00
  1.284E-02  1.398E-02  0.000E+00  0.000E+00
  1.398E-02  1.522E-02  0.000E+00  0.000E+00
  1.522E-02  1.657E-02  0.000E+00  0.000E+00
  1.657E-02  1.805E-02  0.000E+00  0.000E+00
  1.805E-02  1.965E-02  0.000E+00  0.000E+00
  1.965E-02  2.140E-02  0.000E+00  0.000E+00
  2.140E-02  2.330E-02  0.000E+00  0.000E+00
  2.330E-02  2.537E-02  0.000E+00  0.000E+00
  2.537E-02  2.763E-02  0.000E+00  0.000E+00
  2.763E-02  3.008E-02  0.000E+00  0.000E+00
  3.008E-02  3.276E-02  0.000E+00  0.000E+00
  3.276E-02  3.567E-02  0.000E+00  0.000E+00
  3.567E-02  3.884E-02  0.000E+00  0.000E+00
  3.884E-02  4.229E-02  0.000E+00  0.000E+00
  4.229E-02  4.605E-02  0.000E+00  0.000E+00
  4.605E-02  5.015E-02  0.000E+00  0.000E+00
  5.015E-02  5.461E-02  0.000E+00  0.000E+00
  5.461E-02  5.946E-02  0.000E+00  0.000E+00
  5.946E-02  6.475E-02  0.000E+00  0.000E+00
  6.475E-02  7.050E-02  0.000E+00  0.000E+00
  7.050E-02  7.677E-02  0.000E+00  0.000E+00
  7.677E-02  8.360E-02  0.000E+00  0.000E+00
  8.360E-02  9.103E-02  0.000E+00  0.000E+00
  9.103E-02  9.912E-02  0.000E+00  0.000E+00
  9.912E-02  1.079E-01  0.000E+00  0.000E+00
  1.079E-01  1.175E-01  0.000E+00  0.000E+00
  1.175E-01  1.280E-01  0.000E+00  0.000E+00
  1.280E-01  1.394E-01  0.000E+00  0.000E+00
  1.394E-01  1.517E-01  0.000E+00  0.000E+00
  1.517E-01  1.652E-01  0.000E+00  0.000E+00
  1.652E-01  1.799E-01  0.000E+00  0.000E+00
  1.799E-01  1.959E-01  0.000E+00  0.000E+00
  1.959E-01  2.133E-01  0.000E+00  0.000E+00
  2.133E-01  2.323E-01  0.000E+00  0.000E+00
  2.323E-01  2.530E-01  0.000E+00  0.000E+00
  2.530E-01  2.754E-01  0.000E+00  0.000E+00
  2.754E-01  2.999E-01  0.000E+00  0.000E+00
  2.999E-01  3.266E-01  0.000E+00  0.000E+00
  3.266E-01  3.556E-01  0.000E+00  0.000E+00
  3.556E-01  3.873E-01  0.000E+00  0.000E+00
  3.873E-01  4.217E-01  0.000E+00  0.000E+00
  4.217E-01  4.592E-01  0.000E+00  0.000E+00
  4.592E-01  5.000E-01  0.000E+00  0.000E+00


 # double differential distributions
 # number of solid angle intervals           1
 # Block n:            1     0.00000000      :   6.28318548    
  1.000E-04  1.089E-04  8.442E-06  1.796E+01  0.000E+00  6.283E+00
  1.089E-04  1.186E-04  8.999E-06  5.564E+00  0.000E+00  6.283E+00
  1.186E-04  1.291E-04  8.404E-06  4.547E+00  0.000E+00  6.283E+00
  1.291E-04  1.406E-04  7.327E-06  9.706E+00  0.000E+00  6.283E+00
  1.406E-04  1.531E-04  6.931E-06  7.370E+00  0.000E+00  6.283E+00
  1.531E-04  1.667E-04  7.669E-06  6.342E+00  0.000E+00  6.283E+00
  1.667E-04  1.815E-04  6.387E-06  4.318E+00  0.000E+00  6.283E+00
  1.815E-04  1.977E-04  6.508E-06  9.964E+00  0.000E+00  6.283E+00
  1.977E-04  2.152E-04  6.891E-06  1.136E+01  0.000E+00  6.283E+00
  2.152E-04  2.344E-04  5.200E-06  4.185E+00  0.000E+00  6.283E+00
  2.344E-04  2.552E-04  5.165E-06  7.277E+00  0.000E+00  6.283E+00
  2.552E-04  2.779E-04  3.748E-06  6.134E+00  0.000E+00  6.283E+00
  2.779E-04  3.026E-04  2.294E-06  6.171E+00  0.000E+00  6.283E+00
  3.026E-04  3.295E-04  4.994E-07  1.833E+01  0.000E+00  6.283E+00
  3.295E-04  3.588E-04  3.886E-07  2.237E+01  0.000E+00  6.283E+00
  3.588E-04  3.907E-04  3.835E-07  1.721E+01  0.000E+00  6.283E+00
  3.907E-04  4.254E-04  3.299E-07  2.110E+01  0.000E+00  6.283E+00
  4.254E-04  4.632E-04  2.658E-07  1.960E+01  0.000E+00  6.283E+00
  4.632E-04  5.044E-04  4.735E-07  2.396E+01  0.000E+00  6.283E+00
  5.044E-04  5.493E-04  3.481E-07  3.067E+01  0.000E+00  6.283E+00
  5.493E-04  5.981E-04  3.877E-07  1.896E+01  0.000E+00  6.283E+00
  5.981E-04  6.513E-04  2.969E-07  1.772E+01  0.000E+00  6.283E+00
  6.513E-04  7.092E-04  3.246E-07  1.855E+01  0.000E+00  6.283E+00
  7.092E-04  7.722E-04  4.416E-07  1.681E+01  0.000E+00  6.283E+00
  7.722E-04  8.409E-04  4.681E-07  2.452E+01  0.000E+00  6.283E+00
  8.409E-04  9.157E-04  3.934E-07  1.118E+01  0.000E+00  6.283E+00
  9.157E-04  9.971E-04  2.780E-07  9.807E+00  0.000E+00  6.283E+00
  9.971E-04  1.086E-03  2.717E-07  1.486E+01  0.000E+00  6.283E+00
  1.086E-03  1.182E-03  2.861E-07  1.007E+01  0.000E+00  6.283E+00
  1.182E-03  1.287E-03  2.173E-07  7.320E+00  0.000E+00  6.283E+00
  1.287E-03  1.402E-03  2.032E-07  8.792E+00  0.000E+00  6.283E+00
  1.402E-03  1.526E-03  1.754E-07  7.656E+00  0.000E+00  6.283E+00
  1.526E-03  1.662E-03  2.301E-07  2.469E+01  0.000E+00  6.283E+00
  1.662E-03  1.810E-03  1.521E-07  1.687E+01  0.000E+00  6.283E+00
  1.810E-03  1.971E-03  6.654E-08  1.261E+01  0.000E+00  6.283E+00
  1.971E-03  2.146E-03  2.641E-09  6.583E+01  0.000E+00  6.283E+00
  2.146E-03  2.337E-03  2.203E-09  6.125E+01  0.000E+00  6.283E+00
  2.337E-03  2.545E-03  2.049E-09  6.360E+01  0.000E+00  6.283E+00
  2.545E-03  2.771E-03  2.091E-09  9.900E+01  0.000E+00  6.283E+00
  2.771E-03  3.017E-03  3.757E-09  7.901E+01  0.000E+00  6.283E+00
  3.017E-03  3.285E-03  3.426E-09  4.256E+01  0.000E+00  6.283E+00
  3.285E-03  3.577E-03  4.988E-09  5.903E+01  0.000E+00  6.283E+00
  3.577E-03  3.895E-03  6.756E-10  9.900E+01  0.000E+00  6.283E+00
  3.895E-03  4.242E-03  1.694E-09  6.516E+01  0.000E+00  6.283E+00
  4.242E-03  4.619E-03  4.272E-09  4.642E+01  0.000E+00  6.283E+00
  4.619E-03  5.030E-03  1.840E-09  4.714E+01  0.000E+00  6.283E+00
  5.030E-03  5.477E-03  9.596E-10  9.900E+01  0.000E+00  6.283E+00
  5.477E-03  5.964E-03  7.528E-10  9.900E+01  0.000E+00  6.283E+00
  5.964E-03  6.494E-03  7.802E-10  6.272E+01  0.000E+00  6.283E+00
  6.494E-03  7.071E-03  8.474E-10  6.223E+01  0.000E+00  6.283E+00
  7.071E-03  7.700E-03  0.000E+00  0.000E+00  0.000E+00  6.283E+00
  7.700E-03  8.384E-03  0.000E+00  0.000E+00  0.000E+00  6.283E+00
  8.384E-03  9.130E-03  0.000E+00  0.000E+00  0.000E+00  6.283E+00
  9.130E-03  9.941E-03  0.000E+00  0.000E+00  0.000E+00  6.283E+00
  9.941E-03  1.083E-02  0.000E+00  0.000E+00  0.000E+00  6.283E+00
  1.083E-02  1.179E-02  0.000E+00  0.000E+00  0.000E+00  6.283E+00
  1.179E-02  1.284E-02  0.000E+00  0.000E+00  0.000E+00  6.283E+00
  1.284E-02  1.398E-02  0.000E+00  0.000E+00  0.000E+00  6.283E+00
  1.398E-02  1.522E-02  0.000E+00  0.000E+00  0.000E+00  6.283E+00
  1.522E-02  1.657E-02  0.000E+00  0.000E+00  0.000E+00  6.283E+00
  1.657E-02  1.805E-02  0.000E+00  0.000E+00  0.000E+00  6.283E+00
  1.805E-02  1.965E-02  0.000E+00  0.000E+00  0.000E+00  6.283E+00
  1.965E-02  2.140E-02  0.000E+00  0.000E+00  0.000E+00  6.283E+00
  2.140E-02  2.330E-02  0.000E+00  0.000E+00  0.000E+00  6.283E+00
  2.330E-02  2.537E-02  0.000E+00  0.000E+00  0.000E+00  6.283E+00
  2.537E-02  2.763E-02  0.000E+00  0.000E+00  0.000E+00  6.283E+00
  2.763E-02  3.008E-02  0.000E+00  0.000E+00  0.000E+00  6.283E+00
  3.008E-02  3.276E-02  0.000E+00  0.000E+00  0.000E+00  6.283E+00
  3.276E-02  3.567E-02  0.000E+00  0.000E+00  0.000E+00  6.283E+00
  3.567E-02  3.884E-02  0.000E+00  0.000E+00  0.000E+00  6.283E+00
  3.884E-02  4.229E-02  0.000E+00  0.000E+00  0.000E+00  6.283E+00
  4.229E-02  4.605E-02  0.000E+00  0.000E+00  0.000E+00  6.283E+00
  4.605E-02  5.015E-02  0.000E+00  0.000E+00  0.000E+00  6.283E+00
  5.015E-02  5.461E-02  0.000E+00  0.000E+00  0.000E+00  6.283E+00
  5.461E-02  5.946E-02  0.000E+00  0.000E+00  0.000E+00  6.283E+00
  5.946E-02  6.475E-02  0.000E+00  0.000E+00  0.000E+00  6.283E+00
  6.475E-02  7.050E-02  0.000E+00  0.000E+00  0.000E+00  6.283E+00
  7.050E-02  7.677E-02  0.000E+00  0.000E+00  0.000E+00  6.283E+00
  7.677E-02  8.360E-02  0.000E+00  0.000E+00  0.000E+00  6.283E+00
  8.360E-02  9.103E-02  0.000E+00  0.000E+00  0.000E+00  6.283E+00
  9.103E-02  9.912E-02  0.000E+00  0.000E+00  0.000E+00  6.283E+00
  9.912E-02  1.079E-01  0.000E+00  0.000E+00  0.000E+00  6.283E+00
  1.079E-01  1.175E-01  0.000E+00  0.000E+00  0.000E+00  6.283E+00
  1.175E-01  1.280E-01  0.000E+00  0.000E+00  0.000E+00  6.283E+00
  1.280E-01  1.394E-01  0.000E+00  0.000E+00  0.000E+00  6.283E+00
  1.394E-01  1.517E-01  0.000E+00  0.000E+00  0.000E+00  6.283E+00
  1.517E-01  1.652E-01  0.000E+00  0.000E+00  0.000E+00  6.283E+00
  1.652E-01  1.799E-01  0.000E+00  0.000E+00  0.000E+00  6.283E+00
  1.799E-01  1.959E-01  0.000E+00  0.000E+00  0.000E+00  6.283E+00
  1.959E-01  2.133E-01  0.000E+00  0.000E+00  0.000E+00  6.283E+00
  2.133E-01  2.323E-01  0.000E+00  0.000E+00  0.000E+00  6.283E+00
  2.323E-01  2.530E-01  0.000E+00  0.000E+00  0.000E+00  6.283E+00
  2.530E-01  2.754E-01  0.000E+00  0.000E+00  0.000E+00  6.283E+00
  2.754E-01  2.999E-01  0.000E+00  0.000E+00  0.000E+00  6.283E+00
  2.999E-01  3.266E-01  0.000E+00  0.000E+00  0.000E+00  6.283E+00
  3.266E-01  3.556E-01  0.000E+00  0.000E+00  0.000E+00  6.283E+00
  3.556E-01  3.873E-01  0.000E+00  0.000E+00  0.000E+00  6.283E+00
  3.873E-01  4.217E-01  0.000E+00  0.000E+00  0.000E+00  6.283E+00
  4.217E-01  4.592E-01  0.000E+00  0.000E+00  0.000E+00  6.283E+00
  4.592E-01  5.000E-01  0.000E+00  0.000E+00  0.000E+00  6.283E+00
  5.000E-01  5.000E-01  0.000E+00  0.000E+00  0.000E+00  6.283E+00

  1.000E-04  1.000E-04  0.000E+00  0.000E+00  6.283E+00  6.283E+00
  1.089E-04  1.089E-04  0.000E+00  0.000E+00  6.283E+00  6.283E+00
  1.186E-04  1.186E-04  0.000E+00  0.000E+00  6.283E+00  6.283E+00
  1.291E-04  1.291E-04  0.000E+00  0.000E+00  6.283E+00  6.283E+00
  1.406E-04  1.406E-04  0.000E+00  0.000E+00  6.283E+00  6.283E+00
  1.531E-04  1.531E-04  0.000E+00  0.000E+00  6.283E+00  6.283E+00
  1.667E-04  1.667E-04  0.000E+00  0.000E+00  6.283E+00  6.283E+00
  1.815E-04  1.815E-04  0.000E+00  0.000E+00  6.283E+00  6.283E+00
  1.977E-04  1.977E-04  0.000E+00  0.000E+00  6.283E+00  6.283E+00
  2.152E-04  2.152E-04  0.000E+00  0.000E+00  6.283E+00  6.283E+00
  2.344E-04  2.344E-04  0.000E+00  0.000E+00  6.283E+00  6.283E+00
  2.552E-04  2.552E-04  0.000E+00  0.000E+00  6.283E+00  6.283E+00
  2.779E-04  2.779E-04  0.000E+00  0.000E+00  6.283E+00  6.283E+00
  3.026E-04  3.026E-04  0.000E+00  0.000E+00  6.283E+00  6.283E+00
  3.295E-04  3.295E-04  0.000E+00  0.000E+00  6.283E+00  6.283E+00
  3.588E-04  3.588E-04  0.000E+00  0.000E+00  6.283E+00  6.283E+00
  3.907E-04  3.907E-04  0.000E+00  0.000E+00  6.283E+00  6.283E+00
  4.254E-04  4.254E-04  0.000E+00  0.000E+00  6.283E+00  6.283E+00
  4.632E-04  4.632E-04  0.000E+00  0.000E+00  6.283E+00  6.283E+00
  5.044E-04  5.044E-04  0.000E+00  0.000E+00  6.283E+00  6.283E+00
  5.493E-04  5.493E-04  0.000E+00  0.000E+00  6.283E+00  6.283E+00
  5.981E-04  5.981E-04  0.000E+00  0.000E+00  6.283E+00  6.283E+00
  6.513E-04  6.513E-04  0.000E+00  0.000E+00  6.283E+00  6.283E+00
  7.092E-04  7.092E-04  0.000E+00  0.000E+00  6.283E+00  6.283E+00
  7.722E-04  7.722E-04  0.000E+00  0.000E+00  6.283E+00  6.283E+00
  8.409E-04  8.409E-04  0.000E+00  0.000E+00  6.283E+00  6.283E+00
  9.157E-04  9.157E-04  0.000E+00  0.000E+00  6.283E+00  6.283E+00
  9.971E-04  9.971E-04  0.000E+00  0.000E+00  6.283E+00  6.283E+00
  1.086E-03  1.086E-03  0.000E+00  0.000E+00  6.283E+00  6.283E+00
  1.182E-03  1.182E-03  0.000E+00  0.000E+00  6.283E+00  6.283E+00
  1.287E-03  1.287E-03  0.000E+00  0.000E+00  6.283E+00  6.283E+00
  1.402E-03  1.402E-03  0.000E+00  0.000E+00  6.283E+00  6.283E+00
  1.526E-03  1.526E-03  0.000E+00  0.000E+00  6.283E+00  6.283E+00
  1.662E-03  1.662E-03  0.000E+00  0.000E+00  6.283E+00  6.283E+00
  1.810E-03  1.810E-03  0.000E+00  0.000E+00  6.283E+00  6.283E+00
  1.971E-03  1.971E-03  0.000E+00  0.000E+00  6.283E+00  6.283E+00
  2.146E-03  2.146E-03  0.000E+00  0.000E+00  6.283E+00  6.283E+00
  2.337E-03  2.337E-03  0.000E+00  0.000E+00  6.283E+00  6.283E+00
  2.545E-03  2.545E-03  0.000E+00  0.000E+00  6.283E+00  6.283E+00
  2.771E-03  2.771E-03  0.000E+00  0.000E+00  6.283E+00  6.283E+00
  3.017E-03  3.017E-03  0.000E+00  0.000E+00  6.283E+00  6.283E+00
  3.285E-03  3.285E-03  0.000E+00  0.000E+00  6.283E+00  6.283E+00
  3.577E-03  3.577E-03  0.000E+00  0.000E+00  6.283E+00  6.283E+00
  3.895E-03  3.895E-03  0.000E+00  0.000E+00  6.283E+00  6.283E+00
  4.242E-03  4.242E-03  0.000E+00  0.000E+00  6.283E+00  6.283E+00
  4.619E-03  4.619E-03  0.000E+00  0.000E+00  6.283E+00  6.283E+00
  5.030E-03  5.030E-03  0.000E+00  0.000E+00  6.283E+00  6.283E+00
  5.477E-03  5.477E-03  0.000E+00  0.000E+00  6.283E+00  6.283E+00
  5.964E-03  5.964E-03  0.000E+00  0.000E+00  6.283E+00  6.283E+00
  6.494E-03  6.494E-03  0.000E+00  0.000E+00  6.283E+00  6.283E+00
  7.071E-03  7.071E-03  0.000E+00  0.000E+00  6.283E+00  6.283E+00
  7.700E-03  7.700E-03  0.000E+00  0.000E+00  6.283E+00  6.283E+00
  8.384E-03  8.384E-03  0.000E+00  0.000E+00  6.283E+00  6.283E+00
  9.130E-03  9.130E-03  0.000E+00  0.000E+00  6.283E+00  6.283E+00
  9.941E-03  9.941E-03  0.000E+00  0.000E+00  6.283E+00  6.283E+00
  1.083E-02  1.083E-02  0.000E+00  0.000E+00  6.283E+00  6.283E+00
  1.179E-02  1.179E-02  0.000E+00  0.000E+00  6.283E+00  6.283E+00
  1.284E-02  1.284E-02  0.000E+00  0.000E+00  6.283E+00  6.283E+00
  1.398E-02  1.398E-02  0.000E+00  0.000E+00  6.283E+00  6.283E+00
  1.522E-02  1.522E-02  0.000E+00  0.000E+00  6.283E+00  6.283E+00
  1.657E-02  1.657E-02  0.000E+00  0.000E+00  6.283E+00  6.283E+00
  1.805E-02  1.805E-02  0.000E+00  0.000E+00  6.283E+00  6.283E+00
  1.965E-02  1.965E-02  0.000E+00  0.000E+00  6.283E+00  6.283E+00
  2.140E-02  2.140E-02  0.000E+00  0.000E+00  6.283E+00  6.283E+00
  2.330E-02  2.330E-02  0.000E+00  0.000E+00  6.283E+00  6.283E+00
  2.537E-02  2.537E-02  0.000E+00  0.000E+00  6.283E+00  6.283E+00
  2.763E-02  2.763E-02  0.000E+00  0.000E+00  6.283E+00  6.283E+00
  3.008E-02  3.008E-02  0.000E+00  0.000E+00  6.283E+00  6.283E+00
  3.276E-02  3.276E-02  0.000E+00  0.000E+00  6.283E+00  6.283E+00
  3.567E-02  3.567E-02  0.000E+00  0.000E+00  6.283E+00  6.283E+00
  3.884E-02  3.884E-02  0.000E+00  0.000E+00  6.283E+00  6.283E+00
  4.229E-02  4.229E-02  0.000E+00  0.000E+00  6.283E+00  6.283E+00
  4.605E-02  4.605E-02  0.000E+00  0.000E+00  6.283E+00  6.283E+00
  5.015E-02  5.015E-02  0.000E+00  0.000E+00  6.283E+00  6.283E+00
  5.461E-02  5.461E-02  0.000E+00  0.000E+00  6.283E+00  6.283E+00
  5.946E-02  5.946E-02  0.000E+00  0.000E+00  6.283E+00  6.283E+00
  6.475E-02  6.475E-02  0.000E+00  0.000E+00  6.283E+00  6.283E+00
  7.050E-02  7.050E-02  0.000E+00  0.000E+00  6.283E+00  6.283E+00
  7.677E-02  7.677E-02  0.000E+00  0.000E+00  6.283E+00  6.283E+00
  8.360E-02  8.360E-02  0.000E+00  0.000E+00  6.283E+00  6.283E+00
  9.103E-02  9.103E-02  0.000E+00  0.000E+00  6.283E+00  6.283E+00
  9.912E-02  9.912E-02  0.000E+00  0.000E+00  6.283E+00  6.283E+00
  1.079E-01  1.079E-01  0.000E+00  0.000E+00  6.283E+00  6.283E+00
  1.175E-01  1.175E-01  0.000E+00  0.000E+00  6.283E+00  6.283E+00
  1.280E-01  1.280E-01  0.000E+00  0.000E+00  6.283E+00  6.283E+00
  1.394E-01  1.394E-01  0.000E+00  0.000E+00  6.283E+00  6.283E+00
  1.517E-01  1.517E-01  0.000E+00  0.000E+00  6.283E+00  6.283E+00
  1.652E-01  1.652E-01  0.000E+00  0.000E+00  6.283E+00  6.283E+00
  1.799E-01  1.799E-01  0.000E+00  0.000E+00  6.283E+00  6.283E+00
  1.959E-01  1.959E-01  0.000E+00  0.000E+00  6.283E+00  6.283E+00
  2.133E-01  2.133E-01  0.000E+00  0.000E+00  6.283E+00  6.283E+00
  2.323E-01  2.323E-01  0.000E+00  0.000E+00  6.283E+00  6.283E+00
  2.530E-01  2.530E-01  0.000E+00  0.000E+00  6.283E+00  6.283E+00
  2.754E-01  2.754E-01  0.000E+00  0.000E+00  6.283E+00  6.283E+00
  2.999E-01  2.999E-01  0.000E+00  0.000E+00  6.283E+00  6.283E+00
  3.266E-01  3.266E-01  0.000E+00  0.000E+00  6.283E+00  6.283E+00
  3.556E-01  3.556E-01  0.000E+00  0.000E+00  6.283E+00  6.283E+00
  3.873E-01  3.873E-01  0.000E+00  0.000E+00  6.283E+00  6.283E+00
  4.217E-01  4.217E-01  0.000E+00  0.000E+00  6.283E+00  6.283E+00
  4.592E-01  4.592E-01  0.000E+00  0.000E+00  6.283E+00  6.283E+00
  5.000E-01  5.000E-01  0.000E+00  0.000E+00  6.283E+00  6.283E+00
