 # Detector n:            1   BdxNeut   (integrated over solid angle)
 # N. of energy intervals         100
  1.000E-09  1.222E-09  0.000E+00  0.000E+00
  1.222E-09  1.493E-09  0.000E+00  0.000E+00
  1.493E-09  1.824E-09  0.000E+00  0.000E+00
  1.824E-09  2.228E-09  0.000E+00  0.000E+00
  2.228E-09  2.722E-09  0.000E+00  0.000E+00
  2.722E-09  3.326E-09  0.000E+00  0.000E+00
  3.326E-09  4.064E-09  0.000E+00  0.000E+00
  4.064E-09  4.965E-09  0.000E+00  0.000E+00
  4.965E-09  6.066E-09  0.000E+00  0.000E+00
  6.066E-09  7.411E-09  0.000E+00  0.000E+00
  7.411E-09  9.055E-09  0.000E+00  0.000E+00
  9.055E-09  1.106E-08  0.000E+00  0.000E+00
  1.106E-08  1.352E-08  0.000E+00  0.000E+00
  1.352E-08  1.651E-08  0.000E+00  0.000E+00
  1.651E-08  2.018E-08  0.000E+00  0.000E+00
  2.018E-08  2.465E-08  0.000E+00  0.000E+00
  2.465E-08  3.012E-08  0.000E+00  0.000E+00
  3.012E-08  3.680E-08  0.000E+00  0.000E+00
  3.680E-08  4.496E-08  0.000E+00  0.000E+00
  4.496E-08  5.493E-08  0.000E+00  0.000E+00
  5.493E-08  6.711E-08  0.000E+00  0.000E+00
  6.711E-08  8.199E-08  0.000E+00  0.000E+00
  8.199E-08  1.002E-07  0.000E+00  0.000E+00
  1.002E-07  1.224E-07  0.000E+00  0.000E+00
  1.224E-07  1.495E-07  0.000E+00  0.000E+00
  1.495E-07  1.827E-07  0.000E+00  0.000E+00
  1.827E-07  2.232E-07  0.000E+00  0.000E+00
  2.232E-07  2.727E-07  0.000E+00  0.000E+00
  2.727E-07  3.332E-07  0.000E+00  0.000E+00
  3.332E-07  4.071E-07  0.000E+00  0.000E+00
  4.071E-07  4.974E-07  0.000E+00  0.000E+00
  4.974E-07  6.077E-07  0.000E+00  0.000E+00
  6.077E-07  7.424E-07  0.000E+00  0.000E+00
  7.424E-07  9.071E-07  0.000E+00  0.000E+00
  9.071E-07  1.108E-06  0.000E+00  0.000E+00
  1.108E-06  1.354E-06  3.308E-04  9.900E+01
  1.354E-06  1.654E-06  0.000E+00  0.000E+00
  1.654E-06  2.021E-06  2.446E-04  9.900E+01
  2.021E-06  2.469E-06  0.000E+00  0.000E+00
  2.469E-06  3.017E-06  2.185E-04  9.900E+01
  3.017E-06  3.686E-06  0.000E+00  0.000E+00
  3.686E-06  4.504E-06  1.912E-04  6.379E+01
  4.504E-06  5.502E-06  7.902E-05  9.900E+01
  5.502E-06  6.723E-06  1.032E-04  6.189E+01
  6.723E-06  8.214E-06  3.857E-04  4.110E+01
  8.214E-06  1.004E-05  2.110E-04  3.678E+01
  1.004E-05  1.226E-05  2.931E-04  2.919E+01
  1.226E-05  1.498E-05  2.657E-04  4.102E+01
  1.498E-05  1.830E-05  3.823E-04  9.231E+00
  1.830E-05  2.236E-05  5.171E-04  1.523E+01
  2.236E-05  2.732E-05  7.240E-04  1.618E+01
  2.732E-05  3.338E-05  7.199E-04  1.920E+01
  3.338E-05  4.078E-05  6.093E-04  1.652E+01
  4.078E-05  4.982E-05  8.306E-04  1.853E+01
  4.982E-05  6.087E-05  6.317E-04  7.044E+00
  6.087E-05  7.437E-05  7.423E-04  1.535E+01
  7.437E-05  9.087E-05  4.524E-04  6.797E+00
  9.087E-05  1.110E-04  4.119E-04  1.290E+01
  1.110E-04  1.356E-04  3.353E-04  1.638E+01
  1.356E-04  1.657E-04  2.594E-04  1.319E+01
  1.657E-04  2.025E-04  9.611E-05  1.503E+01
  2.025E-04  2.474E-04  6.550E-05  1.795E+01
  2.474E-04  3.022E-04  5.018E-05  2.533E+01
  3.022E-04  3.693E-04  2.246E-05  2.412E+01
  3.693E-04  4.512E-04  1.648E-05  3.840E+01
  4.512E-04  5.512E-04  4.306E-06  3.469E+01
  5.512E-04  6.735E-04  5.094E-06  5.391E+01
  6.735E-04  8.228E-04  7.132E-07  6.134E+01
  8.228E-04  1.005E-03  0.000E+00  0.000E+00
  1.005E-03  1.228E-03  0.000E+00  0.000E+00
  1.228E-03  1.501E-03  0.000E+00  0.000E+00
  1.501E-03  1.833E-03  0.000E+00  0.000E+00
  1.833E-03  2.240E-03  0.000E+00  0.000E+00
  2.240E-03  2.737E-03  0.000E+00  0.000E+00
  2.737E-03  3.344E-03  0.000E+00  0.000E+00
  3.344E-03  4.085E-03  0.000E+00  0.000E+00
  4.085E-03  4.991E-03  0.000E+00  0.000E+00
  4.991E-03  6.098E-03  0.000E+00  0.000E+00
  6.098E-03  7.450E-03  0.000E+00  0.000E+00
  7.450E-03  9.103E-03  0.000E+00  0.000E+00
  9.103E-03  1.112E-02  0.000E+00  0.000E+00
  1.112E-02  1.359E-02  0.000E+00  0.000E+00
  1.359E-02  1.660E-02  0.000E+00  0.000E+00
  1.660E-02  2.028E-02  0.000E+00  0.000E+00
  2.028E-02  2.478E-02  0.000E+00  0.000E+00
  2.478E-02  3.028E-02  0.000E+00  0.000E+00
  3.028E-02  3.699E-02  0.000E+00  0.000E+00
  3.699E-02  4.520E-02  0.000E+00  0.000E+00
  4.520E-02  5.522E-02  0.000E+00  0.000E+00
  5.522E-02  6.746E-02  0.000E+00  0.000E+00
  6.746E-02  8.243E-02  0.000E+00  0.000E+00
  8.243E-02  1.007E-01  0.000E+00  0.000E+00
  1.007E-01  1.230E-01  0.000E+00  0.000E+00
  1.230E-01  1.503E-01  0.000E+00  0.000E+00
  1.503E-01  1.837E-01  0.000E+00  0.000E+00
  1.837E-01  2.244E-01  0.000E+00  0.000E+00
  2.244E-01  2.742E-01  0.000E+00  0.000E+00
  2.742E-01  3.350E-01  0.000E+00  0.000E+00
  3.350E-01  4.092E-01  0.000E+00  0.000E+00
  4.092E-01  5.000E-01  0.000E+00  0.000E+00


 # double differential distributions
 # number of solid angle intervals           1
 # Block n:            1     0.00000000      :   6.28318548    
  1.000E-09  1.222E-09  0.000E+00  0.000E+00  0.000E+00  6.283E+00
  1.222E-09  1.493E-09  0.000E+00  0.000E+00  0.000E+00  6.283E+00
  1.493E-09  1.824E-09  0.000E+00  0.000E+00  0.000E+00  6.283E+00
  1.824E-09  2.228E-09  0.000E+00  0.000E+00  0.000E+00  6.283E+00
  2.228E-09  2.722E-09  0.000E+00  0.000E+00  0.000E+00  6.283E+00
  2.722E-09  3.326E-09  0.000E+00  0.000E+00  0.000E+00  6.283E+00
  3.326E-09  4.064E-09  0.000E+00  0.000E+00  0.000E+00  6.283E+00
  4.064E-09  4.965E-09  0.000E+00  0.000E+00  0.000E+00  6.283E+00
  4.965E-09  6.066E-09  0.000E+00  0.000E+00  0.000E+00  6.283E+00
  6.066E-09  7.411E-09  0.000E+00  0.000E+00  0.000E+00  6.283E+00
  7.411E-09  9.055E-09  0.000E+00  0.000E+00  0.000E+00  6.283E+00
  9.055E-09  1.106E-08  0.000E+00  0.000E+00  0.000E+00  6.283E+00
  1.106E-08  1.352E-08  0.000E+00  0.000E+00  0.000E+00  6.283E+00
  1.352E-08  1.651E-08  0.000E+00  0.000E+00  0.000E+00  6.283E+00
  1.651E-08  2.018E-08  0.000E+00  0.000E+00  0.000E+00  6.283E+00
  2.018E-08  2.465E-08  0.000E+00  0.000E+00  0.000E+00  6.283E+00
  2.465E-08  3.012E-08  0.000E+00  0.000E+00  0.000E+00  6.283E+00
  3.012E-08  3.680E-08  0.000E+00  0.000E+00  0.000E+00  6.283E+00
  3.680E-08  4.496E-08  0.000E+00  0.000E+00  0.000E+00  6.283E+00
  4.496E-08  5.493E-08  0.000E+00  0.000E+00  0.000E+00  6.283E+00
  5.493E-08  6.711E-08  0.000E+00  0.000E+00  0.000E+00  6.283E+00
  6.711E-08  8.199E-08  0.000E+00  0.000E+00  0.000E+00  6.283E+00
  8.199E-08  1.002E-07  0.000E+00  0.000E+00  0.000E+00  6.283E+00
  1.002E-07  1.224E-07  0.000E+00  0.000E+00  0.000E+00  6.283E+00
  1.224E-07  1.495E-07  0.000E+00  0.000E+00  0.000E+00  6.283E+00
  1.495E-07  1.827E-07  0.000E+00  0.000E+00  0.000E+00  6.283E+00
  1.827E-07  2.232E-07  0.000E+00  0.000E+00  0.000E+00  6.283E+00
  2.232E-07  2.727E-07  0.000E+00  0.000E+00  0.000E+00  6.283E+00
  2.727E-07  3.332E-07  0.000E+00  0.000E+00  0.000E+00  6.283E+00
  3.332E-07  4.071E-07  0.000E+00  0.000E+00  0.000E+00  6.283E+00
  4.071E-07  4.974E-07  0.000E+00  0.000E+00  0.000E+00  6.283E+00
  4.974E-07  6.077E-07  0.000E+00  0.000E+00  0.000E+00  6.283E+00
  6.077E-07  7.424E-07  0.000E+00  0.000E+00  0.000E+00  6.283E+00
  7.424E-07  9.071E-07  0.000E+00  0.000E+00  0.000E+00  6.283E+00
  9.071E-07  1.108E-06  0.000E+00  0.000E+00  0.000E+00  6.283E+00
  1.108E-06  1.354E-06  5.265E-05  9.900E+01  0.000E+00  6.283E+00
  1.354E-06  1.654E-06  0.000E+00  0.000E+00  0.000E+00  6.283E+00
  1.654E-06  2.021E-06  3.893E-05  9.900E+01  0.000E+00  6.283E+00
  2.021E-06  2.469E-06  0.000E+00  0.000E+00  0.000E+00  6.283E+00
  2.469E-06  3.017E-06  3.478E-05  9.900E+01  0.000E+00  6.283E+00
  3.017E-06  3.686E-06  0.000E+00  0.000E+00  0.000E+00  6.283E+00
  3.686E-06  4.504E-06  3.044E-05  6.379E+01  0.000E+00  6.283E+00
  4.504E-06  5.502E-06  1.258E-05  9.900E+01  0.000E+00  6.283E+00
  5.502E-06  6.723E-06  1.642E-05  6.189E+01  0.000E+00  6.283E+00
  6.723E-06  8.214E-06  6.139E-05  4.110E+01  0.000E+00  6.283E+00
  8.214E-06  1.004E-05  3.358E-05  3.678E+01  0.000E+00  6.283E+00
  1.004E-05  1.226E-05  4.665E-05  2.919E+01  0.000E+00  6.283E+00
  1.226E-05  1.498E-05  4.228E-05  4.102E+01  0.000E+00  6.283E+00
  1.498E-05  1.830E-05  6.084E-05  9.231E+00  0.000E+00  6.283E+00
  1.830E-05  2.236E-05  8.229E-05  1.523E+01  0.000E+00  6.283E+00
  2.236E-05  2.732E-05  1.152E-04  1.618E+01  0.000E+00  6.283E+00
  2.732E-05  3.338E-05  1.146E-04  1.920E+01  0.000E+00  6.283E+00
  3.338E-05  4.078E-05  9.698E-05  1.652E+01  0.000E+00  6.283E+00
  4.078E-05  4.982E-05  1.322E-04  1.853E+01  0.000E+00  6.283E+00
  4.982E-05  6.087E-05  1.005E-04  7.044E+00  0.000E+00  6.283E+00
  6.087E-05  7.437E-05  1.181E-04  1.535E+01  0.000E+00  6.283E+00
  7.437E-05  9.087E-05  7.201E-05  6.797E+00  0.000E+00  6.283E+00
  9.087E-05  1.110E-04  6.556E-05  1.290E+01  0.000E+00  6.283E+00
  1.110E-04  1.356E-04  5.337E-05  1.638E+01  0.000E+00  6.283E+00
  1.356E-04  1.657E-04  4.129E-05  1.319E+01  0.000E+00  6.283E+00
  1.657E-04  2.025E-04  1.530E-05  1.503E+01  0.000E+00  6.283E+00
  2.025E-04  2.474E-04  1.042E-05  1.795E+01  0.000E+00  6.283E+00
  2.474E-04  3.022E-04  7.987E-06  2.533E+01  0.000E+00  6.283E+00
  3.022E-04  3.693E-04  3.575E-06  2.412E+01  0.000E+00  6.283E+00
  3.693E-04  4.512E-04  2.622E-06  3.840E+01  0.000E+00  6.283E+00
  4.512E-04  5.512E-04  6.853E-07  3.469E+01  0.000E+00  6.283E+00
  5.512E-04  6.735E-04  8.107E-07  5.391E+01  0.000E+00  6.283E+00
  6.735E-04  8.228E-04  1.135E-07  6.134E+01  0.000E+00  6.283E+00
  8.228E-04  1.005E-03  0.000E+00  0.000E+00  0.000E+00  6.283E+00
  1.005E-03  1.228E-03  0.000E+00  0.000E+00  0.000E+00  6.283E+00
  1.228E-03  1.501E-03  0.000E+00  0.000E+00  0.000E+00  6.283E+00
  1.501E-03  1.833E-03  0.000E+00  0.000E+00  0.000E+00  6.283E+00
  1.833E-03  2.240E-03  0.000E+00  0.000E+00  0.000E+00  6.283E+00
  2.240E-03  2.737E-03  0.000E+00  0.000E+00  0.000E+00  6.283E+00
  2.737E-03  3.344E-03  0.000E+00  0.000E+00  0.000E+00  6.283E+00
  3.344E-03  4.085E-03  0.000E+00  0.000E+00  0.000E+00  6.283E+00
  4.085E-03  4.991E-03  0.000E+00  0.000E+00  0.000E+00  6.283E+00
  4.991E-03  6.098E-03  0.000E+00  0.000E+00  0.000E+00  6.283E+00
  6.098E-03  7.450E-03  0.000E+00  0.000E+00  0.000E+00  6.283E+00
  7.450E-03  9.103E-03  0.000E+00  0.000E+00  0.000E+00  6.283E+00
  9.103E-03  1.112E-02  0.000E+00  0.000E+00  0.000E+00  6.283E+00
  1.112E-02  1.359E-02  0.000E+00  0.000E+00  0.000E+00  6.283E+00
  1.359E-02  1.660E-02  0.000E+00  0.000E+00  0.000E+00  6.283E+00
  1.660E-02  2.028E-02  0.000E+00  0.000E+00  0.000E+00  6.283E+00
  2.028E-02  2.478E-02  0.000E+00  0.000E+00  0.000E+00  6.283E+00
  2.478E-02  3.028E-02  0.000E+00  0.000E+00  0.000E+00  6.283E+00
  3.028E-02  3.699E-02  0.000E+00  0.000E+00  0.000E+00  6.283E+00
  3.699E-02  4.520E-02  0.000E+00  0.000E+00  0.000E+00  6.283E+00
  4.520E-02  5.522E-02  0.000E+00  0.000E+00  0.000E+00  6.283E+00
  5.522E-02  6.746E-02  0.000E+00  0.000E+00  0.000E+00  6.283E+00
  6.746E-02  8.243E-02  0.000E+00  0.000E+00  0.000E+00  6.283E+00
  8.243E-02  1.007E-01  0.000E+00  0.000E+00  0.000E+00  6.283E+00
  1.007E-01  1.230E-01  0.000E+00  0.000E+00  0.000E+00  6.283E+00
  1.230E-01  1.503E-01  0.000E+00  0.000E+00  0.000E+00  6.283E+00
  1.503E-01  1.837E-01  0.000E+00  0.000E+00  0.000E+00  6.283E+00
  1.837E-01  2.244E-01  0.000E+00  0.000E+00  0.000E+00  6.283E+00
  2.244E-01  2.742E-01  0.000E+00  0.000E+00  0.000E+00  6.283E+00
  2.742E-01  3.350E-01  0.000E+00  0.000E+00  0.000E+00  6.283E+00
  3.350E-01  4.092E-01  0.000E+00  0.000E+00  0.000E+00  6.283E+00
  4.092E-01  5.000E-01  0.000E+00  0.000E+00  0.000E+00  6.283E+00
  5.000E-01  5.000E-01  0.000E+00  0.000E+00  0.000E+00  6.283E+00

  1.000E-09  1.000E-09  0.000E+00  0.000E+00  6.283E+00  6.283E+00
  1.222E-09  1.222E-09  0.000E+00  0.000E+00  6.283E+00  6.283E+00
  1.493E-09  1.493E-09  0.000E+00  0.000E+00  6.283E+00  6.283E+00
  1.824E-09  1.824E-09  0.000E+00  0.000E+00  6.283E+00  6.283E+00
  2.228E-09  2.228E-09  0.000E+00  0.000E+00  6.283E+00  6.283E+00
  2.722E-09  2.722E-09  0.000E+00  0.000E+00  6.283E+00  6.283E+00
  3.326E-09  3.326E-09  0.000E+00  0.000E+00  6.283E+00  6.283E+00
  4.064E-09  4.064E-09  0.000E+00  0.000E+00  6.283E+00  6.283E+00
  4.965E-09  4.965E-09  0.000E+00  0.000E+00  6.283E+00  6.283E+00
  6.066E-09  6.066E-09  0.000E+00  0.000E+00  6.283E+00  6.283E+00
  7.411E-09  7.411E-09  0.000E+00  0.000E+00  6.283E+00  6.283E+00
  9.055E-09  9.055E-09  0.000E+00  0.000E+00  6.283E+00  6.283E+00
  1.106E-08  1.106E-08  0.000E+00  0.000E+00  6.283E+00  6.283E+00
  1.352E-08  1.352E-08  0.000E+00  0.000E+00  6.283E+00  6.283E+00
  1.651E-08  1.651E-08  0.000E+00  0.000E+00  6.283E+00  6.283E+00
  2.018E-08  2.018E-08  0.000E+00  0.000E+00  6.283E+00  6.283E+00
  2.465E-08  2.465E-08  0.000E+00  0.000E+00  6.283E+00  6.283E+00
  3.012E-08  3.012E-08  0.000E+00  0.000E+00  6.283E+00  6.283E+00
  3.680E-08  3.680E-08  0.000E+00  0.000E+00  6.283E+00  6.283E+00
  4.496E-08  4.496E-08  0.000E+00  0.000E+00  6.283E+00  6.283E+00
  5.493E-08  5.493E-08  0.000E+00  0.000E+00  6.283E+00  6.283E+00
  6.711E-08  6.711E-08  0.000E+00  0.000E+00  6.283E+00  6.283E+00
  8.199E-08  8.199E-08  0.000E+00  0.000E+00  6.283E+00  6.283E+00
  1.002E-07  1.002E-07  0.000E+00  0.000E+00  6.283E+00  6.283E+00
  1.224E-07  1.224E-07  0.000E+00  0.000E+00  6.283E+00  6.283E+00
  1.495E-07  1.495E-07  0.000E+00  0.000E+00  6.283E+00  6.283E+00
  1.827E-07  1.827E-07  0.000E+00  0.000E+00  6.283E+00  6.283E+00
  2.232E-07  2.232E-07  0.000E+00  0.000E+00  6.283E+00  6.283E+00
  2.727E-07  2.727E-07  0.000E+00  0.000E+00  6.283E+00  6.283E+00
  3.332E-07  3.332E-07  0.000E+00  0.000E+00  6.283E+00  6.283E+00
  4.071E-07  4.071E-07  0.000E+00  0.000E+00  6.283E+00  6.283E+00
  4.974E-07  4.974E-07  0.000E+00  0.000E+00  6.283E+00  6.283E+00
  6.077E-07  6.077E-07  0.000E+00  0.000E+00  6.283E+00  6.283E+00
  7.424E-07  7.424E-07  0.000E+00  0.000E+00  6.283E+00  6.283E+00
  9.071E-07  9.071E-07  0.000E+00  0.000E+00  6.283E+00  6.283E+00
  1.108E-06  1.108E-06  0.000E+00  0.000E+00  6.283E+00  6.283E+00
  1.354E-06  1.354E-06  0.000E+00  0.000E+00  6.283E+00  6.283E+00
  1.654E-06  1.654E-06  0.000E+00  0.000E+00  6.283E+00  6.283E+00
  2.021E-06  2.021E-06  0.000E+00  0.000E+00  6.283E+00  6.283E+00
  2.469E-06  2.469E-06  0.000E+00  0.000E+00  6.283E+00  6.283E+00
  3.017E-06  3.017E-06  0.000E+00  0.000E+00  6.283E+00  6.283E+00
  3.686E-06  3.686E-06  0.000E+00  0.000E+00  6.283E+00  6.283E+00
  4.504E-06  4.504E-06  0.000E+00  0.000E+00  6.283E+00  6.283E+00
  5.502E-06  5.502E-06  0.000E+00  0.000E+00  6.283E+00  6.283E+00
  6.723E-06  6.723E-06  0.000E+00  0.000E+00  6.283E+00  6.283E+00
  8.214E-06  8.214E-06  0.000E+00  0.000E+00  6.283E+00  6.283E+00
  1.004E-05  1.004E-05  0.000E+00  0.000E+00  6.283E+00  6.283E+00
  1.226E-05  1.226E-05  0.000E+00  0.000E+00  6.283E+00  6.283E+00
  1.498E-05  1.498E-05  0.000E+00  0.000E+00  6.283E+00  6.283E+00
  1.830E-05  1.830E-05  0.000E+00  0.000E+00  6.283E+00  6.283E+00
  2.236E-05  2.236E-05  0.000E+00  0.000E+00  6.283E+00  6.283E+00
  2.732E-05  2.732E-05  0.000E+00  0.000E+00  6.283E+00  6.283E+00
  3.338E-05  3.338E-05  0.000E+00  0.000E+00  6.283E+00  6.283E+00
  4.078E-05  4.078E-05  0.000E+00  0.000E+00  6.283E+00  6.283E+00
  4.982E-05  4.982E-05  0.000E+00  0.000E+00  6.283E+00  6.283E+00
  6.087E-05  6.087E-05  0.000E+00  0.000E+00  6.283E+00  6.283E+00
  7.437E-05  7.437E-05  0.000E+00  0.000E+00  6.283E+00  6.283E+00
  9.087E-05  9.087E-05  0.000E+00  0.000E+00  6.283E+00  6.283E+00
  1.110E-04  1.110E-04  0.000E+00  0.000E+00  6.283E+00  6.283E+00
  1.356E-04  1.356E-04  0.000E+00  0.000E+00  6.283E+00  6.283E+00
  1.657E-04  1.657E-04  0.000E+00  0.000E+00  6.283E+00  6.283E+00
  2.025E-04  2.025E-04  0.000E+00  0.000E+00  6.283E+00  6.283E+00
  2.474E-04  2.474E-04  0.000E+00  0.000E+00  6.283E+00  6.283E+00
  3.022E-04  3.022E-04  0.000E+00  0.000E+00  6.283E+00  6.283E+00
  3.693E-04  3.693E-04  0.000E+00  0.000E+00  6.283E+00  6.283E+00
  4.512E-04  4.512E-04  0.000E+00  0.000E+00  6.283E+00  6.283E+00
  5.512E-04  5.512E-04  0.000E+00  0.000E+00  6.283E+00  6.283E+00
  6.735E-04  6.735E-04  0.000E+00  0.000E+00  6.283E+00  6.283E+00
  8.228E-04  8.228E-04  0.000E+00  0.000E+00  6.283E+00  6.283E+00
  1.005E-03  1.005E-03  0.000E+00  0.000E+00  6.283E+00  6.283E+00
  1.228E-03  1.228E-03  0.000E+00  0.000E+00  6.283E+00  6.283E+00
  1.501E-03  1.501E-03  0.000E+00  0.000E+00  6.283E+00  6.283E+00
  1.833E-03  1.833E-03  0.000E+00  0.000E+00  6.283E+00  6.283E+00
  2.240E-03  2.240E-03  0.000E+00  0.000E+00  6.283E+00  6.283E+00
  2.737E-03  2.737E-03  0.000E+00  0.000E+00  6.283E+00  6.283E+00
  3.344E-03  3.344E-03  0.000E+00  0.000E+00  6.283E+00  6.283E+00
  4.085E-03  4.085E-03  0.000E+00  0.000E+00  6.283E+00  6.283E+00
  4.991E-03  4.991E-03  0.000E+00  0.000E+00  6.283E+00  6.283E+00
  6.098E-03  6.098E-03  0.000E+00  0.000E+00  6.283E+00  6.283E+00
  7.450E-03  7.450E-03  0.000E+00  0.000E+00  6.283E+00  6.283E+00
  9.103E-03  9.103E-03  0.000E+00  0.000E+00  6.283E+00  6.283E+00
  1.112E-02  1.112E-02  0.000E+00  0.000E+00  6.283E+00  6.283E+00
  1.359E-02  1.359E-02  0.000E+00  0.000E+00  6.283E+00  6.283E+00
  1.660E-02  1.660E-02  0.000E+00  0.000E+00  6.283E+00  6.283E+00
  2.028E-02  2.028E-02  0.000E+00  0.000E+00  6.283E+00  6.283E+00
  2.478E-02  2.478E-02  0.000E+00  0.000E+00  6.283E+00  6.283E+00
  3.028E-02  3.028E-02  0.000E+00  0.000E+00  6.283E+00  6.283E+00
  3.699E-02  3.699E-02  0.000E+00  0.000E+00  6.283E+00  6.283E+00
  4.520E-02  4.520E-02  0.000E+00  0.000E+00  6.283E+00  6.283E+00
  5.522E-02  5.522E-02  0.000E+00  0.000E+00  6.283E+00  6.283E+00
  6.746E-02  6.746E-02  0.000E+00  0.000E+00  6.283E+00  6.283E+00
  8.243E-02  8.243E-02  0.000E+00  0.000E+00  6.283E+00  6.283E+00
  1.007E-01  1.007E-01  0.000E+00  0.000E+00  6.283E+00  6.283E+00
  1.230E-01  1.230E-01  0.000E+00  0.000E+00  6.283E+00  6.283E+00
  1.503E-01  1.503E-01  0.000E+00  0.000E+00  6.283E+00  6.283E+00
  1.837E-01  1.837E-01  0.000E+00  0.000E+00  6.283E+00  6.283E+00
  2.244E-01  2.244E-01  0.000E+00  0.000E+00  6.283E+00  6.283E+00
  2.742E-01  2.742E-01  0.000E+00  0.000E+00  6.283E+00  6.283E+00
  3.350E-01  3.350E-01  0.000E+00  0.000E+00  6.283E+00  6.283E+00
  4.092E-01  4.092E-01  0.000E+00  0.000E+00  6.283E+00  6.283E+00
  5.000E-01  5.000E-01  0.000E+00  0.000E+00  6.283E+00  6.283E+00
