 # Detector n:            1   BdxNeut   (integrated over solid angle)
 # N. of energy intervals         100
  1.000E-09  1.222E-09  0.000E+00  0.000E+00
  1.222E-09  1.493E-09  0.000E+00  0.000E+00
  1.493E-09  1.824E-09  0.000E+00  0.000E+00
  1.824E-09  2.228E-09  0.000E+00  0.000E+00
  2.228E-09  2.722E-09  0.000E+00  0.000E+00
  2.722E-09  3.326E-09  0.000E+00  0.000E+00
  3.326E-09  4.064E-09  0.000E+00  0.000E+00
  4.064E-09  4.965E-09  0.000E+00  0.000E+00
  4.965E-09  6.066E-09  0.000E+00  0.000E+00
  6.066E-09  7.411E-09  0.000E+00  0.000E+00
  7.411E-09  9.055E-09  0.000E+00  0.000E+00
  9.055E-09  1.106E-08  0.000E+00  0.000E+00
  1.106E-08  1.352E-08  0.000E+00  0.000E+00
  1.352E-08  1.651E-08  0.000E+00  0.000E+00
  1.651E-08  2.018E-08  0.000E+00  0.000E+00
  2.018E-08  2.465E-08  0.000E+00  0.000E+00
  2.465E-08  3.012E-08  0.000E+00  0.000E+00
  3.012E-08  3.680E-08  0.000E+00  0.000E+00
  3.680E-08  4.496E-08  0.000E+00  0.000E+00
  4.496E-08  5.493E-08  0.000E+00  0.000E+00
  5.493E-08  6.711E-08  0.000E+00  0.000E+00
  6.711E-08  8.199E-08  0.000E+00  0.000E+00
  8.199E-08  1.002E-07  5.804E-02  9.900E+01
  1.002E-07  1.224E-07  0.000E+00  0.000E+00
  1.224E-07  1.495E-07  0.000E+00  0.000E+00
  1.495E-07  1.827E-07  6.571E-02  9.900E+01
  1.827E-07  2.232E-07  0.000E+00  0.000E+00
  2.232E-07  2.727E-07  0.000E+00  0.000E+00
  2.727E-07  3.332E-07  0.000E+00  0.000E+00
  3.332E-07  4.071E-07  0.000E+00  0.000E+00
  4.071E-07  4.974E-07  1.828E-02  9.900E+01
  4.974E-07  6.077E-07  4.119E-02  9.900E+01
  6.077E-07  7.424E-07  0.000E+00  0.000E+00
  7.424E-07  9.071E-07  9.132E-03  9.900E+01
  9.071E-07  1.108E-06  0.000E+00  0.000E+00
  1.108E-06  1.354E-06  1.736E-02  7.089E+01
  1.354E-06  1.654E-06  3.086E-02  5.157E+01
  1.654E-06  2.021E-06  2.533E-02  5.717E+01
  2.021E-06  2.469E-06  9.167E-03  9.900E+01
  2.469E-06  3.017E-06  2.319E-02  5.268E+01
  3.017E-06  3.686E-06  3.144E-02  3.444E+01
  3.686E-06  4.504E-06  3.117E-02  4.677E+01
  4.504E-06  5.502E-06  2.578E-02  2.461E+01
  5.502E-06  6.723E-06  4.265E-02  9.466E+00
  6.723E-06  8.214E-06  4.681E-02  2.209E+01
  8.214E-06  1.004E-05  7.188E-02  1.477E+01
  1.004E-05  1.226E-05  6.130E-02  1.326E+01
  1.226E-05  1.498E-05  1.030E-01  1.092E+01
  1.498E-05  1.830E-05  1.199E-01  3.004E+00
  1.830E-05  2.236E-05  1.333E-01  2.371E+00
  2.236E-05  2.732E-05  1.676E-01  3.676E+00
  2.732E-05  3.338E-05  1.795E-01  4.540E+00
  3.338E-05  4.078E-05  2.017E-01  3.624E+00
  4.078E-05  4.982E-05  2.068E-01  3.450E+00
  4.982E-05  6.087E-05  2.104E-01  4.300E+00
  6.087E-05  7.437E-05  2.090E-01  3.614E+00
  7.437E-05  9.087E-05  2.061E-01  3.325E+00
  9.087E-05  1.110E-04  1.674E-01  2.790E+00
  1.110E-04  1.356E-04  1.404E-01  3.609E+00
  1.356E-04  1.657E-04  1.066E-01  5.600E+00
  1.657E-04  2.025E-04  7.978E-02  1.128E+00
  2.025E-04  2.474E-04  6.764E-02  3.359E+00
  2.474E-04  3.022E-04  5.404E-02  5.200E+00
  3.022E-04  3.693E-04  4.037E-02  4.341E+00
  3.693E-04  4.512E-04  3.331E-02  5.776E+00
  4.512E-04  5.512E-04  2.394E-02  3.871E+00
  5.512E-04  6.735E-04  1.828E-02  5.712E+00
  6.735E-04  8.228E-04  1.216E-02  3.306E+00
  8.228E-04  1.005E-03  8.218E-03  2.201E+00
  1.005E-03  1.228E-03  4.885E-03  7.329E+00
  1.228E-03  1.501E-03  3.203E-03  3.379E+00
  1.501E-03  1.833E-03  2.094E-03  9.669E+00
  1.833E-03  2.240E-03  1.725E-03  6.753E+00
  2.240E-03  2.737E-03  1.183E-03  6.418E+00
  2.737E-03  3.344E-03  6.768E-04  2.874E+00
  3.344E-03  4.085E-03  5.796E-04  6.258E+00
  4.085E-03  4.991E-03  3.373E-04  1.257E+01
  4.991E-03  6.098E-03  2.185E-04  4.349E+00
  6.098E-03  7.450E-03  1.700E-04  1.925E+01
  7.450E-03  9.103E-03  1.159E-04  1.405E+01
  9.103E-03  1.112E-02  8.018E-05  1.653E+01
  1.112E-02  1.359E-02  6.470E-05  1.489E+01
  1.359E-02  1.660E-02  5.531E-05  2.071E+01
  1.660E-02  2.028E-02  3.636E-05  6.073E+00
  2.028E-02  2.478E-02  3.568E-05  9.908E+00
  2.478E-02  3.028E-02  2.260E-05  1.266E+01
  3.028E-02  3.699E-02  1.408E-05  8.021E+00
  3.699E-02  4.520E-02  1.770E-05  1.121E+01
  4.520E-02  5.522E-02  1.734E-05  9.184E+00
  5.522E-02  6.746E-02  1.491E-05  9.498E+00
  6.746E-02  8.243E-02  1.267E-05  1.666E+01
  8.243E-02  1.007E-01  9.804E-06  1.155E+01
  1.007E-01  1.230E-01  7.864E-06  3.994E+00
  1.230E-01  1.503E-01  7.394E-06  1.045E+01
  1.503E-01  1.837E-01  5.509E-06  1.194E+01
  1.837E-01  2.244E-01  4.228E-06  6.457E+00
  2.244E-01  2.742E-01  2.739E-06  7.427E+00
  2.742E-01  3.350E-01  1.667E-06  1.387E+01
  3.350E-01  4.092E-01  1.115E-06  1.149E+01
  4.092E-01  5.000E-01  2.332E-06  3.980E+00


 # double differential distributions
 # number of solid angle intervals           1
 # Block n:            1     0.00000000      :   6.28318548    
  1.000E-09  1.222E-09  0.000E+00  0.000E+00  0.000E+00  6.283E+00
  1.222E-09  1.493E-09  0.000E+00  0.000E+00  0.000E+00  6.283E+00
  1.493E-09  1.824E-09  0.000E+00  0.000E+00  0.000E+00  6.283E+00
  1.824E-09  2.228E-09  0.000E+00  0.000E+00  0.000E+00  6.283E+00
  2.228E-09  2.722E-09  0.000E+00  0.000E+00  0.000E+00  6.283E+00
  2.722E-09  3.326E-09  0.000E+00  0.000E+00  0.000E+00  6.283E+00
  3.326E-09  4.064E-09  0.000E+00  0.000E+00  0.000E+00  6.283E+00
  4.064E-09  4.965E-09  0.000E+00  0.000E+00  0.000E+00  6.283E+00
  4.965E-09  6.066E-09  0.000E+00  0.000E+00  0.000E+00  6.283E+00
  6.066E-09  7.411E-09  0.000E+00  0.000E+00  0.000E+00  6.283E+00
  7.411E-09  9.055E-09  0.000E+00  0.000E+00  0.000E+00  6.283E+00
  9.055E-09  1.106E-08  0.000E+00  0.000E+00  0.000E+00  6.283E+00
  1.106E-08  1.352E-08  0.000E+00  0.000E+00  0.000E+00  6.283E+00
  1.352E-08  1.651E-08  0.000E+00  0.000E+00  0.000E+00  6.283E+00
  1.651E-08  2.018E-08  0.000E+00  0.000E+00  0.000E+00  6.283E+00
  2.018E-08  2.465E-08  0.000E+00  0.000E+00  0.000E+00  6.283E+00
  2.465E-08  3.012E-08  0.000E+00  0.000E+00  0.000E+00  6.283E+00
  3.012E-08  3.680E-08  0.000E+00  0.000E+00  0.000E+00  6.283E+00
  3.680E-08  4.496E-08  0.000E+00  0.000E+00  0.000E+00  6.283E+00
  4.496E-08  5.493E-08  0.000E+00  0.000E+00  0.000E+00  6.283E+00
  5.493E-08  6.711E-08  0.000E+00  0.000E+00  0.000E+00  6.283E+00
  6.711E-08  8.199E-08  0.000E+00  0.000E+00  0.000E+00  6.283E+00
  8.199E-08  1.002E-07  9.237E-03  9.900E+01  0.000E+00  6.283E+00
  1.002E-07  1.224E-07  0.000E+00  0.000E+00  0.000E+00  6.283E+00
  1.224E-07  1.495E-07  0.000E+00  0.000E+00  0.000E+00  6.283E+00
  1.495E-07  1.827E-07  1.046E-02  9.900E+01  0.000E+00  6.283E+00
  1.827E-07  2.232E-07  0.000E+00  0.000E+00  0.000E+00  6.283E+00
  2.232E-07  2.727E-07  0.000E+00  0.000E+00  0.000E+00  6.283E+00
  2.727E-07  3.332E-07  0.000E+00  0.000E+00  0.000E+00  6.283E+00
  3.332E-07  4.071E-07  0.000E+00  0.000E+00  0.000E+00  6.283E+00
  4.071E-07  4.974E-07  2.909E-03  9.900E+01  0.000E+00  6.283E+00
  4.974E-07  6.077E-07  6.556E-03  9.900E+01  0.000E+00  6.283E+00
  6.077E-07  7.424E-07  0.000E+00  0.000E+00  0.000E+00  6.283E+00
  7.424E-07  9.071E-07  1.453E-03  9.900E+01  0.000E+00  6.283E+00
  9.071E-07  1.108E-06  0.000E+00  0.000E+00  0.000E+00  6.283E+00
  1.108E-06  1.354E-06  2.763E-03  7.089E+01  0.000E+00  6.283E+00
  1.354E-06  1.654E-06  4.912E-03  5.157E+01  0.000E+00  6.283E+00
  1.654E-06  2.021E-06  4.032E-03  5.717E+01  0.000E+00  6.283E+00
  2.021E-06  2.469E-06  1.459E-03  9.900E+01  0.000E+00  6.283E+00
  2.469E-06  3.017E-06  3.691E-03  5.268E+01  0.000E+00  6.283E+00
  3.017E-06  3.686E-06  5.004E-03  3.444E+01  0.000E+00  6.283E+00
  3.686E-06  4.504E-06  4.961E-03  4.677E+01  0.000E+00  6.283E+00
  4.504E-06  5.502E-06  4.103E-03  2.461E+01  0.000E+00  6.283E+00
  5.502E-06  6.723E-06  6.788E-03  9.466E+00  0.000E+00  6.283E+00
  6.723E-06  8.214E-06  7.451E-03  2.209E+01  0.000E+00  6.283E+00
  8.214E-06  1.004E-05  1.144E-02  1.477E+01  0.000E+00  6.283E+00
  1.004E-05  1.226E-05  9.755E-03  1.326E+01  0.000E+00  6.283E+00
  1.226E-05  1.498E-05  1.639E-02  1.092E+01  0.000E+00  6.283E+00
  1.498E-05  1.830E-05  1.909E-02  3.004E+00  0.000E+00  6.283E+00
  1.830E-05  2.236E-05  2.122E-02  2.371E+00  0.000E+00  6.283E+00
  2.236E-05  2.732E-05  2.668E-02  3.676E+00  0.000E+00  6.283E+00
  2.732E-05  3.338E-05  2.857E-02  4.540E+00  0.000E+00  6.283E+00
  3.338E-05  4.078E-05  3.210E-02  3.624E+00  0.000E+00  6.283E+00
  4.078E-05  4.982E-05  3.292E-02  3.450E+00  0.000E+00  6.283E+00
  4.982E-05  6.087E-05  3.348E-02  4.300E+00  0.000E+00  6.283E+00
  6.087E-05  7.437E-05  3.327E-02  3.614E+00  0.000E+00  6.283E+00
  7.437E-05  9.087E-05  3.280E-02  3.325E+00  0.000E+00  6.283E+00
  9.087E-05  1.110E-04  2.664E-02  2.790E+00  0.000E+00  6.283E+00
  1.110E-04  1.356E-04  2.235E-02  3.609E+00  0.000E+00  6.283E+00
  1.356E-04  1.657E-04  1.696E-02  5.600E+00  0.000E+00  6.283E+00
  1.657E-04  2.025E-04  1.270E-02  1.128E+00  0.000E+00  6.283E+00
  2.025E-04  2.474E-04  1.077E-02  3.359E+00  0.000E+00  6.283E+00
  2.474E-04  3.022E-04  8.601E-03  5.200E+00  0.000E+00  6.283E+00
  3.022E-04  3.693E-04  6.424E-03  4.341E+00  0.000E+00  6.283E+00
  3.693E-04  4.512E-04  5.302E-03  5.776E+00  0.000E+00  6.283E+00
  4.512E-04  5.512E-04  3.810E-03  3.871E+00  0.000E+00  6.283E+00
  5.512E-04  6.735E-04  2.910E-03  5.712E+00  0.000E+00  6.283E+00
  6.735E-04  8.228E-04  1.936E-03  3.306E+00  0.000E+00  6.283E+00
  8.228E-04  1.005E-03  1.308E-03  2.201E+00  0.000E+00  6.283E+00
  1.005E-03  1.228E-03  7.774E-04  7.329E+00  0.000E+00  6.283E+00
  1.228E-03  1.501E-03  5.098E-04  3.379E+00  0.000E+00  6.283E+00
  1.501E-03  1.833E-03  3.333E-04  9.669E+00  0.000E+00  6.283E+00
  1.833E-03  2.240E-03  2.745E-04  6.753E+00  0.000E+00  6.283E+00
  2.240E-03  2.737E-03  1.883E-04  6.418E+00  0.000E+00  6.283E+00
  2.737E-03  3.344E-03  1.077E-04  2.874E+00  0.000E+00  6.283E+00
  3.344E-03  4.085E-03  9.225E-05  6.258E+00  0.000E+00  6.283E+00
  4.085E-03  4.991E-03  5.369E-05  1.257E+01  0.000E+00  6.283E+00
  4.991E-03  6.098E-03  3.478E-05  4.349E+00  0.000E+00  6.283E+00
  6.098E-03  7.450E-03  2.705E-05  1.925E+01  0.000E+00  6.283E+00
  7.450E-03  9.103E-03  1.844E-05  1.405E+01  0.000E+00  6.283E+00
  9.103E-03  1.112E-02  1.276E-05  1.653E+01  0.000E+00  6.283E+00
  1.112E-02  1.359E-02  1.030E-05  1.489E+01  0.000E+00  6.283E+00
  1.359E-02  1.660E-02  8.803E-06  2.071E+01  0.000E+00  6.283E+00
  1.660E-02  2.028E-02  5.787E-06  6.073E+00  0.000E+00  6.283E+00
  2.028E-02  2.478E-02  5.679E-06  9.908E+00  0.000E+00  6.283E+00
  2.478E-02  3.028E-02  3.596E-06  1.266E+01  0.000E+00  6.283E+00
  3.028E-02  3.699E-02  2.241E-06  8.021E+00  0.000E+00  6.283E+00
  3.699E-02  4.520E-02  2.818E-06  1.121E+01  0.000E+00  6.283E+00
  4.520E-02  5.522E-02  2.760E-06  9.184E+00  0.000E+00  6.283E+00
  5.522E-02  6.746E-02  2.373E-06  9.498E+00  0.000E+00  6.283E+00
  6.746E-02  8.243E-02  2.017E-06  1.666E+01  0.000E+00  6.283E+00
  8.243E-02  1.007E-01  1.560E-06  1.155E+01  0.000E+00  6.283E+00
  1.007E-01  1.230E-01  1.252E-06  3.994E+00  0.000E+00  6.283E+00
  1.230E-01  1.503E-01  1.177E-06  1.045E+01  0.000E+00  6.283E+00
  1.503E-01  1.837E-01  8.768E-07  1.194E+01  0.000E+00  6.283E+00
  1.837E-01  2.244E-01  6.729E-07  6.457E+00  0.000E+00  6.283E+00
  2.244E-01  2.742E-01  4.360E-07  7.427E+00  0.000E+00  6.283E+00
  2.742E-01  3.350E-01  2.653E-07  1.387E+01  0.000E+00  6.283E+00
  3.350E-01  4.092E-01  1.775E-07  1.149E+01  0.000E+00  6.283E+00
  4.092E-01  5.000E-01  3.711E-07  3.980E+00  0.000E+00  6.283E+00
  5.000E-01  5.000E-01  0.000E+00  0.000E+00  0.000E+00  6.283E+00

  1.000E-09  1.000E-09  0.000E+00  0.000E+00  6.283E+00  6.283E+00
  1.222E-09  1.222E-09  0.000E+00  0.000E+00  6.283E+00  6.283E+00
  1.493E-09  1.493E-09  0.000E+00  0.000E+00  6.283E+00  6.283E+00
  1.824E-09  1.824E-09  0.000E+00  0.000E+00  6.283E+00  6.283E+00
  2.228E-09  2.228E-09  0.000E+00  0.000E+00  6.283E+00  6.283E+00
  2.722E-09  2.722E-09  0.000E+00  0.000E+00  6.283E+00  6.283E+00
  3.326E-09  3.326E-09  0.000E+00  0.000E+00  6.283E+00  6.283E+00
  4.064E-09  4.064E-09  0.000E+00  0.000E+00  6.283E+00  6.283E+00
  4.965E-09  4.965E-09  0.000E+00  0.000E+00  6.283E+00  6.283E+00
  6.066E-09  6.066E-09  0.000E+00  0.000E+00  6.283E+00  6.283E+00
  7.411E-09  7.411E-09  0.000E+00  0.000E+00  6.283E+00  6.283E+00
  9.055E-09  9.055E-09  0.000E+00  0.000E+00  6.283E+00  6.283E+00
  1.106E-08  1.106E-08  0.000E+00  0.000E+00  6.283E+00  6.283E+00
  1.352E-08  1.352E-08  0.000E+00  0.000E+00  6.283E+00  6.283E+00
  1.651E-08  1.651E-08  0.000E+00  0.000E+00  6.283E+00  6.283E+00
  2.018E-08  2.018E-08  0.000E+00  0.000E+00  6.283E+00  6.283E+00
  2.465E-08  2.465E-08  0.000E+00  0.000E+00  6.283E+00  6.283E+00
  3.012E-08  3.012E-08  0.000E+00  0.000E+00  6.283E+00  6.283E+00
  3.680E-08  3.680E-08  0.000E+00  0.000E+00  6.283E+00  6.283E+00
  4.496E-08  4.496E-08  0.000E+00  0.000E+00  6.283E+00  6.283E+00
  5.493E-08  5.493E-08  0.000E+00  0.000E+00  6.283E+00  6.283E+00
  6.711E-08  6.711E-08  0.000E+00  0.000E+00  6.283E+00  6.283E+00
  8.199E-08  8.199E-08  0.000E+00  0.000E+00  6.283E+00  6.283E+00
  1.002E-07  1.002E-07  0.000E+00  0.000E+00  6.283E+00  6.283E+00
  1.224E-07  1.224E-07  0.000E+00  0.000E+00  6.283E+00  6.283E+00
  1.495E-07  1.495E-07  0.000E+00  0.000E+00  6.283E+00  6.283E+00
  1.827E-07  1.827E-07  0.000E+00  0.000E+00  6.283E+00  6.283E+00
  2.232E-07  2.232E-07  0.000E+00  0.000E+00  6.283E+00  6.283E+00
  2.727E-07  2.727E-07  0.000E+00  0.000E+00  6.283E+00  6.283E+00
  3.332E-07  3.332E-07  0.000E+00  0.000E+00  6.283E+00  6.283E+00
  4.071E-07  4.071E-07  0.000E+00  0.000E+00  6.283E+00  6.283E+00
  4.974E-07  4.974E-07  0.000E+00  0.000E+00  6.283E+00  6.283E+00
  6.077E-07  6.077E-07  0.000E+00  0.000E+00  6.283E+00  6.283E+00
  7.424E-07  7.424E-07  0.000E+00  0.000E+00  6.283E+00  6.283E+00
  9.071E-07  9.071E-07  0.000E+00  0.000E+00  6.283E+00  6.283E+00
  1.108E-06  1.108E-06  0.000E+00  0.000E+00  6.283E+00  6.283E+00
  1.354E-06  1.354E-06  0.000E+00  0.000E+00  6.283E+00  6.283E+00
  1.654E-06  1.654E-06  0.000E+00  0.000E+00  6.283E+00  6.283E+00
  2.021E-06  2.021E-06  0.000E+00  0.000E+00  6.283E+00  6.283E+00
  2.469E-06  2.469E-06  0.000E+00  0.000E+00  6.283E+00  6.283E+00
  3.017E-06  3.017E-06  0.000E+00  0.000E+00  6.283E+00  6.283E+00
  3.686E-06  3.686E-06  0.000E+00  0.000E+00  6.283E+00  6.283E+00
  4.504E-06  4.504E-06  0.000E+00  0.000E+00  6.283E+00  6.283E+00
  5.502E-06  5.502E-06  0.000E+00  0.000E+00  6.283E+00  6.283E+00
  6.723E-06  6.723E-06  0.000E+00  0.000E+00  6.283E+00  6.283E+00
  8.214E-06  8.214E-06  0.000E+00  0.000E+00  6.283E+00  6.283E+00
  1.004E-05  1.004E-05  0.000E+00  0.000E+00  6.283E+00  6.283E+00
  1.226E-05  1.226E-05  0.000E+00  0.000E+00  6.283E+00  6.283E+00
  1.498E-05  1.498E-05  0.000E+00  0.000E+00  6.283E+00  6.283E+00
  1.830E-05  1.830E-05  0.000E+00  0.000E+00  6.283E+00  6.283E+00
  2.236E-05  2.236E-05  0.000E+00  0.000E+00  6.283E+00  6.283E+00
  2.732E-05  2.732E-05  0.000E+00  0.000E+00  6.283E+00  6.283E+00
  3.338E-05  3.338E-05  0.000E+00  0.000E+00  6.283E+00  6.283E+00
  4.078E-05  4.078E-05  0.000E+00  0.000E+00  6.283E+00  6.283E+00
  4.982E-05  4.982E-05  0.000E+00  0.000E+00  6.283E+00  6.283E+00
  6.087E-05  6.087E-05  0.000E+00  0.000E+00  6.283E+00  6.283E+00
  7.437E-05  7.437E-05  0.000E+00  0.000E+00  6.283E+00  6.283E+00
  9.087E-05  9.087E-05  0.000E+00  0.000E+00  6.283E+00  6.283E+00
  1.110E-04  1.110E-04  0.000E+00  0.000E+00  6.283E+00  6.283E+00
  1.356E-04  1.356E-04  0.000E+00  0.000E+00  6.283E+00  6.283E+00
  1.657E-04  1.657E-04  0.000E+00  0.000E+00  6.283E+00  6.283E+00
  2.025E-04  2.025E-04  0.000E+00  0.000E+00  6.283E+00  6.283E+00
  2.474E-04  2.474E-04  0.000E+00  0.000E+00  6.283E+00  6.283E+00
  3.022E-04  3.022E-04  0.000E+00  0.000E+00  6.283E+00  6.283E+00
  3.693E-04  3.693E-04  0.000E+00  0.000E+00  6.283E+00  6.283E+00
  4.512E-04  4.512E-04  0.000E+00  0.000E+00  6.283E+00  6.283E+00
  5.512E-04  5.512E-04  0.000E+00  0.000E+00  6.283E+00  6.283E+00
  6.735E-04  6.735E-04  0.000E+00  0.000E+00  6.283E+00  6.283E+00
  8.228E-04  8.228E-04  0.000E+00  0.000E+00  6.283E+00  6.283E+00
  1.005E-03  1.005E-03  0.000E+00  0.000E+00  6.283E+00  6.283E+00
  1.228E-03  1.228E-03  0.000E+00  0.000E+00  6.283E+00  6.283E+00
  1.501E-03  1.501E-03  0.000E+00  0.000E+00  6.283E+00  6.283E+00
  1.833E-03  1.833E-03  0.000E+00  0.000E+00  6.283E+00  6.283E+00
  2.240E-03  2.240E-03  0.000E+00  0.000E+00  6.283E+00  6.283E+00
  2.737E-03  2.737E-03  0.000E+00  0.000E+00  6.283E+00  6.283E+00
  3.344E-03  3.344E-03  0.000E+00  0.000E+00  6.283E+00  6.283E+00
  4.085E-03  4.085E-03  0.000E+00  0.000E+00  6.283E+00  6.283E+00
  4.991E-03  4.991E-03  0.000E+00  0.000E+00  6.283E+00  6.283E+00
  6.098E-03  6.098E-03  0.000E+00  0.000E+00  6.283E+00  6.283E+00
  7.450E-03  7.450E-03  0.000E+00  0.000E+00  6.283E+00  6.283E+00
  9.103E-03  9.103E-03  0.000E+00  0.000E+00  6.283E+00  6.283E+00
  1.112E-02  1.112E-02  0.000E+00  0.000E+00  6.283E+00  6.283E+00
  1.359E-02  1.359E-02  0.000E+00  0.000E+00  6.283E+00  6.283E+00
  1.660E-02  1.660E-02  0.000E+00  0.000E+00  6.283E+00  6.283E+00
  2.028E-02  2.028E-02  0.000E+00  0.000E+00  6.283E+00  6.283E+00
  2.478E-02  2.478E-02  0.000E+00  0.000E+00  6.283E+00  6.283E+00
  3.028E-02  3.028E-02  0.000E+00  0.000E+00  6.283E+00  6.283E+00
  3.699E-02  3.699E-02  0.000E+00  0.000E+00  6.283E+00  6.283E+00
  4.520E-02  4.520E-02  0.000E+00  0.000E+00  6.283E+00  6.283E+00
  5.522E-02  5.522E-02  0.000E+00  0.000E+00  6.283E+00  6.283E+00
  6.746E-02  6.746E-02  0.000E+00  0.000E+00  6.283E+00  6.283E+00
  8.243E-02  8.243E-02  0.000E+00  0.000E+00  6.283E+00  6.283E+00
  1.007E-01  1.007E-01  0.000E+00  0.000E+00  6.283E+00  6.283E+00
  1.230E-01  1.230E-01  0.000E+00  0.000E+00  6.283E+00  6.283E+00
  1.503E-01  1.503E-01  0.000E+00  0.000E+00  6.283E+00  6.283E+00
  1.837E-01  1.837E-01  0.000E+00  0.000E+00  6.283E+00  6.283E+00
  2.244E-01  2.244E-01  0.000E+00  0.000E+00  6.283E+00  6.283E+00
  2.742E-01  2.742E-01  0.000E+00  0.000E+00  6.283E+00  6.283E+00
  3.350E-01  3.350E-01  0.000E+00  0.000E+00  6.283E+00  6.283E+00
  4.092E-01  4.092E-01  0.000E+00  0.000E+00  6.283E+00  6.283E+00
  5.000E-01  5.000E-01  0.000E+00  0.000E+00  6.283E+00  6.283E+00
