 # Detector n:            1   BdxNeut   (integrated over solid angle)
 # N. of energy intervals         100
  1.000E-09  1.222E-09  5.734E+01  9.541E+00
  1.222E-09  1.493E-09  4.958E+01  5.089E+00
  1.493E-09  1.824E-09  4.149E+01  2.628E+00
  1.824E-09  2.228E-09  3.494E+01  2.037E+00
  2.228E-09  2.722E-09  2.862E+01  4.284E+00
  2.722E-09  3.326E-09  2.350E+01  2.809E+00
  3.326E-09  4.064E-09  2.108E+01  3.900E+00
  4.064E-09  4.965E-09  1.778E+01  5.668E+00
  4.965E-09  6.066E-09  1.429E+01  3.370E+00
  6.066E-09  7.411E-09  1.234E+01  5.099E+00
  7.411E-09  9.055E-09  9.989E+00  4.390E+00
  9.055E-09  1.106E-08  8.465E+00  2.463E+00
  1.106E-08  1.352E-08  6.602E+00  3.037E+00
  1.352E-08  1.651E-08  5.739E+00  6.100E+00
  1.651E-08  2.018E-08  4.804E+00  1.695E+00
  2.018E-08  2.465E-08  4.324E+00  3.297E+00
  2.465E-08  3.012E-08  3.350E+00  5.853E+00
  3.012E-08  3.680E-08  2.874E+00  3.836E+00
  3.680E-08  4.496E-08  2.482E+00  3.262E+00
  4.496E-08  5.493E-08  1.886E+00  5.543E+00
  5.493E-08  6.711E-08  1.575E+00  3.432E+00
  6.711E-08  8.199E-08  1.397E+00  6.825E+00
  8.199E-08  1.002E-07  1.073E+00  4.324E+00
  1.002E-07  1.224E-07  8.888E-01  4.146E+00
  1.224E-07  1.495E-07  8.034E-01  3.987E+00
  1.495E-07  1.827E-07  6.085E-01  1.810E+00
  1.827E-07  2.232E-07  5.019E-01  4.496E+00
  2.232E-07  2.727E-07  4.425E-01  3.126E+00
  2.727E-07  3.332E-07  3.412E-01  3.573E+00
  3.332E-07  4.071E-07  2.896E-01  3.608E+00
  4.071E-07  4.974E-07  2.478E-01  4.082E+00
  4.974E-07  6.077E-07  2.075E-01  1.349E+00
  6.077E-07  7.424E-07  1.678E-01  6.241E+00
  7.424E-07  9.071E-07  1.414E-01  4.292E+00
  9.071E-07  1.108E-06  1.148E-01  2.444E+00
  1.108E-06  1.354E-06  9.988E-02  4.248E+00
  1.354E-06  1.654E-06  7.951E-02  3.253E+00
  1.654E-06  2.021E-06  6.545E-02  3.415E+00
  2.021E-06  2.469E-06  5.356E-02  5.904E+00
  2.469E-06  3.017E-06  4.537E-02  3.441E+00
  3.017E-06  3.686E-06  4.014E-02  4.706E+00
  3.686E-06  4.504E-06  3.207E-02  4.130E+00
  4.504E-06  5.502E-06  2.718E-02  3.828E+00
  5.502E-06  6.723E-06  2.070E-02  2.488E+00
  6.723E-06  8.214E-06  1.874E-02  1.825E+00
  8.214E-06  1.004E-05  1.691E-02  3.420E+00
  1.004E-05  1.226E-05  1.227E-02  3.645E+00
  1.226E-05  1.498E-05  1.100E-02  1.943E+00
  1.498E-05  1.830E-05  9.566E-03  3.888E+00
  1.830E-05  2.236E-05  7.625E-03  2.724E+00
  2.236E-05  2.732E-05  6.825E-03  3.381E+00
  2.732E-05  3.338E-05  5.849E-03  1.152E+00
  3.338E-05  4.078E-05  5.058E-03  1.089E+00
  4.078E-05  4.982E-05  4.485E-03  3.406E+00
  4.982E-05  6.087E-05  3.871E-03  2.092E+00
  6.087E-05  7.437E-05  3.307E-03  1.870E+00
  7.437E-05  9.087E-05  3.134E-03  2.596E+00
  9.087E-05  1.110E-04  2.786E-03  2.963E+00
  1.110E-04  1.356E-04  2.406E-03  2.380E+00
  1.356E-04  1.657E-04  2.337E-03  2.122E+00
  1.657E-04  2.025E-04  2.056E-03  1.315E+00
  2.025E-04  2.474E-04  1.960E-03  2.309E+00
  2.474E-04  3.022E-04  1.724E-03  1.507E+00
  3.022E-04  3.693E-04  1.667E-03  2.128E+00
  3.693E-04  4.512E-04  1.620E-03  2.394E+00
  4.512E-04  5.512E-04  1.455E-03  1.550E+00
  5.512E-04  6.735E-04  1.380E-03  1.705E+00
  6.735E-04  8.228E-04  1.349E-03  3.017E+00
  8.228E-04  1.005E-03  1.257E-03  1.641E+00
  1.005E-03  1.228E-03  1.208E-03  9.649E-01
  1.228E-03  1.501E-03  1.124E-03  1.080E+00
  1.501E-03  1.833E-03  1.113E-03  2.348E+00
  1.833E-03  2.240E-03  1.062E-03  8.414E-01
  2.240E-03  2.737E-03  1.034E-03  4.607E-01
  2.737E-03  3.344E-03  9.572E-04  8.958E-01
  3.344E-03  4.085E-03  9.226E-04  2.928E-01
  4.085E-03  4.991E-03  1.036E-03  4.204E-01
  4.991E-03  6.098E-03  1.030E-03  3.328E-01
  6.098E-03  7.450E-03  7.853E-04  3.196E-01
  7.450E-03  9.103E-03  7.501E-04  5.019E-01
  9.103E-03  1.112E-02  3.094E-03  7.342E-02
  1.112E-02  1.359E-02  0.000E+00  0.000E+00
  1.359E-02  1.660E-02  0.000E+00  0.000E+00
  1.660E-02  2.028E-02  0.000E+00  0.000E+00
  2.028E-02  2.478E-02  0.000E+00  0.000E+00
  2.478E-02  3.028E-02  0.000E+00  0.000E+00
  3.028E-02  3.699E-02  0.000E+00  0.000E+00
  3.699E-02  4.520E-02  0.000E+00  0.000E+00
  4.520E-02  5.522E-02  0.000E+00  0.000E+00
  5.522E-02  6.746E-02  0.000E+00  0.000E+00
  6.746E-02  8.243E-02  0.000E+00  0.000E+00
  8.243E-02  1.007E-01  0.000E+00  0.000E+00
  1.007E-01  1.230E-01  0.000E+00  0.000E+00
  1.230E-01  1.503E-01  0.000E+00  0.000E+00
  1.503E-01  1.837E-01  0.000E+00  0.000E+00
  1.837E-01  2.244E-01  0.000E+00  0.000E+00
  2.244E-01  2.742E-01  0.000E+00  0.000E+00
  2.742E-01  3.350E-01  0.000E+00  0.000E+00
  3.350E-01  4.092E-01  0.000E+00  0.000E+00
  4.092E-01  5.000E-01  0.000E+00  0.000E+00


 # double differential distributions
 # number of solid angle intervals           1
 # Block n:            1     0.00000000      :   6.28318548    
  1.000E-09  1.222E-09  9.127E+00  9.541E+00  0.000E+00  6.283E+00
  1.222E-09  1.493E-09  7.890E+00  5.089E+00  0.000E+00  6.283E+00
  1.493E-09  1.824E-09  6.604E+00  2.628E+00  0.000E+00  6.283E+00
  1.824E-09  2.228E-09  5.561E+00  2.037E+00  0.000E+00  6.283E+00
  2.228E-09  2.722E-09  4.555E+00  4.284E+00  0.000E+00  6.283E+00
  2.722E-09  3.326E-09  3.741E+00  2.809E+00  0.000E+00  6.283E+00
  3.326E-09  4.064E-09  3.355E+00  3.900E+00  0.000E+00  6.283E+00
  4.064E-09  4.965E-09  2.830E+00  5.668E+00  0.000E+00  6.283E+00
  4.965E-09  6.066E-09  2.274E+00  3.370E+00  0.000E+00  6.283E+00
  6.066E-09  7.411E-09  1.964E+00  5.099E+00  0.000E+00  6.283E+00
  7.411E-09  9.055E-09  1.590E+00  4.390E+00  0.000E+00  6.283E+00
  9.055E-09  1.106E-08  1.347E+00  2.463E+00  0.000E+00  6.283E+00
  1.106E-08  1.352E-08  1.051E+00  3.037E+00  0.000E+00  6.283E+00
  1.352E-08  1.651E-08  9.134E-01  6.100E+00  0.000E+00  6.283E+00
  1.651E-08  2.018E-08  7.646E-01  1.695E+00  0.000E+00  6.283E+00
  2.018E-08  2.465E-08  6.882E-01  3.297E+00  0.000E+00  6.283E+00
  2.465E-08  3.012E-08  5.332E-01  5.853E+00  0.000E+00  6.283E+00
  3.012E-08  3.680E-08  4.573E-01  3.836E+00  0.000E+00  6.283E+00
  3.680E-08  4.496E-08  3.950E-01  3.262E+00  0.000E+00  6.283E+00
  4.496E-08  5.493E-08  3.002E-01  5.543E+00  0.000E+00  6.283E+00
  5.493E-08  6.711E-08  2.506E-01  3.432E+00  0.000E+00  6.283E+00
  6.711E-08  8.199E-08  2.224E-01  6.825E+00  0.000E+00  6.283E+00
  8.199E-08  1.002E-07  1.708E-01  4.324E+00  0.000E+00  6.283E+00
  1.002E-07  1.224E-07  1.415E-01  4.146E+00  0.000E+00  6.283E+00
  1.224E-07  1.495E-07  1.279E-01  3.987E+00  0.000E+00  6.283E+00
  1.495E-07  1.827E-07  9.685E-02  1.810E+00  0.000E+00  6.283E+00
  1.827E-07  2.232E-07  7.988E-02  4.496E+00  0.000E+00  6.283E+00
  2.232E-07  2.727E-07  7.043E-02  3.126E+00  0.000E+00  6.283E+00
  2.727E-07  3.332E-07  5.431E-02  3.573E+00  0.000E+00  6.283E+00
  3.332E-07  4.071E-07  4.610E-02  3.608E+00  0.000E+00  6.283E+00
  4.071E-07  4.974E-07  3.944E-02  4.082E+00  0.000E+00  6.283E+00
  4.974E-07  6.077E-07  3.302E-02  1.349E+00  0.000E+00  6.283E+00
  6.077E-07  7.424E-07  2.671E-02  6.241E+00  0.000E+00  6.283E+00
  7.424E-07  9.071E-07  2.251E-02  4.292E+00  0.000E+00  6.283E+00
  9.071E-07  1.108E-06  1.826E-02  2.444E+00  0.000E+00  6.283E+00
  1.108E-06  1.354E-06  1.590E-02  4.248E+00  0.000E+00  6.283E+00
  1.354E-06  1.654E-06  1.265E-02  3.253E+00  0.000E+00  6.283E+00
  1.654E-06  2.021E-06  1.042E-02  3.415E+00  0.000E+00  6.283E+00
  2.021E-06  2.469E-06  8.524E-03  5.904E+00  0.000E+00  6.283E+00
  2.469E-06  3.017E-06  7.222E-03  3.441E+00  0.000E+00  6.283E+00
  3.017E-06  3.686E-06  6.388E-03  4.706E+00  0.000E+00  6.283E+00
  3.686E-06  4.504E-06  5.105E-03  4.130E+00  0.000E+00  6.283E+00
  4.504E-06  5.502E-06  4.326E-03  3.828E+00  0.000E+00  6.283E+00
  5.502E-06  6.723E-06  3.294E-03  2.488E+00  0.000E+00  6.283E+00
  6.723E-06  8.214E-06  2.982E-03  1.825E+00  0.000E+00  6.283E+00
  8.214E-06  1.004E-05  2.691E-03  3.420E+00  0.000E+00  6.283E+00
  1.004E-05  1.226E-05  1.953E-03  3.645E+00  0.000E+00  6.283E+00
  1.226E-05  1.498E-05  1.750E-03  1.943E+00  0.000E+00  6.283E+00
  1.498E-05  1.830E-05  1.522E-03  3.888E+00  0.000E+00  6.283E+00
  1.830E-05  2.236E-05  1.213E-03  2.724E+00  0.000E+00  6.283E+00
  2.236E-05  2.732E-05  1.086E-03  3.381E+00  0.000E+00  6.283E+00
  2.732E-05  3.338E-05  9.309E-04  1.152E+00  0.000E+00  6.283E+00
  3.338E-05  4.078E-05  8.050E-04  1.089E+00  0.000E+00  6.283E+00
  4.078E-05  4.982E-05  7.138E-04  3.406E+00  0.000E+00  6.283E+00
  4.982E-05  6.087E-05  6.162E-04  2.092E+00  0.000E+00  6.283E+00
  6.087E-05  7.437E-05  5.262E-04  1.870E+00  0.000E+00  6.283E+00
  7.437E-05  9.087E-05  4.989E-04  2.596E+00  0.000E+00  6.283E+00
  9.087E-05  1.110E-04  4.434E-04  2.963E+00  0.000E+00  6.283E+00
  1.110E-04  1.356E-04  3.829E-04  2.380E+00  0.000E+00  6.283E+00
  1.356E-04  1.657E-04  3.720E-04  2.122E+00  0.000E+00  6.283E+00
  1.657E-04  2.025E-04  3.273E-04  1.315E+00  0.000E+00  6.283E+00
  2.025E-04  2.474E-04  3.120E-04  2.309E+00  0.000E+00  6.283E+00
  2.474E-04  3.022E-04  2.744E-04  1.507E+00  0.000E+00  6.283E+00
  3.022E-04  3.693E-04  2.653E-04  2.128E+00  0.000E+00  6.283E+00
  3.693E-04  4.512E-04  2.578E-04  2.394E+00  0.000E+00  6.283E+00
  4.512E-04  5.512E-04  2.316E-04  1.550E+00  0.000E+00  6.283E+00
  5.512E-04  6.735E-04  2.197E-04  1.705E+00  0.000E+00  6.283E+00
  6.735E-04  8.228E-04  2.146E-04  3.017E+00  0.000E+00  6.283E+00
  8.228E-04  1.005E-03  2.001E-04  1.641E+00  0.000E+00  6.283E+00
  1.005E-03  1.228E-03  1.922E-04  9.649E-01  0.000E+00  6.283E+00
  1.228E-03  1.501E-03  1.789E-04  1.080E+00  0.000E+00  6.283E+00
  1.501E-03  1.833E-03  1.772E-04  2.348E+00  0.000E+00  6.283E+00
  1.833E-03  2.240E-03  1.690E-04  8.414E-01  0.000E+00  6.283E+00
  2.240E-03  2.737E-03  1.646E-04  4.607E-01  0.000E+00  6.283E+00
  2.737E-03  3.344E-03  1.523E-04  8.958E-01  0.000E+00  6.283E+00
  3.344E-03  4.085E-03  1.468E-04  2.928E-01  0.000E+00  6.283E+00
  4.085E-03  4.991E-03  1.649E-04  4.204E-01  0.000E+00  6.283E+00
  4.991E-03  6.098E-03  1.639E-04  3.328E-01  0.000E+00  6.283E+00
  6.098E-03  7.450E-03  1.250E-04  3.196E-01  0.000E+00  6.283E+00
  7.450E-03  9.103E-03  1.194E-04  5.019E-01  0.000E+00  6.283E+00
  9.103E-03  1.112E-02  4.924E-04  7.342E-02  0.000E+00  6.283E+00
  1.112E-02  1.359E-02  0.000E+00  0.000E+00  0.000E+00  6.283E+00
  1.359E-02  1.660E-02  0.000E+00  0.000E+00  0.000E+00  6.283E+00
  1.660E-02  2.028E-02  0.000E+00  0.000E+00  0.000E+00  6.283E+00
  2.028E-02  2.478E-02  0.000E+00  0.000E+00  0.000E+00  6.283E+00
  2.478E-02  3.028E-02  0.000E+00  0.000E+00  0.000E+00  6.283E+00
  3.028E-02  3.699E-02  0.000E+00  0.000E+00  0.000E+00  6.283E+00
  3.699E-02  4.520E-02  0.000E+00  0.000E+00  0.000E+00  6.283E+00
  4.520E-02  5.522E-02  0.000E+00  0.000E+00  0.000E+00  6.283E+00
  5.522E-02  6.746E-02  0.000E+00  0.000E+00  0.000E+00  6.283E+00
  6.746E-02  8.243E-02  0.000E+00  0.000E+00  0.000E+00  6.283E+00
  8.243E-02  1.007E-01  0.000E+00  0.000E+00  0.000E+00  6.283E+00
  1.007E-01  1.230E-01  0.000E+00  0.000E+00  0.000E+00  6.283E+00
  1.230E-01  1.503E-01  0.000E+00  0.000E+00  0.000E+00  6.283E+00
  1.503E-01  1.837E-01  0.000E+00  0.000E+00  0.000E+00  6.283E+00
  1.837E-01  2.244E-01  0.000E+00  0.000E+00  0.000E+00  6.283E+00
  2.244E-01  2.742E-01  0.000E+00  0.000E+00  0.000E+00  6.283E+00
  2.742E-01  3.350E-01  0.000E+00  0.000E+00  0.000E+00  6.283E+00
  3.350E-01  4.092E-01  0.000E+00  0.000E+00  0.000E+00  6.283E+00
  4.092E-01  5.000E-01  0.000E+00  0.000E+00  0.000E+00  6.283E+00
  5.000E-01  5.000E-01  0.000E+00  0.000E+00  0.000E+00  6.283E+00

  1.000E-09  1.000E-09  0.000E+00  0.000E+00  6.283E+00  6.283E+00
  1.222E-09  1.222E-09  0.000E+00  0.000E+00  6.283E+00  6.283E+00
  1.493E-09  1.493E-09  0.000E+00  0.000E+00  6.283E+00  6.283E+00
  1.824E-09  1.824E-09  0.000E+00  0.000E+00  6.283E+00  6.283E+00
  2.228E-09  2.228E-09  0.000E+00  0.000E+00  6.283E+00  6.283E+00
  2.722E-09  2.722E-09  0.000E+00  0.000E+00  6.283E+00  6.283E+00
  3.326E-09  3.326E-09  0.000E+00  0.000E+00  6.283E+00  6.283E+00
  4.064E-09  4.064E-09  0.000E+00  0.000E+00  6.283E+00  6.283E+00
  4.965E-09  4.965E-09  0.000E+00  0.000E+00  6.283E+00  6.283E+00
  6.066E-09  6.066E-09  0.000E+00  0.000E+00  6.283E+00  6.283E+00
  7.411E-09  7.411E-09  0.000E+00  0.000E+00  6.283E+00  6.283E+00
  9.055E-09  9.055E-09  0.000E+00  0.000E+00  6.283E+00  6.283E+00
  1.106E-08  1.106E-08  0.000E+00  0.000E+00  6.283E+00  6.283E+00
  1.352E-08  1.352E-08  0.000E+00  0.000E+00  6.283E+00  6.283E+00
  1.651E-08  1.651E-08  0.000E+00  0.000E+00  6.283E+00  6.283E+00
  2.018E-08  2.018E-08  0.000E+00  0.000E+00  6.283E+00  6.283E+00
  2.465E-08  2.465E-08  0.000E+00  0.000E+00  6.283E+00  6.283E+00
  3.012E-08  3.012E-08  0.000E+00  0.000E+00  6.283E+00  6.283E+00
  3.680E-08  3.680E-08  0.000E+00  0.000E+00  6.283E+00  6.283E+00
  4.496E-08  4.496E-08  0.000E+00  0.000E+00  6.283E+00  6.283E+00
  5.493E-08  5.493E-08  0.000E+00  0.000E+00  6.283E+00  6.283E+00
  6.711E-08  6.711E-08  0.000E+00  0.000E+00  6.283E+00  6.283E+00
  8.199E-08  8.199E-08  0.000E+00  0.000E+00  6.283E+00  6.283E+00
  1.002E-07  1.002E-07  0.000E+00  0.000E+00  6.283E+00  6.283E+00
  1.224E-07  1.224E-07  0.000E+00  0.000E+00  6.283E+00  6.283E+00
  1.495E-07  1.495E-07  0.000E+00  0.000E+00  6.283E+00  6.283E+00
  1.827E-07  1.827E-07  0.000E+00  0.000E+00  6.283E+00  6.283E+00
  2.232E-07  2.232E-07  0.000E+00  0.000E+00  6.283E+00  6.283E+00
  2.727E-07  2.727E-07  0.000E+00  0.000E+00  6.283E+00  6.283E+00
  3.332E-07  3.332E-07  0.000E+00  0.000E+00  6.283E+00  6.283E+00
  4.071E-07  4.071E-07  0.000E+00  0.000E+00  6.283E+00  6.283E+00
  4.974E-07  4.974E-07  0.000E+00  0.000E+00  6.283E+00  6.283E+00
  6.077E-07  6.077E-07  0.000E+00  0.000E+00  6.283E+00  6.283E+00
  7.424E-07  7.424E-07  0.000E+00  0.000E+00  6.283E+00  6.283E+00
  9.071E-07  9.071E-07  0.000E+00  0.000E+00  6.283E+00  6.283E+00
  1.108E-06  1.108E-06  0.000E+00  0.000E+00  6.283E+00  6.283E+00
  1.354E-06  1.354E-06  0.000E+00  0.000E+00  6.283E+00  6.283E+00
  1.654E-06  1.654E-06  0.000E+00  0.000E+00  6.283E+00  6.283E+00
  2.021E-06  2.021E-06  0.000E+00  0.000E+00  6.283E+00  6.283E+00
  2.469E-06  2.469E-06  0.000E+00  0.000E+00  6.283E+00  6.283E+00
  3.017E-06  3.017E-06  0.000E+00  0.000E+00  6.283E+00  6.283E+00
  3.686E-06  3.686E-06  0.000E+00  0.000E+00  6.283E+00  6.283E+00
  4.504E-06  4.504E-06  0.000E+00  0.000E+00  6.283E+00  6.283E+00
  5.502E-06  5.502E-06  0.000E+00  0.000E+00  6.283E+00  6.283E+00
  6.723E-06  6.723E-06  0.000E+00  0.000E+00  6.283E+00  6.283E+00
  8.214E-06  8.214E-06  0.000E+00  0.000E+00  6.283E+00  6.283E+00
  1.004E-05  1.004E-05  0.000E+00  0.000E+00  6.283E+00  6.283E+00
  1.226E-05  1.226E-05  0.000E+00  0.000E+00  6.283E+00  6.283E+00
  1.498E-05  1.498E-05  0.000E+00  0.000E+00  6.283E+00  6.283E+00
  1.830E-05  1.830E-05  0.000E+00  0.000E+00  6.283E+00  6.283E+00
  2.236E-05  2.236E-05  0.000E+00  0.000E+00  6.283E+00  6.283E+00
  2.732E-05  2.732E-05  0.000E+00  0.000E+00  6.283E+00  6.283E+00
  3.338E-05  3.338E-05  0.000E+00  0.000E+00  6.283E+00  6.283E+00
  4.078E-05  4.078E-05  0.000E+00  0.000E+00  6.283E+00  6.283E+00
  4.982E-05  4.982E-05  0.000E+00  0.000E+00  6.283E+00  6.283E+00
  6.087E-05  6.087E-05  0.000E+00  0.000E+00  6.283E+00  6.283E+00
  7.437E-05  7.437E-05  0.000E+00  0.000E+00  6.283E+00  6.283E+00
  9.087E-05  9.087E-05  0.000E+00  0.000E+00  6.283E+00  6.283E+00
  1.110E-04  1.110E-04  0.000E+00  0.000E+00  6.283E+00  6.283E+00
  1.356E-04  1.356E-04  0.000E+00  0.000E+00  6.283E+00  6.283E+00
  1.657E-04  1.657E-04  0.000E+00  0.000E+00  6.283E+00  6.283E+00
  2.025E-04  2.025E-04  0.000E+00  0.000E+00  6.283E+00  6.283E+00
  2.474E-04  2.474E-04  0.000E+00  0.000E+00  6.283E+00  6.283E+00
  3.022E-04  3.022E-04  0.000E+00  0.000E+00  6.283E+00  6.283E+00
  3.693E-04  3.693E-04  0.000E+00  0.000E+00  6.283E+00  6.283E+00
  4.512E-04  4.512E-04  0.000E+00  0.000E+00  6.283E+00  6.283E+00
  5.512E-04  5.512E-04  0.000E+00  0.000E+00  6.283E+00  6.283E+00
  6.735E-04  6.735E-04  0.000E+00  0.000E+00  6.283E+00  6.283E+00
  8.228E-04  8.228E-04  0.000E+00  0.000E+00  6.283E+00  6.283E+00
  1.005E-03  1.005E-03  0.000E+00  0.000E+00  6.283E+00  6.283E+00
  1.228E-03  1.228E-03  0.000E+00  0.000E+00  6.283E+00  6.283E+00
  1.501E-03  1.501E-03  0.000E+00  0.000E+00  6.283E+00  6.283E+00
  1.833E-03  1.833E-03  0.000E+00  0.000E+00  6.283E+00  6.283E+00
  2.240E-03  2.240E-03  0.000E+00  0.000E+00  6.283E+00  6.283E+00
  2.737E-03  2.737E-03  0.000E+00  0.000E+00  6.283E+00  6.283E+00
  3.344E-03  3.344E-03  0.000E+00  0.000E+00  6.283E+00  6.283E+00
  4.085E-03  4.085E-03  0.000E+00  0.000E+00  6.283E+00  6.283E+00
  4.991E-03  4.991E-03  0.000E+00  0.000E+00  6.283E+00  6.283E+00
  6.098E-03  6.098E-03  0.000E+00  0.000E+00  6.283E+00  6.283E+00
  7.450E-03  7.450E-03  0.000E+00  0.000E+00  6.283E+00  6.283E+00
  9.103E-03  9.103E-03  0.000E+00  0.000E+00  6.283E+00  6.283E+00
  1.112E-02  1.112E-02  0.000E+00  0.000E+00  6.283E+00  6.283E+00
  1.359E-02  1.359E-02  0.000E+00  0.000E+00  6.283E+00  6.283E+00
  1.660E-02  1.660E-02  0.000E+00  0.000E+00  6.283E+00  6.283E+00
  2.028E-02  2.028E-02  0.000E+00  0.000E+00  6.283E+00  6.283E+00
  2.478E-02  2.478E-02  0.000E+00  0.000E+00  6.283E+00  6.283E+00
  3.028E-02  3.028E-02  0.000E+00  0.000E+00  6.283E+00  6.283E+00
  3.699E-02  3.699E-02  0.000E+00  0.000E+00  6.283E+00  6.283E+00
  4.520E-02  4.520E-02  0.000E+00  0.000E+00  6.283E+00  6.283E+00
  5.522E-02  5.522E-02  0.000E+00  0.000E+00  6.283E+00  6.283E+00
  6.746E-02  6.746E-02  0.000E+00  0.000E+00  6.283E+00  6.283E+00
  8.243E-02  8.243E-02  0.000E+00  0.000E+00  6.283E+00  6.283E+00
  1.007E-01  1.007E-01  0.000E+00  0.000E+00  6.283E+00  6.283E+00
  1.230E-01  1.230E-01  0.000E+00  0.000E+00  6.283E+00  6.283E+00
  1.503E-01  1.503E-01  0.000E+00  0.000E+00  6.283E+00  6.283E+00
  1.837E-01  1.837E-01  0.000E+00  0.000E+00  6.283E+00  6.283E+00
  2.244E-01  2.244E-01  0.000E+00  0.000E+00  6.283E+00  6.283E+00
  2.742E-01  2.742E-01  0.000E+00  0.000E+00  6.283E+00  6.283E+00
  3.350E-01  3.350E-01  0.000E+00  0.000E+00  6.283E+00  6.283E+00
  4.092E-01  4.092E-01  0.000E+00  0.000E+00  6.283E+00  6.283E+00
  5.000E-01  5.000E-01  0.000E+00  0.000E+00  6.283E+00  6.283E+00
