 # Detector n:            1   BdxNeut   (integrated over solid angle)
 # N. of energy intervals         100
  1.000E-09  1.222E-09  2.385E+01  3.461E+00
  1.222E-09  1.493E-09  2.099E+01  6.961E+00
  1.493E-09  1.824E-09  1.642E+01  5.047E+00
  1.824E-09  2.228E-09  1.635E+01  6.005E+00
  2.228E-09  2.722E-09  1.292E+01  6.766E+00
  2.722E-09  3.326E-09  1.079E+01  8.075E+00
  3.326E-09  4.064E-09  8.520E+00  4.559E+00
  4.064E-09  4.965E-09  7.687E+00  6.306E+00
  4.965E-09  6.066E-09  6.104E+00  9.083E+00
  6.066E-09  7.411E-09  4.819E+00  8.190E+00
  7.411E-09  9.055E-09  4.360E+00  6.562E+00
  9.055E-09  1.106E-08  3.452E+00  4.776E+00
  1.106E-08  1.352E-08  2.926E+00  8.357E+00
  1.352E-08  1.651E-08  2.173E+00  3.863E+00
  1.651E-08  2.018E-08  1.719E+00  5.763E+00
  2.018E-08  2.465E-08  1.667E+00  5.027E+00
  2.465E-08  3.012E-08  1.229E+00  9.452E+00
  3.012E-08  3.680E-08  1.033E+00  5.179E+00
  3.680E-08  4.496E-08  8.946E-01  3.804E+00
  4.496E-08  5.493E-08  6.603E-01  9.428E+00
  5.493E-08  6.711E-08  6.086E-01  5.178E+00
  6.711E-08  8.199E-08  4.413E-01  7.733E+00
  8.199E-08  1.002E-07  3.786E-01  6.803E+00
  1.002E-07  1.224E-07  3.343E-01  4.459E+00
  1.224E-07  1.495E-07  2.564E-01  7.374E+00
  1.495E-07  1.827E-07  2.385E-01  5.895E+00
  1.827E-07  2.232E-07  1.787E-01  3.430E+00
  2.232E-07  2.727E-07  1.422E-01  4.836E+00
  2.727E-07  3.332E-07  1.139E-01  2.544E+00
  3.332E-07  4.071E-07  9.918E-02  7.910E+00
  4.071E-07  4.974E-07  7.804E-02  3.552E+00
  4.974E-07  6.077E-07  6.911E-02  1.306E+01
  6.077E-07  7.424E-07  5.613E-02  7.455E+00
  7.424E-07  9.071E-07  4.227E-02  4.043E+00
  9.071E-07  1.108E-06  4.042E-02  1.337E+01
  1.108E-06  1.354E-06  2.893E-02  2.465E+00
  1.354E-06  1.654E-06  2.250E-02  5.187E+00
  1.654E-06  2.021E-06  2.248E-02  1.059E+01
  2.021E-06  2.469E-06  1.620E-02  7.849E+00
  2.469E-06  3.017E-06  1.379E-02  2.163E+00
  3.017E-06  3.686E-06  1.172E-02  4.247E+00
  3.686E-06  4.504E-06  9.140E-03  6.724E+00
  4.504E-06  5.502E-06  7.675E-03  6.797E+00
  5.502E-06  6.723E-06  6.744E-03  5.999E+00
  6.723E-06  8.214E-06  5.061E-03  5.782E+00
  8.214E-06  1.004E-05  4.346E-03  5.050E+00
  1.004E-05  1.226E-05  3.891E-03  5.909E+00
  1.226E-05  1.498E-05  2.867E-03  7.314E+00
  1.498E-05  1.830E-05  2.669E-03  3.535E+00
  1.830E-05  2.236E-05  2.337E-03  9.216E+00
  2.236E-05  2.732E-05  1.848E-03  4.029E+00
  2.732E-05  3.338E-05  1.569E-03  9.127E+00
  3.338E-05  4.078E-05  1.265E-03  6.628E+00
  4.078E-05  4.982E-05  1.176E-03  2.650E+00
  4.982E-05  6.087E-05  1.071E-03  4.201E+00
  6.087E-05  7.437E-05  8.677E-04  3.117E+00
  7.437E-05  9.087E-05  7.974E-04  8.748E+00
  9.087E-05  1.110E-04  7.285E-04  4.260E+00
  1.110E-04  1.356E-04  6.500E-04  5.973E+00
  1.356E-04  1.657E-04  7.022E-04  1.859E+01
  1.657E-04  2.025E-04  4.962E-04  1.424E+00
  2.025E-04  2.474E-04  4.785E-04  3.581E+00
  2.474E-04  3.022E-04  4.457E-04  3.387E+00
  3.022E-04  3.693E-04  4.038E-04  3.790E+00
  3.693E-04  4.512E-04  3.881E-04  1.326E+00
  4.512E-04  5.512E-04  3.354E-04  2.489E+00
  5.512E-04  6.735E-04  3.116E-04  2.129E+00
  6.735E-04  8.228E-04  2.966E-04  1.673E+00
  8.228E-04  1.005E-03  5.187E-04  1.196E+00
  1.005E-03  1.228E-03  0.000E+00  0.000E+00
  1.228E-03  1.501E-03  0.000E+00  0.000E+00
  1.501E-03  1.833E-03  0.000E+00  0.000E+00
  1.833E-03  2.240E-03  0.000E+00  0.000E+00
  2.240E-03  2.737E-03  0.000E+00  0.000E+00
  2.737E-03  3.344E-03  0.000E+00  0.000E+00
  3.344E-03  4.085E-03  0.000E+00  0.000E+00
  4.085E-03  4.991E-03  0.000E+00  0.000E+00
  4.991E-03  6.098E-03  0.000E+00  0.000E+00
  6.098E-03  7.450E-03  0.000E+00  0.000E+00
  7.450E-03  9.103E-03  0.000E+00  0.000E+00
  9.103E-03  1.112E-02  0.000E+00  0.000E+00
  1.112E-02  1.359E-02  0.000E+00  0.000E+00
  1.359E-02  1.660E-02  0.000E+00  0.000E+00
  1.660E-02  2.028E-02  0.000E+00  0.000E+00
  2.028E-02  2.478E-02  0.000E+00  0.000E+00
  2.478E-02  3.028E-02  0.000E+00  0.000E+00
  3.028E-02  3.699E-02  0.000E+00  0.000E+00
  3.699E-02  4.520E-02  0.000E+00  0.000E+00
  4.520E-02  5.522E-02  0.000E+00  0.000E+00
  5.522E-02  6.746E-02  0.000E+00  0.000E+00
  6.746E-02  8.243E-02  0.000E+00  0.000E+00
  8.243E-02  1.007E-01  0.000E+00  0.000E+00
  1.007E-01  1.230E-01  0.000E+00  0.000E+00
  1.230E-01  1.503E-01  0.000E+00  0.000E+00
  1.503E-01  1.837E-01  0.000E+00  0.000E+00
  1.837E-01  2.244E-01  0.000E+00  0.000E+00
  2.244E-01  2.742E-01  0.000E+00  0.000E+00
  2.742E-01  3.350E-01  0.000E+00  0.000E+00
  3.350E-01  4.092E-01  0.000E+00  0.000E+00
  4.092E-01  5.000E-01  0.000E+00  0.000E+00


 # double differential distributions
 # number of solid angle intervals           1
 # Block n:            1     0.00000000      :   6.28318548    
  1.000E-09  1.222E-09  3.795E+00  3.461E+00  0.000E+00  6.283E+00
  1.222E-09  1.493E-09  3.341E+00  6.961E+00  0.000E+00  6.283E+00
  1.493E-09  1.824E-09  2.613E+00  5.047E+00  0.000E+00  6.283E+00
  1.824E-09  2.228E-09  2.603E+00  6.005E+00  0.000E+00  6.283E+00
  2.228E-09  2.722E-09  2.057E+00  6.766E+00  0.000E+00  6.283E+00
  2.722E-09  3.326E-09  1.718E+00  8.075E+00  0.000E+00  6.283E+00
  3.326E-09  4.064E-09  1.356E+00  4.559E+00  0.000E+00  6.283E+00
  4.064E-09  4.965E-09  1.223E+00  6.306E+00  0.000E+00  6.283E+00
  4.965E-09  6.066E-09  9.715E-01  9.083E+00  0.000E+00  6.283E+00
  6.066E-09  7.411E-09  7.670E-01  8.190E+00  0.000E+00  6.283E+00
  7.411E-09  9.055E-09  6.939E-01  6.562E+00  0.000E+00  6.283E+00
  9.055E-09  1.106E-08  5.494E-01  4.776E+00  0.000E+00  6.283E+00
  1.106E-08  1.352E-08  4.656E-01  8.357E+00  0.000E+00  6.283E+00
  1.352E-08  1.651E-08  3.458E-01  3.863E+00  0.000E+00  6.283E+00
  1.651E-08  2.018E-08  2.736E-01  5.763E+00  0.000E+00  6.283E+00
  2.018E-08  2.465E-08  2.653E-01  5.027E+00  0.000E+00  6.283E+00
  2.465E-08  3.012E-08  1.955E-01  9.452E+00  0.000E+00  6.283E+00
  3.012E-08  3.680E-08  1.644E-01  5.179E+00  0.000E+00  6.283E+00
  3.680E-08  4.496E-08  1.424E-01  3.804E+00  0.000E+00  6.283E+00
  4.496E-08  5.493E-08  1.051E-01  9.428E+00  0.000E+00  6.283E+00
  5.493E-08  6.711E-08  9.686E-02  5.178E+00  0.000E+00  6.283E+00
  6.711E-08  8.199E-08  7.024E-02  7.733E+00  0.000E+00  6.283E+00
  8.199E-08  1.002E-07  6.026E-02  6.803E+00  0.000E+00  6.283E+00
  1.002E-07  1.224E-07  5.321E-02  4.459E+00  0.000E+00  6.283E+00
  1.224E-07  1.495E-07  4.080E-02  7.374E+00  0.000E+00  6.283E+00
  1.495E-07  1.827E-07  3.797E-02  5.895E+00  0.000E+00  6.283E+00
  1.827E-07  2.232E-07  2.844E-02  3.430E+00  0.000E+00  6.283E+00
  2.232E-07  2.727E-07  2.263E-02  4.836E+00  0.000E+00  6.283E+00
  2.727E-07  3.332E-07  1.813E-02  2.544E+00  0.000E+00  6.283E+00
  3.332E-07  4.071E-07  1.578E-02  7.910E+00  0.000E+00  6.283E+00
  4.071E-07  4.974E-07  1.242E-02  3.552E+00  0.000E+00  6.283E+00
  4.974E-07  6.077E-07  1.100E-02  1.306E+01  0.000E+00  6.283E+00
  6.077E-07  7.424E-07  8.933E-03  7.455E+00  0.000E+00  6.283E+00
  7.424E-07  9.071E-07  6.728E-03  4.043E+00  0.000E+00  6.283E+00
  9.071E-07  1.108E-06  6.433E-03  1.337E+01  0.000E+00  6.283E+00
  1.108E-06  1.354E-06  4.605E-03  2.465E+00  0.000E+00  6.283E+00
  1.354E-06  1.654E-06  3.580E-03  5.187E+00  0.000E+00  6.283E+00
  1.654E-06  2.021E-06  3.578E-03  1.059E+01  0.000E+00  6.283E+00
  2.021E-06  2.469E-06  2.578E-03  7.849E+00  0.000E+00  6.283E+00
  2.469E-06  3.017E-06  2.194E-03  2.163E+00  0.000E+00  6.283E+00
  3.017E-06  3.686E-06  1.865E-03  4.247E+00  0.000E+00  6.283E+00
  3.686E-06  4.504E-06  1.455E-03  6.724E+00  0.000E+00  6.283E+00
  4.504E-06  5.502E-06  1.222E-03  6.797E+00  0.000E+00  6.283E+00
  5.502E-06  6.723E-06  1.073E-03  5.999E+00  0.000E+00  6.283E+00
  6.723E-06  8.214E-06  8.055E-04  5.782E+00  0.000E+00  6.283E+00
  8.214E-06  1.004E-05  6.916E-04  5.050E+00  0.000E+00  6.283E+00
  1.004E-05  1.226E-05  6.193E-04  5.909E+00  0.000E+00  6.283E+00
  1.226E-05  1.498E-05  4.563E-04  7.314E+00  0.000E+00  6.283E+00
  1.498E-05  1.830E-05  4.247E-04  3.535E+00  0.000E+00  6.283E+00
  1.830E-05  2.236E-05  3.719E-04  9.216E+00  0.000E+00  6.283E+00
  2.236E-05  2.732E-05  2.940E-04  4.029E+00  0.000E+00  6.283E+00
  2.732E-05  3.338E-05  2.497E-04  9.127E+00  0.000E+00  6.283E+00
  3.338E-05  4.078E-05  2.014E-04  6.628E+00  0.000E+00  6.283E+00
  4.078E-05  4.982E-05  1.872E-04  2.650E+00  0.000E+00  6.283E+00
  4.982E-05  6.087E-05  1.705E-04  4.201E+00  0.000E+00  6.283E+00
  6.087E-05  7.437E-05  1.381E-04  3.117E+00  0.000E+00  6.283E+00
  7.437E-05  9.087E-05  1.269E-04  8.748E+00  0.000E+00  6.283E+00
  9.087E-05  1.110E-04  1.159E-04  4.260E+00  0.000E+00  6.283E+00
  1.110E-04  1.356E-04  1.035E-04  5.973E+00  0.000E+00  6.283E+00
  1.356E-04  1.657E-04  1.118E-04  1.859E+01  0.000E+00  6.283E+00
  1.657E-04  2.025E-04  7.897E-05  1.424E+00  0.000E+00  6.283E+00
  2.025E-04  2.474E-04  7.615E-05  3.581E+00  0.000E+00  6.283E+00
  2.474E-04  3.022E-04  7.094E-05  3.387E+00  0.000E+00  6.283E+00
  3.022E-04  3.693E-04  6.427E-05  3.790E+00  0.000E+00  6.283E+00
  3.693E-04  4.512E-04  6.176E-05  1.326E+00  0.000E+00  6.283E+00
  4.512E-04  5.512E-04  5.339E-05  2.489E+00  0.000E+00  6.283E+00
  5.512E-04  6.735E-04  4.959E-05  2.129E+00  0.000E+00  6.283E+00
  6.735E-04  8.228E-04  4.721E-05  1.673E+00  0.000E+00  6.283E+00
  8.228E-04  1.005E-03  8.255E-05  1.196E+00  0.000E+00  6.283E+00
  1.005E-03  1.228E-03  0.000E+00  0.000E+00  0.000E+00  6.283E+00
  1.228E-03  1.501E-03  0.000E+00  0.000E+00  0.000E+00  6.283E+00
  1.501E-03  1.833E-03  0.000E+00  0.000E+00  0.000E+00  6.283E+00
  1.833E-03  2.240E-03  0.000E+00  0.000E+00  0.000E+00  6.283E+00
  2.240E-03  2.737E-03  0.000E+00  0.000E+00  0.000E+00  6.283E+00
  2.737E-03  3.344E-03  0.000E+00  0.000E+00  0.000E+00  6.283E+00
  3.344E-03  4.085E-03  0.000E+00  0.000E+00  0.000E+00  6.283E+00
  4.085E-03  4.991E-03  0.000E+00  0.000E+00  0.000E+00  6.283E+00
  4.991E-03  6.098E-03  0.000E+00  0.000E+00  0.000E+00  6.283E+00
  6.098E-03  7.450E-03  0.000E+00  0.000E+00  0.000E+00  6.283E+00
  7.450E-03  9.103E-03  0.000E+00  0.000E+00  0.000E+00  6.283E+00
  9.103E-03  1.112E-02  0.000E+00  0.000E+00  0.000E+00  6.283E+00
  1.112E-02  1.359E-02  0.000E+00  0.000E+00  0.000E+00  6.283E+00
  1.359E-02  1.660E-02  0.000E+00  0.000E+00  0.000E+00  6.283E+00
  1.660E-02  2.028E-02  0.000E+00  0.000E+00  0.000E+00  6.283E+00
  2.028E-02  2.478E-02  0.000E+00  0.000E+00  0.000E+00  6.283E+00
  2.478E-02  3.028E-02  0.000E+00  0.000E+00  0.000E+00  6.283E+00
  3.028E-02  3.699E-02  0.000E+00  0.000E+00  0.000E+00  6.283E+00
  3.699E-02  4.520E-02  0.000E+00  0.000E+00  0.000E+00  6.283E+00
  4.520E-02  5.522E-02  0.000E+00  0.000E+00  0.000E+00  6.283E+00
  5.522E-02  6.746E-02  0.000E+00  0.000E+00  0.000E+00  6.283E+00
  6.746E-02  8.243E-02  0.000E+00  0.000E+00  0.000E+00  6.283E+00
  8.243E-02  1.007E-01  0.000E+00  0.000E+00  0.000E+00  6.283E+00
  1.007E-01  1.230E-01  0.000E+00  0.000E+00  0.000E+00  6.283E+00
  1.230E-01  1.503E-01  0.000E+00  0.000E+00  0.000E+00  6.283E+00
  1.503E-01  1.837E-01  0.000E+00  0.000E+00  0.000E+00  6.283E+00
  1.837E-01  2.244E-01  0.000E+00  0.000E+00  0.000E+00  6.283E+00
  2.244E-01  2.742E-01  0.000E+00  0.000E+00  0.000E+00  6.283E+00
  2.742E-01  3.350E-01  0.000E+00  0.000E+00  0.000E+00  6.283E+00
  3.350E-01  4.092E-01  0.000E+00  0.000E+00  0.000E+00  6.283E+00
  4.092E-01  5.000E-01  0.000E+00  0.000E+00  0.000E+00  6.283E+00
  5.000E-01  5.000E-01  0.000E+00  0.000E+00  0.000E+00  6.283E+00

  1.000E-09  1.000E-09  0.000E+00  0.000E+00  6.283E+00  6.283E+00
  1.222E-09  1.222E-09  0.000E+00  0.000E+00  6.283E+00  6.283E+00
  1.493E-09  1.493E-09  0.000E+00  0.000E+00  6.283E+00  6.283E+00
  1.824E-09  1.824E-09  0.000E+00  0.000E+00  6.283E+00  6.283E+00
  2.228E-09  2.228E-09  0.000E+00  0.000E+00  6.283E+00  6.283E+00
  2.722E-09  2.722E-09  0.000E+00  0.000E+00  6.283E+00  6.283E+00
  3.326E-09  3.326E-09  0.000E+00  0.000E+00  6.283E+00  6.283E+00
  4.064E-09  4.064E-09  0.000E+00  0.000E+00  6.283E+00  6.283E+00
  4.965E-09  4.965E-09  0.000E+00  0.000E+00  6.283E+00  6.283E+00
  6.066E-09  6.066E-09  0.000E+00  0.000E+00  6.283E+00  6.283E+00
  7.411E-09  7.411E-09  0.000E+00  0.000E+00  6.283E+00  6.283E+00
  9.055E-09  9.055E-09  0.000E+00  0.000E+00  6.283E+00  6.283E+00
  1.106E-08  1.106E-08  0.000E+00  0.000E+00  6.283E+00  6.283E+00
  1.352E-08  1.352E-08  0.000E+00  0.000E+00  6.283E+00  6.283E+00
  1.651E-08  1.651E-08  0.000E+00  0.000E+00  6.283E+00  6.283E+00
  2.018E-08  2.018E-08  0.000E+00  0.000E+00  6.283E+00  6.283E+00
  2.465E-08  2.465E-08  0.000E+00  0.000E+00  6.283E+00  6.283E+00
  3.012E-08  3.012E-08  0.000E+00  0.000E+00  6.283E+00  6.283E+00
  3.680E-08  3.680E-08  0.000E+00  0.000E+00  6.283E+00  6.283E+00
  4.496E-08  4.496E-08  0.000E+00  0.000E+00  6.283E+00  6.283E+00
  5.493E-08  5.493E-08  0.000E+00  0.000E+00  6.283E+00  6.283E+00
  6.711E-08  6.711E-08  0.000E+00  0.000E+00  6.283E+00  6.283E+00
  8.199E-08  8.199E-08  0.000E+00  0.000E+00  6.283E+00  6.283E+00
  1.002E-07  1.002E-07  0.000E+00  0.000E+00  6.283E+00  6.283E+00
  1.224E-07  1.224E-07  0.000E+00  0.000E+00  6.283E+00  6.283E+00
  1.495E-07  1.495E-07  0.000E+00  0.000E+00  6.283E+00  6.283E+00
  1.827E-07  1.827E-07  0.000E+00  0.000E+00  6.283E+00  6.283E+00
  2.232E-07  2.232E-07  0.000E+00  0.000E+00  6.283E+00  6.283E+00
  2.727E-07  2.727E-07  0.000E+00  0.000E+00  6.283E+00  6.283E+00
  3.332E-07  3.332E-07  0.000E+00  0.000E+00  6.283E+00  6.283E+00
  4.071E-07  4.071E-07  0.000E+00  0.000E+00  6.283E+00  6.283E+00
  4.974E-07  4.974E-07  0.000E+00  0.000E+00  6.283E+00  6.283E+00
  6.077E-07  6.077E-07  0.000E+00  0.000E+00  6.283E+00  6.283E+00
  7.424E-07  7.424E-07  0.000E+00  0.000E+00  6.283E+00  6.283E+00
  9.071E-07  9.071E-07  0.000E+00  0.000E+00  6.283E+00  6.283E+00
  1.108E-06  1.108E-06  0.000E+00  0.000E+00  6.283E+00  6.283E+00
  1.354E-06  1.354E-06  0.000E+00  0.000E+00  6.283E+00  6.283E+00
  1.654E-06  1.654E-06  0.000E+00  0.000E+00  6.283E+00  6.283E+00
  2.021E-06  2.021E-06  0.000E+00  0.000E+00  6.283E+00  6.283E+00
  2.469E-06  2.469E-06  0.000E+00  0.000E+00  6.283E+00  6.283E+00
  3.017E-06  3.017E-06  0.000E+00  0.000E+00  6.283E+00  6.283E+00
  3.686E-06  3.686E-06  0.000E+00  0.000E+00  6.283E+00  6.283E+00
  4.504E-06  4.504E-06  0.000E+00  0.000E+00  6.283E+00  6.283E+00
  5.502E-06  5.502E-06  0.000E+00  0.000E+00  6.283E+00  6.283E+00
  6.723E-06  6.723E-06  0.000E+00  0.000E+00  6.283E+00  6.283E+00
  8.214E-06  8.214E-06  0.000E+00  0.000E+00  6.283E+00  6.283E+00
  1.004E-05  1.004E-05  0.000E+00  0.000E+00  6.283E+00  6.283E+00
  1.226E-05  1.226E-05  0.000E+00  0.000E+00  6.283E+00  6.283E+00
  1.498E-05  1.498E-05  0.000E+00  0.000E+00  6.283E+00  6.283E+00
  1.830E-05  1.830E-05  0.000E+00  0.000E+00  6.283E+00  6.283E+00
  2.236E-05  2.236E-05  0.000E+00  0.000E+00  6.283E+00  6.283E+00
  2.732E-05  2.732E-05  0.000E+00  0.000E+00  6.283E+00  6.283E+00
  3.338E-05  3.338E-05  0.000E+00  0.000E+00  6.283E+00  6.283E+00
  4.078E-05  4.078E-05  0.000E+00  0.000E+00  6.283E+00  6.283E+00
  4.982E-05  4.982E-05  0.000E+00  0.000E+00  6.283E+00  6.283E+00
  6.087E-05  6.087E-05  0.000E+00  0.000E+00  6.283E+00  6.283E+00
  7.437E-05  7.437E-05  0.000E+00  0.000E+00  6.283E+00  6.283E+00
  9.087E-05  9.087E-05  0.000E+00  0.000E+00  6.283E+00  6.283E+00
  1.110E-04  1.110E-04  0.000E+00  0.000E+00  6.283E+00  6.283E+00
  1.356E-04  1.356E-04  0.000E+00  0.000E+00  6.283E+00  6.283E+00
  1.657E-04  1.657E-04  0.000E+00  0.000E+00  6.283E+00  6.283E+00
  2.025E-04  2.025E-04  0.000E+00  0.000E+00  6.283E+00  6.283E+00
  2.474E-04  2.474E-04  0.000E+00  0.000E+00  6.283E+00  6.283E+00
  3.022E-04  3.022E-04  0.000E+00  0.000E+00  6.283E+00  6.283E+00
  3.693E-04  3.693E-04  0.000E+00  0.000E+00  6.283E+00  6.283E+00
  4.512E-04  4.512E-04  0.000E+00  0.000E+00  6.283E+00  6.283E+00
  5.512E-04  5.512E-04  0.000E+00  0.000E+00  6.283E+00  6.283E+00
  6.735E-04  6.735E-04  0.000E+00  0.000E+00  6.283E+00  6.283E+00
  8.228E-04  8.228E-04  0.000E+00  0.000E+00  6.283E+00  6.283E+00
  1.005E-03  1.005E-03  0.000E+00  0.000E+00  6.283E+00  6.283E+00
  1.228E-03  1.228E-03  0.000E+00  0.000E+00  6.283E+00  6.283E+00
  1.501E-03  1.501E-03  0.000E+00  0.000E+00  6.283E+00  6.283E+00
  1.833E-03  1.833E-03  0.000E+00  0.000E+00  6.283E+00  6.283E+00
  2.240E-03  2.240E-03  0.000E+00  0.000E+00  6.283E+00  6.283E+00
  2.737E-03  2.737E-03  0.000E+00  0.000E+00  6.283E+00  6.283E+00
  3.344E-03  3.344E-03  0.000E+00  0.000E+00  6.283E+00  6.283E+00
  4.085E-03  4.085E-03  0.000E+00  0.000E+00  6.283E+00  6.283E+00
  4.991E-03  4.991E-03  0.000E+00  0.000E+00  6.283E+00  6.283E+00
  6.098E-03  6.098E-03  0.000E+00  0.000E+00  6.283E+00  6.283E+00
  7.450E-03  7.450E-03  0.000E+00  0.000E+00  6.283E+00  6.283E+00
  9.103E-03  9.103E-03  0.000E+00  0.000E+00  6.283E+00  6.283E+00
  1.112E-02  1.112E-02  0.000E+00  0.000E+00  6.283E+00  6.283E+00
  1.359E-02  1.359E-02  0.000E+00  0.000E+00  6.283E+00  6.283E+00
  1.660E-02  1.660E-02  0.000E+00  0.000E+00  6.283E+00  6.283E+00
  2.028E-02  2.028E-02  0.000E+00  0.000E+00  6.283E+00  6.283E+00
  2.478E-02  2.478E-02  0.000E+00  0.000E+00  6.283E+00  6.283E+00
  3.028E-02  3.028E-02  0.000E+00  0.000E+00  6.283E+00  6.283E+00
  3.699E-02  3.699E-02  0.000E+00  0.000E+00  6.283E+00  6.283E+00
  4.520E-02  4.520E-02  0.000E+00  0.000E+00  6.283E+00  6.283E+00
  5.522E-02  5.522E-02  0.000E+00  0.000E+00  6.283E+00  6.283E+00
  6.746E-02  6.746E-02  0.000E+00  0.000E+00  6.283E+00  6.283E+00
  8.243E-02  8.243E-02  0.000E+00  0.000E+00  6.283E+00  6.283E+00
  1.007E-01  1.007E-01  0.000E+00  0.000E+00  6.283E+00  6.283E+00
  1.230E-01  1.230E-01  0.000E+00  0.000E+00  6.283E+00  6.283E+00
  1.503E-01  1.503E-01  0.000E+00  0.000E+00  6.283E+00  6.283E+00
  1.837E-01  1.837E-01  0.000E+00  0.000E+00  6.283E+00  6.283E+00
  2.244E-01  2.244E-01  0.000E+00  0.000E+00  6.283E+00  6.283E+00
  2.742E-01  2.742E-01  0.000E+00  0.000E+00  6.283E+00  6.283E+00
  3.350E-01  3.350E-01  0.000E+00  0.000E+00  6.283E+00  6.283E+00
  4.092E-01  4.092E-01  0.000E+00  0.000E+00  6.283E+00  6.283E+00
  5.000E-01  5.000E-01  0.000E+00  0.000E+00  6.283E+00  6.283E+00
