 # Detector n:            1   BdxNeut   (integrated over solid angle)
 # N. of energy intervals         100
  1.000E-09  1.222E-09  0.000E+00  0.000E+00
  1.222E-09  1.493E-09  0.000E+00  0.000E+00
  1.493E-09  1.824E-09  0.000E+00  0.000E+00
  1.824E-09  2.228E-09  0.000E+00  0.000E+00
  2.228E-09  2.722E-09  0.000E+00  0.000E+00
  2.722E-09  3.326E-09  0.000E+00  0.000E+00
  3.326E-09  4.064E-09  0.000E+00  0.000E+00
  4.064E-09  4.965E-09  0.000E+00  0.000E+00
  4.965E-09  6.066E-09  0.000E+00  0.000E+00
  6.066E-09  7.411E-09  0.000E+00  0.000E+00
  7.411E-09  9.055E-09  0.000E+00  0.000E+00
  9.055E-09  1.106E-08  0.000E+00  0.000E+00
  1.106E-08  1.352E-08  0.000E+00  0.000E+00
  1.352E-08  1.651E-08  0.000E+00  0.000E+00
  1.651E-08  2.018E-08  0.000E+00  0.000E+00
  2.018E-08  2.465E-08  0.000E+00  0.000E+00
  2.465E-08  3.012E-08  0.000E+00  0.000E+00
  3.012E-08  3.680E-08  0.000E+00  0.000E+00
  3.680E-08  4.496E-08  0.000E+00  0.000E+00
  4.496E-08  5.493E-08  0.000E+00  0.000E+00
  5.493E-08  6.711E-08  0.000E+00  0.000E+00
  6.711E-08  8.199E-08  0.000E+00  0.000E+00
  8.199E-08  1.002E-07  0.000E+00  0.000E+00
  1.002E-07  1.224E-07  0.000E+00  0.000E+00
  1.224E-07  1.495E-07  0.000E+00  0.000E+00
  1.495E-07  1.827E-07  0.000E+00  0.000E+00
  1.827E-07  2.232E-07  0.000E+00  0.000E+00
  2.232E-07  2.727E-07  0.000E+00  0.000E+00
  2.727E-07  3.332E-07  0.000E+00  0.000E+00
  3.332E-07  4.071E-07  2.534E-03  9.900E+01
  4.071E-07  4.974E-07  0.000E+00  0.000E+00
  4.974E-07  6.077E-07  1.576E-03  9.900E+01
  6.077E-07  7.424E-07  0.000E+00  0.000E+00
  7.424E-07  9.071E-07  0.000E+00  0.000E+00
  9.071E-07  1.108E-06  0.000E+00  0.000E+00
  1.108E-06  1.354E-06  0.000E+00  0.000E+00
  1.354E-06  1.654E-06  5.655E-04  9.900E+01
  1.654E-06  2.021E-06  6.433E-04  9.900E+01
  2.021E-06  2.469E-06  0.000E+00  0.000E+00
  2.469E-06  3.017E-06  1.875E-03  4.537E+01
  3.017E-06  3.686E-06  9.720E-04  4.330E+01
  3.686E-06  4.504E-06  8.670E-04  6.428E+01
  4.504E-06  5.502E-06  1.270E-03  2.948E+01
  5.502E-06  6.723E-06  4.108E-03  3.319E+01
  6.723E-06  8.214E-06  2.164E-03  2.454E+01
  8.214E-06  1.004E-05  4.507E-03  3.625E+01
  1.004E-05  1.226E-05  7.930E-03  2.994E+01
  1.226E-05  1.498E-05  5.919E-03  1.512E+01
  1.498E-05  1.830E-05  8.532E-03  1.023E+01
  1.830E-05  2.236E-05  1.118E-02  7.214E+00
  2.236E-05  2.732E-05  1.349E-02  6.174E+00
  2.732E-05  3.338E-05  1.132E-02  6.467E+00
  3.338E-05  4.078E-05  5.517E-02  7.583E+01
  4.078E-05  4.982E-05  1.331E-02  3.629E+00
  4.982E-05  6.087E-05  1.351E-02  4.552E+00
  6.087E-05  7.437E-05  1.114E-02  3.944E+00
  7.437E-05  9.087E-05  1.100E-02  2.320E+00
  9.087E-05  1.110E-04  8.680E-03  3.813E+00
  1.110E-04  1.356E-04  6.511E-03  8.589E+00
  1.356E-04  1.657E-04  4.782E-03  6.536E+00
  1.657E-04  2.025E-04  3.286E-03  4.985E+00
  2.025E-04  2.474E-04  2.394E-03  1.098E+01
  2.474E-04  3.022E-04  1.515E-03  6.242E+00
  3.022E-04  3.693E-04  1.230E-03  6.742E+00
  3.693E-04  4.512E-04  1.158E-03  6.832E+00
  4.512E-04  5.512E-04  7.013E-04  3.105E+00
  5.512E-04  6.735E-04  4.932E-04  1.149E+01
  6.735E-04  8.228E-04  3.042E-04  4.796E+00
  8.228E-04  1.005E-03  1.626E-04  1.140E+01
  1.005E-03  1.228E-03  7.939E-05  4.430E+00
  1.228E-03  1.501E-03  7.369E-05  1.792E+01
  1.501E-03  1.833E-03  3.308E-05  1.220E+01
  1.833E-03  2.240E-03  1.105E-05  2.245E+01
  2.240E-03  2.737E-03  1.784E-05  2.462E+01
  2.737E-03  3.344E-03  1.259E-05  3.527E+01
  3.344E-03  4.085E-03  4.552E-06  2.715E+01
  4.085E-03  4.991E-03  5.566E-06  3.277E+01
  4.991E-03  6.098E-03  2.272E-06  2.415E+01
  6.098E-03  7.450E-03  1.641E-06  4.829E+01
  7.450E-03  9.103E-03  2.329E-06  2.311E+01
  9.103E-03  1.112E-02  1.215E-06  4.099E+01
  1.112E-02  1.359E-02  1.286E-06  2.375E+01
  1.359E-02  1.660E-02  9.384E-07  4.107E+01
  1.660E-02  2.028E-02  7.537E-07  2.873E+01
  2.028E-02  2.478E-02  7.431E-07  3.631E+01
  2.478E-02  3.028E-02  5.991E-07  2.524E+01
  3.028E-02  3.699E-02  4.570E-07  3.659E+01
  3.699E-02  4.520E-02  5.210E-07  3.239E+01
  4.520E-02  5.522E-02  2.780E-06  1.104E+01
  5.522E-02  6.746E-02  0.000E+00  0.000E+00
  6.746E-02  8.243E-02  0.000E+00  0.000E+00
  8.243E-02  1.007E-01  0.000E+00  0.000E+00
  1.007E-01  1.230E-01  0.000E+00  0.000E+00
  1.230E-01  1.503E-01  0.000E+00  0.000E+00
  1.503E-01  1.837E-01  0.000E+00  0.000E+00
  1.837E-01  2.244E-01  0.000E+00  0.000E+00
  2.244E-01  2.742E-01  0.000E+00  0.000E+00
  2.742E-01  3.350E-01  0.000E+00  0.000E+00
  3.350E-01  4.092E-01  0.000E+00  0.000E+00
  4.092E-01  5.000E-01  0.000E+00  0.000E+00


 # double differential distributions
 # number of solid angle intervals           1
 # Block n:            1     0.00000000      :   6.28318548    
  1.000E-09  1.222E-09  0.000E+00  0.000E+00  0.000E+00  6.283E+00
  1.222E-09  1.493E-09  0.000E+00  0.000E+00  0.000E+00  6.283E+00
  1.493E-09  1.824E-09  0.000E+00  0.000E+00  0.000E+00  6.283E+00
  1.824E-09  2.228E-09  0.000E+00  0.000E+00  0.000E+00  6.283E+00
  2.228E-09  2.722E-09  0.000E+00  0.000E+00  0.000E+00  6.283E+00
  2.722E-09  3.326E-09  0.000E+00  0.000E+00  0.000E+00  6.283E+00
  3.326E-09  4.064E-09  0.000E+00  0.000E+00  0.000E+00  6.283E+00
  4.064E-09  4.965E-09  0.000E+00  0.000E+00  0.000E+00  6.283E+00
  4.965E-09  6.066E-09  0.000E+00  0.000E+00  0.000E+00  6.283E+00
  6.066E-09  7.411E-09  0.000E+00  0.000E+00  0.000E+00  6.283E+00
  7.411E-09  9.055E-09  0.000E+00  0.000E+00  0.000E+00  6.283E+00
  9.055E-09  1.106E-08  0.000E+00  0.000E+00  0.000E+00  6.283E+00
  1.106E-08  1.352E-08  0.000E+00  0.000E+00  0.000E+00  6.283E+00
  1.352E-08  1.651E-08  0.000E+00  0.000E+00  0.000E+00  6.283E+00
  1.651E-08  2.018E-08  0.000E+00  0.000E+00  0.000E+00  6.283E+00
  2.018E-08  2.465E-08  0.000E+00  0.000E+00  0.000E+00  6.283E+00
  2.465E-08  3.012E-08  0.000E+00  0.000E+00  0.000E+00  6.283E+00
  3.012E-08  3.680E-08  0.000E+00  0.000E+00  0.000E+00  6.283E+00
  3.680E-08  4.496E-08  0.000E+00  0.000E+00  0.000E+00  6.283E+00
  4.496E-08  5.493E-08  0.000E+00  0.000E+00  0.000E+00  6.283E+00
  5.493E-08  6.711E-08  0.000E+00  0.000E+00  0.000E+00  6.283E+00
  6.711E-08  8.199E-08  0.000E+00  0.000E+00  0.000E+00  6.283E+00
  8.199E-08  1.002E-07  0.000E+00  0.000E+00  0.000E+00  6.283E+00
  1.002E-07  1.224E-07  0.000E+00  0.000E+00  0.000E+00  6.283E+00
  1.224E-07  1.495E-07  0.000E+00  0.000E+00  0.000E+00  6.283E+00
  1.495E-07  1.827E-07  0.000E+00  0.000E+00  0.000E+00  6.283E+00
  1.827E-07  2.232E-07  0.000E+00  0.000E+00  0.000E+00  6.283E+00
  2.232E-07  2.727E-07  0.000E+00  0.000E+00  0.000E+00  6.283E+00
  2.727E-07  3.332E-07  0.000E+00  0.000E+00  0.000E+00  6.283E+00
  3.332E-07  4.071E-07  4.033E-04  9.900E+01  0.000E+00  6.283E+00
  4.071E-07  4.974E-07  0.000E+00  0.000E+00  0.000E+00  6.283E+00
  4.974E-07  6.077E-07  2.508E-04  9.900E+01  0.000E+00  6.283E+00
  6.077E-07  7.424E-07  0.000E+00  0.000E+00  0.000E+00  6.283E+00
  7.424E-07  9.071E-07  0.000E+00  0.000E+00  0.000E+00  6.283E+00
  9.071E-07  1.108E-06  0.000E+00  0.000E+00  0.000E+00  6.283E+00
  1.108E-06  1.354E-06  0.000E+00  0.000E+00  0.000E+00  6.283E+00
  1.354E-06  1.654E-06  9.000E-05  9.900E+01  0.000E+00  6.283E+00
  1.654E-06  2.021E-06  1.024E-04  9.900E+01  0.000E+00  6.283E+00
  2.021E-06  2.469E-06  0.000E+00  0.000E+00  0.000E+00  6.283E+00
  2.469E-06  3.017E-06  2.983E-04  4.537E+01  0.000E+00  6.283E+00
  3.017E-06  3.686E-06  1.547E-04  4.330E+01  0.000E+00  6.283E+00
  3.686E-06  4.504E-06  1.380E-04  6.428E+01  0.000E+00  6.283E+00
  4.504E-06  5.502E-06  2.021E-04  2.948E+01  0.000E+00  6.283E+00
  5.502E-06  6.723E-06  6.538E-04  3.319E+01  0.000E+00  6.283E+00
  6.723E-06  8.214E-06  3.444E-04  2.454E+01  0.000E+00  6.283E+00
  8.214E-06  1.004E-05  7.173E-04  3.625E+01  0.000E+00  6.283E+00
  1.004E-05  1.226E-05  1.262E-03  2.994E+01  0.000E+00  6.283E+00
  1.226E-05  1.498E-05  9.421E-04  1.512E+01  0.000E+00  6.283E+00
  1.498E-05  1.830E-05  1.358E-03  1.023E+01  0.000E+00  6.283E+00
  1.830E-05  2.236E-05  1.780E-03  7.214E+00  0.000E+00  6.283E+00
  2.236E-05  2.732E-05  2.148E-03  6.174E+00  0.000E+00  6.283E+00
  2.732E-05  3.338E-05  1.802E-03  6.467E+00  0.000E+00  6.283E+00
  3.338E-05  4.078E-05  8.781E-03  7.583E+01  0.000E+00  6.283E+00
  4.078E-05  4.982E-05  2.118E-03  3.629E+00  0.000E+00  6.283E+00
  4.982E-05  6.087E-05  2.151E-03  4.552E+00  0.000E+00  6.283E+00
  6.087E-05  7.437E-05  1.772E-03  3.944E+00  0.000E+00  6.283E+00
  7.437E-05  9.087E-05  1.751E-03  2.320E+00  0.000E+00  6.283E+00
  9.087E-05  1.110E-04  1.381E-03  3.813E+00  0.000E+00  6.283E+00
  1.110E-04  1.356E-04  1.036E-03  8.589E+00  0.000E+00  6.283E+00
  1.356E-04  1.657E-04  7.610E-04  6.536E+00  0.000E+00  6.283E+00
  1.657E-04  2.025E-04  5.231E-04  4.985E+00  0.000E+00  6.283E+00
  2.025E-04  2.474E-04  3.810E-04  1.098E+01  0.000E+00  6.283E+00
  2.474E-04  3.022E-04  2.412E-04  6.242E+00  0.000E+00  6.283E+00
  3.022E-04  3.693E-04  1.957E-04  6.742E+00  0.000E+00  6.283E+00
  3.693E-04  4.512E-04  1.842E-04  6.832E+00  0.000E+00  6.283E+00
  4.512E-04  5.512E-04  1.116E-04  3.105E+00  0.000E+00  6.283E+00
  5.512E-04  6.735E-04  7.849E-05  1.149E+01  0.000E+00  6.283E+00
  6.735E-04  8.228E-04  4.842E-05  4.796E+00  0.000E+00  6.283E+00
  8.228E-04  1.005E-03  2.589E-05  1.140E+01  0.000E+00  6.283E+00
  1.005E-03  1.228E-03  1.263E-05  4.430E+00  0.000E+00  6.283E+00
  1.228E-03  1.501E-03  1.173E-05  1.792E+01  0.000E+00  6.283E+00
  1.501E-03  1.833E-03  5.265E-06  1.220E+01  0.000E+00  6.283E+00
  1.833E-03  2.240E-03  1.759E-06  2.245E+01  0.000E+00  6.283E+00
  2.240E-03  2.737E-03  2.840E-06  2.462E+01  0.000E+00  6.283E+00
  2.737E-03  3.344E-03  2.004E-06  3.527E+01  0.000E+00  6.283E+00
  3.344E-03  4.085E-03  7.244E-07  2.715E+01  0.000E+00  6.283E+00
  4.085E-03  4.991E-03  8.858E-07  3.277E+01  0.000E+00  6.283E+00
  4.991E-03  6.098E-03  3.617E-07  2.415E+01  0.000E+00  6.283E+00
  6.098E-03  7.450E-03  2.612E-07  4.829E+01  0.000E+00  6.283E+00
  7.450E-03  9.103E-03  3.707E-07  2.311E+01  0.000E+00  6.283E+00
  9.103E-03  1.112E-02  1.933E-07  4.099E+01  0.000E+00  6.283E+00
  1.112E-02  1.359E-02  2.047E-07  2.375E+01  0.000E+00  6.283E+00
  1.359E-02  1.660E-02  1.494E-07  4.107E+01  0.000E+00  6.283E+00
  1.660E-02  2.028E-02  1.200E-07  2.873E+01  0.000E+00  6.283E+00
  2.028E-02  2.478E-02  1.183E-07  3.631E+01  0.000E+00  6.283E+00
  2.478E-02  3.028E-02  9.534E-08  2.524E+01  0.000E+00  6.283E+00
  3.028E-02  3.699E-02  7.274E-08  3.659E+01  0.000E+00  6.283E+00
  3.699E-02  4.520E-02  8.291E-08  3.239E+01  0.000E+00  6.283E+00
  4.520E-02  5.522E-02  4.424E-07  1.104E+01  0.000E+00  6.283E+00
  5.522E-02  6.746E-02  0.000E+00  0.000E+00  0.000E+00  6.283E+00
  6.746E-02  8.243E-02  0.000E+00  0.000E+00  0.000E+00  6.283E+00
  8.243E-02  1.007E-01  0.000E+00  0.000E+00  0.000E+00  6.283E+00
  1.007E-01  1.230E-01  0.000E+00  0.000E+00  0.000E+00  6.283E+00
  1.230E-01  1.503E-01  0.000E+00  0.000E+00  0.000E+00  6.283E+00
  1.503E-01  1.837E-01  0.000E+00  0.000E+00  0.000E+00  6.283E+00
  1.837E-01  2.244E-01  0.000E+00  0.000E+00  0.000E+00  6.283E+00
  2.244E-01  2.742E-01  0.000E+00  0.000E+00  0.000E+00  6.283E+00
  2.742E-01  3.350E-01  0.000E+00  0.000E+00  0.000E+00  6.283E+00
  3.350E-01  4.092E-01  0.000E+00  0.000E+00  0.000E+00  6.283E+00
  4.092E-01  5.000E-01  0.000E+00  0.000E+00  0.000E+00  6.283E+00
  5.000E-01  5.000E-01  0.000E+00  0.000E+00  0.000E+00  6.283E+00

  1.000E-09  1.000E-09  0.000E+00  0.000E+00  6.283E+00  6.283E+00
  1.222E-09  1.222E-09  0.000E+00  0.000E+00  6.283E+00  6.283E+00
  1.493E-09  1.493E-09  0.000E+00  0.000E+00  6.283E+00  6.283E+00
  1.824E-09  1.824E-09  0.000E+00  0.000E+00  6.283E+00  6.283E+00
  2.228E-09  2.228E-09  0.000E+00  0.000E+00  6.283E+00  6.283E+00
  2.722E-09  2.722E-09  0.000E+00  0.000E+00  6.283E+00  6.283E+00
  3.326E-09  3.326E-09  0.000E+00  0.000E+00  6.283E+00  6.283E+00
  4.064E-09  4.064E-09  0.000E+00  0.000E+00  6.283E+00  6.283E+00
  4.965E-09  4.965E-09  0.000E+00  0.000E+00  6.283E+00  6.283E+00
  6.066E-09  6.066E-09  0.000E+00  0.000E+00  6.283E+00  6.283E+00
  7.411E-09  7.411E-09  0.000E+00  0.000E+00  6.283E+00  6.283E+00
  9.055E-09  9.055E-09  0.000E+00  0.000E+00  6.283E+00  6.283E+00
  1.106E-08  1.106E-08  0.000E+00  0.000E+00  6.283E+00  6.283E+00
  1.352E-08  1.352E-08  0.000E+00  0.000E+00  6.283E+00  6.283E+00
  1.651E-08  1.651E-08  0.000E+00  0.000E+00  6.283E+00  6.283E+00
  2.018E-08  2.018E-08  0.000E+00  0.000E+00  6.283E+00  6.283E+00
  2.465E-08  2.465E-08  0.000E+00  0.000E+00  6.283E+00  6.283E+00
  3.012E-08  3.012E-08  0.000E+00  0.000E+00  6.283E+00  6.283E+00
  3.680E-08  3.680E-08  0.000E+00  0.000E+00  6.283E+00  6.283E+00
  4.496E-08  4.496E-08  0.000E+00  0.000E+00  6.283E+00  6.283E+00
  5.493E-08  5.493E-08  0.000E+00  0.000E+00  6.283E+00  6.283E+00
  6.711E-08  6.711E-08  0.000E+00  0.000E+00  6.283E+00  6.283E+00
  8.199E-08  8.199E-08  0.000E+00  0.000E+00  6.283E+00  6.283E+00
  1.002E-07  1.002E-07  0.000E+00  0.000E+00  6.283E+00  6.283E+00
  1.224E-07  1.224E-07  0.000E+00  0.000E+00  6.283E+00  6.283E+00
  1.495E-07  1.495E-07  0.000E+00  0.000E+00  6.283E+00  6.283E+00
  1.827E-07  1.827E-07  0.000E+00  0.000E+00  6.283E+00  6.283E+00
  2.232E-07  2.232E-07  0.000E+00  0.000E+00  6.283E+00  6.283E+00
  2.727E-07  2.727E-07  0.000E+00  0.000E+00  6.283E+00  6.283E+00
  3.332E-07  3.332E-07  0.000E+00  0.000E+00  6.283E+00  6.283E+00
  4.071E-07  4.071E-07  0.000E+00  0.000E+00  6.283E+00  6.283E+00
  4.974E-07  4.974E-07  0.000E+00  0.000E+00  6.283E+00  6.283E+00
  6.077E-07  6.077E-07  0.000E+00  0.000E+00  6.283E+00  6.283E+00
  7.424E-07  7.424E-07  0.000E+00  0.000E+00  6.283E+00  6.283E+00
  9.071E-07  9.071E-07  0.000E+00  0.000E+00  6.283E+00  6.283E+00
  1.108E-06  1.108E-06  0.000E+00  0.000E+00  6.283E+00  6.283E+00
  1.354E-06  1.354E-06  0.000E+00  0.000E+00  6.283E+00  6.283E+00
  1.654E-06  1.654E-06  0.000E+00  0.000E+00  6.283E+00  6.283E+00
  2.021E-06  2.021E-06  0.000E+00  0.000E+00  6.283E+00  6.283E+00
  2.469E-06  2.469E-06  0.000E+00  0.000E+00  6.283E+00  6.283E+00
  3.017E-06  3.017E-06  0.000E+00  0.000E+00  6.283E+00  6.283E+00
  3.686E-06  3.686E-06  0.000E+00  0.000E+00  6.283E+00  6.283E+00
  4.504E-06  4.504E-06  0.000E+00  0.000E+00  6.283E+00  6.283E+00
  5.502E-06  5.502E-06  0.000E+00  0.000E+00  6.283E+00  6.283E+00
  6.723E-06  6.723E-06  0.000E+00  0.000E+00  6.283E+00  6.283E+00
  8.214E-06  8.214E-06  0.000E+00  0.000E+00  6.283E+00  6.283E+00
  1.004E-05  1.004E-05  0.000E+00  0.000E+00  6.283E+00  6.283E+00
  1.226E-05  1.226E-05  0.000E+00  0.000E+00  6.283E+00  6.283E+00
  1.498E-05  1.498E-05  0.000E+00  0.000E+00  6.283E+00  6.283E+00
  1.830E-05  1.830E-05  0.000E+00  0.000E+00  6.283E+00  6.283E+00
  2.236E-05  2.236E-05  0.000E+00  0.000E+00  6.283E+00  6.283E+00
  2.732E-05  2.732E-05  0.000E+00  0.000E+00  6.283E+00  6.283E+00
  3.338E-05  3.338E-05  0.000E+00  0.000E+00  6.283E+00  6.283E+00
  4.078E-05  4.078E-05  0.000E+00  0.000E+00  6.283E+00  6.283E+00
  4.982E-05  4.982E-05  0.000E+00  0.000E+00  6.283E+00  6.283E+00
  6.087E-05  6.087E-05  0.000E+00  0.000E+00  6.283E+00  6.283E+00
  7.437E-05  7.437E-05  0.000E+00  0.000E+00  6.283E+00  6.283E+00
  9.087E-05  9.087E-05  0.000E+00  0.000E+00  6.283E+00  6.283E+00
  1.110E-04  1.110E-04  0.000E+00  0.000E+00  6.283E+00  6.283E+00
  1.356E-04  1.356E-04  0.000E+00  0.000E+00  6.283E+00  6.283E+00
  1.657E-04  1.657E-04  0.000E+00  0.000E+00  6.283E+00  6.283E+00
  2.025E-04  2.025E-04  0.000E+00  0.000E+00  6.283E+00  6.283E+00
  2.474E-04  2.474E-04  0.000E+00  0.000E+00  6.283E+00  6.283E+00
  3.022E-04  3.022E-04  0.000E+00  0.000E+00  6.283E+00  6.283E+00
  3.693E-04  3.693E-04  0.000E+00  0.000E+00  6.283E+00  6.283E+00
  4.512E-04  4.512E-04  0.000E+00  0.000E+00  6.283E+00  6.283E+00
  5.512E-04  5.512E-04  0.000E+00  0.000E+00  6.283E+00  6.283E+00
  6.735E-04  6.735E-04  0.000E+00  0.000E+00  6.283E+00  6.283E+00
  8.228E-04  8.228E-04  0.000E+00  0.000E+00  6.283E+00  6.283E+00
  1.005E-03  1.005E-03  0.000E+00  0.000E+00  6.283E+00  6.283E+00
  1.228E-03  1.228E-03  0.000E+00  0.000E+00  6.283E+00  6.283E+00
  1.501E-03  1.501E-03  0.000E+00  0.000E+00  6.283E+00  6.283E+00
  1.833E-03  1.833E-03  0.000E+00  0.000E+00  6.283E+00  6.283E+00
  2.240E-03  2.240E-03  0.000E+00  0.000E+00  6.283E+00  6.283E+00
  2.737E-03  2.737E-03  0.000E+00  0.000E+00  6.283E+00  6.283E+00
  3.344E-03  3.344E-03  0.000E+00  0.000E+00  6.283E+00  6.283E+00
  4.085E-03  4.085E-03  0.000E+00  0.000E+00  6.283E+00  6.283E+00
  4.991E-03  4.991E-03  0.000E+00  0.000E+00  6.283E+00  6.283E+00
  6.098E-03  6.098E-03  0.000E+00  0.000E+00  6.283E+00  6.283E+00
  7.450E-03  7.450E-03  0.000E+00  0.000E+00  6.283E+00  6.283E+00
  9.103E-03  9.103E-03  0.000E+00  0.000E+00  6.283E+00  6.283E+00
  1.112E-02  1.112E-02  0.000E+00  0.000E+00  6.283E+00  6.283E+00
  1.359E-02  1.359E-02  0.000E+00  0.000E+00  6.283E+00  6.283E+00
  1.660E-02  1.660E-02  0.000E+00  0.000E+00  6.283E+00  6.283E+00
  2.028E-02  2.028E-02  0.000E+00  0.000E+00  6.283E+00  6.283E+00
  2.478E-02  2.478E-02  0.000E+00  0.000E+00  6.283E+00  6.283E+00
  3.028E-02  3.028E-02  0.000E+00  0.000E+00  6.283E+00  6.283E+00
  3.699E-02  3.699E-02  0.000E+00  0.000E+00  6.283E+00  6.283E+00
  4.520E-02  4.520E-02  0.000E+00  0.000E+00  6.283E+00  6.283E+00
  5.522E-02  5.522E-02  0.000E+00  0.000E+00  6.283E+00  6.283E+00
  6.746E-02  6.746E-02  0.000E+00  0.000E+00  6.283E+00  6.283E+00
  8.243E-02  8.243E-02  0.000E+00  0.000E+00  6.283E+00  6.283E+00
  1.007E-01  1.007E-01  0.000E+00  0.000E+00  6.283E+00  6.283E+00
  1.230E-01  1.230E-01  0.000E+00  0.000E+00  6.283E+00  6.283E+00
  1.503E-01  1.503E-01  0.000E+00  0.000E+00  6.283E+00  6.283E+00
  1.837E-01  1.837E-01  0.000E+00  0.000E+00  6.283E+00  6.283E+00
  2.244E-01  2.244E-01  0.000E+00  0.000E+00  6.283E+00  6.283E+00
  2.742E-01  2.742E-01  0.000E+00  0.000E+00  6.283E+00  6.283E+00
  3.350E-01  3.350E-01  0.000E+00  0.000E+00  6.283E+00  6.283E+00
  4.092E-01  4.092E-01  0.000E+00  0.000E+00  6.283E+00  6.283E+00
  5.000E-01  5.000E-01  0.000E+00  0.000E+00  6.283E+00  6.283E+00
