 # Detector n:            1   BdxNeut   (integrated over solid angle)
 # N. of energy intervals         100
  1.000E-09  1.222E-09  3.617E+00  2.360E+01
  1.222E-09  1.493E-09  3.965E+00  1.967E+01
  1.493E-09  1.824E-09  4.184E+00  2.306E+01
  1.824E-09  2.228E-09  3.428E+00  1.662E+01
  2.228E-09  2.722E-09  2.145E+00  8.590E+00
  2.722E-09  3.326E-09  2.217E+00  1.900E+01
  3.326E-09  4.064E-09  1.575E+00  1.101E+01
  4.064E-09  4.965E-09  1.346E+00  1.417E+01
  4.965E-09  6.066E-09  1.078E+00  1.120E+01
  6.066E-09  7.411E-09  9.224E-01  1.697E+01
  7.411E-09  9.055E-09  7.788E-01  1.138E+01
  9.055E-09  1.106E-08  7.232E-01  1.588E+01
  1.106E-08  1.352E-08  7.665E-01  8.240E+00
  1.352E-08  1.651E-08  4.566E-01  9.899E+00
  1.651E-08  2.018E-08  4.076E-01  1.130E+01
  2.018E-08  2.465E-08  3.331E-01  1.476E+01
  2.465E-08  3.012E-08  3.372E-01  1.536E+01
  3.012E-08  3.680E-08  2.070E-01  1.532E+01
  3.680E-08  4.496E-08  2.308E-01  1.534E+01
  4.496E-08  5.493E-08  1.755E-01  1.231E+01
  5.493E-08  6.711E-08  1.167E-01  1.246E+01
  6.711E-08  8.199E-08  1.164E-01  1.335E+01
  8.199E-08  1.002E-07  9.993E-02  9.441E+00
  1.002E-07  1.224E-07  9.342E-02  2.194E+01
  1.224E-07  1.495E-07  6.071E-02  1.364E+01
  1.495E-07  1.827E-07  5.176E-02  1.441E+01
  1.827E-07  2.232E-07  4.498E-02  7.007E+00
  2.232E-07  2.727E-07  4.091E-02  1.177E+01
  2.727E-07  3.332E-07  2.981E-02  9.255E+00
  3.332E-07  4.071E-07  2.313E-02  3.387E+00
  4.071E-07  4.974E-07  1.851E-02  1.074E+01
  4.974E-07  6.077E-07  1.578E-02  9.736E+00
  6.077E-07  7.424E-07  1.293E-02  9.664E+00
  7.424E-07  9.071E-07  1.301E-02  1.019E+01
  9.071E-07  1.108E-06  1.276E-02  2.212E+01
  1.108E-06  1.354E-06  8.165E-03  6.231E+00
  1.354E-06  1.654E-06  5.837E-03  1.124E+01
  1.654E-06  2.021E-06  5.396E-03  7.235E+00
  2.021E-06  2.469E-06  6.426E-03  1.930E+01
  2.469E-06  3.017E-06  6.089E-03  4.321E+01
  3.017E-06  3.686E-06  3.846E-03  4.447E+00
  3.686E-06  4.504E-06  2.726E-03  1.205E+01
  4.504E-06  5.502E-06  2.833E-03  1.227E+01
  5.502E-06  6.723E-06  1.865E-03  5.582E+00
  6.723E-06  8.214E-06  2.055E-03  8.323E+00
  8.214E-06  1.004E-05  1.334E-03  1.150E+01
  1.004E-05  1.226E-05  1.100E-03  1.265E+01
  1.226E-05  1.498E-05  8.747E-04  9.893E+00
  1.498E-05  1.830E-05  7.738E-04  1.774E+01
  1.830E-05  2.236E-05  7.463E-04  8.339E+00
  2.236E-05  2.732E-05  6.522E-04  9.255E+00
  2.732E-05  3.338E-05  5.295E-04  9.441E+00
  3.338E-05  4.078E-05  5.326E-04  1.917E+01
  4.078E-05  4.982E-05  3.484E-04  1.242E+01
  4.982E-05  6.087E-05  3.608E-04  8.243E+00
  6.087E-05  7.437E-05  3.137E-04  8.803E+00
  7.437E-05  9.087E-05  3.040E-04  1.600E+01
  9.087E-05  1.110E-04  2.377E-04  1.091E+01
  1.110E-04  1.356E-04  2.056E-04  9.840E+00
  1.356E-04  1.657E-04  1.809E-04  9.663E+00
  1.657E-04  2.025E-04  1.734E-04  5.965E+00
  2.025E-04  2.474E-04  1.595E-04  4.189E+00
  2.474E-04  3.022E-04  1.479E-04  6.396E+00
  3.022E-04  3.693E-04  1.499E-04  2.847E+00
  3.693E-04  4.512E-04  1.586E-04  7.877E+00
  4.512E-04  5.512E-04  1.356E-04  5.575E+00
  5.512E-04  6.735E-04  1.157E-04  4.173E+00
  6.735E-04  8.228E-04  1.097E-04  6.543E+00
  8.228E-04  1.005E-03  1.086E-04  3.935E+00
  1.005E-03  1.228E-03  9.549E-05  2.982E+00
  1.228E-03  1.501E-03  1.026E-04  4.309E+00
  1.501E-03  1.833E-03  9.448E-05  2.828E+00
  1.833E-03  2.240E-03  7.828E-05  2.866E+00
  2.240E-03  2.737E-03  7.635E-05  2.266E+00
  2.737E-03  3.344E-03  6.137E-05  1.909E+00
  3.344E-03  4.085E-03  5.701E-05  3.873E+00
  4.085E-03  4.991E-03  5.315E-05  2.150E+00
  4.991E-03  6.098E-03  4.913E-05  1.738E+00
  6.098E-03  7.450E-03  4.324E-05  2.625E+00
  7.450E-03  9.103E-03  4.046E-05  2.607E+00
  9.103E-03  1.112E-02  3.347E-05  2.356E+00
  1.112E-02  1.359E-02  3.123E-05  2.696E+00
  1.359E-02  1.660E-02  3.044E-05  1.781E+00
  1.660E-02  2.028E-02  2.923E-05  2.236E+00
  2.028E-02  2.478E-02  2.684E-05  1.924E+00
  2.478E-02  3.028E-02  2.660E-05  1.558E+00
  3.028E-02  3.699E-02  2.568E-05  1.509E+00
  3.699E-02  4.520E-02  2.621E-05  1.681E+00
  4.520E-02  5.522E-02  2.686E-05  1.822E+00
  5.522E-02  6.746E-02  2.577E-05  9.907E-01
  6.746E-02  8.243E-02  2.315E-05  1.679E+00
  8.243E-02  1.007E-01  2.134E-05  2.869E+00
  1.007E-01  1.230E-01  1.734E-05  1.027E+00
  1.230E-01  1.503E-01  1.454E-05  7.102E-01
  1.503E-01  1.837E-01  1.144E-05  4.473E-01
  1.837E-01  2.244E-01  9.066E-06  3.787E-01
  2.244E-01  2.742E-01  7.376E-06  7.569E-01
  2.742E-01  3.350E-01  6.451E-06  8.664E-01
  3.350E-01  4.092E-01  6.881E-06  4.987E-01
  4.092E-01  5.000E-01  1.384E-05  2.673E-01


 # double differential distributions
 # number of solid angle intervals           1
 # Block n:            1     0.00000000      :   6.28318548    
  1.000E-09  1.222E-09  5.756E-01  2.360E+01  0.000E+00  6.283E+00
  1.222E-09  1.493E-09  6.310E-01  1.967E+01  0.000E+00  6.283E+00
  1.493E-09  1.824E-09  6.659E-01  2.306E+01  0.000E+00  6.283E+00
  1.824E-09  2.228E-09  5.455E-01  1.662E+01  0.000E+00  6.283E+00
  2.228E-09  2.722E-09  3.413E-01  8.590E+00  0.000E+00  6.283E+00
  2.722E-09  3.326E-09  3.528E-01  1.900E+01  0.000E+00  6.283E+00
  3.326E-09  4.064E-09  2.507E-01  1.101E+01  0.000E+00  6.283E+00
  4.064E-09  4.965E-09  2.143E-01  1.417E+01  0.000E+00  6.283E+00
  4.965E-09  6.066E-09  1.716E-01  1.120E+01  0.000E+00  6.283E+00
  6.066E-09  7.411E-09  1.468E-01  1.697E+01  0.000E+00  6.283E+00
  7.411E-09  9.055E-09  1.239E-01  1.138E+01  0.000E+00  6.283E+00
  9.055E-09  1.106E-08  1.151E-01  1.588E+01  0.000E+00  6.283E+00
  1.106E-08  1.352E-08  1.220E-01  8.240E+00  0.000E+00  6.283E+00
  1.352E-08  1.651E-08  7.267E-02  9.899E+00  0.000E+00  6.283E+00
  1.651E-08  2.018E-08  6.487E-02  1.130E+01  0.000E+00  6.283E+00
  2.018E-08  2.465E-08  5.301E-02  1.476E+01  0.000E+00  6.283E+00
  2.465E-08  3.012E-08  5.367E-02  1.536E+01  0.000E+00  6.283E+00
  3.012E-08  3.680E-08  3.294E-02  1.532E+01  0.000E+00  6.283E+00
  3.680E-08  4.496E-08  3.674E-02  1.534E+01  0.000E+00  6.283E+00
  4.496E-08  5.493E-08  2.793E-02  1.231E+01  0.000E+00  6.283E+00
  5.493E-08  6.711E-08  1.857E-02  1.246E+01  0.000E+00  6.283E+00
  6.711E-08  8.199E-08  1.852E-02  1.335E+01  0.000E+00  6.283E+00
  8.199E-08  1.002E-07  1.590E-02  9.441E+00  0.000E+00  6.283E+00
  1.002E-07  1.224E-07  1.487E-02  2.194E+01  0.000E+00  6.283E+00
  1.224E-07  1.495E-07  9.663E-03  1.364E+01  0.000E+00  6.283E+00
  1.495E-07  1.827E-07  8.237E-03  1.441E+01  0.000E+00  6.283E+00
  1.827E-07  2.232E-07  7.159E-03  7.007E+00  0.000E+00  6.283E+00
  2.232E-07  2.727E-07  6.511E-03  1.177E+01  0.000E+00  6.283E+00
  2.727E-07  3.332E-07  4.744E-03  9.255E+00  0.000E+00  6.283E+00
  3.332E-07  4.071E-07  3.681E-03  3.387E+00  0.000E+00  6.283E+00
  4.071E-07  4.974E-07  2.947E-03  1.074E+01  0.000E+00  6.283E+00
  4.974E-07  6.077E-07  2.511E-03  9.736E+00  0.000E+00  6.283E+00
  6.077E-07  7.424E-07  2.059E-03  9.664E+00  0.000E+00  6.283E+00
  7.424E-07  9.071E-07  2.071E-03  1.019E+01  0.000E+00  6.283E+00
  9.071E-07  1.108E-06  2.031E-03  2.212E+01  0.000E+00  6.283E+00
  1.108E-06  1.354E-06  1.300E-03  6.231E+00  0.000E+00  6.283E+00
  1.354E-06  1.654E-06  9.290E-04  1.124E+01  0.000E+00  6.283E+00
  1.654E-06  2.021E-06  8.589E-04  7.235E+00  0.000E+00  6.283E+00
  2.021E-06  2.469E-06  1.023E-03  1.930E+01  0.000E+00  6.283E+00
  2.469E-06  3.017E-06  9.691E-04  4.321E+01  0.000E+00  6.283E+00
  3.017E-06  3.686E-06  6.120E-04  4.447E+00  0.000E+00  6.283E+00
  3.686E-06  4.504E-06  4.338E-04  1.205E+01  0.000E+00  6.283E+00
  4.504E-06  5.502E-06  4.508E-04  1.227E+01  0.000E+00  6.283E+00
  5.502E-06  6.723E-06  2.969E-04  5.582E+00  0.000E+00  6.283E+00
  6.723E-06  8.214E-06  3.270E-04  8.323E+00  0.000E+00  6.283E+00
  8.214E-06  1.004E-05  2.122E-04  1.150E+01  0.000E+00  6.283E+00
  1.004E-05  1.226E-05  1.750E-04  1.265E+01  0.000E+00  6.283E+00
  1.226E-05  1.498E-05  1.392E-04  9.893E+00  0.000E+00  6.283E+00
  1.498E-05  1.830E-05  1.231E-04  1.774E+01  0.000E+00  6.283E+00
  1.830E-05  2.236E-05  1.188E-04  8.339E+00  0.000E+00  6.283E+00
  2.236E-05  2.732E-05  1.038E-04  9.255E+00  0.000E+00  6.283E+00
  2.732E-05  3.338E-05  8.427E-05  9.441E+00  0.000E+00  6.283E+00
  3.338E-05  4.078E-05  8.477E-05  1.917E+01  0.000E+00  6.283E+00
  4.078E-05  4.982E-05  5.545E-05  1.242E+01  0.000E+00  6.283E+00
  4.982E-05  6.087E-05  5.742E-05  8.243E+00  0.000E+00  6.283E+00
  6.087E-05  7.437E-05  4.993E-05  8.803E+00  0.000E+00  6.283E+00
  7.437E-05  9.087E-05  4.839E-05  1.600E+01  0.000E+00  6.283E+00
  9.087E-05  1.110E-04  3.783E-05  1.091E+01  0.000E+00  6.283E+00
  1.110E-04  1.356E-04  3.272E-05  9.840E+00  0.000E+00  6.283E+00
  1.356E-04  1.657E-04  2.879E-05  9.663E+00  0.000E+00  6.283E+00
  1.657E-04  2.025E-04  2.759E-05  5.965E+00  0.000E+00  6.283E+00
  2.025E-04  2.474E-04  2.539E-05  4.189E+00  0.000E+00  6.283E+00
  2.474E-04  3.022E-04  2.353E-05  6.396E+00  0.000E+00  6.283E+00
  3.022E-04  3.693E-04  2.385E-05  2.847E+00  0.000E+00  6.283E+00
  3.693E-04  4.512E-04  2.524E-05  7.877E+00  0.000E+00  6.283E+00
  4.512E-04  5.512E-04  2.159E-05  5.575E+00  0.000E+00  6.283E+00
  5.512E-04  6.735E-04  1.842E-05  4.173E+00  0.000E+00  6.283E+00
  6.735E-04  8.228E-04  1.746E-05  6.543E+00  0.000E+00  6.283E+00
  8.228E-04  1.005E-03  1.728E-05  3.935E+00  0.000E+00  6.283E+00
  1.005E-03  1.228E-03  1.520E-05  2.982E+00  0.000E+00  6.283E+00
  1.228E-03  1.501E-03  1.633E-05  4.309E+00  0.000E+00  6.283E+00
  1.501E-03  1.833E-03  1.504E-05  2.828E+00  0.000E+00  6.283E+00
  1.833E-03  2.240E-03  1.246E-05  2.866E+00  0.000E+00  6.283E+00
  2.240E-03  2.737E-03  1.215E-05  2.266E+00  0.000E+00  6.283E+00
  2.737E-03  3.344E-03  9.768E-06  1.909E+00  0.000E+00  6.283E+00
  3.344E-03  4.085E-03  9.073E-06  3.873E+00  0.000E+00  6.283E+00
  4.085E-03  4.991E-03  8.460E-06  2.150E+00  0.000E+00  6.283E+00
  4.991E-03  6.098E-03  7.819E-06  1.738E+00  0.000E+00  6.283E+00
  6.098E-03  7.450E-03  6.881E-06  2.625E+00  0.000E+00  6.283E+00
  7.450E-03  9.103E-03  6.440E-06  2.607E+00  0.000E+00  6.283E+00
  9.103E-03  1.112E-02  5.327E-06  2.356E+00  0.000E+00  6.283E+00
  1.112E-02  1.359E-02  4.970E-06  2.696E+00  0.000E+00  6.283E+00
  1.359E-02  1.660E-02  4.844E-06  1.781E+00  0.000E+00  6.283E+00
  1.660E-02  2.028E-02  4.652E-06  2.236E+00  0.000E+00  6.283E+00
  2.028E-02  2.478E-02  4.271E-06  1.924E+00  0.000E+00  6.283E+00
  2.478E-02  3.028E-02  4.233E-06  1.558E+00  0.000E+00  6.283E+00
  3.028E-02  3.699E-02  4.086E-06  1.509E+00  0.000E+00  6.283E+00
  3.699E-02  4.520E-02  4.172E-06  1.681E+00  0.000E+00  6.283E+00
  4.520E-02  5.522E-02  4.275E-06  1.822E+00  0.000E+00  6.283E+00
  5.522E-02  6.746E-02  4.102E-06  9.907E-01  0.000E+00  6.283E+00
  6.746E-02  8.243E-02  3.684E-06  1.679E+00  0.000E+00  6.283E+00
  8.243E-02  1.007E-01  3.397E-06  2.869E+00  0.000E+00  6.283E+00
  1.007E-01  1.230E-01  2.760E-06  1.027E+00  0.000E+00  6.283E+00
  1.230E-01  1.503E-01  2.314E-06  7.102E-01  0.000E+00  6.283E+00
  1.503E-01  1.837E-01  1.820E-06  4.473E-01  0.000E+00  6.283E+00
  1.837E-01  2.244E-01  1.443E-06  3.787E-01  0.000E+00  6.283E+00
  2.244E-01  2.742E-01  1.174E-06  7.569E-01  0.000E+00  6.283E+00
  2.742E-01  3.350E-01  1.027E-06  8.664E-01  0.000E+00  6.283E+00
  3.350E-01  4.092E-01  1.095E-06  4.987E-01  0.000E+00  6.283E+00
  4.092E-01  5.000E-01  2.203E-06  2.673E-01  0.000E+00  6.283E+00
  5.000E-01  5.000E-01  0.000E+00  0.000E+00  0.000E+00  6.283E+00

  1.000E-09  1.000E-09  0.000E+00  0.000E+00  6.283E+00  6.283E+00
  1.222E-09  1.222E-09  0.000E+00  0.000E+00  6.283E+00  6.283E+00
  1.493E-09  1.493E-09  0.000E+00  0.000E+00  6.283E+00  6.283E+00
  1.824E-09  1.824E-09  0.000E+00  0.000E+00  6.283E+00  6.283E+00
  2.228E-09  2.228E-09  0.000E+00  0.000E+00  6.283E+00  6.283E+00
  2.722E-09  2.722E-09  0.000E+00  0.000E+00  6.283E+00  6.283E+00
  3.326E-09  3.326E-09  0.000E+00  0.000E+00  6.283E+00  6.283E+00
  4.064E-09  4.064E-09  0.000E+00  0.000E+00  6.283E+00  6.283E+00
  4.965E-09  4.965E-09  0.000E+00  0.000E+00  6.283E+00  6.283E+00
  6.066E-09  6.066E-09  0.000E+00  0.000E+00  6.283E+00  6.283E+00
  7.411E-09  7.411E-09  0.000E+00  0.000E+00  6.283E+00  6.283E+00
  9.055E-09  9.055E-09  0.000E+00  0.000E+00  6.283E+00  6.283E+00
  1.106E-08  1.106E-08  0.000E+00  0.000E+00  6.283E+00  6.283E+00
  1.352E-08  1.352E-08  0.000E+00  0.000E+00  6.283E+00  6.283E+00
  1.651E-08  1.651E-08  0.000E+00  0.000E+00  6.283E+00  6.283E+00
  2.018E-08  2.018E-08  0.000E+00  0.000E+00  6.283E+00  6.283E+00
  2.465E-08  2.465E-08  0.000E+00  0.000E+00  6.283E+00  6.283E+00
  3.012E-08  3.012E-08  0.000E+00  0.000E+00  6.283E+00  6.283E+00
  3.680E-08  3.680E-08  0.000E+00  0.000E+00  6.283E+00  6.283E+00
  4.496E-08  4.496E-08  0.000E+00  0.000E+00  6.283E+00  6.283E+00
  5.493E-08  5.493E-08  0.000E+00  0.000E+00  6.283E+00  6.283E+00
  6.711E-08  6.711E-08  0.000E+00  0.000E+00  6.283E+00  6.283E+00
  8.199E-08  8.199E-08  0.000E+00  0.000E+00  6.283E+00  6.283E+00
  1.002E-07  1.002E-07  0.000E+00  0.000E+00  6.283E+00  6.283E+00
  1.224E-07  1.224E-07  0.000E+00  0.000E+00  6.283E+00  6.283E+00
  1.495E-07  1.495E-07  0.000E+00  0.000E+00  6.283E+00  6.283E+00
  1.827E-07  1.827E-07  0.000E+00  0.000E+00  6.283E+00  6.283E+00
  2.232E-07  2.232E-07  0.000E+00  0.000E+00  6.283E+00  6.283E+00
  2.727E-07  2.727E-07  0.000E+00  0.000E+00  6.283E+00  6.283E+00
  3.332E-07  3.332E-07  0.000E+00  0.000E+00  6.283E+00  6.283E+00
  4.071E-07  4.071E-07  0.000E+00  0.000E+00  6.283E+00  6.283E+00
  4.974E-07  4.974E-07  0.000E+00  0.000E+00  6.283E+00  6.283E+00
  6.077E-07  6.077E-07  0.000E+00  0.000E+00  6.283E+00  6.283E+00
  7.424E-07  7.424E-07  0.000E+00  0.000E+00  6.283E+00  6.283E+00
  9.071E-07  9.071E-07  0.000E+00  0.000E+00  6.283E+00  6.283E+00
  1.108E-06  1.108E-06  0.000E+00  0.000E+00  6.283E+00  6.283E+00
  1.354E-06  1.354E-06  0.000E+00  0.000E+00  6.283E+00  6.283E+00
  1.654E-06  1.654E-06  0.000E+00  0.000E+00  6.283E+00  6.283E+00
  2.021E-06  2.021E-06  0.000E+00  0.000E+00  6.283E+00  6.283E+00
  2.469E-06  2.469E-06  0.000E+00  0.000E+00  6.283E+00  6.283E+00
  3.017E-06  3.017E-06  0.000E+00  0.000E+00  6.283E+00  6.283E+00
  3.686E-06  3.686E-06  0.000E+00  0.000E+00  6.283E+00  6.283E+00
  4.504E-06  4.504E-06  0.000E+00  0.000E+00  6.283E+00  6.283E+00
  5.502E-06  5.502E-06  0.000E+00  0.000E+00  6.283E+00  6.283E+00
  6.723E-06  6.723E-06  0.000E+00  0.000E+00  6.283E+00  6.283E+00
  8.214E-06  8.214E-06  0.000E+00  0.000E+00  6.283E+00  6.283E+00
  1.004E-05  1.004E-05  0.000E+00  0.000E+00  6.283E+00  6.283E+00
  1.226E-05  1.226E-05  0.000E+00  0.000E+00  6.283E+00  6.283E+00
  1.498E-05  1.498E-05  0.000E+00  0.000E+00  6.283E+00  6.283E+00
  1.830E-05  1.830E-05  0.000E+00  0.000E+00  6.283E+00  6.283E+00
  2.236E-05  2.236E-05  0.000E+00  0.000E+00  6.283E+00  6.283E+00
  2.732E-05  2.732E-05  0.000E+00  0.000E+00  6.283E+00  6.283E+00
  3.338E-05  3.338E-05  0.000E+00  0.000E+00  6.283E+00  6.283E+00
  4.078E-05  4.078E-05  0.000E+00  0.000E+00  6.283E+00  6.283E+00
  4.982E-05  4.982E-05  0.000E+00  0.000E+00  6.283E+00  6.283E+00
  6.087E-05  6.087E-05  0.000E+00  0.000E+00  6.283E+00  6.283E+00
  7.437E-05  7.437E-05  0.000E+00  0.000E+00  6.283E+00  6.283E+00
  9.087E-05  9.087E-05  0.000E+00  0.000E+00  6.283E+00  6.283E+00
  1.110E-04  1.110E-04  0.000E+00  0.000E+00  6.283E+00  6.283E+00
  1.356E-04  1.356E-04  0.000E+00  0.000E+00  6.283E+00  6.283E+00
  1.657E-04  1.657E-04  0.000E+00  0.000E+00  6.283E+00  6.283E+00
  2.025E-04  2.025E-04  0.000E+00  0.000E+00  6.283E+00  6.283E+00
  2.474E-04  2.474E-04  0.000E+00  0.000E+00  6.283E+00  6.283E+00
  3.022E-04  3.022E-04  0.000E+00  0.000E+00  6.283E+00  6.283E+00
  3.693E-04  3.693E-04  0.000E+00  0.000E+00  6.283E+00  6.283E+00
  4.512E-04  4.512E-04  0.000E+00  0.000E+00  6.283E+00  6.283E+00
  5.512E-04  5.512E-04  0.000E+00  0.000E+00  6.283E+00  6.283E+00
  6.735E-04  6.735E-04  0.000E+00  0.000E+00  6.283E+00  6.283E+00
  8.228E-04  8.228E-04  0.000E+00  0.000E+00  6.283E+00  6.283E+00
  1.005E-03  1.005E-03  0.000E+00  0.000E+00  6.283E+00  6.283E+00
  1.228E-03  1.228E-03  0.000E+00  0.000E+00  6.283E+00  6.283E+00
  1.501E-03  1.501E-03  0.000E+00  0.000E+00  6.283E+00  6.283E+00
  1.833E-03  1.833E-03  0.000E+00  0.000E+00  6.283E+00  6.283E+00
  2.240E-03  2.240E-03  0.000E+00  0.000E+00  6.283E+00  6.283E+00
  2.737E-03  2.737E-03  0.000E+00  0.000E+00  6.283E+00  6.283E+00
  3.344E-03  3.344E-03  0.000E+00  0.000E+00  6.283E+00  6.283E+00
  4.085E-03  4.085E-03  0.000E+00  0.000E+00  6.283E+00  6.283E+00
  4.991E-03  4.991E-03  0.000E+00  0.000E+00  6.283E+00  6.283E+00
  6.098E-03  6.098E-03  0.000E+00  0.000E+00  6.283E+00  6.283E+00
  7.450E-03  7.450E-03  0.000E+00  0.000E+00  6.283E+00  6.283E+00
  9.103E-03  9.103E-03  0.000E+00  0.000E+00  6.283E+00  6.283E+00
  1.112E-02  1.112E-02  0.000E+00  0.000E+00  6.283E+00  6.283E+00
  1.359E-02  1.359E-02  0.000E+00  0.000E+00  6.283E+00  6.283E+00
  1.660E-02  1.660E-02  0.000E+00  0.000E+00  6.283E+00  6.283E+00
  2.028E-02  2.028E-02  0.000E+00  0.000E+00  6.283E+00  6.283E+00
  2.478E-02  2.478E-02  0.000E+00  0.000E+00  6.283E+00  6.283E+00
  3.028E-02  3.028E-02  0.000E+00  0.000E+00  6.283E+00  6.283E+00
  3.699E-02  3.699E-02  0.000E+00  0.000E+00  6.283E+00  6.283E+00
  4.520E-02  4.520E-02  0.000E+00  0.000E+00  6.283E+00  6.283E+00
  5.522E-02  5.522E-02  0.000E+00  0.000E+00  6.283E+00  6.283E+00
  6.746E-02  6.746E-02  0.000E+00  0.000E+00  6.283E+00  6.283E+00
  8.243E-02  8.243E-02  0.000E+00  0.000E+00  6.283E+00  6.283E+00
  1.007E-01  1.007E-01  0.000E+00  0.000E+00  6.283E+00  6.283E+00
  1.230E-01  1.230E-01  0.000E+00  0.000E+00  6.283E+00  6.283E+00
  1.503E-01  1.503E-01  0.000E+00  0.000E+00  6.283E+00  6.283E+00
  1.837E-01  1.837E-01  0.000E+00  0.000E+00  6.283E+00  6.283E+00
  2.244E-01  2.244E-01  0.000E+00  0.000E+00  6.283E+00  6.283E+00
  2.742E-01  2.742E-01  0.000E+00  0.000E+00  6.283E+00  6.283E+00
  3.350E-01  3.350E-01  0.000E+00  0.000E+00  6.283E+00  6.283E+00
  4.092E-01  4.092E-01  0.000E+00  0.000E+00  6.283E+00  6.283E+00
  5.000E-01  5.000E-01  0.000E+00  0.000E+00  6.283E+00  6.283E+00
