 # Detector n:            1   BdxNeut   (integrated over solid angle)
 # N. of energy intervals         100
  1.000E-09  1.222E-09  6.103E+00  9.367E+00
  1.222E-09  1.493E-09  4.284E+00  8.991E+00
  1.493E-09  1.824E-09  2.767E+00  2.354E+01
  1.824E-09  2.228E-09  2.652E+00  9.937E+00
  2.228E-09  2.722E-09  2.859E+00  5.913E+00
  2.722E-09  3.326E-09  2.348E+00  1.973E+01
  3.326E-09  4.064E-09  1.597E+00  1.672E+01
  4.064E-09  4.965E-09  1.391E+00  1.320E+01
  4.965E-09  6.066E-09  1.323E+00  1.094E+01
  6.066E-09  7.411E-09  9.865E-01  1.286E+01
  7.411E-09  9.055E-09  7.763E-01  9.075E+00
  9.055E-09  1.106E-08  7.204E-01  1.285E+01
  1.106E-08  1.352E-08  6.104E-01  1.730E+01
  1.352E-08  1.651E-08  5.114E-01  8.422E+00
  1.651E-08  2.018E-08  5.374E-01  1.892E+01
  2.018E-08  2.465E-08  3.969E-01  9.820E+00
  2.465E-08  3.012E-08  2.760E-01  8.184E+00
  3.012E-08  3.680E-08  3.258E-01  1.548E+01
  3.680E-08  4.496E-08  2.058E-01  4.236E+00
  4.496E-08  5.493E-08  1.462E-01  1.633E+01
  5.493E-08  6.711E-08  1.303E-01  1.022E+01
  6.711E-08  8.199E-08  9.428E-02  1.273E+01
  8.199E-08  1.002E-07  8.842E-02  1.577E+01
  1.002E-07  1.224E-07  5.697E-02  1.162E+01
  1.224E-07  1.495E-07  6.520E-02  1.792E+01
  1.495E-07  1.827E-07  4.945E-02  7.646E+00
  1.827E-07  2.232E-07  4.374E-02  9.370E+00
  2.232E-07  2.727E-07  3.943E-02  1.580E+01
  2.727E-07  3.332E-07  3.979E-02  1.965E+01
  3.332E-07  4.071E-07  3.050E-02  3.103E+01
  4.071E-07  4.974E-07  2.316E-02  4.556E+00
  4.974E-07  6.077E-07  1.592E-02  8.527E+00
  6.077E-07  7.424E-07  1.464E-02  9.734E+00
  7.424E-07  9.071E-07  1.204E-02  4.933E+00
  9.071E-07  1.108E-06  1.022E-02  9.141E+00
  1.108E-06  1.354E-06  8.993E-03  1.472E+01
  1.354E-06  1.654E-06  8.692E-03  1.066E+01
  1.654E-06  2.021E-06  6.615E-03  8.938E+00
  2.021E-06  2.469E-06  4.470E-03  6.565E+00
  2.469E-06  3.017E-06  4.327E-03  1.205E+01
  3.017E-06  3.686E-06  3.540E-03  1.131E+01
  3.686E-06  4.504E-06  2.338E-03  9.044E+00
  4.504E-06  5.502E-06  2.664E-03  1.204E+01
  5.502E-06  6.723E-06  1.688E-03  1.021E+01
  6.723E-06  8.214E-06  1.588E-03  1.159E+01
  8.214E-06  1.004E-05  1.323E-03  6.165E+00
  1.004E-05  1.226E-05  1.336E-03  8.820E+00
  1.226E-05  1.498E-05  8.765E-04  6.763E+00
  1.498E-05  1.830E-05  8.312E-04  7.987E+00
  1.830E-05  2.236E-05  7.149E-04  4.361E+00
  2.236E-05  2.732E-05  5.746E-04  1.097E+01
  2.732E-05  3.338E-05  5.984E-04  7.413E+00
  3.338E-05  4.078E-05  4.244E-04  6.271E+00
  4.078E-05  4.982E-05  4.737E-04  1.142E+01
  4.982E-05  6.087E-05  3.603E-04  9.207E+00
  6.087E-05  7.437E-05  2.598E-04  1.313E+01
  7.437E-05  9.087E-05  2.445E-04  6.300E+00
  9.087E-05  1.110E-04  2.413E-04  6.544E+00
  1.110E-04  1.356E-04  2.262E-04  7.069E+00
  1.356E-04  1.657E-04  2.143E-04  7.354E+00
  1.657E-04  2.025E-04  1.777E-04  4.147E+00
  2.025E-04  2.474E-04  1.676E-04  5.357E+00
  2.474E-04  3.022E-04  1.698E-04  8.451E+00
  3.022E-04  3.693E-04  1.482E-04  6.926E+00
  3.693E-04  4.512E-04  1.483E-04  9.382E+00
  4.512E-04  5.512E-04  1.460E-04  6.024E+00
  5.512E-04  6.735E-04  1.273E-04  7.574E+00
  6.735E-04  8.228E-04  1.193E-04  4.162E+00
  8.228E-04  1.005E-03  1.051E-04  3.745E+00
  1.005E-03  1.228E-03  1.027E-04  5.985E+00
  1.228E-03  1.501E-03  9.317E-05  5.118E+00
  1.501E-03  1.833E-03  8.989E-05  5.114E+00
  1.833E-03  2.240E-03  8.081E-05  3.286E+00
  2.240E-03  2.737E-03  7.269E-05  4.010E+00
  2.737E-03  3.344E-03  6.299E-05  2.763E+00
  3.344E-03  4.085E-03  5.477E-05  3.972E+00
  4.085E-03  4.991E-03  5.391E-05  2.970E+00
  4.991E-03  6.098E-03  4.923E-05  5.681E+00
  6.098E-03  7.450E-03  4.342E-05  4.431E+00
  7.450E-03  9.103E-03  3.961E-05  2.159E+00
  9.103E-03  1.112E-02  3.388E-05  2.996E+00
  1.112E-02  1.359E-02  3.383E-05  6.430E+00
  1.359E-02  1.660E-02  2.975E-05  2.649E+00
  1.660E-02  2.028E-02  2.813E-05  2.156E+00
  2.028E-02  2.478E-02  2.676E-05  2.423E+00
  2.478E-02  3.028E-02  2.574E-05  2.074E+00
  3.028E-02  3.699E-02  2.629E-05  2.904E+00
  3.699E-02  4.520E-02  2.666E-05  1.578E+00
  4.520E-02  5.522E-02  2.740E-05  1.509E+00
  5.522E-02  6.746E-02  2.589E-05  4.477E-01
  6.746E-02  8.243E-02  2.388E-05  2.184E+00
  8.243E-02  1.007E-01  2.067E-05  1.737E+00
  1.007E-01  1.230E-01  1.713E-05  9.714E-01
  1.230E-01  1.503E-01  1.454E-05  8.896E-01
  1.503E-01  1.837E-01  1.170E-05  7.804E-01
  1.837E-01  2.244E-01  9.094E-06  4.380E-01
  2.244E-01  2.742E-01  7.385E-06  7.853E-01
  2.742E-01  3.350E-01  6.613E-06  4.268E-01
  3.350E-01  4.092E-01  6.918E-06  1.409E-01
  4.092E-01  5.000E-01  1.379E-05  2.028E-01


 # double differential distributions
 # number of solid angle intervals           1
 # Block n:            1     0.00000000      :   6.28318548    
  1.000E-09  1.222E-09  9.714E-01  9.367E+00  0.000E+00  6.283E+00
  1.222E-09  1.493E-09  6.818E-01  8.991E+00  0.000E+00  6.283E+00
  1.493E-09  1.824E-09  4.404E-01  2.354E+01  0.000E+00  6.283E+00
  1.824E-09  2.228E-09  4.220E-01  9.937E+00  0.000E+00  6.283E+00
  2.228E-09  2.722E-09  4.551E-01  5.913E+00  0.000E+00  6.283E+00
  2.722E-09  3.326E-09  3.737E-01  1.973E+01  0.000E+00  6.283E+00
  3.326E-09  4.064E-09  2.541E-01  1.672E+01  0.000E+00  6.283E+00
  4.064E-09  4.965E-09  2.214E-01  1.320E+01  0.000E+00  6.283E+00
  4.965E-09  6.066E-09  2.106E-01  1.094E+01  0.000E+00  6.283E+00
  6.066E-09  7.411E-09  1.570E-01  1.286E+01  0.000E+00  6.283E+00
  7.411E-09  9.055E-09  1.236E-01  9.075E+00  0.000E+00  6.283E+00
  9.055E-09  1.106E-08  1.147E-01  1.285E+01  0.000E+00  6.283E+00
  1.106E-08  1.352E-08  9.715E-02  1.730E+01  0.000E+00  6.283E+00
  1.352E-08  1.651E-08  8.139E-02  8.422E+00  0.000E+00  6.283E+00
  1.651E-08  2.018E-08  8.553E-02  1.892E+01  0.000E+00  6.283E+00
  2.018E-08  2.465E-08  6.318E-02  9.820E+00  0.000E+00  6.283E+00
  2.465E-08  3.012E-08  4.392E-02  8.184E+00  0.000E+00  6.283E+00
  3.012E-08  3.680E-08  5.185E-02  1.548E+01  0.000E+00  6.283E+00
  3.680E-08  4.496E-08  3.275E-02  4.236E+00  0.000E+00  6.283E+00
  4.496E-08  5.493E-08  2.326E-02  1.633E+01  0.000E+00  6.283E+00
  5.493E-08  6.711E-08  2.074E-02  1.022E+01  0.000E+00  6.283E+00
  6.711E-08  8.199E-08  1.500E-02  1.273E+01  0.000E+00  6.283E+00
  8.199E-08  1.002E-07  1.407E-02  1.577E+01  0.000E+00  6.283E+00
  1.002E-07  1.224E-07  9.067E-03  1.162E+01  0.000E+00  6.283E+00
  1.224E-07  1.495E-07  1.038E-02  1.792E+01  0.000E+00  6.283E+00
  1.495E-07  1.827E-07  7.870E-03  7.646E+00  0.000E+00  6.283E+00
  1.827E-07  2.232E-07  6.961E-03  9.370E+00  0.000E+00  6.283E+00
  2.232E-07  2.727E-07  6.276E-03  1.580E+01  0.000E+00  6.283E+00
  2.727E-07  3.332E-07  6.332E-03  1.965E+01  0.000E+00  6.283E+00
  3.332E-07  4.071E-07  4.854E-03  3.103E+01  0.000E+00  6.283E+00
  4.071E-07  4.974E-07  3.686E-03  4.556E+00  0.000E+00  6.283E+00
  4.974E-07  6.077E-07  2.533E-03  8.527E+00  0.000E+00  6.283E+00
  6.077E-07  7.424E-07  2.331E-03  9.734E+00  0.000E+00  6.283E+00
  7.424E-07  9.071E-07  1.916E-03  4.933E+00  0.000E+00  6.283E+00
  9.071E-07  1.108E-06  1.627E-03  9.141E+00  0.000E+00  6.283E+00
  1.108E-06  1.354E-06  1.431E-03  1.472E+01  0.000E+00  6.283E+00
  1.354E-06  1.654E-06  1.383E-03  1.066E+01  0.000E+00  6.283E+00
  1.654E-06  2.021E-06  1.053E-03  8.938E+00  0.000E+00  6.283E+00
  2.021E-06  2.469E-06  7.114E-04  6.565E+00  0.000E+00  6.283E+00
  2.469E-06  3.017E-06  6.886E-04  1.205E+01  0.000E+00  6.283E+00
  3.017E-06  3.686E-06  5.635E-04  1.131E+01  0.000E+00  6.283E+00
  3.686E-06  4.504E-06  3.720E-04  9.044E+00  0.000E+00  6.283E+00
  4.504E-06  5.502E-06  4.239E-04  1.204E+01  0.000E+00  6.283E+00
  5.502E-06  6.723E-06  2.686E-04  1.021E+01  0.000E+00  6.283E+00
  6.723E-06  8.214E-06  2.527E-04  1.159E+01  0.000E+00  6.283E+00
  8.214E-06  1.004E-05  2.106E-04  6.165E+00  0.000E+00  6.283E+00
  1.004E-05  1.226E-05  2.127E-04  8.820E+00  0.000E+00  6.283E+00
  1.226E-05  1.498E-05  1.395E-04  6.763E+00  0.000E+00  6.283E+00
  1.498E-05  1.830E-05  1.323E-04  7.987E+00  0.000E+00  6.283E+00
  1.830E-05  2.236E-05  1.138E-04  4.361E+00  0.000E+00  6.283E+00
  2.236E-05  2.732E-05  9.145E-05  1.097E+01  0.000E+00  6.283E+00
  2.732E-05  3.338E-05  9.524E-05  7.413E+00  0.000E+00  6.283E+00
  3.338E-05  4.078E-05  6.755E-05  6.271E+00  0.000E+00  6.283E+00
  4.078E-05  4.982E-05  7.539E-05  1.142E+01  0.000E+00  6.283E+00
  4.982E-05  6.087E-05  5.734E-05  9.207E+00  0.000E+00  6.283E+00
  6.087E-05  7.437E-05  4.135E-05  1.313E+01  0.000E+00  6.283E+00
  7.437E-05  9.087E-05  3.891E-05  6.300E+00  0.000E+00  6.283E+00
  9.087E-05  1.110E-04  3.841E-05  6.544E+00  0.000E+00  6.283E+00
  1.110E-04  1.356E-04  3.601E-05  7.069E+00  0.000E+00  6.283E+00
  1.356E-04  1.657E-04  3.411E-05  7.354E+00  0.000E+00  6.283E+00
  1.657E-04  2.025E-04  2.828E-05  4.147E+00  0.000E+00  6.283E+00
  2.025E-04  2.474E-04  2.667E-05  5.357E+00  0.000E+00  6.283E+00
  2.474E-04  3.022E-04  2.702E-05  8.451E+00  0.000E+00  6.283E+00
  3.022E-04  3.693E-04  2.359E-05  6.926E+00  0.000E+00  6.283E+00
  3.693E-04  4.512E-04  2.360E-05  9.382E+00  0.000E+00  6.283E+00
  4.512E-04  5.512E-04  2.323E-05  6.024E+00  0.000E+00  6.283E+00
  5.512E-04  6.735E-04  2.025E-05  7.574E+00  0.000E+00  6.283E+00
  6.735E-04  8.228E-04  1.899E-05  4.162E+00  0.000E+00  6.283E+00
  8.228E-04  1.005E-03  1.673E-05  3.745E+00  0.000E+00  6.283E+00
  1.005E-03  1.228E-03  1.634E-05  5.985E+00  0.000E+00  6.283E+00
  1.228E-03  1.501E-03  1.483E-05  5.118E+00  0.000E+00  6.283E+00
  1.501E-03  1.833E-03  1.431E-05  5.114E+00  0.000E+00  6.283E+00
  1.833E-03  2.240E-03  1.286E-05  3.286E+00  0.000E+00  6.283E+00
  2.240E-03  2.737E-03  1.157E-05  4.010E+00  0.000E+00  6.283E+00
  2.737E-03  3.344E-03  1.002E-05  2.763E+00  0.000E+00  6.283E+00
  3.344E-03  4.085E-03  8.717E-06  3.972E+00  0.000E+00  6.283E+00
  4.085E-03  4.991E-03  8.580E-06  2.970E+00  0.000E+00  6.283E+00
  4.991E-03  6.098E-03  7.836E-06  5.681E+00  0.000E+00  6.283E+00
  6.098E-03  7.450E-03  6.910E-06  4.431E+00  0.000E+00  6.283E+00
  7.450E-03  9.103E-03  6.303E-06  2.159E+00  0.000E+00  6.283E+00
  9.103E-03  1.112E-02  5.392E-06  2.996E+00  0.000E+00  6.283E+00
  1.112E-02  1.359E-02  5.385E-06  6.430E+00  0.000E+00  6.283E+00
  1.359E-02  1.660E-02  4.735E-06  2.649E+00  0.000E+00  6.283E+00
  1.660E-02  2.028E-02  4.478E-06  2.156E+00  0.000E+00  6.283E+00
  2.028E-02  2.478E-02  4.258E-06  2.423E+00  0.000E+00  6.283E+00
  2.478E-02  3.028E-02  4.097E-06  2.074E+00  0.000E+00  6.283E+00
  3.028E-02  3.699E-02  4.184E-06  2.904E+00  0.000E+00  6.283E+00
  3.699E-02  4.520E-02  4.244E-06  1.578E+00  0.000E+00  6.283E+00
  4.520E-02  5.522E-02  4.361E-06  1.509E+00  0.000E+00  6.283E+00
  5.522E-02  6.746E-02  4.121E-06  4.477E-01  0.000E+00  6.283E+00
  6.746E-02  8.243E-02  3.800E-06  2.184E+00  0.000E+00  6.283E+00
  8.243E-02  1.007E-01  3.290E-06  1.737E+00  0.000E+00  6.283E+00
  1.007E-01  1.230E-01  2.726E-06  9.714E-01  0.000E+00  6.283E+00
  1.230E-01  1.503E-01  2.314E-06  8.896E-01  0.000E+00  6.283E+00
  1.503E-01  1.837E-01  1.863E-06  7.804E-01  0.000E+00  6.283E+00
  1.837E-01  2.244E-01  1.447E-06  4.380E-01  0.000E+00  6.283E+00
  2.244E-01  2.742E-01  1.175E-06  7.853E-01  0.000E+00  6.283E+00
  2.742E-01  3.350E-01  1.053E-06  4.268E-01  0.000E+00  6.283E+00
  3.350E-01  4.092E-01  1.101E-06  1.409E-01  0.000E+00  6.283E+00
  4.092E-01  5.000E-01  2.195E-06  2.028E-01  0.000E+00  6.283E+00
  5.000E-01  5.000E-01  0.000E+00  0.000E+00  0.000E+00  6.283E+00

  1.000E-09  1.000E-09  0.000E+00  0.000E+00  6.283E+00  6.283E+00
  1.222E-09  1.222E-09  0.000E+00  0.000E+00  6.283E+00  6.283E+00
  1.493E-09  1.493E-09  0.000E+00  0.000E+00  6.283E+00  6.283E+00
  1.824E-09  1.824E-09  0.000E+00  0.000E+00  6.283E+00  6.283E+00
  2.228E-09  2.228E-09  0.000E+00  0.000E+00  6.283E+00  6.283E+00
  2.722E-09  2.722E-09  0.000E+00  0.000E+00  6.283E+00  6.283E+00
  3.326E-09  3.326E-09  0.000E+00  0.000E+00  6.283E+00  6.283E+00
  4.064E-09  4.064E-09  0.000E+00  0.000E+00  6.283E+00  6.283E+00
  4.965E-09  4.965E-09  0.000E+00  0.000E+00  6.283E+00  6.283E+00
  6.066E-09  6.066E-09  0.000E+00  0.000E+00  6.283E+00  6.283E+00
  7.411E-09  7.411E-09  0.000E+00  0.000E+00  6.283E+00  6.283E+00
  9.055E-09  9.055E-09  0.000E+00  0.000E+00  6.283E+00  6.283E+00
  1.106E-08  1.106E-08  0.000E+00  0.000E+00  6.283E+00  6.283E+00
  1.352E-08  1.352E-08  0.000E+00  0.000E+00  6.283E+00  6.283E+00
  1.651E-08  1.651E-08  0.000E+00  0.000E+00  6.283E+00  6.283E+00
  2.018E-08  2.018E-08  0.000E+00  0.000E+00  6.283E+00  6.283E+00
  2.465E-08  2.465E-08  0.000E+00  0.000E+00  6.283E+00  6.283E+00
  3.012E-08  3.012E-08  0.000E+00  0.000E+00  6.283E+00  6.283E+00
  3.680E-08  3.680E-08  0.000E+00  0.000E+00  6.283E+00  6.283E+00
  4.496E-08  4.496E-08  0.000E+00  0.000E+00  6.283E+00  6.283E+00
  5.493E-08  5.493E-08  0.000E+00  0.000E+00  6.283E+00  6.283E+00
  6.711E-08  6.711E-08  0.000E+00  0.000E+00  6.283E+00  6.283E+00
  8.199E-08  8.199E-08  0.000E+00  0.000E+00  6.283E+00  6.283E+00
  1.002E-07  1.002E-07  0.000E+00  0.000E+00  6.283E+00  6.283E+00
  1.224E-07  1.224E-07  0.000E+00  0.000E+00  6.283E+00  6.283E+00
  1.495E-07  1.495E-07  0.000E+00  0.000E+00  6.283E+00  6.283E+00
  1.827E-07  1.827E-07  0.000E+00  0.000E+00  6.283E+00  6.283E+00
  2.232E-07  2.232E-07  0.000E+00  0.000E+00  6.283E+00  6.283E+00
  2.727E-07  2.727E-07  0.000E+00  0.000E+00  6.283E+00  6.283E+00
  3.332E-07  3.332E-07  0.000E+00  0.000E+00  6.283E+00  6.283E+00
  4.071E-07  4.071E-07  0.000E+00  0.000E+00  6.283E+00  6.283E+00
  4.974E-07  4.974E-07  0.000E+00  0.000E+00  6.283E+00  6.283E+00
  6.077E-07  6.077E-07  0.000E+00  0.000E+00  6.283E+00  6.283E+00
  7.424E-07  7.424E-07  0.000E+00  0.000E+00  6.283E+00  6.283E+00
  9.071E-07  9.071E-07  0.000E+00  0.000E+00  6.283E+00  6.283E+00
  1.108E-06  1.108E-06  0.000E+00  0.000E+00  6.283E+00  6.283E+00
  1.354E-06  1.354E-06  0.000E+00  0.000E+00  6.283E+00  6.283E+00
  1.654E-06  1.654E-06  0.000E+00  0.000E+00  6.283E+00  6.283E+00
  2.021E-06  2.021E-06  0.000E+00  0.000E+00  6.283E+00  6.283E+00
  2.469E-06  2.469E-06  0.000E+00  0.000E+00  6.283E+00  6.283E+00
  3.017E-06  3.017E-06  0.000E+00  0.000E+00  6.283E+00  6.283E+00
  3.686E-06  3.686E-06  0.000E+00  0.000E+00  6.283E+00  6.283E+00
  4.504E-06  4.504E-06  0.000E+00  0.000E+00  6.283E+00  6.283E+00
  5.502E-06  5.502E-06  0.000E+00  0.000E+00  6.283E+00  6.283E+00
  6.723E-06  6.723E-06  0.000E+00  0.000E+00  6.283E+00  6.283E+00
  8.214E-06  8.214E-06  0.000E+00  0.000E+00  6.283E+00  6.283E+00
  1.004E-05  1.004E-05  0.000E+00  0.000E+00  6.283E+00  6.283E+00
  1.226E-05  1.226E-05  0.000E+00  0.000E+00  6.283E+00  6.283E+00
  1.498E-05  1.498E-05  0.000E+00  0.000E+00  6.283E+00  6.283E+00
  1.830E-05  1.830E-05  0.000E+00  0.000E+00  6.283E+00  6.283E+00
  2.236E-05  2.236E-05  0.000E+00  0.000E+00  6.283E+00  6.283E+00
  2.732E-05  2.732E-05  0.000E+00  0.000E+00  6.283E+00  6.283E+00
  3.338E-05  3.338E-05  0.000E+00  0.000E+00  6.283E+00  6.283E+00
  4.078E-05  4.078E-05  0.000E+00  0.000E+00  6.283E+00  6.283E+00
  4.982E-05  4.982E-05  0.000E+00  0.000E+00  6.283E+00  6.283E+00
  6.087E-05  6.087E-05  0.000E+00  0.000E+00  6.283E+00  6.283E+00
  7.437E-05  7.437E-05  0.000E+00  0.000E+00  6.283E+00  6.283E+00
  9.087E-05  9.087E-05  0.000E+00  0.000E+00  6.283E+00  6.283E+00
  1.110E-04  1.110E-04  0.000E+00  0.000E+00  6.283E+00  6.283E+00
  1.356E-04  1.356E-04  0.000E+00  0.000E+00  6.283E+00  6.283E+00
  1.657E-04  1.657E-04  0.000E+00  0.000E+00  6.283E+00  6.283E+00
  2.025E-04  2.025E-04  0.000E+00  0.000E+00  6.283E+00  6.283E+00
  2.474E-04  2.474E-04  0.000E+00  0.000E+00  6.283E+00  6.283E+00
  3.022E-04  3.022E-04  0.000E+00  0.000E+00  6.283E+00  6.283E+00
  3.693E-04  3.693E-04  0.000E+00  0.000E+00  6.283E+00  6.283E+00
  4.512E-04  4.512E-04  0.000E+00  0.000E+00  6.283E+00  6.283E+00
  5.512E-04  5.512E-04  0.000E+00  0.000E+00  6.283E+00  6.283E+00
  6.735E-04  6.735E-04  0.000E+00  0.000E+00  6.283E+00  6.283E+00
  8.228E-04  8.228E-04  0.000E+00  0.000E+00  6.283E+00  6.283E+00
  1.005E-03  1.005E-03  0.000E+00  0.000E+00  6.283E+00  6.283E+00
  1.228E-03  1.228E-03  0.000E+00  0.000E+00  6.283E+00  6.283E+00
  1.501E-03  1.501E-03  0.000E+00  0.000E+00  6.283E+00  6.283E+00
  1.833E-03  1.833E-03  0.000E+00  0.000E+00  6.283E+00  6.283E+00
  2.240E-03  2.240E-03  0.000E+00  0.000E+00  6.283E+00  6.283E+00
  2.737E-03  2.737E-03  0.000E+00  0.000E+00  6.283E+00  6.283E+00
  3.344E-03  3.344E-03  0.000E+00  0.000E+00  6.283E+00  6.283E+00
  4.085E-03  4.085E-03  0.000E+00  0.000E+00  6.283E+00  6.283E+00
  4.991E-03  4.991E-03  0.000E+00  0.000E+00  6.283E+00  6.283E+00
  6.098E-03  6.098E-03  0.000E+00  0.000E+00  6.283E+00  6.283E+00
  7.450E-03  7.450E-03  0.000E+00  0.000E+00  6.283E+00  6.283E+00
  9.103E-03  9.103E-03  0.000E+00  0.000E+00  6.283E+00  6.283E+00
  1.112E-02  1.112E-02  0.000E+00  0.000E+00  6.283E+00  6.283E+00
  1.359E-02  1.359E-02  0.000E+00  0.000E+00  6.283E+00  6.283E+00
  1.660E-02  1.660E-02  0.000E+00  0.000E+00  6.283E+00  6.283E+00
  2.028E-02  2.028E-02  0.000E+00  0.000E+00  6.283E+00  6.283E+00
  2.478E-02  2.478E-02  0.000E+00  0.000E+00  6.283E+00  6.283E+00
  3.028E-02  3.028E-02  0.000E+00  0.000E+00  6.283E+00  6.283E+00
  3.699E-02  3.699E-02  0.000E+00  0.000E+00  6.283E+00  6.283E+00
  4.520E-02  4.520E-02  0.000E+00  0.000E+00  6.283E+00  6.283E+00
  5.522E-02  5.522E-02  0.000E+00  0.000E+00  6.283E+00  6.283E+00
  6.746E-02  6.746E-02  0.000E+00  0.000E+00  6.283E+00  6.283E+00
  8.243E-02  8.243E-02  0.000E+00  0.000E+00  6.283E+00  6.283E+00
  1.007E-01  1.007E-01  0.000E+00  0.000E+00  6.283E+00  6.283E+00
  1.230E-01  1.230E-01  0.000E+00  0.000E+00  6.283E+00  6.283E+00
  1.503E-01  1.503E-01  0.000E+00  0.000E+00  6.283E+00  6.283E+00
  1.837E-01  1.837E-01  0.000E+00  0.000E+00  6.283E+00  6.283E+00
  2.244E-01  2.244E-01  0.000E+00  0.000E+00  6.283E+00  6.283E+00
  2.742E-01  2.742E-01  0.000E+00  0.000E+00  6.283E+00  6.283E+00
  3.350E-01  3.350E-01  0.000E+00  0.000E+00  6.283E+00  6.283E+00
  4.092E-01  4.092E-01  0.000E+00  0.000E+00  6.283E+00  6.283E+00
  5.000E-01  5.000E-01  0.000E+00  0.000E+00  6.283E+00  6.283E+00
