 # Detector n:            1   BdxPhot   (integrated over solid angle)
 # N. of energy intervals         100
  1.000E-04  1.089E-04  4.923E-03  3.836E+00
  1.089E-04  1.186E-04  5.188E-03  3.405E+00
  1.186E-04  1.291E-04  4.911E-03  1.843E+00
  1.291E-04  1.406E-04  4.534E-03  1.044E+00
  1.406E-04  1.531E-04  4.185E-03  1.374E+00
  1.531E-04  1.667E-04  4.581E-03  1.945E+00
  1.667E-04  1.815E-04  5.270E-03  2.218E+00
  1.815E-04  1.977E-04  4.473E-03  2.929E+00
  1.977E-04  2.152E-04  3.959E-03  3.335E+00
  2.152E-04  2.344E-04  3.281E-03  2.468E+00
  2.344E-04  2.552E-04  3.080E-03  2.047E+00
  2.552E-04  2.779E-04  2.728E-03  2.736E+00
  2.779E-04  3.026E-04  2.650E-03  1.593E+00
  3.026E-04  3.295E-04  2.548E-03  3.634E+00
  3.295E-04  3.588E-04  2.454E-03  2.034E+00
  3.588E-04  3.907E-04  2.443E-03  1.857E+00
  3.907E-04  4.254E-04  2.525E-03  2.092E+00
  4.254E-04  4.632E-04  2.624E-03  1.946E+00
  4.632E-04  5.044E-04  1.888E-02  1.161E+00
  5.044E-04  5.493E-04  5.258E-04  2.062E+00
  5.493E-04  5.981E-04  2.188E-04  9.052E+00
  5.981E-04  6.513E-04  2.169E-04  1.821E+00
  6.513E-04  7.092E-04  2.268E-04  8.734E+00
  7.092E-04  7.722E-04  5.082E-04  8.370E-01
  7.722E-04  8.409E-04  1.306E-04  6.084E+00
  8.409E-04  9.157E-04  1.474E-04  8.170E+00
  9.157E-04  9.971E-04  2.790E-04  2.362E+00
  9.971E-04  1.086E-03  2.090E-04  4.832E+00
  1.086E-03  1.182E-03  9.266E-05  6.525E+00
  1.182E-03  1.287E-03  9.744E-05  9.589E+00
  1.287E-03  1.402E-03  1.327E-04  8.190E+00
  1.402E-03  1.526E-03  1.509E-04  2.152E+00
  1.526E-03  1.662E-03  8.825E-05  6.688E+00
  1.662E-03  1.810E-03  1.073E-04  4.225E+00
  1.810E-03  1.971E-03  7.608E-05  1.183E+01
  1.971E-03  2.146E-03  3.887E-04  2.628E+00
  2.146E-03  2.337E-03  3.815E-04  3.254E+00
  2.337E-03  2.545E-03  6.709E-05  5.833E+00
  2.545E-03  2.771E-03  6.876E-05  5.853E+00
  2.771E-03  3.017E-03  1.280E-04  4.299E+00
  3.017E-03  3.285E-03  4.920E-05  5.728E+00
  3.285E-03  3.577E-03  1.290E-04  2.869E+00
  3.577E-03  3.895E-03  4.627E-05  4.044E+00
  3.895E-03  4.242E-03  3.112E-05  7.485E+00
  4.242E-03  4.619E-03  9.323E-04  1.202E+00
  4.619E-03  5.030E-03  1.024E-04  2.541E+00
  5.030E-03  5.477E-03  4.735E-05  4.804E+00
  5.477E-03  5.964E-03  3.114E-05  4.313E+00
  5.964E-03  6.494E-03  3.548E-05  7.867E+00
  6.494E-03  7.071E-03  9.573E-05  3.502E+00
  7.071E-03  7.700E-03  4.040E-05  5.287E+00
  7.700E-03  8.384E-03  1.873E-05  7.121E+00
  8.384E-03  9.130E-03  3.801E-05  6.060E+00
  9.130E-03  9.941E-03  1.426E-05  8.040E+00
  9.941E-03  1.083E-02  2.709E-07  1.493E+01
  1.083E-02  1.179E-02  1.526E-07  3.432E+01
  1.179E-02  1.284E-02  4.511E-08  6.184E+01
  1.284E-02  1.398E-02  4.782E-08  9.900E+01
  1.398E-02  1.522E-02  7.749E-07  1.900E+01
  1.522E-02  1.657E-02  2.424E-07  1.855E+01
  1.657E-02  1.805E-02  0.000E+00  0.000E+00
  1.805E-02  1.965E-02  5.798E-08  9.900E+01
  1.965E-02  2.140E-02  0.000E+00  0.000E+00
  2.140E-02  2.330E-02  0.000E+00  0.000E+00
  2.330E-02  2.537E-02  0.000E+00  0.000E+00
  2.537E-02  2.763E-02  0.000E+00  0.000E+00
  2.763E-02  3.008E-02  0.000E+00  0.000E+00
  3.008E-02  3.276E-02  0.000E+00  0.000E+00
  3.276E-02  3.567E-02  0.000E+00  0.000E+00
  3.567E-02  3.884E-02  0.000E+00  0.000E+00
  3.884E-02  4.229E-02  0.000E+00  0.000E+00
  4.229E-02  4.605E-02  0.000E+00  0.000E+00
  4.605E-02  5.015E-02  0.000E+00  0.000E+00
  5.015E-02  5.461E-02  0.000E+00  0.000E+00
  5.461E-02  5.946E-02  0.000E+00  0.000E+00
  5.946E-02  6.475E-02  0.000E+00  0.000E+00
  6.475E-02  7.050E-02  0.000E+00  0.000E+00
  7.050E-02  7.677E-02  0.000E+00  0.000E+00
  7.677E-02  8.360E-02  0.000E+00  0.000E+00
  8.360E-02  9.103E-02  0.000E+00  0.000E+00
  9.103E-02  9.912E-02  0.000E+00  0.000E+00
  9.912E-02  1.079E-01  0.000E+00  0.000E+00
  1.079E-01  1.175E-01  0.000E+00  0.000E+00
  1.175E-01  1.280E-01  0.000E+00  0.000E+00
  1.280E-01  1.394E-01  0.000E+00  0.000E+00
  1.394E-01  1.517E-01  0.000E+00  0.000E+00
  1.517E-01  1.652E-01  0.000E+00  0.000E+00
  1.652E-01  1.799E-01  0.000E+00  0.000E+00
  1.799E-01  1.959E-01  0.000E+00  0.000E+00
  1.959E-01  2.133E-01  0.000E+00  0.000E+00
  2.133E-01  2.323E-01  0.000E+00  0.000E+00
  2.323E-01  2.530E-01  0.000E+00  0.000E+00
  2.530E-01  2.754E-01  0.000E+00  0.000E+00
  2.754E-01  2.999E-01  0.000E+00  0.000E+00
  2.999E-01  3.266E-01  0.000E+00  0.000E+00
  3.266E-01  3.556E-01  0.000E+00  0.000E+00
  3.556E-01  3.873E-01  0.000E+00  0.000E+00
  3.873E-01  4.217E-01  0.000E+00  0.000E+00
  4.217E-01  4.592E-01  0.000E+00  0.000E+00
  4.592E-01  5.000E-01  0.000E+00  0.000E+00


 # double differential distributions
 # number of solid angle intervals           1
 # Block n:            1     0.00000000      :   6.28318548    
  1.000E-04  1.089E-04  7.835E-04  3.836E+00  0.000E+00  6.283E+00
  1.089E-04  1.186E-04  8.257E-04  3.405E+00  0.000E+00  6.283E+00
  1.186E-04  1.291E-04  7.815E-04  1.843E+00  0.000E+00  6.283E+00
  1.291E-04  1.406E-04  7.217E-04  1.044E+00  0.000E+00  6.283E+00
  1.406E-04  1.531E-04  6.661E-04  1.374E+00  0.000E+00  6.283E+00
  1.531E-04  1.667E-04  7.291E-04  1.945E+00  0.000E+00  6.283E+00
  1.667E-04  1.815E-04  8.388E-04  2.218E+00  0.000E+00  6.283E+00
  1.815E-04  1.977E-04  7.119E-04  2.929E+00  0.000E+00  6.283E+00
  1.977E-04  2.152E-04  6.301E-04  3.335E+00  0.000E+00  6.283E+00
  2.152E-04  2.344E-04  5.223E-04  2.468E+00  0.000E+00  6.283E+00
  2.344E-04  2.552E-04  4.901E-04  2.047E+00  0.000E+00  6.283E+00
  2.552E-04  2.779E-04  4.342E-04  2.736E+00  0.000E+00  6.283E+00
  2.779E-04  3.026E-04  4.218E-04  1.593E+00  0.000E+00  6.283E+00
  3.026E-04  3.295E-04  4.055E-04  3.634E+00  0.000E+00  6.283E+00
  3.295E-04  3.588E-04  3.905E-04  2.034E+00  0.000E+00  6.283E+00
  3.588E-04  3.907E-04  3.889E-04  1.857E+00  0.000E+00  6.283E+00
  3.907E-04  4.254E-04  4.018E-04  2.092E+00  0.000E+00  6.283E+00
  4.254E-04  4.632E-04  4.176E-04  1.946E+00  0.000E+00  6.283E+00
  4.632E-04  5.044E-04  3.005E-03  1.161E+00  0.000E+00  6.283E+00
  5.044E-04  5.493E-04  8.369E-05  2.062E+00  0.000E+00  6.283E+00
  5.493E-04  5.981E-04  3.482E-05  9.052E+00  0.000E+00  6.283E+00
  5.981E-04  6.513E-04  3.452E-05  1.821E+00  0.000E+00  6.283E+00
  6.513E-04  7.092E-04  3.610E-05  8.734E+00  0.000E+00  6.283E+00
  7.092E-04  7.722E-04  8.088E-05  8.370E-01  0.000E+00  6.283E+00
  7.722E-04  8.409E-04  2.079E-05  6.084E+00  0.000E+00  6.283E+00
  8.409E-04  9.157E-04  2.345E-05  8.170E+00  0.000E+00  6.283E+00
  9.157E-04  9.971E-04  4.441E-05  2.362E+00  0.000E+00  6.283E+00
  9.971E-04  1.086E-03  3.327E-05  4.832E+00  0.000E+00  6.283E+00
  1.086E-03  1.182E-03  1.475E-05  6.525E+00  0.000E+00  6.283E+00
  1.182E-03  1.287E-03  1.551E-05  9.589E+00  0.000E+00  6.283E+00
  1.287E-03  1.402E-03  2.113E-05  8.190E+00  0.000E+00  6.283E+00
  1.402E-03  1.526E-03  2.402E-05  2.152E+00  0.000E+00  6.283E+00
  1.526E-03  1.662E-03  1.405E-05  6.688E+00  0.000E+00  6.283E+00
  1.662E-03  1.810E-03  1.708E-05  4.225E+00  0.000E+00  6.283E+00
  1.810E-03  1.971E-03  1.211E-05  1.183E+01  0.000E+00  6.283E+00
  1.971E-03  2.146E-03  6.186E-05  2.628E+00  0.000E+00  6.283E+00
  2.146E-03  2.337E-03  6.072E-05  3.254E+00  0.000E+00  6.283E+00
  2.337E-03  2.545E-03  1.068E-05  5.833E+00  0.000E+00  6.283E+00
  2.545E-03  2.771E-03  1.094E-05  5.853E+00  0.000E+00  6.283E+00
  2.771E-03  3.017E-03  2.037E-05  4.299E+00  0.000E+00  6.283E+00
  3.017E-03  3.285E-03  7.831E-06  5.728E+00  0.000E+00  6.283E+00
  3.285E-03  3.577E-03  2.054E-05  2.869E+00  0.000E+00  6.283E+00
  3.577E-03  3.895E-03  7.365E-06  4.044E+00  0.000E+00  6.283E+00
  3.895E-03  4.242E-03  4.954E-06  7.485E+00  0.000E+00  6.283E+00
  4.242E-03  4.619E-03  1.484E-04  1.202E+00  0.000E+00  6.283E+00
  4.619E-03  5.030E-03  1.630E-05  2.541E+00  0.000E+00  6.283E+00
  5.030E-03  5.477E-03  7.536E-06  4.804E+00  0.000E+00  6.283E+00
  5.477E-03  5.964E-03  4.956E-06  4.313E+00  0.000E+00  6.283E+00
  5.964E-03  6.494E-03  5.647E-06  7.867E+00  0.000E+00  6.283E+00
  6.494E-03  7.071E-03  1.524E-05  3.502E+00  0.000E+00  6.283E+00
  7.071E-03  7.700E-03  6.430E-06  5.287E+00  0.000E+00  6.283E+00
  7.700E-03  8.384E-03  2.981E-06  7.121E+00  0.000E+00  6.283E+00
  8.384E-03  9.130E-03  6.049E-06  6.060E+00  0.000E+00  6.283E+00
  9.130E-03  9.941E-03  2.269E-06  8.040E+00  0.000E+00  6.283E+00
  9.941E-03  1.083E-02  4.311E-08  1.493E+01  0.000E+00  6.283E+00
  1.083E-02  1.179E-02  2.429E-08  3.432E+01  0.000E+00  6.283E+00
  1.179E-02  1.284E-02  7.179E-09  6.184E+01  0.000E+00  6.283E+00
  1.284E-02  1.398E-02  7.611E-09  9.900E+01  0.000E+00  6.283E+00
  1.398E-02  1.522E-02  1.233E-07  1.900E+01  0.000E+00  6.283E+00
  1.522E-02  1.657E-02  3.858E-08  1.855E+01  0.000E+00  6.283E+00
  1.657E-02  1.805E-02  0.000E+00  0.000E+00  0.000E+00  6.283E+00
  1.805E-02  1.965E-02  9.228E-09  9.900E+01  0.000E+00  6.283E+00
  1.965E-02  2.140E-02  0.000E+00  0.000E+00  0.000E+00  6.283E+00
  2.140E-02  2.330E-02  0.000E+00  0.000E+00  0.000E+00  6.283E+00
  2.330E-02  2.537E-02  0.000E+00  0.000E+00  0.000E+00  6.283E+00
  2.537E-02  2.763E-02  0.000E+00  0.000E+00  0.000E+00  6.283E+00
  2.763E-02  3.008E-02  0.000E+00  0.000E+00  0.000E+00  6.283E+00
  3.008E-02  3.276E-02  0.000E+00  0.000E+00  0.000E+00  6.283E+00
  3.276E-02  3.567E-02  0.000E+00  0.000E+00  0.000E+00  6.283E+00
  3.567E-02  3.884E-02  0.000E+00  0.000E+00  0.000E+00  6.283E+00
  3.884E-02  4.229E-02  0.000E+00  0.000E+00  0.000E+00  6.283E+00
  4.229E-02  4.605E-02  0.000E+00  0.000E+00  0.000E+00  6.283E+00
  4.605E-02  5.015E-02  0.000E+00  0.000E+00  0.000E+00  6.283E+00
  5.015E-02  5.461E-02  0.000E+00  0.000E+00  0.000E+00  6.283E+00
  5.461E-02  5.946E-02  0.000E+00  0.000E+00  0.000E+00  6.283E+00
  5.946E-02  6.475E-02  0.000E+00  0.000E+00  0.000E+00  6.283E+00
  6.475E-02  7.050E-02  0.000E+00  0.000E+00  0.000E+00  6.283E+00
  7.050E-02  7.677E-02  0.000E+00  0.000E+00  0.000E+00  6.283E+00
  7.677E-02  8.360E-02  0.000E+00  0.000E+00  0.000E+00  6.283E+00
  8.360E-02  9.103E-02  0.000E+00  0.000E+00  0.000E+00  6.283E+00
  9.103E-02  9.912E-02  0.000E+00  0.000E+00  0.000E+00  6.283E+00
  9.912E-02  1.079E-01  0.000E+00  0.000E+00  0.000E+00  6.283E+00
  1.079E-01  1.175E-01  0.000E+00  0.000E+00  0.000E+00  6.283E+00
  1.175E-01  1.280E-01  0.000E+00  0.000E+00  0.000E+00  6.283E+00
  1.280E-01  1.394E-01  0.000E+00  0.000E+00  0.000E+00  6.283E+00
  1.394E-01  1.517E-01  0.000E+00  0.000E+00  0.000E+00  6.283E+00
  1.517E-01  1.652E-01  0.000E+00  0.000E+00  0.000E+00  6.283E+00
  1.652E-01  1.799E-01  0.000E+00  0.000E+00  0.000E+00  6.283E+00
  1.799E-01  1.959E-01  0.000E+00  0.000E+00  0.000E+00  6.283E+00
  1.959E-01  2.133E-01  0.000E+00  0.000E+00  0.000E+00  6.283E+00
  2.133E-01  2.323E-01  0.000E+00  0.000E+00  0.000E+00  6.283E+00
  2.323E-01  2.530E-01  0.000E+00  0.000E+00  0.000E+00  6.283E+00
  2.530E-01  2.754E-01  0.000E+00  0.000E+00  0.000E+00  6.283E+00
  2.754E-01  2.999E-01  0.000E+00  0.000E+00  0.000E+00  6.283E+00
  2.999E-01  3.266E-01  0.000E+00  0.000E+00  0.000E+00  6.283E+00
  3.266E-01  3.556E-01  0.000E+00  0.000E+00  0.000E+00  6.283E+00
  3.556E-01  3.873E-01  0.000E+00  0.000E+00  0.000E+00  6.283E+00
  3.873E-01  4.217E-01  0.000E+00  0.000E+00  0.000E+00  6.283E+00
  4.217E-01  4.592E-01  0.000E+00  0.000E+00  0.000E+00  6.283E+00
  4.592E-01  5.000E-01  0.000E+00  0.000E+00  0.000E+00  6.283E+00
  5.000E-01  5.000E-01  0.000E+00  0.000E+00  0.000E+00  6.283E+00

  1.000E-04  1.000E-04  0.000E+00  0.000E+00  6.283E+00  6.283E+00
  1.089E-04  1.089E-04  0.000E+00  0.000E+00  6.283E+00  6.283E+00
  1.186E-04  1.186E-04  0.000E+00  0.000E+00  6.283E+00  6.283E+00
  1.291E-04  1.291E-04  0.000E+00  0.000E+00  6.283E+00  6.283E+00
  1.406E-04  1.406E-04  0.000E+00  0.000E+00  6.283E+00  6.283E+00
  1.531E-04  1.531E-04  0.000E+00  0.000E+00  6.283E+00  6.283E+00
  1.667E-04  1.667E-04  0.000E+00  0.000E+00  6.283E+00  6.283E+00
  1.815E-04  1.815E-04  0.000E+00  0.000E+00  6.283E+00  6.283E+00
  1.977E-04  1.977E-04  0.000E+00  0.000E+00  6.283E+00  6.283E+00
  2.152E-04  2.152E-04  0.000E+00  0.000E+00  6.283E+00  6.283E+00
  2.344E-04  2.344E-04  0.000E+00  0.000E+00  6.283E+00  6.283E+00
  2.552E-04  2.552E-04  0.000E+00  0.000E+00  6.283E+00  6.283E+00
  2.779E-04  2.779E-04  0.000E+00  0.000E+00  6.283E+00  6.283E+00
  3.026E-04  3.026E-04  0.000E+00  0.000E+00  6.283E+00  6.283E+00
  3.295E-04  3.295E-04  0.000E+00  0.000E+00  6.283E+00  6.283E+00
  3.588E-04  3.588E-04  0.000E+00  0.000E+00  6.283E+00  6.283E+00
  3.907E-04  3.907E-04  0.000E+00  0.000E+00  6.283E+00  6.283E+00
  4.254E-04  4.254E-04  0.000E+00  0.000E+00  6.283E+00  6.283E+00
  4.632E-04  4.632E-04  0.000E+00  0.000E+00  6.283E+00  6.283E+00
  5.044E-04  5.044E-04  0.000E+00  0.000E+00  6.283E+00  6.283E+00
  5.493E-04  5.493E-04  0.000E+00  0.000E+00  6.283E+00  6.283E+00
  5.981E-04  5.981E-04  0.000E+00  0.000E+00  6.283E+00  6.283E+00
  6.513E-04  6.513E-04  0.000E+00  0.000E+00  6.283E+00  6.283E+00
  7.092E-04  7.092E-04  0.000E+00  0.000E+00  6.283E+00  6.283E+00
  7.722E-04  7.722E-04  0.000E+00  0.000E+00  6.283E+00  6.283E+00
  8.409E-04  8.409E-04  0.000E+00  0.000E+00  6.283E+00  6.283E+00
  9.157E-04  9.157E-04  0.000E+00  0.000E+00  6.283E+00  6.283E+00
  9.971E-04  9.971E-04  0.000E+00  0.000E+00  6.283E+00  6.283E+00
  1.086E-03  1.086E-03  0.000E+00  0.000E+00  6.283E+00  6.283E+00
  1.182E-03  1.182E-03  0.000E+00  0.000E+00  6.283E+00  6.283E+00
  1.287E-03  1.287E-03  0.000E+00  0.000E+00  6.283E+00  6.283E+00
  1.402E-03  1.402E-03  0.000E+00  0.000E+00  6.283E+00  6.283E+00
  1.526E-03  1.526E-03  0.000E+00  0.000E+00  6.283E+00  6.283E+00
  1.662E-03  1.662E-03  0.000E+00  0.000E+00  6.283E+00  6.283E+00
  1.810E-03  1.810E-03  0.000E+00  0.000E+00  6.283E+00  6.283E+00
  1.971E-03  1.971E-03  0.000E+00  0.000E+00  6.283E+00  6.283E+00
  2.146E-03  2.146E-03  0.000E+00  0.000E+00  6.283E+00  6.283E+00
  2.337E-03  2.337E-03  0.000E+00  0.000E+00  6.283E+00  6.283E+00
  2.545E-03  2.545E-03  0.000E+00  0.000E+00  6.283E+00  6.283E+00
  2.771E-03  2.771E-03  0.000E+00  0.000E+00  6.283E+00  6.283E+00
  3.017E-03  3.017E-03  0.000E+00  0.000E+00  6.283E+00  6.283E+00
  3.285E-03  3.285E-03  0.000E+00  0.000E+00  6.283E+00  6.283E+00
  3.577E-03  3.577E-03  0.000E+00  0.000E+00  6.283E+00  6.283E+00
  3.895E-03  3.895E-03  0.000E+00  0.000E+00  6.283E+00  6.283E+00
  4.242E-03  4.242E-03  0.000E+00  0.000E+00  6.283E+00  6.283E+00
  4.619E-03  4.619E-03  0.000E+00  0.000E+00  6.283E+00  6.283E+00
  5.030E-03  5.030E-03  0.000E+00  0.000E+00  6.283E+00  6.283E+00
  5.477E-03  5.477E-03  0.000E+00  0.000E+00  6.283E+00  6.283E+00
  5.964E-03  5.964E-03  0.000E+00  0.000E+00  6.283E+00  6.283E+00
  6.494E-03  6.494E-03  0.000E+00  0.000E+00  6.283E+00  6.283E+00
  7.071E-03  7.071E-03  0.000E+00  0.000E+00  6.283E+00  6.283E+00
  7.700E-03  7.700E-03  0.000E+00  0.000E+00  6.283E+00  6.283E+00
  8.384E-03  8.384E-03  0.000E+00  0.000E+00  6.283E+00  6.283E+00
  9.130E-03  9.130E-03  0.000E+00  0.000E+00  6.283E+00  6.283E+00
  9.941E-03  9.941E-03  0.000E+00  0.000E+00  6.283E+00  6.283E+00
  1.083E-02  1.083E-02  0.000E+00  0.000E+00  6.283E+00  6.283E+00
  1.179E-02  1.179E-02  0.000E+00  0.000E+00  6.283E+00  6.283E+00
  1.284E-02  1.284E-02  0.000E+00  0.000E+00  6.283E+00  6.283E+00
  1.398E-02  1.398E-02  0.000E+00  0.000E+00  6.283E+00  6.283E+00
  1.522E-02  1.522E-02  0.000E+00  0.000E+00  6.283E+00  6.283E+00
  1.657E-02  1.657E-02  0.000E+00  0.000E+00  6.283E+00  6.283E+00
  1.805E-02  1.805E-02  0.000E+00  0.000E+00  6.283E+00  6.283E+00
  1.965E-02  1.965E-02  0.000E+00  0.000E+00  6.283E+00  6.283E+00
  2.140E-02  2.140E-02  0.000E+00  0.000E+00  6.283E+00  6.283E+00
  2.330E-02  2.330E-02  0.000E+00  0.000E+00  6.283E+00  6.283E+00
  2.537E-02  2.537E-02  0.000E+00  0.000E+00  6.283E+00  6.283E+00
  2.763E-02  2.763E-02  0.000E+00  0.000E+00  6.283E+00  6.283E+00
  3.008E-02  3.008E-02  0.000E+00  0.000E+00  6.283E+00  6.283E+00
  3.276E-02  3.276E-02  0.000E+00  0.000E+00  6.283E+00  6.283E+00
  3.567E-02  3.567E-02  0.000E+00  0.000E+00  6.283E+00  6.283E+00
  3.884E-02  3.884E-02  0.000E+00  0.000E+00  6.283E+00  6.283E+00
  4.229E-02  4.229E-02  0.000E+00  0.000E+00  6.283E+00  6.283E+00
  4.605E-02  4.605E-02  0.000E+00  0.000E+00  6.283E+00  6.283E+00
  5.015E-02  5.015E-02  0.000E+00  0.000E+00  6.283E+00  6.283E+00
  5.461E-02  5.461E-02  0.000E+00  0.000E+00  6.283E+00  6.283E+00
  5.946E-02  5.946E-02  0.000E+00  0.000E+00  6.283E+00  6.283E+00
  6.475E-02  6.475E-02  0.000E+00  0.000E+00  6.283E+00  6.283E+00
  7.050E-02  7.050E-02  0.000E+00  0.000E+00  6.283E+00  6.283E+00
  7.677E-02  7.677E-02  0.000E+00  0.000E+00  6.283E+00  6.283E+00
  8.360E-02  8.360E-02  0.000E+00  0.000E+00  6.283E+00  6.283E+00
  9.103E-02  9.103E-02  0.000E+00  0.000E+00  6.283E+00  6.283E+00
  9.912E-02  9.912E-02  0.000E+00  0.000E+00  6.283E+00  6.283E+00
  1.079E-01  1.079E-01  0.000E+00  0.000E+00  6.283E+00  6.283E+00
  1.175E-01  1.175E-01  0.000E+00  0.000E+00  6.283E+00  6.283E+00
  1.280E-01  1.280E-01  0.000E+00  0.000E+00  6.283E+00  6.283E+00
  1.394E-01  1.394E-01  0.000E+00  0.000E+00  6.283E+00  6.283E+00
  1.517E-01  1.517E-01  0.000E+00  0.000E+00  6.283E+00  6.283E+00
  1.652E-01  1.652E-01  0.000E+00  0.000E+00  6.283E+00  6.283E+00
  1.799E-01  1.799E-01  0.000E+00  0.000E+00  6.283E+00  6.283E+00
  1.959E-01  1.959E-01  0.000E+00  0.000E+00  6.283E+00  6.283E+00
  2.133E-01  2.133E-01  0.000E+00  0.000E+00  6.283E+00  6.283E+00
  2.323E-01  2.323E-01  0.000E+00  0.000E+00  6.283E+00  6.283E+00
  2.530E-01  2.530E-01  0.000E+00  0.000E+00  6.283E+00  6.283E+00
  2.754E-01  2.754E-01  0.000E+00  0.000E+00  6.283E+00  6.283E+00
  2.999E-01  2.999E-01  0.000E+00  0.000E+00  6.283E+00  6.283E+00
  3.266E-01  3.266E-01  0.000E+00  0.000E+00  6.283E+00  6.283E+00
  3.556E-01  3.556E-01  0.000E+00  0.000E+00  6.283E+00  6.283E+00
  3.873E-01  3.873E-01  0.000E+00  0.000E+00  6.283E+00  6.283E+00
  4.217E-01  4.217E-01  0.000E+00  0.000E+00  6.283E+00  6.283E+00
  4.592E-01  4.592E-01  0.000E+00  0.000E+00  6.283E+00  6.283E+00
  5.000E-01  5.000E-01  0.000E+00  0.000E+00  6.283E+00  6.283E+00
