 # Detector n:            1   BdxPhot   (integrated over solid angle)
 # N. of energy intervals         100
  1.000E-04  1.089E-04  3.347E-03  3.120E+00
  1.089E-04  1.186E-04  2.965E-03  3.339E+00
  1.186E-04  1.291E-04  2.991E-03  2.581E+00
  1.291E-04  1.406E-04  2.904E-03  2.483E+00
  1.406E-04  1.531E-04  2.668E-03  4.279E+00
  1.531E-04  1.667E-04  2.591E-03  5.623E+00
  1.667E-04  1.815E-04  2.987E-03  4.196E+00
  1.815E-04  1.977E-04  2.415E-03  2.463E+00
  1.977E-04  2.152E-04  2.285E-03  4.067E+00
  2.152E-04  2.344E-04  1.911E-03  1.945E+00
  2.344E-04  2.552E-04  1.775E-03  4.988E+00
  2.552E-04  2.779E-04  1.618E-03  6.684E+00
  2.779E-04  3.026E-04  1.646E-03  4.960E+00
  3.026E-04  3.295E-04  1.421E-03  6.189E+00
  3.295E-04  3.588E-04  1.233E-03  1.754E+00
  3.588E-04  3.907E-04  1.330E-03  3.508E+00
  3.907E-04  4.254E-04  1.467E-03  3.824E+00
  4.254E-04  4.632E-04  1.587E-03  3.176E+00
  4.632E-04  5.044E-04  7.627E-03  1.766E+00
  5.044E-04  5.493E-04  8.948E-04  3.795E+00
  5.493E-04  5.981E-04  2.122E-04  2.258E+00
  5.981E-04  6.513E-04  2.224E-04  4.231E+00
  6.513E-04  7.092E-04  3.006E-04  4.585E+00
  7.092E-04  7.722E-04  5.874E-04  5.578E+00
  7.722E-04  8.409E-04  1.280E-04  5.925E+00
  8.409E-04  9.157E-04  1.282E-04  6.282E+00
  9.157E-04  9.971E-04  1.689E-04  6.836E+00
  9.971E-04  1.086E-03  2.054E-04  4.723E+00
  1.086E-03  1.182E-03  1.035E-04  8.006E+00
  1.182E-03  1.287E-03  8.467E-05  9.471E+00
  1.287E-03  1.402E-03  1.300E-04  6.502E+00
  1.402E-03  1.526E-03  1.418E-04  4.365E+00
  1.526E-03  1.662E-03  7.196E-05  7.770E+00
  1.662E-03  1.810E-03  6.960E-05  3.824E+00
  1.810E-03  1.971E-03  6.464E-05  4.803E+00
  1.971E-03  2.146E-03  1.831E-04  2.983E+00
  2.146E-03  2.337E-03  2.381E-04  2.137E+01
  2.337E-03  2.545E-03  4.102E-05  9.149E+00
  2.545E-03  2.771E-03  6.191E-05  8.127E+00
  2.771E-03  3.017E-03  9.691E-05  8.165E+00
  3.017E-03  3.285E-03  4.908E-05  1.887E+01
  3.285E-03  3.577E-03  9.269E-05  4.069E+00
  3.577E-03  3.895E-03  3.588E-05  5.783E+00
  3.895E-03  4.242E-03  3.032E-05  5.197E+00
  4.242E-03  4.619E-03  2.603E-04  2.632E+00
  4.619E-03  5.030E-03  4.066E-05  4.437E+00
  5.030E-03  5.477E-03  2.315E-05  4.201E+00
  5.477E-03  5.964E-03  2.848E-05  1.273E+01
  5.964E-03  6.494E-03  2.731E-05  7.915E+00
  6.494E-03  7.071E-03  3.447E-05  1.352E+01
  7.071E-03  7.700E-03  2.048E-05  7.766E+00
  7.700E-03  8.384E-03  1.432E-05  7.152E+00
  8.384E-03  9.130E-03  1.721E-05  6.944E+00
  9.130E-03  9.941E-03  8.508E-06  6.086E+00
  9.941E-03  1.083E-02  6.948E-06  2.139E+01
  1.083E-02  1.179E-02  5.690E-06  9.571E+00
  1.179E-02  1.284E-02  4.588E-06  1.809E+01
  1.284E-02  1.398E-02  4.736E-06  2.421E+01
  1.398E-02  1.522E-02  3.813E-06  1.331E+01
  1.522E-02  1.657E-02  3.877E-06  1.497E+01
  1.657E-02  1.805E-02  3.041E-06  1.219E+01
  1.805E-02  1.965E-02  2.186E-06  1.487E+01
  1.965E-02  2.140E-02  2.707E-06  2.788E+01
  2.140E-02  2.330E-02  2.907E-06  1.018E+01
  2.330E-02  2.537E-02  2.556E-06  9.342E+00
  2.537E-02  2.763E-02  3.063E-06  3.472E+00
  2.763E-02  3.008E-02  4.525E-06  1.701E+01
  3.008E-02  3.276E-02  4.065E-06  6.697E+00
  3.276E-02  3.567E-02  4.172E-06  1.280E+01
  3.567E-02  3.884E-02  3.764E-06  6.870E+00
  3.884E-02  4.229E-02  3.793E-06  3.014E+00
  4.229E-02  4.605E-02  4.857E-06  1.736E+01
  4.605E-02  5.015E-02  4.065E-06  4.264E+00
  5.015E-02  5.461E-02  4.585E-06  1.236E+01
  5.461E-02  5.946E-02  5.347E-06  7.646E+00
  5.946E-02  6.475E-02  5.888E-06  6.074E+00
  6.475E-02  7.050E-02  5.981E-06  7.200E+00
  7.050E-02  7.677E-02  5.896E-06  3.549E+00
  7.677E-02  8.360E-02  5.389E-06  6.722E+00
  8.360E-02  9.103E-02  3.756E-06  5.811E+00
  9.103E-02  9.912E-02  3.511E-06  6.344E+00
  9.912E-02  1.079E-01  3.345E-06  3.080E+00
  1.079E-01  1.175E-01  3.203E-06  8.709E+00
  1.175E-01  1.280E-01  3.051E-06  7.961E+00
  1.280E-01  1.394E-01  3.921E-06  3.911E+00
  1.394E-01  1.517E-01  2.310E-06  4.177E+00
  1.517E-01  1.652E-01  2.312E-06  4.149E+00
  1.652E-01  1.799E-01  1.750E-06  2.260E+00
  1.799E-01  1.959E-01  1.286E-06  3.972E+00
  1.959E-01  2.133E-01  1.061E-06  2.317E+00
  2.133E-01  2.323E-01  7.559E-07  6.066E+00
  2.323E-01  2.530E-01  5.719E-07  2.958E+00
  2.530E-01  2.754E-01  3.970E-07  5.261E+00
  2.754E-01  2.999E-01  2.689E-07  4.790E+00
  2.999E-01  3.266E-01  1.642E-07  5.178E+00
  3.266E-01  3.556E-01  6.053E-08  1.821E+01
  3.556E-01  3.873E-01  1.665E-08  9.185E+00
  3.873E-01  4.217E-01  3.622E-09  2.750E+01
  4.217E-01  4.592E-01  0.000E+00  0.000E+00
  4.592E-01  5.000E-01  0.000E+00  0.000E+00


 # double differential distributions
 # number of solid angle intervals           1
 # Block n:            1     0.00000000      :   6.28318548    
  1.000E-04  1.089E-04  5.327E-04  3.120E+00  0.000E+00  6.283E+00
  1.089E-04  1.186E-04  4.719E-04  3.339E+00  0.000E+00  6.283E+00
  1.186E-04  1.291E-04  4.761E-04  2.581E+00  0.000E+00  6.283E+00
  1.291E-04  1.406E-04  4.621E-04  2.483E+00  0.000E+00  6.283E+00
  1.406E-04  1.531E-04  4.247E-04  4.279E+00  0.000E+00  6.283E+00
  1.531E-04  1.667E-04  4.123E-04  5.623E+00  0.000E+00  6.283E+00
  1.667E-04  1.815E-04  4.754E-04  4.196E+00  0.000E+00  6.283E+00
  1.815E-04  1.977E-04  3.844E-04  2.463E+00  0.000E+00  6.283E+00
  1.977E-04  2.152E-04  3.636E-04  4.067E+00  0.000E+00  6.283E+00
  2.152E-04  2.344E-04  3.042E-04  1.945E+00  0.000E+00  6.283E+00
  2.344E-04  2.552E-04  2.824E-04  4.988E+00  0.000E+00  6.283E+00
  2.552E-04  2.779E-04  2.575E-04  6.684E+00  0.000E+00  6.283E+00
  2.779E-04  3.026E-04  2.620E-04  4.960E+00  0.000E+00  6.283E+00
  3.026E-04  3.295E-04  2.261E-04  6.189E+00  0.000E+00  6.283E+00
  3.295E-04  3.588E-04  1.963E-04  1.754E+00  0.000E+00  6.283E+00
  3.588E-04  3.907E-04  2.117E-04  3.508E+00  0.000E+00  6.283E+00
  3.907E-04  4.254E-04  2.335E-04  3.824E+00  0.000E+00  6.283E+00
  4.254E-04  4.632E-04  2.526E-04  3.176E+00  0.000E+00  6.283E+00
  4.632E-04  5.044E-04  1.214E-03  1.766E+00  0.000E+00  6.283E+00
  5.044E-04  5.493E-04  1.424E-04  3.795E+00  0.000E+00  6.283E+00
  5.493E-04  5.981E-04  3.378E-05  2.258E+00  0.000E+00  6.283E+00
  5.981E-04  6.513E-04  3.539E-05  4.231E+00  0.000E+00  6.283E+00
  6.513E-04  7.092E-04  4.785E-05  4.585E+00  0.000E+00  6.283E+00
  7.092E-04  7.722E-04  9.349E-05  5.578E+00  0.000E+00  6.283E+00
  7.722E-04  8.409E-04  2.038E-05  5.925E+00  0.000E+00  6.283E+00
  8.409E-04  9.157E-04  2.040E-05  6.282E+00  0.000E+00  6.283E+00
  9.157E-04  9.971E-04  2.687E-05  6.836E+00  0.000E+00  6.283E+00
  9.971E-04  1.086E-03  3.270E-05  4.723E+00  0.000E+00  6.283E+00
  1.086E-03  1.182E-03  1.647E-05  8.006E+00  0.000E+00  6.283E+00
  1.182E-03  1.287E-03  1.347E-05  9.471E+00  0.000E+00  6.283E+00
  1.287E-03  1.402E-03  2.069E-05  6.502E+00  0.000E+00  6.283E+00
  1.402E-03  1.526E-03  2.256E-05  4.365E+00  0.000E+00  6.283E+00
  1.526E-03  1.662E-03  1.145E-05  7.770E+00  0.000E+00  6.283E+00
  1.662E-03  1.810E-03  1.108E-05  3.824E+00  0.000E+00  6.283E+00
  1.810E-03  1.971E-03  1.029E-05  4.803E+00  0.000E+00  6.283E+00
  1.971E-03  2.146E-03  2.914E-05  2.983E+00  0.000E+00  6.283E+00
  2.146E-03  2.337E-03  3.789E-05  2.137E+01  0.000E+00  6.283E+00
  2.337E-03  2.545E-03  6.529E-06  9.149E+00  0.000E+00  6.283E+00
  2.545E-03  2.771E-03  9.853E-06  8.127E+00  0.000E+00  6.283E+00
  2.771E-03  3.017E-03  1.542E-05  8.165E+00  0.000E+00  6.283E+00
  3.017E-03  3.285E-03  7.811E-06  1.887E+01  0.000E+00  6.283E+00
  3.285E-03  3.577E-03  1.475E-05  4.069E+00  0.000E+00  6.283E+00
  3.577E-03  3.895E-03  5.710E-06  5.783E+00  0.000E+00  6.283E+00
  3.895E-03  4.242E-03  4.826E-06  5.197E+00  0.000E+00  6.283E+00
  4.242E-03  4.619E-03  4.143E-05  2.632E+00  0.000E+00  6.283E+00
  4.619E-03  5.030E-03  6.472E-06  4.437E+00  0.000E+00  6.283E+00
  5.030E-03  5.477E-03  3.685E-06  4.201E+00  0.000E+00  6.283E+00
  5.477E-03  5.964E-03  4.533E-06  1.273E+01  0.000E+00  6.283E+00
  5.964E-03  6.494E-03  4.347E-06  7.915E+00  0.000E+00  6.283E+00
  6.494E-03  7.071E-03  5.486E-06  1.352E+01  0.000E+00  6.283E+00
  7.071E-03  7.700E-03  3.260E-06  7.766E+00  0.000E+00  6.283E+00
  7.700E-03  8.384E-03  2.279E-06  7.152E+00  0.000E+00  6.283E+00
  8.384E-03  9.130E-03  2.739E-06  6.944E+00  0.000E+00  6.283E+00
  9.130E-03  9.941E-03  1.354E-06  6.086E+00  0.000E+00  6.283E+00
  9.941E-03  1.083E-02  1.106E-06  2.139E+01  0.000E+00  6.283E+00
  1.083E-02  1.179E-02  9.055E-07  9.571E+00  0.000E+00  6.283E+00
  1.179E-02  1.284E-02  7.301E-07  1.809E+01  0.000E+00  6.283E+00
  1.284E-02  1.398E-02  7.538E-07  2.421E+01  0.000E+00  6.283E+00
  1.398E-02  1.522E-02  6.069E-07  1.331E+01  0.000E+00  6.283E+00
  1.522E-02  1.657E-02  6.170E-07  1.497E+01  0.000E+00  6.283E+00
  1.657E-02  1.805E-02  4.840E-07  1.219E+01  0.000E+00  6.283E+00
  1.805E-02  1.965E-02  3.480E-07  1.487E+01  0.000E+00  6.283E+00
  1.965E-02  2.140E-02  4.308E-07  2.788E+01  0.000E+00  6.283E+00
  2.140E-02  2.330E-02  4.627E-07  1.018E+01  0.000E+00  6.283E+00
  2.330E-02  2.537E-02  4.068E-07  9.342E+00  0.000E+00  6.283E+00
  2.537E-02  2.763E-02  4.876E-07  3.472E+00  0.000E+00  6.283E+00
  2.763E-02  3.008E-02  7.202E-07  1.701E+01  0.000E+00  6.283E+00
  3.008E-02  3.276E-02  6.469E-07  6.697E+00  0.000E+00  6.283E+00
  3.276E-02  3.567E-02  6.641E-07  1.280E+01  0.000E+00  6.283E+00
  3.567E-02  3.884E-02  5.990E-07  6.870E+00  0.000E+00  6.283E+00
  3.884E-02  4.229E-02  6.037E-07  3.014E+00  0.000E+00  6.283E+00
  4.229E-02  4.605E-02  7.730E-07  1.736E+01  0.000E+00  6.283E+00
  4.605E-02  5.015E-02  6.470E-07  4.264E+00  0.000E+00  6.283E+00
  5.015E-02  5.461E-02  7.297E-07  1.236E+01  0.000E+00  6.283E+00
  5.461E-02  5.946E-02  8.509E-07  7.646E+00  0.000E+00  6.283E+00
  5.946E-02  6.475E-02  9.371E-07  6.074E+00  0.000E+00  6.283E+00
  6.475E-02  7.050E-02  9.519E-07  7.200E+00  0.000E+00  6.283E+00
  7.050E-02  7.677E-02  9.383E-07  3.549E+00  0.000E+00  6.283E+00
  7.677E-02  8.360E-02  8.576E-07  6.722E+00  0.000E+00  6.283E+00
  8.360E-02  9.103E-02  5.977E-07  5.811E+00  0.000E+00  6.283E+00
  9.103E-02  9.912E-02  5.587E-07  6.344E+00  0.000E+00  6.283E+00
  9.912E-02  1.079E-01  5.323E-07  3.080E+00  0.000E+00  6.283E+00
  1.079E-01  1.175E-01  5.098E-07  8.709E+00  0.000E+00  6.283E+00
  1.175E-01  1.280E-01  4.856E-07  7.961E+00  0.000E+00  6.283E+00
  1.280E-01  1.394E-01  6.241E-07  3.911E+00  0.000E+00  6.283E+00
  1.394E-01  1.517E-01  3.677E-07  4.177E+00  0.000E+00  6.283E+00
  1.517E-01  1.652E-01  3.680E-07  4.149E+00  0.000E+00  6.283E+00
  1.652E-01  1.799E-01  2.786E-07  2.260E+00  0.000E+00  6.283E+00
  1.799E-01  1.959E-01  2.047E-07  3.972E+00  0.000E+00  6.283E+00
  1.959E-01  2.133E-01  1.689E-07  2.317E+00  0.000E+00  6.283E+00
  2.133E-01  2.323E-01  1.203E-07  6.066E+00  0.000E+00  6.283E+00
  2.323E-01  2.530E-01  9.102E-08  2.958E+00  0.000E+00  6.283E+00
  2.530E-01  2.754E-01  6.319E-08  5.261E+00  0.000E+00  6.283E+00
  2.754E-01  2.999E-01  4.280E-08  4.790E+00  0.000E+00  6.283E+00
  2.999E-01  3.266E-01  2.613E-08  5.178E+00  0.000E+00  6.283E+00
  3.266E-01  3.556E-01  9.634E-09  1.821E+01  0.000E+00  6.283E+00
  3.556E-01  3.873E-01  2.650E-09  9.185E+00  0.000E+00  6.283E+00
  3.873E-01  4.217E-01  5.765E-10  2.750E+01  0.000E+00  6.283E+00
  4.217E-01  4.592E-01  0.000E+00  0.000E+00  0.000E+00  6.283E+00
  4.592E-01  5.000E-01  0.000E+00  0.000E+00  0.000E+00  6.283E+00
  5.000E-01  5.000E-01  0.000E+00  0.000E+00  0.000E+00  6.283E+00

  1.000E-04  1.000E-04  0.000E+00  0.000E+00  6.283E+00  6.283E+00
  1.089E-04  1.089E-04  0.000E+00  0.000E+00  6.283E+00  6.283E+00
  1.186E-04  1.186E-04  0.000E+00  0.000E+00  6.283E+00  6.283E+00
  1.291E-04  1.291E-04  0.000E+00  0.000E+00  6.283E+00  6.283E+00
  1.406E-04  1.406E-04  0.000E+00  0.000E+00  6.283E+00  6.283E+00
  1.531E-04  1.531E-04  0.000E+00  0.000E+00  6.283E+00  6.283E+00
  1.667E-04  1.667E-04  0.000E+00  0.000E+00  6.283E+00  6.283E+00
  1.815E-04  1.815E-04  0.000E+00  0.000E+00  6.283E+00  6.283E+00
  1.977E-04  1.977E-04  0.000E+00  0.000E+00  6.283E+00  6.283E+00
  2.152E-04  2.152E-04  0.000E+00  0.000E+00  6.283E+00  6.283E+00
  2.344E-04  2.344E-04  0.000E+00  0.000E+00  6.283E+00  6.283E+00
  2.552E-04  2.552E-04  0.000E+00  0.000E+00  6.283E+00  6.283E+00
  2.779E-04  2.779E-04  0.000E+00  0.000E+00  6.283E+00  6.283E+00
  3.026E-04  3.026E-04  0.000E+00  0.000E+00  6.283E+00  6.283E+00
  3.295E-04  3.295E-04  0.000E+00  0.000E+00  6.283E+00  6.283E+00
  3.588E-04  3.588E-04  0.000E+00  0.000E+00  6.283E+00  6.283E+00
  3.907E-04  3.907E-04  0.000E+00  0.000E+00  6.283E+00  6.283E+00
  4.254E-04  4.254E-04  0.000E+00  0.000E+00  6.283E+00  6.283E+00
  4.632E-04  4.632E-04  0.000E+00  0.000E+00  6.283E+00  6.283E+00
  5.044E-04  5.044E-04  0.000E+00  0.000E+00  6.283E+00  6.283E+00
  5.493E-04  5.493E-04  0.000E+00  0.000E+00  6.283E+00  6.283E+00
  5.981E-04  5.981E-04  0.000E+00  0.000E+00  6.283E+00  6.283E+00
  6.513E-04  6.513E-04  0.000E+00  0.000E+00  6.283E+00  6.283E+00
  7.092E-04  7.092E-04  0.000E+00  0.000E+00  6.283E+00  6.283E+00
  7.722E-04  7.722E-04  0.000E+00  0.000E+00  6.283E+00  6.283E+00
  8.409E-04  8.409E-04  0.000E+00  0.000E+00  6.283E+00  6.283E+00
  9.157E-04  9.157E-04  0.000E+00  0.000E+00  6.283E+00  6.283E+00
  9.971E-04  9.971E-04  0.000E+00  0.000E+00  6.283E+00  6.283E+00
  1.086E-03  1.086E-03  0.000E+00  0.000E+00  6.283E+00  6.283E+00
  1.182E-03  1.182E-03  0.000E+00  0.000E+00  6.283E+00  6.283E+00
  1.287E-03  1.287E-03  0.000E+00  0.000E+00  6.283E+00  6.283E+00
  1.402E-03  1.402E-03  0.000E+00  0.000E+00  6.283E+00  6.283E+00
  1.526E-03  1.526E-03  0.000E+00  0.000E+00  6.283E+00  6.283E+00
  1.662E-03  1.662E-03  0.000E+00  0.000E+00  6.283E+00  6.283E+00
  1.810E-03  1.810E-03  0.000E+00  0.000E+00  6.283E+00  6.283E+00
  1.971E-03  1.971E-03  0.000E+00  0.000E+00  6.283E+00  6.283E+00
  2.146E-03  2.146E-03  0.000E+00  0.000E+00  6.283E+00  6.283E+00
  2.337E-03  2.337E-03  0.000E+00  0.000E+00  6.283E+00  6.283E+00
  2.545E-03  2.545E-03  0.000E+00  0.000E+00  6.283E+00  6.283E+00
  2.771E-03  2.771E-03  0.000E+00  0.000E+00  6.283E+00  6.283E+00
  3.017E-03  3.017E-03  0.000E+00  0.000E+00  6.283E+00  6.283E+00
  3.285E-03  3.285E-03  0.000E+00  0.000E+00  6.283E+00  6.283E+00
  3.577E-03  3.577E-03  0.000E+00  0.000E+00  6.283E+00  6.283E+00
  3.895E-03  3.895E-03  0.000E+00  0.000E+00  6.283E+00  6.283E+00
  4.242E-03  4.242E-03  0.000E+00  0.000E+00  6.283E+00  6.283E+00
  4.619E-03  4.619E-03  0.000E+00  0.000E+00  6.283E+00  6.283E+00
  5.030E-03  5.030E-03  0.000E+00  0.000E+00  6.283E+00  6.283E+00
  5.477E-03  5.477E-03  0.000E+00  0.000E+00  6.283E+00  6.283E+00
  5.964E-03  5.964E-03  0.000E+00  0.000E+00  6.283E+00  6.283E+00
  6.494E-03  6.494E-03  0.000E+00  0.000E+00  6.283E+00  6.283E+00
  7.071E-03  7.071E-03  0.000E+00  0.000E+00  6.283E+00  6.283E+00
  7.700E-03  7.700E-03  0.000E+00  0.000E+00  6.283E+00  6.283E+00
  8.384E-03  8.384E-03  0.000E+00  0.000E+00  6.283E+00  6.283E+00
  9.130E-03  9.130E-03  0.000E+00  0.000E+00  6.283E+00  6.283E+00
  9.941E-03  9.941E-03  0.000E+00  0.000E+00  6.283E+00  6.283E+00
  1.083E-02  1.083E-02  0.000E+00  0.000E+00  6.283E+00  6.283E+00
  1.179E-02  1.179E-02  0.000E+00  0.000E+00  6.283E+00  6.283E+00
  1.284E-02  1.284E-02  0.000E+00  0.000E+00  6.283E+00  6.283E+00
  1.398E-02  1.398E-02  0.000E+00  0.000E+00  6.283E+00  6.283E+00
  1.522E-02  1.522E-02  0.000E+00  0.000E+00  6.283E+00  6.283E+00
  1.657E-02  1.657E-02  0.000E+00  0.000E+00  6.283E+00  6.283E+00
  1.805E-02  1.805E-02  0.000E+00  0.000E+00  6.283E+00  6.283E+00
  1.965E-02  1.965E-02  0.000E+00  0.000E+00  6.283E+00  6.283E+00
  2.140E-02  2.140E-02  0.000E+00  0.000E+00  6.283E+00  6.283E+00
  2.330E-02  2.330E-02  0.000E+00  0.000E+00  6.283E+00  6.283E+00
  2.537E-02  2.537E-02  0.000E+00  0.000E+00  6.283E+00  6.283E+00
  2.763E-02  2.763E-02  0.000E+00  0.000E+00  6.283E+00  6.283E+00
  3.008E-02  3.008E-02  0.000E+00  0.000E+00  6.283E+00  6.283E+00
  3.276E-02  3.276E-02  0.000E+00  0.000E+00  6.283E+00  6.283E+00
  3.567E-02  3.567E-02  0.000E+00  0.000E+00  6.283E+00  6.283E+00
  3.884E-02  3.884E-02  0.000E+00  0.000E+00  6.283E+00  6.283E+00
  4.229E-02  4.229E-02  0.000E+00  0.000E+00  6.283E+00  6.283E+00
  4.605E-02  4.605E-02  0.000E+00  0.000E+00  6.283E+00  6.283E+00
  5.015E-02  5.015E-02  0.000E+00  0.000E+00  6.283E+00  6.283E+00
  5.461E-02  5.461E-02  0.000E+00  0.000E+00  6.283E+00  6.283E+00
  5.946E-02  5.946E-02  0.000E+00  0.000E+00  6.283E+00  6.283E+00
  6.475E-02  6.475E-02  0.000E+00  0.000E+00  6.283E+00  6.283E+00
  7.050E-02  7.050E-02  0.000E+00  0.000E+00  6.283E+00  6.283E+00
  7.677E-02  7.677E-02  0.000E+00  0.000E+00  6.283E+00  6.283E+00
  8.360E-02  8.360E-02  0.000E+00  0.000E+00  6.283E+00  6.283E+00
  9.103E-02  9.103E-02  0.000E+00  0.000E+00  6.283E+00  6.283E+00
  9.912E-02  9.912E-02  0.000E+00  0.000E+00  6.283E+00  6.283E+00
  1.079E-01  1.079E-01  0.000E+00  0.000E+00  6.283E+00  6.283E+00
  1.175E-01  1.175E-01  0.000E+00  0.000E+00  6.283E+00  6.283E+00
  1.280E-01  1.280E-01  0.000E+00  0.000E+00  6.283E+00  6.283E+00
  1.394E-01  1.394E-01  0.000E+00  0.000E+00  6.283E+00  6.283E+00
  1.517E-01  1.517E-01  0.000E+00  0.000E+00  6.283E+00  6.283E+00
  1.652E-01  1.652E-01  0.000E+00  0.000E+00  6.283E+00  6.283E+00
  1.799E-01  1.799E-01  0.000E+00  0.000E+00  6.283E+00  6.283E+00
  1.959E-01  1.959E-01  0.000E+00  0.000E+00  6.283E+00  6.283E+00
  2.133E-01  2.133E-01  0.000E+00  0.000E+00  6.283E+00  6.283E+00
  2.323E-01  2.323E-01  0.000E+00  0.000E+00  6.283E+00  6.283E+00
  2.530E-01  2.530E-01  0.000E+00  0.000E+00  6.283E+00  6.283E+00
  2.754E-01  2.754E-01  0.000E+00  0.000E+00  6.283E+00  6.283E+00
  2.999E-01  2.999E-01  0.000E+00  0.000E+00  6.283E+00  6.283E+00
  3.266E-01  3.266E-01  0.000E+00  0.000E+00  6.283E+00  6.283E+00
  3.556E-01  3.556E-01  0.000E+00  0.000E+00  6.283E+00  6.283E+00
  3.873E-01  3.873E-01  0.000E+00  0.000E+00  6.283E+00  6.283E+00
  4.217E-01  4.217E-01  0.000E+00  0.000E+00  6.283E+00  6.283E+00
  4.592E-01  4.592E-01  0.000E+00  0.000E+00  6.283E+00  6.283E+00
  5.000E-01  5.000E-01  0.000E+00  0.000E+00  6.283E+00  6.283E+00
