 # Detector n:            1   BdxProt   (integrated over solid angle)
 # N. of energy intervals         100
  1.000E-04  1.089E-04  0.000E+00  0.000E+00
  1.089E-04  1.186E-04  0.000E+00  0.000E+00
  1.186E-04  1.291E-04  0.000E+00  0.000E+00
  1.291E-04  1.406E-04  0.000E+00  0.000E+00
  1.406E-04  1.531E-04  8.645E-07  9.900E+01
  1.531E-04  1.667E-04  0.000E+00  0.000E+00
  1.667E-04  1.815E-04  0.000E+00  0.000E+00
  1.815E-04  1.977E-04  6.623E-07  9.900E+01
  1.977E-04  2.152E-04  7.185E-07  9.900E+01
  2.152E-04  2.344E-04  1.235E-06  9.900E+01
  2.344E-04  2.552E-04  0.000E+00  0.000E+00
  2.552E-04  2.779E-04  0.000E+00  0.000E+00
  2.779E-04  3.026E-04  1.191E-06  9.900E+01
  3.026E-04  3.295E-04  0.000E+00  0.000E+00
  3.295E-04  3.588E-04  7.715E-07  9.900E+01
  3.588E-04  3.907E-04  0.000E+00  0.000E+00
  3.907E-04  4.254E-04  0.000E+00  0.000E+00
  4.254E-04  4.632E-04  3.186E-06  5.283E+01
  4.632E-04  5.044E-04  2.802E-07  9.900E+01
  5.044E-04  5.493E-04  0.000E+00  0.000E+00
  5.493E-04  5.981E-04  0.000E+00  0.000E+00
  5.981E-04  6.513E-04  1.265E-06  6.137E+01
  6.513E-04  7.092E-04  7.353E-07  7.320E+01
  7.092E-04  7.722E-04  2.015E-06  5.745E+01
  7.722E-04  8.409E-04  7.079E-07  7.294E+01
  8.409E-04  9.157E-04  1.185E-06  3.184E+01
  9.157E-04  9.971E-04  6.472E-07  6.511E+01
  9.971E-04  1.086E-03  9.787E-07  3.428E+01
  1.086E-03  1.182E-03  6.149E-07  3.236E+01
  1.182E-03  1.287E-03  7.108E-07  4.939E+01
  1.287E-03  1.402E-03  3.617E-07  6.737E+01
  1.402E-03  1.526E-03  7.727E-07  2.429E+01
  1.526E-03  1.662E-03  6.655E-07  5.883E+01
  1.662E-03  1.810E-03  1.527E-06  4.105E+01
  1.810E-03  1.971E-03  1.479E-06  3.205E+01
  1.971E-03  2.146E-03  1.333E-06  1.779E+01
  2.146E-03  2.337E-03  1.710E-06  5.097E+01
  2.337E-03  2.545E-03  2.402E-06  1.933E+01
  2.545E-03  2.771E-03  2.162E-06  2.136E+01
  2.771E-03  3.017E-03  1.732E-06  1.866E+01
  3.017E-03  3.285E-03  2.465E-06  2.972E+01
  3.285E-03  3.577E-03  2.252E-06  1.213E+01
  3.577E-03  3.895E-03  2.853E-06  2.389E+01
  3.895E-03  4.242E-03  1.920E-06  4.791E+00
  4.242E-03  4.619E-03  1.873E-06  2.347E+01
  4.619E-03  5.030E-03  2.015E-06  1.871E+01
  5.030E-03  5.477E-03  2.641E-06  2.450E+01
  5.477E-03  5.964E-03  2.323E-06  8.804E+00
  5.964E-03  6.494E-03  2.956E-06  1.354E+01
  6.494E-03  7.071E-03  2.897E-06  1.391E+01
  7.071E-03  7.700E-03  3.001E-06  1.324E+01
  7.700E-03  8.384E-03  3.571E-06  1.324E+01
  8.384E-03  9.130E-03  3.333E-06  7.122E+00
  9.130E-03  9.941E-03  2.995E-06  1.085E+01
  9.941E-03  1.083E-02  3.690E-06  1.132E+01
  1.083E-02  1.179E-02  4.211E-06  7.260E+00
  1.179E-02  1.284E-02  3.709E-06  1.044E+01
  1.284E-02  1.398E-02  4.503E-06  5.564E+00
  1.398E-02  1.522E-02  3.761E-06  8.102E+00
  1.522E-02  1.657E-02  4.111E-06  7.666E+00
  1.657E-02  1.805E-02  4.731E-06  3.834E+00
  1.805E-02  1.965E-02  5.010E-06  3.308E+00
  1.965E-02  2.140E-02  4.897E-06  2.745E+00
  2.140E-02  2.330E-02  5.326E-06  6.745E+00
  2.330E-02  2.537E-02  5.444E-06  2.148E+00
  2.537E-02  2.763E-02  6.166E-06  1.590E+00
  2.763E-02  3.008E-02  6.348E-06  6.814E+00
  3.008E-02  3.276E-02  6.585E-06  5.019E+00
  3.276E-02  3.567E-02  6.546E-06  1.294E+00
  3.567E-02  3.884E-02  6.701E-06  1.609E+00
  3.884E-02  4.229E-02  6.500E-06  3.062E+00
  4.229E-02  4.605E-02  6.591E-06  2.683E+00
  4.605E-02  5.015E-02  7.471E-06  3.119E+00
  5.015E-02  5.461E-02  7.141E-06  2.693E+00
  5.461E-02  5.946E-02  7.356E-06  9.226E-01
  5.946E-02  6.475E-02  7.256E-06  1.772E+00
  6.475E-02  7.050E-02  7.605E-06  4.371E+00
  7.050E-02  7.677E-02  7.607E-06  1.424E+00
  7.677E-02  8.360E-02  7.061E-06  1.348E+00
  8.360E-02  9.103E-02  7.373E-06  9.992E-01
  9.103E-02  9.912E-02  7.387E-06  2.164E+00
  9.912E-02  1.079E-01  7.227E-06  5.311E-01
  1.079E-01  1.175E-01  6.685E-06  1.054E+00
  1.175E-01  1.280E-01  6.636E-06  1.545E+00
  1.280E-01  1.394E-01  6.180E-06  1.409E+00
  1.394E-01  1.517E-01  5.632E-06  2.101E+00
  1.517E-01  1.652E-01  5.374E-06  1.821E+00
  1.652E-01  1.799E-01  4.938E-06  1.295E+00
  1.799E-01  1.959E-01  4.427E-06  5.725E-01
  1.959E-01  2.133E-01  3.979E-06  1.479E+00
  2.133E-01  2.323E-01  3.670E-06  1.208E+00
  2.323E-01  2.530E-01  3.401E-06  1.341E+00
  2.530E-01  2.754E-01  3.026E-06  1.591E+00
  2.754E-01  2.999E-01  2.806E-06  1.530E+00
  2.999E-01  3.266E-01  2.727E-06  1.270E+00
  3.266E-01  3.556E-01  2.799E-06  1.129E+00
  3.556E-01  3.873E-01  2.904E-06  1.381E+00
  3.873E-01  4.217E-01  3.282E-06  1.266E+00
  4.217E-01  4.592E-01  3.857E-06  3.380E-01
  4.592E-01  5.000E-01  2.708E-06  4.715E-01


 # double differential distributions
 # number of solid angle intervals           1
 # Block n:            1     0.00000000      :   6.28318548    
  1.000E-04  1.089E-04  0.000E+00  0.000E+00  0.000E+00  6.283E+00
  1.089E-04  1.186E-04  0.000E+00  0.000E+00  0.000E+00  6.283E+00
  1.186E-04  1.291E-04  0.000E+00  0.000E+00  0.000E+00  6.283E+00
  1.291E-04  1.406E-04  0.000E+00  0.000E+00  0.000E+00  6.283E+00
  1.406E-04  1.531E-04  1.376E-07  9.900E+01  0.000E+00  6.283E+00
  1.531E-04  1.667E-04  0.000E+00  0.000E+00  0.000E+00  6.283E+00
  1.667E-04  1.815E-04  0.000E+00  0.000E+00  0.000E+00  6.283E+00
  1.815E-04  1.977E-04  1.054E-07  9.900E+01  0.000E+00  6.283E+00
  1.977E-04  2.152E-04  1.143E-07  9.900E+01  0.000E+00  6.283E+00
  2.152E-04  2.344E-04  1.965E-07  9.900E+01  0.000E+00  6.283E+00
  2.344E-04  2.552E-04  0.000E+00  0.000E+00  0.000E+00  6.283E+00
  2.552E-04  2.779E-04  0.000E+00  0.000E+00  0.000E+00  6.283E+00
  2.779E-04  3.026E-04  1.895E-07  9.900E+01  0.000E+00  6.283E+00
  3.026E-04  3.295E-04  0.000E+00  0.000E+00  0.000E+00  6.283E+00
  3.295E-04  3.588E-04  1.228E-07  9.900E+01  0.000E+00  6.283E+00
  3.588E-04  3.907E-04  0.000E+00  0.000E+00  0.000E+00  6.283E+00
  3.907E-04  4.254E-04  0.000E+00  0.000E+00  0.000E+00  6.283E+00
  4.254E-04  4.632E-04  5.070E-07  5.283E+01  0.000E+00  6.283E+00
  4.632E-04  5.044E-04  4.460E-08  9.900E+01  0.000E+00  6.283E+00
  5.044E-04  5.493E-04  0.000E+00  0.000E+00  0.000E+00  6.283E+00
  5.493E-04  5.981E-04  0.000E+00  0.000E+00  0.000E+00  6.283E+00
  5.981E-04  6.513E-04  2.013E-07  6.137E+01  0.000E+00  6.283E+00
  6.513E-04  7.092E-04  1.170E-07  7.320E+01  0.000E+00  6.283E+00
  7.092E-04  7.722E-04  3.207E-07  5.745E+01  0.000E+00  6.283E+00
  7.722E-04  8.409E-04  1.127E-07  7.294E+01  0.000E+00  6.283E+00
  8.409E-04  9.157E-04  1.885E-07  3.184E+01  0.000E+00  6.283E+00
  9.157E-04  9.971E-04  1.030E-07  6.511E+01  0.000E+00  6.283E+00
  9.971E-04  1.086E-03  1.558E-07  3.428E+01  0.000E+00  6.283E+00
  1.086E-03  1.182E-03  9.786E-08  3.236E+01  0.000E+00  6.283E+00
  1.182E-03  1.287E-03  1.131E-07  4.939E+01  0.000E+00  6.283E+00
  1.287E-03  1.402E-03  5.756E-08  6.737E+01  0.000E+00  6.283E+00
  1.402E-03  1.526E-03  1.230E-07  2.429E+01  0.000E+00  6.283E+00
  1.526E-03  1.662E-03  1.059E-07  5.883E+01  0.000E+00  6.283E+00
  1.662E-03  1.810E-03  2.430E-07  4.105E+01  0.000E+00  6.283E+00
  1.810E-03  1.971E-03  2.354E-07  3.205E+01  0.000E+00  6.283E+00
  1.971E-03  2.146E-03  2.121E-07  1.779E+01  0.000E+00  6.283E+00
  2.146E-03  2.337E-03  2.721E-07  5.097E+01  0.000E+00  6.283E+00
  2.337E-03  2.545E-03  3.822E-07  1.933E+01  0.000E+00  6.283E+00
  2.545E-03  2.771E-03  3.441E-07  2.136E+01  0.000E+00  6.283E+00
  2.771E-03  3.017E-03  2.757E-07  1.866E+01  0.000E+00  6.283E+00
  3.017E-03  3.285E-03  3.924E-07  2.972E+01  0.000E+00  6.283E+00
  3.285E-03  3.577E-03  3.584E-07  1.213E+01  0.000E+00  6.283E+00
  3.577E-03  3.895E-03  4.541E-07  2.389E+01  0.000E+00  6.283E+00
  3.895E-03  4.242E-03  3.056E-07  4.791E+00  0.000E+00  6.283E+00
  4.242E-03  4.619E-03  2.980E-07  2.347E+01  0.000E+00  6.283E+00
  4.619E-03  5.030E-03  3.206E-07  1.871E+01  0.000E+00  6.283E+00
  5.030E-03  5.477E-03  4.203E-07  2.450E+01  0.000E+00  6.283E+00
  5.477E-03  5.964E-03  3.697E-07  8.804E+00  0.000E+00  6.283E+00
  5.964E-03  6.494E-03  4.705E-07  1.354E+01  0.000E+00  6.283E+00
  6.494E-03  7.071E-03  4.611E-07  1.391E+01  0.000E+00  6.283E+00
  7.071E-03  7.700E-03  4.777E-07  1.324E+01  0.000E+00  6.283E+00
  7.700E-03  8.384E-03  5.683E-07  1.324E+01  0.000E+00  6.283E+00
  8.384E-03  9.130E-03  5.304E-07  7.122E+00  0.000E+00  6.283E+00
  9.130E-03  9.941E-03  4.767E-07  1.085E+01  0.000E+00  6.283E+00
  9.941E-03  1.083E-02  5.872E-07  1.132E+01  0.000E+00  6.283E+00
  1.083E-02  1.179E-02  6.702E-07  7.260E+00  0.000E+00  6.283E+00
  1.179E-02  1.284E-02  5.904E-07  1.044E+01  0.000E+00  6.283E+00
  1.284E-02  1.398E-02  7.167E-07  5.564E+00  0.000E+00  6.283E+00
  1.398E-02  1.522E-02  5.986E-07  8.102E+00  0.000E+00  6.283E+00
  1.522E-02  1.657E-02  6.543E-07  7.666E+00  0.000E+00  6.283E+00
  1.657E-02  1.805E-02  7.530E-07  3.834E+00  0.000E+00  6.283E+00
  1.805E-02  1.965E-02  7.974E-07  3.308E+00  0.000E+00  6.283E+00
  1.965E-02  2.140E-02  7.793E-07  2.745E+00  0.000E+00  6.283E+00
  2.140E-02  2.330E-02  8.476E-07  6.745E+00  0.000E+00  6.283E+00
  2.330E-02  2.537E-02  8.664E-07  2.148E+00  0.000E+00  6.283E+00
  2.537E-02  2.763E-02  9.814E-07  1.590E+00  0.000E+00  6.283E+00
  2.763E-02  3.008E-02  1.010E-06  6.814E+00  0.000E+00  6.283E+00
  3.008E-02  3.276E-02  1.048E-06  5.019E+00  0.000E+00  6.283E+00
  3.276E-02  3.567E-02  1.042E-06  1.294E+00  0.000E+00  6.283E+00
  3.567E-02  3.884E-02  1.067E-06  1.609E+00  0.000E+00  6.283E+00
  3.884E-02  4.229E-02  1.034E-06  3.062E+00  0.000E+00  6.283E+00
  4.229E-02  4.605E-02  1.049E-06  2.683E+00  0.000E+00  6.283E+00
  4.605E-02  5.015E-02  1.189E-06  3.119E+00  0.000E+00  6.283E+00
  5.015E-02  5.461E-02  1.137E-06  2.693E+00  0.000E+00  6.283E+00
  5.461E-02  5.946E-02  1.171E-06  9.226E-01  0.000E+00  6.283E+00
  5.946E-02  6.475E-02  1.155E-06  1.772E+00  0.000E+00  6.283E+00
  6.475E-02  7.050E-02  1.210E-06  4.371E+00  0.000E+00  6.283E+00
  7.050E-02  7.677E-02  1.211E-06  1.424E+00  0.000E+00  6.283E+00
  7.677E-02  8.360E-02  1.124E-06  1.348E+00  0.000E+00  6.283E+00
  8.360E-02  9.103E-02  1.173E-06  9.992E-01  0.000E+00  6.283E+00
  9.103E-02  9.912E-02  1.176E-06  2.164E+00  0.000E+00  6.283E+00
  9.912E-02  1.079E-01  1.150E-06  5.311E-01  0.000E+00  6.283E+00
  1.079E-01  1.175E-01  1.064E-06  1.054E+00  0.000E+00  6.283E+00
  1.175E-01  1.280E-01  1.056E-06  1.545E+00  0.000E+00  6.283E+00
  1.280E-01  1.394E-01  9.835E-07  1.409E+00  0.000E+00  6.283E+00
  1.394E-01  1.517E-01  8.964E-07  2.101E+00  0.000E+00  6.283E+00
  1.517E-01  1.652E-01  8.552E-07  1.821E+00  0.000E+00  6.283E+00
  1.652E-01  1.799E-01  7.859E-07  1.295E+00  0.000E+00  6.283E+00
  1.799E-01  1.959E-01  7.046E-07  5.725E-01  0.000E+00  6.283E+00
  1.959E-01  2.133E-01  6.333E-07  1.479E+00  0.000E+00  6.283E+00
  2.133E-01  2.323E-01  5.841E-07  1.208E+00  0.000E+00  6.283E+00
  2.323E-01  2.530E-01  5.413E-07  1.341E+00  0.000E+00  6.283E+00
  2.530E-01  2.754E-01  4.816E-07  1.591E+00  0.000E+00  6.283E+00
  2.754E-01  2.999E-01  4.466E-07  1.530E+00  0.000E+00  6.283E+00
  2.999E-01  3.266E-01  4.340E-07  1.270E+00  0.000E+00  6.283E+00
  3.266E-01  3.556E-01  4.455E-07  1.129E+00  0.000E+00  6.283E+00
  3.556E-01  3.873E-01  4.622E-07  1.381E+00  0.000E+00  6.283E+00
  3.873E-01  4.217E-01  5.223E-07  1.266E+00  0.000E+00  6.283E+00
  4.217E-01  4.592E-01  6.139E-07  3.380E-01  0.000E+00  6.283E+00
  4.592E-01  5.000E-01  4.309E-07  4.715E-01  0.000E+00  6.283E+00
  5.000E-01  5.000E-01  0.000E+00  0.000E+00  0.000E+00  6.283E+00

  1.000E-04  1.000E-04  0.000E+00  0.000E+00  6.283E+00  6.283E+00
  1.089E-04  1.089E-04  0.000E+00  0.000E+00  6.283E+00  6.283E+00
  1.186E-04  1.186E-04  0.000E+00  0.000E+00  6.283E+00  6.283E+00
  1.291E-04  1.291E-04  0.000E+00  0.000E+00  6.283E+00  6.283E+00
  1.406E-04  1.406E-04  0.000E+00  0.000E+00  6.283E+00  6.283E+00
  1.531E-04  1.531E-04  0.000E+00  0.000E+00  6.283E+00  6.283E+00
  1.667E-04  1.667E-04  0.000E+00  0.000E+00  6.283E+00  6.283E+00
  1.815E-04  1.815E-04  0.000E+00  0.000E+00  6.283E+00  6.283E+00
  1.977E-04  1.977E-04  0.000E+00  0.000E+00  6.283E+00  6.283E+00
  2.152E-04  2.152E-04  0.000E+00  0.000E+00  6.283E+00  6.283E+00
  2.344E-04  2.344E-04  0.000E+00  0.000E+00  6.283E+00  6.283E+00
  2.552E-04  2.552E-04  0.000E+00  0.000E+00  6.283E+00  6.283E+00
  2.779E-04  2.779E-04  0.000E+00  0.000E+00  6.283E+00  6.283E+00
  3.026E-04  3.026E-04  0.000E+00  0.000E+00  6.283E+00  6.283E+00
  3.295E-04  3.295E-04  0.000E+00  0.000E+00  6.283E+00  6.283E+00
  3.588E-04  3.588E-04  0.000E+00  0.000E+00  6.283E+00  6.283E+00
  3.907E-04  3.907E-04  0.000E+00  0.000E+00  6.283E+00  6.283E+00
  4.254E-04  4.254E-04  0.000E+00  0.000E+00  6.283E+00  6.283E+00
  4.632E-04  4.632E-04  0.000E+00  0.000E+00  6.283E+00  6.283E+00
  5.044E-04  5.044E-04  0.000E+00  0.000E+00  6.283E+00  6.283E+00
  5.493E-04  5.493E-04  0.000E+00  0.000E+00  6.283E+00  6.283E+00
  5.981E-04  5.981E-04  0.000E+00  0.000E+00  6.283E+00  6.283E+00
  6.513E-04  6.513E-04  0.000E+00  0.000E+00  6.283E+00  6.283E+00
  7.092E-04  7.092E-04  0.000E+00  0.000E+00  6.283E+00  6.283E+00
  7.722E-04  7.722E-04  0.000E+00  0.000E+00  6.283E+00  6.283E+00
  8.409E-04  8.409E-04  0.000E+00  0.000E+00  6.283E+00  6.283E+00
  9.157E-04  9.157E-04  0.000E+00  0.000E+00  6.283E+00  6.283E+00
  9.971E-04  9.971E-04  0.000E+00  0.000E+00  6.283E+00  6.283E+00
  1.086E-03  1.086E-03  0.000E+00  0.000E+00  6.283E+00  6.283E+00
  1.182E-03  1.182E-03  0.000E+00  0.000E+00  6.283E+00  6.283E+00
  1.287E-03  1.287E-03  0.000E+00  0.000E+00  6.283E+00  6.283E+00
  1.402E-03  1.402E-03  0.000E+00  0.000E+00  6.283E+00  6.283E+00
  1.526E-03  1.526E-03  0.000E+00  0.000E+00  6.283E+00  6.283E+00
  1.662E-03  1.662E-03  0.000E+00  0.000E+00  6.283E+00  6.283E+00
  1.810E-03  1.810E-03  0.000E+00  0.000E+00  6.283E+00  6.283E+00
  1.971E-03  1.971E-03  0.000E+00  0.000E+00  6.283E+00  6.283E+00
  2.146E-03  2.146E-03  0.000E+00  0.000E+00  6.283E+00  6.283E+00
  2.337E-03  2.337E-03  0.000E+00  0.000E+00  6.283E+00  6.283E+00
  2.545E-03  2.545E-03  0.000E+00  0.000E+00  6.283E+00  6.283E+00
  2.771E-03  2.771E-03  0.000E+00  0.000E+00  6.283E+00  6.283E+00
  3.017E-03  3.017E-03  0.000E+00  0.000E+00  6.283E+00  6.283E+00
  3.285E-03  3.285E-03  0.000E+00  0.000E+00  6.283E+00  6.283E+00
  3.577E-03  3.577E-03  0.000E+00  0.000E+00  6.283E+00  6.283E+00
  3.895E-03  3.895E-03  0.000E+00  0.000E+00  6.283E+00  6.283E+00
  4.242E-03  4.242E-03  0.000E+00  0.000E+00  6.283E+00  6.283E+00
  4.619E-03  4.619E-03  0.000E+00  0.000E+00  6.283E+00  6.283E+00
  5.030E-03  5.030E-03  0.000E+00  0.000E+00  6.283E+00  6.283E+00
  5.477E-03  5.477E-03  0.000E+00  0.000E+00  6.283E+00  6.283E+00
  5.964E-03  5.964E-03  0.000E+00  0.000E+00  6.283E+00  6.283E+00
  6.494E-03  6.494E-03  0.000E+00  0.000E+00  6.283E+00  6.283E+00
  7.071E-03  7.071E-03  0.000E+00  0.000E+00  6.283E+00  6.283E+00
  7.700E-03  7.700E-03  0.000E+00  0.000E+00  6.283E+00  6.283E+00
  8.384E-03  8.384E-03  0.000E+00  0.000E+00  6.283E+00  6.283E+00
  9.130E-03  9.130E-03  0.000E+00  0.000E+00  6.283E+00  6.283E+00
  9.941E-03  9.941E-03  0.000E+00  0.000E+00  6.283E+00  6.283E+00
  1.083E-02  1.083E-02  0.000E+00  0.000E+00  6.283E+00  6.283E+00
  1.179E-02  1.179E-02  0.000E+00  0.000E+00  6.283E+00  6.283E+00
  1.284E-02  1.284E-02  0.000E+00  0.000E+00  6.283E+00  6.283E+00
  1.398E-02  1.398E-02  0.000E+00  0.000E+00  6.283E+00  6.283E+00
  1.522E-02  1.522E-02  0.000E+00  0.000E+00  6.283E+00  6.283E+00
  1.657E-02  1.657E-02  0.000E+00  0.000E+00  6.283E+00  6.283E+00
  1.805E-02  1.805E-02  0.000E+00  0.000E+00  6.283E+00  6.283E+00
  1.965E-02  1.965E-02  0.000E+00  0.000E+00  6.283E+00  6.283E+00
  2.140E-02  2.140E-02  0.000E+00  0.000E+00  6.283E+00  6.283E+00
  2.330E-02  2.330E-02  0.000E+00  0.000E+00  6.283E+00  6.283E+00
  2.537E-02  2.537E-02  0.000E+00  0.000E+00  6.283E+00  6.283E+00
  2.763E-02  2.763E-02  0.000E+00  0.000E+00  6.283E+00  6.283E+00
  3.008E-02  3.008E-02  0.000E+00  0.000E+00  6.283E+00  6.283E+00
  3.276E-02  3.276E-02  0.000E+00  0.000E+00  6.283E+00  6.283E+00
  3.567E-02  3.567E-02  0.000E+00  0.000E+00  6.283E+00  6.283E+00
  3.884E-02  3.884E-02  0.000E+00  0.000E+00  6.283E+00  6.283E+00
  4.229E-02  4.229E-02  0.000E+00  0.000E+00  6.283E+00  6.283E+00
  4.605E-02  4.605E-02  0.000E+00  0.000E+00  6.283E+00  6.283E+00
  5.015E-02  5.015E-02  0.000E+00  0.000E+00  6.283E+00  6.283E+00
  5.461E-02  5.461E-02  0.000E+00  0.000E+00  6.283E+00  6.283E+00
  5.946E-02  5.946E-02  0.000E+00  0.000E+00  6.283E+00  6.283E+00
  6.475E-02  6.475E-02  0.000E+00  0.000E+00  6.283E+00  6.283E+00
  7.050E-02  7.050E-02  0.000E+00  0.000E+00  6.283E+00  6.283E+00
  7.677E-02  7.677E-02  0.000E+00  0.000E+00  6.283E+00  6.283E+00
  8.360E-02  8.360E-02  0.000E+00  0.000E+00  6.283E+00  6.283E+00
  9.103E-02  9.103E-02  0.000E+00  0.000E+00  6.283E+00  6.283E+00
  9.912E-02  9.912E-02  0.000E+00  0.000E+00  6.283E+00  6.283E+00
  1.079E-01  1.079E-01  0.000E+00  0.000E+00  6.283E+00  6.283E+00
  1.175E-01  1.175E-01  0.000E+00  0.000E+00  6.283E+00  6.283E+00
  1.280E-01  1.280E-01  0.000E+00  0.000E+00  6.283E+00  6.283E+00
  1.394E-01  1.394E-01  0.000E+00  0.000E+00  6.283E+00  6.283E+00
  1.517E-01  1.517E-01  0.000E+00  0.000E+00  6.283E+00  6.283E+00
  1.652E-01  1.652E-01  0.000E+00  0.000E+00  6.283E+00  6.283E+00
  1.799E-01  1.799E-01  0.000E+00  0.000E+00  6.283E+00  6.283E+00
  1.959E-01  1.959E-01  0.000E+00  0.000E+00  6.283E+00  6.283E+00
  2.133E-01  2.133E-01  0.000E+00  0.000E+00  6.283E+00  6.283E+00
  2.323E-01  2.323E-01  0.000E+00  0.000E+00  6.283E+00  6.283E+00
  2.530E-01  2.530E-01  0.000E+00  0.000E+00  6.283E+00  6.283E+00
  2.754E-01  2.754E-01  0.000E+00  0.000E+00  6.283E+00  6.283E+00
  2.999E-01  2.999E-01  0.000E+00  0.000E+00  6.283E+00  6.283E+00
  3.266E-01  3.266E-01  0.000E+00  0.000E+00  6.283E+00  6.283E+00
  3.556E-01  3.556E-01  0.000E+00  0.000E+00  6.283E+00  6.283E+00
  3.873E-01  3.873E-01  0.000E+00  0.000E+00  6.283E+00  6.283E+00
  4.217E-01  4.217E-01  0.000E+00  0.000E+00  6.283E+00  6.283E+00
  4.592E-01  4.592E-01  0.000E+00  0.000E+00  6.283E+00  6.283E+00
  5.000E-01  5.000E-01  0.000E+00  0.000E+00  6.283E+00  6.283E+00
