 # Detector n:            1   BdxProt   (integrated over solid angle)
 # N. of energy intervals         100
  1.000E-04  1.089E-04  0.000E+00  0.000E+00
  1.089E-04  1.186E-04  0.000E+00  0.000E+00
  1.186E-04  1.291E-04  0.000E+00  0.000E+00
  1.291E-04  1.406E-04  1.134E-06  9.900E+01
  1.406E-04  1.531E-04  1.679E-06  9.900E+01
  1.531E-04  1.667E-04  7.836E-07  9.900E+01
  1.667E-04  1.815E-04  0.000E+00  0.000E+00
  1.815E-04  1.977E-04  9.971E-07  9.900E+01
  1.977E-04  2.152E-04  1.136E-06  9.900E+01
  2.152E-04  2.344E-04  0.000E+00  0.000E+00
  2.344E-04  2.552E-04  0.000E+00  0.000E+00
  2.552E-04  2.779E-04  0.000E+00  0.000E+00
  2.779E-04  3.026E-04  1.307E-06  9.900E+01
  3.026E-04  3.295E-04  0.000E+00  0.000E+00
  3.295E-04  3.588E-04  0.000E+00  0.000E+00
  3.588E-04  3.907E-04  4.067E-07  9.900E+01
  3.907E-04  4.254E-04  5.658E-07  9.900E+01
  4.254E-04  4.632E-04  8.511E-07  6.215E+01
  4.632E-04  5.044E-04  1.488E-06  4.432E+01
  5.044E-04  5.493E-04  6.890E-07  6.530E+01
  5.493E-04  5.981E-04  2.375E-07  9.900E+01
  5.981E-04  6.513E-04  0.000E+00  0.000E+00
  6.513E-04  7.092E-04  3.250E-07  9.900E+01
  7.092E-04  7.722E-04  3.233E-07  6.124E+01
  7.722E-04  8.409E-04  1.063E-06  3.587E+01
  8.409E-04  9.157E-04  7.916E-07  6.464E+01
  9.157E-04  9.971E-04  8.145E-07  8.086E+01
  9.971E-04  1.086E-03  8.939E-07  4.092E+01
  1.086E-03  1.182E-03  3.152E-07  6.454E+01
  1.182E-03  1.287E-03  1.661E-06  3.040E+01
  1.287E-03  1.402E-03  1.278E-06  3.091E+01
  1.402E-03  1.526E-03  8.741E-07  4.328E+01
  1.526E-03  1.662E-03  7.302E-07  1.569E+01
  1.662E-03  1.810E-03  9.751E-07  3.491E+01
  1.810E-03  1.971E-03  1.911E-06  2.290E+01
  1.971E-03  2.146E-03  1.149E-06  2.283E+01
  2.146E-03  2.337E-03  1.123E-06  2.423E+01
  2.337E-03  2.545E-03  2.054E-06  3.879E+01
  2.545E-03  2.771E-03  1.776E-06  2.784E+01
  2.771E-03  3.017E-03  2.470E-06  1.101E+01
  3.017E-03  3.285E-03  2.621E-06  3.361E+01
  3.285E-03  3.577E-03  2.300E-06  2.508E+01
  3.577E-03  3.895E-03  2.501E-06  1.165E+01
  3.895E-03  4.242E-03  3.092E-06  1.279E+01
  4.242E-03  4.619E-03  2.640E-06  2.863E+01
  4.619E-03  5.030E-03  2.864E-06  7.800E+00
  5.030E-03  5.477E-03  2.760E-06  1.664E+01
  5.477E-03  5.964E-03  3.119E-06  8.273E+00
  5.964E-03  6.494E-03  3.666E-06  6.366E+00
  6.494E-03  7.071E-03  3.426E-06  6.058E+00
  7.071E-03  7.700E-03  3.794E-06  8.603E+00
  7.700E-03  8.384E-03  3.465E-06  6.221E+00
  8.384E-03  9.130E-03  3.822E-06  8.257E+00
  9.130E-03  9.941E-03  3.912E-06  8.495E+00
  9.941E-03  1.083E-02  3.892E-06  8.310E+00
  1.083E-02  1.179E-02  3.984E-06  6.010E+00
  1.179E-02  1.284E-02  4.343E-06  7.342E+00
  1.284E-02  1.398E-02  4.651E-06  7.505E+00
  1.398E-02  1.522E-02  4.796E-06  5.636E+00
  1.522E-02  1.657E-02  5.127E-06  7.353E+00
  1.657E-02  1.805E-02  5.211E-06  6.025E+00
  1.805E-02  1.965E-02  5.540E-06  4.733E+00
  1.965E-02  2.140E-02  5.595E-06  4.739E+00
  2.140E-02  2.330E-02  5.697E-06  2.682E+00
  2.330E-02  2.537E-02  5.949E-06  6.274E+00
  2.537E-02  2.763E-02  6.269E-06  2.750E+00
  2.763E-02  3.008E-02  6.677E-06  2.278E+00
  3.008E-02  3.276E-02  6.717E-06  2.053E+00
  3.276E-02  3.567E-02  6.943E-06  2.329E+00
  3.567E-02  3.884E-02  7.098E-06  2.168E+00
  3.884E-02  4.229E-02  7.203E-06  4.006E+00
  4.229E-02  4.605E-02  7.496E-06  2.096E+00
  4.605E-02  5.015E-02  7.658E-06  1.665E+00
  5.015E-02  5.461E-02  7.844E-06  1.737E+00
  5.461E-02  5.946E-02  7.908E-06  1.942E+00
  5.946E-02  6.475E-02  8.264E-06  1.739E+00
  6.475E-02  7.050E-02  8.476E-06  1.275E+00
  7.050E-02  7.677E-02  8.577E-06  2.248E+00
  7.677E-02  8.360E-02  8.808E-06  1.295E+00
  8.360E-02  9.103E-02  9.183E-06  9.411E-01
  9.103E-02  9.912E-02  9.310E-06  8.903E-01
  9.912E-02  1.079E-01  9.833E-06  1.222E+00
  1.079E-01  1.175E-01  9.960E-06  9.413E-01
  1.175E-01  1.280E-01  1.039E-05  8.881E-01
  1.280E-01  1.394E-01  1.076E-05  9.074E-01
  1.394E-01  1.517E-01  1.040E-05  8.535E-01
  1.517E-01  1.652E-01  8.689E-06  3.945E-01
  1.652E-01  1.799E-01  6.123E-06  1.843E+00
  1.799E-01  1.959E-01  3.028E-06  2.117E+00
  1.959E-01  2.133E-01  1.785E-07  3.609E+00
  2.133E-01  2.323E-01  0.000E+00  0.000E+00
  2.323E-01  2.530E-01  0.000E+00  0.000E+00
  2.530E-01  2.754E-01  0.000E+00  0.000E+00
  2.754E-01  2.999E-01  0.000E+00  0.000E+00
  2.999E-01  3.266E-01  0.000E+00  0.000E+00
  3.266E-01  3.556E-01  0.000E+00  0.000E+00
  3.556E-01  3.873E-01  0.000E+00  0.000E+00
  3.873E-01  4.217E-01  0.000E+00  0.000E+00
  4.217E-01  4.592E-01  0.000E+00  0.000E+00
  4.592E-01  5.000E-01  0.000E+00  0.000E+00


 # double differential distributions
 # number of solid angle intervals           1
 # Block n:            1     0.00000000      :   6.28318548    
  1.000E-04  1.089E-04  0.000E+00  0.000E+00  0.000E+00  6.283E+00
  1.089E-04  1.186E-04  0.000E+00  0.000E+00  0.000E+00  6.283E+00
  1.186E-04  1.291E-04  0.000E+00  0.000E+00  0.000E+00  6.283E+00
  1.291E-04  1.406E-04  1.805E-07  9.900E+01  0.000E+00  6.283E+00
  1.406E-04  1.531E-04  2.673E-07  9.900E+01  0.000E+00  6.283E+00
  1.531E-04  1.667E-04  1.247E-07  9.900E+01  0.000E+00  6.283E+00
  1.667E-04  1.815E-04  0.000E+00  0.000E+00  0.000E+00  6.283E+00
  1.815E-04  1.977E-04  1.587E-07  9.900E+01  0.000E+00  6.283E+00
  1.977E-04  2.152E-04  1.808E-07  9.900E+01  0.000E+00  6.283E+00
  2.152E-04  2.344E-04  0.000E+00  0.000E+00  0.000E+00  6.283E+00
  2.344E-04  2.552E-04  0.000E+00  0.000E+00  0.000E+00  6.283E+00
  2.552E-04  2.779E-04  0.000E+00  0.000E+00  0.000E+00  6.283E+00
  2.779E-04  3.026E-04  2.080E-07  9.900E+01  0.000E+00  6.283E+00
  3.026E-04  3.295E-04  0.000E+00  0.000E+00  0.000E+00  6.283E+00
  3.295E-04  3.588E-04  0.000E+00  0.000E+00  0.000E+00  6.283E+00
  3.588E-04  3.907E-04  6.473E-08  9.900E+01  0.000E+00  6.283E+00
  3.907E-04  4.254E-04  9.005E-08  9.900E+01  0.000E+00  6.283E+00
  4.254E-04  4.632E-04  1.355E-07  6.215E+01  0.000E+00  6.283E+00
  4.632E-04  5.044E-04  2.368E-07  4.432E+01  0.000E+00  6.283E+00
  5.044E-04  5.493E-04  1.097E-07  6.530E+01  0.000E+00  6.283E+00
  5.493E-04  5.981E-04  3.780E-08  9.900E+01  0.000E+00  6.283E+00
  5.981E-04  6.513E-04  0.000E+00  0.000E+00  0.000E+00  6.283E+00
  6.513E-04  7.092E-04  5.173E-08  9.900E+01  0.000E+00  6.283E+00
  7.092E-04  7.722E-04  5.145E-08  6.124E+01  0.000E+00  6.283E+00
  7.722E-04  8.409E-04  1.691E-07  3.587E+01  0.000E+00  6.283E+00
  8.409E-04  9.157E-04  1.260E-07  6.464E+01  0.000E+00  6.283E+00
  9.157E-04  9.971E-04  1.296E-07  8.086E+01  0.000E+00  6.283E+00
  9.971E-04  1.086E-03  1.423E-07  4.092E+01  0.000E+00  6.283E+00
  1.086E-03  1.182E-03  5.016E-08  6.454E+01  0.000E+00  6.283E+00
  1.182E-03  1.287E-03  2.643E-07  3.040E+01  0.000E+00  6.283E+00
  1.287E-03  1.402E-03  2.033E-07  3.091E+01  0.000E+00  6.283E+00
  1.402E-03  1.526E-03  1.391E-07  4.328E+01  0.000E+00  6.283E+00
  1.526E-03  1.662E-03  1.162E-07  1.569E+01  0.000E+00  6.283E+00
  1.662E-03  1.810E-03  1.552E-07  3.491E+01  0.000E+00  6.283E+00
  1.810E-03  1.971E-03  3.041E-07  2.290E+01  0.000E+00  6.283E+00
  1.971E-03  2.146E-03  1.829E-07  2.283E+01  0.000E+00  6.283E+00
  2.146E-03  2.337E-03  1.787E-07  2.423E+01  0.000E+00  6.283E+00
  2.337E-03  2.545E-03  3.268E-07  3.879E+01  0.000E+00  6.283E+00
  2.545E-03  2.771E-03  2.826E-07  2.784E+01  0.000E+00  6.283E+00
  2.771E-03  3.017E-03  3.931E-07  1.101E+01  0.000E+00  6.283E+00
  3.017E-03  3.285E-03  4.171E-07  3.361E+01  0.000E+00  6.283E+00
  3.285E-03  3.577E-03  3.661E-07  2.508E+01  0.000E+00  6.283E+00
  3.577E-03  3.895E-03  3.980E-07  1.165E+01  0.000E+00  6.283E+00
  3.895E-03  4.242E-03  4.921E-07  1.279E+01  0.000E+00  6.283E+00
  4.242E-03  4.619E-03  4.202E-07  2.863E+01  0.000E+00  6.283E+00
  4.619E-03  5.030E-03  4.558E-07  7.800E+00  0.000E+00  6.283E+00
  5.030E-03  5.477E-03  4.392E-07  1.664E+01  0.000E+00  6.283E+00
  5.477E-03  5.964E-03  4.965E-07  8.273E+00  0.000E+00  6.283E+00
  5.964E-03  6.494E-03  5.835E-07  6.366E+00  0.000E+00  6.283E+00
  6.494E-03  7.071E-03  5.453E-07  6.058E+00  0.000E+00  6.283E+00
  7.071E-03  7.700E-03  6.038E-07  8.603E+00  0.000E+00  6.283E+00
  7.700E-03  8.384E-03  5.515E-07  6.221E+00  0.000E+00  6.283E+00
  8.384E-03  9.130E-03  6.083E-07  8.257E+00  0.000E+00  6.283E+00
  9.130E-03  9.941E-03  6.226E-07  8.495E+00  0.000E+00  6.283E+00
  9.941E-03  1.083E-02  6.194E-07  8.310E+00  0.000E+00  6.283E+00
  1.083E-02  1.179E-02  6.341E-07  6.010E+00  0.000E+00  6.283E+00
  1.179E-02  1.284E-02  6.912E-07  7.342E+00  0.000E+00  6.283E+00
  1.284E-02  1.398E-02  7.402E-07  7.505E+00  0.000E+00  6.283E+00
  1.398E-02  1.522E-02  7.633E-07  5.636E+00  0.000E+00  6.283E+00
  1.522E-02  1.657E-02  8.160E-07  7.353E+00  0.000E+00  6.283E+00
  1.657E-02  1.805E-02  8.294E-07  6.025E+00  0.000E+00  6.283E+00
  1.805E-02  1.965E-02  8.817E-07  4.733E+00  0.000E+00  6.283E+00
  1.965E-02  2.140E-02  8.905E-07  4.739E+00  0.000E+00  6.283E+00
  2.140E-02  2.330E-02  9.066E-07  2.682E+00  0.000E+00  6.283E+00
  2.330E-02  2.537E-02  9.467E-07  6.274E+00  0.000E+00  6.283E+00
  2.537E-02  2.763E-02  9.978E-07  2.750E+00  0.000E+00  6.283E+00
  2.763E-02  3.008E-02  1.063E-06  2.278E+00  0.000E+00  6.283E+00
  3.008E-02  3.276E-02  1.069E-06  2.053E+00  0.000E+00  6.283E+00
  3.276E-02  3.567E-02  1.105E-06  2.329E+00  0.000E+00  6.283E+00
  3.567E-02  3.884E-02  1.130E-06  2.168E+00  0.000E+00  6.283E+00
  3.884E-02  4.229E-02  1.146E-06  4.006E+00  0.000E+00  6.283E+00
  4.229E-02  4.605E-02  1.193E-06  2.096E+00  0.000E+00  6.283E+00
  4.605E-02  5.015E-02  1.219E-06  1.665E+00  0.000E+00  6.283E+00
  5.015E-02  5.461E-02  1.248E-06  1.737E+00  0.000E+00  6.283E+00
  5.461E-02  5.946E-02  1.259E-06  1.942E+00  0.000E+00  6.283E+00
  5.946E-02  6.475E-02  1.315E-06  1.739E+00  0.000E+00  6.283E+00
  6.475E-02  7.050E-02  1.349E-06  1.275E+00  0.000E+00  6.283E+00
  7.050E-02  7.677E-02  1.365E-06  2.248E+00  0.000E+00  6.283E+00
  7.677E-02  8.360E-02  1.402E-06  1.295E+00  0.000E+00  6.283E+00
  8.360E-02  9.103E-02  1.461E-06  9.411E-01  0.000E+00  6.283E+00
  9.103E-02  9.912E-02  1.482E-06  8.903E-01  0.000E+00  6.283E+00
  9.912E-02  1.079E-01  1.565E-06  1.222E+00  0.000E+00  6.283E+00
  1.079E-01  1.175E-01  1.585E-06  9.413E-01  0.000E+00  6.283E+00
  1.175E-01  1.280E-01  1.654E-06  8.881E-01  0.000E+00  6.283E+00
  1.280E-01  1.394E-01  1.713E-06  9.074E-01  0.000E+00  6.283E+00
  1.394E-01  1.517E-01  1.655E-06  8.535E-01  0.000E+00  6.283E+00
  1.517E-01  1.652E-01  1.383E-06  3.945E-01  0.000E+00  6.283E+00
  1.652E-01  1.799E-01  9.745E-07  1.843E+00  0.000E+00  6.283E+00
  1.799E-01  1.959E-01  4.819E-07  2.117E+00  0.000E+00  6.283E+00
  1.959E-01  2.133E-01  2.841E-08  3.609E+00  0.000E+00  6.283E+00
  2.133E-01  2.323E-01  0.000E+00  0.000E+00  0.000E+00  6.283E+00
  2.323E-01  2.530E-01  0.000E+00  0.000E+00  0.000E+00  6.283E+00
  2.530E-01  2.754E-01  0.000E+00  0.000E+00  0.000E+00  6.283E+00
  2.754E-01  2.999E-01  0.000E+00  0.000E+00  0.000E+00  6.283E+00
  2.999E-01  3.266E-01  0.000E+00  0.000E+00  0.000E+00  6.283E+00
  3.266E-01  3.556E-01  0.000E+00  0.000E+00  0.000E+00  6.283E+00
  3.556E-01  3.873E-01  0.000E+00  0.000E+00  0.000E+00  6.283E+00
  3.873E-01  4.217E-01  0.000E+00  0.000E+00  0.000E+00  6.283E+00
  4.217E-01  4.592E-01  0.000E+00  0.000E+00  0.000E+00  6.283E+00
  4.592E-01  5.000E-01  0.000E+00  0.000E+00  0.000E+00  6.283E+00
  5.000E-01  5.000E-01  0.000E+00  0.000E+00  0.000E+00  6.283E+00

  1.000E-04  1.000E-04  0.000E+00  0.000E+00  6.283E+00  6.283E+00
  1.089E-04  1.089E-04  0.000E+00  0.000E+00  6.283E+00  6.283E+00
  1.186E-04  1.186E-04  0.000E+00  0.000E+00  6.283E+00  6.283E+00
  1.291E-04  1.291E-04  0.000E+00  0.000E+00  6.283E+00  6.283E+00
  1.406E-04  1.406E-04  0.000E+00  0.000E+00  6.283E+00  6.283E+00
  1.531E-04  1.531E-04  0.000E+00  0.000E+00  6.283E+00  6.283E+00
  1.667E-04  1.667E-04  0.000E+00  0.000E+00  6.283E+00  6.283E+00
  1.815E-04  1.815E-04  0.000E+00  0.000E+00  6.283E+00  6.283E+00
  1.977E-04  1.977E-04  0.000E+00  0.000E+00  6.283E+00  6.283E+00
  2.152E-04  2.152E-04  0.000E+00  0.000E+00  6.283E+00  6.283E+00
  2.344E-04  2.344E-04  0.000E+00  0.000E+00  6.283E+00  6.283E+00
  2.552E-04  2.552E-04  0.000E+00  0.000E+00  6.283E+00  6.283E+00
  2.779E-04  2.779E-04  0.000E+00  0.000E+00  6.283E+00  6.283E+00
  3.026E-04  3.026E-04  0.000E+00  0.000E+00  6.283E+00  6.283E+00
  3.295E-04  3.295E-04  0.000E+00  0.000E+00  6.283E+00  6.283E+00
  3.588E-04  3.588E-04  0.000E+00  0.000E+00  6.283E+00  6.283E+00
  3.907E-04  3.907E-04  0.000E+00  0.000E+00  6.283E+00  6.283E+00
  4.254E-04  4.254E-04  0.000E+00  0.000E+00  6.283E+00  6.283E+00
  4.632E-04  4.632E-04  0.000E+00  0.000E+00  6.283E+00  6.283E+00
  5.044E-04  5.044E-04  0.000E+00  0.000E+00  6.283E+00  6.283E+00
  5.493E-04  5.493E-04  0.000E+00  0.000E+00  6.283E+00  6.283E+00
  5.981E-04  5.981E-04  0.000E+00  0.000E+00  6.283E+00  6.283E+00
  6.513E-04  6.513E-04  0.000E+00  0.000E+00  6.283E+00  6.283E+00
  7.092E-04  7.092E-04  0.000E+00  0.000E+00  6.283E+00  6.283E+00
  7.722E-04  7.722E-04  0.000E+00  0.000E+00  6.283E+00  6.283E+00
  8.409E-04  8.409E-04  0.000E+00  0.000E+00  6.283E+00  6.283E+00
  9.157E-04  9.157E-04  0.000E+00  0.000E+00  6.283E+00  6.283E+00
  9.971E-04  9.971E-04  0.000E+00  0.000E+00  6.283E+00  6.283E+00
  1.086E-03  1.086E-03  0.000E+00  0.000E+00  6.283E+00  6.283E+00
  1.182E-03  1.182E-03  0.000E+00  0.000E+00  6.283E+00  6.283E+00
  1.287E-03  1.287E-03  0.000E+00  0.000E+00  6.283E+00  6.283E+00
  1.402E-03  1.402E-03  0.000E+00  0.000E+00  6.283E+00  6.283E+00
  1.526E-03  1.526E-03  0.000E+00  0.000E+00  6.283E+00  6.283E+00
  1.662E-03  1.662E-03  0.000E+00  0.000E+00  6.283E+00  6.283E+00
  1.810E-03  1.810E-03  0.000E+00  0.000E+00  6.283E+00  6.283E+00
  1.971E-03  1.971E-03  0.000E+00  0.000E+00  6.283E+00  6.283E+00
  2.146E-03  2.146E-03  0.000E+00  0.000E+00  6.283E+00  6.283E+00
  2.337E-03  2.337E-03  0.000E+00  0.000E+00  6.283E+00  6.283E+00
  2.545E-03  2.545E-03  0.000E+00  0.000E+00  6.283E+00  6.283E+00
  2.771E-03  2.771E-03  0.000E+00  0.000E+00  6.283E+00  6.283E+00
  3.017E-03  3.017E-03  0.000E+00  0.000E+00  6.283E+00  6.283E+00
  3.285E-03  3.285E-03  0.000E+00  0.000E+00  6.283E+00  6.283E+00
  3.577E-03  3.577E-03  0.000E+00  0.000E+00  6.283E+00  6.283E+00
  3.895E-03  3.895E-03  0.000E+00  0.000E+00  6.283E+00  6.283E+00
  4.242E-03  4.242E-03  0.000E+00  0.000E+00  6.283E+00  6.283E+00
  4.619E-03  4.619E-03  0.000E+00  0.000E+00  6.283E+00  6.283E+00
  5.030E-03  5.030E-03  0.000E+00  0.000E+00  6.283E+00  6.283E+00
  5.477E-03  5.477E-03  0.000E+00  0.000E+00  6.283E+00  6.283E+00
  5.964E-03  5.964E-03  0.000E+00  0.000E+00  6.283E+00  6.283E+00
  6.494E-03  6.494E-03  0.000E+00  0.000E+00  6.283E+00  6.283E+00
  7.071E-03  7.071E-03  0.000E+00  0.000E+00  6.283E+00  6.283E+00
  7.700E-03  7.700E-03  0.000E+00  0.000E+00  6.283E+00  6.283E+00
  8.384E-03  8.384E-03  0.000E+00  0.000E+00  6.283E+00  6.283E+00
  9.130E-03  9.130E-03  0.000E+00  0.000E+00  6.283E+00  6.283E+00
  9.941E-03  9.941E-03  0.000E+00  0.000E+00  6.283E+00  6.283E+00
  1.083E-02  1.083E-02  0.000E+00  0.000E+00  6.283E+00  6.283E+00
  1.179E-02  1.179E-02  0.000E+00  0.000E+00  6.283E+00  6.283E+00
  1.284E-02  1.284E-02  0.000E+00  0.000E+00  6.283E+00  6.283E+00
  1.398E-02  1.398E-02  0.000E+00  0.000E+00  6.283E+00  6.283E+00
  1.522E-02  1.522E-02  0.000E+00  0.000E+00  6.283E+00  6.283E+00
  1.657E-02  1.657E-02  0.000E+00  0.000E+00  6.283E+00  6.283E+00
  1.805E-02  1.805E-02  0.000E+00  0.000E+00  6.283E+00  6.283E+00
  1.965E-02  1.965E-02  0.000E+00  0.000E+00  6.283E+00  6.283E+00
  2.140E-02  2.140E-02  0.000E+00  0.000E+00  6.283E+00  6.283E+00
  2.330E-02  2.330E-02  0.000E+00  0.000E+00  6.283E+00  6.283E+00
  2.537E-02  2.537E-02  0.000E+00  0.000E+00  6.283E+00  6.283E+00
  2.763E-02  2.763E-02  0.000E+00  0.000E+00  6.283E+00  6.283E+00
  3.008E-02  3.008E-02  0.000E+00  0.000E+00  6.283E+00  6.283E+00
  3.276E-02  3.276E-02  0.000E+00  0.000E+00  6.283E+00  6.283E+00
  3.567E-02  3.567E-02  0.000E+00  0.000E+00  6.283E+00  6.283E+00
  3.884E-02  3.884E-02  0.000E+00  0.000E+00  6.283E+00  6.283E+00
  4.229E-02  4.229E-02  0.000E+00  0.000E+00  6.283E+00  6.283E+00
  4.605E-02  4.605E-02  0.000E+00  0.000E+00  6.283E+00  6.283E+00
  5.015E-02  5.015E-02  0.000E+00  0.000E+00  6.283E+00  6.283E+00
  5.461E-02  5.461E-02  0.000E+00  0.000E+00  6.283E+00  6.283E+00
  5.946E-02  5.946E-02  0.000E+00  0.000E+00  6.283E+00  6.283E+00
  6.475E-02  6.475E-02  0.000E+00  0.000E+00  6.283E+00  6.283E+00
  7.050E-02  7.050E-02  0.000E+00  0.000E+00  6.283E+00  6.283E+00
  7.677E-02  7.677E-02  0.000E+00  0.000E+00  6.283E+00  6.283E+00
  8.360E-02  8.360E-02  0.000E+00  0.000E+00  6.283E+00  6.283E+00
  9.103E-02  9.103E-02  0.000E+00  0.000E+00  6.283E+00  6.283E+00
  9.912E-02  9.912E-02  0.000E+00  0.000E+00  6.283E+00  6.283E+00
  1.079E-01  1.079E-01  0.000E+00  0.000E+00  6.283E+00  6.283E+00
  1.175E-01  1.175E-01  0.000E+00  0.000E+00  6.283E+00  6.283E+00
  1.280E-01  1.280E-01  0.000E+00  0.000E+00  6.283E+00  6.283E+00
  1.394E-01  1.394E-01  0.000E+00  0.000E+00  6.283E+00  6.283E+00
  1.517E-01  1.517E-01  0.000E+00  0.000E+00  6.283E+00  6.283E+00
  1.652E-01  1.652E-01  0.000E+00  0.000E+00  6.283E+00  6.283E+00
  1.799E-01  1.799E-01  0.000E+00  0.000E+00  6.283E+00  6.283E+00
  1.959E-01  1.959E-01  0.000E+00  0.000E+00  6.283E+00  6.283E+00
  2.133E-01  2.133E-01  0.000E+00  0.000E+00  6.283E+00  6.283E+00
  2.323E-01  2.323E-01  0.000E+00  0.000E+00  6.283E+00  6.283E+00
  2.530E-01  2.530E-01  0.000E+00  0.000E+00  6.283E+00  6.283E+00
  2.754E-01  2.754E-01  0.000E+00  0.000E+00  6.283E+00  6.283E+00
  2.999E-01  2.999E-01  0.000E+00  0.000E+00  6.283E+00  6.283E+00
  3.266E-01  3.266E-01  0.000E+00  0.000E+00  6.283E+00  6.283E+00
  3.556E-01  3.556E-01  0.000E+00  0.000E+00  6.283E+00  6.283E+00
  3.873E-01  3.873E-01  0.000E+00  0.000E+00  6.283E+00  6.283E+00
  4.217E-01  4.217E-01  0.000E+00  0.000E+00  6.283E+00  6.283E+00
  4.592E-01  4.592E-01  0.000E+00  0.000E+00  6.283E+00  6.283E+00
  5.000E-01  5.000E-01  0.000E+00  0.000E+00  6.283E+00  6.283E+00
