 # Detector n:            1   BdxPhot   (integrated over solid angle)
 # N. of energy intervals         100
  1.000E-04  1.089E-04  5.328E-03  5.187E+00
  1.089E-04  1.186E-04  5.205E-03  3.499E+00
  1.186E-04  1.291E-04  4.813E-03  2.791E+00
  1.291E-04  1.406E-04  4.656E-03  4.888E+00
  1.406E-04  1.531E-04  4.457E-03  1.676E+00
  1.531E-04  1.667E-04  4.405E-03  1.895E+00
  1.667E-04  1.815E-04  5.483E-03  4.691E+00
  1.815E-04  1.977E-04  4.649E-03  2.555E+00
  1.977E-04  2.152E-04  4.195E-03  7.433E+00
  2.152E-04  2.344E-04  3.309E-03  2.378E+00
  2.344E-04  2.552E-04  3.172E-03  2.107E+00
  2.552E-04  2.779E-04  2.758E-03  3.177E+00
  2.779E-04  3.026E-04  2.538E-03  2.864E+00
  3.026E-04  3.295E-04  2.581E-03  4.137E+00
  3.295E-04  3.588E-04  2.318E-03  2.306E+00
  3.588E-04  3.907E-04  2.360E-03  3.117E+00
  3.907E-04  4.254E-04  2.511E-03  3.399E+00
  4.254E-04  4.632E-04  2.562E-03  1.033E+00
  4.632E-04  5.044E-04  1.867E-02  5.644E-01
  5.044E-04  5.493E-04  5.165E-04  3.960E+00
  5.493E-04  5.981E-04  2.364E-04  1.076E+01
  5.981E-04  6.513E-04  2.105E-04  7.576E+00
  6.513E-04  7.092E-04  2.203E-04  4.294E+00
  7.092E-04  7.722E-04  5.129E-04  2.256E+00
  7.722E-04  8.409E-04  1.311E-04  8.365E+00
  8.409E-04  9.157E-04  1.436E-04  8.807E+00
  9.157E-04  9.971E-04  2.802E-04  5.287E+00
  9.971E-04  1.086E-03  2.060E-04  1.750E+00
  1.086E-03  1.182E-03  1.049E-04  4.909E+00
  1.182E-03  1.287E-03  9.572E-05  9.209E+00
  1.287E-03  1.402E-03  1.427E-04  5.160E+00
  1.402E-03  1.526E-03  1.443E-04  7.651E+00
  1.526E-03  1.662E-03  1.022E-04  1.819E+01
  1.662E-03  1.810E-03  1.133E-04  1.059E+01
  1.810E-03  1.971E-03  7.903E-05  8.688E+00
  1.971E-03  2.146E-03  3.953E-04  3.668E+00
  2.146E-03  2.337E-03  3.803E-04  2.436E+00
  2.337E-03  2.545E-03  8.651E-05  4.049E+00
  2.545E-03  2.771E-03  6.542E-05  4.572E+00
  2.771E-03  3.017E-03  1.247E-04  4.735E+00
  3.017E-03  3.285E-03  5.257E-05  7.430E+00
  3.285E-03  3.577E-03  1.315E-04  6.515E+00
  3.577E-03  3.895E-03  4.486E-05  3.675E+00
  3.895E-03  4.242E-03  3.990E-05  1.941E+01
  4.242E-03  4.619E-03  9.512E-04  8.313E-01
  4.619E-03  5.030E-03  9.818E-05  5.019E+00
  5.030E-03  5.477E-03  4.531E-05  4.817E+00
  5.477E-03  5.964E-03  2.962E-05  6.700E+00
  5.964E-03  6.494E-03  3.694E-05  8.144E+00
  6.494E-03  7.071E-03  9.749E-05  6.744E+00
  7.071E-03  7.700E-03  4.731E-05  4.441E+00
  7.700E-03  8.384E-03  1.701E-05  7.788E+00
  8.384E-03  9.130E-03  3.691E-05  7.932E+00
  9.130E-03  9.941E-03  1.373E-05  8.356E+00
  9.941E-03  1.083E-02  2.427E-07  2.141E+01
  1.083E-02  1.179E-02  2.170E-07  3.990E+01
  1.179E-02  1.284E-02  1.008E-08  9.900E+01
  1.284E-02  1.398E-02  7.925E-08  5.398E+01
  1.398E-02  1.522E-02  3.605E-07  1.108E+01
  1.522E-02  1.657E-02  1.625E-07  2.297E+01
  1.657E-02  1.805E-02  0.000E+00  0.000E+00
  1.805E-02  1.965E-02  1.323E-08  9.900E+01
  1.965E-02  2.140E-02  0.000E+00  0.000E+00
  2.140E-02  2.330E-02  0.000E+00  0.000E+00
  2.330E-02  2.537E-02  0.000E+00  0.000E+00
  2.537E-02  2.763E-02  0.000E+00  0.000E+00
  2.763E-02  3.008E-02  0.000E+00  0.000E+00
  3.008E-02  3.276E-02  0.000E+00  0.000E+00
  3.276E-02  3.567E-02  0.000E+00  0.000E+00
  3.567E-02  3.884E-02  0.000E+00  0.000E+00
  3.884E-02  4.229E-02  0.000E+00  0.000E+00
  4.229E-02  4.605E-02  0.000E+00  0.000E+00
  4.605E-02  5.015E-02  0.000E+00  0.000E+00
  5.015E-02  5.461E-02  0.000E+00  0.000E+00
  5.461E-02  5.946E-02  0.000E+00  0.000E+00
  5.946E-02  6.475E-02  0.000E+00  0.000E+00
  6.475E-02  7.050E-02  0.000E+00  0.000E+00
  7.050E-02  7.677E-02  0.000E+00  0.000E+00
  7.677E-02  8.360E-02  0.000E+00  0.000E+00
  8.360E-02  9.103E-02  0.000E+00  0.000E+00
  9.103E-02  9.912E-02  0.000E+00  0.000E+00
  9.912E-02  1.079E-01  0.000E+00  0.000E+00
  1.079E-01  1.175E-01  0.000E+00  0.000E+00
  1.175E-01  1.280E-01  0.000E+00  0.000E+00
  1.280E-01  1.394E-01  0.000E+00  0.000E+00
  1.394E-01  1.517E-01  0.000E+00  0.000E+00
  1.517E-01  1.652E-01  0.000E+00  0.000E+00
  1.652E-01  1.799E-01  0.000E+00  0.000E+00
  1.799E-01  1.959E-01  0.000E+00  0.000E+00
  1.959E-01  2.133E-01  0.000E+00  0.000E+00
  2.133E-01  2.323E-01  0.000E+00  0.000E+00
  2.323E-01  2.530E-01  0.000E+00  0.000E+00
  2.530E-01  2.754E-01  0.000E+00  0.000E+00
  2.754E-01  2.999E-01  0.000E+00  0.000E+00
  2.999E-01  3.266E-01  0.000E+00  0.000E+00
  3.266E-01  3.556E-01  0.000E+00  0.000E+00
  3.556E-01  3.873E-01  0.000E+00  0.000E+00
  3.873E-01  4.217E-01  0.000E+00  0.000E+00
  4.217E-01  4.592E-01  0.000E+00  0.000E+00
  4.592E-01  5.000E-01  0.000E+00  0.000E+00


 # double differential distributions
 # number of solid angle intervals           1
 # Block n:            1     0.00000000      :   6.28318548    
  1.000E-04  1.089E-04  8.480E-04  5.187E+00  0.000E+00  6.283E+00
  1.089E-04  1.186E-04  8.284E-04  3.499E+00  0.000E+00  6.283E+00
  1.186E-04  1.291E-04  7.660E-04  2.791E+00  0.000E+00  6.283E+00
  1.291E-04  1.406E-04  7.411E-04  4.888E+00  0.000E+00  6.283E+00
  1.406E-04  1.531E-04  7.093E-04  1.676E+00  0.000E+00  6.283E+00
  1.531E-04  1.667E-04  7.012E-04  1.895E+00  0.000E+00  6.283E+00
  1.667E-04  1.815E-04  8.727E-04  4.691E+00  0.000E+00  6.283E+00
  1.815E-04  1.977E-04  7.398E-04  2.555E+00  0.000E+00  6.283E+00
  1.977E-04  2.152E-04  6.676E-04  7.433E+00  0.000E+00  6.283E+00
  2.152E-04  2.344E-04  5.267E-04  2.378E+00  0.000E+00  6.283E+00
  2.344E-04  2.552E-04  5.048E-04  2.107E+00  0.000E+00  6.283E+00
  2.552E-04  2.779E-04  4.390E-04  3.177E+00  0.000E+00  6.283E+00
  2.779E-04  3.026E-04  4.040E-04  2.864E+00  0.000E+00  6.283E+00
  3.026E-04  3.295E-04  4.108E-04  4.137E+00  0.000E+00  6.283E+00
  3.295E-04  3.588E-04  3.688E-04  2.306E+00  0.000E+00  6.283E+00
  3.588E-04  3.907E-04  3.756E-04  3.117E+00  0.000E+00  6.283E+00
  3.907E-04  4.254E-04  3.996E-04  3.399E+00  0.000E+00  6.283E+00
  4.254E-04  4.632E-04  4.078E-04  1.033E+00  0.000E+00  6.283E+00
  4.632E-04  5.044E-04  2.972E-03  5.644E-01  0.000E+00  6.283E+00
  5.044E-04  5.493E-04  8.220E-05  3.960E+00  0.000E+00  6.283E+00
  5.493E-04  5.981E-04  3.763E-05  1.076E+01  0.000E+00  6.283E+00
  5.981E-04  6.513E-04  3.350E-05  7.576E+00  0.000E+00  6.283E+00
  6.513E-04  7.092E-04  3.507E-05  4.294E+00  0.000E+00  6.283E+00
  7.092E-04  7.722E-04  8.163E-05  2.256E+00  0.000E+00  6.283E+00
  7.722E-04  8.409E-04  2.087E-05  8.365E+00  0.000E+00  6.283E+00
  8.409E-04  9.157E-04  2.285E-05  8.807E+00  0.000E+00  6.283E+00
  9.157E-04  9.971E-04  4.460E-05  5.287E+00  0.000E+00  6.283E+00
  9.971E-04  1.086E-03  3.278E-05  1.750E+00  0.000E+00  6.283E+00
  1.086E-03  1.182E-03  1.669E-05  4.909E+00  0.000E+00  6.283E+00
  1.182E-03  1.287E-03  1.523E-05  9.209E+00  0.000E+00  6.283E+00
  1.287E-03  1.402E-03  2.271E-05  5.160E+00  0.000E+00  6.283E+00
  1.402E-03  1.526E-03  2.296E-05  7.651E+00  0.000E+00  6.283E+00
  1.526E-03  1.662E-03  1.626E-05  1.819E+01  0.000E+00  6.283E+00
  1.662E-03  1.810E-03  1.803E-05  1.059E+01  0.000E+00  6.283E+00
  1.810E-03  1.971E-03  1.258E-05  8.688E+00  0.000E+00  6.283E+00
  1.971E-03  2.146E-03  6.292E-05  3.668E+00  0.000E+00  6.283E+00
  2.146E-03  2.337E-03  6.053E-05  2.436E+00  0.000E+00  6.283E+00
  2.337E-03  2.545E-03  1.377E-05  4.049E+00  0.000E+00  6.283E+00
  2.545E-03  2.771E-03  1.041E-05  4.572E+00  0.000E+00  6.283E+00
  2.771E-03  3.017E-03  1.985E-05  4.735E+00  0.000E+00  6.283E+00
  3.017E-03  3.285E-03  8.366E-06  7.430E+00  0.000E+00  6.283E+00
  3.285E-03  3.577E-03  2.092E-05  6.515E+00  0.000E+00  6.283E+00
  3.577E-03  3.895E-03  7.139E-06  3.675E+00  0.000E+00  6.283E+00
  3.895E-03  4.242E-03  6.350E-06  1.941E+01  0.000E+00  6.283E+00
  4.242E-03  4.619E-03  1.514E-04  8.313E-01  0.000E+00  6.283E+00
  4.619E-03  5.030E-03  1.563E-05  5.019E+00  0.000E+00  6.283E+00
  5.030E-03  5.477E-03  7.211E-06  4.817E+00  0.000E+00  6.283E+00
  5.477E-03  5.964E-03  4.715E-06  6.700E+00  0.000E+00  6.283E+00
  5.964E-03  6.494E-03  5.879E-06  8.144E+00  0.000E+00  6.283E+00
  6.494E-03  7.071E-03  1.552E-05  6.744E+00  0.000E+00  6.283E+00
  7.071E-03  7.700E-03  7.530E-06  4.441E+00  0.000E+00  6.283E+00
  7.700E-03  8.384E-03  2.707E-06  7.788E+00  0.000E+00  6.283E+00
  8.384E-03  9.130E-03  5.874E-06  7.932E+00  0.000E+00  6.283E+00
  9.130E-03  9.941E-03  2.186E-06  8.356E+00  0.000E+00  6.283E+00
  9.941E-03  1.083E-02  3.862E-08  2.141E+01  0.000E+00  6.283E+00
  1.083E-02  1.179E-02  3.453E-08  3.990E+01  0.000E+00  6.283E+00
  1.179E-02  1.284E-02  1.605E-09  9.900E+01  0.000E+00  6.283E+00
  1.284E-02  1.398E-02  1.261E-08  5.398E+01  0.000E+00  6.283E+00
  1.398E-02  1.522E-02  5.738E-08  1.108E+01  0.000E+00  6.283E+00
  1.522E-02  1.657E-02  2.586E-08  2.297E+01  0.000E+00  6.283E+00
  1.657E-02  1.805E-02  0.000E+00  0.000E+00  0.000E+00  6.283E+00
  1.805E-02  1.965E-02  2.105E-09  9.900E+01  0.000E+00  6.283E+00
  1.965E-02  2.140E-02  0.000E+00  0.000E+00  0.000E+00  6.283E+00
  2.140E-02  2.330E-02  0.000E+00  0.000E+00  0.000E+00  6.283E+00
  2.330E-02  2.537E-02  0.000E+00  0.000E+00  0.000E+00  6.283E+00
  2.537E-02  2.763E-02  0.000E+00  0.000E+00  0.000E+00  6.283E+00
  2.763E-02  3.008E-02  0.000E+00  0.000E+00  0.000E+00  6.283E+00
  3.008E-02  3.276E-02  0.000E+00  0.000E+00  0.000E+00  6.283E+00
  3.276E-02  3.567E-02  0.000E+00  0.000E+00  0.000E+00  6.283E+00
  3.567E-02  3.884E-02  0.000E+00  0.000E+00  0.000E+00  6.283E+00
  3.884E-02  4.229E-02  0.000E+00  0.000E+00  0.000E+00  6.283E+00
  4.229E-02  4.605E-02  0.000E+00  0.000E+00  0.000E+00  6.283E+00
  4.605E-02  5.015E-02  0.000E+00  0.000E+00  0.000E+00  6.283E+00
  5.015E-02  5.461E-02  0.000E+00  0.000E+00  0.000E+00  6.283E+00
  5.461E-02  5.946E-02  0.000E+00  0.000E+00  0.000E+00  6.283E+00
  5.946E-02  6.475E-02  0.000E+00  0.000E+00  0.000E+00  6.283E+00
  6.475E-02  7.050E-02  0.000E+00  0.000E+00  0.000E+00  6.283E+00
  7.050E-02  7.677E-02  0.000E+00  0.000E+00  0.000E+00  6.283E+00
  7.677E-02  8.360E-02  0.000E+00  0.000E+00  0.000E+00  6.283E+00
  8.360E-02  9.103E-02  0.000E+00  0.000E+00  0.000E+00  6.283E+00
  9.103E-02  9.912E-02  0.000E+00  0.000E+00  0.000E+00  6.283E+00
  9.912E-02  1.079E-01  0.000E+00  0.000E+00  0.000E+00  6.283E+00
  1.079E-01  1.175E-01  0.000E+00  0.000E+00  0.000E+00  6.283E+00
  1.175E-01  1.280E-01  0.000E+00  0.000E+00  0.000E+00  6.283E+00
  1.280E-01  1.394E-01  0.000E+00  0.000E+00  0.000E+00  6.283E+00
  1.394E-01  1.517E-01  0.000E+00  0.000E+00  0.000E+00  6.283E+00
  1.517E-01  1.652E-01  0.000E+00  0.000E+00  0.000E+00  6.283E+00
  1.652E-01  1.799E-01  0.000E+00  0.000E+00  0.000E+00  6.283E+00
  1.799E-01  1.959E-01  0.000E+00  0.000E+00  0.000E+00  6.283E+00
  1.959E-01  2.133E-01  0.000E+00  0.000E+00  0.000E+00  6.283E+00
  2.133E-01  2.323E-01  0.000E+00  0.000E+00  0.000E+00  6.283E+00
  2.323E-01  2.530E-01  0.000E+00  0.000E+00  0.000E+00  6.283E+00
  2.530E-01  2.754E-01  0.000E+00  0.000E+00  0.000E+00  6.283E+00
  2.754E-01  2.999E-01  0.000E+00  0.000E+00  0.000E+00  6.283E+00
  2.999E-01  3.266E-01  0.000E+00  0.000E+00  0.000E+00  6.283E+00
  3.266E-01  3.556E-01  0.000E+00  0.000E+00  0.000E+00  6.283E+00
  3.556E-01  3.873E-01  0.000E+00  0.000E+00  0.000E+00  6.283E+00
  3.873E-01  4.217E-01  0.000E+00  0.000E+00  0.000E+00  6.283E+00
  4.217E-01  4.592E-01  0.000E+00  0.000E+00  0.000E+00  6.283E+00
  4.592E-01  5.000E-01  0.000E+00  0.000E+00  0.000E+00  6.283E+00
  5.000E-01  5.000E-01  0.000E+00  0.000E+00  0.000E+00  6.283E+00

  1.000E-04  1.000E-04  0.000E+00  0.000E+00  6.283E+00  6.283E+00
  1.089E-04  1.089E-04  0.000E+00  0.000E+00  6.283E+00  6.283E+00
  1.186E-04  1.186E-04  0.000E+00  0.000E+00  6.283E+00  6.283E+00
  1.291E-04  1.291E-04  0.000E+00  0.000E+00  6.283E+00  6.283E+00
  1.406E-04  1.406E-04  0.000E+00  0.000E+00  6.283E+00  6.283E+00
  1.531E-04  1.531E-04  0.000E+00  0.000E+00  6.283E+00  6.283E+00
  1.667E-04  1.667E-04  0.000E+00  0.000E+00  6.283E+00  6.283E+00
  1.815E-04  1.815E-04  0.000E+00  0.000E+00  6.283E+00  6.283E+00
  1.977E-04  1.977E-04  0.000E+00  0.000E+00  6.283E+00  6.283E+00
  2.152E-04  2.152E-04  0.000E+00  0.000E+00  6.283E+00  6.283E+00
  2.344E-04  2.344E-04  0.000E+00  0.000E+00  6.283E+00  6.283E+00
  2.552E-04  2.552E-04  0.000E+00  0.000E+00  6.283E+00  6.283E+00
  2.779E-04  2.779E-04  0.000E+00  0.000E+00  6.283E+00  6.283E+00
  3.026E-04  3.026E-04  0.000E+00  0.000E+00  6.283E+00  6.283E+00
  3.295E-04  3.295E-04  0.000E+00  0.000E+00  6.283E+00  6.283E+00
  3.588E-04  3.588E-04  0.000E+00  0.000E+00  6.283E+00  6.283E+00
  3.907E-04  3.907E-04  0.000E+00  0.000E+00  6.283E+00  6.283E+00
  4.254E-04  4.254E-04  0.000E+00  0.000E+00  6.283E+00  6.283E+00
  4.632E-04  4.632E-04  0.000E+00  0.000E+00  6.283E+00  6.283E+00
  5.044E-04  5.044E-04  0.000E+00  0.000E+00  6.283E+00  6.283E+00
  5.493E-04  5.493E-04  0.000E+00  0.000E+00  6.283E+00  6.283E+00
  5.981E-04  5.981E-04  0.000E+00  0.000E+00  6.283E+00  6.283E+00
  6.513E-04  6.513E-04  0.000E+00  0.000E+00  6.283E+00  6.283E+00
  7.092E-04  7.092E-04  0.000E+00  0.000E+00  6.283E+00  6.283E+00
  7.722E-04  7.722E-04  0.000E+00  0.000E+00  6.283E+00  6.283E+00
  8.409E-04  8.409E-04  0.000E+00  0.000E+00  6.283E+00  6.283E+00
  9.157E-04  9.157E-04  0.000E+00  0.000E+00  6.283E+00  6.283E+00
  9.971E-04  9.971E-04  0.000E+00  0.000E+00  6.283E+00  6.283E+00
  1.086E-03  1.086E-03  0.000E+00  0.000E+00  6.283E+00  6.283E+00
  1.182E-03  1.182E-03  0.000E+00  0.000E+00  6.283E+00  6.283E+00
  1.287E-03  1.287E-03  0.000E+00  0.000E+00  6.283E+00  6.283E+00
  1.402E-03  1.402E-03  0.000E+00  0.000E+00  6.283E+00  6.283E+00
  1.526E-03  1.526E-03  0.000E+00  0.000E+00  6.283E+00  6.283E+00
  1.662E-03  1.662E-03  0.000E+00  0.000E+00  6.283E+00  6.283E+00
  1.810E-03  1.810E-03  0.000E+00  0.000E+00  6.283E+00  6.283E+00
  1.971E-03  1.971E-03  0.000E+00  0.000E+00  6.283E+00  6.283E+00
  2.146E-03  2.146E-03  0.000E+00  0.000E+00  6.283E+00  6.283E+00
  2.337E-03  2.337E-03  0.000E+00  0.000E+00  6.283E+00  6.283E+00
  2.545E-03  2.545E-03  0.000E+00  0.000E+00  6.283E+00  6.283E+00
  2.771E-03  2.771E-03  0.000E+00  0.000E+00  6.283E+00  6.283E+00
  3.017E-03  3.017E-03  0.000E+00  0.000E+00  6.283E+00  6.283E+00
  3.285E-03  3.285E-03  0.000E+00  0.000E+00  6.283E+00  6.283E+00
  3.577E-03  3.577E-03  0.000E+00  0.000E+00  6.283E+00  6.283E+00
  3.895E-03  3.895E-03  0.000E+00  0.000E+00  6.283E+00  6.283E+00
  4.242E-03  4.242E-03  0.000E+00  0.000E+00  6.283E+00  6.283E+00
  4.619E-03  4.619E-03  0.000E+00  0.000E+00  6.283E+00  6.283E+00
  5.030E-03  5.030E-03  0.000E+00  0.000E+00  6.283E+00  6.283E+00
  5.477E-03  5.477E-03  0.000E+00  0.000E+00  6.283E+00  6.283E+00
  5.964E-03  5.964E-03  0.000E+00  0.000E+00  6.283E+00  6.283E+00
  6.494E-03  6.494E-03  0.000E+00  0.000E+00  6.283E+00  6.283E+00
  7.071E-03  7.071E-03  0.000E+00  0.000E+00  6.283E+00  6.283E+00
  7.700E-03  7.700E-03  0.000E+00  0.000E+00  6.283E+00  6.283E+00
  8.384E-03  8.384E-03  0.000E+00  0.000E+00  6.283E+00  6.283E+00
  9.130E-03  9.130E-03  0.000E+00  0.000E+00  6.283E+00  6.283E+00
  9.941E-03  9.941E-03  0.000E+00  0.000E+00  6.283E+00  6.283E+00
  1.083E-02  1.083E-02  0.000E+00  0.000E+00  6.283E+00  6.283E+00
  1.179E-02  1.179E-02  0.000E+00  0.000E+00  6.283E+00  6.283E+00
  1.284E-02  1.284E-02  0.000E+00  0.000E+00  6.283E+00  6.283E+00
  1.398E-02  1.398E-02  0.000E+00  0.000E+00  6.283E+00  6.283E+00
  1.522E-02  1.522E-02  0.000E+00  0.000E+00  6.283E+00  6.283E+00
  1.657E-02  1.657E-02  0.000E+00  0.000E+00  6.283E+00  6.283E+00
  1.805E-02  1.805E-02  0.000E+00  0.000E+00  6.283E+00  6.283E+00
  1.965E-02  1.965E-02  0.000E+00  0.000E+00  6.283E+00  6.283E+00
  2.140E-02  2.140E-02  0.000E+00  0.000E+00  6.283E+00  6.283E+00
  2.330E-02  2.330E-02  0.000E+00  0.000E+00  6.283E+00  6.283E+00
  2.537E-02  2.537E-02  0.000E+00  0.000E+00  6.283E+00  6.283E+00
  2.763E-02  2.763E-02  0.000E+00  0.000E+00  6.283E+00  6.283E+00
  3.008E-02  3.008E-02  0.000E+00  0.000E+00  6.283E+00  6.283E+00
  3.276E-02  3.276E-02  0.000E+00  0.000E+00  6.283E+00  6.283E+00
  3.567E-02  3.567E-02  0.000E+00  0.000E+00  6.283E+00  6.283E+00
  3.884E-02  3.884E-02  0.000E+00  0.000E+00  6.283E+00  6.283E+00
  4.229E-02  4.229E-02  0.000E+00  0.000E+00  6.283E+00  6.283E+00
  4.605E-02  4.605E-02  0.000E+00  0.000E+00  6.283E+00  6.283E+00
  5.015E-02  5.015E-02  0.000E+00  0.000E+00  6.283E+00  6.283E+00
  5.461E-02  5.461E-02  0.000E+00  0.000E+00  6.283E+00  6.283E+00
  5.946E-02  5.946E-02  0.000E+00  0.000E+00  6.283E+00  6.283E+00
  6.475E-02  6.475E-02  0.000E+00  0.000E+00  6.283E+00  6.283E+00
  7.050E-02  7.050E-02  0.000E+00  0.000E+00  6.283E+00  6.283E+00
  7.677E-02  7.677E-02  0.000E+00  0.000E+00  6.283E+00  6.283E+00
  8.360E-02  8.360E-02  0.000E+00  0.000E+00  6.283E+00  6.283E+00
  9.103E-02  9.103E-02  0.000E+00  0.000E+00  6.283E+00  6.283E+00
  9.912E-02  9.912E-02  0.000E+00  0.000E+00  6.283E+00  6.283E+00
  1.079E-01  1.079E-01  0.000E+00  0.000E+00  6.283E+00  6.283E+00
  1.175E-01  1.175E-01  0.000E+00  0.000E+00  6.283E+00  6.283E+00
  1.280E-01  1.280E-01  0.000E+00  0.000E+00  6.283E+00  6.283E+00
  1.394E-01  1.394E-01  0.000E+00  0.000E+00  6.283E+00  6.283E+00
  1.517E-01  1.517E-01  0.000E+00  0.000E+00  6.283E+00  6.283E+00
  1.652E-01  1.652E-01  0.000E+00  0.000E+00  6.283E+00  6.283E+00
  1.799E-01  1.799E-01  0.000E+00  0.000E+00  6.283E+00  6.283E+00
  1.959E-01  1.959E-01  0.000E+00  0.000E+00  6.283E+00  6.283E+00
  2.133E-01  2.133E-01  0.000E+00  0.000E+00  6.283E+00  6.283E+00
  2.323E-01  2.323E-01  0.000E+00  0.000E+00  6.283E+00  6.283E+00
  2.530E-01  2.530E-01  0.000E+00  0.000E+00  6.283E+00  6.283E+00
  2.754E-01  2.754E-01  0.000E+00  0.000E+00  6.283E+00  6.283E+00
  2.999E-01  2.999E-01  0.000E+00  0.000E+00  6.283E+00  6.283E+00
  3.266E-01  3.266E-01  0.000E+00  0.000E+00  6.283E+00  6.283E+00
  3.556E-01  3.556E-01  0.000E+00  0.000E+00  6.283E+00  6.283E+00
  3.873E-01  3.873E-01  0.000E+00  0.000E+00  6.283E+00  6.283E+00
  4.217E-01  4.217E-01  0.000E+00  0.000E+00  6.283E+00  6.283E+00
  4.592E-01  4.592E-01  0.000E+00  0.000E+00  6.283E+00  6.283E+00
  5.000E-01  5.000E-01  0.000E+00  0.000E+00  6.283E+00  6.283E+00
