 # Detector n:            1   BdxPhot   (integrated over solid angle)
 # N. of energy intervals         100
  1.000E-04  1.089E-04  3.295E-03  1.933E+00
  1.089E-04  1.186E-04  3.239E-03  7.149E-01
  1.186E-04  1.291E-04  2.971E-03  4.149E+00
  1.291E-04  1.406E-04  2.727E-03  3.963E+00
  1.406E-04  1.531E-04  2.492E-03  2.197E+00
  1.531E-04  1.667E-04  2.635E-03  4.015E+00
  1.667E-04  1.815E-04  2.831E-03  3.976E+00
  1.815E-04  1.977E-04  2.526E-03  3.482E+00
  1.977E-04  2.152E-04  2.293E-03  2.767E+00
  2.152E-04  2.344E-04  1.999E-03  5.673E+00
  2.344E-04  2.552E-04  1.763E-03  3.949E+00
  2.552E-04  2.779E-04  1.724E-03  3.499E+00
  2.779E-04  3.026E-04  1.478E-03  2.377E+00
  3.026E-04  3.295E-04  1.362E-03  3.195E+00
  3.295E-04  3.588E-04  1.366E-03  1.786E+00
  3.588E-04  3.907E-04  1.278E-03  4.895E+00
  3.907E-04  4.254E-04  1.470E-03  1.615E+00
  4.254E-04  4.632E-04  1.604E-03  4.100E+00
  4.632E-04  5.044E-04  7.598E-03  5.964E-01
  5.044E-04  5.493E-04  1.001E-03  2.874E+00
  5.493E-04  5.981E-04  2.377E-04  1.180E+01
  5.981E-04  6.513E-04  2.010E-04  8.205E+00
  6.513E-04  7.092E-04  2.639E-04  6.624E+00
  7.092E-04  7.722E-04  5.741E-04  6.294E+00
  7.722E-04  8.409E-04  1.234E-04  6.861E+00
  8.409E-04  9.157E-04  1.324E-04  9.249E+00
  9.157E-04  9.971E-04  1.713E-04  8.528E+00
  9.971E-04  1.086E-03  2.530E-04  1.538E+01
  1.086E-03  1.182E-03  9.540E-05  6.072E+00
  1.182E-03  1.287E-03  9.373E-05  6.847E+00
  1.287E-03  1.402E-03  1.439E-04  7.909E+00
  1.402E-03  1.526E-03  1.391E-04  2.181E+00
  1.526E-03  1.662E-03  6.990E-05  2.398E+00
  1.662E-03  1.810E-03  8.714E-05  6.521E+00
  1.810E-03  1.971E-03  7.001E-05  6.217E+00
  1.971E-03  2.146E-03  1.730E-04  6.604E+00
  2.146E-03  2.337E-03  1.873E-04  2.988E+00
  2.337E-03  2.545E-03  5.062E-05  8.230E+00
  2.545E-03  2.771E-03  6.453E-05  8.394E+00
  2.771E-03  3.017E-03  9.212E-05  6.347E+00
  3.017E-03  3.285E-03  3.622E-05  7.788E+00
  3.285E-03  3.577E-03  9.600E-05  6.623E+00
  3.577E-03  3.895E-03  4.073E-05  2.199E+01
  3.895E-03  4.242E-03  2.824E-05  4.324E+00
  4.242E-03  4.619E-03  2.686E-04  2.369E+00
  4.619E-03  5.030E-03  3.838E-05  5.157E+00
  5.030E-03  5.477E-03  2.403E-05  4.056E+00
  5.477E-03  5.964E-03  2.340E-05  7.888E+00
  5.964E-03  6.494E-03  3.402E-05  2.361E+01
  6.494E-03  7.071E-03  3.475E-05  8.418E+00
  7.071E-03  7.700E-03  2.278E-05  5.662E+00
  7.700E-03  8.384E-03  1.695E-05  1.221E+01
  8.384E-03  9.130E-03  1.832E-05  1.011E+01
  9.130E-03  9.941E-03  8.591E-06  5.466E+00
  9.941E-03  1.083E-02  5.598E-06  1.740E+01
  1.083E-02  1.179E-02  4.792E-06  1.266E+01
  1.179E-02  1.284E-02  4.300E-06  1.333E+01
  1.284E-02  1.398E-02  3.636E-06  1.514E+01
  1.398E-02  1.522E-02  4.110E-06  9.906E+00
  1.522E-02  1.657E-02  3.003E-06  1.537E+01
  1.657E-02  1.805E-02  4.494E-06  2.159E+01
  1.805E-02  1.965E-02  3.150E-06  1.761E+01
  1.965E-02  2.140E-02  3.229E-06  2.219E+01
  2.140E-02  2.330E-02  2.905E-06  2.017E+01
  2.330E-02  2.537E-02  2.714E-06  1.820E+01
  2.537E-02  2.763E-02  2.902E-06  1.163E+01
  2.763E-02  3.008E-02  2.865E-06  1.505E+01
  3.008E-02  3.276E-02  3.186E-06  1.467E+01
  3.276E-02  3.567E-02  4.216E-06  1.178E+01
  3.567E-02  3.884E-02  4.302E-06  1.166E+01
  3.884E-02  4.229E-02  3.847E-06  9.032E+00
  4.229E-02  4.605E-02  4.429E-06  6.045E+00
  4.605E-02  5.015E-02  4.249E-06  5.312E+00
  5.015E-02  5.461E-02  4.140E-06  1.097E+01
  5.461E-02  5.946E-02  6.465E-06  3.468E+00
  5.946E-02  6.475E-02  5.764E-06  3.412E+00
  6.475E-02  7.050E-02  6.346E-06  3.882E+00
  7.050E-02  7.677E-02  5.527E-06  3.820E+00
  7.677E-02  8.360E-02  5.472E-06  7.049E+00
  8.360E-02  9.103E-02  3.670E-06  4.753E+00
  9.103E-02  9.912E-02  3.089E-06  3.426E+00
  9.912E-02  1.079E-01  3.592E-06  4.159E+00
  1.079E-01  1.175E-01  3.217E-06  3.614E+00
  1.175E-01  1.280E-01  2.907E-06  3.723E+00
  1.280E-01  1.394E-01  3.673E-06  2.255E+00
  1.394E-01  1.517E-01  2.350E-06  2.762E+00
  1.517E-01  1.652E-01  2.043E-06  2.837E+00
  1.652E-01  1.799E-01  1.606E-06  4.589E+00
  1.799E-01  1.959E-01  1.225E-06  5.626E+00
  1.959E-01  2.133E-01  1.006E-06  7.620E+00
  2.133E-01  2.323E-01  7.286E-07  5.993E+00
  2.323E-01  2.530E-01  5.399E-07  7.006E+00
  2.530E-01  2.754E-01  3.975E-07  7.632E+00
  2.754E-01  2.999E-01  2.847E-07  4.067E+00
  2.999E-01  3.266E-01  1.699E-07  4.227E+00
  3.266E-01  3.556E-01  5.516E-08  7.648E+00
  3.556E-01  3.873E-01  1.971E-08  5.903E+00
  3.873E-01  4.217E-01  8.238E-09  9.842E+00
  4.217E-01  4.592E-01  6.018E-10  9.900E+01
  4.592E-01  5.000E-01  0.000E+00  0.000E+00


 # double differential distributions
 # number of solid angle intervals           1
 # Block n:            1     0.00000000      :   6.28318548    
  1.000E-04  1.089E-04  5.244E-04  1.933E+00  0.000E+00  6.283E+00
  1.089E-04  1.186E-04  5.155E-04  7.149E-01  0.000E+00  6.283E+00
  1.186E-04  1.291E-04  4.729E-04  4.149E+00  0.000E+00  6.283E+00
  1.291E-04  1.406E-04  4.340E-04  3.963E+00  0.000E+00  6.283E+00
  1.406E-04  1.531E-04  3.966E-04  2.197E+00  0.000E+00  6.283E+00
  1.531E-04  1.667E-04  4.194E-04  4.015E+00  0.000E+00  6.283E+00
  1.667E-04  1.815E-04  4.505E-04  3.976E+00  0.000E+00  6.283E+00
  1.815E-04  1.977E-04  4.020E-04  3.482E+00  0.000E+00  6.283E+00
  1.977E-04  2.152E-04  3.649E-04  2.767E+00  0.000E+00  6.283E+00
  2.152E-04  2.344E-04  3.182E-04  5.673E+00  0.000E+00  6.283E+00
  2.344E-04  2.552E-04  2.806E-04  3.949E+00  0.000E+00  6.283E+00
  2.552E-04  2.779E-04  2.744E-04  3.499E+00  0.000E+00  6.283E+00
  2.779E-04  3.026E-04  2.352E-04  2.377E+00  0.000E+00  6.283E+00
  3.026E-04  3.295E-04  2.167E-04  3.195E+00  0.000E+00  6.283E+00
  3.295E-04  3.588E-04  2.175E-04  1.786E+00  0.000E+00  6.283E+00
  3.588E-04  3.907E-04  2.034E-04  4.895E+00  0.000E+00  6.283E+00
  3.907E-04  4.254E-04  2.339E-04  1.615E+00  0.000E+00  6.283E+00
  4.254E-04  4.632E-04  2.552E-04  4.100E+00  0.000E+00  6.283E+00
  4.632E-04  5.044E-04  1.209E-03  5.964E-01  0.000E+00  6.283E+00
  5.044E-04  5.493E-04  1.592E-04  2.874E+00  0.000E+00  6.283E+00
  5.493E-04  5.981E-04  3.783E-05  1.180E+01  0.000E+00  6.283E+00
  5.981E-04  6.513E-04  3.200E-05  8.205E+00  0.000E+00  6.283E+00
  6.513E-04  7.092E-04  4.201E-05  6.624E+00  0.000E+00  6.283E+00
  7.092E-04  7.722E-04  9.136E-05  6.294E+00  0.000E+00  6.283E+00
  7.722E-04  8.409E-04  1.964E-05  6.861E+00  0.000E+00  6.283E+00
  8.409E-04  9.157E-04  2.108E-05  9.249E+00  0.000E+00  6.283E+00
  9.157E-04  9.971E-04  2.727E-05  8.528E+00  0.000E+00  6.283E+00
  9.971E-04  1.086E-03  4.026E-05  1.538E+01  0.000E+00  6.283E+00
  1.086E-03  1.182E-03  1.518E-05  6.072E+00  0.000E+00  6.283E+00
  1.182E-03  1.287E-03  1.492E-05  6.847E+00  0.000E+00  6.283E+00
  1.287E-03  1.402E-03  2.290E-05  7.909E+00  0.000E+00  6.283E+00
  1.402E-03  1.526E-03  2.214E-05  2.181E+00  0.000E+00  6.283E+00
  1.526E-03  1.662E-03  1.113E-05  2.398E+00  0.000E+00  6.283E+00
  1.662E-03  1.810E-03  1.387E-05  6.521E+00  0.000E+00  6.283E+00
  1.810E-03  1.971E-03  1.114E-05  6.217E+00  0.000E+00  6.283E+00
  1.971E-03  2.146E-03  2.754E-05  6.604E+00  0.000E+00  6.283E+00
  2.146E-03  2.337E-03  2.980E-05  2.988E+00  0.000E+00  6.283E+00
  2.337E-03  2.545E-03  8.056E-06  8.230E+00  0.000E+00  6.283E+00
  2.545E-03  2.771E-03  1.027E-05  8.394E+00  0.000E+00  6.283E+00
  2.771E-03  3.017E-03  1.466E-05  6.347E+00  0.000E+00  6.283E+00
  3.017E-03  3.285E-03  5.764E-06  7.788E+00  0.000E+00  6.283E+00
  3.285E-03  3.577E-03  1.528E-05  6.623E+00  0.000E+00  6.283E+00
  3.577E-03  3.895E-03  6.482E-06  2.199E+01  0.000E+00  6.283E+00
  3.895E-03  4.242E-03  4.494E-06  4.324E+00  0.000E+00  6.283E+00
  4.242E-03  4.619E-03  4.275E-05  2.369E+00  0.000E+00  6.283E+00
  4.619E-03  5.030E-03  6.109E-06  5.157E+00  0.000E+00  6.283E+00
  5.030E-03  5.477E-03  3.824E-06  4.056E+00  0.000E+00  6.283E+00
  5.477E-03  5.964E-03  3.724E-06  7.888E+00  0.000E+00  6.283E+00
  5.964E-03  6.494E-03  5.415E-06  2.361E+01  0.000E+00  6.283E+00
  6.494E-03  7.071E-03  5.531E-06  8.418E+00  0.000E+00  6.283E+00
  7.071E-03  7.700E-03  3.625E-06  5.662E+00  0.000E+00  6.283E+00
  7.700E-03  8.384E-03  2.697E-06  1.221E+01  0.000E+00  6.283E+00
  8.384E-03  9.130E-03  2.916E-06  1.011E+01  0.000E+00  6.283E+00
  9.130E-03  9.941E-03  1.367E-06  5.466E+00  0.000E+00  6.283E+00
  9.941E-03  1.083E-02  8.909E-07  1.740E+01  0.000E+00  6.283E+00
  1.083E-02  1.179E-02  7.626E-07  1.266E+01  0.000E+00  6.283E+00
  1.179E-02  1.284E-02  6.843E-07  1.333E+01  0.000E+00  6.283E+00
  1.284E-02  1.398E-02  5.787E-07  1.514E+01  0.000E+00  6.283E+00
  1.398E-02  1.522E-02  6.542E-07  9.906E+00  0.000E+00  6.283E+00
  1.522E-02  1.657E-02  4.779E-07  1.537E+01  0.000E+00  6.283E+00
  1.657E-02  1.805E-02  7.152E-07  2.159E+01  0.000E+00  6.283E+00
  1.805E-02  1.965E-02  5.013E-07  1.761E+01  0.000E+00  6.283E+00
  1.965E-02  2.140E-02  5.140E-07  2.219E+01  0.000E+00  6.283E+00
  2.140E-02  2.330E-02  4.624E-07  2.017E+01  0.000E+00  6.283E+00
  2.330E-02  2.537E-02  4.319E-07  1.820E+01  0.000E+00  6.283E+00
  2.537E-02  2.763E-02  4.618E-07  1.163E+01  0.000E+00  6.283E+00
  2.763E-02  3.008E-02  4.560E-07  1.505E+01  0.000E+00  6.283E+00
  3.008E-02  3.276E-02  5.071E-07  1.467E+01  0.000E+00  6.283E+00
  3.276E-02  3.567E-02  6.711E-07  1.178E+01  0.000E+00  6.283E+00
  3.567E-02  3.884E-02  6.847E-07  1.166E+01  0.000E+00  6.283E+00
  3.884E-02  4.229E-02  6.122E-07  9.032E+00  0.000E+00  6.283E+00
  4.229E-02  4.605E-02  7.050E-07  6.045E+00  0.000E+00  6.283E+00
  4.605E-02  5.015E-02  6.762E-07  5.312E+00  0.000E+00  6.283E+00
  5.015E-02  5.461E-02  6.589E-07  1.097E+01  0.000E+00  6.283E+00
  5.461E-02  5.946E-02  1.029E-06  3.468E+00  0.000E+00  6.283E+00
  5.946E-02  6.475E-02  9.174E-07  3.412E+00  0.000E+00  6.283E+00
  6.475E-02  7.050E-02  1.010E-06  3.882E+00  0.000E+00  6.283E+00
  7.050E-02  7.677E-02  8.796E-07  3.820E+00  0.000E+00  6.283E+00
  7.677E-02  8.360E-02  8.708E-07  7.049E+00  0.000E+00  6.283E+00
  8.360E-02  9.103E-02  5.841E-07  4.753E+00  0.000E+00  6.283E+00
  9.103E-02  9.912E-02  4.917E-07  3.426E+00  0.000E+00  6.283E+00
  9.912E-02  1.079E-01  5.716E-07  4.159E+00  0.000E+00  6.283E+00
  1.079E-01  1.175E-01  5.120E-07  3.614E+00  0.000E+00  6.283E+00
  1.175E-01  1.280E-01  4.626E-07  3.723E+00  0.000E+00  6.283E+00
  1.280E-01  1.394E-01  5.846E-07  2.255E+00  0.000E+00  6.283E+00
  1.394E-01  1.517E-01  3.740E-07  2.762E+00  0.000E+00  6.283E+00
  1.517E-01  1.652E-01  3.252E-07  2.837E+00  0.000E+00  6.283E+00
  1.652E-01  1.799E-01  2.557E-07  4.589E+00  0.000E+00  6.283E+00
  1.799E-01  1.959E-01  1.949E-07  5.626E+00  0.000E+00  6.283E+00
  1.959E-01  2.133E-01  1.601E-07  7.620E+00  0.000E+00  6.283E+00
  2.133E-01  2.323E-01  1.160E-07  5.993E+00  0.000E+00  6.283E+00
  2.323E-01  2.530E-01  8.592E-08  7.006E+00  0.000E+00  6.283E+00
  2.530E-01  2.754E-01  6.326E-08  7.632E+00  0.000E+00  6.283E+00
  2.754E-01  2.999E-01  4.531E-08  4.067E+00  0.000E+00  6.283E+00
  2.999E-01  3.266E-01  2.703E-08  4.227E+00  0.000E+00  6.283E+00
  3.266E-01  3.556E-01  8.780E-09  7.648E+00  0.000E+00  6.283E+00
  3.556E-01  3.873E-01  3.137E-09  5.903E+00  0.000E+00  6.283E+00
  3.873E-01  4.217E-01  1.311E-09  9.842E+00  0.000E+00  6.283E+00
  4.217E-01  4.592E-01  9.578E-11  9.900E+01  0.000E+00  6.283E+00
  4.592E-01  5.000E-01  0.000E+00  0.000E+00  0.000E+00  6.283E+00
  5.000E-01  5.000E-01  0.000E+00  0.000E+00  0.000E+00  6.283E+00

  1.000E-04  1.000E-04  0.000E+00  0.000E+00  6.283E+00  6.283E+00
  1.089E-04  1.089E-04  0.000E+00  0.000E+00  6.283E+00  6.283E+00
  1.186E-04  1.186E-04  0.000E+00  0.000E+00  6.283E+00  6.283E+00
  1.291E-04  1.291E-04  0.000E+00  0.000E+00  6.283E+00  6.283E+00
  1.406E-04  1.406E-04  0.000E+00  0.000E+00  6.283E+00  6.283E+00
  1.531E-04  1.531E-04  0.000E+00  0.000E+00  6.283E+00  6.283E+00
  1.667E-04  1.667E-04  0.000E+00  0.000E+00  6.283E+00  6.283E+00
  1.815E-04  1.815E-04  0.000E+00  0.000E+00  6.283E+00  6.283E+00
  1.977E-04  1.977E-04  0.000E+00  0.000E+00  6.283E+00  6.283E+00
  2.152E-04  2.152E-04  0.000E+00  0.000E+00  6.283E+00  6.283E+00
  2.344E-04  2.344E-04  0.000E+00  0.000E+00  6.283E+00  6.283E+00
  2.552E-04  2.552E-04  0.000E+00  0.000E+00  6.283E+00  6.283E+00
  2.779E-04  2.779E-04  0.000E+00  0.000E+00  6.283E+00  6.283E+00
  3.026E-04  3.026E-04  0.000E+00  0.000E+00  6.283E+00  6.283E+00
  3.295E-04  3.295E-04  0.000E+00  0.000E+00  6.283E+00  6.283E+00
  3.588E-04  3.588E-04  0.000E+00  0.000E+00  6.283E+00  6.283E+00
  3.907E-04  3.907E-04  0.000E+00  0.000E+00  6.283E+00  6.283E+00
  4.254E-04  4.254E-04  0.000E+00  0.000E+00  6.283E+00  6.283E+00
  4.632E-04  4.632E-04  0.000E+00  0.000E+00  6.283E+00  6.283E+00
  5.044E-04  5.044E-04  0.000E+00  0.000E+00  6.283E+00  6.283E+00
  5.493E-04  5.493E-04  0.000E+00  0.000E+00  6.283E+00  6.283E+00
  5.981E-04  5.981E-04  0.000E+00  0.000E+00  6.283E+00  6.283E+00
  6.513E-04  6.513E-04  0.000E+00  0.000E+00  6.283E+00  6.283E+00
  7.092E-04  7.092E-04  0.000E+00  0.000E+00  6.283E+00  6.283E+00
  7.722E-04  7.722E-04  0.000E+00  0.000E+00  6.283E+00  6.283E+00
  8.409E-04  8.409E-04  0.000E+00  0.000E+00  6.283E+00  6.283E+00
  9.157E-04  9.157E-04  0.000E+00  0.000E+00  6.283E+00  6.283E+00
  9.971E-04  9.971E-04  0.000E+00  0.000E+00  6.283E+00  6.283E+00
  1.086E-03  1.086E-03  0.000E+00  0.000E+00  6.283E+00  6.283E+00
  1.182E-03  1.182E-03  0.000E+00  0.000E+00  6.283E+00  6.283E+00
  1.287E-03  1.287E-03  0.000E+00  0.000E+00  6.283E+00  6.283E+00
  1.402E-03  1.402E-03  0.000E+00  0.000E+00  6.283E+00  6.283E+00
  1.526E-03  1.526E-03  0.000E+00  0.000E+00  6.283E+00  6.283E+00
  1.662E-03  1.662E-03  0.000E+00  0.000E+00  6.283E+00  6.283E+00
  1.810E-03  1.810E-03  0.000E+00  0.000E+00  6.283E+00  6.283E+00
  1.971E-03  1.971E-03  0.000E+00  0.000E+00  6.283E+00  6.283E+00
  2.146E-03  2.146E-03  0.000E+00  0.000E+00  6.283E+00  6.283E+00
  2.337E-03  2.337E-03  0.000E+00  0.000E+00  6.283E+00  6.283E+00
  2.545E-03  2.545E-03  0.000E+00  0.000E+00  6.283E+00  6.283E+00
  2.771E-03  2.771E-03  0.000E+00  0.000E+00  6.283E+00  6.283E+00
  3.017E-03  3.017E-03  0.000E+00  0.000E+00  6.283E+00  6.283E+00
  3.285E-03  3.285E-03  0.000E+00  0.000E+00  6.283E+00  6.283E+00
  3.577E-03  3.577E-03  0.000E+00  0.000E+00  6.283E+00  6.283E+00
  3.895E-03  3.895E-03  0.000E+00  0.000E+00  6.283E+00  6.283E+00
  4.242E-03  4.242E-03  0.000E+00  0.000E+00  6.283E+00  6.283E+00
  4.619E-03  4.619E-03  0.000E+00  0.000E+00  6.283E+00  6.283E+00
  5.030E-03  5.030E-03  0.000E+00  0.000E+00  6.283E+00  6.283E+00
  5.477E-03  5.477E-03  0.000E+00  0.000E+00  6.283E+00  6.283E+00
  5.964E-03  5.964E-03  0.000E+00  0.000E+00  6.283E+00  6.283E+00
  6.494E-03  6.494E-03  0.000E+00  0.000E+00  6.283E+00  6.283E+00
  7.071E-03  7.071E-03  0.000E+00  0.000E+00  6.283E+00  6.283E+00
  7.700E-03  7.700E-03  0.000E+00  0.000E+00  6.283E+00  6.283E+00
  8.384E-03  8.384E-03  0.000E+00  0.000E+00  6.283E+00  6.283E+00
  9.130E-03  9.130E-03  0.000E+00  0.000E+00  6.283E+00  6.283E+00
  9.941E-03  9.941E-03  0.000E+00  0.000E+00  6.283E+00  6.283E+00
  1.083E-02  1.083E-02  0.000E+00  0.000E+00  6.283E+00  6.283E+00
  1.179E-02  1.179E-02  0.000E+00  0.000E+00  6.283E+00  6.283E+00
  1.284E-02  1.284E-02  0.000E+00  0.000E+00  6.283E+00  6.283E+00
  1.398E-02  1.398E-02  0.000E+00  0.000E+00  6.283E+00  6.283E+00
  1.522E-02  1.522E-02  0.000E+00  0.000E+00  6.283E+00  6.283E+00
  1.657E-02  1.657E-02  0.000E+00  0.000E+00  6.283E+00  6.283E+00
  1.805E-02  1.805E-02  0.000E+00  0.000E+00  6.283E+00  6.283E+00
  1.965E-02  1.965E-02  0.000E+00  0.000E+00  6.283E+00  6.283E+00
  2.140E-02  2.140E-02  0.000E+00  0.000E+00  6.283E+00  6.283E+00
  2.330E-02  2.330E-02  0.000E+00  0.000E+00  6.283E+00  6.283E+00
  2.537E-02  2.537E-02  0.000E+00  0.000E+00  6.283E+00  6.283E+00
  2.763E-02  2.763E-02  0.000E+00  0.000E+00  6.283E+00  6.283E+00
  3.008E-02  3.008E-02  0.000E+00  0.000E+00  6.283E+00  6.283E+00
  3.276E-02  3.276E-02  0.000E+00  0.000E+00  6.283E+00  6.283E+00
  3.567E-02  3.567E-02  0.000E+00  0.000E+00  6.283E+00  6.283E+00
  3.884E-02  3.884E-02  0.000E+00  0.000E+00  6.283E+00  6.283E+00
  4.229E-02  4.229E-02  0.000E+00  0.000E+00  6.283E+00  6.283E+00
  4.605E-02  4.605E-02  0.000E+00  0.000E+00  6.283E+00  6.283E+00
  5.015E-02  5.015E-02  0.000E+00  0.000E+00  6.283E+00  6.283E+00
  5.461E-02  5.461E-02  0.000E+00  0.000E+00  6.283E+00  6.283E+00
  5.946E-02  5.946E-02  0.000E+00  0.000E+00  6.283E+00  6.283E+00
  6.475E-02  6.475E-02  0.000E+00  0.000E+00  6.283E+00  6.283E+00
  7.050E-02  7.050E-02  0.000E+00  0.000E+00  6.283E+00  6.283E+00
  7.677E-02  7.677E-02  0.000E+00  0.000E+00  6.283E+00  6.283E+00
  8.360E-02  8.360E-02  0.000E+00  0.000E+00  6.283E+00  6.283E+00
  9.103E-02  9.103E-02  0.000E+00  0.000E+00  6.283E+00  6.283E+00
  9.912E-02  9.912E-02  0.000E+00  0.000E+00  6.283E+00  6.283E+00
  1.079E-01  1.079E-01  0.000E+00  0.000E+00  6.283E+00  6.283E+00
  1.175E-01  1.175E-01  0.000E+00  0.000E+00  6.283E+00  6.283E+00
  1.280E-01  1.280E-01  0.000E+00  0.000E+00  6.283E+00  6.283E+00
  1.394E-01  1.394E-01  0.000E+00  0.000E+00  6.283E+00  6.283E+00
  1.517E-01  1.517E-01  0.000E+00  0.000E+00  6.283E+00  6.283E+00
  1.652E-01  1.652E-01  0.000E+00  0.000E+00  6.283E+00  6.283E+00
  1.799E-01  1.799E-01  0.000E+00  0.000E+00  6.283E+00  6.283E+00
  1.959E-01  1.959E-01  0.000E+00  0.000E+00  6.283E+00  6.283E+00
  2.133E-01  2.133E-01  0.000E+00  0.000E+00  6.283E+00  6.283E+00
  2.323E-01  2.323E-01  0.000E+00  0.000E+00  6.283E+00  6.283E+00
  2.530E-01  2.530E-01  0.000E+00  0.000E+00  6.283E+00  6.283E+00
  2.754E-01  2.754E-01  0.000E+00  0.000E+00  6.283E+00  6.283E+00
  2.999E-01  2.999E-01  0.000E+00  0.000E+00  6.283E+00  6.283E+00
  3.266E-01  3.266E-01  0.000E+00  0.000E+00  6.283E+00  6.283E+00
  3.556E-01  3.556E-01  0.000E+00  0.000E+00  6.283E+00  6.283E+00
  3.873E-01  3.873E-01  0.000E+00  0.000E+00  6.283E+00  6.283E+00
  4.217E-01  4.217E-01  0.000E+00  0.000E+00  6.283E+00  6.283E+00
  4.592E-01  4.592E-01  0.000E+00  0.000E+00  6.283E+00  6.283E+00
  5.000E-01  5.000E-01  0.000E+00  0.000E+00  6.283E+00  6.283E+00
