 # Detector n:            1   BdxPhot   (integrated over solid angle)
 # N. of energy intervals         100
  1.000E-04  1.089E-04  1.096E-03  4.174E+01
  1.089E-04  1.186E-04  5.948E-04  3.561E+01
  1.186E-04  1.291E-04  6.347E-04  8.246E+01
  1.291E-04  1.406E-04  1.946E-04  9.900E+01
  1.406E-04  1.531E-04  2.244E-04  6.491E+01
  1.531E-04  1.667E-04  2.622E-04  9.900E+01
  1.667E-04  1.815E-04  3.632E-04  4.403E+01
  1.815E-04  1.977E-04  2.436E-04  4.194E+01
  1.977E-04  2.152E-04  4.953E-04  3.063E+01
  2.152E-04  2.344E-04  1.435E-03  3.320E+01
  2.344E-04  2.552E-04  1.462E-03  1.332E+01
  2.552E-04  2.779E-04  8.536E-04  3.406E+01
  2.779E-04  3.026E-04  9.109E-04  3.608E+01
  3.026E-04  3.295E-04  1.398E-03  2.355E+01
  3.295E-04  3.588E-04  1.718E-03  1.996E+01
  3.588E-04  3.907E-04  1.648E-03  1.355E+01
  3.907E-04  4.254E-04  1.166E-03  1.031E+01
  4.254E-04  4.632E-04  1.307E-03  1.447E+01
  4.632E-04  5.044E-04  1.690E-03  2.373E+01
  5.044E-04  5.493E-04  3.822E-03  9.435E+00
  5.493E-04  5.981E-04  1.592E-03  1.439E+01
  5.981E-04  6.513E-04  2.566E-03  1.554E+01
  6.513E-04  7.092E-04  1.579E-03  5.727E+00
  7.092E-04  7.722E-04  2.588E-03  1.017E+01
  7.722E-04  8.409E-04  2.652E-03  2.232E+01
  8.409E-04  9.157E-04  2.279E-03  1.034E+01
  9.157E-04  9.971E-04  1.757E-03  7.543E+00
  9.971E-04  1.086E-03  2.196E-03  1.976E+01
  1.086E-03  1.182E-03  1.577E-03  1.432E+01
  1.182E-03  1.287E-03  1.684E-03  1.752E+01
  1.287E-03  1.402E-03  1.569E-03  9.990E+00
  1.402E-03  1.526E-03  1.365E-03  1.060E+01
  1.526E-03  1.662E-03  1.221E-03  1.222E+01
  1.662E-03  1.810E-03  6.487E-04  2.542E+01
  1.810E-03  1.971E-03  7.522E-04  4.774E+00
  1.971E-03  2.146E-03  7.410E-04  7.285E+00
  2.146E-03  2.337E-03  6.903E-04  1.513E+01
  2.337E-03  2.545E-03  7.897E-04  1.576E+01
  2.545E-03  2.771E-03  4.564E-04  1.617E+01
  2.771E-03  3.017E-03  4.365E-04  3.529E+01
  3.017E-03  3.285E-03  3.349E-04  2.382E+01
  3.285E-03  3.577E-03  3.168E-04  2.405E+01
  3.577E-03  3.895E-03  1.362E-04  2.601E+01
  3.895E-03  4.242E-03  1.217E-04  2.936E+01
  4.242E-03  4.619E-03  1.030E-04  1.692E+01
  4.619E-03  5.030E-03  5.525E-05  4.541E+01
  5.030E-03  5.477E-03  2.130E-05  4.391E+01
  5.477E-03  5.964E-03  2.624E-05  6.912E+01
  5.964E-03  6.494E-03  2.107E-06  9.900E+01
  6.494E-03  7.071E-03  2.224E-06  9.900E+01
  7.071E-03  7.700E-03  0.000E+00  0.000E+00
  7.700E-03  8.384E-03  0.000E+00  0.000E+00
  8.384E-03  9.130E-03  0.000E+00  0.000E+00
  9.130E-03  9.941E-03  0.000E+00  0.000E+00
  9.941E-03  1.083E-02  0.000E+00  0.000E+00
  1.083E-02  1.179E-02  0.000E+00  0.000E+00
  1.179E-02  1.284E-02  0.000E+00  0.000E+00
  1.284E-02  1.398E-02  0.000E+00  0.000E+00
  1.398E-02  1.522E-02  0.000E+00  0.000E+00
  1.522E-02  1.657E-02  0.000E+00  0.000E+00
  1.657E-02  1.805E-02  0.000E+00  0.000E+00
  1.805E-02  1.965E-02  0.000E+00  0.000E+00
  1.965E-02  2.140E-02  0.000E+00  0.000E+00
  2.140E-02  2.330E-02  0.000E+00  0.000E+00
  2.330E-02  2.537E-02  0.000E+00  0.000E+00
  2.537E-02  2.763E-02  0.000E+00  0.000E+00
  2.763E-02  3.008E-02  0.000E+00  0.000E+00
  3.008E-02  3.276E-02  0.000E+00  0.000E+00
  3.276E-02  3.567E-02  0.000E+00  0.000E+00
  3.567E-02  3.884E-02  0.000E+00  0.000E+00
  3.884E-02  4.229E-02  0.000E+00  0.000E+00
  4.229E-02  4.605E-02  0.000E+00  0.000E+00
  4.605E-02  5.015E-02  2.933E-07  9.900E+01
  5.015E-02  5.461E-02  0.000E+00  0.000E+00
  5.461E-02  5.946E-02  0.000E+00  0.000E+00
  5.946E-02  6.475E-02  0.000E+00  0.000E+00
  6.475E-02  7.050E-02  0.000E+00  0.000E+00
  7.050E-02  7.677E-02  0.000E+00  0.000E+00
  7.677E-02  8.360E-02  0.000E+00  0.000E+00
  8.360E-02  9.103E-02  0.000E+00  0.000E+00
  9.103E-02  9.912E-02  0.000E+00  0.000E+00
  9.912E-02  1.079E-01  0.000E+00  0.000E+00
  1.079E-01  1.175E-01  0.000E+00  0.000E+00
  1.175E-01  1.280E-01  0.000E+00  0.000E+00
  1.280E-01  1.394E-01  0.000E+00  0.000E+00
  1.394E-01  1.517E-01  0.000E+00  0.000E+00
  1.517E-01  1.652E-01  0.000E+00  0.000E+00
  1.652E-01  1.799E-01  0.000E+00  0.000E+00
  1.799E-01  1.959E-01  0.000E+00  0.000E+00
  1.959E-01  2.133E-01  0.000E+00  0.000E+00
  2.133E-01  2.323E-01  0.000E+00  0.000E+00
  2.323E-01  2.530E-01  0.000E+00  0.000E+00
  2.530E-01  2.754E-01  0.000E+00  0.000E+00
  2.754E-01  2.999E-01  0.000E+00  0.000E+00
  2.999E-01  3.266E-01  0.000E+00  0.000E+00
  3.266E-01  3.556E-01  0.000E+00  0.000E+00
  3.556E-01  3.873E-01  0.000E+00  0.000E+00
  3.873E-01  4.217E-01  0.000E+00  0.000E+00
  4.217E-01  4.592E-01  0.000E+00  0.000E+00
  4.592E-01  5.000E-01  0.000E+00  0.000E+00


 # double differential distributions
 # number of solid angle intervals           1
 # Block n:            1     0.00000000      :   6.28318548    
  1.000E-04  1.089E-04  1.744E-04  4.174E+01  0.000E+00  6.283E+00
  1.089E-04  1.186E-04  9.467E-05  3.561E+01  0.000E+00  6.283E+00
  1.186E-04  1.291E-04  1.010E-04  8.246E+01  0.000E+00  6.283E+00
  1.291E-04  1.406E-04  3.097E-05  9.900E+01  0.000E+00  6.283E+00
  1.406E-04  1.531E-04  3.572E-05  6.491E+01  0.000E+00  6.283E+00
  1.531E-04  1.667E-04  4.172E-05  9.900E+01  0.000E+00  6.283E+00
  1.667E-04  1.815E-04  5.781E-05  4.403E+01  0.000E+00  6.283E+00
  1.815E-04  1.977E-04  3.878E-05  4.194E+01  0.000E+00  6.283E+00
  1.977E-04  2.152E-04  7.883E-05  3.063E+01  0.000E+00  6.283E+00
  2.152E-04  2.344E-04  2.284E-04  3.320E+01  0.000E+00  6.283E+00
  2.344E-04  2.552E-04  2.327E-04  1.332E+01  0.000E+00  6.283E+00
  2.552E-04  2.779E-04  1.358E-04  3.406E+01  0.000E+00  6.283E+00
  2.779E-04  3.026E-04  1.450E-04  3.608E+01  0.000E+00  6.283E+00
  3.026E-04  3.295E-04  2.226E-04  2.355E+01  0.000E+00  6.283E+00
  3.295E-04  3.588E-04  2.734E-04  1.996E+01  0.000E+00  6.283E+00
  3.588E-04  3.907E-04  2.623E-04  1.355E+01  0.000E+00  6.283E+00
  3.907E-04  4.254E-04  1.856E-04  1.031E+01  0.000E+00  6.283E+00
  4.254E-04  4.632E-04  2.080E-04  1.447E+01  0.000E+00  6.283E+00
  4.632E-04  5.044E-04  2.690E-04  2.373E+01  0.000E+00  6.283E+00
  5.044E-04  5.493E-04  6.082E-04  9.435E+00  0.000E+00  6.283E+00
  5.493E-04  5.981E-04  2.533E-04  1.439E+01  0.000E+00  6.283E+00
  5.981E-04  6.513E-04  4.084E-04  1.554E+01  0.000E+00  6.283E+00
  6.513E-04  7.092E-04  2.513E-04  5.727E+00  0.000E+00  6.283E+00
  7.092E-04  7.722E-04  4.120E-04  1.017E+01  0.000E+00  6.283E+00
  7.722E-04  8.409E-04  4.221E-04  2.232E+01  0.000E+00  6.283E+00
  8.409E-04  9.157E-04  3.628E-04  1.034E+01  0.000E+00  6.283E+00
  9.157E-04  9.971E-04  2.797E-04  7.543E+00  0.000E+00  6.283E+00
  9.971E-04  1.086E-03  3.495E-04  1.976E+01  0.000E+00  6.283E+00
  1.086E-03  1.182E-03  2.509E-04  1.432E+01  0.000E+00  6.283E+00
  1.182E-03  1.287E-03  2.681E-04  1.752E+01  0.000E+00  6.283E+00
  1.287E-03  1.402E-03  2.497E-04  9.990E+00  0.000E+00  6.283E+00
  1.402E-03  1.526E-03  2.172E-04  1.060E+01  0.000E+00  6.283E+00
  1.526E-03  1.662E-03  1.943E-04  1.222E+01  0.000E+00  6.283E+00
  1.662E-03  1.810E-03  1.032E-04  2.542E+01  0.000E+00  6.283E+00
  1.810E-03  1.971E-03  1.197E-04  4.774E+00  0.000E+00  6.283E+00
  1.971E-03  2.146E-03  1.179E-04  7.285E+00  0.000E+00  6.283E+00
  2.146E-03  2.337E-03  1.099E-04  1.513E+01  0.000E+00  6.283E+00
  2.337E-03  2.545E-03  1.257E-04  1.576E+01  0.000E+00  6.283E+00
  2.545E-03  2.771E-03  7.263E-05  1.617E+01  0.000E+00  6.283E+00
  2.771E-03  3.017E-03  6.947E-05  3.529E+01  0.000E+00  6.283E+00
  3.017E-03  3.285E-03  5.330E-05  2.382E+01  0.000E+00  6.283E+00
  3.285E-03  3.577E-03  5.042E-05  2.405E+01  0.000E+00  6.283E+00
  3.577E-03  3.895E-03  2.168E-05  2.601E+01  0.000E+00  6.283E+00
  3.895E-03  4.242E-03  1.937E-05  2.936E+01  0.000E+00  6.283E+00
  4.242E-03  4.619E-03  1.640E-05  1.692E+01  0.000E+00  6.283E+00
  4.619E-03  5.030E-03  8.793E-06  4.541E+01  0.000E+00  6.283E+00
  5.030E-03  5.477E-03  3.390E-06  4.391E+01  0.000E+00  6.283E+00
  5.477E-03  5.964E-03  4.176E-06  6.912E+01  0.000E+00  6.283E+00
  5.964E-03  6.494E-03  3.353E-07  9.900E+01  0.000E+00  6.283E+00
  6.494E-03  7.071E-03  3.540E-07  9.900E+01  0.000E+00  6.283E+00
  7.071E-03  7.700E-03  0.000E+00  0.000E+00  0.000E+00  6.283E+00
  7.700E-03  8.384E-03  0.000E+00  0.000E+00  0.000E+00  6.283E+00
  8.384E-03  9.130E-03  0.000E+00  0.000E+00  0.000E+00  6.283E+00
  9.130E-03  9.941E-03  0.000E+00  0.000E+00  0.000E+00  6.283E+00
  9.941E-03  1.083E-02  0.000E+00  0.000E+00  0.000E+00  6.283E+00
  1.083E-02  1.179E-02  0.000E+00  0.000E+00  0.000E+00  6.283E+00
  1.179E-02  1.284E-02  0.000E+00  0.000E+00  0.000E+00  6.283E+00
  1.284E-02  1.398E-02  0.000E+00  0.000E+00  0.000E+00  6.283E+00
  1.398E-02  1.522E-02  0.000E+00  0.000E+00  0.000E+00  6.283E+00
  1.522E-02  1.657E-02  0.000E+00  0.000E+00  0.000E+00  6.283E+00
  1.657E-02  1.805E-02  0.000E+00  0.000E+00  0.000E+00  6.283E+00
  1.805E-02  1.965E-02  0.000E+00  0.000E+00  0.000E+00  6.283E+00
  1.965E-02  2.140E-02  0.000E+00  0.000E+00  0.000E+00  6.283E+00
  2.140E-02  2.330E-02  0.000E+00  0.000E+00  0.000E+00  6.283E+00
  2.330E-02  2.537E-02  0.000E+00  0.000E+00  0.000E+00  6.283E+00
  2.537E-02  2.763E-02  0.000E+00  0.000E+00  0.000E+00  6.283E+00
  2.763E-02  3.008E-02  0.000E+00  0.000E+00  0.000E+00  6.283E+00
  3.008E-02  3.276E-02  0.000E+00  0.000E+00  0.000E+00  6.283E+00
  3.276E-02  3.567E-02  0.000E+00  0.000E+00  0.000E+00  6.283E+00
  3.567E-02  3.884E-02  0.000E+00  0.000E+00  0.000E+00  6.283E+00
  3.884E-02  4.229E-02  0.000E+00  0.000E+00  0.000E+00  6.283E+00
  4.229E-02  4.605E-02  0.000E+00  0.000E+00  0.000E+00  6.283E+00
  4.605E-02  5.015E-02  4.668E-08  9.900E+01  0.000E+00  6.283E+00
  5.015E-02  5.461E-02  0.000E+00  0.000E+00  0.000E+00  6.283E+00
  5.461E-02  5.946E-02  0.000E+00  0.000E+00  0.000E+00  6.283E+00
  5.946E-02  6.475E-02  0.000E+00  0.000E+00  0.000E+00  6.283E+00
  6.475E-02  7.050E-02  0.000E+00  0.000E+00  0.000E+00  6.283E+00
  7.050E-02  7.677E-02  0.000E+00  0.000E+00  0.000E+00  6.283E+00
  7.677E-02  8.360E-02  0.000E+00  0.000E+00  0.000E+00  6.283E+00
  8.360E-02  9.103E-02  0.000E+00  0.000E+00  0.000E+00  6.283E+00
  9.103E-02  9.912E-02  0.000E+00  0.000E+00  0.000E+00  6.283E+00
  9.912E-02  1.079E-01  0.000E+00  0.000E+00  0.000E+00  6.283E+00
  1.079E-01  1.175E-01  0.000E+00  0.000E+00  0.000E+00  6.283E+00
  1.175E-01  1.280E-01  0.000E+00  0.000E+00  0.000E+00  6.283E+00
  1.280E-01  1.394E-01  0.000E+00  0.000E+00  0.000E+00  6.283E+00
  1.394E-01  1.517E-01  0.000E+00  0.000E+00  0.000E+00  6.283E+00
  1.517E-01  1.652E-01  0.000E+00  0.000E+00  0.000E+00  6.283E+00
  1.652E-01  1.799E-01  0.000E+00  0.000E+00  0.000E+00  6.283E+00
  1.799E-01  1.959E-01  0.000E+00  0.000E+00  0.000E+00  6.283E+00
  1.959E-01  2.133E-01  0.000E+00  0.000E+00  0.000E+00  6.283E+00
  2.133E-01  2.323E-01  0.000E+00  0.000E+00  0.000E+00  6.283E+00
  2.323E-01  2.530E-01  0.000E+00  0.000E+00  0.000E+00  6.283E+00
  2.530E-01  2.754E-01  0.000E+00  0.000E+00  0.000E+00  6.283E+00
  2.754E-01  2.999E-01  0.000E+00  0.000E+00  0.000E+00  6.283E+00
  2.999E-01  3.266E-01  0.000E+00  0.000E+00  0.000E+00  6.283E+00
  3.266E-01  3.556E-01  0.000E+00  0.000E+00  0.000E+00  6.283E+00
  3.556E-01  3.873E-01  0.000E+00  0.000E+00  0.000E+00  6.283E+00
  3.873E-01  4.217E-01  0.000E+00  0.000E+00  0.000E+00  6.283E+00
  4.217E-01  4.592E-01  0.000E+00  0.000E+00  0.000E+00  6.283E+00
  4.592E-01  5.000E-01  0.000E+00  0.000E+00  0.000E+00  6.283E+00
  5.000E-01  5.000E-01  0.000E+00  0.000E+00  0.000E+00  6.283E+00

  1.000E-04  1.000E-04  0.000E+00  0.000E+00  6.283E+00  6.283E+00
  1.089E-04  1.089E-04  0.000E+00  0.000E+00  6.283E+00  6.283E+00
  1.186E-04  1.186E-04  0.000E+00  0.000E+00  6.283E+00  6.283E+00
  1.291E-04  1.291E-04  0.000E+00  0.000E+00  6.283E+00  6.283E+00
  1.406E-04  1.406E-04  0.000E+00  0.000E+00  6.283E+00  6.283E+00
  1.531E-04  1.531E-04  0.000E+00  0.000E+00  6.283E+00  6.283E+00
  1.667E-04  1.667E-04  0.000E+00  0.000E+00  6.283E+00  6.283E+00
  1.815E-04  1.815E-04  0.000E+00  0.000E+00  6.283E+00  6.283E+00
  1.977E-04  1.977E-04  0.000E+00  0.000E+00  6.283E+00  6.283E+00
  2.152E-04  2.152E-04  0.000E+00  0.000E+00  6.283E+00  6.283E+00
  2.344E-04  2.344E-04  0.000E+00  0.000E+00  6.283E+00  6.283E+00
  2.552E-04  2.552E-04  0.000E+00  0.000E+00  6.283E+00  6.283E+00
  2.779E-04  2.779E-04  0.000E+00  0.000E+00  6.283E+00  6.283E+00
  3.026E-04  3.026E-04  0.000E+00  0.000E+00  6.283E+00  6.283E+00
  3.295E-04  3.295E-04  0.000E+00  0.000E+00  6.283E+00  6.283E+00
  3.588E-04  3.588E-04  0.000E+00  0.000E+00  6.283E+00  6.283E+00
  3.907E-04  3.907E-04  0.000E+00  0.000E+00  6.283E+00  6.283E+00
  4.254E-04  4.254E-04  0.000E+00  0.000E+00  6.283E+00  6.283E+00
  4.632E-04  4.632E-04  0.000E+00  0.000E+00  6.283E+00  6.283E+00
  5.044E-04  5.044E-04  0.000E+00  0.000E+00  6.283E+00  6.283E+00
  5.493E-04  5.493E-04  0.000E+00  0.000E+00  6.283E+00  6.283E+00
  5.981E-04  5.981E-04  0.000E+00  0.000E+00  6.283E+00  6.283E+00
  6.513E-04  6.513E-04  0.000E+00  0.000E+00  6.283E+00  6.283E+00
  7.092E-04  7.092E-04  0.000E+00  0.000E+00  6.283E+00  6.283E+00
  7.722E-04  7.722E-04  0.000E+00  0.000E+00  6.283E+00  6.283E+00
  8.409E-04  8.409E-04  0.000E+00  0.000E+00  6.283E+00  6.283E+00
  9.157E-04  9.157E-04  0.000E+00  0.000E+00  6.283E+00  6.283E+00
  9.971E-04  9.971E-04  0.000E+00  0.000E+00  6.283E+00  6.283E+00
  1.086E-03  1.086E-03  0.000E+00  0.000E+00  6.283E+00  6.283E+00
  1.182E-03  1.182E-03  0.000E+00  0.000E+00  6.283E+00  6.283E+00
  1.287E-03  1.287E-03  0.000E+00  0.000E+00  6.283E+00  6.283E+00
  1.402E-03  1.402E-03  0.000E+00  0.000E+00  6.283E+00  6.283E+00
  1.526E-03  1.526E-03  0.000E+00  0.000E+00  6.283E+00  6.283E+00
  1.662E-03  1.662E-03  0.000E+00  0.000E+00  6.283E+00  6.283E+00
  1.810E-03  1.810E-03  0.000E+00  0.000E+00  6.283E+00  6.283E+00
  1.971E-03  1.971E-03  0.000E+00  0.000E+00  6.283E+00  6.283E+00
  2.146E-03  2.146E-03  0.000E+00  0.000E+00  6.283E+00  6.283E+00
  2.337E-03  2.337E-03  0.000E+00  0.000E+00  6.283E+00  6.283E+00
  2.545E-03  2.545E-03  0.000E+00  0.000E+00  6.283E+00  6.283E+00
  2.771E-03  2.771E-03  0.000E+00  0.000E+00  6.283E+00  6.283E+00
  3.017E-03  3.017E-03  0.000E+00  0.000E+00  6.283E+00  6.283E+00
  3.285E-03  3.285E-03  0.000E+00  0.000E+00  6.283E+00  6.283E+00
  3.577E-03  3.577E-03  0.000E+00  0.000E+00  6.283E+00  6.283E+00
  3.895E-03  3.895E-03  0.000E+00  0.000E+00  6.283E+00  6.283E+00
  4.242E-03  4.242E-03  0.000E+00  0.000E+00  6.283E+00  6.283E+00
  4.619E-03  4.619E-03  0.000E+00  0.000E+00  6.283E+00  6.283E+00
  5.030E-03  5.030E-03  0.000E+00  0.000E+00  6.283E+00  6.283E+00
  5.477E-03  5.477E-03  0.000E+00  0.000E+00  6.283E+00  6.283E+00
  5.964E-03  5.964E-03  0.000E+00  0.000E+00  6.283E+00  6.283E+00
  6.494E-03  6.494E-03  0.000E+00  0.000E+00  6.283E+00  6.283E+00
  7.071E-03  7.071E-03  0.000E+00  0.000E+00  6.283E+00  6.283E+00
  7.700E-03  7.700E-03  0.000E+00  0.000E+00  6.283E+00  6.283E+00
  8.384E-03  8.384E-03  0.000E+00  0.000E+00  6.283E+00  6.283E+00
  9.130E-03  9.130E-03  0.000E+00  0.000E+00  6.283E+00  6.283E+00
  9.941E-03  9.941E-03  0.000E+00  0.000E+00  6.283E+00  6.283E+00
  1.083E-02  1.083E-02  0.000E+00  0.000E+00  6.283E+00  6.283E+00
  1.179E-02  1.179E-02  0.000E+00  0.000E+00  6.283E+00  6.283E+00
  1.284E-02  1.284E-02  0.000E+00  0.000E+00  6.283E+00  6.283E+00
  1.398E-02  1.398E-02  0.000E+00  0.000E+00  6.283E+00  6.283E+00
  1.522E-02  1.522E-02  0.000E+00  0.000E+00  6.283E+00  6.283E+00
  1.657E-02  1.657E-02  0.000E+00  0.000E+00  6.283E+00  6.283E+00
  1.805E-02  1.805E-02  0.000E+00  0.000E+00  6.283E+00  6.283E+00
  1.965E-02  1.965E-02  0.000E+00  0.000E+00  6.283E+00  6.283E+00
  2.140E-02  2.140E-02  0.000E+00  0.000E+00  6.283E+00  6.283E+00
  2.330E-02  2.330E-02  0.000E+00  0.000E+00  6.283E+00  6.283E+00
  2.537E-02  2.537E-02  0.000E+00  0.000E+00  6.283E+00  6.283E+00
  2.763E-02  2.763E-02  0.000E+00  0.000E+00  6.283E+00  6.283E+00
  3.008E-02  3.008E-02  0.000E+00  0.000E+00  6.283E+00  6.283E+00
  3.276E-02  3.276E-02  0.000E+00  0.000E+00  6.283E+00  6.283E+00
  3.567E-02  3.567E-02  0.000E+00  0.000E+00  6.283E+00  6.283E+00
  3.884E-02  3.884E-02  0.000E+00  0.000E+00  6.283E+00  6.283E+00
  4.229E-02  4.229E-02  0.000E+00  0.000E+00  6.283E+00  6.283E+00
  4.605E-02  4.605E-02  0.000E+00  0.000E+00  6.283E+00  6.283E+00
  5.015E-02  5.015E-02  0.000E+00  0.000E+00  6.283E+00  6.283E+00
  5.461E-02  5.461E-02  0.000E+00  0.000E+00  6.283E+00  6.283E+00
  5.946E-02  5.946E-02  0.000E+00  0.000E+00  6.283E+00  6.283E+00
  6.475E-02  6.475E-02  0.000E+00  0.000E+00  6.283E+00  6.283E+00
  7.050E-02  7.050E-02  0.000E+00  0.000E+00  6.283E+00  6.283E+00
  7.677E-02  7.677E-02  0.000E+00  0.000E+00  6.283E+00  6.283E+00
  8.360E-02  8.360E-02  0.000E+00  0.000E+00  6.283E+00  6.283E+00
  9.103E-02  9.103E-02  0.000E+00  0.000E+00  6.283E+00  6.283E+00
  9.912E-02  9.912E-02  0.000E+00  0.000E+00  6.283E+00  6.283E+00
  1.079E-01  1.079E-01  0.000E+00  0.000E+00  6.283E+00  6.283E+00
  1.175E-01  1.175E-01  0.000E+00  0.000E+00  6.283E+00  6.283E+00
  1.280E-01  1.280E-01  0.000E+00  0.000E+00  6.283E+00  6.283E+00
  1.394E-01  1.394E-01  0.000E+00  0.000E+00  6.283E+00  6.283E+00
  1.517E-01  1.517E-01  0.000E+00  0.000E+00  6.283E+00  6.283E+00
  1.652E-01  1.652E-01  0.000E+00  0.000E+00  6.283E+00  6.283E+00
  1.799E-01  1.799E-01  0.000E+00  0.000E+00  6.283E+00  6.283E+00
  1.959E-01  1.959E-01  0.000E+00  0.000E+00  6.283E+00  6.283E+00
  2.133E-01  2.133E-01  0.000E+00  0.000E+00  6.283E+00  6.283E+00
  2.323E-01  2.323E-01  0.000E+00  0.000E+00  6.283E+00  6.283E+00
  2.530E-01  2.530E-01  0.000E+00  0.000E+00  6.283E+00  6.283E+00
  2.754E-01  2.754E-01  0.000E+00  0.000E+00  6.283E+00  6.283E+00
  2.999E-01  2.999E-01  0.000E+00  0.000E+00  6.283E+00  6.283E+00
  3.266E-01  3.266E-01  0.000E+00  0.000E+00  6.283E+00  6.283E+00
  3.556E-01  3.556E-01  0.000E+00  0.000E+00  6.283E+00  6.283E+00
  3.873E-01  3.873E-01  0.000E+00  0.000E+00  6.283E+00  6.283E+00
  4.217E-01  4.217E-01  0.000E+00  0.000E+00  6.283E+00  6.283E+00
  4.592E-01  4.592E-01  0.000E+00  0.000E+00  6.283E+00  6.283E+00
  5.000E-01  5.000E-01  0.000E+00  0.000E+00  6.283E+00  6.283E+00
