 # Detector n:            1   BdxPhot   (integrated over solid angle)
 # N. of energy intervals         100
  1.000E-04  1.089E-04  3.708E-02  6.647E-01
  1.089E-04  1.186E-04  3.616E-02  9.128E-01
  1.186E-04  1.291E-04  3.388E-02  1.472E+00
  1.291E-04  1.406E-04  3.103E-02  8.588E-01
  1.406E-04  1.531E-04  2.968E-02  1.749E+00
  1.531E-04  1.667E-04  2.872E-02  1.045E+00
  1.667E-04  1.815E-04  3.260E-02  1.783E+00
  1.815E-04  1.977E-04  2.962E-02  1.454E+00
  1.977E-04  2.152E-04  2.553E-02  8.488E-01
  2.152E-04  2.344E-04  2.253E-02  1.229E+00
  2.344E-04  2.552E-04  2.021E-02  1.701E+00
  2.552E-04  2.779E-04  1.804E-02  1.208E+00
  2.779E-04  3.026E-04  1.744E-02  1.414E+00
  3.026E-04  3.295E-04  1.659E-02  1.134E+00
  3.295E-04  3.588E-04  1.630E-02  1.058E+00
  3.588E-04  3.907E-04  1.645E-02  1.075E+00
  3.907E-04  4.254E-04  1.657E-02  2.918E-01
  4.254E-04  4.632E-04  1.711E-02  7.828E-01
  4.632E-04  5.044E-04  1.051E-01  7.614E-02
  5.044E-04  5.493E-04  1.177E-04  3.755E+00
  5.493E-04  5.981E-04  7.129E-05  1.184E+01
  5.981E-04  6.513E-04  8.372E-05  4.461E+00
  6.513E-04  7.092E-04  6.703E-05  1.346E+01
  7.092E-04  7.722E-04  6.058E-05  1.198E+01
  7.722E-04  8.409E-04  5.874E-05  7.035E+00
  8.409E-04  9.157E-04  5.858E-05  1.121E+01
  9.157E-04  9.971E-04  5.320E-05  6.787E+00
  9.971E-04  1.086E-03  6.138E-05  8.359E+00
  1.086E-03  1.182E-03  4.467E-05  1.005E+01
  1.182E-03  1.287E-03  4.917E-05  6.300E+00
  1.287E-03  1.402E-03  4.716E-05  6.560E+00
  1.402E-03  1.526E-03  5.183E-05  7.388E+00
  1.526E-03  1.662E-03  5.593E-05  7.006E+00
  1.662E-03  1.810E-03  4.704E-05  6.318E+00
  1.810E-03  1.971E-03  4.741E-05  2.837E+00
  1.971E-03  2.146E-03  5.413E-05  4.194E+00
  2.146E-03  2.337E-03  9.713E-04  4.983E-01
  2.337E-03  2.545E-03  8.689E-07  4.061E+01
  2.545E-03  2.771E-03  4.532E-07  2.608E+01
  2.771E-03  3.017E-03  1.338E-07  6.501E+01
  3.017E-03  3.285E-03  3.549E-07  7.159E+01
  3.285E-03  3.577E-03  3.821E-07  1.654E+01
  3.577E-03  3.895E-03  6.976E-07  2.969E+01
  3.895E-03  4.242E-03  4.259E-07  2.939E+01
  4.242E-03  4.619E-03  9.042E-07  3.022E+01
  4.619E-03  5.030E-03  2.593E-06  1.089E+01
  5.030E-03  5.477E-03  0.000E+00  0.000E+00
  5.477E-03  5.964E-03  2.214E-07  7.254E+01
  5.964E-03  6.494E-03  1.339E-07  7.922E+01
  6.494E-03  7.071E-03  6.148E-07  2.867E+01
  7.071E-03  7.700E-03  2.360E-07  2.862E+01
  7.700E-03  8.384E-03  5.851E-08  9.900E+01
  8.384E-03  9.130E-03  4.352E-08  6.195E+01
  9.130E-03  9.941E-03  1.766E-07  3.541E+01
  9.941E-03  1.083E-02  0.000E+00  0.000E+00
  1.083E-02  1.179E-02  4.266E-07  2.158E+01
  1.179E-02  1.284E-02  0.000E+00  0.000E+00
  1.284E-02  1.398E-02  0.000E+00  0.000E+00
  1.398E-02  1.522E-02  0.000E+00  0.000E+00
  1.522E-02  1.657E-02  0.000E+00  0.000E+00
  1.657E-02  1.805E-02  0.000E+00  0.000E+00
  1.805E-02  1.965E-02  0.000E+00  0.000E+00
  1.965E-02  2.140E-02  0.000E+00  0.000E+00
  2.140E-02  2.330E-02  0.000E+00  0.000E+00
  2.330E-02  2.537E-02  0.000E+00  0.000E+00
  2.537E-02  2.763E-02  0.000E+00  0.000E+00
  2.763E-02  3.008E-02  0.000E+00  0.000E+00
  3.008E-02  3.276E-02  0.000E+00  0.000E+00
  3.276E-02  3.567E-02  0.000E+00  0.000E+00
  3.567E-02  3.884E-02  0.000E+00  0.000E+00
  3.884E-02  4.229E-02  0.000E+00  0.000E+00
  4.229E-02  4.605E-02  0.000E+00  0.000E+00
  4.605E-02  5.015E-02  0.000E+00  0.000E+00
  5.015E-02  5.461E-02  0.000E+00  0.000E+00
  5.461E-02  5.946E-02  0.000E+00  0.000E+00
  5.946E-02  6.475E-02  0.000E+00  0.000E+00
  6.475E-02  7.050E-02  0.000E+00  0.000E+00
  7.050E-02  7.677E-02  0.000E+00  0.000E+00
  7.677E-02  8.360E-02  0.000E+00  0.000E+00
  8.360E-02  9.103E-02  0.000E+00  0.000E+00
  9.103E-02  9.912E-02  0.000E+00  0.000E+00
  9.912E-02  1.079E-01  0.000E+00  0.000E+00
  1.079E-01  1.175E-01  0.000E+00  0.000E+00
  1.175E-01  1.280E-01  0.000E+00  0.000E+00
  1.280E-01  1.394E-01  0.000E+00  0.000E+00
  1.394E-01  1.517E-01  0.000E+00  0.000E+00
  1.517E-01  1.652E-01  0.000E+00  0.000E+00
  1.652E-01  1.799E-01  0.000E+00  0.000E+00
  1.799E-01  1.959E-01  0.000E+00  0.000E+00
  1.959E-01  2.133E-01  0.000E+00  0.000E+00
  2.133E-01  2.323E-01  0.000E+00  0.000E+00
  2.323E-01  2.530E-01  0.000E+00  0.000E+00
  2.530E-01  2.754E-01  0.000E+00  0.000E+00
  2.754E-01  2.999E-01  0.000E+00  0.000E+00
  2.999E-01  3.266E-01  0.000E+00  0.000E+00
  3.266E-01  3.556E-01  0.000E+00  0.000E+00
  3.556E-01  3.873E-01  0.000E+00  0.000E+00
  3.873E-01  4.217E-01  0.000E+00  0.000E+00
  4.217E-01  4.592E-01  0.000E+00  0.000E+00
  4.592E-01  5.000E-01  0.000E+00  0.000E+00


 # double differential distributions
 # number of solid angle intervals           1
 # Block n:            1     0.00000000      :   6.28318548    
  1.000E-04  1.089E-04  5.902E-03  6.647E-01  0.000E+00  6.283E+00
  1.089E-04  1.186E-04  5.755E-03  9.128E-01  0.000E+00  6.283E+00
  1.186E-04  1.291E-04  5.391E-03  1.472E+00  0.000E+00  6.283E+00
  1.291E-04  1.406E-04  4.939E-03  8.588E-01  0.000E+00  6.283E+00
  1.406E-04  1.531E-04  4.724E-03  1.749E+00  0.000E+00  6.283E+00
  1.531E-04  1.667E-04  4.571E-03  1.045E+00  0.000E+00  6.283E+00
  1.667E-04  1.815E-04  5.188E-03  1.783E+00  0.000E+00  6.283E+00
  1.815E-04  1.977E-04  4.715E-03  1.454E+00  0.000E+00  6.283E+00
  1.977E-04  2.152E-04  4.063E-03  8.488E-01  0.000E+00  6.283E+00
  2.152E-04  2.344E-04  3.586E-03  1.229E+00  0.000E+00  6.283E+00
  2.344E-04  2.552E-04  3.216E-03  1.701E+00  0.000E+00  6.283E+00
  2.552E-04  2.779E-04  2.872E-03  1.208E+00  0.000E+00  6.283E+00
  2.779E-04  3.026E-04  2.776E-03  1.414E+00  0.000E+00  6.283E+00
  3.026E-04  3.295E-04  2.640E-03  1.134E+00  0.000E+00  6.283E+00
  3.295E-04  3.588E-04  2.595E-03  1.058E+00  0.000E+00  6.283E+00
  3.588E-04  3.907E-04  2.618E-03  1.075E+00  0.000E+00  6.283E+00
  3.907E-04  4.254E-04  2.637E-03  2.918E-01  0.000E+00  6.283E+00
  4.254E-04  4.632E-04  2.722E-03  7.828E-01  0.000E+00  6.283E+00
  4.632E-04  5.044E-04  1.672E-02  7.614E-02  0.000E+00  6.283E+00
  5.044E-04  5.493E-04  1.873E-05  3.755E+00  0.000E+00  6.283E+00
  5.493E-04  5.981E-04  1.135E-05  1.184E+01  0.000E+00  6.283E+00
  5.981E-04  6.513E-04  1.332E-05  4.461E+00  0.000E+00  6.283E+00
  6.513E-04  7.092E-04  1.067E-05  1.346E+01  0.000E+00  6.283E+00
  7.092E-04  7.722E-04  9.642E-06  1.198E+01  0.000E+00  6.283E+00
  7.722E-04  8.409E-04  9.349E-06  7.035E+00  0.000E+00  6.283E+00
  8.409E-04  9.157E-04  9.323E-06  1.121E+01  0.000E+00  6.283E+00
  9.157E-04  9.971E-04  8.467E-06  6.787E+00  0.000E+00  6.283E+00
  9.971E-04  1.086E-03  9.769E-06  8.359E+00  0.000E+00  6.283E+00
  1.086E-03  1.182E-03  7.110E-06  1.005E+01  0.000E+00  6.283E+00
  1.182E-03  1.287E-03  7.826E-06  6.300E+00  0.000E+00  6.283E+00
  1.287E-03  1.402E-03  7.506E-06  6.560E+00  0.000E+00  6.283E+00
  1.402E-03  1.526E-03  8.248E-06  7.388E+00  0.000E+00  6.283E+00
  1.526E-03  1.662E-03  8.901E-06  7.006E+00  0.000E+00  6.283E+00
  1.662E-03  1.810E-03  7.487E-06  6.318E+00  0.000E+00  6.283E+00
  1.810E-03  1.971E-03  7.546E-06  2.837E+00  0.000E+00  6.283E+00
  1.971E-03  2.146E-03  8.615E-06  4.194E+00  0.000E+00  6.283E+00
  2.146E-03  2.337E-03  1.546E-04  4.983E-01  0.000E+00  6.283E+00
  2.337E-03  2.545E-03  1.383E-07  4.061E+01  0.000E+00  6.283E+00
  2.545E-03  2.771E-03  7.213E-08  2.608E+01  0.000E+00  6.283E+00
  2.771E-03  3.017E-03  2.129E-08  6.501E+01  0.000E+00  6.283E+00
  3.017E-03  3.285E-03  5.648E-08  7.159E+01  0.000E+00  6.283E+00
  3.285E-03  3.577E-03  6.081E-08  1.654E+01  0.000E+00  6.283E+00
  3.577E-03  3.895E-03  1.110E-07  2.969E+01  0.000E+00  6.283E+00
  3.895E-03  4.242E-03  6.779E-08  2.939E+01  0.000E+00  6.283E+00
  4.242E-03  4.619E-03  1.439E-07  3.022E+01  0.000E+00  6.283E+00
  4.619E-03  5.030E-03  4.127E-07  1.089E+01  0.000E+00  6.283E+00
  5.030E-03  5.477E-03  0.000E+00  0.000E+00  0.000E+00  6.283E+00
  5.477E-03  5.964E-03  3.524E-08  7.254E+01  0.000E+00  6.283E+00
  5.964E-03  6.494E-03  2.131E-08  7.922E+01  0.000E+00  6.283E+00
  6.494E-03  7.071E-03  9.784E-08  2.867E+01  0.000E+00  6.283E+00
  7.071E-03  7.700E-03  3.757E-08  2.862E+01  0.000E+00  6.283E+00
  7.700E-03  8.384E-03  9.312E-09  9.900E+01  0.000E+00  6.283E+00
  8.384E-03  9.130E-03  6.927E-09  6.195E+01  0.000E+00  6.283E+00
  9.130E-03  9.941E-03  2.810E-08  3.541E+01  0.000E+00  6.283E+00
  9.941E-03  1.083E-02  0.000E+00  0.000E+00  0.000E+00  6.283E+00
  1.083E-02  1.179E-02  6.789E-08  2.158E+01  0.000E+00  6.283E+00
  1.179E-02  1.284E-02  0.000E+00  0.000E+00  0.000E+00  6.283E+00
  1.284E-02  1.398E-02  0.000E+00  0.000E+00  0.000E+00  6.283E+00
  1.398E-02  1.522E-02  0.000E+00  0.000E+00  0.000E+00  6.283E+00
  1.522E-02  1.657E-02  0.000E+00  0.000E+00  0.000E+00  6.283E+00
  1.657E-02  1.805E-02  0.000E+00  0.000E+00  0.000E+00  6.283E+00
  1.805E-02  1.965E-02  0.000E+00  0.000E+00  0.000E+00  6.283E+00
  1.965E-02  2.140E-02  0.000E+00  0.000E+00  0.000E+00  6.283E+00
  2.140E-02  2.330E-02  0.000E+00  0.000E+00  0.000E+00  6.283E+00
  2.330E-02  2.537E-02  0.000E+00  0.000E+00  0.000E+00  6.283E+00
  2.537E-02  2.763E-02  0.000E+00  0.000E+00  0.000E+00  6.283E+00
  2.763E-02  3.008E-02  0.000E+00  0.000E+00  0.000E+00  6.283E+00
  3.008E-02  3.276E-02  0.000E+00  0.000E+00  0.000E+00  6.283E+00
  3.276E-02  3.567E-02  0.000E+00  0.000E+00  0.000E+00  6.283E+00
  3.567E-02  3.884E-02  0.000E+00  0.000E+00  0.000E+00  6.283E+00
  3.884E-02  4.229E-02  0.000E+00  0.000E+00  0.000E+00  6.283E+00
  4.229E-02  4.605E-02  0.000E+00  0.000E+00  0.000E+00  6.283E+00
  4.605E-02  5.015E-02  0.000E+00  0.000E+00  0.000E+00  6.283E+00
  5.015E-02  5.461E-02  0.000E+00  0.000E+00  0.000E+00  6.283E+00
  5.461E-02  5.946E-02  0.000E+00  0.000E+00  0.000E+00  6.283E+00
  5.946E-02  6.475E-02  0.000E+00  0.000E+00  0.000E+00  6.283E+00
  6.475E-02  7.050E-02  0.000E+00  0.000E+00  0.000E+00  6.283E+00
  7.050E-02  7.677E-02  0.000E+00  0.000E+00  0.000E+00  6.283E+00
  7.677E-02  8.360E-02  0.000E+00  0.000E+00  0.000E+00  6.283E+00
  8.360E-02  9.103E-02  0.000E+00  0.000E+00  0.000E+00  6.283E+00
  9.103E-02  9.912E-02  0.000E+00  0.000E+00  0.000E+00  6.283E+00
  9.912E-02  1.079E-01  0.000E+00  0.000E+00  0.000E+00  6.283E+00
  1.079E-01  1.175E-01  0.000E+00  0.000E+00  0.000E+00  6.283E+00
  1.175E-01  1.280E-01  0.000E+00  0.000E+00  0.000E+00  6.283E+00
  1.280E-01  1.394E-01  0.000E+00  0.000E+00  0.000E+00  6.283E+00
  1.394E-01  1.517E-01  0.000E+00  0.000E+00  0.000E+00  6.283E+00
  1.517E-01  1.652E-01  0.000E+00  0.000E+00  0.000E+00  6.283E+00
  1.652E-01  1.799E-01  0.000E+00  0.000E+00  0.000E+00  6.283E+00
  1.799E-01  1.959E-01  0.000E+00  0.000E+00  0.000E+00  6.283E+00
  1.959E-01  2.133E-01  0.000E+00  0.000E+00  0.000E+00  6.283E+00
  2.133E-01  2.323E-01  0.000E+00  0.000E+00  0.000E+00  6.283E+00
  2.323E-01  2.530E-01  0.000E+00  0.000E+00  0.000E+00  6.283E+00
  2.530E-01  2.754E-01  0.000E+00  0.000E+00  0.000E+00  6.283E+00
  2.754E-01  2.999E-01  0.000E+00  0.000E+00  0.000E+00  6.283E+00
  2.999E-01  3.266E-01  0.000E+00  0.000E+00  0.000E+00  6.283E+00
  3.266E-01  3.556E-01  0.000E+00  0.000E+00  0.000E+00  6.283E+00
  3.556E-01  3.873E-01  0.000E+00  0.000E+00  0.000E+00  6.283E+00
  3.873E-01  4.217E-01  0.000E+00  0.000E+00  0.000E+00  6.283E+00
  4.217E-01  4.592E-01  0.000E+00  0.000E+00  0.000E+00  6.283E+00
  4.592E-01  5.000E-01  0.000E+00  0.000E+00  0.000E+00  6.283E+00
  5.000E-01  5.000E-01  0.000E+00  0.000E+00  0.000E+00  6.283E+00

  1.000E-04  1.000E-04  0.000E+00  0.000E+00  6.283E+00  6.283E+00
  1.089E-04  1.089E-04  0.000E+00  0.000E+00  6.283E+00  6.283E+00
  1.186E-04  1.186E-04  0.000E+00  0.000E+00  6.283E+00  6.283E+00
  1.291E-04  1.291E-04  0.000E+00  0.000E+00  6.283E+00  6.283E+00
  1.406E-04  1.406E-04  0.000E+00  0.000E+00  6.283E+00  6.283E+00
  1.531E-04  1.531E-04  0.000E+00  0.000E+00  6.283E+00  6.283E+00
  1.667E-04  1.667E-04  0.000E+00  0.000E+00  6.283E+00  6.283E+00
  1.815E-04  1.815E-04  0.000E+00  0.000E+00  6.283E+00  6.283E+00
  1.977E-04  1.977E-04  0.000E+00  0.000E+00  6.283E+00  6.283E+00
  2.152E-04  2.152E-04  0.000E+00  0.000E+00  6.283E+00  6.283E+00
  2.344E-04  2.344E-04  0.000E+00  0.000E+00  6.283E+00  6.283E+00
  2.552E-04  2.552E-04  0.000E+00  0.000E+00  6.283E+00  6.283E+00
  2.779E-04  2.779E-04  0.000E+00  0.000E+00  6.283E+00  6.283E+00
  3.026E-04  3.026E-04  0.000E+00  0.000E+00  6.283E+00  6.283E+00
  3.295E-04  3.295E-04  0.000E+00  0.000E+00  6.283E+00  6.283E+00
  3.588E-04  3.588E-04  0.000E+00  0.000E+00  6.283E+00  6.283E+00
  3.907E-04  3.907E-04  0.000E+00  0.000E+00  6.283E+00  6.283E+00
  4.254E-04  4.254E-04  0.000E+00  0.000E+00  6.283E+00  6.283E+00
  4.632E-04  4.632E-04  0.000E+00  0.000E+00  6.283E+00  6.283E+00
  5.044E-04  5.044E-04  0.000E+00  0.000E+00  6.283E+00  6.283E+00
  5.493E-04  5.493E-04  0.000E+00  0.000E+00  6.283E+00  6.283E+00
  5.981E-04  5.981E-04  0.000E+00  0.000E+00  6.283E+00  6.283E+00
  6.513E-04  6.513E-04  0.000E+00  0.000E+00  6.283E+00  6.283E+00
  7.092E-04  7.092E-04  0.000E+00  0.000E+00  6.283E+00  6.283E+00
  7.722E-04  7.722E-04  0.000E+00  0.000E+00  6.283E+00  6.283E+00
  8.409E-04  8.409E-04  0.000E+00  0.000E+00  6.283E+00  6.283E+00
  9.157E-04  9.157E-04  0.000E+00  0.000E+00  6.283E+00  6.283E+00
  9.971E-04  9.971E-04  0.000E+00  0.000E+00  6.283E+00  6.283E+00
  1.086E-03  1.086E-03  0.000E+00  0.000E+00  6.283E+00  6.283E+00
  1.182E-03  1.182E-03  0.000E+00  0.000E+00  6.283E+00  6.283E+00
  1.287E-03  1.287E-03  0.000E+00  0.000E+00  6.283E+00  6.283E+00
  1.402E-03  1.402E-03  0.000E+00  0.000E+00  6.283E+00  6.283E+00
  1.526E-03  1.526E-03  0.000E+00  0.000E+00  6.283E+00  6.283E+00
  1.662E-03  1.662E-03  0.000E+00  0.000E+00  6.283E+00  6.283E+00
  1.810E-03  1.810E-03  0.000E+00  0.000E+00  6.283E+00  6.283E+00
  1.971E-03  1.971E-03  0.000E+00  0.000E+00  6.283E+00  6.283E+00
  2.146E-03  2.146E-03  0.000E+00  0.000E+00  6.283E+00  6.283E+00
  2.337E-03  2.337E-03  0.000E+00  0.000E+00  6.283E+00  6.283E+00
  2.545E-03  2.545E-03  0.000E+00  0.000E+00  6.283E+00  6.283E+00
  2.771E-03  2.771E-03  0.000E+00  0.000E+00  6.283E+00  6.283E+00
  3.017E-03  3.017E-03  0.000E+00  0.000E+00  6.283E+00  6.283E+00
  3.285E-03  3.285E-03  0.000E+00  0.000E+00  6.283E+00  6.283E+00
  3.577E-03  3.577E-03  0.000E+00  0.000E+00  6.283E+00  6.283E+00
  3.895E-03  3.895E-03  0.000E+00  0.000E+00  6.283E+00  6.283E+00
  4.242E-03  4.242E-03  0.000E+00  0.000E+00  6.283E+00  6.283E+00
  4.619E-03  4.619E-03  0.000E+00  0.000E+00  6.283E+00  6.283E+00
  5.030E-03  5.030E-03  0.000E+00  0.000E+00  6.283E+00  6.283E+00
  5.477E-03  5.477E-03  0.000E+00  0.000E+00  6.283E+00  6.283E+00
  5.964E-03  5.964E-03  0.000E+00  0.000E+00  6.283E+00  6.283E+00
  6.494E-03  6.494E-03  0.000E+00  0.000E+00  6.283E+00  6.283E+00
  7.071E-03  7.071E-03  0.000E+00  0.000E+00  6.283E+00  6.283E+00
  7.700E-03  7.700E-03  0.000E+00  0.000E+00  6.283E+00  6.283E+00
  8.384E-03  8.384E-03  0.000E+00  0.000E+00  6.283E+00  6.283E+00
  9.130E-03  9.130E-03  0.000E+00  0.000E+00  6.283E+00  6.283E+00
  9.941E-03  9.941E-03  0.000E+00  0.000E+00  6.283E+00  6.283E+00
  1.083E-02  1.083E-02  0.000E+00  0.000E+00  6.283E+00  6.283E+00
  1.179E-02  1.179E-02  0.000E+00  0.000E+00  6.283E+00  6.283E+00
  1.284E-02  1.284E-02  0.000E+00  0.000E+00  6.283E+00  6.283E+00
  1.398E-02  1.398E-02  0.000E+00  0.000E+00  6.283E+00  6.283E+00
  1.522E-02  1.522E-02  0.000E+00  0.000E+00  6.283E+00  6.283E+00
  1.657E-02  1.657E-02  0.000E+00  0.000E+00  6.283E+00  6.283E+00
  1.805E-02  1.805E-02  0.000E+00  0.000E+00  6.283E+00  6.283E+00
  1.965E-02  1.965E-02  0.000E+00  0.000E+00  6.283E+00  6.283E+00
  2.140E-02  2.140E-02  0.000E+00  0.000E+00  6.283E+00  6.283E+00
  2.330E-02  2.330E-02  0.000E+00  0.000E+00  6.283E+00  6.283E+00
  2.537E-02  2.537E-02  0.000E+00  0.000E+00  6.283E+00  6.283E+00
  2.763E-02  2.763E-02  0.000E+00  0.000E+00  6.283E+00  6.283E+00
  3.008E-02  3.008E-02  0.000E+00  0.000E+00  6.283E+00  6.283E+00
  3.276E-02  3.276E-02  0.000E+00  0.000E+00  6.283E+00  6.283E+00
  3.567E-02  3.567E-02  0.000E+00  0.000E+00  6.283E+00  6.283E+00
  3.884E-02  3.884E-02  0.000E+00  0.000E+00  6.283E+00  6.283E+00
  4.229E-02  4.229E-02  0.000E+00  0.000E+00  6.283E+00  6.283E+00
  4.605E-02  4.605E-02  0.000E+00  0.000E+00  6.283E+00  6.283E+00
  5.015E-02  5.015E-02  0.000E+00  0.000E+00  6.283E+00  6.283E+00
  5.461E-02  5.461E-02  0.000E+00  0.000E+00  6.283E+00  6.283E+00
  5.946E-02  5.946E-02  0.000E+00  0.000E+00  6.283E+00  6.283E+00
  6.475E-02  6.475E-02  0.000E+00  0.000E+00  6.283E+00  6.283E+00
  7.050E-02  7.050E-02  0.000E+00  0.000E+00  6.283E+00  6.283E+00
  7.677E-02  7.677E-02  0.000E+00  0.000E+00  6.283E+00  6.283E+00
  8.360E-02  8.360E-02  0.000E+00  0.000E+00  6.283E+00  6.283E+00
  9.103E-02  9.103E-02  0.000E+00  0.000E+00  6.283E+00  6.283E+00
  9.912E-02  9.912E-02  0.000E+00  0.000E+00  6.283E+00  6.283E+00
  1.079E-01  1.079E-01  0.000E+00  0.000E+00  6.283E+00  6.283E+00
  1.175E-01  1.175E-01  0.000E+00  0.000E+00  6.283E+00  6.283E+00
  1.280E-01  1.280E-01  0.000E+00  0.000E+00  6.283E+00  6.283E+00
  1.394E-01  1.394E-01  0.000E+00  0.000E+00  6.283E+00  6.283E+00
  1.517E-01  1.517E-01  0.000E+00  0.000E+00  6.283E+00  6.283E+00
  1.652E-01  1.652E-01  0.000E+00  0.000E+00  6.283E+00  6.283E+00
  1.799E-01  1.799E-01  0.000E+00  0.000E+00  6.283E+00  6.283E+00
  1.959E-01  1.959E-01  0.000E+00  0.000E+00  6.283E+00  6.283E+00
  2.133E-01  2.133E-01  0.000E+00  0.000E+00  6.283E+00  6.283E+00
  2.323E-01  2.323E-01  0.000E+00  0.000E+00  6.283E+00  6.283E+00
  2.530E-01  2.530E-01  0.000E+00  0.000E+00  6.283E+00  6.283E+00
  2.754E-01  2.754E-01  0.000E+00  0.000E+00  6.283E+00  6.283E+00
  2.999E-01  2.999E-01  0.000E+00  0.000E+00  6.283E+00  6.283E+00
  3.266E-01  3.266E-01  0.000E+00  0.000E+00  6.283E+00  6.283E+00
  3.556E-01  3.556E-01  0.000E+00  0.000E+00  6.283E+00  6.283E+00
  3.873E-01  3.873E-01  0.000E+00  0.000E+00  6.283E+00  6.283E+00
  4.217E-01  4.217E-01  0.000E+00  0.000E+00  6.283E+00  6.283E+00
  4.592E-01  4.592E-01  0.000E+00  0.000E+00  6.283E+00  6.283E+00
  5.000E-01  5.000E-01  0.000E+00  0.000E+00  6.283E+00  6.283E+00
