 # Detector n:            1   BdxPhot   (integrated over solid angle)
 # N. of energy intervals         100
  1.000E-04  1.089E-04  0.000E+00  0.000E+00
  1.089E-04  1.186E-04  0.000E+00  0.000E+00
  1.186E-04  1.291E-04  0.000E+00  0.000E+00
  1.291E-04  1.406E-04  0.000E+00  0.000E+00
  1.406E-04  1.531E-04  0.000E+00  0.000E+00
  1.531E-04  1.667E-04  0.000E+00  0.000E+00
  1.667E-04  1.815E-04  0.000E+00  0.000E+00
  1.815E-04  1.977E-04  0.000E+00  0.000E+00
  1.977E-04  2.152E-04  7.707E-06  9.900E+01
  2.152E-04  2.344E-04  5.137E-06  9.900E+01
  2.344E-04  2.552E-04  1.395E-05  6.449E+01
  2.552E-04  2.779E-04  0.000E+00  0.000E+00
  2.779E-04  3.026E-04  2.058E-06  9.900E+01
  3.026E-04  3.295E-04  0.000E+00  0.000E+00
  3.295E-04  3.588E-04  1.918E-06  9.900E+01
  3.588E-04  3.907E-04  4.045E-06  6.374E+01
  3.907E-04  4.254E-04  9.688E-06  5.505E+01
  4.254E-04  4.632E-04  5.534E-06  4.537E+01
  4.632E-04  5.044E-04  1.273E-06  9.900E+01
  5.044E-04  5.493E-04  1.147E-05  4.153E+01
  5.493E-04  5.981E-04  7.481E-06  4.753E+01
  5.981E-04  6.513E-04  3.832E-06  9.900E+01
  6.513E-04  7.092E-04  3.764E-06  4.251E+01
  7.092E-04  7.722E-04  1.233E-05  2.864E+01
  7.722E-04  8.409E-04  2.991E-06  7.159E+01
  8.409E-04  9.157E-04  6.236E-06  2.387E+01
  9.157E-04  9.971E-04  4.699E-06  4.820E+01
  9.971E-04  1.086E-03  5.295E-06  4.582E+01
  1.086E-03  1.182E-03  5.812E-06  5.661E+01
  1.182E-03  1.287E-03  5.154E-06  3.471E+01
  1.287E-03  1.402E-03  6.063E-06  2.836E+01
  1.402E-03  1.526E-03  3.182E-06  5.070E+01
  1.526E-03  1.662E-03  2.373E-06  3.151E+01
  1.662E-03  1.810E-03  5.296E-06  2.872E+01
  1.810E-03  1.971E-03  4.596E-06  3.403E+01
  1.971E-03  2.146E-03  6.959E-06  2.731E+01
  2.146E-03  2.337E-03  5.499E-06  7.111E+01
  2.337E-03  2.545E-03  3.180E-06  3.762E+01
  2.545E-03  2.771E-03  1.905E-06  3.811E+01
  2.771E-03  3.017E-03  3.136E-06  1.881E+01
  3.017E-03  3.285E-03  1.843E-06  2.829E+01
  3.285E-03  3.577E-03  4.027E-07  6.131E+01
  3.577E-03  3.895E-03  2.610E-06  7.372E+01
  3.895E-03  4.242E-03  1.897E-07  9.900E+01
  4.242E-03  4.619E-03  4.326E-07  6.647E+01
  4.619E-03  5.030E-03  4.224E-07  9.900E+01
  5.030E-03  5.477E-03  2.876E-07  6.164E+01
  5.477E-03  5.964E-03  0.000E+00  0.000E+00
  5.964E-03  6.494E-03  0.000E+00  0.000E+00
  6.494E-03  7.071E-03  0.000E+00  0.000E+00
  7.071E-03  7.700E-03  0.000E+00  0.000E+00
  7.700E-03  8.384E-03  0.000E+00  0.000E+00
  8.384E-03  9.130E-03  0.000E+00  0.000E+00
  9.130E-03  9.941E-03  0.000E+00  0.000E+00
  9.941E-03  1.083E-02  0.000E+00  0.000E+00
  1.083E-02  1.179E-02  0.000E+00  0.000E+00
  1.179E-02  1.284E-02  0.000E+00  0.000E+00
  1.284E-02  1.398E-02  0.000E+00  0.000E+00
  1.398E-02  1.522E-02  0.000E+00  0.000E+00
  1.522E-02  1.657E-02  0.000E+00  0.000E+00
  1.657E-02  1.805E-02  0.000E+00  0.000E+00
  1.805E-02  1.965E-02  0.000E+00  0.000E+00
  1.965E-02  2.140E-02  0.000E+00  0.000E+00
  2.140E-02  2.330E-02  0.000E+00  0.000E+00
  2.330E-02  2.537E-02  0.000E+00  0.000E+00
  2.537E-02  2.763E-02  0.000E+00  0.000E+00
  2.763E-02  3.008E-02  0.000E+00  0.000E+00
  3.008E-02  3.276E-02  0.000E+00  0.000E+00
  3.276E-02  3.567E-02  0.000E+00  0.000E+00
  3.567E-02  3.884E-02  0.000E+00  0.000E+00
  3.884E-02  4.229E-02  0.000E+00  0.000E+00
  4.229E-02  4.605E-02  0.000E+00  0.000E+00
  4.605E-02  5.015E-02  0.000E+00  0.000E+00
  5.015E-02  5.461E-02  0.000E+00  0.000E+00
  5.461E-02  5.946E-02  0.000E+00  0.000E+00
  5.946E-02  6.475E-02  0.000E+00  0.000E+00
  6.475E-02  7.050E-02  0.000E+00  0.000E+00
  7.050E-02  7.677E-02  0.000E+00  0.000E+00
  7.677E-02  8.360E-02  0.000E+00  0.000E+00
  8.360E-02  9.103E-02  0.000E+00  0.000E+00
  9.103E-02  9.912E-02  0.000E+00  0.000E+00
  9.912E-02  1.079E-01  0.000E+00  0.000E+00
  1.079E-01  1.175E-01  0.000E+00  0.000E+00
  1.175E-01  1.280E-01  0.000E+00  0.000E+00
  1.280E-01  1.394E-01  0.000E+00  0.000E+00
  1.394E-01  1.517E-01  0.000E+00  0.000E+00
  1.517E-01  1.652E-01  0.000E+00  0.000E+00
  1.652E-01  1.799E-01  0.000E+00  0.000E+00
  1.799E-01  1.959E-01  0.000E+00  0.000E+00
  1.959E-01  2.133E-01  0.000E+00  0.000E+00
  2.133E-01  2.323E-01  0.000E+00  0.000E+00
  2.323E-01  2.530E-01  0.000E+00  0.000E+00
  2.530E-01  2.754E-01  0.000E+00  0.000E+00
  2.754E-01  2.999E-01  0.000E+00  0.000E+00
  2.999E-01  3.266E-01  0.000E+00  0.000E+00
  3.266E-01  3.556E-01  0.000E+00  0.000E+00
  3.556E-01  3.873E-01  0.000E+00  0.000E+00
  3.873E-01  4.217E-01  0.000E+00  0.000E+00
  4.217E-01  4.592E-01  0.000E+00  0.000E+00
  4.592E-01  5.000E-01  0.000E+00  0.000E+00


 # double differential distributions
 # number of solid angle intervals           1
 # Block n:            1     0.00000000      :   6.28318548    
  1.000E-04  1.089E-04  0.000E+00  0.000E+00  0.000E+00  6.283E+00
  1.089E-04  1.186E-04  0.000E+00  0.000E+00  0.000E+00  6.283E+00
  1.186E-04  1.291E-04  0.000E+00  0.000E+00  0.000E+00  6.283E+00
  1.291E-04  1.406E-04  0.000E+00  0.000E+00  0.000E+00  6.283E+00
  1.406E-04  1.531E-04  0.000E+00  0.000E+00  0.000E+00  6.283E+00
  1.531E-04  1.667E-04  0.000E+00  0.000E+00  0.000E+00  6.283E+00
  1.667E-04  1.815E-04  0.000E+00  0.000E+00  0.000E+00  6.283E+00
  1.815E-04  1.977E-04  0.000E+00  0.000E+00  0.000E+00  6.283E+00
  1.977E-04  2.152E-04  1.227E-06  9.900E+01  0.000E+00  6.283E+00
  2.152E-04  2.344E-04  8.176E-07  9.900E+01  0.000E+00  6.283E+00
  2.344E-04  2.552E-04  2.220E-06  6.449E+01  0.000E+00  6.283E+00
  2.552E-04  2.779E-04  0.000E+00  0.000E+00  0.000E+00  6.283E+00
  2.779E-04  3.026E-04  3.276E-07  9.900E+01  0.000E+00  6.283E+00
  3.026E-04  3.295E-04  0.000E+00  0.000E+00  0.000E+00  6.283E+00
  3.295E-04  3.588E-04  3.053E-07  9.900E+01  0.000E+00  6.283E+00
  3.588E-04  3.907E-04  6.438E-07  6.374E+01  0.000E+00  6.283E+00
  3.907E-04  4.254E-04  1.542E-06  5.505E+01  0.000E+00  6.283E+00
  4.254E-04  4.632E-04  8.807E-07  4.537E+01  0.000E+00  6.283E+00
  4.632E-04  5.044E-04  2.026E-07  9.900E+01  0.000E+00  6.283E+00
  5.044E-04  5.493E-04  1.825E-06  4.153E+01  0.000E+00  6.283E+00
  5.493E-04  5.981E-04  1.191E-06  4.753E+01  0.000E+00  6.283E+00
  5.981E-04  6.513E-04  6.099E-07  9.900E+01  0.000E+00  6.283E+00
  6.513E-04  7.092E-04  5.990E-07  4.251E+01  0.000E+00  6.283E+00
  7.092E-04  7.722E-04  1.962E-06  2.864E+01  0.000E+00  6.283E+00
  7.722E-04  8.409E-04  4.760E-07  7.159E+01  0.000E+00  6.283E+00
  8.409E-04  9.157E-04  9.925E-07  2.387E+01  0.000E+00  6.283E+00
  9.157E-04  9.971E-04  7.479E-07  4.820E+01  0.000E+00  6.283E+00
  9.971E-04  1.086E-03  8.427E-07  4.582E+01  0.000E+00  6.283E+00
  1.086E-03  1.182E-03  9.250E-07  5.661E+01  0.000E+00  6.283E+00
  1.182E-03  1.287E-03  8.204E-07  3.471E+01  0.000E+00  6.283E+00
  1.287E-03  1.402E-03  9.650E-07  2.836E+01  0.000E+00  6.283E+00
  1.402E-03  1.526E-03  5.064E-07  5.070E+01  0.000E+00  6.283E+00
  1.526E-03  1.662E-03  3.776E-07  3.151E+01  0.000E+00  6.283E+00
  1.662E-03  1.810E-03  8.428E-07  2.872E+01  0.000E+00  6.283E+00
  1.810E-03  1.971E-03  7.314E-07  3.403E+01  0.000E+00  6.283E+00
  1.971E-03  2.146E-03  1.108E-06  2.731E+01  0.000E+00  6.283E+00
  2.146E-03  2.337E-03  8.752E-07  7.111E+01  0.000E+00  6.283E+00
  2.337E-03  2.545E-03  5.061E-07  3.762E+01  0.000E+00  6.283E+00
  2.545E-03  2.771E-03  3.031E-07  3.811E+01  0.000E+00  6.283E+00
  2.771E-03  3.017E-03  4.991E-07  1.881E+01  0.000E+00  6.283E+00
  3.017E-03  3.285E-03  2.934E-07  2.829E+01  0.000E+00  6.283E+00
  3.285E-03  3.577E-03  6.409E-08  6.131E+01  0.000E+00  6.283E+00
  3.577E-03  3.895E-03  4.154E-07  7.372E+01  0.000E+00  6.283E+00
  3.895E-03  4.242E-03  3.019E-08  9.900E+01  0.000E+00  6.283E+00
  4.242E-03  4.619E-03  6.886E-08  6.647E+01  0.000E+00  6.283E+00
  4.619E-03  5.030E-03  6.722E-08  9.900E+01  0.000E+00  6.283E+00
  5.030E-03  5.477E-03  4.577E-08  6.164E+01  0.000E+00  6.283E+00
  5.477E-03  5.964E-03  0.000E+00  0.000E+00  0.000E+00  6.283E+00
  5.964E-03  6.494E-03  0.000E+00  0.000E+00  0.000E+00  6.283E+00
  6.494E-03  7.071E-03  0.000E+00  0.000E+00  0.000E+00  6.283E+00
  7.071E-03  7.700E-03  0.000E+00  0.000E+00  0.000E+00  6.283E+00
  7.700E-03  8.384E-03  0.000E+00  0.000E+00  0.000E+00  6.283E+00
  8.384E-03  9.130E-03  0.000E+00  0.000E+00  0.000E+00  6.283E+00
  9.130E-03  9.941E-03  0.000E+00  0.000E+00  0.000E+00  6.283E+00
  9.941E-03  1.083E-02  0.000E+00  0.000E+00  0.000E+00  6.283E+00
  1.083E-02  1.179E-02  0.000E+00  0.000E+00  0.000E+00  6.283E+00
  1.179E-02  1.284E-02  0.000E+00  0.000E+00  0.000E+00  6.283E+00
  1.284E-02  1.398E-02  0.000E+00  0.000E+00  0.000E+00  6.283E+00
  1.398E-02  1.522E-02  0.000E+00  0.000E+00  0.000E+00  6.283E+00
  1.522E-02  1.657E-02  0.000E+00  0.000E+00  0.000E+00  6.283E+00
  1.657E-02  1.805E-02  0.000E+00  0.000E+00  0.000E+00  6.283E+00
  1.805E-02  1.965E-02  0.000E+00  0.000E+00  0.000E+00  6.283E+00
  1.965E-02  2.140E-02  0.000E+00  0.000E+00  0.000E+00  6.283E+00
  2.140E-02  2.330E-02  0.000E+00  0.000E+00  0.000E+00  6.283E+00
  2.330E-02  2.537E-02  0.000E+00  0.000E+00  0.000E+00  6.283E+00
  2.537E-02  2.763E-02  0.000E+00  0.000E+00  0.000E+00  6.283E+00
  2.763E-02  3.008E-02  0.000E+00  0.000E+00  0.000E+00  6.283E+00
  3.008E-02  3.276E-02  0.000E+00  0.000E+00  0.000E+00  6.283E+00
  3.276E-02  3.567E-02  0.000E+00  0.000E+00  0.000E+00  6.283E+00
  3.567E-02  3.884E-02  0.000E+00  0.000E+00  0.000E+00  6.283E+00
  3.884E-02  4.229E-02  0.000E+00  0.000E+00  0.000E+00  6.283E+00
  4.229E-02  4.605E-02  0.000E+00  0.000E+00  0.000E+00  6.283E+00
  4.605E-02  5.015E-02  0.000E+00  0.000E+00  0.000E+00  6.283E+00
  5.015E-02  5.461E-02  0.000E+00  0.000E+00  0.000E+00  6.283E+00
  5.461E-02  5.946E-02  0.000E+00  0.000E+00  0.000E+00  6.283E+00
  5.946E-02  6.475E-02  0.000E+00  0.000E+00  0.000E+00  6.283E+00
  6.475E-02  7.050E-02  0.000E+00  0.000E+00  0.000E+00  6.283E+00
  7.050E-02  7.677E-02  0.000E+00  0.000E+00  0.000E+00  6.283E+00
  7.677E-02  8.360E-02  0.000E+00  0.000E+00  0.000E+00  6.283E+00
  8.360E-02  9.103E-02  0.000E+00  0.000E+00  0.000E+00  6.283E+00
  9.103E-02  9.912E-02  0.000E+00  0.000E+00  0.000E+00  6.283E+00
  9.912E-02  1.079E-01  0.000E+00  0.000E+00  0.000E+00  6.283E+00
  1.079E-01  1.175E-01  0.000E+00  0.000E+00  0.000E+00  6.283E+00
  1.175E-01  1.280E-01  0.000E+00  0.000E+00  0.000E+00  6.283E+00
  1.280E-01  1.394E-01  0.000E+00  0.000E+00  0.000E+00  6.283E+00
  1.394E-01  1.517E-01  0.000E+00  0.000E+00  0.000E+00  6.283E+00
  1.517E-01  1.652E-01  0.000E+00  0.000E+00  0.000E+00  6.283E+00
  1.652E-01  1.799E-01  0.000E+00  0.000E+00  0.000E+00  6.283E+00
  1.799E-01  1.959E-01  0.000E+00  0.000E+00  0.000E+00  6.283E+00
  1.959E-01  2.133E-01  0.000E+00  0.000E+00  0.000E+00  6.283E+00
  2.133E-01  2.323E-01  0.000E+00  0.000E+00  0.000E+00  6.283E+00
  2.323E-01  2.530E-01  0.000E+00  0.000E+00  0.000E+00  6.283E+00
  2.530E-01  2.754E-01  0.000E+00  0.000E+00  0.000E+00  6.283E+00
  2.754E-01  2.999E-01  0.000E+00  0.000E+00  0.000E+00  6.283E+00
  2.999E-01  3.266E-01  0.000E+00  0.000E+00  0.000E+00  6.283E+00
  3.266E-01  3.556E-01  0.000E+00  0.000E+00  0.000E+00  6.283E+00
  3.556E-01  3.873E-01  0.000E+00  0.000E+00  0.000E+00  6.283E+00
  3.873E-01  4.217E-01  0.000E+00  0.000E+00  0.000E+00  6.283E+00
  4.217E-01  4.592E-01  0.000E+00  0.000E+00  0.000E+00  6.283E+00
  4.592E-01  5.000E-01  0.000E+00  0.000E+00  0.000E+00  6.283E+00
  5.000E-01  5.000E-01  0.000E+00  0.000E+00  0.000E+00  6.283E+00

  1.000E-04  1.000E-04  0.000E+00  0.000E+00  6.283E+00  6.283E+00
  1.089E-04  1.089E-04  0.000E+00  0.000E+00  6.283E+00  6.283E+00
  1.186E-04  1.186E-04  0.000E+00  0.000E+00  6.283E+00  6.283E+00
  1.291E-04  1.291E-04  0.000E+00  0.000E+00  6.283E+00  6.283E+00
  1.406E-04  1.406E-04  0.000E+00  0.000E+00  6.283E+00  6.283E+00
  1.531E-04  1.531E-04  0.000E+00  0.000E+00  6.283E+00  6.283E+00
  1.667E-04  1.667E-04  0.000E+00  0.000E+00  6.283E+00  6.283E+00
  1.815E-04  1.815E-04  0.000E+00  0.000E+00  6.283E+00  6.283E+00
  1.977E-04  1.977E-04  0.000E+00  0.000E+00  6.283E+00  6.283E+00
  2.152E-04  2.152E-04  0.000E+00  0.000E+00  6.283E+00  6.283E+00
  2.344E-04  2.344E-04  0.000E+00  0.000E+00  6.283E+00  6.283E+00
  2.552E-04  2.552E-04  0.000E+00  0.000E+00  6.283E+00  6.283E+00
  2.779E-04  2.779E-04  0.000E+00  0.000E+00  6.283E+00  6.283E+00
  3.026E-04  3.026E-04  0.000E+00  0.000E+00  6.283E+00  6.283E+00
  3.295E-04  3.295E-04  0.000E+00  0.000E+00  6.283E+00  6.283E+00
  3.588E-04  3.588E-04  0.000E+00  0.000E+00  6.283E+00  6.283E+00
  3.907E-04  3.907E-04  0.000E+00  0.000E+00  6.283E+00  6.283E+00
  4.254E-04  4.254E-04  0.000E+00  0.000E+00  6.283E+00  6.283E+00
  4.632E-04  4.632E-04  0.000E+00  0.000E+00  6.283E+00  6.283E+00
  5.044E-04  5.044E-04  0.000E+00  0.000E+00  6.283E+00  6.283E+00
  5.493E-04  5.493E-04  0.000E+00  0.000E+00  6.283E+00  6.283E+00
  5.981E-04  5.981E-04  0.000E+00  0.000E+00  6.283E+00  6.283E+00
  6.513E-04  6.513E-04  0.000E+00  0.000E+00  6.283E+00  6.283E+00
  7.092E-04  7.092E-04  0.000E+00  0.000E+00  6.283E+00  6.283E+00
  7.722E-04  7.722E-04  0.000E+00  0.000E+00  6.283E+00  6.283E+00
  8.409E-04  8.409E-04  0.000E+00  0.000E+00  6.283E+00  6.283E+00
  9.157E-04  9.157E-04  0.000E+00  0.000E+00  6.283E+00  6.283E+00
  9.971E-04  9.971E-04  0.000E+00  0.000E+00  6.283E+00  6.283E+00
  1.086E-03  1.086E-03  0.000E+00  0.000E+00  6.283E+00  6.283E+00
  1.182E-03  1.182E-03  0.000E+00  0.000E+00  6.283E+00  6.283E+00
  1.287E-03  1.287E-03  0.000E+00  0.000E+00  6.283E+00  6.283E+00
  1.402E-03  1.402E-03  0.000E+00  0.000E+00  6.283E+00  6.283E+00
  1.526E-03  1.526E-03  0.000E+00  0.000E+00  6.283E+00  6.283E+00
  1.662E-03  1.662E-03  0.000E+00  0.000E+00  6.283E+00  6.283E+00
  1.810E-03  1.810E-03  0.000E+00  0.000E+00  6.283E+00  6.283E+00
  1.971E-03  1.971E-03  0.000E+00  0.000E+00  6.283E+00  6.283E+00
  2.146E-03  2.146E-03  0.000E+00  0.000E+00  6.283E+00  6.283E+00
  2.337E-03  2.337E-03  0.000E+00  0.000E+00  6.283E+00  6.283E+00
  2.545E-03  2.545E-03  0.000E+00  0.000E+00  6.283E+00  6.283E+00
  2.771E-03  2.771E-03  0.000E+00  0.000E+00  6.283E+00  6.283E+00
  3.017E-03  3.017E-03  0.000E+00  0.000E+00  6.283E+00  6.283E+00
  3.285E-03  3.285E-03  0.000E+00  0.000E+00  6.283E+00  6.283E+00
  3.577E-03  3.577E-03  0.000E+00  0.000E+00  6.283E+00  6.283E+00
  3.895E-03  3.895E-03  0.000E+00  0.000E+00  6.283E+00  6.283E+00
  4.242E-03  4.242E-03  0.000E+00  0.000E+00  6.283E+00  6.283E+00
  4.619E-03  4.619E-03  0.000E+00  0.000E+00  6.283E+00  6.283E+00
  5.030E-03  5.030E-03  0.000E+00  0.000E+00  6.283E+00  6.283E+00
  5.477E-03  5.477E-03  0.000E+00  0.000E+00  6.283E+00  6.283E+00
  5.964E-03  5.964E-03  0.000E+00  0.000E+00  6.283E+00  6.283E+00
  6.494E-03  6.494E-03  0.000E+00  0.000E+00  6.283E+00  6.283E+00
  7.071E-03  7.071E-03  0.000E+00  0.000E+00  6.283E+00  6.283E+00
  7.700E-03  7.700E-03  0.000E+00  0.000E+00  6.283E+00  6.283E+00
  8.384E-03  8.384E-03  0.000E+00  0.000E+00  6.283E+00  6.283E+00
  9.130E-03  9.130E-03  0.000E+00  0.000E+00  6.283E+00  6.283E+00
  9.941E-03  9.941E-03  0.000E+00  0.000E+00  6.283E+00  6.283E+00
  1.083E-02  1.083E-02  0.000E+00  0.000E+00  6.283E+00  6.283E+00
  1.179E-02  1.179E-02  0.000E+00  0.000E+00  6.283E+00  6.283E+00
  1.284E-02  1.284E-02  0.000E+00  0.000E+00  6.283E+00  6.283E+00
  1.398E-02  1.398E-02  0.000E+00  0.000E+00  6.283E+00  6.283E+00
  1.522E-02  1.522E-02  0.000E+00  0.000E+00  6.283E+00  6.283E+00
  1.657E-02  1.657E-02  0.000E+00  0.000E+00  6.283E+00  6.283E+00
  1.805E-02  1.805E-02  0.000E+00  0.000E+00  6.283E+00  6.283E+00
  1.965E-02  1.965E-02  0.000E+00  0.000E+00  6.283E+00  6.283E+00
  2.140E-02  2.140E-02  0.000E+00  0.000E+00  6.283E+00  6.283E+00
  2.330E-02  2.330E-02  0.000E+00  0.000E+00  6.283E+00  6.283E+00
  2.537E-02  2.537E-02  0.000E+00  0.000E+00  6.283E+00  6.283E+00
  2.763E-02  2.763E-02  0.000E+00  0.000E+00  6.283E+00  6.283E+00
  3.008E-02  3.008E-02  0.000E+00  0.000E+00  6.283E+00  6.283E+00
  3.276E-02  3.276E-02  0.000E+00  0.000E+00  6.283E+00  6.283E+00
  3.567E-02  3.567E-02  0.000E+00  0.000E+00  6.283E+00  6.283E+00
  3.884E-02  3.884E-02  0.000E+00  0.000E+00  6.283E+00  6.283E+00
  4.229E-02  4.229E-02  0.000E+00  0.000E+00  6.283E+00  6.283E+00
  4.605E-02  4.605E-02  0.000E+00  0.000E+00  6.283E+00  6.283E+00
  5.015E-02  5.015E-02  0.000E+00  0.000E+00  6.283E+00  6.283E+00
  5.461E-02  5.461E-02  0.000E+00  0.000E+00  6.283E+00  6.283E+00
  5.946E-02  5.946E-02  0.000E+00  0.000E+00  6.283E+00  6.283E+00
  6.475E-02  6.475E-02  0.000E+00  0.000E+00  6.283E+00  6.283E+00
  7.050E-02  7.050E-02  0.000E+00  0.000E+00  6.283E+00  6.283E+00
  7.677E-02  7.677E-02  0.000E+00  0.000E+00  6.283E+00  6.283E+00
  8.360E-02  8.360E-02  0.000E+00  0.000E+00  6.283E+00  6.283E+00
  9.103E-02  9.103E-02  0.000E+00  0.000E+00  6.283E+00  6.283E+00
  9.912E-02  9.912E-02  0.000E+00  0.000E+00  6.283E+00  6.283E+00
  1.079E-01  1.079E-01  0.000E+00  0.000E+00  6.283E+00  6.283E+00
  1.175E-01  1.175E-01  0.000E+00  0.000E+00  6.283E+00  6.283E+00
  1.280E-01  1.280E-01  0.000E+00  0.000E+00  6.283E+00  6.283E+00
  1.394E-01  1.394E-01  0.000E+00  0.000E+00  6.283E+00  6.283E+00
  1.517E-01  1.517E-01  0.000E+00  0.000E+00  6.283E+00  6.283E+00
  1.652E-01  1.652E-01  0.000E+00  0.000E+00  6.283E+00  6.283E+00
  1.799E-01  1.799E-01  0.000E+00  0.000E+00  6.283E+00  6.283E+00
  1.959E-01  1.959E-01  0.000E+00  0.000E+00  6.283E+00  6.283E+00
  2.133E-01  2.133E-01  0.000E+00  0.000E+00  6.283E+00  6.283E+00
  2.323E-01  2.323E-01  0.000E+00  0.000E+00  6.283E+00  6.283E+00
  2.530E-01  2.530E-01  0.000E+00  0.000E+00  6.283E+00  6.283E+00
  2.754E-01  2.754E-01  0.000E+00  0.000E+00  6.283E+00  6.283E+00
  2.999E-01  2.999E-01  0.000E+00  0.000E+00  6.283E+00  6.283E+00
  3.266E-01  3.266E-01  0.000E+00  0.000E+00  6.283E+00  6.283E+00
  3.556E-01  3.556E-01  0.000E+00  0.000E+00  6.283E+00  6.283E+00
  3.873E-01  3.873E-01  0.000E+00  0.000E+00  6.283E+00  6.283E+00
  4.217E-01  4.217E-01  0.000E+00  0.000E+00  6.283E+00  6.283E+00
  4.592E-01  4.592E-01  0.000E+00  0.000E+00  6.283E+00  6.283E+00
  5.000E-01  5.000E-01  0.000E+00  0.000E+00  6.283E+00  6.283E+00
