# FLUKA USRBIN Z-projection  detector: EdepSlab
# Score type: 208  ncase: 150000
# Geometry: X=[-100.0,100.0] nx=50  Y=[-100.0,100.0] ny=50  Z=[-50.0,0.0] nz=300
# Columns: z_low[cm]  z_high[cm]  sum_XY(value*dx*dy)
# Units: EdepSlab→GeV/cm/primary  NeutSlab→cm/primary/cm_depth
-5.000000e+01	-4.983333e+01	2.231345e-03
-4.983333e+01	-4.966667e+01	3.285005e-03
-4.966667e+01	-4.950000e+01	3.804297e-03
-4.950000e+01	-4.933333e+01	4.188660e-03
-4.933333e+01	-4.916667e+01	4.396150e-03
-4.916667e+01	-4.900000e+01	4.614435e-03
-4.900000e+01	-4.883333e+01	4.790687e-03
-4.883333e+01	-4.866667e+01	4.930833e-03
-4.866667e+01	-4.850000e+01	5.083870e-03
-4.850000e+01	-4.833333e+01	5.260176e-03
-4.833333e+01	-4.816667e+01	5.525208e-03
-4.816667e+01	-4.800000e+01	5.471341e-03
-4.800000e+01	-4.783333e+01	5.551910e-03
-4.783333e+01	-4.766667e+01	5.564380e-03
-4.766667e+01	-4.750000e+01	5.688046e-03
-4.750000e+01	-4.733333e+01	5.676131e-03
-4.733333e+01	-4.716667e+01	5.556962e-03
-4.716667e+01	-4.700000e+01	5.654252e-03
-4.700000e+01	-4.683333e+01	5.755478e-03
-4.683333e+01	-4.666667e+01	5.672187e-03
-4.666667e+01	-4.650000e+01	5.748135e-03
-4.650000e+01	-4.633333e+01	5.732149e-03
-4.633333e+01	-4.616667e+01	5.746478e-03
-4.616667e+01	-4.600000e+01	5.798862e-03
-4.600000e+01	-4.583333e+01	5.798352e-03
-4.583333e+01	-4.566667e+01	5.768925e-03
-4.566667e+01	-4.550000e+01	5.784395e-03
-4.550000e+01	-4.533333e+01	5.807206e-03
-4.533333e+01	-4.516667e+01	5.754041e-03
-4.516667e+01	-4.500000e+01	5.762602e-03
-4.500000e+01	-4.483333e+01	5.799905e-03
-4.483333e+01	-4.466667e+01	5.741910e-03
-4.466667e+01	-4.450000e+01	5.707215e-03
-4.450000e+01	-4.433333e+01	5.782911e-03
-4.433333e+01	-4.416667e+01	5.717481e-03
-4.416667e+01	-4.400000e+01	5.628039e-03
-4.400000e+01	-4.383333e+01	5.657715e-03
-4.383333e+01	-4.366667e+01	5.697453e-03
-4.366667e+01	-4.350000e+01	5.730578e-03
-4.350000e+01	-4.333333e+01	5.767871e-03
-4.333333e+01	-4.316667e+01	5.616718e-03
-4.316667e+01	-4.300000e+01	5.627488e-03
-4.300000e+01	-4.283333e+01	5.656524e-03
-4.283333e+01	-4.266667e+01	5.593634e-03
-4.266667e+01	-4.250000e+01	5.630466e-03
-4.250000e+01	-4.233333e+01	5.673026e-03
-4.233333e+01	-4.216667e+01	5.582149e-03
-4.216667e+01	-4.200000e+01	5.598784e-03
-4.200000e+01	-4.183333e+01	5.516076e-03
-4.183333e+01	-4.166667e+01	5.559943e-03
-4.166667e+01	-4.150000e+01	5.541397e-03
-4.150000e+01	-4.133333e+01	5.525409e-03
-4.133333e+01	-4.116667e+01	5.509121e-03
-4.116667e+01	-4.100000e+01	5.492025e-03
-4.100000e+01	-4.083333e+01	5.403267e-03
-4.083333e+01	-4.066667e+01	5.474630e-03
-4.066667e+01	-4.050000e+01	5.397963e-03
-4.050000e+01	-4.033333e+01	5.325505e-03
-4.033333e+01	-4.016667e+01	5.339120e-03
-4.016667e+01	-4.000000e+01	5.267759e-03
-4.000000e+01	-3.983333e+01	5.220732e-03
-3.983333e+01	-3.966667e+01	5.403633e-03
-3.966667e+01	-3.950000e+01	5.350232e-03
-3.950000e+01	-3.933333e+01	5.263859e-03
-3.933333e+01	-3.916667e+01	5.196322e-03
-3.916667e+01	-3.900000e+01	5.161190e-03
-3.900000e+01	-3.883333e+01	5.171941e-03
-3.883333e+01	-3.866667e+01	5.156542e-03
-3.866667e+01	-3.850000e+01	5.126628e-03
-3.850000e+01	-3.833333e+01	5.130687e-03
-3.833333e+01	-3.816667e+01	5.060880e-03
-3.816667e+01	-3.800000e+01	4.987427e-03
-3.800000e+01	-3.783333e+01	4.988074e-03
-3.783333e+01	-3.766667e+01	5.039023e-03
-3.766667e+01	-3.750000e+01	4.958706e-03
-3.750000e+01	-3.733333e+01	4.930644e-03
-3.733333e+01	-3.716667e+01	4.890421e-03
-3.716667e+01	-3.700000e+01	4.895474e-03
-3.700000e+01	-3.683333e+01	4.892317e-03
-3.683333e+01	-3.666667e+01	4.837545e-03
-3.666667e+01	-3.650000e+01	4.841806e-03
-3.650000e+01	-3.633333e+01	4.751734e-03
-3.633333e+01	-3.616667e+01	4.783739e-03
-3.616667e+01	-3.600000e+01	4.652527e-03
-3.600000e+01	-3.583333e+01	4.602551e-03
-3.583333e+01	-3.566667e+01	4.593962e-03
-3.566667e+01	-3.550000e+01	4.593221e-03
-3.550000e+01	-3.533333e+01	4.579079e-03
-3.533333e+01	-3.516667e+01	4.587772e-03
-3.516667e+01	-3.500000e+01	4.416319e-03
-3.500000e+01	-3.483333e+01	4.422072e-03
-3.483333e+01	-3.466667e+01	4.409503e-03
-3.466667e+01	-3.450000e+01	4.401472e-03
-3.450000e+01	-3.433333e+01	4.334189e-03
-3.433333e+01	-3.416667e+01	4.309511e-03
-3.416667e+01	-3.400000e+01	4.290712e-03
-3.400000e+01	-3.383333e+01	4.201649e-03
-3.383333e+01	-3.366667e+01	4.193753e-03
-3.366667e+01	-3.350000e+01	4.169856e-03
-3.350000e+01	-3.333333e+01	4.095020e-03
-3.333333e+01	-3.316667e+01	4.097081e-03
-3.316667e+01	-3.300000e+01	4.057503e-03
-3.300000e+01	-3.283333e+01	4.098571e-03
-3.283333e+01	-3.266667e+01	4.052760e-03
-3.266667e+01	-3.250000e+01	3.980478e-03
-3.250000e+01	-3.233333e+01	3.910181e-03
-3.233333e+01	-3.216667e+01	3.791465e-03
-3.216667e+01	-3.200000e+01	3.843524e-03
-3.200000e+01	-3.183333e+01	3.869982e-03
-3.183333e+01	-3.166667e+01	3.818355e-03
-3.166667e+01	-3.150000e+01	3.845884e-03
-3.150000e+01	-3.133333e+01	3.815454e-03
-3.133333e+01	-3.116667e+01	3.801448e-03
-3.116667e+01	-3.100000e+01	3.757504e-03
-3.100000e+01	-3.083333e+01	3.727442e-03
-3.083333e+01	-3.066667e+01	3.615896e-03
-3.066667e+01	-3.050000e+01	3.569586e-03
-3.050000e+01	-3.033333e+01	3.542506e-03
-3.033333e+01	-3.016667e+01	3.546967e-03
-3.016667e+01	-3.000000e+01	3.510333e-03
-3.000000e+01	-2.983333e+01	3.465563e-03
-2.983333e+01	-2.966667e+01	3.457027e-03
-2.966667e+01	-2.950000e+01	3.425112e-03
-2.950000e+01	-2.933333e+01	3.336986e-03
-2.933333e+01	-2.916667e+01	3.296722e-03
-2.916667e+01	-2.900000e+01	3.303896e-03
-2.900000e+01	-2.883333e+01	3.262025e-03
-2.883333e+01	-2.866667e+01	3.286303e-03
-2.866667e+01	-2.850000e+01	3.236355e-03
-2.850000e+01	-2.833333e+01	3.169450e-03
-2.833333e+01	-2.816667e+01	3.158384e-03
-2.816667e+01	-2.800000e+01	3.127459e-03
-2.800000e+01	-2.783333e+01	3.084557e-03
-2.783333e+01	-2.766667e+01	3.025998e-03
-2.766667e+01	-2.750000e+01	3.041431e-03
-2.750000e+01	-2.733333e+01	3.028348e-03
-2.733333e+01	-2.716667e+01	2.956753e-03
-2.716667e+01	-2.700000e+01	2.925175e-03
-2.700000e+01	-2.683333e+01	2.859139e-03
-2.683333e+01	-2.666667e+01	2.872135e-03
-2.666667e+01	-2.650000e+01	2.904845e-03
-2.650000e+01	-2.633333e+01	2.881487e-03
-2.633333e+01	-2.616667e+01	2.830118e-03
-2.616667e+01	-2.600000e+01	2.795622e-03
-2.600000e+01	-2.583333e+01	2.771104e-03
-2.583333e+01	-2.566667e+01	2.728540e-03
-2.566667e+01	-2.550000e+01	2.696224e-03
-2.550000e+01	-2.533333e+01	2.670801e-03
-2.533333e+01	-2.516667e+01	2.655084e-03
-2.516667e+01	-2.500000e+01	2.693156e-03
-2.500000e+01	-2.483333e+01	2.619548e-03
-2.483333e+01	-2.466667e+01	2.548183e-03
-2.466667e+01	-2.450000e+01	2.553504e-03
-2.450000e+01	-2.433333e+01	2.507980e-03
-2.433333e+01	-2.416667e+01	2.477318e-03
-2.416667e+01	-2.400000e+01	2.405795e-03
-2.400000e+01	-2.383333e+01	2.400478e-03
-2.383333e+01	-2.366667e+01	2.341345e-03
-2.366667e+01	-2.350000e+01	2.334853e-03
-2.350000e+01	-2.333333e+01	2.304852e-03
-2.333333e+01	-2.316667e+01	2.268866e-03
-2.316667e+01	-2.300000e+01	2.271477e-03
-2.300000e+01	-2.283333e+01	2.274023e-03
-2.283333e+01	-2.266667e+01	2.229748e-03
-2.266667e+01	-2.250000e+01	2.243108e-03
-2.250000e+01	-2.233333e+01	2.207206e-03
-2.233333e+01	-2.216667e+01	2.186186e-03
-2.216667e+01	-2.200000e+01	2.128867e-03
-2.200000e+01	-2.183333e+01	2.111652e-03
-2.183333e+01	-2.166667e+01	2.098861e-03
-2.166667e+01	-2.150000e+01	2.084132e-03
-2.150000e+01	-2.133333e+01	2.054205e-03
-2.133333e+01	-2.116667e+01	2.029271e-03
-2.116667e+01	-2.100000e+01	1.992022e-03
-2.100000e+01	-2.083333e+01	1.983347e-03
-2.083333e+01	-2.066667e+01	1.984529e-03
-2.066667e+01	-2.050000e+01	1.956040e-03
-2.050000e+01	-2.033333e+01	1.946803e-03
-2.033333e+01	-2.016667e+01	1.888022e-03
-2.016667e+01	-2.000000e+01	1.898781e-03
-2.000000e+01	-1.983333e+01	1.851312e-03
-1.983333e+01	-1.966667e+01	1.824249e-03
-1.966667e+01	-1.950000e+01	1.815708e-03
-1.950000e+01	-1.933333e+01	1.815831e-03
-1.933333e+01	-1.916667e+01	1.784513e-03
-1.916667e+01	-1.900000e+01	1.788812e-03
-1.900000e+01	-1.883333e+01	1.727704e-03
-1.883333e+01	-1.866667e+01	1.705203e-03
-1.866667e+01	-1.850000e+01	1.697949e-03
-1.850000e+01	-1.833333e+01	1.671186e-03
-1.833333e+01	-1.816667e+01	1.662769e-03
-1.816667e+01	-1.800000e+01	1.619372e-03
-1.800000e+01	-1.783333e+01	1.586676e-03
-1.783333e+01	-1.766667e+01	1.600556e-03
-1.766667e+01	-1.750000e+01	1.610486e-03
-1.750000e+01	-1.733333e+01	1.562760e-03
-1.733333e+01	-1.716667e+01	1.532224e-03
-1.716667e+01	-1.700000e+01	1.530699e-03
-1.700000e+01	-1.683333e+01	1.545054e-03
-1.683333e+01	-1.666667e+01	1.488022e-03
-1.666667e+01	-1.650000e+01	1.443915e-03
-1.650000e+01	-1.633333e+01	1.455297e-03
-1.633333e+01	-1.616667e+01	1.426432e-03
-1.616667e+01	-1.600000e+01	1.400886e-03
-1.600000e+01	-1.583333e+01	1.379544e-03
-1.583333e+01	-1.566667e+01	1.353123e-03
-1.566667e+01	-1.550000e+01	1.331117e-03
-1.550000e+01	-1.533333e+01	1.331636e-03
-1.533333e+01	-1.516667e+01	1.364425e-03
-1.516667e+01	-1.500000e+01	1.339583e-03
-1.500000e+01	-1.483333e+01	1.309170e-03
-1.483333e+01	-1.466667e+01	1.304246e-03
-1.466667e+01	-1.450000e+01	1.272209e-03
-1.450000e+01	-1.433333e+01	1.239605e-03
-1.433333e+01	-1.416667e+01	1.185914e-03
-1.416667e+01	-1.400000e+01	1.182889e-03
-1.400000e+01	-1.383333e+01	1.167141e-03
-1.383333e+01	-1.366667e+01	1.147857e-03
-1.366667e+01	-1.350000e+01	1.150763e-03
-1.350000e+01	-1.333333e+01	1.174974e-03
-1.333333e+01	-1.316667e+01	1.120930e-03
-1.316667e+01	-1.300000e+01	1.090253e-03
-1.300000e+01	-1.283333e+01	1.092110e-03
-1.283333e+01	-1.266667e+01	1.056790e-03
-1.266667e+01	-1.250000e+01	1.061043e-03
-1.250000e+01	-1.233333e+01	1.019389e-03
-1.233333e+01	-1.216667e+01	1.038895e-03
-1.216667e+01	-1.200000e+01	1.019492e-03
-1.200000e+01	-1.183333e+01	9.941675e-04
-1.183333e+01	-1.166667e+01	9.820238e-04
-1.166667e+01	-1.150000e+01	9.821476e-04
-1.150000e+01	-1.133333e+01	9.963291e-04
-1.133333e+01	-1.116667e+01	9.640232e-04
-1.116667e+01	-1.100000e+01	9.528832e-04
-1.100000e+01	-1.083333e+01	9.426068e-04
-1.083333e+01	-1.066667e+01	9.155235e-04
-1.066667e+01	-1.050000e+01	8.800265e-04
-1.050000e+01	-1.033333e+01	8.677853e-04
-1.033333e+01	-1.016667e+01	8.556130e-04
-1.016667e+01	-1.000000e+01	8.930854e-04
-1.000000e+01	-9.833333e+00	8.608430e-04
-9.833333e+00	-9.666667e+00	8.363428e-04
-9.666667e+00	-9.500000e+00	8.115451e-04
-9.500000e+00	-9.333333e+00	7.988320e-04
-9.333333e+00	-9.166667e+00	7.902476e-04
-9.166667e+00	-9.000000e+00	8.034070e-04
-9.000000e+00	-8.833333e+00	7.891154e-04
-8.833333e+00	-8.666667e+00	7.736177e-04
-8.666667e+00	-8.500000e+00	7.462109e-04
-8.500000e+00	-8.333333e+00	7.425749e-04
-8.333333e+00	-8.166667e+00	7.429248e-04
-8.166667e+00	-8.000000e+00	7.251225e-04
-8.000000e+00	-7.833333e+00	6.935083e-04
-7.833333e+00	-7.666667e+00	6.845716e-04
-7.666667e+00	-7.500000e+00	6.619707e-04
-7.500000e+00	-7.333333e+00	6.589236e-04
-7.333333e+00	-7.166667e+00	6.459519e-04
-7.166667e+00	-7.000000e+00	6.245909e-04
-7.000000e+00	-6.833333e+00	6.097528e-04
-6.833333e+00	-6.666667e+00	6.266861e-04
-6.666667e+00	-6.500000e+00	5.950262e-04
-6.500000e+00	-6.333333e+00	6.125111e-04
-6.333333e+00	-6.166667e+00	5.960991e-04
-6.166667e+00	-6.000000e+00	5.699334e-04
-6.000000e+00	-5.833333e+00	5.467712e-04
-5.833333e+00	-5.666667e+00	5.640342e-04
-5.666667e+00	-5.500000e+00	5.369212e-04
-5.500000e+00	-5.333333e+00	5.248204e-04
-5.333333e+00	-5.166667e+00	5.105988e-04
-5.166667e+00	-5.000000e+00	5.113342e-04
-5.000000e+00	-4.833333e+00	4.983051e-04
-4.833333e+00	-4.666667e+00	4.764763e-04
-4.666667e+00	-4.500000e+00	4.572878e-04
-4.500000e+00	-4.333333e+00	4.628405e-04
-4.333333e+00	-4.166667e+00	4.539257e-04
-4.166667e+00	-4.000000e+00	4.206793e-04
-4.000000e+00	-3.833333e+00	4.367144e-04
-3.833333e+00	-3.666667e+00	4.342618e-04
-3.666667e+00	-3.500000e+00	3.919403e-04
-3.500000e+00	-3.333333e+00	3.820510e-04
-3.333333e+00	-3.166667e+00	3.766972e-04
-3.166667e+00	-3.000000e+00	3.680632e-04
-3.000000e+00	-2.833333e+00	3.586976e-04
-2.833333e+00	-2.666667e+00	3.281885e-04
-2.666667e+00	-2.500000e+00	3.325233e-04
-2.500000e+00	-2.333333e+00	3.202063e-04
-2.333333e+00	-2.166667e+00	3.224660e-04
-2.166667e+00	-2.000000e+00	3.159614e-04
-2.000000e+00	-1.833333e+00	2.996517e-04
-1.833333e+00	-1.666667e+00	2.989036e-04
-1.666667e+00	-1.500000e+00	2.772434e-04
-1.500000e+00	-1.333333e+00	2.546409e-04
-1.333333e+00	-1.166667e+00	2.610896e-04
-1.166667e+00	-1.000000e+00	2.383541e-04
-1.000000e+00	-8.333333e-01	2.434195e-04
-8.333333e-01	-6.666667e-01	2.152079e-04
-6.666667e-01	-5.000000e-01	1.991037e-04
-5.000000e-01	-3.333333e-01	1.913067e-04
-3.333333e-01	-1.666667e-01	1.728154e-04
-1.666667e-01	0.000000e+00	1.394294e-04
