# FLUKA USRBIN Z-projection  detector: EdepSlab
# Score type: 208  ncase: 2500000
# Geometry: X=[-100.0,100.0] nx=50  Y=[-100.0,100.0] ny=50  Z=[-10.5,0.0] nz=300
# Columns: z_low[cm]  z_high[cm]  sum_XY(value*dx*dy)
# Units: EdepSlab→GeV/cm/primary  NeutSlab→cm/primary/cm_depth
-1.050000e+01	-1.046500e+01	1.857068e-04
-1.046500e+01	-1.043000e+01	2.417391e-04
-1.043000e+01	-1.039500e+01	2.743875e-04
-1.039500e+01	-1.036000e+01	3.034241e-04
-1.036000e+01	-1.032500e+01	3.263068e-04
-1.032500e+01	-1.029000e+01	3.427759e-04
-1.029000e+01	-1.025500e+01	3.656422e-04
-1.025500e+01	-1.022000e+01	3.920127e-04
-1.022000e+01	-1.018500e+01	4.118369e-04
-1.018500e+01	-1.015000e+01	4.273652e-04
-1.015000e+01	-1.011500e+01	4.259581e-04
-1.011500e+01	-1.008000e+01	4.538657e-04
-1.008000e+01	-1.004500e+01	4.629296e-04
-1.004500e+01	-1.001000e+01	4.820387e-04
-1.001000e+01	-9.975000e+00	4.963831e-04
-9.975000e+00	-9.940000e+00	5.153118e-04
-9.940000e+00	-9.905000e+00	5.219507e-04
-9.905000e+00	-9.870000e+00	5.292032e-04
-9.870000e+00	-9.835000e+00	5.498047e-04
-9.835000e+00	-9.800000e+00	5.510139e-04
-9.800000e+00	-9.765000e+00	5.608310e-04
-9.765000e+00	-9.730000e+00	5.919795e-04
-9.730000e+00	-9.695000e+00	5.833334e-04
-9.695000e+00	-9.660000e+00	5.984429e-04
-9.660000e+00	-9.625000e+00	6.171339e-04
-9.625000e+00	-9.590000e+00	6.298649e-04
-9.590000e+00	-9.555000e+00	6.231685e-04
-9.555000e+00	-9.520000e+00	6.193712e-04
-9.520000e+00	-9.485000e+00	6.356313e-04
-9.485000e+00	-9.450000e+00	6.516632e-04
-9.450000e+00	-9.415000e+00	6.579284e-04
-9.415000e+00	-9.380000e+00	6.678373e-04
-9.380000e+00	-9.345000e+00	6.734045e-04
-9.345000e+00	-9.310000e+00	6.852206e-04
-9.310000e+00	-9.275000e+00	6.831771e-04
-9.275000e+00	-9.240000e+00	6.881771e-04
-9.240000e+00	-9.205000e+00	6.981466e-04
-9.205000e+00	-9.170000e+00	7.048353e-04
-9.170000e+00	-9.135000e+00	7.185244e-04
-9.135000e+00	-9.100000e+00	7.229820e-04
-9.100000e+00	-9.065000e+00	7.342226e-04
-9.065000e+00	-9.030000e+00	7.452852e-04
-9.030000e+00	-8.995000e+00	7.449255e-04
-8.995000e+00	-8.960000e+00	7.424196e-04
-8.960000e+00	-8.925000e+00	7.432509e-04
-8.925000e+00	-8.890000e+00	7.428083e-04
-8.890000e+00	-8.855000e+00	7.598365e-04
-8.855000e+00	-8.820000e+00	7.644614e-04
-8.820000e+00	-8.785000e+00	7.745569e-04
-8.785000e+00	-8.750000e+00	7.694189e-04
-8.750000e+00	-8.715000e+00	7.693366e-04
-8.715000e+00	-8.680000e+00	7.736979e-04
-8.680000e+00	-8.645000e+00	7.887310e-04
-8.645000e+00	-8.610000e+00	7.914641e-04
-8.610000e+00	-8.575000e+00	7.852691e-04
-8.575000e+00	-8.540000e+00	7.932106e-04
-8.540000e+00	-8.505000e+00	7.934179e-04
-8.505000e+00	-8.470000e+00	7.955615e-04
-8.470000e+00	-8.435000e+00	7.929222e-04
-8.435000e+00	-8.400000e+00	7.865876e-04
-8.400000e+00	-8.365000e+00	7.808779e-04
-8.365000e+00	-8.330000e+00	7.948315e-04
-8.330000e+00	-8.295000e+00	7.912295e-04
-8.295000e+00	-8.260000e+00	7.916974e-04
-8.260000e+00	-8.225000e+00	7.948609e-04
-8.225000e+00	-8.190000e+00	7.911423e-04
-8.190000e+00	-8.155000e+00	7.803368e-04
-8.155000e+00	-8.120000e+00	7.944612e-04
-8.120000e+00	-8.085000e+00	7.917331e-04
-8.085000e+00	-8.050000e+00	7.933914e-04
-8.050000e+00	-8.015000e+00	7.920064e-04
-8.015000e+00	-7.980000e+00	7.940259e-04
-7.980000e+00	-7.945000e+00	7.937857e-04
-7.945000e+00	-7.910000e+00	8.007331e-04
-7.910000e+00	-7.875000e+00	7.953948e-04
-7.875000e+00	-7.840000e+00	7.970498e-04
-7.840000e+00	-7.805000e+00	8.034250e-04
-7.805000e+00	-7.770000e+00	8.059400e-04
-7.770000e+00	-7.735000e+00	7.938740e-04
-7.735000e+00	-7.700000e+00	7.897611e-04
-7.700000e+00	-7.665000e+00	7.958507e-04
-7.665000e+00	-7.630000e+00	8.024407e-04
-7.630000e+00	-7.595000e+00	7.983039e-04
-7.595000e+00	-7.560000e+00	8.018054e-04
-7.560000e+00	-7.525000e+00	7.942078e-04
-7.525000e+00	-7.490000e+00	7.872717e-04
-7.490000e+00	-7.455000e+00	7.962777e-04
-7.455000e+00	-7.420000e+00	7.908518e-04
-7.420000e+00	-7.385000e+00	7.924782e-04
-7.385000e+00	-7.350000e+00	7.967239e-04
-7.350000e+00	-7.315000e+00	7.959174e-04
-7.315000e+00	-7.280000e+00	7.948045e-04
-7.280000e+00	-7.245000e+00	7.916400e-04
-7.245000e+00	-7.210000e+00	7.847084e-04
-7.210000e+00	-7.175000e+00	7.900331e-04
-7.175000e+00	-7.140000e+00	7.936746e-04
-7.140000e+00	-7.105000e+00	7.993489e-04
-7.105000e+00	-7.070000e+00	7.973134e-04
-7.070000e+00	-7.035000e+00	8.011198e-04
-7.035000e+00	-7.000000e+00	7.931362e-04
-7.000000e+00	-6.965000e+00	7.984238e-04
-6.965000e+00	-6.930000e+00	7.894429e-04
-6.930000e+00	-6.895000e+00	7.874406e-04
-6.895000e+00	-6.860000e+00	7.920646e-04
-6.860000e+00	-6.825000e+00	7.935620e-04
-6.825000e+00	-6.790000e+00	7.939984e-04
-6.790000e+00	-6.755000e+00	7.970326e-04
-6.755000e+00	-6.720000e+00	7.957083e-04
-6.720000e+00	-6.685000e+00	7.990558e-04
-6.685000e+00	-6.650000e+00	8.063625e-04
-6.650000e+00	-6.615000e+00	8.080952e-04
-6.615000e+00	-6.580000e+00	8.071997e-04
-6.580000e+00	-6.545000e+00	8.055832e-04
-6.545000e+00	-6.510000e+00	7.934199e-04
-6.510000e+00	-6.475000e+00	8.018735e-04
-6.475000e+00	-6.440000e+00	8.066232e-04
-6.440000e+00	-6.405000e+00	7.976462e-04
-6.405000e+00	-6.370000e+00	7.963054e-04
-6.370000e+00	-6.335000e+00	7.957140e-04
-6.335000e+00	-6.300000e+00	7.956629e-04
-6.300000e+00	-6.265000e+00	8.023855e-04
-6.265000e+00	-6.230000e+00	7.980276e-04
-6.230000e+00	-6.195000e+00	7.994458e-04
-6.195000e+00	-6.160000e+00	7.921770e-04
-6.160000e+00	-6.125000e+00	7.826382e-04
-6.125000e+00	-6.090000e+00	7.942883e-04
-6.090000e+00	-6.055000e+00	8.024320e-04
-6.055000e+00	-6.020000e+00	8.136693e-04
-6.020000e+00	-5.985000e+00	7.971730e-04
-5.985000e+00	-5.950000e+00	7.878019e-04
-5.950000e+00	-5.915000e+00	7.987822e-04
-5.915000e+00	-5.880000e+00	7.949098e-04
-5.880000e+00	-5.845000e+00	8.048014e-04
-5.845000e+00	-5.810000e+00	7.965276e-04
-5.810000e+00	-5.775000e+00	7.885685e-04
-5.775000e+00	-5.740000e+00	7.913129e-04
-5.740000e+00	-5.705000e+00	8.041307e-04
-5.705000e+00	-5.670000e+00	8.054853e-04
-5.670000e+00	-5.635000e+00	8.009111e-04
-5.635000e+00	-5.600000e+00	8.051394e-04
-5.600000e+00	-5.565000e+00	8.003966e-04
-5.565000e+00	-5.530000e+00	7.994813e-04
-5.530000e+00	-5.495000e+00	7.952263e-04
-5.495000e+00	-5.460000e+00	8.042130e-04
-5.460000e+00	-5.425000e+00	8.027777e-04
-5.425000e+00	-5.390000e+00	7.893501e-04
-5.390000e+00	-5.355000e+00	7.965963e-04
-5.355000e+00	-5.320000e+00	8.026832e-04
-5.320000e+00	-5.285000e+00	7.866944e-04
-5.285000e+00	-5.250000e+00	7.930566e-04
-5.250000e+00	-5.215000e+00	8.045523e-04
-5.215000e+00	-5.180000e+00	7.965998e-04
-5.180000e+00	-5.145000e+00	8.056523e-04
-5.145000e+00	-5.110000e+00	7.951133e-04
-5.110000e+00	-5.075000e+00	7.988894e-04
-5.075000e+00	-5.040000e+00	7.957669e-04
-5.040000e+00	-5.005000e+00	7.982848e-04
-5.005000e+00	-4.970000e+00	7.955808e-04
-4.970000e+00	-4.935000e+00	7.774538e-04
-4.935000e+00	-4.900000e+00	7.844037e-04
-4.900000e+00	-4.865000e+00	7.855787e-04
-4.865000e+00	-4.830000e+00	7.922741e-04
-4.830000e+00	-4.795000e+00	7.895805e-04
-4.795000e+00	-4.760000e+00	7.987855e-04
-4.760000e+00	-4.725000e+00	7.941633e-04
-4.725000e+00	-4.690000e+00	7.998302e-04
-4.690000e+00	-4.655000e+00	7.999095e-04
-4.655000e+00	-4.620000e+00	8.047071e-04
-4.620000e+00	-4.585000e+00	8.097322e-04
-4.585000e+00	-4.550000e+00	8.156456e-04
-4.550000e+00	-4.515000e+00	7.936964e-04
-4.515000e+00	-4.480000e+00	7.998929e-04
-4.480000e+00	-4.445000e+00	7.934724e-04
-4.445000e+00	-4.410000e+00	7.899568e-04
-4.410000e+00	-4.375000e+00	7.965282e-04
-4.375000e+00	-4.340000e+00	7.874647e-04
-4.340000e+00	-4.305000e+00	7.954817e-04
-4.305000e+00	-4.270000e+00	7.808177e-04
-4.270000e+00	-4.235000e+00	7.981605e-04
-4.235000e+00	-4.200000e+00	7.808807e-04
-4.200000e+00	-4.165000e+00	7.883408e-04
-4.165000e+00	-4.130000e+00	7.915199e-04
-4.130000e+00	-4.095000e+00	7.917042e-04
-4.095000e+00	-4.060000e+00	7.784241e-04
-4.060000e+00	-4.025000e+00	7.858587e-04
-4.025000e+00	-3.990000e+00	7.915343e-04
-3.990000e+00	-3.955000e+00	7.817075e-04
-3.955000e+00	-3.920000e+00	7.921939e-04
-3.920000e+00	-3.885000e+00	7.780398e-04
-3.885000e+00	-3.850000e+00	7.835478e-04
-3.850000e+00	-3.815000e+00	7.824322e-04
-3.815000e+00	-3.780000e+00	7.846449e-04
-3.780000e+00	-3.745000e+00	7.847903e-04
-3.745000e+00	-3.710000e+00	7.899515e-04
-3.710000e+00	-3.675000e+00	7.824688e-04
-3.675000e+00	-3.640000e+00	7.847586e-04
-3.640000e+00	-3.605000e+00	7.869598e-04
-3.605000e+00	-3.570000e+00	7.924462e-04
-3.570000e+00	-3.535000e+00	7.842673e-04
-3.535000e+00	-3.500000e+00	7.792193e-04
-3.500000e+00	-3.465000e+00	7.733972e-04
-3.465000e+00	-3.430000e+00	7.758364e-04
-3.430000e+00	-3.395000e+00	7.690163e-04
-3.395000e+00	-3.360000e+00	7.739397e-04
-3.360000e+00	-3.325000e+00	7.787672e-04
-3.325000e+00	-3.290000e+00	7.828524e-04
-3.290000e+00	-3.255000e+00	7.813221e-04
-3.255000e+00	-3.220000e+00	7.837235e-04
-3.220000e+00	-3.185000e+00	7.906565e-04
-3.185000e+00	-3.150000e+00	7.777313e-04
-3.150000e+00	-3.115000e+00	7.821190e-04
-3.115000e+00	-3.080000e+00	7.901596e-04
-3.080000e+00	-3.045000e+00	7.795024e-04
-3.045000e+00	-3.010000e+00	7.846714e-04
-3.010000e+00	-2.975000e+00	7.898842e-04
-2.975000e+00	-2.940000e+00	7.844173e-04
-2.940000e+00	-2.905000e+00	7.860110e-04
-2.905000e+00	-2.870000e+00	7.765993e-04
-2.870000e+00	-2.835000e+00	7.678180e-04
-2.835000e+00	-2.800000e+00	7.771894e-04
-2.800000e+00	-2.765000e+00	7.777755e-04
-2.765000e+00	-2.730000e+00	7.657278e-04
-2.730000e+00	-2.695000e+00	7.667798e-04
-2.695000e+00	-2.660000e+00	7.712382e-04
-2.660000e+00	-2.625000e+00	7.703434e-04
-2.625000e+00	-2.590000e+00	7.798333e-04
-2.590000e+00	-2.555000e+00	7.647692e-04
-2.555000e+00	-2.520000e+00	7.729630e-04
-2.520000e+00	-2.485000e+00	7.704737e-04
-2.485000e+00	-2.450000e+00	7.720391e-04
-2.450000e+00	-2.415000e+00	7.783457e-04
-2.415000e+00	-2.380000e+00	7.635737e-04
-2.380000e+00	-2.345000e+00	7.711205e-04
-2.345000e+00	-2.310000e+00	7.721821e-04
-2.310000e+00	-2.275000e+00	7.664567e-04
-2.275000e+00	-2.240000e+00	7.706670e-04
-2.240000e+00	-2.205000e+00	7.772302e-04
-2.205000e+00	-2.170000e+00	7.704995e-04
-2.170000e+00	-2.135000e+00	7.854797e-04
-2.135000e+00	-2.100000e+00	7.763733e-04
-2.100000e+00	-2.065000e+00	7.775322e-04
-2.065000e+00	-2.030000e+00	7.700416e-04
-2.030000e+00	-1.995000e+00	7.728960e-04
-1.995000e+00	-1.960000e+00	7.610288e-04
-1.960000e+00	-1.925000e+00	7.699596e-04
-1.925000e+00	-1.890000e+00	7.707335e-04
-1.890000e+00	-1.855000e+00	7.679846e-04
-1.855000e+00	-1.820000e+00	7.804258e-04
-1.820000e+00	-1.785000e+00	7.707255e-04
-1.785000e+00	-1.750000e+00	7.756847e-04
-1.750000e+00	-1.715000e+00	7.664756e-04
-1.715000e+00	-1.680000e+00	7.591182e-04
-1.680000e+00	-1.645000e+00	7.558279e-04
-1.645000e+00	-1.610000e+00	7.653636e-04
-1.610000e+00	-1.575000e+00	7.640785e-04
-1.575000e+00	-1.540000e+00	7.565861e-04
-1.540000e+00	-1.505000e+00	7.536417e-04
-1.505000e+00	-1.470000e+00	7.508981e-04
-1.470000e+00	-1.435000e+00	7.585348e-04
-1.435000e+00	-1.400000e+00	7.542598e-04
-1.400000e+00	-1.365000e+00	7.564798e-04
-1.365000e+00	-1.330000e+00	7.517561e-04
-1.330000e+00	-1.295000e+00	7.526365e-04
-1.295000e+00	-1.260000e+00	7.524058e-04
-1.260000e+00	-1.225000e+00	7.519017e-04
-1.225000e+00	-1.190000e+00	7.412002e-04
-1.190000e+00	-1.155000e+00	7.456138e-04
-1.155000e+00	-1.120000e+00	7.428924e-04
-1.120000e+00	-1.085000e+00	7.590727e-04
-1.085000e+00	-1.050000e+00	7.578250e-04
-1.050000e+00	-1.015000e+00	7.569741e-04
-1.015000e+00	-9.800000e-01	7.398759e-04
-9.800000e-01	-9.450000e-01	7.436428e-04
-9.450000e-01	-9.100000e-01	7.350415e-04
-9.100000e-01	-8.750000e-01	7.329075e-04
-8.750000e-01	-8.400000e-01	7.357415e-04
-8.400000e-01	-8.050000e-01	7.442791e-04
-8.050000e-01	-7.700000e-01	7.476414e-04
-7.700000e-01	-7.350000e-01	7.322836e-04
-7.350000e-01	-7.000000e-01	7.319258e-04
-7.000000e-01	-6.650000e-01	7.343034e-04
-6.650000e-01	-6.300000e-01	7.389758e-04
-6.300000e-01	-5.950000e-01	7.316632e-04
-5.950000e-01	-5.600000e-01	7.320323e-04
-5.600000e-01	-5.250000e-01	7.320594e-04
-5.250000e-01	-4.900000e-01	7.285136e-04
-4.900000e-01	-4.550000e-01	7.316613e-04
-4.550000e-01	-4.200000e-01	7.310936e-04
-4.200000e-01	-3.850000e-01	7.332684e-04
-3.850000e-01	-3.500000e-01	7.451465e-04
-3.500000e-01	-3.150000e-01	7.358575e-04
-3.150000e-01	-2.800000e-01	7.324854e-04
-2.800000e-01	-2.450000e-01	7.342090e-04
-2.450000e-01	-2.100000e-01	7.296075e-04
-2.100000e-01	-1.750000e-01	7.304989e-04
-1.750000e-01	-1.400000e-01	7.272381e-04
-1.400000e-01	-1.050000e-01	7.166288e-04
-1.050000e-01	-7.000000e-02	7.180618e-04
-7.000000e-02	-3.500000e-02	7.151801e-04
-3.500000e-02	1.776357e-15	7.026917e-04
