# FLUKA USRBIN Z-projection  detector: EdepSlab
# Score type: 208  ncase: 2500000
# Geometry: X=[-100.0,100.0] nx=50  Y=[-100.0,100.0] ny=50  Z=[-10.5,0.0] nz=300
# Columns: z_low[cm]  z_high[cm]  sum_XY(value*dx*dy)
# Units: EdepSlab→GeV/cm/primary  NeutSlab→cm/primary/cm_depth
-1.050000e+01	-1.046500e+01	2.032977e-04
-1.046500e+01	-1.043000e+01	2.412609e-04
-1.043000e+01	-1.039500e+01	2.512187e-04
-1.039500e+01	-1.036000e+01	2.720880e-04
-1.036000e+01	-1.032500e+01	2.727985e-04
-1.032500e+01	-1.029000e+01	2.899042e-04
-1.029000e+01	-1.025500e+01	3.009952e-04
-1.025500e+01	-1.022000e+01	3.104032e-04
-1.022000e+01	-1.018500e+01	3.096865e-04
-1.018500e+01	-1.015000e+01	3.235782e-04
-1.015000e+01	-1.011500e+01	3.306489e-04
-1.011500e+01	-1.008000e+01	3.317445e-04
-1.008000e+01	-1.004500e+01	3.340972e-04
-1.004500e+01	-1.001000e+01	3.433434e-04
-1.001000e+01	-9.975000e+00	3.560892e-04
-9.975000e+00	-9.940000e+00	3.563966e-04
-9.940000e+00	-9.905000e+00	3.591319e-04
-9.905000e+00	-9.870000e+00	3.616998e-04
-9.870000e+00	-9.835000e+00	3.791263e-04
-9.835000e+00	-9.800000e+00	3.700355e-04
-9.800000e+00	-9.765000e+00	3.708487e-04
-9.765000e+00	-9.730000e+00	3.806083e-04
-9.730000e+00	-9.695000e+00	3.871203e-04
-9.695000e+00	-9.660000e+00	4.008548e-04
-9.660000e+00	-9.625000e+00	4.026415e-04
-9.625000e+00	-9.590000e+00	4.025922e-04
-9.590000e+00	-9.555000e+00	4.217996e-04
-9.555000e+00	-9.520000e+00	4.117935e-04
-9.520000e+00	-9.485000e+00	4.184175e-04
-9.485000e+00	-9.450000e+00	4.182633e-04
-9.450000e+00	-9.415000e+00	4.181518e-04
-9.415000e+00	-9.380000e+00	4.184857e-04
-9.380000e+00	-9.345000e+00	4.330205e-04
-9.345000e+00	-9.310000e+00	4.384352e-04
-9.310000e+00	-9.275000e+00	4.478940e-04
-9.275000e+00	-9.240000e+00	4.561643e-04
-9.240000e+00	-9.205000e+00	4.581275e-04
-9.205000e+00	-9.170000e+00	4.631927e-04
-9.170000e+00	-9.135000e+00	4.683879e-04
-9.135000e+00	-9.100000e+00	4.710275e-04
-9.100000e+00	-9.065000e+00	4.670242e-04
-9.065000e+00	-9.030000e+00	4.634180e-04
-9.030000e+00	-8.995000e+00	4.801310e-04
-8.995000e+00	-8.960000e+00	4.821985e-04
-8.960000e+00	-8.925000e+00	4.802678e-04
-8.925000e+00	-8.890000e+00	4.941043e-04
-8.890000e+00	-8.855000e+00	4.787554e-04
-8.855000e+00	-8.820000e+00	4.848979e-04
-8.820000e+00	-8.785000e+00	4.998478e-04
-8.785000e+00	-8.750000e+00	5.062493e-04
-8.750000e+00	-8.715000e+00	5.033352e-04
-8.715000e+00	-8.680000e+00	5.217660e-04
-8.680000e+00	-8.645000e+00	5.193839e-04
-8.645000e+00	-8.610000e+00	5.241989e-04
-8.610000e+00	-8.575000e+00	5.221813e-04
-8.575000e+00	-8.540000e+00	5.199625e-04
-8.540000e+00	-8.505000e+00	5.415684e-04
-8.505000e+00	-8.470000e+00	5.371637e-04
-8.470000e+00	-8.435000e+00	5.445231e-04
-8.435000e+00	-8.400000e+00	5.381473e-04
-8.400000e+00	-8.365000e+00	5.474994e-04
-8.365000e+00	-8.330000e+00	5.553626e-04
-8.330000e+00	-8.295000e+00	5.480694e-04
-8.295000e+00	-8.260000e+00	5.665532e-04
-8.260000e+00	-8.225000e+00	5.597094e-04
-8.225000e+00	-8.190000e+00	5.583945e-04
-8.190000e+00	-8.155000e+00	5.604574e-04
-8.155000e+00	-8.120000e+00	5.667253e-04
-8.120000e+00	-8.085000e+00	5.667029e-04
-8.085000e+00	-8.050000e+00	5.782639e-04
-8.050000e+00	-8.015000e+00	5.670529e-04
-8.015000e+00	-7.980000e+00	5.875090e-04
-7.980000e+00	-7.945000e+00	5.853877e-04
-7.945000e+00	-7.910000e+00	5.826110e-04
-7.910000e+00	-7.875000e+00	5.954279e-04
-7.875000e+00	-7.840000e+00	6.024537e-04
-7.840000e+00	-7.805000e+00	6.018138e-04
-7.805000e+00	-7.770000e+00	5.972211e-04
-7.770000e+00	-7.735000e+00	6.065618e-04
-7.735000e+00	-7.700000e+00	6.139888e-04
-7.700000e+00	-7.665000e+00	6.184148e-04
-7.665000e+00	-7.630000e+00	6.124447e-04
-7.630000e+00	-7.595000e+00	6.111122e-04
-7.595000e+00	-7.560000e+00	6.256566e-04
-7.560000e+00	-7.525000e+00	6.138912e-04
-7.525000e+00	-7.490000e+00	6.282827e-04
-7.490000e+00	-7.455000e+00	6.306267e-04
-7.455000e+00	-7.420000e+00	6.236855e-04
-7.420000e+00	-7.385000e+00	6.322236e-04
-7.385000e+00	-7.350000e+00	6.309887e-04
-7.350000e+00	-7.315000e+00	6.373490e-04
-7.315000e+00	-7.280000e+00	6.469981e-04
-7.280000e+00	-7.245000e+00	6.445982e-04
-7.245000e+00	-7.210000e+00	6.339433e-04
-7.210000e+00	-7.175000e+00	6.516267e-04
-7.175000e+00	-7.140000e+00	6.586313e-04
-7.140000e+00	-7.105000e+00	6.561783e-04
-7.105000e+00	-7.070000e+00	6.534120e-04
-7.070000e+00	-7.035000e+00	6.696866e-04
-7.035000e+00	-7.000000e+00	6.589731e-04
-7.000000e+00	-6.965000e+00	6.550646e-04
-6.965000e+00	-6.930000e+00	6.622176e-04
-6.930000e+00	-6.895000e+00	6.738130e-04
-6.895000e+00	-6.860000e+00	6.669089e-04
-6.860000e+00	-6.825000e+00	6.676292e-04
-6.825000e+00	-6.790000e+00	6.778101e-04
-6.790000e+00	-6.755000e+00	6.726634e-04
-6.755000e+00	-6.720000e+00	6.772303e-04
-6.720000e+00	-6.685000e+00	6.914914e-04
-6.685000e+00	-6.650000e+00	7.010385e-04
-6.650000e+00	-6.615000e+00	7.045390e-04
-6.615000e+00	-6.580000e+00	7.035681e-04
-6.580000e+00	-6.545000e+00	6.983799e-04
-6.545000e+00	-6.510000e+00	6.999994e-04
-6.510000e+00	-6.475000e+00	7.019559e-04
-6.475000e+00	-6.440000e+00	7.122603e-04
-6.440000e+00	-6.405000e+00	7.166048e-04
-6.405000e+00	-6.370000e+00	7.045941e-04
-6.370000e+00	-6.335000e+00	7.192796e-04
-6.335000e+00	-6.300000e+00	7.138731e-04
-6.300000e+00	-6.265000e+00	7.135440e-04
-6.265000e+00	-6.230000e+00	7.218970e-04
-6.230000e+00	-6.195000e+00	7.274522e-04
-6.195000e+00	-6.160000e+00	7.336305e-04
-6.160000e+00	-6.125000e+00	7.211415e-04
-6.125000e+00	-6.090000e+00	7.289945e-04
-6.090000e+00	-6.055000e+00	7.451215e-04
-6.055000e+00	-6.020000e+00	7.412530e-04
-6.020000e+00	-5.985000e+00	7.329298e-04
-5.985000e+00	-5.950000e+00	7.321531e-04
-5.950000e+00	-5.915000e+00	7.419909e-04
-5.915000e+00	-5.880000e+00	7.420405e-04
-5.880000e+00	-5.845000e+00	7.505530e-04
-5.845000e+00	-5.810000e+00	7.534825e-04
-5.810000e+00	-5.775000e+00	7.578806e-04
-5.775000e+00	-5.740000e+00	7.474559e-04
-5.740000e+00	-5.705000e+00	7.437880e-04
-5.705000e+00	-5.670000e+00	7.498558e-04
-5.670000e+00	-5.635000e+00	7.504214e-04
-5.635000e+00	-5.600000e+00	7.536712e-04
-5.600000e+00	-5.565000e+00	7.681185e-04
-5.565000e+00	-5.530000e+00	7.642675e-04
-5.530000e+00	-5.495000e+00	7.727763e-04
-5.495000e+00	-5.460000e+00	7.608381e-04
-5.460000e+00	-5.425000e+00	7.773523e-04
-5.425000e+00	-5.390000e+00	7.718528e-04
-5.390000e+00	-5.355000e+00	7.814871e-04
-5.355000e+00	-5.320000e+00	7.756094e-04
-5.320000e+00	-5.285000e+00	7.853147e-04
-5.285000e+00	-5.250000e+00	7.847501e-04
-5.250000e+00	-5.215000e+00	7.930335e-04
-5.215000e+00	-5.180000e+00	7.885159e-04
-5.180000e+00	-5.145000e+00	7.919520e-04
-5.145000e+00	-5.110000e+00	7.964695e-04
-5.110000e+00	-5.075000e+00	7.858592e-04
-5.075000e+00	-5.040000e+00	7.970502e-04
-5.040000e+00	-5.005000e+00	8.105983e-04
-5.005000e+00	-4.970000e+00	8.105069e-04
-4.970000e+00	-4.935000e+00	8.009755e-04
-4.935000e+00	-4.900000e+00	8.008041e-04
-4.900000e+00	-4.865000e+00	8.084754e-04
-4.865000e+00	-4.830000e+00	8.110151e-04
-4.830000e+00	-4.795000e+00	8.164577e-04
-4.795000e+00	-4.760000e+00	8.078699e-04
-4.760000e+00	-4.725000e+00	8.188052e-04
-4.725000e+00	-4.690000e+00	8.242636e-04
-4.690000e+00	-4.655000e+00	8.185087e-04
-4.655000e+00	-4.620000e+00	8.261804e-04
-4.620000e+00	-4.585000e+00	8.276685e-04
-4.585000e+00	-4.550000e+00	8.245524e-04
-4.550000e+00	-4.515000e+00	8.295857e-04
-4.515000e+00	-4.480000e+00	8.318332e-04
-4.480000e+00	-4.445000e+00	8.253534e-04
-4.445000e+00	-4.410000e+00	8.359125e-04
-4.410000e+00	-4.375000e+00	8.338386e-04
-4.375000e+00	-4.340000e+00	8.296772e-04
-4.340000e+00	-4.305000e+00	8.404547e-04
-4.305000e+00	-4.270000e+00	8.329996e-04
-4.270000e+00	-4.235000e+00	8.470367e-04
-4.235000e+00	-4.200000e+00	8.434122e-04
-4.200000e+00	-4.165000e+00	8.606514e-04
-4.165000e+00	-4.130000e+00	8.605231e-04
-4.130000e+00	-4.095000e+00	8.614018e-04
-4.095000e+00	-4.060000e+00	8.661407e-04
-4.060000e+00	-4.025000e+00	8.576741e-04
-4.025000e+00	-3.990000e+00	8.514734e-04
-3.990000e+00	-3.955000e+00	8.544712e-04
-3.955000e+00	-3.920000e+00	8.747298e-04
-3.920000e+00	-3.885000e+00	8.713561e-04
-3.885000e+00	-3.850000e+00	8.672141e-04
-3.850000e+00	-3.815000e+00	8.815731e-04
-3.815000e+00	-3.780000e+00	8.795614e-04
-3.780000e+00	-3.745000e+00	8.771140e-04
-3.745000e+00	-3.710000e+00	8.701874e-04
-3.710000e+00	-3.675000e+00	8.803385e-04
-3.675000e+00	-3.640000e+00	8.856434e-04
-3.640000e+00	-3.605000e+00	8.830338e-04
-3.605000e+00	-3.570000e+00	8.803586e-04
-3.570000e+00	-3.535000e+00	8.766594e-04
-3.535000e+00	-3.500000e+00	8.842656e-04
-3.500000e+00	-3.465000e+00	8.956183e-04
-3.465000e+00	-3.430000e+00	9.008779e-04
-3.430000e+00	-3.395000e+00	8.983113e-04
-3.395000e+00	-3.360000e+00	8.950599e-04
-3.360000e+00	-3.325000e+00	8.949944e-04
-3.325000e+00	-3.290000e+00	9.032509e-04
-3.290000e+00	-3.255000e+00	9.010702e-04
-3.255000e+00	-3.220000e+00	9.047614e-04
-3.220000e+00	-3.185000e+00	9.008454e-04
-3.185000e+00	-3.150000e+00	9.034934e-04
-3.150000e+00	-3.115000e+00	9.013806e-04
-3.115000e+00	-3.080000e+00	8.959810e-04
-3.080000e+00	-3.045000e+00	9.061557e-04
-3.045000e+00	-3.010000e+00	9.062338e-04
-3.010000e+00	-2.975000e+00	9.208270e-04
-2.975000e+00	-2.940000e+00	9.074712e-04
-2.940000e+00	-2.905000e+00	9.108520e-04
-2.905000e+00	-2.870000e+00	9.159982e-04
-2.870000e+00	-2.835000e+00	9.248630e-04
-2.835000e+00	-2.800000e+00	9.220453e-04
-2.800000e+00	-2.765000e+00	9.290748e-04
-2.765000e+00	-2.730000e+00	9.185704e-04
-2.730000e+00	-2.695000e+00	9.226432e-04
-2.695000e+00	-2.660000e+00	9.337750e-04
-2.660000e+00	-2.625000e+00	9.338661e-04
-2.625000e+00	-2.590000e+00	9.415134e-04
-2.590000e+00	-2.555000e+00	9.276923e-04
-2.555000e+00	-2.520000e+00	9.327660e-04
-2.520000e+00	-2.485000e+00	9.328454e-04
-2.485000e+00	-2.450000e+00	9.413674e-04
-2.450000e+00	-2.415000e+00	9.441543e-04
-2.415000e+00	-2.380000e+00	9.484387e-04
-2.380000e+00	-2.345000e+00	9.475594e-04
-2.345000e+00	-2.310000e+00	9.427791e-04
-2.310000e+00	-2.275000e+00	9.351619e-04
-2.275000e+00	-2.240000e+00	9.338285e-04
-2.240000e+00	-2.205000e+00	9.547871e-04
-2.205000e+00	-2.170000e+00	9.581584e-04
-2.170000e+00	-2.135000e+00	9.575462e-04
-2.135000e+00	-2.100000e+00	9.486276e-04
-2.100000e+00	-2.065000e+00	9.500477e-04
-2.065000e+00	-2.030000e+00	9.553062e-04
-2.030000e+00	-1.995000e+00	9.548566e-04
-1.995000e+00	-1.960000e+00	9.588753e-04
-1.960000e+00	-1.925000e+00	9.583485e-04
-1.925000e+00	-1.890000e+00	9.705988e-04
-1.890000e+00	-1.855000e+00	9.624429e-04
-1.855000e+00	-1.820000e+00	9.626981e-04
-1.820000e+00	-1.785000e+00	9.606916e-04
-1.785000e+00	-1.750000e+00	9.511910e-04
-1.750000e+00	-1.715000e+00	9.686172e-04
-1.715000e+00	-1.680000e+00	9.556162e-04
-1.680000e+00	-1.645000e+00	9.676639e-04
-1.645000e+00	-1.610000e+00	9.509255e-04
-1.610000e+00	-1.575000e+00	9.676380e-04
-1.575000e+00	-1.540000e+00	9.645440e-04
-1.540000e+00	-1.505000e+00	9.626258e-04
-1.505000e+00	-1.470000e+00	9.697946e-04
-1.470000e+00	-1.435000e+00	9.739181e-04
-1.435000e+00	-1.400000e+00	9.867621e-04
-1.400000e+00	-1.365000e+00	9.749674e-04
-1.365000e+00	-1.330000e+00	9.627948e-04
-1.330000e+00	-1.295000e+00	9.782820e-04
-1.295000e+00	-1.260000e+00	9.726101e-04
-1.260000e+00	-1.225000e+00	9.658531e-04
-1.225000e+00	-1.190000e+00	9.705787e-04
-1.190000e+00	-1.155000e+00	9.755847e-04
-1.155000e+00	-1.120000e+00	9.775164e-04
-1.120000e+00	-1.085000e+00	9.808214e-04
-1.085000e+00	-1.050000e+00	9.862360e-04
-1.050000e+00	-1.015000e+00	9.812948e-04
-1.015000e+00	-9.800000e-01	9.820503e-04
-9.800000e-01	-9.450000e-01	9.672719e-04
-9.450000e-01	-9.100000e-01	9.823827e-04
-9.100000e-01	-8.750000e-01	9.708356e-04
-8.750000e-01	-8.400000e-01	9.818233e-04
-8.400000e-01	-8.050000e-01	9.804406e-04
-8.050000e-01	-7.700000e-01	9.858839e-04
-7.700000e-01	-7.350000e-01	9.872717e-04
-7.350000e-01	-7.000000e-01	1.000629e-03
-7.000000e-01	-6.650000e-01	9.900103e-04
-6.650000e-01	-6.300000e-01	9.845439e-04
-6.300000e-01	-5.950000e-01	9.865438e-04
-5.950000e-01	-5.600000e-01	9.980745e-04
-5.600000e-01	-5.250000e-01	9.884040e-04
-5.250000e-01	-4.900000e-01	9.792715e-04
-4.900000e-01	-4.550000e-01	9.778218e-04
-4.550000e-01	-4.200000e-01	9.928481e-04
-4.200000e-01	-3.850000e-01	9.904355e-04
-3.850000e-01	-3.500000e-01	9.999921e-04
-3.500000e-01	-3.150000e-01	9.907484e-04
-3.150000e-01	-2.800000e-01	9.860001e-04
-2.800000e-01	-2.450000e-01	9.967540e-04
-2.450000e-01	-2.100000e-01	9.919916e-04
-2.100000e-01	-1.750000e-01	9.943126e-04
-1.750000e-01	-1.400000e-01	9.874624e-04
-1.400000e-01	-1.050000e-01	9.893822e-04
-1.050000e-01	-7.000000e-02	9.832676e-04
-7.000000e-02	-3.500000e-02	9.784070e-04
-3.500000e-02	1.776357e-15	9.581234e-04
