# FLUKA USRBIN Z-projection  detector: EdepSlab
# Score type: 208  ncase: 2500000
# Geometry: X=[-100.0,100.0] nx=50  Y=[-100.0,100.0] ny=50  Z=[-10.5,0.0] nz=300
# Columns: z_low[cm]  z_high[cm]  sum_XY(value*dx*dy)
# Units: EdepSlab→GeV/cm/primary  NeutSlab→cm/primary/cm_depth
-1.050000e+01	-1.046500e+01	3.337193e-04
-1.046500e+01	-1.043000e+01	5.697702e-04
-1.043000e+01	-1.039500e+01	6.893041e-04
-1.039500e+01	-1.036000e+01	7.180629e-04
-1.036000e+01	-1.032500e+01	7.308002e-04
-1.032500e+01	-1.029000e+01	7.298025e-04
-1.029000e+01	-1.025500e+01	7.335261e-04
-1.025500e+01	-1.022000e+01	7.298401e-04
-1.022000e+01	-1.018500e+01	7.307508e-04
-1.018500e+01	-1.015000e+01	7.354721e-04
-1.015000e+01	-1.011500e+01	7.353784e-04
-1.011500e+01	-1.008000e+01	7.461784e-04
-1.008000e+01	-1.004500e+01	7.531173e-04
-1.004500e+01	-1.001000e+01	7.475062e-04
-1.001000e+01	-9.975000e+00	7.432597e-04
-9.975000e+00	-9.940000e+00	7.537659e-04
-9.940000e+00	-9.905000e+00	7.540676e-04
-9.905000e+00	-9.870000e+00	7.505100e-04
-9.870000e+00	-9.835000e+00	7.471776e-04
-9.835000e+00	-9.800000e+00	7.491653e-04
-9.800000e+00	-9.765000e+00	7.460442e-04
-9.765000e+00	-9.730000e+00	7.538291e-04
-9.730000e+00	-9.695000e+00	7.615284e-04
-9.695000e+00	-9.660000e+00	7.619683e-04
-9.660000e+00	-9.625000e+00	7.534975e-04
-9.625000e+00	-9.590000e+00	7.663706e-04
-9.590000e+00	-9.555000e+00	7.723577e-04
-9.555000e+00	-9.520000e+00	7.626093e-04
-9.520000e+00	-9.485000e+00	7.635262e-04
-9.485000e+00	-9.450000e+00	7.629461e-04
-9.450000e+00	-9.415000e+00	7.598401e-04
-9.415000e+00	-9.380000e+00	7.667381e-04
-9.380000e+00	-9.345000e+00	7.629213e-04
-9.345000e+00	-9.310000e+00	7.690226e-04
-9.310000e+00	-9.275000e+00	7.726906e-04
-9.275000e+00	-9.240000e+00	7.659820e-04
-9.240000e+00	-9.205000e+00	7.690316e-04
-9.205000e+00	-9.170000e+00	7.748543e-04
-9.170000e+00	-9.135000e+00	7.705443e-04
-9.135000e+00	-9.100000e+00	7.682194e-04
-9.100000e+00	-9.065000e+00	7.688684e-04
-9.065000e+00	-9.030000e+00	7.655222e-04
-9.030000e+00	-8.995000e+00	7.658104e-04
-8.995000e+00	-8.960000e+00	7.721761e-04
-8.960000e+00	-8.925000e+00	7.733016e-04
-8.925000e+00	-8.890000e+00	7.716602e-04
-8.890000e+00	-8.855000e+00	7.732275e-04
-8.855000e+00	-8.820000e+00	7.743088e-04
-8.820000e+00	-8.785000e+00	7.707592e-04
-8.785000e+00	-8.750000e+00	7.702798e-04
-8.750000e+00	-8.715000e+00	7.761262e-04
-8.715000e+00	-8.680000e+00	7.726157e-04
-8.680000e+00	-8.645000e+00	7.816996e-04
-8.645000e+00	-8.610000e+00	7.780795e-04
-8.610000e+00	-8.575000e+00	7.712257e-04
-8.575000e+00	-8.540000e+00	7.715131e-04
-8.540000e+00	-8.505000e+00	7.812348e-04
-8.505000e+00	-8.470000e+00	7.707734e-04
-8.470000e+00	-8.435000e+00	7.719756e-04
-8.435000e+00	-8.400000e+00	7.747670e-04
-8.400000e+00	-8.365000e+00	7.729132e-04
-8.365000e+00	-8.330000e+00	7.681109e-04
-8.330000e+00	-8.295000e+00	7.691924e-04
-8.295000e+00	-8.260000e+00	7.758201e-04
-8.260000e+00	-8.225000e+00	7.650418e-04
-8.225000e+00	-8.190000e+00	7.663915e-04
-8.190000e+00	-8.155000e+00	7.666616e-04
-8.155000e+00	-8.120000e+00	7.631264e-04
-8.120000e+00	-8.085000e+00	7.712128e-04
-8.085000e+00	-8.050000e+00	7.728580e-04
-8.050000e+00	-8.015000e+00	7.713516e-04
-8.015000e+00	-7.980000e+00	7.649268e-04
-7.980000e+00	-7.945000e+00	7.668135e-04
-7.945000e+00	-7.910000e+00	7.664670e-04
-7.910000e+00	-7.875000e+00	7.694049e-04
-7.875000e+00	-7.840000e+00	7.678256e-04
-7.840000e+00	-7.805000e+00	7.685687e-04
-7.805000e+00	-7.770000e+00	7.706351e-04
-7.770000e+00	-7.735000e+00	7.634169e-04
-7.735000e+00	-7.700000e+00	7.610685e-04
-7.700000e+00	-7.665000e+00	7.638066e-04
-7.665000e+00	-7.630000e+00	7.531699e-04
-7.630000e+00	-7.595000e+00	7.602737e-04
-7.595000e+00	-7.560000e+00	7.652824e-04
-7.560000e+00	-7.525000e+00	7.522104e-04
-7.525000e+00	-7.490000e+00	7.594176e-04
-7.490000e+00	-7.455000e+00	7.538619e-04
-7.455000e+00	-7.420000e+00	7.652527e-04
-7.420000e+00	-7.385000e+00	7.635822e-04
-7.385000e+00	-7.350000e+00	7.629457e-04
-7.350000e+00	-7.315000e+00	7.634964e-04
-7.315000e+00	-7.280000e+00	7.526837e-04
-7.280000e+00	-7.245000e+00	7.569053e-04
-7.245000e+00	-7.210000e+00	7.610063e-04
-7.210000e+00	-7.175000e+00	7.565739e-04
-7.175000e+00	-7.140000e+00	7.506629e-04
-7.140000e+00	-7.105000e+00	7.522024e-04
-7.105000e+00	-7.070000e+00	7.530277e-04
-7.070000e+00	-7.035000e+00	7.600499e-04
-7.035000e+00	-7.000000e+00	7.480732e-04
-7.000000e+00	-6.965000e+00	7.636965e-04
-6.965000e+00	-6.930000e+00	7.519668e-04
-6.930000e+00	-6.895000e+00	7.452383e-04
-6.895000e+00	-6.860000e+00	7.376033e-04
-6.860000e+00	-6.825000e+00	7.434252e-04
-6.825000e+00	-6.790000e+00	7.430964e-04
-6.790000e+00	-6.755000e+00	7.450557e-04
-6.755000e+00	-6.720000e+00	7.443576e-04
-6.720000e+00	-6.685000e+00	7.358542e-04
-6.685000e+00	-6.650000e+00	7.422458e-04
-6.650000e+00	-6.615000e+00	7.412391e-04
-6.615000e+00	-6.580000e+00	7.389396e-04
-6.580000e+00	-6.545000e+00	7.358938e-04
-6.545000e+00	-6.510000e+00	7.354034e-04
-6.510000e+00	-6.475000e+00	7.358374e-04
-6.475000e+00	-6.440000e+00	7.340903e-04
-6.440000e+00	-6.405000e+00	7.287429e-04
-6.405000e+00	-6.370000e+00	7.348715e-04
-6.370000e+00	-6.335000e+00	7.261730e-04
-6.335000e+00	-6.300000e+00	7.273959e-04
-6.300000e+00	-6.265000e+00	7.292620e-04
-6.265000e+00	-6.230000e+00	7.215999e-04
-6.230000e+00	-6.195000e+00	7.209061e-04
-6.195000e+00	-6.160000e+00	7.213793e-04
-6.160000e+00	-6.125000e+00	7.156773e-04
-6.125000e+00	-6.090000e+00	7.179359e-04
-6.090000e+00	-6.055000e+00	7.245260e-04
-6.055000e+00	-6.020000e+00	7.209774e-04
-6.020000e+00	-5.985000e+00	7.169584e-04
-5.985000e+00	-5.950000e+00	7.225025e-04
-5.950000e+00	-5.915000e+00	7.020660e-04
-5.915000e+00	-5.880000e+00	7.121775e-04
-5.880000e+00	-5.845000e+00	7.101800e-04
-5.845000e+00	-5.810000e+00	7.057973e-04
-5.810000e+00	-5.775000e+00	7.146293e-04
-5.775000e+00	-5.740000e+00	7.112242e-04
-5.740000e+00	-5.705000e+00	7.171687e-04
-5.705000e+00	-5.670000e+00	7.117686e-04
-5.670000e+00	-5.635000e+00	7.058840e-04
-5.635000e+00	-5.600000e+00	7.024135e-04
-5.600000e+00	-5.565000e+00	7.111005e-04
-5.565000e+00	-5.530000e+00	7.010665e-04
-5.530000e+00	-5.495000e+00	7.028218e-04
-5.495000e+00	-5.460000e+00	6.992256e-04
-5.460000e+00	-5.425000e+00	6.936206e-04
-5.425000e+00	-5.390000e+00	6.987348e-04
-5.390000e+00	-5.355000e+00	6.940935e-04
-5.355000e+00	-5.320000e+00	7.013083e-04
-5.320000e+00	-5.285000e+00	7.004545e-04
-5.285000e+00	-5.250000e+00	6.824997e-04
-5.250000e+00	-5.215000e+00	6.858338e-04
-5.215000e+00	-5.180000e+00	6.790982e-04
-5.180000e+00	-5.145000e+00	6.964838e-04
-5.145000e+00	-5.110000e+00	6.853705e-04
-5.110000e+00	-5.075000e+00	6.776541e-04
-5.075000e+00	-5.040000e+00	6.843139e-04
-5.040000e+00	-5.005000e+00	6.810150e-04
-5.005000e+00	-4.970000e+00	6.730434e-04
-4.970000e+00	-4.935000e+00	6.675872e-04
-4.935000e+00	-4.900000e+00	6.621359e-04
-4.900000e+00	-4.865000e+00	6.803619e-04
-4.865000e+00	-4.830000e+00	6.728716e-04
-4.830000e+00	-4.795000e+00	6.710008e-04
-4.795000e+00	-4.760000e+00	6.659378e-04
-4.760000e+00	-4.725000e+00	6.601550e-04
-4.725000e+00	-4.690000e+00	6.648620e-04
-4.690000e+00	-4.655000e+00	6.658889e-04
-4.655000e+00	-4.620000e+00	6.621645e-04
-4.620000e+00	-4.585000e+00	6.683475e-04
-4.585000e+00	-4.550000e+00	6.616329e-04
-4.550000e+00	-4.515000e+00	6.623182e-04
-4.515000e+00	-4.480000e+00	6.537815e-04
-4.480000e+00	-4.445000e+00	6.567788e-04
-4.445000e+00	-4.410000e+00	6.470511e-04
-4.410000e+00	-4.375000e+00	6.499278e-04
-4.375000e+00	-4.340000e+00	6.514636e-04
-4.340000e+00	-4.305000e+00	6.493143e-04
-4.305000e+00	-4.270000e+00	6.413833e-04
-4.270000e+00	-4.235000e+00	6.467209e-04
-4.235000e+00	-4.200000e+00	6.475144e-04
-4.200000e+00	-4.165000e+00	6.393382e-04
-4.165000e+00	-4.130000e+00	6.395248e-04
-4.130000e+00	-4.095000e+00	6.423427e-04
-4.095000e+00	-4.060000e+00	6.336083e-04
-4.060000e+00	-4.025000e+00	6.333578e-04
-4.025000e+00	-3.990000e+00	6.337428e-04
-3.990000e+00	-3.955000e+00	6.340949e-04
-3.955000e+00	-3.920000e+00	6.275353e-04
-3.920000e+00	-3.885000e+00	6.220734e-04
-3.885000e+00	-3.850000e+00	6.306713e-04
-3.850000e+00	-3.815000e+00	6.210461e-04
-3.815000e+00	-3.780000e+00	6.220826e-04
-3.780000e+00	-3.745000e+00	6.226990e-04
-3.745000e+00	-3.710000e+00	6.175763e-04
-3.710000e+00	-3.675000e+00	6.141747e-04
-3.675000e+00	-3.640000e+00	6.168080e-04
-3.640000e+00	-3.605000e+00	6.160809e-04
-3.605000e+00	-3.570000e+00	6.143576e-04
-3.570000e+00	-3.535000e+00	6.102038e-04
-3.535000e+00	-3.500000e+00	6.051796e-04
-3.500000e+00	-3.465000e+00	6.018623e-04
-3.465000e+00	-3.430000e+00	6.080422e-04
-3.430000e+00	-3.395000e+00	5.964845e-04
-3.395000e+00	-3.360000e+00	5.949955e-04
-3.360000e+00	-3.325000e+00	5.951287e-04
-3.325000e+00	-3.290000e+00	5.918636e-04
-3.290000e+00	-3.255000e+00	5.903577e-04
-3.255000e+00	-3.220000e+00	5.963577e-04
-3.220000e+00	-3.185000e+00	5.923238e-04
-3.185000e+00	-3.150000e+00	5.881932e-04
-3.150000e+00	-3.115000e+00	5.809334e-04
-3.115000e+00	-3.080000e+00	5.829045e-04
-3.080000e+00	-3.045000e+00	5.837799e-04
-3.045000e+00	-3.010000e+00	5.851654e-04
-3.010000e+00	-2.975000e+00	5.868108e-04
-2.975000e+00	-2.940000e+00	5.775583e-04
-2.940000e+00	-2.905000e+00	5.679274e-04
-2.905000e+00	-2.870000e+00	5.717375e-04
-2.870000e+00	-2.835000e+00	5.682651e-04
-2.835000e+00	-2.800000e+00	5.732187e-04
-2.800000e+00	-2.765000e+00	5.640127e-04
-2.765000e+00	-2.730000e+00	5.707130e-04
-2.730000e+00	-2.695000e+00	5.652080e-04
-2.695000e+00	-2.660000e+00	5.652320e-04
-2.660000e+00	-2.625000e+00	5.621883e-04
-2.625000e+00	-2.590000e+00	5.510112e-04
-2.590000e+00	-2.555000e+00	5.596514e-04
-2.555000e+00	-2.520000e+00	5.528466e-04
-2.520000e+00	-2.485000e+00	5.570344e-04
-2.485000e+00	-2.450000e+00	5.418141e-04
-2.450000e+00	-2.415000e+00	5.513469e-04
-2.415000e+00	-2.380000e+00	5.461635e-04
-2.380000e+00	-2.345000e+00	5.527504e-04
-2.345000e+00	-2.310000e+00	5.461866e-04
-2.310000e+00	-2.275000e+00	5.455650e-04
-2.275000e+00	-2.240000e+00	5.369532e-04
-2.240000e+00	-2.205000e+00	5.373858e-04
-2.205000e+00	-2.170000e+00	5.402191e-04
-2.170000e+00	-2.135000e+00	5.324206e-04
-2.135000e+00	-2.100000e+00	5.275802e-04
-2.100000e+00	-2.065000e+00	5.248450e-04
-2.065000e+00	-2.030000e+00	5.195684e-04
-2.030000e+00	-1.995000e+00	5.177972e-04
-1.995000e+00	-1.960000e+00	5.289185e-04
-1.960000e+00	-1.925000e+00	5.190619e-04
-1.925000e+00	-1.890000e+00	5.148135e-04
-1.890000e+00	-1.855000e+00	5.108529e-04
-1.855000e+00	-1.820000e+00	5.080429e-04
-1.820000e+00	-1.785000e+00	5.081533e-04
-1.785000e+00	-1.750000e+00	4.955104e-04
-1.750000e+00	-1.715000e+00	4.960521e-04
-1.715000e+00	-1.680000e+00	4.944312e-04
-1.680000e+00	-1.645000e+00	4.978832e-04
-1.645000e+00	-1.610000e+00	4.928221e-04
-1.610000e+00	-1.575000e+00	4.976706e-04
-1.575000e+00	-1.540000e+00	4.893087e-04
-1.540000e+00	-1.505000e+00	4.839746e-04
-1.505000e+00	-1.470000e+00	4.857486e-04
-1.470000e+00	-1.435000e+00	4.949036e-04
-1.435000e+00	-1.400000e+00	4.822616e-04
-1.400000e+00	-1.365000e+00	4.767517e-04
-1.365000e+00	-1.330000e+00	4.718736e-04
-1.330000e+00	-1.295000e+00	4.726886e-04
-1.295000e+00	-1.260000e+00	4.723545e-04
-1.260000e+00	-1.225000e+00	4.751683e-04
-1.225000e+00	-1.190000e+00	4.704726e-04
-1.190000e+00	-1.155000e+00	4.719202e-04
-1.155000e+00	-1.120000e+00	4.628070e-04
-1.120000e+00	-1.085000e+00	4.535496e-04
-1.085000e+00	-1.050000e+00	4.509807e-04
-1.050000e+00	-1.015000e+00	4.456938e-04
-1.015000e+00	-9.800000e-01	4.476120e-04
-9.800000e-01	-9.450000e-01	4.497186e-04
-9.450000e-01	-9.100000e-01	4.437275e-04
-9.100000e-01	-8.750000e-01	4.419853e-04
-8.750000e-01	-8.400000e-01	4.423863e-04
-8.400000e-01	-8.050000e-01	4.345619e-04
-8.050000e-01	-7.700000e-01	4.316862e-04
-7.700000e-01	-7.350000e-01	4.312213e-04
-7.350000e-01	-7.000000e-01	4.221075e-04
-7.000000e-01	-6.650000e-01	4.191826e-04
-6.650000e-01	-6.300000e-01	4.234494e-04
-6.300000e-01	-5.950000e-01	4.202552e-04
-5.950000e-01	-5.600000e-01	4.146275e-04
-5.600000e-01	-5.250000e-01	4.116211e-04
-5.250000e-01	-4.900000e-01	4.002193e-04
-4.900000e-01	-4.550000e-01	4.078315e-04
-4.550000e-01	-4.200000e-01	4.026856e-04
-4.200000e-01	-3.850000e-01	3.967026e-04
-3.850000e-01	-3.500000e-01	3.958646e-04
-3.500000e-01	-3.150000e-01	3.922219e-04
-3.150000e-01	-2.800000e-01	3.928475e-04
-2.800000e-01	-2.450000e-01	3.851805e-04
-2.450000e-01	-2.100000e-01	3.780935e-04
-2.100000e-01	-1.750000e-01	3.769124e-04
-1.750000e-01	-1.400000e-01	3.722804e-04
-1.400000e-01	-1.050000e-01	3.655997e-04
-1.050000e-01	-7.000000e-02	3.621043e-04
-7.000000e-02	-3.500000e-02	3.551352e-04
-3.500000e-02	1.776357e-15	3.528407e-04
