# FLUKA USRBIN Z-projection  detector: EdepSlab
# Score type: 208  ncase: 500000
# Geometry: X=[-100.0,100.0] nx=50  Y=[-100.0,100.0] ny=50  Z=[-50.0,0.0] nz=300
# Columns: z_low[cm]  z_high[cm]  sum_XY(value*dx*dy)
# Units: EdepSlab→GeV/cm/primary  NeutSlab→cm/primary/cm_depth
-5.000000e+01	-4.983333e+01	3.807432e-04
-4.983333e+01	-4.966667e+01	4.634403e-04
-4.966667e+01	-4.950000e+01	5.090437e-04
-4.950000e+01	-4.933333e+01	5.410835e-04
-4.933333e+01	-4.916667e+01	5.573393e-04
-4.916667e+01	-4.900000e+01	5.790661e-04
-4.900000e+01	-4.883333e+01	5.912158e-04
-4.883333e+01	-4.866667e+01	6.102951e-04
-4.866667e+01	-4.850000e+01	6.100321e-04
-4.850000e+01	-4.833333e+01	6.150500e-04
-4.833333e+01	-4.816667e+01	6.245079e-04
-4.816667e+01	-4.800000e+01	6.229774e-04
-4.800000e+01	-4.783333e+01	6.253768e-04
-4.783333e+01	-4.766667e+01	6.247326e-04
-4.766667e+01	-4.750000e+01	6.243202e-04
-4.750000e+01	-4.733333e+01	6.279299e-04
-4.733333e+01	-4.716667e+01	6.212273e-04
-4.716667e+01	-4.700000e+01	6.206937e-04
-4.700000e+01	-4.683333e+01	6.177613e-04
-4.683333e+01	-4.666667e+01	6.274512e-04
-4.666667e+01	-4.650000e+01	6.200109e-04
-4.650000e+01	-4.633333e+01	6.126653e-04
-4.633333e+01	-4.616667e+01	6.095145e-04
-4.616667e+01	-4.600000e+01	6.025841e-04
-4.600000e+01	-4.583333e+01	6.034442e-04
-4.583333e+01	-4.566667e+01	5.983405e-04
-4.566667e+01	-4.550000e+01	5.951662e-04
-4.550000e+01	-4.533333e+01	5.900505e-04
-4.533333e+01	-4.516667e+01	5.870052e-04
-4.516667e+01	-4.500000e+01	5.738480e-04
-4.500000e+01	-4.483333e+01	5.723740e-04
-4.483333e+01	-4.466667e+01	5.655282e-04
-4.466667e+01	-4.450000e+01	5.551595e-04
-4.450000e+01	-4.433333e+01	5.511052e-04
-4.433333e+01	-4.416667e+01	5.492456e-04
-4.416667e+01	-4.400000e+01	5.440305e-04
-4.400000e+01	-4.383333e+01	5.371619e-04
-4.383333e+01	-4.366667e+01	5.300820e-04
-4.366667e+01	-4.350000e+01	5.268738e-04
-4.350000e+01	-4.333333e+01	5.230166e-04
-4.333333e+01	-4.316667e+01	5.167438e-04
-4.316667e+01	-4.300000e+01	5.074074e-04
-4.300000e+01	-4.283333e+01	5.053169e-04
-4.283333e+01	-4.266667e+01	4.968026e-04
-4.266667e+01	-4.250000e+01	4.955063e-04
-4.250000e+01	-4.233333e+01	4.878195e-04
-4.233333e+01	-4.216667e+01	4.818669e-04
-4.216667e+01	-4.200000e+01	4.693873e-04
-4.200000e+01	-4.183333e+01	4.669030e-04
-4.183333e+01	-4.166667e+01	4.640201e-04
-4.166667e+01	-4.150000e+01	4.543857e-04
-4.150000e+01	-4.133333e+01	4.467673e-04
-4.133333e+01	-4.116667e+01	4.428913e-04
-4.116667e+01	-4.100000e+01	4.337364e-04
-4.100000e+01	-4.083333e+01	4.316387e-04
-4.083333e+01	-4.066667e+01	4.242593e-04
-4.066667e+01	-4.050000e+01	4.189454e-04
-4.050000e+01	-4.033333e+01	4.164908e-04
-4.033333e+01	-4.016667e+01	4.071263e-04
-4.016667e+01	-4.000000e+01	4.043953e-04
-4.000000e+01	-3.983333e+01	3.978841e-04
-3.983333e+01	-3.966667e+01	3.916786e-04
-3.966667e+01	-3.950000e+01	3.856238e-04
-3.950000e+01	-3.933333e+01	3.763239e-04
-3.933333e+01	-3.916667e+01	3.770004e-04
-3.916667e+01	-3.900000e+01	3.676990e-04
-3.900000e+01	-3.883333e+01	3.640929e-04
-3.883333e+01	-3.866667e+01	3.556035e-04
-3.866667e+01	-3.850000e+01	3.497582e-04
-3.850000e+01	-3.833333e+01	3.468310e-04
-3.833333e+01	-3.816667e+01	3.456135e-04
-3.816667e+01	-3.800000e+01	3.364916e-04
-3.800000e+01	-3.783333e+01	3.309231e-04
-3.783333e+01	-3.766667e+01	3.244962e-04
-3.766667e+01	-3.750000e+01	3.212832e-04
-3.750000e+01	-3.733333e+01	3.177172e-04
-3.733333e+01	-3.716667e+01	3.115190e-04
-3.716667e+01	-3.700000e+01	3.092956e-04
-3.700000e+01	-3.683333e+01	3.055451e-04
-3.683333e+01	-3.666667e+01	2.967811e-04
-3.666667e+01	-3.650000e+01	2.912062e-04
-3.650000e+01	-3.633333e+01	2.925039e-04
-3.633333e+01	-3.616667e+01	2.837091e-04
-3.616667e+01	-3.600000e+01	2.772644e-04
-3.600000e+01	-3.583333e+01	2.773105e-04
-3.583333e+01	-3.566667e+01	2.728741e-04
-3.566667e+01	-3.550000e+01	2.661051e-04
-3.550000e+01	-3.533333e+01	2.625086e-04
-3.533333e+01	-3.516667e+01	2.584172e-04
-3.516667e+01	-3.500000e+01	2.522900e-04
-3.500000e+01	-3.483333e+01	2.452995e-04
-3.483333e+01	-3.466667e+01	2.476467e-04
-3.466667e+01	-3.450000e+01	2.416619e-04
-3.450000e+01	-3.433333e+01	2.367422e-04
-3.433333e+01	-3.416667e+01	2.336956e-04
-3.416667e+01	-3.400000e+01	2.301654e-04
-3.400000e+01	-3.383333e+01	2.280970e-04
-3.383333e+01	-3.366667e+01	2.251605e-04
-3.366667e+01	-3.350000e+01	2.148985e-04
-3.350000e+01	-3.333333e+01	2.154405e-04
-3.333333e+01	-3.316667e+01	2.086217e-04
-3.316667e+01	-3.300000e+01	2.090942e-04
-3.300000e+01	-3.283333e+01	2.003659e-04
-3.283333e+01	-3.266667e+01	2.023788e-04
-3.266667e+01	-3.250000e+01	1.965013e-04
-3.250000e+01	-3.233333e+01	1.914543e-04
-3.233333e+01	-3.216667e+01	1.898700e-04
-3.216667e+01	-3.200000e+01	1.866535e-04
-3.200000e+01	-3.183333e+01	1.852808e-04
-3.183333e+01	-3.166667e+01	1.809654e-04
-3.166667e+01	-3.150000e+01	1.773437e-04
-3.150000e+01	-3.133333e+01	1.747385e-04
-3.133333e+01	-3.116667e+01	1.715619e-04
-3.116667e+01	-3.100000e+01	1.660461e-04
-3.100000e+01	-3.083333e+01	1.672673e-04
-3.083333e+01	-3.066667e+01	1.593666e-04
-3.066667e+01	-3.050000e+01	1.600482e-04
-3.050000e+01	-3.033333e+01	1.580099e-04
-3.033333e+01	-3.016667e+01	1.533701e-04
-3.016667e+01	-3.000000e+01	1.537258e-04
-3.000000e+01	-2.983333e+01	1.488126e-04
-2.983333e+01	-2.966667e+01	1.437453e-04
-2.966667e+01	-2.950000e+01	1.431954e-04
-2.950000e+01	-2.933333e+01	1.400007e-04
-2.933333e+01	-2.916667e+01	1.379293e-04
-2.916667e+01	-2.900000e+01	1.355399e-04
-2.900000e+01	-2.883333e+01	1.314925e-04
-2.883333e+01	-2.866667e+01	1.321901e-04
-2.866667e+01	-2.850000e+01	1.301676e-04
-2.850000e+01	-2.833333e+01	1.249744e-04
-2.833333e+01	-2.816667e+01	1.220677e-04
-2.816667e+01	-2.800000e+01	1.252132e-04
-2.800000e+01	-2.783333e+01	1.197903e-04
-2.783333e+01	-2.766667e+01	1.152682e-04
-2.766667e+01	-2.750000e+01	1.142564e-04
-2.750000e+01	-2.733333e+01	1.153020e-04
-2.733333e+01	-2.716667e+01	1.093436e-04
-2.716667e+01	-2.700000e+01	1.084432e-04
-2.700000e+01	-2.683333e+01	1.053262e-04
-2.683333e+01	-2.666667e+01	1.031840e-04
-2.666667e+01	-2.650000e+01	1.014998e-04
-2.650000e+01	-2.633333e+01	1.014358e-04
-2.633333e+01	-2.616667e+01	9.732987e-05
-2.616667e+01	-2.600000e+01	9.642543e-05
-2.600000e+01	-2.583333e+01	9.402681e-05
-2.583333e+01	-2.566667e+01	9.216266e-05
-2.566667e+01	-2.550000e+01	9.219151e-05
-2.550000e+01	-2.533333e+01	9.093550e-05
-2.533333e+01	-2.516667e+01	8.717111e-05
-2.516667e+01	-2.500000e+01	8.629742e-05
-2.500000e+01	-2.483333e+01	8.576942e-05
-2.483333e+01	-2.466667e+01	8.411932e-05
-2.466667e+01	-2.450000e+01	8.253705e-05
-2.450000e+01	-2.433333e+01	8.121443e-05
-2.433333e+01	-2.416667e+01	7.987638e-05
-2.416667e+01	-2.400000e+01	7.823172e-05
-2.400000e+01	-2.383333e+01	7.532706e-05
-2.383333e+01	-2.366667e+01	7.314935e-05
-2.366667e+01	-2.350000e+01	7.329321e-05
-2.350000e+01	-2.333333e+01	7.178808e-05
-2.333333e+01	-2.316667e+01	6.973705e-05
-2.316667e+01	-2.300000e+01	6.803946e-05
-2.300000e+01	-2.283333e+01	6.813617e-05
-2.283333e+01	-2.266667e+01	6.636486e-05
-2.266667e+01	-2.250000e+01	6.510544e-05
-2.250000e+01	-2.233333e+01	6.255624e-05
-2.233333e+01	-2.216667e+01	6.545303e-05
-2.216667e+01	-2.200000e+01	6.168499e-05
-2.200000e+01	-2.183333e+01	5.799597e-05
-2.183333e+01	-2.166667e+01	5.869447e-05
-2.166667e+01	-2.150000e+01	5.627579e-05
-2.150000e+01	-2.133333e+01	5.693724e-05
-2.133333e+01	-2.116667e+01	5.519138e-05
-2.116667e+01	-2.100000e+01	5.322674e-05
-2.100000e+01	-2.083333e+01	5.263663e-05
-2.083333e+01	-2.066667e+01	5.285153e-05
-2.066667e+01	-2.050000e+01	4.888149e-05
-2.050000e+01	-2.033333e+01	5.017086e-05
-2.033333e+01	-2.016667e+01	4.737877e-05
-2.016667e+01	-2.000000e+01	4.673590e-05
-2.000000e+01	-1.983333e+01	4.598430e-05
-1.983333e+01	-1.966667e+01	4.513672e-05
-1.966667e+01	-1.950000e+01	4.451048e-05
-1.950000e+01	-1.933333e+01	4.425254e-05
-1.933333e+01	-1.916667e+01	4.422903e-05
-1.916667e+01	-1.900000e+01	4.222742e-05
-1.900000e+01	-1.883333e+01	4.118901e-05
-1.883333e+01	-1.866667e+01	3.918088e-05
-1.866667e+01	-1.850000e+01	3.907741e-05
-1.850000e+01	-1.833333e+01	3.833738e-05
-1.833333e+01	-1.816667e+01	3.872072e-05
-1.816667e+01	-1.800000e+01	3.842248e-05
-1.800000e+01	-1.783333e+01	3.562448e-05
-1.783333e+01	-1.766667e+01	3.575280e-05
-1.766667e+01	-1.750000e+01	3.555269e-05
-1.750000e+01	-1.733333e+01	3.399749e-05
-1.733333e+01	-1.716667e+01	3.401230e-05
-1.716667e+01	-1.700000e+01	3.335371e-05
-1.700000e+01	-1.683333e+01	3.199923e-05
-1.683333e+01	-1.666667e+01	3.209482e-05
-1.666667e+01	-1.650000e+01	3.027553e-05
-1.650000e+01	-1.633333e+01	3.065367e-05
-1.633333e+01	-1.616667e+01	3.028396e-05
-1.616667e+01	-1.600000e+01	2.932079e-05
-1.600000e+01	-1.583333e+01	2.912020e-05
-1.583333e+01	-1.566667e+01	2.835365e-05
-1.566667e+01	-1.550000e+01	2.665255e-05
-1.550000e+01	-1.533333e+01	2.614131e-05
-1.533333e+01	-1.516667e+01	2.680434e-05
-1.516667e+01	-1.500000e+01	2.641012e-05
-1.500000e+01	-1.483333e+01	2.442001e-05
-1.483333e+01	-1.466667e+01	2.383663e-05
-1.466667e+01	-1.450000e+01	2.334690e-05
-1.450000e+01	-1.433333e+01	2.370596e-05
-1.433333e+01	-1.416667e+01	2.322628e-05
-1.416667e+01	-1.400000e+01	2.231059e-05
-1.400000e+01	-1.383333e+01	2.156860e-05
-1.383333e+01	-1.366667e+01	2.002537e-05
-1.366667e+01	-1.350000e+01	2.155683e-05
-1.350000e+01	-1.333333e+01	1.931162e-05
-1.333333e+01	-1.316667e+01	2.038487e-05
-1.316667e+01	-1.300000e+01	1.938616e-05
-1.300000e+01	-1.283333e+01	1.839964e-05
-1.283333e+01	-1.266667e+01	1.805091e-05
-1.266667e+01	-1.250000e+01	1.791447e-05
-1.250000e+01	-1.233333e+01	1.749895e-05
-1.233333e+01	-1.216667e+01	1.683336e-05
-1.216667e+01	-1.200000e+01	1.757675e-05
-1.200000e+01	-1.183333e+01	1.605830e-05
-1.183333e+01	-1.166667e+01	1.690937e-05
-1.166667e+01	-1.150000e+01	1.527421e-05
-1.150000e+01	-1.133333e+01	1.549156e-05
-1.133333e+01	-1.116667e+01	1.450706e-05
-1.116667e+01	-1.100000e+01	1.434072e-05
-1.100000e+01	-1.083333e+01	1.428967e-05
-1.083333e+01	-1.066667e+01	1.387121e-05
-1.066667e+01	-1.050000e+01	1.274014e-05
-1.050000e+01	-1.033333e+01	1.366316e-05
-1.033333e+01	-1.016667e+01	1.257117e-05
-1.016667e+01	-1.000000e+01	1.337356e-05
-1.000000e+01	-9.833333e+00	1.220055e-05
-9.833333e+00	-9.666667e+00	1.281528e-05
-9.666667e+00	-9.500000e+00	1.191320e-05
-9.500000e+00	-9.333333e+00	1.154510e-05
-9.333333e+00	-9.166667e+00	1.124799e-05
-9.166667e+00	-9.000000e+00	1.178551e-05
-9.000000e+00	-8.833333e+00	1.116148e-05
-8.833333e+00	-8.666667e+00	1.046779e-05
-8.666667e+00	-8.500000e+00	1.017816e-05
-8.500000e+00	-8.333333e+00	9.906015e-06
-8.333333e+00	-8.166667e+00	9.192359e-06
-8.166667e+00	-8.000000e+00	9.017757e-06
-8.000000e+00	-7.833333e+00	9.374276e-06
-7.833333e+00	-7.666667e+00	1.002302e-05
-7.666667e+00	-7.500000e+00	9.121704e-06
-7.500000e+00	-7.333333e+00	8.687430e-06
-7.333333e+00	-7.166667e+00	8.975187e-06
-7.166667e+00	-7.000000e+00	8.495503e-06
-7.000000e+00	-6.833333e+00	7.467178e-06
-6.833333e+00	-6.666667e+00	7.676417e-06
-6.666667e+00	-6.500000e+00	7.581514e-06
-6.500000e+00	-6.333333e+00	7.800060e-06
-6.333333e+00	-6.166667e+00	7.452159e-06
-6.166667e+00	-6.000000e+00	6.085324e-06
-6.000000e+00	-5.833333e+00	6.500569e-06
-5.833333e+00	-5.666667e+00	6.469133e-06
-5.666667e+00	-5.500000e+00	6.589165e-06
-5.500000e+00	-5.333333e+00	6.489015e-06
-5.333333e+00	-5.166667e+00	5.882179e-06
-5.166667e+00	-5.000000e+00	6.034483e-06
-5.000000e+00	-4.833333e+00	5.688884e-06
-4.833333e+00	-4.666667e+00	6.020480e-06
-4.666667e+00	-4.500000e+00	5.020447e-06
-4.500000e+00	-4.333333e+00	4.537698e-06
-4.333333e+00	-4.166667e+00	5.094297e-06
-4.166667e+00	-4.000000e+00	4.842009e-06
-4.000000e+00	-3.833333e+00	4.374314e-06
-3.833333e+00	-3.666667e+00	4.197321e-06
-3.666667e+00	-3.500000e+00	4.372256e-06
-3.500000e+00	-3.333333e+00	4.012301e-06
-3.333333e+00	-3.166667e+00	4.266441e-06
-3.166667e+00	-3.000000e+00	3.777304e-06
-3.000000e+00	-2.833333e+00	3.816663e-06
-2.833333e+00	-2.666667e+00	3.474542e-06
-2.666667e+00	-2.500000e+00	2.951155e-06
-2.500000e+00	-2.333333e+00	3.281585e-06
-2.333333e+00	-2.166667e+00	2.560112e-06
-2.166667e+00	-2.000000e+00	2.488800e-06
-2.000000e+00	-1.833333e+00	2.550782e-06
-1.833333e+00	-1.666667e+00	2.316887e-06
-1.666667e+00	-1.500000e+00	1.903350e-06
-1.500000e+00	-1.333333e+00	2.147808e-06
-1.333333e+00	-1.166667e+00	1.947784e-06
-1.166667e+00	-1.000000e+00	1.999423e-06
-1.000000e+00	-8.333333e-01	1.500225e-06
-8.333333e-01	-6.666667e-01	1.752611e-06
-6.666667e-01	-5.000000e-01	1.303502e-06
-5.000000e-01	-3.333333e-01	1.510482e-06
-3.333333e-01	-1.666667e-01	1.162305e-06
-1.666667e-01	0.000000e+00	7.282819e-07
