# FLUKA USRBIN Z-projection  detector: EdepSlab
# Score type: 208  ncase: 2500000
# Geometry: X=[-100.0,100.0] nx=50  Y=[-100.0,100.0] ny=50  Z=[-10.5,0.0] nz=300
# Columns: z_low[cm]  z_high[cm]  sum_XY(value*dx*dy)
# Units: EdepSlab→GeV/cm/primary  NeutSlab→cm/primary/cm_depth
-1.050000e+01	-1.046500e+01	3.773348e-04
-1.046500e+01	-1.043000e+01	3.993307e-04
-1.043000e+01	-1.039500e+01	4.154469e-04
-1.039500e+01	-1.036000e+01	4.249906e-04
-1.036000e+01	-1.032500e+01	4.347276e-04
-1.032500e+01	-1.029000e+01	4.421166e-04
-1.029000e+01	-1.025500e+01	4.475639e-04
-1.025500e+01	-1.022000e+01	4.565183e-04
-1.022000e+01	-1.018500e+01	4.674881e-04
-1.018500e+01	-1.015000e+01	4.688774e-04
-1.015000e+01	-1.011500e+01	4.741168e-04
-1.011500e+01	-1.008000e+01	4.815970e-04
-1.008000e+01	-1.004500e+01	4.834989e-04
-1.004500e+01	-1.001000e+01	4.946977e-04
-1.001000e+01	-9.975000e+00	4.992310e-04
-9.975000e+00	-9.940000e+00	5.016392e-04
-9.940000e+00	-9.905000e+00	5.069631e-04
-9.905000e+00	-9.870000e+00	5.069242e-04
-9.870000e+00	-9.835000e+00	5.105769e-04
-9.835000e+00	-9.800000e+00	5.164755e-04
-9.800000e+00	-9.765000e+00	5.206213e-04
-9.765000e+00	-9.730000e+00	5.225657e-04
-9.730000e+00	-9.695000e+00	5.239092e-04
-9.695000e+00	-9.660000e+00	5.290122e-04
-9.660000e+00	-9.625000e+00	5.268900e-04
-9.625000e+00	-9.590000e+00	5.324893e-04
-9.590000e+00	-9.555000e+00	5.291251e-04
-9.555000e+00	-9.520000e+00	5.348560e-04
-9.520000e+00	-9.485000e+00	5.368463e-04
-9.485000e+00	-9.450000e+00	5.444319e-04
-9.450000e+00	-9.415000e+00	5.446645e-04
-9.415000e+00	-9.380000e+00	5.432249e-04
-9.380000e+00	-9.345000e+00	5.470717e-04
-9.345000e+00	-9.310000e+00	5.450229e-04
-9.310000e+00	-9.275000e+00	5.467784e-04
-9.275000e+00	-9.240000e+00	5.487315e-04
-9.240000e+00	-9.205000e+00	5.490322e-04
-9.205000e+00	-9.170000e+00	5.520777e-04
-9.170000e+00	-9.135000e+00	5.490741e-04
-9.135000e+00	-9.100000e+00	5.474161e-04
-9.100000e+00	-9.065000e+00	5.452115e-04
-9.065000e+00	-9.030000e+00	5.518290e-04
-9.030000e+00	-8.995000e+00	5.491565e-04
-8.995000e+00	-8.960000e+00	5.467356e-04
-8.960000e+00	-8.925000e+00	5.452870e-04
-8.925000e+00	-8.890000e+00	5.452471e-04
-8.890000e+00	-8.855000e+00	5.478397e-04
-8.855000e+00	-8.820000e+00	5.546783e-04
-8.820000e+00	-8.785000e+00	5.486528e-04
-8.785000e+00	-8.750000e+00	5.446271e-04
-8.750000e+00	-8.715000e+00	5.480843e-04
-8.715000e+00	-8.680000e+00	5.498659e-04
-8.680000e+00	-8.645000e+00	5.423513e-04
-8.645000e+00	-8.610000e+00	5.448330e-04
-8.610000e+00	-8.575000e+00	5.438212e-04
-8.575000e+00	-8.540000e+00	5.397631e-04
-8.540000e+00	-8.505000e+00	5.375077e-04
-8.505000e+00	-8.470000e+00	5.376435e-04
-8.470000e+00	-8.435000e+00	5.400017e-04
-8.435000e+00	-8.400000e+00	5.349965e-04
-8.400000e+00	-8.365000e+00	5.276665e-04
-8.365000e+00	-8.330000e+00	5.344865e-04
-8.330000e+00	-8.295000e+00	5.262778e-04
-8.295000e+00	-8.260000e+00	5.280728e-04
-8.260000e+00	-8.225000e+00	5.309025e-04
-8.225000e+00	-8.190000e+00	5.267571e-04
-8.190000e+00	-8.155000e+00	5.200225e-04
-8.155000e+00	-8.120000e+00	5.151784e-04
-8.120000e+00	-8.085000e+00	5.131756e-04
-8.085000e+00	-8.050000e+00	5.185818e-04
-8.050000e+00	-8.015000e+00	5.105869e-04
-8.015000e+00	-7.980000e+00	5.100979e-04
-7.980000e+00	-7.945000e+00	5.055421e-04
-7.945000e+00	-7.910000e+00	5.022886e-04
-7.910000e+00	-7.875000e+00	5.030672e-04
-7.875000e+00	-7.840000e+00	5.052979e-04
-7.840000e+00	-7.805000e+00	4.932004e-04
-7.805000e+00	-7.770000e+00	5.009054e-04
-7.770000e+00	-7.735000e+00	4.906336e-04
-7.735000e+00	-7.700000e+00	4.880257e-04
-7.700000e+00	-7.665000e+00	4.849501e-04
-7.665000e+00	-7.630000e+00	4.852124e-04
-7.630000e+00	-7.595000e+00	4.800981e-04
-7.595000e+00	-7.560000e+00	4.768000e-04
-7.560000e+00	-7.525000e+00	4.742880e-04
-7.525000e+00	-7.490000e+00	4.712659e-04
-7.490000e+00	-7.455000e+00	4.649305e-04
-7.455000e+00	-7.420000e+00	4.644553e-04
-7.420000e+00	-7.385000e+00	4.640957e-04
-7.385000e+00	-7.350000e+00	4.502728e-04
-7.350000e+00	-7.315000e+00	4.525377e-04
-7.315000e+00	-7.280000e+00	4.525773e-04
-7.280000e+00	-7.245000e+00	4.481673e-04
-7.245000e+00	-7.210000e+00	4.487209e-04
-7.210000e+00	-7.175000e+00	4.405407e-04
-7.175000e+00	-7.140000e+00	4.415907e-04
-7.140000e+00	-7.105000e+00	4.352435e-04
-7.105000e+00	-7.070000e+00	4.317440e-04
-7.070000e+00	-7.035000e+00	4.261092e-04
-7.035000e+00	-7.000000e+00	4.224738e-04
-7.000000e+00	-6.965000e+00	4.193569e-04
-6.965000e+00	-6.930000e+00	4.172488e-04
-6.930000e+00	-6.895000e+00	4.132331e-04
-6.895000e+00	-6.860000e+00	4.106448e-04
-6.860000e+00	-6.825000e+00	4.046020e-04
-6.825000e+00	-6.790000e+00	4.075917e-04
-6.790000e+00	-6.755000e+00	4.040355e-04
-6.755000e+00	-6.720000e+00	3.969445e-04
-6.720000e+00	-6.685000e+00	3.919174e-04
-6.685000e+00	-6.650000e+00	3.895079e-04
-6.650000e+00	-6.615000e+00	3.831999e-04
-6.615000e+00	-6.580000e+00	3.818252e-04
-6.580000e+00	-6.545000e+00	3.812704e-04
-6.545000e+00	-6.510000e+00	3.790339e-04
-6.510000e+00	-6.475000e+00	3.681876e-04
-6.475000e+00	-6.440000e+00	3.713637e-04
-6.440000e+00	-6.405000e+00	3.608834e-04
-6.405000e+00	-6.370000e+00	3.585745e-04
-6.370000e+00	-6.335000e+00	3.578463e-04
-6.335000e+00	-6.300000e+00	3.535802e-04
-6.300000e+00	-6.265000e+00	3.508491e-04
-6.265000e+00	-6.230000e+00	3.491010e-04
-6.230000e+00	-6.195000e+00	3.438404e-04
-6.195000e+00	-6.160000e+00	3.426791e-04
-6.160000e+00	-6.125000e+00	3.368310e-04
-6.125000e+00	-6.090000e+00	3.311796e-04
-6.090000e+00	-6.055000e+00	3.292924e-04
-6.055000e+00	-6.020000e+00	3.232513e-04
-6.020000e+00	-5.985000e+00	3.237702e-04
-5.985000e+00	-5.950000e+00	3.228956e-04
-5.950000e+00	-5.915000e+00	3.138657e-04
-5.915000e+00	-5.880000e+00	3.134442e-04
-5.880000e+00	-5.845000e+00	3.067271e-04
-5.845000e+00	-5.810000e+00	3.075419e-04
-5.810000e+00	-5.775000e+00	3.056722e-04
-5.775000e+00	-5.740000e+00	2.994758e-04
-5.740000e+00	-5.705000e+00	2.953414e-04
-5.705000e+00	-5.670000e+00	2.923848e-04
-5.670000e+00	-5.635000e+00	2.906098e-04
-5.635000e+00	-5.600000e+00	2.873269e-04
-5.600000e+00	-5.565000e+00	2.841927e-04
-5.565000e+00	-5.530000e+00	2.810845e-04
-5.530000e+00	-5.495000e+00	2.738322e-04
-5.495000e+00	-5.460000e+00	2.725514e-04
-5.460000e+00	-5.425000e+00	2.739256e-04
-5.425000e+00	-5.390000e+00	2.590769e-04
-5.390000e+00	-5.355000e+00	2.605746e-04
-5.355000e+00	-5.320000e+00	2.651126e-04
-5.320000e+00	-5.285000e+00	2.610028e-04
-5.285000e+00	-5.250000e+00	2.577005e-04
-5.250000e+00	-5.215000e+00	2.497191e-04
-5.215000e+00	-5.180000e+00	2.498942e-04
-5.180000e+00	-5.145000e+00	2.481625e-04
-5.145000e+00	-5.110000e+00	2.425134e-04
-5.110000e+00	-5.075000e+00	2.394978e-04
-5.075000e+00	-5.040000e+00	2.350696e-04
-5.040000e+00	-5.005000e+00	2.342951e-04
-5.005000e+00	-4.970000e+00	2.318354e-04
-4.970000e+00	-4.935000e+00	2.304515e-04
-4.935000e+00	-4.900000e+00	2.271137e-04
-4.900000e+00	-4.865000e+00	2.214976e-04
-4.865000e+00	-4.830000e+00	2.198799e-04
-4.830000e+00	-4.795000e+00	2.166550e-04
-4.795000e+00	-4.760000e+00	2.152318e-04
-4.760000e+00	-4.725000e+00	2.128980e-04
-4.725000e+00	-4.690000e+00	2.091771e-04
-4.690000e+00	-4.655000e+00	2.056251e-04
-4.655000e+00	-4.620000e+00	2.047566e-04
-4.620000e+00	-4.585000e+00	1.983567e-04
-4.585000e+00	-4.550000e+00	1.996808e-04
-4.550000e+00	-4.515000e+00	1.973790e-04
-4.515000e+00	-4.480000e+00	1.957393e-04
-4.480000e+00	-4.445000e+00	1.926286e-04
-4.445000e+00	-4.410000e+00	1.908099e-04
-4.410000e+00	-4.375000e+00	1.892263e-04
-4.375000e+00	-4.340000e+00	1.825987e-04
-4.340000e+00	-4.305000e+00	1.799393e-04
-4.305000e+00	-4.270000e+00	1.786011e-04
-4.270000e+00	-4.235000e+00	1.765362e-04
-4.235000e+00	-4.200000e+00	1.749453e-04
-4.200000e+00	-4.165000e+00	1.698492e-04
-4.165000e+00	-4.130000e+00	1.673070e-04
-4.130000e+00	-4.095000e+00	1.682763e-04
-4.095000e+00	-4.060000e+00	1.674942e-04
-4.060000e+00	-4.025000e+00	1.622660e-04
-4.025000e+00	-3.990000e+00	1.620441e-04
-3.990000e+00	-3.955000e+00	1.574891e-04
-3.955000e+00	-3.920000e+00	1.578032e-04
-3.920000e+00	-3.885000e+00	1.544984e-04
-3.885000e+00	-3.850000e+00	1.508112e-04
-3.850000e+00	-3.815000e+00	1.486334e-04
-3.815000e+00	-3.780000e+00	1.510089e-04
-3.780000e+00	-3.745000e+00	1.471635e-04
-3.745000e+00	-3.710000e+00	1.415527e-04
-3.710000e+00	-3.675000e+00	1.391924e-04
-3.675000e+00	-3.640000e+00	1.394900e-04
-3.640000e+00	-3.605000e+00	1.353639e-04
-3.605000e+00	-3.570000e+00	1.390780e-04
-3.570000e+00	-3.535000e+00	1.333726e-04
-3.535000e+00	-3.500000e+00	1.339186e-04
-3.500000e+00	-3.465000e+00	1.317832e-04
-3.465000e+00	-3.430000e+00	1.325177e-04
-3.430000e+00	-3.395000e+00	1.257961e-04
-3.395000e+00	-3.360000e+00	1.278018e-04
-3.360000e+00	-3.325000e+00	1.231499e-04
-3.325000e+00	-3.290000e+00	1.239246e-04
-3.290000e+00	-3.255000e+00	1.204473e-04
-3.255000e+00	-3.220000e+00	1.170179e-04
-3.220000e+00	-3.185000e+00	1.173758e-04
-3.185000e+00	-3.150000e+00	1.164668e-04
-3.150000e+00	-3.115000e+00	1.121345e-04
-3.115000e+00	-3.080000e+00	1.113460e-04
-3.080000e+00	-3.045000e+00	1.086644e-04
-3.045000e+00	-3.010000e+00	1.044711e-04
-3.010000e+00	-2.975000e+00	1.073846e-04
-2.975000e+00	-2.940000e+00	1.034056e-04
-2.940000e+00	-2.905000e+00	1.047209e-04
-2.905000e+00	-2.870000e+00	1.031774e-04
-2.870000e+00	-2.835000e+00	1.011174e-04
-2.835000e+00	-2.800000e+00	1.008537e-04
-2.800000e+00	-2.765000e+00	9.756032e-05
-2.765000e+00	-2.730000e+00	9.687617e-05
-2.730000e+00	-2.695000e+00	9.544454e-05
-2.695000e+00	-2.660000e+00	9.354603e-05
-2.660000e+00	-2.625000e+00	9.153483e-05
-2.625000e+00	-2.590000e+00	8.975081e-05
-2.590000e+00	-2.555000e+00	8.967251e-05
-2.555000e+00	-2.520000e+00	9.119251e-05
-2.520000e+00	-2.485000e+00	8.791401e-05
-2.485000e+00	-2.450000e+00	8.613011e-05
-2.450000e+00	-2.415000e+00	8.299101e-05
-2.415000e+00	-2.380000e+00	8.316537e-05
-2.380000e+00	-2.345000e+00	8.048281e-05
-2.345000e+00	-2.310000e+00	8.143365e-05
-2.310000e+00	-2.275000e+00	7.746801e-05
-2.275000e+00	-2.240000e+00	7.875096e-05
-2.240000e+00	-2.205000e+00	7.396668e-05
-2.205000e+00	-2.170000e+00	7.700085e-05
-2.170000e+00	-2.135000e+00	7.519305e-05
-2.135000e+00	-2.100000e+00	7.400535e-05
-2.100000e+00	-2.065000e+00	7.116163e-05
-2.065000e+00	-2.030000e+00	7.295166e-05
-2.030000e+00	-1.995000e+00	7.209044e-05
-1.995000e+00	-1.960000e+00	7.031845e-05
-1.960000e+00	-1.925000e+00	6.911912e-05
-1.925000e+00	-1.890000e+00	6.660087e-05
-1.890000e+00	-1.855000e+00	6.674592e-05
-1.855000e+00	-1.820000e+00	6.451410e-05
-1.820000e+00	-1.785000e+00	6.163714e-05
-1.785000e+00	-1.750000e+00	6.346170e-05
-1.750000e+00	-1.715000e+00	5.982105e-05
-1.715000e+00	-1.680000e+00	6.039872e-05
-1.680000e+00	-1.645000e+00	5.918439e-05
-1.645000e+00	-1.610000e+00	5.825506e-05
-1.610000e+00	-1.575000e+00	5.837524e-05
-1.575000e+00	-1.540000e+00	5.561204e-05
-1.540000e+00	-1.505000e+00	5.663982e-05
-1.505000e+00	-1.470000e+00	5.509763e-05
-1.470000e+00	-1.435000e+00	5.289670e-05
-1.435000e+00	-1.400000e+00	5.348047e-05
-1.400000e+00	-1.365000e+00	5.238986e-05
-1.365000e+00	-1.330000e+00	5.007970e-05
-1.330000e+00	-1.295000e+00	4.892183e-05
-1.295000e+00	-1.260000e+00	4.920964e-05
-1.260000e+00	-1.225000e+00	4.830398e-05
-1.225000e+00	-1.190000e+00	4.796112e-05
-1.190000e+00	-1.155000e+00	4.633219e-05
-1.155000e+00	-1.120000e+00	4.608066e-05
-1.120000e+00	-1.085000e+00	4.489615e-05
-1.085000e+00	-1.050000e+00	4.280948e-05
-1.050000e+00	-1.015000e+00	4.340670e-05
-1.015000e+00	-9.800000e-01	4.087777e-05
-9.800000e-01	-9.450000e-01	4.199970e-05
-9.450000e-01	-9.100000e-01	4.005976e-05
-9.100000e-01	-8.750000e-01	4.043703e-05
-8.750000e-01	-8.400000e-01	3.896476e-05
-8.400000e-01	-8.050000e-01	3.800029e-05
-8.050000e-01	-7.700000e-01	3.825366e-05
-7.700000e-01	-7.350000e-01	3.693593e-05
-7.350000e-01	-7.000000e-01	3.454935e-05
-7.000000e-01	-6.650000e-01	3.533295e-05
-6.650000e-01	-6.300000e-01	3.431066e-05
-6.300000e-01	-5.950000e-01	3.424307e-05
-5.950000e-01	-5.600000e-01	3.092920e-05
-5.600000e-01	-5.250000e-01	3.200491e-05
-5.250000e-01	-4.900000e-01	3.131893e-05
-4.900000e-01	-4.550000e-01	3.001779e-05
-4.550000e-01	-4.200000e-01	2.884936e-05
-4.200000e-01	-3.850000e-01	2.736679e-05
-3.850000e-01	-3.500000e-01	2.753420e-05
-3.500000e-01	-3.150000e-01	2.718455e-05
-3.150000e-01	-2.800000e-01	2.524935e-05
-2.800000e-01	-2.450000e-01	2.420100e-05
-2.450000e-01	-2.100000e-01	2.337411e-05
-2.100000e-01	-1.750000e-01	2.280562e-05
-1.750000e-01	-1.400000e-01	2.119533e-05
-1.400000e-01	-1.050000e-01	1.982572e-05
-1.050000e-01	-7.000000e-02	2.005401e-05
-7.000000e-02	-3.500000e-02	1.819298e-05
-3.500000e-02	1.776357e-15	1.515139e-05
