# FLUKA USRBIN Z-projection  detector: EdepSlab
# Score type: 208  ncase: 2500000
# Geometry: X=[-100.0,100.0] nx=50  Y=[-100.0,100.0] ny=50  Z=[-10.5,0.0] nz=300
# Columns: z_low[cm]  z_high[cm]  sum_XY(value*dx*dy)
# Units: EdepSlab→GeV/cm/primary  NeutSlab→cm/primary/cm_depth
-1.050000e+01	-1.046500e+01	1.357450e-04
-1.046500e+01	-1.043000e+01	1.661817e-04
-1.043000e+01	-1.039500e+01	1.778278e-04
-1.039500e+01	-1.036000e+01	1.891560e-04
-1.036000e+01	-1.032500e+01	1.892826e-04
-1.032500e+01	-1.029000e+01	2.104669e-04
-1.029000e+01	-1.025500e+01	2.167005e-04
-1.025500e+01	-1.022000e+01	2.159680e-04
-1.022000e+01	-1.018500e+01	2.215293e-04
-1.018500e+01	-1.015000e+01	2.300148e-04
-1.015000e+01	-1.011500e+01	2.353907e-04
-1.011500e+01	-1.008000e+01	2.325950e-04
-1.008000e+01	-1.004500e+01	2.437092e-04
-1.004500e+01	-1.001000e+01	2.496982e-04
-1.001000e+01	-9.975000e+00	2.525757e-04
-9.975000e+00	-9.940000e+00	2.601852e-04
-9.940000e+00	-9.905000e+00	2.669207e-04
-9.905000e+00	-9.870000e+00	2.722686e-04
-9.870000e+00	-9.835000e+00	2.703238e-04
-9.835000e+00	-9.800000e+00	2.841271e-04
-9.800000e+00	-9.765000e+00	2.948844e-04
-9.765000e+00	-9.730000e+00	3.013898e-04
-9.730000e+00	-9.695000e+00	3.014269e-04
-9.695000e+00	-9.660000e+00	3.095661e-04
-9.660000e+00	-9.625000e+00	3.028079e-04
-9.625000e+00	-9.590000e+00	3.169266e-04
-9.590000e+00	-9.555000e+00	3.100260e-04
-9.555000e+00	-9.520000e+00	3.115377e-04
-9.520000e+00	-9.485000e+00	3.178067e-04
-9.485000e+00	-9.450000e+00	3.221632e-04
-9.450000e+00	-9.415000e+00	3.351789e-04
-9.415000e+00	-9.380000e+00	3.288559e-04
-9.380000e+00	-9.345000e+00	3.328012e-04
-9.345000e+00	-9.310000e+00	3.409724e-04
-9.310000e+00	-9.275000e+00	3.511989e-04
-9.275000e+00	-9.240000e+00	3.560952e-04
-9.240000e+00	-9.205000e+00	3.608075e-04
-9.205000e+00	-9.170000e+00	3.493070e-04
-9.170000e+00	-9.135000e+00	3.571268e-04
-9.135000e+00	-9.100000e+00	3.712901e-04
-9.100000e+00	-9.065000e+00	3.713760e-04
-9.065000e+00	-9.030000e+00	3.735424e-04
-9.030000e+00	-8.995000e+00	3.782964e-04
-8.995000e+00	-8.960000e+00	3.842386e-04
-8.960000e+00	-8.925000e+00	3.894405e-04
-8.925000e+00	-8.890000e+00	3.867304e-04
-8.890000e+00	-8.855000e+00	3.905864e-04
-8.855000e+00	-8.820000e+00	4.035727e-04
-8.820000e+00	-8.785000e+00	4.033827e-04
-8.785000e+00	-8.750000e+00	3.984510e-04
-8.750000e+00	-8.715000e+00	3.987035e-04
-8.715000e+00	-8.680000e+00	4.040870e-04
-8.680000e+00	-8.645000e+00	4.086880e-04
-8.645000e+00	-8.610000e+00	4.097183e-04
-8.610000e+00	-8.575000e+00	4.139973e-04
-8.575000e+00	-8.540000e+00	4.120504e-04
-8.540000e+00	-8.505000e+00	4.159664e-04
-8.505000e+00	-8.470000e+00	4.254898e-04
-8.470000e+00	-8.435000e+00	4.328066e-04
-8.435000e+00	-8.400000e+00	4.313751e-04
-8.400000e+00	-8.365000e+00	4.360566e-04
-8.365000e+00	-8.330000e+00	4.402970e-04
-8.330000e+00	-8.295000e+00	4.349516e-04
-8.295000e+00	-8.260000e+00	4.452300e-04
-8.260000e+00	-8.225000e+00	4.441523e-04
-8.225000e+00	-8.190000e+00	4.472102e-04
-8.190000e+00	-8.155000e+00	4.510456e-04
-8.155000e+00	-8.120000e+00	4.571776e-04
-8.120000e+00	-8.085000e+00	4.600908e-04
-8.085000e+00	-8.050000e+00	4.598388e-04
-8.050000e+00	-8.015000e+00	4.672879e-04
-8.015000e+00	-7.980000e+00	4.671150e-04
-7.980000e+00	-7.945000e+00	4.700315e-04
-7.945000e+00	-7.910000e+00	4.815855e-04
-7.910000e+00	-7.875000e+00	4.709166e-04
-7.875000e+00	-7.840000e+00	4.751038e-04
-7.840000e+00	-7.805000e+00	4.656184e-04
-7.805000e+00	-7.770000e+00	4.737228e-04
-7.770000e+00	-7.735000e+00	4.830664e-04
-7.735000e+00	-7.700000e+00	4.818405e-04
-7.700000e+00	-7.665000e+00	4.845589e-04
-7.665000e+00	-7.630000e+00	4.849797e-04
-7.630000e+00	-7.595000e+00	4.927722e-04
-7.595000e+00	-7.560000e+00	5.025600e-04
-7.560000e+00	-7.525000e+00	4.928120e-04
-7.525000e+00	-7.490000e+00	5.041159e-04
-7.490000e+00	-7.455000e+00	4.960424e-04
-7.455000e+00	-7.420000e+00	4.961036e-04
-7.420000e+00	-7.385000e+00	5.008325e-04
-7.385000e+00	-7.350000e+00	5.162550e-04
-7.350000e+00	-7.315000e+00	5.093553e-04
-7.315000e+00	-7.280000e+00	5.233837e-04
-7.280000e+00	-7.245000e+00	5.340547e-04
-7.245000e+00	-7.210000e+00	5.275045e-04
-7.210000e+00	-7.175000e+00	5.341786e-04
-7.175000e+00	-7.140000e+00	5.280804e-04
-7.140000e+00	-7.105000e+00	5.338249e-04
-7.105000e+00	-7.070000e+00	5.452698e-04
-7.070000e+00	-7.035000e+00	5.401258e-04
-7.035000e+00	-7.000000e+00	5.426486e-04
-7.000000e+00	-6.965000e+00	5.558738e-04
-6.965000e+00	-6.930000e+00	5.481915e-04
-6.930000e+00	-6.895000e+00	5.468730e-04
-6.895000e+00	-6.860000e+00	5.504610e-04
-6.860000e+00	-6.825000e+00	5.494942e-04
-6.825000e+00	-6.790000e+00	5.569390e-04
-6.790000e+00	-6.755000e+00	5.506130e-04
-6.755000e+00	-6.720000e+00	5.485399e-04
-6.720000e+00	-6.685000e+00	5.524443e-04
-6.685000e+00	-6.650000e+00	5.605799e-04
-6.650000e+00	-6.615000e+00	5.584923e-04
-6.615000e+00	-6.580000e+00	5.552197e-04
-6.580000e+00	-6.545000e+00	5.746990e-04
-6.545000e+00	-6.510000e+00	5.757221e-04
-6.510000e+00	-6.475000e+00	5.767853e-04
-6.475000e+00	-6.440000e+00	5.793166e-04
-6.440000e+00	-6.405000e+00	5.778773e-04
-6.405000e+00	-6.370000e+00	5.879562e-04
-6.370000e+00	-6.335000e+00	5.703652e-04
-6.335000e+00	-6.300000e+00	5.854091e-04
-6.300000e+00	-6.265000e+00	5.815866e-04
-6.265000e+00	-6.230000e+00	5.879092e-04
-6.230000e+00	-6.195000e+00	5.871784e-04
-6.195000e+00	-6.160000e+00	5.914908e-04
-6.160000e+00	-6.125000e+00	5.967725e-04
-6.125000e+00	-6.090000e+00	6.038913e-04
-6.090000e+00	-6.055000e+00	6.064361e-04
-6.055000e+00	-6.020000e+00	5.937170e-04
-6.020000e+00	-5.985000e+00	6.065757e-04
-5.985000e+00	-5.950000e+00	6.030927e-04
-5.950000e+00	-5.915000e+00	6.146582e-04
-5.915000e+00	-5.880000e+00	6.039911e-04
-5.880000e+00	-5.845000e+00	6.094695e-04
-5.845000e+00	-5.810000e+00	6.143923e-04
-5.810000e+00	-5.775000e+00	6.272773e-04
-5.775000e+00	-5.740000e+00	6.219283e-04
-5.740000e+00	-5.705000e+00	6.221447e-04
-5.705000e+00	-5.670000e+00	6.235895e-04
-5.670000e+00	-5.635000e+00	6.276061e-04
-5.635000e+00	-5.600000e+00	6.258256e-04
-5.600000e+00	-5.565000e+00	6.326919e-04
-5.565000e+00	-5.530000e+00	6.311577e-04
-5.530000e+00	-5.495000e+00	6.394250e-04
-5.495000e+00	-5.460000e+00	6.431196e-04
-5.460000e+00	-5.425000e+00	6.413903e-04
-5.425000e+00	-5.390000e+00	6.463475e-04
-5.390000e+00	-5.355000e+00	6.365267e-04
-5.355000e+00	-5.320000e+00	6.388055e-04
-5.320000e+00	-5.285000e+00	6.547035e-04
-5.285000e+00	-5.250000e+00	6.627166e-04
-5.250000e+00	-5.215000e+00	6.455707e-04
-5.215000e+00	-5.180000e+00	6.522739e-04
-5.180000e+00	-5.145000e+00	6.503740e-04
-5.145000e+00	-5.110000e+00	6.482097e-04
-5.110000e+00	-5.075000e+00	6.605304e-04
-5.075000e+00	-5.040000e+00	6.681698e-04
-5.040000e+00	-5.005000e+00	6.735203e-04
-5.005000e+00	-4.970000e+00	6.691079e-04
-4.970000e+00	-4.935000e+00	6.707339e-04
-4.935000e+00	-4.900000e+00	6.765037e-04
-4.900000e+00	-4.865000e+00	6.691632e-04
-4.865000e+00	-4.830000e+00	6.640005e-04
-4.830000e+00	-4.795000e+00	6.626327e-04
-4.795000e+00	-4.760000e+00	6.855858e-04
-4.760000e+00	-4.725000e+00	6.767989e-04
-4.725000e+00	-4.690000e+00	6.831561e-04
-4.690000e+00	-4.655000e+00	6.892561e-04
-4.655000e+00	-4.620000e+00	6.865083e-04
-4.620000e+00	-4.585000e+00	6.848954e-04
-4.585000e+00	-4.550000e+00	7.026953e-04
-4.550000e+00	-4.515000e+00	6.913068e-04
-4.515000e+00	-4.480000e+00	6.997734e-04
-4.480000e+00	-4.445000e+00	7.017556e-04
-4.445000e+00	-4.410000e+00	7.042475e-04
-4.410000e+00	-4.375000e+00	6.985817e-04
-4.375000e+00	-4.340000e+00	7.011687e-04
-4.340000e+00	-4.305000e+00	7.013563e-04
-4.305000e+00	-4.270000e+00	6.992321e-04
-4.270000e+00	-4.235000e+00	7.074036e-04
-4.235000e+00	-4.200000e+00	7.053758e-04
-4.200000e+00	-4.165000e+00	7.159400e-04
-4.165000e+00	-4.130000e+00	7.030654e-04
-4.130000e+00	-4.095000e+00	7.053746e-04
-4.095000e+00	-4.060000e+00	7.095358e-04
-4.060000e+00	-4.025000e+00	7.232166e-04
-4.025000e+00	-3.990000e+00	7.172171e-04
-3.990000e+00	-3.955000e+00	7.200382e-04
-3.955000e+00	-3.920000e+00	7.249683e-04
-3.920000e+00	-3.885000e+00	7.215074e-04
-3.885000e+00	-3.850000e+00	7.184569e-04
-3.850000e+00	-3.815000e+00	7.278541e-04
-3.815000e+00	-3.780000e+00	7.308590e-04
-3.780000e+00	-3.745000e+00	7.313060e-04
-3.745000e+00	-3.710000e+00	7.386763e-04
-3.710000e+00	-3.675000e+00	7.390084e-04
-3.675000e+00	-3.640000e+00	7.292015e-04
-3.640000e+00	-3.605000e+00	7.374421e-04
-3.605000e+00	-3.570000e+00	7.400457e-04
-3.570000e+00	-3.535000e+00	7.469760e-04
-3.535000e+00	-3.500000e+00	7.408697e-04
-3.500000e+00	-3.465000e+00	7.497338e-04
-3.465000e+00	-3.430000e+00	7.405778e-04
-3.430000e+00	-3.395000e+00	7.391891e-04
-3.395000e+00	-3.360000e+00	7.469810e-04
-3.360000e+00	-3.325000e+00	7.500275e-04
-3.325000e+00	-3.290000e+00	7.620465e-04
-3.290000e+00	-3.255000e+00	7.551610e-04
-3.255000e+00	-3.220000e+00	7.581167e-04
-3.220000e+00	-3.185000e+00	7.686443e-04
-3.185000e+00	-3.150000e+00	7.599330e-04
-3.150000e+00	-3.115000e+00	7.550051e-04
-3.115000e+00	-3.080000e+00	7.620716e-04
-3.080000e+00	-3.045000e+00	7.757755e-04
-3.045000e+00	-3.010000e+00	7.721377e-04
-3.010000e+00	-2.975000e+00	7.731878e-04
-2.975000e+00	-2.940000e+00	7.803226e-04
-2.940000e+00	-2.905000e+00	7.714754e-04
-2.905000e+00	-2.870000e+00	7.824958e-04
-2.870000e+00	-2.835000e+00	7.805730e-04
-2.835000e+00	-2.800000e+00	7.870673e-04
-2.800000e+00	-2.765000e+00	7.986667e-04
-2.765000e+00	-2.730000e+00	7.890089e-04
-2.730000e+00	-2.695000e+00	7.825650e-04
-2.695000e+00	-2.660000e+00	7.878748e-04
-2.660000e+00	-2.625000e+00	7.915086e-04
-2.625000e+00	-2.590000e+00	7.792221e-04
-2.590000e+00	-2.555000e+00	7.852853e-04
-2.555000e+00	-2.520000e+00	7.927182e-04
-2.520000e+00	-2.485000e+00	7.959899e-04
-2.485000e+00	-2.450000e+00	7.947437e-04
-2.450000e+00	-2.415000e+00	8.045447e-04
-2.415000e+00	-2.380000e+00	8.090988e-04
-2.380000e+00	-2.345000e+00	7.980005e-04
-2.345000e+00	-2.310000e+00	8.030017e-04
-2.310000e+00	-2.275000e+00	7.932309e-04
-2.275000e+00	-2.240000e+00	8.074179e-04
-2.240000e+00	-2.205000e+00	8.019219e-04
-2.205000e+00	-2.170000e+00	8.069953e-04
-2.170000e+00	-2.135000e+00	8.076319e-04
-2.135000e+00	-2.100000e+00	8.049516e-04
-2.100000e+00	-2.065000e+00	8.104971e-04
-2.065000e+00	-2.030000e+00	8.067921e-04
-2.030000e+00	-1.995000e+00	8.020942e-04
-1.995000e+00	-1.960000e+00	8.058744e-04
-1.960000e+00	-1.925000e+00	8.062968e-04
-1.925000e+00	-1.890000e+00	8.132599e-04
-1.890000e+00	-1.855000e+00	8.123075e-04
-1.855000e+00	-1.820000e+00	8.190625e-04
-1.820000e+00	-1.785000e+00	8.177136e-04
-1.785000e+00	-1.750000e+00	8.248067e-04
-1.750000e+00	-1.715000e+00	8.238023e-04
-1.715000e+00	-1.680000e+00	8.230156e-04
-1.680000e+00	-1.645000e+00	8.182407e-04
-1.645000e+00	-1.610000e+00	8.161974e-04
-1.610000e+00	-1.575000e+00	8.360359e-04
-1.575000e+00	-1.540000e+00	8.338081e-04
-1.540000e+00	-1.505000e+00	8.333406e-04
-1.505000e+00	-1.470000e+00	8.325286e-04
-1.470000e+00	-1.435000e+00	8.464797e-04
-1.435000e+00	-1.400000e+00	8.370571e-04
-1.400000e+00	-1.365000e+00	8.266007e-04
-1.365000e+00	-1.330000e+00	8.370578e-04
-1.330000e+00	-1.295000e+00	8.463759e-04
-1.295000e+00	-1.260000e+00	8.362791e-04
-1.260000e+00	-1.225000e+00	8.390544e-04
-1.225000e+00	-1.190000e+00	8.456666e-04
-1.190000e+00	-1.155000e+00	8.428508e-04
-1.155000e+00	-1.120000e+00	8.377397e-04
-1.120000e+00	-1.085000e+00	8.452374e-04
-1.085000e+00	-1.050000e+00	8.456951e-04
-1.050000e+00	-1.015000e+00	8.531373e-04
-1.015000e+00	-9.800000e-01	8.495786e-04
-9.800000e-01	-9.450000e-01	8.499285e-04
-9.450000e-01	-9.100000e-01	8.541530e-04
-9.100000e-01	-8.750000e-01	8.467966e-04
-8.750000e-01	-8.400000e-01	8.522294e-04
-8.400000e-01	-8.050000e-01	8.548443e-04
-8.050000e-01	-7.700000e-01	8.640597e-04
-7.700000e-01	-7.350000e-01	8.451132e-04
-7.350000e-01	-7.000000e-01	8.585053e-04
-7.000000e-01	-6.650000e-01	8.503962e-04
-6.650000e-01	-6.300000e-01	8.753355e-04
-6.300000e-01	-5.950000e-01	8.656570e-04
-5.950000e-01	-5.600000e-01	8.608510e-04
-5.600000e-01	-5.250000e-01	8.709822e-04
-5.250000e-01	-4.900000e-01	8.629421e-04
-4.900000e-01	-4.550000e-01	8.711302e-04
-4.550000e-01	-4.200000e-01	8.576956e-04
-4.200000e-01	-3.850000e-01	8.548335e-04
-3.850000e-01	-3.500000e-01	8.647383e-04
-3.500000e-01	-3.150000e-01	8.635490e-04
-3.150000e-01	-2.800000e-01	8.710095e-04
-2.800000e-01	-2.450000e-01	8.608583e-04
-2.450000e-01	-2.100000e-01	8.549326e-04
-2.100000e-01	-1.750000e-01	8.636478e-04
-1.750000e-01	-1.400000e-01	8.566504e-04
-1.400000e-01	-1.050000e-01	8.559696e-04
-1.050000e-01	-7.000000e-02	8.661300e-04
-7.000000e-02	-3.500000e-02	8.648398e-04
-3.500000e-02	1.776357e-15	8.492591e-04
