# FLUKA USRBIN Z-projection  detector: EdepSlab
# Score type: 208  ncase: 2500000
# Geometry: X=[-100.0,100.0] nx=50  Y=[-100.0,100.0] ny=50  Z=[-10.5,0.0] nz=300
# Columns: z_low[cm]  z_high[cm]  sum_XY(value*dx*dy)
# Units: EdepSlab→GeV/cm/primary  NeutSlab→cm/primary/cm_depth
-1.050000e+01	-1.046500e+01	3.815674e-04
-1.046500e+01	-1.043000e+01	3.976415e-04
-1.043000e+01	-1.039500e+01	4.121955e-04
-1.039500e+01	-1.036000e+01	4.236868e-04
-1.036000e+01	-1.032500e+01	4.355156e-04
-1.032500e+01	-1.029000e+01	4.428785e-04
-1.029000e+01	-1.025500e+01	4.505483e-04
-1.025500e+01	-1.022000e+01	4.531719e-04
-1.022000e+01	-1.018500e+01	4.660303e-04
-1.018500e+01	-1.015000e+01	4.705914e-04
-1.015000e+01	-1.011500e+01	4.749947e-04
-1.011500e+01	-1.008000e+01	4.812507e-04
-1.008000e+01	-1.004500e+01	4.844945e-04
-1.004500e+01	-1.001000e+01	4.950147e-04
-1.001000e+01	-9.975000e+00	4.992079e-04
-9.975000e+00	-9.940000e+00	5.024554e-04
-9.940000e+00	-9.905000e+00	4.999464e-04
-9.905000e+00	-9.870000e+00	5.105332e-04
-9.870000e+00	-9.835000e+00	5.130355e-04
-9.835000e+00	-9.800000e+00	5.164984e-04
-9.800000e+00	-9.765000e+00	5.196941e-04
-9.765000e+00	-9.730000e+00	5.283286e-04
-9.730000e+00	-9.695000e+00	5.268859e-04
-9.695000e+00	-9.660000e+00	5.303760e-04
-9.660000e+00	-9.625000e+00	5.304876e-04
-9.625000e+00	-9.590000e+00	5.311505e-04
-9.590000e+00	-9.555000e+00	5.322390e-04
-9.555000e+00	-9.520000e+00	5.396249e-04
-9.520000e+00	-9.485000e+00	5.410751e-04
-9.485000e+00	-9.450000e+00	5.441417e-04
-9.450000e+00	-9.415000e+00	5.412138e-04
-9.415000e+00	-9.380000e+00	5.433713e-04
-9.380000e+00	-9.345000e+00	5.476025e-04
-9.345000e+00	-9.310000e+00	5.467572e-04
-9.310000e+00	-9.275000e+00	5.485184e-04
-9.275000e+00	-9.240000e+00	5.493857e-04
-9.240000e+00	-9.205000e+00	5.469632e-04
-9.205000e+00	-9.170000e+00	5.473588e-04
-9.170000e+00	-9.135000e+00	5.499554e-04
-9.135000e+00	-9.100000e+00	5.495503e-04
-9.100000e+00	-9.065000e+00	5.524514e-04
-9.065000e+00	-9.030000e+00	5.526402e-04
-9.030000e+00	-8.995000e+00	5.560406e-04
-8.995000e+00	-8.960000e+00	5.469009e-04
-8.960000e+00	-8.925000e+00	5.471380e-04
-8.925000e+00	-8.890000e+00	5.473981e-04
-8.890000e+00	-8.855000e+00	5.522755e-04
-8.855000e+00	-8.820000e+00	5.521011e-04
-8.820000e+00	-8.785000e+00	5.460488e-04
-8.785000e+00	-8.750000e+00	5.443150e-04
-8.750000e+00	-8.715000e+00	5.460115e-04
-8.715000e+00	-8.680000e+00	5.428565e-04
-8.680000e+00	-8.645000e+00	5.412597e-04
-8.645000e+00	-8.610000e+00	5.416779e-04
-8.610000e+00	-8.575000e+00	5.365516e-04
-8.575000e+00	-8.540000e+00	5.356079e-04
-8.540000e+00	-8.505000e+00	5.349155e-04
-8.505000e+00	-8.470000e+00	5.434010e-04
-8.470000e+00	-8.435000e+00	5.353874e-04
-8.435000e+00	-8.400000e+00	5.386408e-04
-8.400000e+00	-8.365000e+00	5.350676e-04
-8.365000e+00	-8.330000e+00	5.346187e-04
-8.330000e+00	-8.295000e+00	5.310894e-04
-8.295000e+00	-8.260000e+00	5.295668e-04
-8.260000e+00	-8.225000e+00	5.224148e-04
-8.225000e+00	-8.190000e+00	5.226427e-04
-8.190000e+00	-8.155000e+00	5.250359e-04
-8.155000e+00	-8.120000e+00	5.180134e-04
-8.120000e+00	-8.085000e+00	5.204232e-04
-8.085000e+00	-8.050000e+00	5.138830e-04
-8.050000e+00	-8.015000e+00	5.091613e-04
-8.015000e+00	-7.980000e+00	5.101828e-04
-7.980000e+00	-7.945000e+00	5.062037e-04
-7.945000e+00	-7.910000e+00	5.019227e-04
-7.910000e+00	-7.875000e+00	5.050228e-04
-7.875000e+00	-7.840000e+00	4.959708e-04
-7.840000e+00	-7.805000e+00	5.019138e-04
-7.805000e+00	-7.770000e+00	4.922156e-04
-7.770000e+00	-7.735000e+00	4.909547e-04
-7.735000e+00	-7.700000e+00	4.889914e-04
-7.700000e+00	-7.665000e+00	4.829045e-04
-7.665000e+00	-7.630000e+00	4.824910e-04
-7.630000e+00	-7.595000e+00	4.770994e-04
-7.595000e+00	-7.560000e+00	4.767315e-04
-7.560000e+00	-7.525000e+00	4.721174e-04
-7.525000e+00	-7.490000e+00	4.713663e-04
-7.490000e+00	-7.455000e+00	4.614052e-04
-7.455000e+00	-7.420000e+00	4.644366e-04
-7.420000e+00	-7.385000e+00	4.659899e-04
-7.385000e+00	-7.350000e+00	4.568851e-04
-7.350000e+00	-7.315000e+00	4.566873e-04
-7.315000e+00	-7.280000e+00	4.520027e-04
-7.280000e+00	-7.245000e+00	4.485233e-04
-7.245000e+00	-7.210000e+00	4.480563e-04
-7.210000e+00	-7.175000e+00	4.438797e-04
-7.175000e+00	-7.140000e+00	4.356288e-04
-7.140000e+00	-7.105000e+00	4.324362e-04
-7.105000e+00	-7.070000e+00	4.319529e-04
-7.070000e+00	-7.035000e+00	4.291644e-04
-7.035000e+00	-7.000000e+00	4.227799e-04
-7.000000e+00	-6.965000e+00	4.182589e-04
-6.965000e+00	-6.930000e+00	4.129435e-04
-6.930000e+00	-6.895000e+00	4.129500e-04
-6.895000e+00	-6.860000e+00	4.088619e-04
-6.860000e+00	-6.825000e+00	4.103323e-04
-6.825000e+00	-6.790000e+00	4.056535e-04
-6.790000e+00	-6.755000e+00	3.954005e-04
-6.755000e+00	-6.720000e+00	3.986591e-04
-6.720000e+00	-6.685000e+00	3.903029e-04
-6.685000e+00	-6.650000e+00	3.888124e-04
-6.650000e+00	-6.615000e+00	3.848718e-04
-6.615000e+00	-6.580000e+00	3.784847e-04
-6.580000e+00	-6.545000e+00	3.766526e-04
-6.545000e+00	-6.510000e+00	3.742531e-04
-6.510000e+00	-6.475000e+00	3.746348e-04
-6.475000e+00	-6.440000e+00	3.618848e-04
-6.440000e+00	-6.405000e+00	3.665993e-04
-6.405000e+00	-6.370000e+00	3.603201e-04
-6.370000e+00	-6.335000e+00	3.529412e-04
-6.335000e+00	-6.300000e+00	3.554366e-04
-6.300000e+00	-6.265000e+00	3.519399e-04
-6.265000e+00	-6.230000e+00	3.536488e-04
-6.230000e+00	-6.195000e+00	3.443201e-04
-6.195000e+00	-6.160000e+00	3.385036e-04
-6.160000e+00	-6.125000e+00	3.396364e-04
-6.125000e+00	-6.090000e+00	3.298075e-04
-6.090000e+00	-6.055000e+00	3.291473e-04
-6.055000e+00	-6.020000e+00	3.277504e-04
-6.020000e+00	-5.985000e+00	3.221166e-04
-5.985000e+00	-5.950000e+00	3.188308e-04
-5.950000e+00	-5.915000e+00	3.190970e-04
-5.915000e+00	-5.880000e+00	3.102073e-04
-5.880000e+00	-5.845000e+00	3.086140e-04
-5.845000e+00	-5.810000e+00	3.078175e-04
-5.810000e+00	-5.775000e+00	3.003312e-04
-5.775000e+00	-5.740000e+00	2.976263e-04
-5.740000e+00	-5.705000e+00	2.982641e-04
-5.705000e+00	-5.670000e+00	2.938224e-04
-5.670000e+00	-5.635000e+00	2.886957e-04
-5.635000e+00	-5.600000e+00	2.885020e-04
-5.600000e+00	-5.565000e+00	2.784504e-04
-5.565000e+00	-5.530000e+00	2.816594e-04
-5.530000e+00	-5.495000e+00	2.794966e-04
-5.495000e+00	-5.460000e+00	2.737693e-04
-5.460000e+00	-5.425000e+00	2.703058e-04
-5.425000e+00	-5.390000e+00	2.650360e-04
-5.390000e+00	-5.355000e+00	2.610333e-04
-5.355000e+00	-5.320000e+00	2.574190e-04
-5.320000e+00	-5.285000e+00	2.574136e-04
-5.285000e+00	-5.250000e+00	2.612502e-04
-5.250000e+00	-5.215000e+00	2.503014e-04
-5.215000e+00	-5.180000e+00	2.498964e-04
-5.180000e+00	-5.145000e+00	2.468168e-04
-5.145000e+00	-5.110000e+00	2.407476e-04
-5.110000e+00	-5.075000e+00	2.348312e-04
-5.075000e+00	-5.040000e+00	2.392348e-04
-5.040000e+00	-5.005000e+00	2.364063e-04
-5.005000e+00	-4.970000e+00	2.331455e-04
-4.970000e+00	-4.935000e+00	2.287519e-04
-4.935000e+00	-4.900000e+00	2.257198e-04
-4.900000e+00	-4.865000e+00	2.241996e-04
-4.865000e+00	-4.830000e+00	2.207402e-04
-4.830000e+00	-4.795000e+00	2.227134e-04
-4.795000e+00	-4.760000e+00	2.134083e-04
-4.760000e+00	-4.725000e+00	2.124400e-04
-4.725000e+00	-4.690000e+00	2.051760e-04
-4.690000e+00	-4.655000e+00	2.088732e-04
-4.655000e+00	-4.620000e+00	2.038856e-04
-4.620000e+00	-4.585000e+00	2.008737e-04
-4.585000e+00	-4.550000e+00	1.977558e-04
-4.550000e+00	-4.515000e+00	1.931499e-04
-4.515000e+00	-4.480000e+00	1.953557e-04
-4.480000e+00	-4.445000e+00	1.894903e-04
-4.445000e+00	-4.410000e+00	1.890841e-04
-4.410000e+00	-4.375000e+00	1.841966e-04
-4.375000e+00	-4.340000e+00	1.830728e-04
-4.340000e+00	-4.305000e+00	1.833620e-04
-4.305000e+00	-4.270000e+00	1.773723e-04
-4.270000e+00	-4.235000e+00	1.778780e-04
-4.235000e+00	-4.200000e+00	1.762517e-04
-4.200000e+00	-4.165000e+00	1.702254e-04
-4.165000e+00	-4.130000e+00	1.699431e-04
-4.130000e+00	-4.095000e+00	1.674643e-04
-4.095000e+00	-4.060000e+00	1.646324e-04
-4.060000e+00	-4.025000e+00	1.642578e-04
-4.025000e+00	-3.990000e+00	1.625872e-04
-3.990000e+00	-3.955000e+00	1.589006e-04
-3.955000e+00	-3.920000e+00	1.551355e-04
-3.920000e+00	-3.885000e+00	1.534479e-04
-3.885000e+00	-3.850000e+00	1.506678e-04
-3.850000e+00	-3.815000e+00	1.485517e-04
-3.815000e+00	-3.780000e+00	1.453702e-04
-3.780000e+00	-3.745000e+00	1.452416e-04
-3.745000e+00	-3.710000e+00	1.476478e-04
-3.710000e+00	-3.675000e+00	1.411372e-04
-3.675000e+00	-3.640000e+00	1.381696e-04
-3.640000e+00	-3.605000e+00	1.341230e-04
-3.605000e+00	-3.570000e+00	1.377802e-04
-3.570000e+00	-3.535000e+00	1.363705e-04
-3.535000e+00	-3.500000e+00	1.324868e-04
-3.500000e+00	-3.465000e+00	1.322955e-04
-3.465000e+00	-3.430000e+00	1.291932e-04
-3.430000e+00	-3.395000e+00	1.257826e-04
-3.395000e+00	-3.360000e+00	1.248312e-04
-3.360000e+00	-3.325000e+00	1.262112e-04
-3.325000e+00	-3.290000e+00	1.215637e-04
-3.290000e+00	-3.255000e+00	1.207048e-04
-3.255000e+00	-3.220000e+00	1.176122e-04
-3.220000e+00	-3.185000e+00	1.167665e-04
-3.185000e+00	-3.150000e+00	1.135277e-04
-3.150000e+00	-3.115000e+00	1.131526e-04
-3.115000e+00	-3.080000e+00	1.121307e-04
-3.080000e+00	-3.045000e+00	1.105734e-04
-3.045000e+00	-3.010000e+00	1.080205e-04
-3.010000e+00	-2.975000e+00	1.090904e-04
-2.975000e+00	-2.940000e+00	1.044976e-04
-2.940000e+00	-2.905000e+00	1.056487e-04
-2.905000e+00	-2.870000e+00	1.012818e-04
-2.870000e+00	-2.835000e+00	1.022324e-04
-2.835000e+00	-2.800000e+00	9.986495e-05
-2.800000e+00	-2.765000e+00	9.994011e-05
-2.765000e+00	-2.730000e+00	9.640252e-05
-2.730000e+00	-2.695000e+00	9.638114e-05
-2.695000e+00	-2.660000e+00	9.399277e-05
-2.660000e+00	-2.625000e+00	9.115762e-05
-2.625000e+00	-2.590000e+00	8.965904e-05
-2.590000e+00	-2.555000e+00	8.797410e-05
-2.555000e+00	-2.520000e+00	8.774265e-05
-2.520000e+00	-2.485000e+00	8.724802e-05
-2.485000e+00	-2.450000e+00	8.331903e-05
-2.450000e+00	-2.415000e+00	8.275329e-05
-2.415000e+00	-2.380000e+00	8.314692e-05
-2.380000e+00	-2.345000e+00	8.272190e-05
-2.345000e+00	-2.310000e+00	8.147648e-05
-2.310000e+00	-2.275000e+00	8.133536e-05
-2.275000e+00	-2.240000e+00	7.960887e-05
-2.240000e+00	-2.205000e+00	7.714163e-05
-2.205000e+00	-2.170000e+00	7.701923e-05
-2.170000e+00	-2.135000e+00	7.237071e-05
-2.135000e+00	-2.100000e+00	7.437995e-05
-2.100000e+00	-2.065000e+00	7.176923e-05
-2.065000e+00	-2.030000e+00	7.186794e-05
-2.030000e+00	-1.995000e+00	6.784651e-05
-1.995000e+00	-1.960000e+00	6.850265e-05
-1.960000e+00	-1.925000e+00	6.844435e-05
-1.925000e+00	-1.890000e+00	6.528507e-05
-1.890000e+00	-1.855000e+00	6.449335e-05
-1.855000e+00	-1.820000e+00	6.476606e-05
-1.820000e+00	-1.785000e+00	6.541114e-05
-1.785000e+00	-1.750000e+00	6.223759e-05
-1.750000e+00	-1.715000e+00	6.219990e-05
-1.715000e+00	-1.680000e+00	6.156616e-05
-1.680000e+00	-1.645000e+00	6.004474e-05
-1.645000e+00	-1.610000e+00	5.764078e-05
-1.610000e+00	-1.575000e+00	5.651580e-05
-1.575000e+00	-1.540000e+00	5.737857e-05
-1.540000e+00	-1.505000e+00	5.687411e-05
-1.505000e+00	-1.470000e+00	5.453587e-05
-1.470000e+00	-1.435000e+00	5.253682e-05
-1.435000e+00	-1.400000e+00	5.271805e-05
-1.400000e+00	-1.365000e+00	5.295528e-05
-1.365000e+00	-1.330000e+00	5.143547e-05
-1.330000e+00	-1.295000e+00	5.099790e-05
-1.295000e+00	-1.260000e+00	4.810893e-05
-1.260000e+00	-1.225000e+00	4.826574e-05
-1.225000e+00	-1.190000e+00	4.826834e-05
-1.190000e+00	-1.155000e+00	4.694178e-05
-1.155000e+00	-1.120000e+00	4.557962e-05
-1.120000e+00	-1.085000e+00	4.437738e-05
-1.085000e+00	-1.050000e+00	4.448223e-05
-1.050000e+00	-1.015000e+00	4.159151e-05
-1.015000e+00	-9.800000e-01	4.459724e-05
-9.800000e-01	-9.450000e-01	4.098534e-05
-9.450000e-01	-9.100000e-01	4.029807e-05
-9.100000e-01	-8.750000e-01	4.024026e-05
-8.750000e-01	-8.400000e-01	3.810764e-05
-8.400000e-01	-8.050000e-01	3.810602e-05
-8.050000e-01	-7.700000e-01	3.667080e-05
-7.700000e-01	-7.350000e-01	3.582191e-05
-7.350000e-01	-7.000000e-01	3.532551e-05
-7.000000e-01	-6.650000e-01	3.392292e-05
-6.650000e-01	-6.300000e-01	3.389902e-05
-6.300000e-01	-5.950000e-01	3.410739e-05
-5.950000e-01	-5.600000e-01	3.202922e-05
-5.600000e-01	-5.250000e-01	3.063519e-05
-5.250000e-01	-4.900000e-01	3.228571e-05
-4.900000e-01	-4.550000e-01	2.988258e-05
-4.550000e-01	-4.200000e-01	2.882772e-05
-4.200000e-01	-3.850000e-01	2.939905e-05
-3.850000e-01	-3.500000e-01	2.677200e-05
-3.500000e-01	-3.150000e-01	2.658168e-05
-3.150000e-01	-2.800000e-01	2.520263e-05
-2.800000e-01	-2.450000e-01	2.433492e-05
-2.450000e-01	-2.100000e-01	2.404902e-05
-2.100000e-01	-1.750000e-01	2.321893e-05
-1.750000e-01	-1.400000e-01	2.139734e-05
-1.400000e-01	-1.050000e-01	2.033763e-05
-1.050000e-01	-7.000000e-02	1.997336e-05
-7.000000e-02	-3.500000e-02	1.712800e-05
-3.500000e-02	1.776357e-15	1.621174e-05
