# FLUKA USRBIN Z-projection  detector: EdepSlab
# Score type: 208  ncase: 500000
# Geometry: X=[-100.0,100.0] nx=50  Y=[-100.0,100.0] ny=50  Z=[-50.0,0.0] nz=300
# Columns: z_low[cm]  z_high[cm]  sum_XY(value*dx*dy)
# Units: EdepSlab→GeV/cm/primary  NeutSlab→cm/primary/cm_depth
-5.000000e+01	-4.983333e+01	1.034735e-04
-4.983333e+01	-4.966667e+01	1.241380e-04
-4.966667e+01	-4.950000e+01	1.322546e-04
-4.950000e+01	-4.933333e+01	1.412069e-04
-4.933333e+01	-4.916667e+01	1.485118e-04
-4.916667e+01	-4.900000e+01	1.525754e-04
-4.900000e+01	-4.883333e+01	1.555483e-04
-4.883333e+01	-4.866667e+01	1.579368e-04
-4.866667e+01	-4.850000e+01	1.611620e-04
-4.850000e+01	-4.833333e+01	1.648004e-04
-4.833333e+01	-4.816667e+01	1.647139e-04
-4.816667e+01	-4.800000e+01	1.696219e-04
-4.800000e+01	-4.783333e+01	1.710630e-04
-4.783333e+01	-4.766667e+01	1.707702e-04
-4.766667e+01	-4.750000e+01	1.741203e-04
-4.750000e+01	-4.733333e+01	1.736659e-04
-4.733333e+01	-4.716667e+01	1.745483e-04
-4.716667e+01	-4.700000e+01	1.735447e-04
-4.700000e+01	-4.683333e+01	1.719756e-04
-4.683333e+01	-4.666667e+01	1.733010e-04
-4.666667e+01	-4.650000e+01	1.751380e-04
-4.650000e+01	-4.633333e+01	1.755040e-04
-4.633333e+01	-4.616667e+01	1.727758e-04
-4.616667e+01	-4.600000e+01	1.733695e-04
-4.600000e+01	-4.583333e+01	1.743399e-04
-4.583333e+01	-4.566667e+01	1.741138e-04
-4.566667e+01	-4.550000e+01	1.728267e-04
-4.550000e+01	-4.533333e+01	1.734768e-04
-4.533333e+01	-4.516667e+01	1.741193e-04
-4.516667e+01	-4.500000e+01	1.696463e-04
-4.500000e+01	-4.483333e+01	1.715586e-04
-4.483333e+01	-4.466667e+01	1.660913e-04
-4.466667e+01	-4.450000e+01	1.654353e-04
-4.450000e+01	-4.433333e+01	1.666271e-04
-4.433333e+01	-4.416667e+01	1.645315e-04
-4.416667e+01	-4.400000e+01	1.630066e-04
-4.400000e+01	-4.383333e+01	1.631529e-04
-4.383333e+01	-4.366667e+01	1.597675e-04
-4.366667e+01	-4.350000e+01	1.550610e-04
-4.350000e+01	-4.333333e+01	1.580584e-04
-4.333333e+01	-4.316667e+01	1.588770e-04
-4.316667e+01	-4.300000e+01	1.557715e-04
-4.300000e+01	-4.283333e+01	1.566741e-04
-4.283333e+01	-4.266667e+01	1.543390e-04
-4.266667e+01	-4.250000e+01	1.532747e-04
-4.250000e+01	-4.233333e+01	1.490591e-04
-4.233333e+01	-4.216667e+01	1.481089e-04
-4.216667e+01	-4.200000e+01	1.449743e-04
-4.200000e+01	-4.183333e+01	1.463558e-04
-4.183333e+01	-4.166667e+01	1.463381e-04
-4.166667e+01	-4.150000e+01	1.410516e-04
-4.150000e+01	-4.133333e+01	1.411634e-04
-4.133333e+01	-4.116667e+01	1.387996e-04
-4.116667e+01	-4.100000e+01	1.365898e-04
-4.100000e+01	-4.083333e+01	1.359320e-04
-4.083333e+01	-4.066667e+01	1.344470e-04
-4.066667e+01	-4.050000e+01	1.327357e-04
-4.050000e+01	-4.033333e+01	1.315353e-04
-4.033333e+01	-4.016667e+01	1.287282e-04
-4.016667e+01	-4.000000e+01	1.274016e-04
-4.000000e+01	-3.983333e+01	1.256257e-04
-3.983333e+01	-3.966667e+01	1.256369e-04
-3.966667e+01	-3.950000e+01	1.218089e-04
-3.950000e+01	-3.933333e+01	1.211200e-04
-3.933333e+01	-3.916667e+01	1.192062e-04
-3.916667e+01	-3.900000e+01	1.173993e-04
-3.900000e+01	-3.883333e+01	1.212809e-04
-3.883333e+01	-3.866667e+01	1.173540e-04
-3.866667e+01	-3.850000e+01	1.139778e-04
-3.850000e+01	-3.833333e+01	1.124433e-04
-3.833333e+01	-3.816667e+01	1.128673e-04
-3.816667e+01	-3.800000e+01	1.106004e-04
-3.800000e+01	-3.783333e+01	1.111461e-04
-3.783333e+01	-3.766667e+01	1.070315e-04
-3.766667e+01	-3.750000e+01	1.080478e-04
-3.750000e+01	-3.733333e+01	1.031146e-04
-3.733333e+01	-3.716667e+01	1.033996e-04
-3.716667e+01	-3.700000e+01	1.041185e-04
-3.700000e+01	-3.683333e+01	1.019294e-04
-3.683333e+01	-3.666667e+01	1.006821e-04
-3.666667e+01	-3.650000e+01	9.968532e-05
-3.650000e+01	-3.633333e+01	9.792025e-05
-3.633333e+01	-3.616667e+01	9.645137e-05
-3.616667e+01	-3.600000e+01	9.657782e-05
-3.600000e+01	-3.583333e+01	9.270746e-05
-3.583333e+01	-3.566667e+01	9.347712e-05
-3.566667e+01	-3.550000e+01	8.991534e-05
-3.550000e+01	-3.533333e+01	8.930187e-05
-3.533333e+01	-3.516667e+01	8.876718e-05
-3.516667e+01	-3.500000e+01	8.571415e-05
-3.500000e+01	-3.483333e+01	8.729662e-05
-3.483333e+01	-3.466667e+01	8.418920e-05
-3.466667e+01	-3.450000e+01	8.308773e-05
-3.450000e+01	-3.433333e+01	8.316259e-05
-3.433333e+01	-3.416667e+01	8.132773e-05
-3.416667e+01	-3.400000e+01	8.041180e-05
-3.400000e+01	-3.383333e+01	8.113137e-05
-3.383333e+01	-3.366667e+01	7.875163e-05
-3.366667e+01	-3.350000e+01	7.870757e-05
-3.350000e+01	-3.333333e+01	7.419552e-05
-3.333333e+01	-3.316667e+01	7.291145e-05
-3.316667e+01	-3.300000e+01	7.267127e-05
-3.300000e+01	-3.283333e+01	7.277190e-05
-3.283333e+01	-3.266667e+01	7.054273e-05
-3.266667e+01	-3.250000e+01	7.047411e-05
-3.250000e+01	-3.233333e+01	6.962832e-05
-3.233333e+01	-3.216667e+01	6.924930e-05
-3.216667e+01	-3.200000e+01	6.630432e-05
-3.200000e+01	-3.183333e+01	6.601072e-05
-3.183333e+01	-3.166667e+01	6.321398e-05
-3.166667e+01	-3.150000e+01	6.462043e-05
-3.150000e+01	-3.133333e+01	6.305537e-05
-3.133333e+01	-3.116667e+01	6.029189e-05
-3.116667e+01	-3.100000e+01	6.096876e-05
-3.100000e+01	-3.083333e+01	5.974435e-05
-3.083333e+01	-3.066667e+01	5.978180e-05
-3.066667e+01	-3.050000e+01	5.791254e-05
-3.050000e+01	-3.033333e+01	5.610030e-05
-3.033333e+01	-3.016667e+01	5.502013e-05
-3.016667e+01	-3.000000e+01	5.414117e-05
-3.000000e+01	-2.983333e+01	5.399805e-05
-2.983333e+01	-2.966667e+01	5.447758e-05
-2.966667e+01	-2.950000e+01	5.151916e-05
-2.950000e+01	-2.933333e+01	5.242781e-05
-2.933333e+01	-2.916667e+01	5.091534e-05
-2.916667e+01	-2.900000e+01	5.006717e-05
-2.900000e+01	-2.883333e+01	4.923142e-05
-2.883333e+01	-2.866667e+01	4.767042e-05
-2.866667e+01	-2.850000e+01	4.620868e-05
-2.850000e+01	-2.833333e+01	4.697356e-05
-2.833333e+01	-2.816667e+01	4.606211e-05
-2.816667e+01	-2.800000e+01	4.399158e-05
-2.800000e+01	-2.783333e+01	4.488914e-05
-2.783333e+01	-2.766667e+01	4.558068e-05
-2.766667e+01	-2.750000e+01	4.330216e-05
-2.750000e+01	-2.733333e+01	4.338351e-05
-2.733333e+01	-2.716667e+01	4.203759e-05
-2.716667e+01	-2.700000e+01	4.025206e-05
-2.700000e+01	-2.683333e+01	4.041665e-05
-2.683333e+01	-2.666667e+01	3.989269e-05
-2.666667e+01	-2.650000e+01	3.800120e-05
-2.650000e+01	-2.633333e+01	3.818510e-05
-2.633333e+01	-2.616667e+01	3.709164e-05
-2.616667e+01	-2.600000e+01	3.736491e-05
-2.600000e+01	-2.583333e+01	3.517931e-05
-2.583333e+01	-2.566667e+01	3.507051e-05
-2.566667e+01	-2.550000e+01	3.368148e-05
-2.550000e+01	-2.533333e+01	3.306672e-05
-2.533333e+01	-2.516667e+01	3.291987e-05
-2.516667e+01	-2.500000e+01	3.136487e-05
-2.500000e+01	-2.483333e+01	3.133464e-05
-2.483333e+01	-2.466667e+01	3.198821e-05
-2.466667e+01	-2.450000e+01	3.235619e-05
-2.450000e+01	-2.433333e+01	3.077018e-05
-2.433333e+01	-2.416667e+01	3.144666e-05
-2.416667e+01	-2.400000e+01	2.899754e-05
-2.400000e+01	-2.383333e+01	2.915889e-05
-2.383333e+01	-2.366667e+01	2.898254e-05
-2.366667e+01	-2.350000e+01	2.896100e-05
-2.350000e+01	-2.333333e+01	2.788711e-05
-2.333333e+01	-2.316667e+01	2.734204e-05
-2.316667e+01	-2.300000e+01	2.652266e-05
-2.300000e+01	-2.283333e+01	2.589503e-05
-2.283333e+01	-2.266667e+01	2.679876e-05
-2.266667e+01	-2.250000e+01	2.497815e-05
-2.250000e+01	-2.233333e+01	2.519416e-05
-2.233333e+01	-2.216667e+01	2.451456e-05
-2.216667e+01	-2.200000e+01	2.548352e-05
-2.200000e+01	-2.183333e+01	2.515895e-05
-2.183333e+01	-2.166667e+01	2.263734e-05
-2.166667e+01	-2.150000e+01	2.288594e-05
-2.150000e+01	-2.133333e+01	2.140158e-05
-2.133333e+01	-2.116667e+01	2.146457e-05
-2.116667e+01	-2.100000e+01	2.174874e-05
-2.100000e+01	-2.083333e+01	2.064860e-05
-2.083333e+01	-2.066667e+01	1.988108e-05
-2.066667e+01	-2.050000e+01	1.999575e-05
-2.050000e+01	-2.033333e+01	1.916032e-05
-2.033333e+01	-2.016667e+01	1.819609e-05
-2.016667e+01	-2.000000e+01	1.888391e-05
-2.000000e+01	-1.983333e+01	1.899848e-05
-1.983333e+01	-1.966667e+01	1.876716e-05
-1.966667e+01	-1.950000e+01	1.835376e-05
-1.950000e+01	-1.933333e+01	1.687755e-05
-1.933333e+01	-1.916667e+01	1.634965e-05
-1.916667e+01	-1.900000e+01	1.694065e-05
-1.900000e+01	-1.883333e+01	1.656415e-05
-1.883333e+01	-1.866667e+01	1.643489e-05
-1.866667e+01	-1.850000e+01	1.546683e-05
-1.850000e+01	-1.833333e+01	1.456432e-05
-1.833333e+01	-1.816667e+01	1.431792e-05
-1.816667e+01	-1.800000e+01	1.327556e-05
-1.800000e+01	-1.783333e+01	1.397546e-05
-1.783333e+01	-1.766667e+01	1.303370e-05
-1.766667e+01	-1.750000e+01	1.281326e-05
-1.750000e+01	-1.733333e+01	1.277353e-05
-1.733333e+01	-1.716667e+01	1.217311e-05
-1.716667e+01	-1.700000e+01	1.305634e-05
-1.700000e+01	-1.683333e+01	1.188345e-05
-1.683333e+01	-1.666667e+01	1.227550e-05
-1.666667e+01	-1.650000e+01	1.108695e-05
-1.650000e+01	-1.633333e+01	1.129124e-05
-1.633333e+01	-1.616667e+01	1.117828e-05
-1.616667e+01	-1.600000e+01	1.011753e-05
-1.600000e+01	-1.583333e+01	1.083639e-05
-1.583333e+01	-1.566667e+01	1.081916e-05
-1.566667e+01	-1.550000e+01	9.889490e-06
-1.550000e+01	-1.533333e+01	1.019597e-05
-1.533333e+01	-1.516667e+01	9.806356e-06
-1.516667e+01	-1.500000e+01	1.006708e-05
-1.500000e+01	-1.483333e+01	1.023581e-05
-1.483333e+01	-1.466667e+01	1.015928e-05
-1.466667e+01	-1.450000e+01	9.245698e-06
-1.450000e+01	-1.433333e+01	9.438985e-06
-1.433333e+01	-1.416667e+01	9.088861e-06
-1.416667e+01	-1.400000e+01	8.712515e-06
-1.400000e+01	-1.383333e+01	8.639350e-06
-1.383333e+01	-1.366667e+01	8.250474e-06
-1.366667e+01	-1.350000e+01	8.003813e-06
-1.350000e+01	-1.333333e+01	7.719756e-06
-1.333333e+01	-1.316667e+01	7.500240e-06
-1.316667e+01	-1.300000e+01	7.339784e-06
-1.300000e+01	-1.283333e+01	7.646679e-06
-1.283333e+01	-1.266667e+01	7.284843e-06
-1.266667e+01	-1.250000e+01	7.346108e-06
-1.250000e+01	-1.233333e+01	6.817451e-06
-1.233333e+01	-1.216667e+01	6.784978e-06
-1.216667e+01	-1.200000e+01	6.479504e-06
-1.200000e+01	-1.183333e+01	5.901310e-06
-1.183333e+01	-1.166667e+01	6.011765e-06
-1.166667e+01	-1.150000e+01	6.597100e-06
-1.150000e+01	-1.133333e+01	6.052644e-06
-1.133333e+01	-1.116667e+01	5.898293e-06
-1.116667e+01	-1.100000e+01	6.055853e-06
-1.100000e+01	-1.083333e+01	5.823744e-06
-1.083333e+01	-1.066667e+01	5.453180e-06
-1.066667e+01	-1.050000e+01	5.349763e-06
-1.050000e+01	-1.033333e+01	5.409649e-06
-1.033333e+01	-1.016667e+01	4.750193e-06
-1.016667e+01	-1.000000e+01	4.684182e-06
-1.000000e+01	-9.833333e+00	4.438131e-06
-9.833333e+00	-9.666667e+00	4.930746e-06
-9.666667e+00	-9.500000e+00	4.443787e-06
-9.500000e+00	-9.333333e+00	4.855028e-06
-9.333333e+00	-9.166667e+00	4.340498e-06
-9.166667e+00	-9.000000e+00	4.429175e-06
-9.000000e+00	-8.833333e+00	4.398004e-06
-8.833333e+00	-8.666667e+00	4.042656e-06
-8.666667e+00	-8.500000e+00	3.503128e-06
-8.500000e+00	-8.333333e+00	3.422509e-06
-8.333333e+00	-8.166667e+00	3.064188e-06
-8.166667e+00	-8.000000e+00	3.639852e-06
-8.000000e+00	-7.833333e+00	3.358014e-06
-7.833333e+00	-7.666667e+00	3.312624e-06
-7.666667e+00	-7.500000e+00	2.844405e-06
-7.500000e+00	-7.333333e+00	3.098908e-06
-7.333333e+00	-7.166667e+00	3.014234e-06
-7.166667e+00	-7.000000e+00	3.029763e-06
-7.000000e+00	-6.833333e+00	2.812069e-06
-6.833333e+00	-6.666667e+00	3.013722e-06
-6.666667e+00	-6.500000e+00	3.053774e-06
-6.500000e+00	-6.333333e+00	3.423505e-06
-6.333333e+00	-6.166667e+00	2.719176e-06
-6.166667e+00	-6.000000e+00	2.684734e-06
-6.000000e+00	-5.833333e+00	2.282947e-06
-5.833333e+00	-5.666667e+00	2.412055e-06
-5.666667e+00	-5.500000e+00	2.370492e-06
-5.500000e+00	-5.333333e+00	2.492529e-06
-5.333333e+00	-5.166667e+00	2.082319e-06
-5.166667e+00	-5.000000e+00	2.047425e-06
-5.000000e+00	-4.833333e+00	2.082430e-06
-4.833333e+00	-4.666667e+00	1.770764e-06
-4.666667e+00	-4.500000e+00	1.458682e-06
-4.500000e+00	-4.333333e+00	1.561336e-06
-4.333333e+00	-4.166667e+00	1.773044e-06
-4.166667e+00	-4.000000e+00	1.786583e-06
-4.000000e+00	-3.833333e+00	1.813582e-06
-3.833333e+00	-3.666667e+00	2.031417e-06
-3.666667e+00	-3.500000e+00	1.440828e-06
-3.500000e+00	-3.333333e+00	1.378588e-06
-3.333333e+00	-3.166667e+00	1.145344e-06
-3.166667e+00	-3.000000e+00	1.549421e-06
-3.000000e+00	-2.833333e+00	1.208961e-06
-2.833333e+00	-2.666667e+00	1.116331e-06
-2.666667e+00	-2.500000e+00	9.223398e-07
-2.500000e+00	-2.333333e+00	1.346069e-06
-2.333333e+00	-2.166667e+00	1.487000e-06
-2.166667e+00	-2.000000e+00	8.786518e-07
-2.000000e+00	-1.833333e+00	1.305900e-06
-1.833333e+00	-1.666667e+00	1.383371e-06
-1.666667e+00	-1.500000e+00	9.372044e-07
-1.500000e+00	-1.333333e+00	9.653236e-07
-1.333333e+00	-1.166667e+00	1.128130e-06
-1.166667e+00	-1.000000e+00	6.582852e-07
-1.000000e+00	-8.333333e-01	6.430584e-07
-8.333333e-01	-6.666667e-01	7.660103e-07
-6.666667e-01	-5.000000e-01	6.673079e-07
-5.000000e-01	-3.333333e-01	3.892089e-07
-3.333333e-01	-1.666667e-01	2.970214e-07
-1.666667e-01	0.000000e+00	2.469945e-07
