# FLUKA USRBIN Z-projection  detector: EdepSlab
# Score type: 208  ncase: 25000000
# Geometry: X=[-100.0,100.0] nx=50  Y=[-100.0,100.0] ny=50  Z=[-10.5,0.0] nz=300
# Columns: z_low[cm]  z_high[cm]  sum_XY(value*dx*dy)
# Units: EdepSlab→GeV/cm/primary  NeutSlab→cm/primary/cm_depth
-1.050000e+01	-1.046500e+01	2.652733e-04
-1.046500e+01	-1.043000e+01	2.977426e-04
-1.043000e+01	-1.039500e+01	3.211348e-04
-1.039500e+01	-1.036000e+01	3.438233e-04
-1.036000e+01	-1.032500e+01	3.622475e-04
-1.032500e+01	-1.029000e+01	3.792010e-04
-1.029000e+01	-1.025500e+01	3.948729e-04
-1.025500e+01	-1.022000e+01	4.100630e-04
-1.022000e+01	-1.018500e+01	4.237916e-04
-1.018500e+01	-1.015000e+01	4.342951e-04
-1.015000e+01	-1.011500e+01	4.465702e-04
-1.011500e+01	-1.008000e+01	4.590874e-04
-1.008000e+01	-1.004500e+01	4.691021e-04
-1.004500e+01	-1.001000e+01	4.779849e-04
-1.001000e+01	-9.975000e+00	4.880576e-04
-9.975000e+00	-9.940000e+00	4.958726e-04
-9.940000e+00	-9.905000e+00	5.021329e-04
-9.905000e+00	-9.870000e+00	5.128883e-04
-9.870000e+00	-9.835000e+00	5.171471e-04
-9.835000e+00	-9.800000e+00	5.246540e-04
-9.800000e+00	-9.765000e+00	5.292572e-04
-9.765000e+00	-9.730000e+00	5.353094e-04
-9.730000e+00	-9.695000e+00	5.403523e-04
-9.695000e+00	-9.660000e+00	5.441271e-04
-9.660000e+00	-9.625000e+00	5.490404e-04
-9.625000e+00	-9.590000e+00	5.522723e-04
-9.590000e+00	-9.555000e+00	5.549236e-04
-9.555000e+00	-9.520000e+00	5.593606e-04
-9.520000e+00	-9.485000e+00	5.577992e-04
-9.485000e+00	-9.450000e+00	5.595883e-04
-9.450000e+00	-9.415000e+00	5.594465e-04
-9.415000e+00	-9.380000e+00	5.642205e-04
-9.380000e+00	-9.345000e+00	5.639674e-04
-9.345000e+00	-9.310000e+00	5.644484e-04
-9.310000e+00	-9.275000e+00	5.632623e-04
-9.275000e+00	-9.240000e+00	5.596009e-04
-9.240000e+00	-9.205000e+00	5.630227e-04
-9.205000e+00	-9.170000e+00	5.625888e-04
-9.170000e+00	-9.135000e+00	5.606490e-04
-9.135000e+00	-9.100000e+00	5.598930e-04
-9.100000e+00	-9.065000e+00	5.580990e-04
-9.065000e+00	-9.030000e+00	5.531016e-04
-9.030000e+00	-8.995000e+00	5.530119e-04
-8.995000e+00	-8.960000e+00	5.501147e-04
-8.960000e+00	-8.925000e+00	5.458249e-04
-8.925000e+00	-8.890000e+00	5.434203e-04
-8.890000e+00	-8.855000e+00	5.381309e-04
-8.855000e+00	-8.820000e+00	5.358516e-04
-8.820000e+00	-8.785000e+00	5.311377e-04
-8.785000e+00	-8.750000e+00	5.277931e-04
-8.750000e+00	-8.715000e+00	5.233564e-04
-8.715000e+00	-8.680000e+00	5.177434e-04
-8.680000e+00	-8.645000e+00	5.116897e-04
-8.645000e+00	-8.610000e+00	5.078086e-04
-8.610000e+00	-8.575000e+00	5.037044e-04
-8.575000e+00	-8.540000e+00	4.979991e-04
-8.540000e+00	-8.505000e+00	4.925092e-04
-8.505000e+00	-8.470000e+00	4.870943e-04
-8.470000e+00	-8.435000e+00	4.824139e-04
-8.435000e+00	-8.400000e+00	4.751612e-04
-8.400000e+00	-8.365000e+00	4.683674e-04
-8.365000e+00	-8.330000e+00	4.616746e-04
-8.330000e+00	-8.295000e+00	4.559846e-04
-8.295000e+00	-8.260000e+00	4.504950e-04
-8.260000e+00	-8.225000e+00	4.451845e-04
-8.225000e+00	-8.190000e+00	4.385335e-04
-8.190000e+00	-8.155000e+00	4.314216e-04
-8.155000e+00	-8.120000e+00	4.259966e-04
-8.120000e+00	-8.085000e+00	4.186797e-04
-8.085000e+00	-8.050000e+00	4.115149e-04
-8.050000e+00	-8.015000e+00	4.078644e-04
-8.015000e+00	-7.980000e+00	3.988839e-04
-7.980000e+00	-7.945000e+00	3.923467e-04
-7.945000e+00	-7.910000e+00	3.858329e-04
-7.910000e+00	-7.875000e+00	3.810948e-04
-7.875000e+00	-7.840000e+00	3.724945e-04
-7.840000e+00	-7.805000e+00	3.660051e-04
-7.805000e+00	-7.770000e+00	3.597450e-04
-7.770000e+00	-7.735000e+00	3.547370e-04
-7.735000e+00	-7.700000e+00	3.469105e-04
-7.700000e+00	-7.665000e+00	3.397001e-04
-7.665000e+00	-7.630000e+00	3.354818e-04
-7.630000e+00	-7.595000e+00	3.277482e-04
-7.595000e+00	-7.560000e+00	3.210975e-04
-7.560000e+00	-7.525000e+00	3.146767e-04
-7.525000e+00	-7.490000e+00	3.096977e-04
-7.490000e+00	-7.455000e+00	3.028561e-04
-7.455000e+00	-7.420000e+00	2.955371e-04
-7.420000e+00	-7.385000e+00	2.904526e-04
-7.385000e+00	-7.350000e+00	2.829406e-04
-7.350000e+00	-7.315000e+00	2.755189e-04
-7.315000e+00	-7.280000e+00	2.713116e-04
-7.280000e+00	-7.245000e+00	2.647705e-04
-7.245000e+00	-7.210000e+00	2.605831e-04
-7.210000e+00	-7.175000e+00	2.537417e-04
-7.175000e+00	-7.140000e+00	2.486829e-04
-7.140000e+00	-7.105000e+00	2.421157e-04
-7.105000e+00	-7.070000e+00	2.369721e-04
-7.070000e+00	-7.035000e+00	2.312186e-04
-7.035000e+00	-7.000000e+00	2.263330e-04
-7.000000e+00	-6.965000e+00	2.196198e-04
-6.965000e+00	-6.930000e+00	2.151958e-04
-6.930000e+00	-6.895000e+00	2.099259e-04
-6.895000e+00	-6.860000e+00	2.062271e-04
-6.860000e+00	-6.825000e+00	2.002211e-04
-6.825000e+00	-6.790000e+00	1.960635e-04
-6.790000e+00	-6.755000e+00	1.922895e-04
-6.755000e+00	-6.720000e+00	1.865523e-04
-6.720000e+00	-6.685000e+00	1.809974e-04
-6.685000e+00	-6.650000e+00	1.776407e-04
-6.650000e+00	-6.615000e+00	1.715952e-04
-6.615000e+00	-6.580000e+00	1.685338e-04
-6.580000e+00	-6.545000e+00	1.632893e-04
-6.545000e+00	-6.510000e+00	1.593599e-04
-6.510000e+00	-6.475000e+00	1.545601e-04
-6.475000e+00	-6.440000e+00	1.515614e-04
-6.440000e+00	-6.405000e+00	1.470189e-04
-6.405000e+00	-6.370000e+00	1.427126e-04
-6.370000e+00	-6.335000e+00	1.398176e-04
-6.335000e+00	-6.300000e+00	1.365348e-04
-6.300000e+00	-6.265000e+00	1.319475e-04
-6.265000e+00	-6.230000e+00	1.289982e-04
-6.230000e+00	-6.195000e+00	1.246344e-04
-6.195000e+00	-6.160000e+00	1.222496e-04
-6.160000e+00	-6.125000e+00	1.189614e-04
-6.125000e+00	-6.090000e+00	1.150258e-04
-6.090000e+00	-6.055000e+00	1.128930e-04
-6.055000e+00	-6.020000e+00	1.089378e-04
-6.020000e+00	-5.985000e+00	1.054356e-04
-5.985000e+00	-5.950000e+00	1.031051e-04
-5.950000e+00	-5.915000e+00	9.997235e-05
-5.915000e+00	-5.880000e+00	9.819555e-05
-5.880000e+00	-5.845000e+00	9.472595e-05
-5.845000e+00	-5.810000e+00	9.166120e-05
-5.810000e+00	-5.775000e+00	8.939409e-05
-5.775000e+00	-5.740000e+00	8.696028e-05
-5.740000e+00	-5.705000e+00	8.428956e-05
-5.705000e+00	-5.670000e+00	8.241293e-05
-5.670000e+00	-5.635000e+00	7.971827e-05
-5.635000e+00	-5.600000e+00	7.722496e-05
-5.600000e+00	-5.565000e+00	7.519660e-05
-5.565000e+00	-5.530000e+00	7.337708e-05
-5.530000e+00	-5.495000e+00	7.096086e-05
-5.495000e+00	-5.460000e+00	6.896236e-05
-5.460000e+00	-5.425000e+00	6.691628e-05
-5.425000e+00	-5.390000e+00	6.476072e-05
-5.390000e+00	-5.355000e+00	6.339706e-05
-5.355000e+00	-5.320000e+00	6.105890e-05
-5.320000e+00	-5.285000e+00	5.890878e-05
-5.285000e+00	-5.250000e+00	5.844767e-05
-5.250000e+00	-5.215000e+00	5.576904e-05
-5.215000e+00	-5.180000e+00	5.481418e-05
-5.180000e+00	-5.145000e+00	5.248493e-05
-5.145000e+00	-5.110000e+00	5.190499e-05
-5.110000e+00	-5.075000e+00	5.015385e-05
-5.075000e+00	-5.040000e+00	4.846803e-05
-5.040000e+00	-5.005000e+00	4.734070e-05
-5.005000e+00	-4.970000e+00	4.590071e-05
-4.970000e+00	-4.935000e+00	4.444794e-05
-4.935000e+00	-4.900000e+00	4.364874e-05
-4.900000e+00	-4.865000e+00	4.205010e-05
-4.865000e+00	-4.830000e+00	4.121994e-05
-4.830000e+00	-4.795000e+00	3.997674e-05
-4.795000e+00	-4.760000e+00	3.866445e-05
-4.760000e+00	-4.725000e+00	3.728067e-05
-4.725000e+00	-4.690000e+00	3.616204e-05
-4.690000e+00	-4.655000e+00	3.560457e-05
-4.655000e+00	-4.620000e+00	3.438878e-05
-4.620000e+00	-4.585000e+00	3.377419e-05
-4.585000e+00	-4.550000e+00	3.225939e-05
-4.550000e+00	-4.515000e+00	3.171799e-05
-4.515000e+00	-4.480000e+00	3.091570e-05
-4.480000e+00	-4.445000e+00	3.022755e-05
-4.445000e+00	-4.410000e+00	2.964649e-05
-4.410000e+00	-4.375000e+00	2.814062e-05
-4.375000e+00	-4.340000e+00	2.761047e-05
-4.340000e+00	-4.305000e+00	2.701074e-05
-4.305000e+00	-4.270000e+00	2.629301e-05
-4.270000e+00	-4.235000e+00	2.532615e-05
-4.235000e+00	-4.200000e+00	2.496440e-05
-4.200000e+00	-4.165000e+00	2.354377e-05
-4.165000e+00	-4.130000e+00	2.346394e-05
-4.130000e+00	-4.095000e+00	2.280656e-05
-4.095000e+00	-4.060000e+00	2.233191e-05
-4.060000e+00	-4.025000e+00	2.155968e-05
-4.025000e+00	-3.990000e+00	2.110345e-05
-3.990000e+00	-3.955000e+00	2.040033e-05
-3.955000e+00	-3.920000e+00	2.026613e-05
-3.920000e+00	-3.885000e+00	1.955023e-05
-3.885000e+00	-3.850000e+00	1.874716e-05
-3.850000e+00	-3.815000e+00	1.868939e-05
-3.815000e+00	-3.780000e+00	1.817727e-05
-3.780000e+00	-3.745000e+00	1.749545e-05
-3.745000e+00	-3.710000e+00	1.723944e-05
-3.710000e+00	-3.675000e+00	1.678265e-05
-3.675000e+00	-3.640000e+00	1.640958e-05
-3.640000e+00	-3.605000e+00	1.595194e-05
-3.605000e+00	-3.570000e+00	1.581005e-05
-3.570000e+00	-3.535000e+00	1.557891e-05
-3.535000e+00	-3.500000e+00	1.519919e-05
-3.500000e+00	-3.465000e+00	1.473046e-05
-3.465000e+00	-3.430000e+00	1.413412e-05
-3.430000e+00	-3.395000e+00	1.404891e-05
-3.395000e+00	-3.360000e+00	1.368965e-05
-3.360000e+00	-3.325000e+00	1.357247e-05
-3.325000e+00	-3.290000e+00	1.325990e-05
-3.290000e+00	-3.255000e+00	1.288365e-05
-3.255000e+00	-3.220000e+00	1.264961e-05
-3.220000e+00	-3.185000e+00	1.234262e-05
-3.185000e+00	-3.150000e+00	1.205266e-05
-3.150000e+00	-3.115000e+00	1.193477e-05
-3.115000e+00	-3.080000e+00	1.173616e-05
-3.080000e+00	-3.045000e+00	1.147906e-05
-3.045000e+00	-3.010000e+00	1.122063e-05
-3.010000e+00	-2.975000e+00	1.103716e-05
-2.975000e+00	-2.940000e+00	1.063325e-05
-2.940000e+00	-2.905000e+00	1.071771e-05
-2.905000e+00	-2.870000e+00	1.040070e-05
-2.870000e+00	-2.835000e+00	1.023601e-05
-2.835000e+00	-2.800000e+00	1.007161e-05
-2.800000e+00	-2.765000e+00	9.929016e-06
-2.765000e+00	-2.730000e+00	9.859087e-06
-2.730000e+00	-2.695000e+00	9.551394e-06
-2.695000e+00	-2.660000e+00	9.528825e-06
-2.660000e+00	-2.625000e+00	9.323829e-06
-2.625000e+00	-2.590000e+00	9.034172e-06
-2.590000e+00	-2.555000e+00	9.119753e-06
-2.555000e+00	-2.520000e+00	8.892208e-06
-2.520000e+00	-2.485000e+00	8.715026e-06
-2.485000e+00	-2.450000e+00	8.585033e-06
-2.450000e+00	-2.415000e+00	8.409907e-06
-2.415000e+00	-2.380000e+00	8.340134e-06
-2.380000e+00	-2.345000e+00	8.294750e-06
-2.345000e+00	-2.310000e+00	8.195879e-06
-2.310000e+00	-2.275000e+00	8.096354e-06
-2.275000e+00	-2.240000e+00	8.071864e-06
-2.240000e+00	-2.205000e+00	7.920544e-06
-2.205000e+00	-2.170000e+00	7.672315e-06
-2.170000e+00	-2.135000e+00	7.628114e-06
-2.135000e+00	-2.100000e+00	7.581528e-06
-2.100000e+00	-2.065000e+00	7.397262e-06
-2.065000e+00	-2.030000e+00	7.265978e-06
-2.030000e+00	-1.995000e+00	7.271496e-06
-1.995000e+00	-1.960000e+00	7.130974e-06
-1.960000e+00	-1.925000e+00	7.113656e-06
-1.925000e+00	-1.890000e+00	6.995172e-06
-1.890000e+00	-1.855000e+00	6.960030e-06
-1.855000e+00	-1.820000e+00	6.862962e-06
-1.820000e+00	-1.785000e+00	6.778386e-06
-1.785000e+00	-1.750000e+00	6.761392e-06
-1.750000e+00	-1.715000e+00	6.648194e-06
-1.715000e+00	-1.680000e+00	6.564171e-06
-1.680000e+00	-1.645000e+00	6.427938e-06
-1.645000e+00	-1.610000e+00	6.377087e-06
-1.610000e+00	-1.575000e+00	6.317292e-06
-1.575000e+00	-1.540000e+00	6.310765e-06
-1.540000e+00	-1.505000e+00	6.308359e-06
-1.505000e+00	-1.470000e+00	6.238944e-06
-1.470000e+00	-1.435000e+00	6.047749e-06
-1.435000e+00	-1.400000e+00	6.061705e-06
-1.400000e+00	-1.365000e+00	6.058677e-06
-1.365000e+00	-1.330000e+00	5.910639e-06
-1.330000e+00	-1.295000e+00	5.955760e-06
-1.295000e+00	-1.260000e+00	5.819644e-06
-1.260000e+00	-1.225000e+00	5.814582e-06
-1.225000e+00	-1.190000e+00	5.681517e-06
-1.190000e+00	-1.155000e+00	5.660590e-06
-1.155000e+00	-1.120000e+00	5.663503e-06
-1.120000e+00	-1.085000e+00	5.619804e-06
-1.085000e+00	-1.050000e+00	5.606582e-06
-1.050000e+00	-1.015000e+00	5.573792e-06
-1.015000e+00	-9.800000e-01	5.404921e-06
-9.800000e-01	-9.450000e-01	5.442561e-06
-9.450000e-01	-9.100000e-01	5.418007e-06
-9.100000e-01	-8.750000e-01	5.289217e-06
-8.750000e-01	-8.400000e-01	5.272746e-06
-8.400000e-01	-8.050000e-01	5.211899e-06
-8.050000e-01	-7.700000e-01	5.249731e-06
-7.700000e-01	-7.350000e-01	5.154463e-06
-7.350000e-01	-7.000000e-01	5.107821e-06
-7.000000e-01	-6.650000e-01	5.087094e-06
-6.650000e-01	-6.300000e-01	5.039295e-06
-6.300000e-01	-5.950000e-01	4.934485e-06
-5.950000e-01	-5.600000e-01	4.976405e-06
-5.600000e-01	-5.250000e-01	4.878837e-06
-5.250000e-01	-4.900000e-01	4.821718e-06
-4.900000e-01	-4.550000e-01	4.823759e-06
-4.550000e-01	-4.200000e-01	4.801530e-06
-4.200000e-01	-3.850000e-01	4.754139e-06
-3.850000e-01	-3.500000e-01	4.729458e-06
-3.500000e-01	-3.150000e-01	4.693158e-06
-3.150000e-01	-2.800000e-01	4.700560e-06
-2.800000e-01	-2.450000e-01	4.643525e-06
-2.450000e-01	-2.100000e-01	4.582219e-06
-2.100000e-01	-1.750000e-01	4.539683e-06
-1.750000e-01	-1.400000e-01	4.485349e-06
-1.400000e-01	-1.050000e-01	4.435138e-06
-1.050000e-01	-7.000000e-02	4.397499e-06
-7.000000e-02	-3.500000e-02	4.279500e-06
-3.500000e-02	1.776357e-15	4.123333e-06
