# FLUKA USRBIN Z-projection  detector: EdepSlab
# Score type: 208  ncase: 150000
# Geometry: X=[-100.0,100.0] nx=50  Y=[-100.0,100.0] ny=50  Z=[-50.0,0.0] nz=300
# Columns: z_low[cm]  z_high[cm]  sum_XY(value*dx*dy)
# Units: EdepSlab→GeV/cm/primary  NeutSlab→cm/primary/cm_depth
-5.000000e+01	-4.983333e+01	9.581771e-04
-4.983333e+01	-4.966667e+01	1.141033e-03
-4.966667e+01	-4.950000e+01	1.269263e-03
-4.950000e+01	-4.933333e+01	1.325729e-03
-4.933333e+01	-4.916667e+01	1.358521e-03
-4.916667e+01	-4.900000e+01	1.382451e-03
-4.900000e+01	-4.883333e+01	1.459889e-03
-4.883333e+01	-4.866667e+01	1.492769e-03
-4.866667e+01	-4.850000e+01	1.555566e-03
-4.850000e+01	-4.833333e+01	1.549426e-03
-4.833333e+01	-4.816667e+01	1.594596e-03
-4.816667e+01	-4.800000e+01	1.583911e-03
-4.800000e+01	-4.783333e+01	1.611945e-03
-4.783333e+01	-4.766667e+01	1.632836e-03
-4.766667e+01	-4.750000e+01	1.654386e-03
-4.750000e+01	-4.733333e+01	1.658113e-03
-4.733333e+01	-4.716667e+01	1.663317e-03
-4.716667e+01	-4.700000e+01	1.688435e-03
-4.700000e+01	-4.683333e+01	1.672050e-03
-4.683333e+01	-4.666667e+01	1.665464e-03
-4.666667e+01	-4.650000e+01	1.696585e-03
-4.650000e+01	-4.633333e+01	1.715734e-03
-4.633333e+01	-4.616667e+01	1.699335e-03
-4.616667e+01	-4.600000e+01	1.703841e-03
-4.600000e+01	-4.583333e+01	1.684069e-03
-4.583333e+01	-4.566667e+01	1.691015e-03
-4.566667e+01	-4.550000e+01	1.673102e-03
-4.550000e+01	-4.533333e+01	1.679240e-03
-4.533333e+01	-4.516667e+01	1.686799e-03
-4.516667e+01	-4.500000e+01	1.697171e-03
-4.500000e+01	-4.483333e+01	1.694868e-03
-4.483333e+01	-4.466667e+01	1.696692e-03
-4.466667e+01	-4.450000e+01	1.675722e-03
-4.450000e+01	-4.433333e+01	1.670611e-03
-4.433333e+01	-4.416667e+01	1.656704e-03
-4.416667e+01	-4.400000e+01	1.654301e-03
-4.400000e+01	-4.383333e+01	1.655292e-03
-4.383333e+01	-4.366667e+01	1.631758e-03
-4.366667e+01	-4.350000e+01	1.612178e-03
-4.350000e+01	-4.333333e+01	1.624841e-03
-4.333333e+01	-4.316667e+01	1.623927e-03
-4.316667e+01	-4.300000e+01	1.616113e-03
-4.300000e+01	-4.283333e+01	1.629417e-03
-4.283333e+01	-4.266667e+01	1.608701e-03
-4.266667e+01	-4.250000e+01	1.610999e-03
-4.250000e+01	-4.233333e+01	1.577052e-03
-4.233333e+01	-4.216667e+01	1.569050e-03
-4.216667e+01	-4.200000e+01	1.556612e-03
-4.200000e+01	-4.183333e+01	1.528625e-03
-4.183333e+01	-4.166667e+01	1.532912e-03
-4.166667e+01	-4.150000e+01	1.531913e-03
-4.150000e+01	-4.133333e+01	1.507746e-03
-4.133333e+01	-4.116667e+01	1.503142e-03
-4.116667e+01	-4.100000e+01	1.489273e-03
-4.100000e+01	-4.083333e+01	1.483018e-03
-4.083333e+01	-4.066667e+01	1.471004e-03
-4.066667e+01	-4.050000e+01	1.459283e-03
-4.050000e+01	-4.033333e+01	1.448064e-03
-4.033333e+01	-4.016667e+01	1.449091e-03
-4.016667e+01	-4.000000e+01	1.440318e-03
-4.000000e+01	-3.983333e+01	1.413455e-03
-3.983333e+01	-3.966667e+01	1.421332e-03
-3.966667e+01	-3.950000e+01	1.413239e-03
-3.950000e+01	-3.933333e+01	1.391296e-03
-3.933333e+01	-3.916667e+01	1.356540e-03
-3.916667e+01	-3.900000e+01	1.367520e-03
-3.900000e+01	-3.883333e+01	1.337403e-03
-3.883333e+01	-3.866667e+01	1.350101e-03
-3.866667e+01	-3.850000e+01	1.330675e-03
-3.850000e+01	-3.833333e+01	1.320491e-03
-3.833333e+01	-3.816667e+01	1.291244e-03
-3.816667e+01	-3.800000e+01	1.297805e-03
-3.800000e+01	-3.783333e+01	1.280414e-03
-3.783333e+01	-3.766667e+01	1.258061e-03
-3.766667e+01	-3.750000e+01	1.223315e-03
-3.750000e+01	-3.733333e+01	1.229434e-03
-3.733333e+01	-3.716667e+01	1.209800e-03
-3.716667e+01	-3.700000e+01	1.191222e-03
-3.700000e+01	-3.683333e+01	1.198748e-03
-3.683333e+01	-3.666667e+01	1.190396e-03
-3.666667e+01	-3.650000e+01	1.173149e-03
-3.650000e+01	-3.633333e+01	1.153241e-03
-3.633333e+01	-3.616667e+01	1.137397e-03
-3.616667e+01	-3.600000e+01	1.137623e-03
-3.600000e+01	-3.583333e+01	1.109874e-03
-3.583333e+01	-3.566667e+01	1.106251e-03
-3.566667e+01	-3.550000e+01	1.093397e-03
-3.550000e+01	-3.533333e+01	1.092264e-03
-3.533333e+01	-3.516667e+01	1.063566e-03
-3.516667e+01	-3.500000e+01	1.062197e-03
-3.500000e+01	-3.483333e+01	1.043237e-03
-3.483333e+01	-3.466667e+01	1.031166e-03
-3.466667e+01	-3.450000e+01	1.012994e-03
-3.450000e+01	-3.433333e+01	1.011898e-03
-3.433333e+01	-3.416667e+01	9.957880e-04
-3.416667e+01	-3.400000e+01	9.783789e-04
-3.400000e+01	-3.383333e+01	9.855207e-04
-3.383333e+01	-3.366667e+01	9.804708e-04
-3.366667e+01	-3.350000e+01	9.440195e-04
-3.350000e+01	-3.333333e+01	9.534216e-04
-3.333333e+01	-3.316667e+01	9.464271e-04
-3.316667e+01	-3.300000e+01	9.134386e-04
-3.300000e+01	-3.283333e+01	9.135894e-04
-3.283333e+01	-3.266667e+01	9.096885e-04
-3.266667e+01	-3.250000e+01	8.920936e-04
-3.250000e+01	-3.233333e+01	8.692311e-04
-3.233333e+01	-3.216667e+01	8.682932e-04
-3.216667e+01	-3.200000e+01	8.549435e-04
-3.200000e+01	-3.183333e+01	8.515439e-04
-3.183333e+01	-3.166667e+01	8.246722e-04
-3.166667e+01	-3.150000e+01	8.318085e-04
-3.150000e+01	-3.133333e+01	8.161129e-04
-3.133333e+01	-3.116667e+01	8.101505e-04
-3.116667e+01	-3.100000e+01	8.104643e-04
-3.100000e+01	-3.083333e+01	7.837422e-04
-3.083333e+01	-3.066667e+01	7.770432e-04
-3.066667e+01	-3.050000e+01	7.527081e-04
-3.050000e+01	-3.033333e+01	7.509550e-04
-3.033333e+01	-3.016667e+01	7.420302e-04
-3.016667e+01	-3.000000e+01	7.382048e-04
-3.000000e+01	-2.983333e+01	7.018561e-04
-2.983333e+01	-2.966667e+01	7.133390e-04
-2.966667e+01	-2.950000e+01	7.075132e-04
-2.950000e+01	-2.933333e+01	6.954974e-04
-2.933333e+01	-2.916667e+01	6.919623e-04
-2.916667e+01	-2.900000e+01	6.795547e-04
-2.900000e+01	-2.883333e+01	6.814807e-04
-2.883333e+01	-2.866667e+01	6.577652e-04
-2.866667e+01	-2.850000e+01	6.505377e-04
-2.850000e+01	-2.833333e+01	6.398298e-04
-2.833333e+01	-2.816667e+01	6.381727e-04
-2.816667e+01	-2.800000e+01	6.219218e-04
-2.800000e+01	-2.783333e+01	6.123161e-04
-2.783333e+01	-2.766667e+01	6.073232e-04
-2.766667e+01	-2.750000e+01	6.004130e-04
-2.750000e+01	-2.733333e+01	5.874130e-04
-2.733333e+01	-2.716667e+01	5.869023e-04
-2.716667e+01	-2.700000e+01	5.801531e-04
-2.700000e+01	-2.683333e+01	5.644358e-04
-2.683333e+01	-2.666667e+01	5.668055e-04
-2.666667e+01	-2.650000e+01	5.532220e-04
-2.650000e+01	-2.633333e+01	5.386199e-04
-2.633333e+01	-2.616667e+01	5.368686e-04
-2.616667e+01	-2.600000e+01	5.278907e-04
-2.600000e+01	-2.583333e+01	5.229439e-04
-2.583333e+01	-2.566667e+01	5.079994e-04
-2.566667e+01	-2.550000e+01	5.036250e-04
-2.550000e+01	-2.533333e+01	4.990584e-04
-2.533333e+01	-2.516667e+01	4.909995e-04
-2.516667e+01	-2.500000e+01	4.763223e-04
-2.500000e+01	-2.483333e+01	4.781470e-04
-2.483333e+01	-2.466667e+01	4.638230e-04
-2.466667e+01	-2.450000e+01	4.657445e-04
-2.450000e+01	-2.433333e+01	4.558471e-04
-2.433333e+01	-2.416667e+01	4.492890e-04
-2.416667e+01	-2.400000e+01	4.443486e-04
-2.400000e+01	-2.383333e+01	4.280388e-04
-2.383333e+01	-2.366667e+01	4.248448e-04
-2.366667e+01	-2.350000e+01	4.278418e-04
-2.350000e+01	-2.333333e+01	4.162372e-04
-2.333333e+01	-2.316667e+01	4.100060e-04
-2.316667e+01	-2.300000e+01	3.984690e-04
-2.300000e+01	-2.283333e+01	4.026895e-04
-2.283333e+01	-2.266667e+01	3.975419e-04
-2.266667e+01	-2.250000e+01	3.860702e-04
-2.250000e+01	-2.233333e+01	3.724690e-04
-2.233333e+01	-2.216667e+01	3.606472e-04
-2.216667e+01	-2.200000e+01	3.627299e-04
-2.200000e+01	-2.183333e+01	3.545968e-04
-2.183333e+01	-2.166667e+01	3.485823e-04
-2.166667e+01	-2.150000e+01	3.360342e-04
-2.150000e+01	-2.133333e+01	3.364886e-04
-2.133333e+01	-2.116667e+01	3.206506e-04
-2.116667e+01	-2.100000e+01	3.231446e-04
-2.100000e+01	-2.083333e+01	3.264084e-04
-2.083333e+01	-2.066667e+01	3.166064e-04
-2.066667e+01	-2.050000e+01	3.146210e-04
-2.050000e+01	-2.033333e+01	3.130714e-04
-2.033333e+01	-2.016667e+01	3.130393e-04
-2.016667e+01	-2.000000e+01	3.087863e-04
-2.000000e+01	-1.983333e+01	2.923922e-04
-1.983333e+01	-1.966667e+01	2.891339e-04
-1.966667e+01	-1.950000e+01	2.773293e-04
-1.950000e+01	-1.933333e+01	2.744243e-04
-1.933333e+01	-1.916667e+01	2.680367e-04
-1.916667e+01	-1.900000e+01	2.626512e-04
-1.900000e+01	-1.883333e+01	2.697297e-04
-1.883333e+01	-1.866667e+01	2.649152e-04
-1.866667e+01	-1.850000e+01	2.598932e-04
-1.850000e+01	-1.833333e+01	2.495697e-04
-1.833333e+01	-1.816667e+01	2.452862e-04
-1.816667e+01	-1.800000e+01	2.457383e-04
-1.800000e+01	-1.783333e+01	2.457077e-04
-1.783333e+01	-1.766667e+01	2.397959e-04
-1.766667e+01	-1.750000e+01	2.315692e-04
-1.750000e+01	-1.733333e+01	2.348914e-04
-1.733333e+01	-1.716667e+01	2.310897e-04
-1.716667e+01	-1.700000e+01	2.208761e-04
-1.700000e+01	-1.683333e+01	2.182185e-04
-1.683333e+01	-1.666667e+01	2.101817e-04
-1.666667e+01	-1.650000e+01	2.084027e-04
-1.650000e+01	-1.633333e+01	2.103771e-04
-1.633333e+01	-1.616667e+01	2.061425e-04
-1.616667e+01	-1.600000e+01	2.009105e-04
-1.600000e+01	-1.583333e+01	2.067656e-04
-1.583333e+01	-1.566667e+01	1.934903e-04
-1.566667e+01	-1.550000e+01	1.946920e-04
-1.550000e+01	-1.533333e+01	1.837534e-04
-1.533333e+01	-1.516667e+01	1.815580e-04
-1.516667e+01	-1.500000e+01	1.779375e-04
-1.500000e+01	-1.483333e+01	1.720915e-04
-1.483333e+01	-1.466667e+01	1.731406e-04
-1.466667e+01	-1.450000e+01	1.712004e-04
-1.450000e+01	-1.433333e+01	1.643046e-04
-1.433333e+01	-1.416667e+01	1.634052e-04
-1.416667e+01	-1.400000e+01	1.600165e-04
-1.400000e+01	-1.383333e+01	1.568558e-04
-1.383333e+01	-1.366667e+01	1.503670e-04
-1.366667e+01	-1.350000e+01	1.512804e-04
-1.350000e+01	-1.333333e+01	1.480094e-04
-1.333333e+01	-1.316667e+01	1.448145e-04
-1.316667e+01	-1.300000e+01	1.431285e-04
-1.300000e+01	-1.283333e+01	1.405377e-04
-1.283333e+01	-1.266667e+01	1.354573e-04
-1.266667e+01	-1.250000e+01	1.346417e-04
-1.250000e+01	-1.233333e+01	1.350960e-04
-1.233333e+01	-1.216667e+01	1.336063e-04
-1.216667e+01	-1.200000e+01	1.327819e-04
-1.200000e+01	-1.183333e+01	1.267450e-04
-1.183333e+01	-1.166667e+01	1.214706e-04
-1.166667e+01	-1.150000e+01	1.175449e-04
-1.150000e+01	-1.133333e+01	1.143238e-04
-1.133333e+01	-1.116667e+01	1.122067e-04
-1.116667e+01	-1.100000e+01	1.141368e-04
-1.100000e+01	-1.083333e+01	1.083615e-04
-1.083333e+01	-1.066667e+01	1.068435e-04
-1.066667e+01	-1.050000e+01	1.040436e-04
-1.050000e+01	-1.033333e+01	1.030661e-04
-1.033333e+01	-1.016667e+01	1.021533e-04
-1.016667e+01	-1.000000e+01	9.811518e-05
-1.000000e+01	-9.833333e+00	1.023426e-04
-9.833333e+00	-9.666667e+00	9.848866e-05
-9.666667e+00	-9.500000e+00	9.327986e-05
-9.500000e+00	-9.333333e+00	9.018353e-05
-9.333333e+00	-9.166667e+00	8.702616e-05
-9.166667e+00	-9.000000e+00	8.357492e-05
-9.000000e+00	-8.833333e+00	8.165029e-05
-8.833333e+00	-8.666667e+00	8.243906e-05
-8.666667e+00	-8.500000e+00	8.054961e-05
-8.500000e+00	-8.333333e+00	8.049520e-05
-8.333333e+00	-8.166667e+00	7.624859e-05
-8.166667e+00	-8.000000e+00	7.784605e-05
-8.000000e+00	-7.833333e+00	7.896354e-05
-7.833333e+00	-7.666667e+00	7.720592e-05
-7.666667e+00	-7.500000e+00	7.150686e-05
-7.500000e+00	-7.333333e+00	6.857223e-05
-7.333333e+00	-7.166667e+00	6.343218e-05
-7.166667e+00	-7.000000e+00	6.374693e-05
-7.000000e+00	-6.833333e+00	6.393824e-05
-6.833333e+00	-6.666667e+00	6.467360e-05
-6.666667e+00	-6.500000e+00	5.895578e-05
-6.500000e+00	-6.333333e+00	5.673139e-05
-6.333333e+00	-6.166667e+00	6.068836e-05
-6.166667e+00	-6.000000e+00	5.709666e-05
-6.000000e+00	-5.833333e+00	5.435199e-05
-5.833333e+00	-5.666667e+00	5.080952e-05
-5.666667e+00	-5.500000e+00	5.369590e-05
-5.500000e+00	-5.333333e+00	5.240572e-05
-5.333333e+00	-5.166667e+00	4.942474e-05
-5.166667e+00	-5.000000e+00	4.777069e-05
-5.000000e+00	-4.833333e+00	4.496227e-05
-4.833333e+00	-4.666667e+00	4.440882e-05
-4.666667e+00	-4.500000e+00	4.399203e-05
-4.500000e+00	-4.333333e+00	4.030631e-05
-4.333333e+00	-4.166667e+00	3.921215e-05
-4.166667e+00	-4.000000e+00	4.087471e-05
-4.000000e+00	-3.833333e+00	4.150192e-05
-3.833333e+00	-3.666667e+00	4.020731e-05
-3.666667e+00	-3.500000e+00	3.744558e-05
-3.500000e+00	-3.333333e+00	3.390896e-05
-3.333333e+00	-3.166667e+00	3.182262e-05
-3.166667e+00	-3.000000e+00	3.633426e-05
-3.000000e+00	-2.833333e+00	3.105260e-05
-2.833333e+00	-2.666667e+00	3.218945e-05
-2.666667e+00	-2.500000e+00	2.803287e-05
-2.500000e+00	-2.333333e+00	2.664989e-05
-2.333333e+00	-2.166667e+00	2.651874e-05
-2.166667e+00	-2.000000e+00	2.618636e-05
-2.000000e+00	-1.833333e+00	2.090931e-05
-1.833333e+00	-1.666667e+00	2.045586e-05
-1.666667e+00	-1.500000e+00	1.957347e-05
-1.500000e+00	-1.333333e+00	1.914542e-05
-1.333333e+00	-1.166667e+00	1.622954e-05
-1.166667e+00	-1.000000e+00	1.768508e-05
-1.000000e+00	-8.333333e-01	1.526480e-05
-8.333333e-01	-6.666667e-01	1.431886e-05
-6.666667e-01	-5.000000e-01	1.247044e-05
-5.000000e-01	-3.333333e-01	1.307837e-05
-3.333333e-01	-1.666667e-01	8.934901e-06
-1.666667e-01	0.000000e+00	7.876533e-06
