# FLUKA USRBIN Z-projection  detector: EdepSlab
# Score type: 208  ncase: 2500000
# Geometry: X=[-100.0,100.0] nx=50  Y=[-100.0,100.0] ny=50  Z=[-10.5,0.0] nz=300
# Columns: z_low[cm]  z_high[cm]  sum_XY(value*dx*dy)
# Units: EdepSlab→GeV/cm/primary  NeutSlab→cm/primary/cm_depth
-1.050000e+01	-1.046500e+01	1.940646e-04
-1.046500e+01	-1.043000e+01	2.301297e-04
-1.043000e+01	-1.039500e+01	2.379554e-04
-1.039500e+01	-1.036000e+01	2.562005e-04
-1.036000e+01	-1.032500e+01	2.680723e-04
-1.032500e+01	-1.029000e+01	2.828403e-04
-1.029000e+01	-1.025500e+01	2.845683e-04
-1.025500e+01	-1.022000e+01	2.977172e-04
-1.022000e+01	-1.018500e+01	3.058933e-04
-1.018500e+01	-1.015000e+01	3.075328e-04
-1.015000e+01	-1.011500e+01	3.178392e-04
-1.011500e+01	-1.008000e+01	3.310409e-04
-1.008000e+01	-1.004500e+01	3.398338e-04
-1.004500e+01	-1.001000e+01	3.419689e-04
-1.001000e+01	-9.975000e+00	3.477910e-04
-9.975000e+00	-9.940000e+00	3.607064e-04
-9.940000e+00	-9.905000e+00	3.582683e-04
-9.905000e+00	-9.870000e+00	3.548580e-04
-9.870000e+00	-9.835000e+00	3.710538e-04
-9.835000e+00	-9.800000e+00	3.697731e-04
-9.800000e+00	-9.765000e+00	3.792215e-04
-9.765000e+00	-9.730000e+00	3.795161e-04
-9.730000e+00	-9.695000e+00	3.940493e-04
-9.695000e+00	-9.660000e+00	4.048684e-04
-9.660000e+00	-9.625000e+00	4.128928e-04
-9.625000e+00	-9.590000e+00	4.135370e-04
-9.590000e+00	-9.555000e+00	4.142488e-04
-9.555000e+00	-9.520000e+00	4.190492e-04
-9.520000e+00	-9.485000e+00	4.096702e-04
-9.485000e+00	-9.450000e+00	4.168789e-04
-9.450000e+00	-9.415000e+00	4.254786e-04
-9.415000e+00	-9.380000e+00	4.273651e-04
-9.380000e+00	-9.345000e+00	4.450808e-04
-9.345000e+00	-9.310000e+00	4.504726e-04
-9.310000e+00	-9.275000e+00	4.532263e-04
-9.275000e+00	-9.240000e+00	4.420459e-04
-9.240000e+00	-9.205000e+00	4.450969e-04
-9.205000e+00	-9.170000e+00	4.519560e-04
-9.170000e+00	-9.135000e+00	4.674740e-04
-9.135000e+00	-9.100000e+00	4.635059e-04
-9.100000e+00	-9.065000e+00	4.674757e-04
-9.065000e+00	-9.030000e+00	4.657582e-04
-9.030000e+00	-8.995000e+00	4.676491e-04
-8.995000e+00	-8.960000e+00	4.822265e-04
-8.960000e+00	-8.925000e+00	4.833698e-04
-8.925000e+00	-8.890000e+00	4.880135e-04
-8.890000e+00	-8.855000e+00	5.004234e-04
-8.855000e+00	-8.820000e+00	4.981633e-04
-8.820000e+00	-8.785000e+00	5.033709e-04
-8.785000e+00	-8.750000e+00	5.005387e-04
-8.750000e+00	-8.715000e+00	5.213007e-04
-8.715000e+00	-8.680000e+00	5.151099e-04
-8.680000e+00	-8.645000e+00	5.137915e-04
-8.645000e+00	-8.610000e+00	5.267605e-04
-8.610000e+00	-8.575000e+00	5.170673e-04
-8.575000e+00	-8.540000e+00	5.250414e-04
-8.540000e+00	-8.505000e+00	5.321032e-04
-8.505000e+00	-8.470000e+00	5.295607e-04
-8.470000e+00	-8.435000e+00	5.447719e-04
-8.435000e+00	-8.400000e+00	5.509711e-04
-8.400000e+00	-8.365000e+00	5.570675e-04
-8.365000e+00	-8.330000e+00	5.548719e-04
-8.330000e+00	-8.295000e+00	5.470895e-04
-8.295000e+00	-8.260000e+00	5.558395e-04
-8.260000e+00	-8.225000e+00	5.554981e-04
-8.225000e+00	-8.190000e+00	5.518497e-04
-8.190000e+00	-8.155000e+00	5.601847e-04
-8.155000e+00	-8.120000e+00	5.529219e-04
-8.120000e+00	-8.085000e+00	5.730340e-04
-8.085000e+00	-8.050000e+00	5.808746e-04
-8.050000e+00	-8.015000e+00	5.860059e-04
-8.015000e+00	-7.980000e+00	5.848113e-04
-7.980000e+00	-7.945000e+00	5.850104e-04
-7.945000e+00	-7.910000e+00	5.794754e-04
-7.910000e+00	-7.875000e+00	5.950388e-04
-7.875000e+00	-7.840000e+00	5.961147e-04
-7.840000e+00	-7.805000e+00	6.015863e-04
-7.805000e+00	-7.770000e+00	5.965387e-04
-7.770000e+00	-7.735000e+00	5.974988e-04
-7.735000e+00	-7.700000e+00	6.145929e-04
-7.700000e+00	-7.665000e+00	6.142331e-04
-7.665000e+00	-7.630000e+00	6.118153e-04
-7.630000e+00	-7.595000e+00	6.142933e-04
-7.595000e+00	-7.560000e+00	6.063959e-04
-7.560000e+00	-7.525000e+00	6.236367e-04
-7.525000e+00	-7.490000e+00	6.134499e-04
-7.490000e+00	-7.455000e+00	6.236530e-04
-7.455000e+00	-7.420000e+00	6.319028e-04
-7.420000e+00	-7.385000e+00	6.305110e-04
-7.385000e+00	-7.350000e+00	6.312001e-04
-7.350000e+00	-7.315000e+00	6.339101e-04
-7.315000e+00	-7.280000e+00	6.400030e-04
-7.280000e+00	-7.245000e+00	6.433689e-04
-7.245000e+00	-7.210000e+00	6.539787e-04
-7.210000e+00	-7.175000e+00	6.475379e-04
-7.175000e+00	-7.140000e+00	6.587425e-04
-7.140000e+00	-7.105000e+00	6.549279e-04
-7.105000e+00	-7.070000e+00	6.651179e-04
-7.070000e+00	-7.035000e+00	6.591192e-04
-7.035000e+00	-7.000000e+00	6.705231e-04
-7.000000e+00	-6.965000e+00	6.598408e-04
-6.965000e+00	-6.930000e+00	6.618517e-04
-6.930000e+00	-6.895000e+00	6.773655e-04
-6.895000e+00	-6.860000e+00	6.797897e-04
-6.860000e+00	-6.825000e+00	6.866056e-04
-6.825000e+00	-6.790000e+00	6.784226e-04
-6.790000e+00	-6.755000e+00	6.829307e-04
-6.755000e+00	-6.720000e+00	6.770273e-04
-6.720000e+00	-6.685000e+00	6.863326e-04
-6.685000e+00	-6.650000e+00	6.966450e-04
-6.650000e+00	-6.615000e+00	6.969557e-04
-6.615000e+00	-6.580000e+00	6.945467e-04
-6.580000e+00	-6.545000e+00	6.971878e-04
-6.545000e+00	-6.510000e+00	7.159982e-04
-6.510000e+00	-6.475000e+00	7.128836e-04
-6.475000e+00	-6.440000e+00	7.083896e-04
-6.440000e+00	-6.405000e+00	7.068458e-04
-6.405000e+00	-6.370000e+00	7.043378e-04
-6.370000e+00	-6.335000e+00	7.114525e-04
-6.335000e+00	-6.300000e+00	7.109727e-04
-6.300000e+00	-6.265000e+00	7.223527e-04
-6.265000e+00	-6.230000e+00	7.284743e-04
-6.230000e+00	-6.195000e+00	7.347823e-04
-6.195000e+00	-6.160000e+00	7.286506e-04
-6.160000e+00	-6.125000e+00	7.374838e-04
-6.125000e+00	-6.090000e+00	7.386474e-04
-6.090000e+00	-6.055000e+00	7.538634e-04
-6.055000e+00	-6.020000e+00	7.375199e-04
-6.020000e+00	-5.985000e+00	7.389283e-04
-5.985000e+00	-5.950000e+00	7.418632e-04
-5.950000e+00	-5.915000e+00	7.455724e-04
-5.915000e+00	-5.880000e+00	7.476157e-04
-5.880000e+00	-5.845000e+00	7.505356e-04
-5.845000e+00	-5.810000e+00	7.466299e-04
-5.810000e+00	-5.775000e+00	7.486204e-04
-5.775000e+00	-5.740000e+00	7.506233e-04
-5.740000e+00	-5.705000e+00	7.542417e-04
-5.705000e+00	-5.670000e+00	7.565618e-04
-5.670000e+00	-5.635000e+00	7.552031e-04
-5.635000e+00	-5.600000e+00	7.610865e-04
-5.600000e+00	-5.565000e+00	7.738039e-04
-5.565000e+00	-5.530000e+00	7.754562e-04
-5.530000e+00	-5.495000e+00	7.600533e-04
-5.495000e+00	-5.460000e+00	7.701075e-04
-5.460000e+00	-5.425000e+00	7.773208e-04
-5.425000e+00	-5.390000e+00	7.780354e-04
-5.390000e+00	-5.355000e+00	7.754965e-04
-5.355000e+00	-5.320000e+00	7.875780e-04
-5.320000e+00	-5.285000e+00	7.878164e-04
-5.285000e+00	-5.250000e+00	7.839603e-04
-5.250000e+00	-5.215000e+00	7.838537e-04
-5.215000e+00	-5.180000e+00	7.844822e-04
-5.180000e+00	-5.145000e+00	7.848436e-04
-5.145000e+00	-5.110000e+00	7.972867e-04
-5.110000e+00	-5.075000e+00	7.975801e-04
-5.075000e+00	-5.040000e+00	7.963806e-04
-5.040000e+00	-5.005000e+00	7.925216e-04
-5.005000e+00	-4.970000e+00	7.948424e-04
-4.970000e+00	-4.935000e+00	8.004113e-04
-4.935000e+00	-4.900000e+00	7.995926e-04
-4.900000e+00	-4.865000e+00	8.052269e-04
-4.865000e+00	-4.830000e+00	8.044207e-04
-4.830000e+00	-4.795000e+00	8.044529e-04
-4.795000e+00	-4.760000e+00	8.126818e-04
-4.760000e+00	-4.725000e+00	8.176612e-04
-4.725000e+00	-4.690000e+00	8.166874e-04
-4.690000e+00	-4.655000e+00	8.262937e-04
-4.655000e+00	-4.620000e+00	8.288266e-04
-4.620000e+00	-4.585000e+00	8.419260e-04
-4.585000e+00	-4.550000e+00	8.315390e-04
-4.550000e+00	-4.515000e+00	8.275034e-04
-4.515000e+00	-4.480000e+00	8.247080e-04
-4.480000e+00	-4.445000e+00	8.390446e-04
-4.445000e+00	-4.410000e+00	8.356642e-04
-4.410000e+00	-4.375000e+00	8.250987e-04
-4.375000e+00	-4.340000e+00	8.268195e-04
-4.340000e+00	-4.305000e+00	8.380524e-04
-4.305000e+00	-4.270000e+00	8.416327e-04
-4.270000e+00	-4.235000e+00	8.359042e-04
-4.235000e+00	-4.200000e+00	8.435448e-04
-4.200000e+00	-4.165000e+00	8.501863e-04
-4.165000e+00	-4.130000e+00	8.509490e-04
-4.130000e+00	-4.095000e+00	8.512388e-04
-4.095000e+00	-4.060000e+00	8.500000e-04
-4.060000e+00	-4.025000e+00	8.554697e-04
-4.025000e+00	-3.990000e+00	8.491057e-04
-3.990000e+00	-3.955000e+00	8.542713e-04
-3.955000e+00	-3.920000e+00	8.565034e-04
-3.920000e+00	-3.885000e+00	8.564434e-04
-3.885000e+00	-3.850000e+00	8.692140e-04
-3.850000e+00	-3.815000e+00	8.767745e-04
-3.815000e+00	-3.780000e+00	8.936193e-04
-3.780000e+00	-3.745000e+00	8.707468e-04
-3.745000e+00	-3.710000e+00	8.743810e-04
-3.710000e+00	-3.675000e+00	8.713928e-04
-3.675000e+00	-3.640000e+00	8.731532e-04
-3.640000e+00	-3.605000e+00	8.722449e-04
-3.605000e+00	-3.570000e+00	8.640267e-04
-3.570000e+00	-3.535000e+00	8.732157e-04
-3.535000e+00	-3.500000e+00	8.782673e-04
-3.500000e+00	-3.465000e+00	8.763160e-04
-3.465000e+00	-3.430000e+00	8.811172e-04
-3.430000e+00	-3.395000e+00	8.916203e-04
-3.395000e+00	-3.360000e+00	8.895041e-04
-3.360000e+00	-3.325000e+00	8.975422e-04
-3.325000e+00	-3.290000e+00	8.944687e-04
-3.290000e+00	-3.255000e+00	8.891441e-04
-3.255000e+00	-3.220000e+00	8.878129e-04
-3.220000e+00	-3.185000e+00	8.899283e-04
-3.185000e+00	-3.150000e+00	8.906867e-04
-3.150000e+00	-3.115000e+00	9.030654e-04
-3.115000e+00	-3.080000e+00	9.021923e-04
-3.080000e+00	-3.045000e+00	8.996846e-04
-3.045000e+00	-3.010000e+00	9.055471e-04
-3.010000e+00	-2.975000e+00	9.097345e-04
-2.975000e+00	-2.940000e+00	9.014108e-04
-2.940000e+00	-2.905000e+00	9.102705e-04
-2.905000e+00	-2.870000e+00	9.253530e-04
-2.870000e+00	-2.835000e+00	9.352084e-04
-2.835000e+00	-2.800000e+00	9.122491e-04
-2.800000e+00	-2.765000e+00	9.193277e-04
-2.765000e+00	-2.730000e+00	9.238644e-04
-2.730000e+00	-2.695000e+00	9.099526e-04
-2.695000e+00	-2.660000e+00	9.197287e-04
-2.660000e+00	-2.625000e+00	9.186189e-04
-2.625000e+00	-2.590000e+00	9.139102e-04
-2.590000e+00	-2.555000e+00	9.251711e-04
-2.555000e+00	-2.520000e+00	9.277792e-04
-2.520000e+00	-2.485000e+00	9.225946e-04
-2.485000e+00	-2.450000e+00	9.252657e-04
-2.450000e+00	-2.415000e+00	9.205185e-04
-2.415000e+00	-2.380000e+00	9.285291e-04
-2.380000e+00	-2.345000e+00	9.352595e-04
-2.345000e+00	-2.310000e+00	9.370910e-04
-2.310000e+00	-2.275000e+00	9.440521e-04
-2.275000e+00	-2.240000e+00	9.423335e-04
-2.240000e+00	-2.205000e+00	9.460234e-04
-2.205000e+00	-2.170000e+00	9.530655e-04
-2.170000e+00	-2.135000e+00	9.493703e-04
-2.135000e+00	-2.100000e+00	9.568144e-04
-2.100000e+00	-2.065000e+00	9.567459e-04
-2.065000e+00	-2.030000e+00	9.488543e-04
-2.030000e+00	-1.995000e+00	9.596376e-04
-1.995000e+00	-1.960000e+00	9.533068e-04
-1.960000e+00	-1.925000e+00	9.511758e-04
-1.925000e+00	-1.890000e+00	9.454390e-04
-1.890000e+00	-1.855000e+00	9.467424e-04
-1.855000e+00	-1.820000e+00	9.527524e-04
-1.820000e+00	-1.785000e+00	9.544971e-04
-1.785000e+00	-1.750000e+00	9.630795e-04
-1.750000e+00	-1.715000e+00	9.596181e-04
-1.715000e+00	-1.680000e+00	9.707516e-04
-1.680000e+00	-1.645000e+00	9.591913e-04
-1.645000e+00	-1.610000e+00	9.662161e-04
-1.610000e+00	-1.575000e+00	9.668330e-04
-1.575000e+00	-1.540000e+00	9.694977e-04
-1.540000e+00	-1.505000e+00	9.723843e-04
-1.505000e+00	-1.470000e+00	9.702570e-04
-1.470000e+00	-1.435000e+00	9.727806e-04
-1.435000e+00	-1.400000e+00	9.657324e-04
-1.400000e+00	-1.365000e+00	9.676733e-04
-1.365000e+00	-1.330000e+00	9.674954e-04
-1.330000e+00	-1.295000e+00	9.743468e-04
-1.295000e+00	-1.260000e+00	9.660518e-04
-1.260000e+00	-1.225000e+00	9.670020e-04
-1.225000e+00	-1.190000e+00	9.709529e-04
-1.190000e+00	-1.155000e+00	9.729165e-04
-1.155000e+00	-1.120000e+00	9.797906e-04
-1.120000e+00	-1.085000e+00	9.847463e-04
-1.085000e+00	-1.050000e+00	9.703580e-04
-1.050000e+00	-1.015000e+00	9.736288e-04
-1.015000e+00	-9.800000e-01	9.816376e-04
-9.800000e-01	-9.450000e-01	9.884983e-04
-9.450000e-01	-9.100000e-01	9.938388e-04
-9.100000e-01	-8.750000e-01	9.838202e-04
-8.750000e-01	-8.400000e-01	9.755295e-04
-8.400000e-01	-8.050000e-01	9.835577e-04
-8.050000e-01	-7.700000e-01	9.879305e-04
-7.700000e-01	-7.350000e-01	9.818398e-04
-7.350000e-01	-7.000000e-01	9.840664e-04
-7.000000e-01	-6.650000e-01	9.901394e-04
-6.650000e-01	-6.300000e-01	9.927058e-04
-6.300000e-01	-5.950000e-01	9.984563e-04
-5.950000e-01	-5.600000e-01	9.854888e-04
-5.600000e-01	-5.250000e-01	9.833215e-04
-5.250000e-01	-4.900000e-01	9.933184e-04
-4.900000e-01	-4.550000e-01	1.005142e-03
-4.550000e-01	-4.200000e-01	1.004315e-03
-4.200000e-01	-3.850000e-01	9.989257e-04
-3.850000e-01	-3.500000e-01	9.894135e-04
-3.500000e-01	-3.150000e-01	9.964562e-04
-3.150000e-01	-2.800000e-01	9.887135e-04
-2.800000e-01	-2.450000e-01	9.860673e-04
-2.450000e-01	-2.100000e-01	1.000400e-03
-2.100000e-01	-1.750000e-01	9.991771e-04
-1.750000e-01	-1.400000e-01	9.915086e-04
-1.400000e-01	-1.050000e-01	9.879284e-04
-1.050000e-01	-7.000000e-02	9.828525e-04
-7.000000e-02	-3.500000e-02	9.719584e-04
-3.500000e-02	1.776357e-15	9.547535e-04
