# FLUKA USRBIN Z-projection  detector: EdepSlab
# Score type: 208  ncase: 2500000
# Geometry: X=[-100.0,100.0] nx=50  Y=[-100.0,100.0] ny=50  Z=[-10.5,0.0] nz=300
# Columns: z_low[cm]  z_high[cm]  sum_XY(value*dx*dy)
# Units: EdepSlab→GeV/cm/primary  NeutSlab→cm/primary/cm_depth
-1.050000e+01	-1.046500e+01	3.346090e-04
-1.046500e+01	-1.043000e+01	5.634009e-04
-1.043000e+01	-1.039500e+01	6.852761e-04
-1.039500e+01	-1.036000e+01	7.209418e-04
-1.036000e+01	-1.032500e+01	7.265581e-04
-1.032500e+01	-1.029000e+01	7.273369e-04
-1.029000e+01	-1.025500e+01	7.402560e-04
-1.025500e+01	-1.022000e+01	7.289479e-04
-1.022000e+01	-1.018500e+01	7.359129e-04
-1.018500e+01	-1.015000e+01	7.347520e-04
-1.015000e+01	-1.011500e+01	7.434805e-04
-1.011500e+01	-1.008000e+01	7.453934e-04
-1.008000e+01	-1.004500e+01	7.394085e-04
-1.004500e+01	-1.001000e+01	7.368228e-04
-1.001000e+01	-9.975000e+00	7.461890e-04
-9.975000e+00	-9.940000e+00	7.497972e-04
-9.940000e+00	-9.905000e+00	7.426410e-04
-9.905000e+00	-9.870000e+00	7.456458e-04
-9.870000e+00	-9.835000e+00	7.472492e-04
-9.835000e+00	-9.800000e+00	7.498641e-04
-9.800000e+00	-9.765000e+00	7.534658e-04
-9.765000e+00	-9.730000e+00	7.493284e-04
-9.730000e+00	-9.695000e+00	7.566984e-04
-9.695000e+00	-9.660000e+00	7.536159e-04
-9.660000e+00	-9.625000e+00	7.616706e-04
-9.625000e+00	-9.590000e+00	7.533032e-04
-9.590000e+00	-9.555000e+00	7.554236e-04
-9.555000e+00	-9.520000e+00	7.604252e-04
-9.520000e+00	-9.485000e+00	7.689055e-04
-9.485000e+00	-9.450000e+00	7.641365e-04
-9.450000e+00	-9.415000e+00	7.670117e-04
-9.415000e+00	-9.380000e+00	7.685754e-04
-9.380000e+00	-9.345000e+00	7.665262e-04
-9.345000e+00	-9.310000e+00	7.736830e-04
-9.310000e+00	-9.275000e+00	7.722352e-04
-9.275000e+00	-9.240000e+00	7.683103e-04
-9.240000e+00	-9.205000e+00	7.778815e-04
-9.205000e+00	-9.170000e+00	7.646241e-04
-9.170000e+00	-9.135000e+00	7.709061e-04
-9.135000e+00	-9.100000e+00	7.737332e-04
-9.100000e+00	-9.065000e+00	7.707694e-04
-9.065000e+00	-9.030000e+00	7.709972e-04
-9.030000e+00	-8.995000e+00	7.743421e-04
-8.995000e+00	-8.960000e+00	7.738126e-04
-8.960000e+00	-8.925000e+00	7.760080e-04
-8.925000e+00	-8.890000e+00	7.798835e-04
-8.890000e+00	-8.855000e+00	7.752883e-04
-8.855000e+00	-8.820000e+00	7.736301e-04
-8.820000e+00	-8.785000e+00	7.720907e-04
-8.785000e+00	-8.750000e+00	7.730682e-04
-8.750000e+00	-8.715000e+00	7.797433e-04
-8.715000e+00	-8.680000e+00	7.678341e-04
-8.680000e+00	-8.645000e+00	7.627689e-04
-8.645000e+00	-8.610000e+00	7.736845e-04
-8.610000e+00	-8.575000e+00	7.674310e-04
-8.575000e+00	-8.540000e+00	7.730029e-04
-8.540000e+00	-8.505000e+00	7.870462e-04
-8.505000e+00	-8.470000e+00	7.754219e-04
-8.470000e+00	-8.435000e+00	7.775091e-04
-8.435000e+00	-8.400000e+00	7.694772e-04
-8.400000e+00	-8.365000e+00	7.850175e-04
-8.365000e+00	-8.330000e+00	7.799059e-04
-8.330000e+00	-8.295000e+00	7.676078e-04
-8.295000e+00	-8.260000e+00	7.732963e-04
-8.260000e+00	-8.225000e+00	7.662295e-04
-8.225000e+00	-8.190000e+00	7.740384e-04
-8.190000e+00	-8.155000e+00	7.679813e-04
-8.155000e+00	-8.120000e+00	7.705811e-04
-8.120000e+00	-8.085000e+00	7.580644e-04
-8.085000e+00	-8.050000e+00	7.689336e-04
-8.050000e+00	-8.015000e+00	7.694302e-04
-8.015000e+00	-7.980000e+00	7.718490e-04
-7.980000e+00	-7.945000e+00	7.684784e-04
-7.945000e+00	-7.910000e+00	7.639654e-04
-7.910000e+00	-7.875000e+00	7.587573e-04
-7.875000e+00	-7.840000e+00	7.644686e-04
-7.840000e+00	-7.805000e+00	7.551780e-04
-7.805000e+00	-7.770000e+00	7.632006e-04
-7.770000e+00	-7.735000e+00	7.646441e-04
-7.735000e+00	-7.700000e+00	7.666180e-04
-7.700000e+00	-7.665000e+00	7.530467e-04
-7.665000e+00	-7.630000e+00	7.547342e-04
-7.630000e+00	-7.595000e+00	7.598287e-04
-7.595000e+00	-7.560000e+00	7.619888e-04
-7.560000e+00	-7.525000e+00	7.564082e-04
-7.525000e+00	-7.490000e+00	7.586939e-04
-7.490000e+00	-7.455000e+00	7.583050e-04
-7.455000e+00	-7.420000e+00	7.644502e-04
-7.420000e+00	-7.385000e+00	7.640913e-04
-7.385000e+00	-7.350000e+00	7.656193e-04
-7.350000e+00	-7.315000e+00	7.673529e-04
-7.315000e+00	-7.280000e+00	7.606708e-04
-7.280000e+00	-7.245000e+00	7.553878e-04
-7.245000e+00	-7.210000e+00	7.613359e-04
-7.210000e+00	-7.175000e+00	7.531402e-04
-7.175000e+00	-7.140000e+00	7.532679e-04
-7.140000e+00	-7.105000e+00	7.587146e-04
-7.105000e+00	-7.070000e+00	7.517096e-04
-7.070000e+00	-7.035000e+00	7.582458e-04
-7.035000e+00	-7.000000e+00	7.519428e-04
-7.000000e+00	-6.965000e+00	7.483211e-04
-6.965000e+00	-6.930000e+00	7.511420e-04
-6.930000e+00	-6.895000e+00	7.534531e-04
-6.895000e+00	-6.860000e+00	7.523408e-04
-6.860000e+00	-6.825000e+00	7.447049e-04
-6.825000e+00	-6.790000e+00	7.308356e-04
-6.790000e+00	-6.755000e+00	7.484050e-04
-6.755000e+00	-6.720000e+00	7.400123e-04
-6.720000e+00	-6.685000e+00	7.398850e-04
-6.685000e+00	-6.650000e+00	7.426754e-04
-6.650000e+00	-6.615000e+00	7.415422e-04
-6.615000e+00	-6.580000e+00	7.374439e-04
-6.580000e+00	-6.545000e+00	7.364923e-04
-6.545000e+00	-6.510000e+00	7.383778e-04
-6.510000e+00	-6.475000e+00	7.376107e-04
-6.475000e+00	-6.440000e+00	7.362847e-04
-6.440000e+00	-6.405000e+00	7.335641e-04
-6.405000e+00	-6.370000e+00	7.311456e-04
-6.370000e+00	-6.335000e+00	7.312889e-04
-6.335000e+00	-6.300000e+00	7.249302e-04
-6.300000e+00	-6.265000e+00	7.336778e-04
-6.265000e+00	-6.230000e+00	7.268037e-04
-6.230000e+00	-6.195000e+00	7.257741e-04
-6.195000e+00	-6.160000e+00	7.226242e-04
-6.160000e+00	-6.125000e+00	7.277786e-04
-6.125000e+00	-6.090000e+00	7.172381e-04
-6.090000e+00	-6.055000e+00	7.193505e-04
-6.055000e+00	-6.020000e+00	7.187931e-04
-6.020000e+00	-5.985000e+00	7.166843e-04
-5.985000e+00	-5.950000e+00	7.172825e-04
-5.950000e+00	-5.915000e+00	7.113076e-04
-5.915000e+00	-5.880000e+00	7.124026e-04
-5.880000e+00	-5.845000e+00	7.091021e-04
-5.845000e+00	-5.810000e+00	7.079168e-04
-5.810000e+00	-5.775000e+00	7.138951e-04
-5.775000e+00	-5.740000e+00	7.122207e-04
-5.740000e+00	-5.705000e+00	7.196392e-04
-5.705000e+00	-5.670000e+00	7.045616e-04
-5.670000e+00	-5.635000e+00	7.048892e-04
-5.635000e+00	-5.600000e+00	7.000081e-04
-5.600000e+00	-5.565000e+00	6.883446e-04
-5.565000e+00	-5.530000e+00	7.027980e-04
-5.530000e+00	-5.495000e+00	6.981360e-04
-5.495000e+00	-5.460000e+00	6.972471e-04
-5.460000e+00	-5.425000e+00	6.988437e-04
-5.425000e+00	-5.390000e+00	6.987674e-04
-5.390000e+00	-5.355000e+00	6.868645e-04
-5.355000e+00	-5.320000e+00	6.872450e-04
-5.320000e+00	-5.285000e+00	6.884739e-04
-5.285000e+00	-5.250000e+00	6.878535e-04
-5.250000e+00	-5.215000e+00	6.853694e-04
-5.215000e+00	-5.180000e+00	6.825831e-04
-5.180000e+00	-5.145000e+00	6.897770e-04
-5.145000e+00	-5.110000e+00	6.793722e-04
-5.110000e+00	-5.075000e+00	6.829686e-04
-5.075000e+00	-5.040000e+00	6.786009e-04
-5.040000e+00	-5.005000e+00	6.703159e-04
-5.005000e+00	-4.970000e+00	6.775322e-04
-4.970000e+00	-4.935000e+00	6.748964e-04
-4.935000e+00	-4.900000e+00	6.791892e-04
-4.900000e+00	-4.865000e+00	6.744317e-04
-4.865000e+00	-4.830000e+00	6.754851e-04
-4.830000e+00	-4.795000e+00	6.751465e-04
-4.795000e+00	-4.760000e+00	6.746032e-04
-4.760000e+00	-4.725000e+00	6.698200e-04
-4.725000e+00	-4.690000e+00	6.696000e-04
-4.690000e+00	-4.655000e+00	6.606279e-04
-4.655000e+00	-4.620000e+00	6.635890e-04
-4.620000e+00	-4.585000e+00	6.622629e-04
-4.585000e+00	-4.550000e+00	6.594742e-04
-4.550000e+00	-4.515000e+00	6.594801e-04
-4.515000e+00	-4.480000e+00	6.520279e-04
-4.480000e+00	-4.445000e+00	6.545131e-04
-4.445000e+00	-4.410000e+00	6.498123e-04
-4.410000e+00	-4.375000e+00	6.527785e-04
-4.375000e+00	-4.340000e+00	6.450295e-04
-4.340000e+00	-4.305000e+00	6.388325e-04
-4.305000e+00	-4.270000e+00	6.417519e-04
-4.270000e+00	-4.235000e+00	6.434451e-04
-4.235000e+00	-4.200000e+00	6.380994e-04
-4.200000e+00	-4.165000e+00	6.475161e-04
-4.165000e+00	-4.130000e+00	6.397852e-04
-4.130000e+00	-4.095000e+00	6.390915e-04
-4.095000e+00	-4.060000e+00	6.351442e-04
-4.060000e+00	-4.025000e+00	6.371918e-04
-4.025000e+00	-3.990000e+00	6.393348e-04
-3.990000e+00	-3.955000e+00	6.304382e-04
-3.955000e+00	-3.920000e+00	6.275552e-04
-3.920000e+00	-3.885000e+00	6.343760e-04
-3.885000e+00	-3.850000e+00	6.267522e-04
-3.850000e+00	-3.815000e+00	6.214255e-04
-3.815000e+00	-3.780000e+00	6.182673e-04
-3.780000e+00	-3.745000e+00	6.192509e-04
-3.745000e+00	-3.710000e+00	6.101318e-04
-3.710000e+00	-3.675000e+00	6.144786e-04
-3.675000e+00	-3.640000e+00	6.207537e-04
-3.640000e+00	-3.605000e+00	6.138440e-04
-3.605000e+00	-3.570000e+00	6.060547e-04
-3.570000e+00	-3.535000e+00	6.097042e-04
-3.535000e+00	-3.500000e+00	6.156041e-04
-3.500000e+00	-3.465000e+00	6.070049e-04
-3.465000e+00	-3.430000e+00	6.016050e-04
-3.430000e+00	-3.395000e+00	6.091110e-04
-3.395000e+00	-3.360000e+00	6.010752e-04
-3.360000e+00	-3.325000e+00	5.954683e-04
-3.325000e+00	-3.290000e+00	5.972792e-04
-3.290000e+00	-3.255000e+00	5.922321e-04
-3.255000e+00	-3.220000e+00	5.908901e-04
-3.220000e+00	-3.185000e+00	5.855410e-04
-3.185000e+00	-3.150000e+00	5.859506e-04
-3.150000e+00	-3.115000e+00	5.885854e-04
-3.115000e+00	-3.080000e+00	5.811713e-04
-3.080000e+00	-3.045000e+00	5.790148e-04
-3.045000e+00	-3.010000e+00	5.733830e-04
-3.010000e+00	-2.975000e+00	5.696345e-04
-2.975000e+00	-2.940000e+00	5.750458e-04
-2.940000e+00	-2.905000e+00	5.704372e-04
-2.905000e+00	-2.870000e+00	5.690127e-04
-2.870000e+00	-2.835000e+00	5.714712e-04
-2.835000e+00	-2.800000e+00	5.692036e-04
-2.800000e+00	-2.765000e+00	5.606610e-04
-2.765000e+00	-2.730000e+00	5.669853e-04
-2.730000e+00	-2.695000e+00	5.588316e-04
-2.695000e+00	-2.660000e+00	5.598004e-04
-2.660000e+00	-2.625000e+00	5.576304e-04
-2.625000e+00	-2.590000e+00	5.579219e-04
-2.590000e+00	-2.555000e+00	5.498264e-04
-2.555000e+00	-2.520000e+00	5.481194e-04
-2.520000e+00	-2.485000e+00	5.549551e-04
-2.485000e+00	-2.450000e+00	5.435785e-04
-2.450000e+00	-2.415000e+00	5.418811e-04
-2.415000e+00	-2.380000e+00	5.432637e-04
-2.380000e+00	-2.345000e+00	5.455989e-04
-2.345000e+00	-2.310000e+00	5.419736e-04
-2.310000e+00	-2.275000e+00	5.339656e-04
-2.275000e+00	-2.240000e+00	5.350096e-04
-2.240000e+00	-2.205000e+00	5.345870e-04
-2.205000e+00	-2.170000e+00	5.322017e-04
-2.170000e+00	-2.135000e+00	5.275435e-04
-2.135000e+00	-2.100000e+00	5.302819e-04
-2.100000e+00	-2.065000e+00	5.272507e-04
-2.065000e+00	-2.030000e+00	5.179803e-04
-2.030000e+00	-1.995000e+00	5.179475e-04
-1.995000e+00	-1.960000e+00	5.187695e-04
-1.960000e+00	-1.925000e+00	5.162835e-04
-1.925000e+00	-1.890000e+00	5.096427e-04
-1.890000e+00	-1.855000e+00	5.063151e-04
-1.855000e+00	-1.820000e+00	5.052977e-04
-1.820000e+00	-1.785000e+00	4.993812e-04
-1.785000e+00	-1.750000e+00	5.020602e-04
-1.750000e+00	-1.715000e+00	5.022648e-04
-1.715000e+00	-1.680000e+00	4.991897e-04
-1.680000e+00	-1.645000e+00	4.920043e-04
-1.645000e+00	-1.610000e+00	4.946092e-04
-1.610000e+00	-1.575000e+00	4.954551e-04
-1.575000e+00	-1.540000e+00	4.919387e-04
-1.540000e+00	-1.505000e+00	4.923228e-04
-1.505000e+00	-1.470000e+00	4.851816e-04
-1.470000e+00	-1.435000e+00	4.821098e-04
-1.435000e+00	-1.400000e+00	4.755945e-04
-1.400000e+00	-1.365000e+00	4.716390e-04
-1.365000e+00	-1.330000e+00	4.729234e-04
-1.330000e+00	-1.295000e+00	4.668117e-04
-1.295000e+00	-1.260000e+00	4.718535e-04
-1.260000e+00	-1.225000e+00	4.680523e-04
-1.225000e+00	-1.190000e+00	4.701048e-04
-1.190000e+00	-1.155000e+00	4.714512e-04
-1.155000e+00	-1.120000e+00	4.634400e-04
-1.120000e+00	-1.085000e+00	4.561548e-04
-1.085000e+00	-1.050000e+00	4.541757e-04
-1.050000e+00	-1.015000e+00	4.492941e-04
-1.015000e+00	-9.800000e-01	4.430995e-04
-9.800000e-01	-9.450000e-01	4.395237e-04
-9.450000e-01	-9.100000e-01	4.420335e-04
-9.100000e-01	-8.750000e-01	4.392449e-04
-8.750000e-01	-8.400000e-01	4.393972e-04
-8.400000e-01	-8.050000e-01	4.383708e-04
-8.050000e-01	-7.700000e-01	4.306902e-04
-7.700000e-01	-7.350000e-01	4.320175e-04
-7.350000e-01	-7.000000e-01	4.332882e-04
-7.000000e-01	-6.650000e-01	4.245931e-04
-6.650000e-01	-6.300000e-01	4.242607e-04
-6.300000e-01	-5.950000e-01	4.121325e-04
-5.950000e-01	-5.600000e-01	4.085591e-04
-5.600000e-01	-5.250000e-01	4.135097e-04
-5.250000e-01	-4.900000e-01	4.082841e-04
-4.900000e-01	-4.550000e-01	4.088314e-04
-4.550000e-01	-4.200000e-01	4.025174e-04
-4.200000e-01	-3.850000e-01	3.981401e-04
-3.850000e-01	-3.500000e-01	3.936274e-04
-3.500000e-01	-3.150000e-01	3.893810e-04
-3.150000e-01	-2.800000e-01	3.903144e-04
-2.800000e-01	-2.450000e-01	3.794240e-04
-2.450000e-01	-2.100000e-01	3.748311e-04
-2.100000e-01	-1.750000e-01	3.742478e-04
-1.750000e-01	-1.400000e-01	3.678762e-04
-1.400000e-01	-1.050000e-01	3.671835e-04
-1.050000e-01	-7.000000e-02	3.643346e-04
-7.000000e-02	-3.500000e-02	3.584189e-04
-3.500000e-02	1.776357e-15	3.478581e-04
