# FLUKA USRBIN Z-projection  detector: EdepSlab
# Score type: 208  ncase: 2500000
# Geometry: X=[-100.0,100.0] nx=50  Y=[-100.0,100.0] ny=50  Z=[-10.5,0.0] nz=300
# Columns: z_low[cm]  z_high[cm]  sum_XY(value*dx*dy)
# Units: EdepSlab→GeV/cm/primary  NeutSlab→cm/primary/cm_depth
-1.050000e+01	-1.046500e+01	1.243695e-04
-1.046500e+01	-1.043000e+01	1.509138e-04
-1.043000e+01	-1.039500e+01	1.710248e-04
-1.039500e+01	-1.036000e+01	1.771874e-04
-1.036000e+01	-1.032500e+01	1.950175e-04
-1.032500e+01	-1.029000e+01	2.047857e-04
-1.029000e+01	-1.025500e+01	2.058785e-04
-1.025500e+01	-1.022000e+01	2.179424e-04
-1.022000e+01	-1.018500e+01	2.293076e-04
-1.018500e+01	-1.015000e+01	2.322550e-04
-1.015000e+01	-1.011500e+01	2.491679e-04
-1.011500e+01	-1.008000e+01	2.503510e-04
-1.008000e+01	-1.004500e+01	2.490577e-04
-1.004500e+01	-1.001000e+01	2.564961e-04
-1.001000e+01	-9.975000e+00	2.570106e-04
-9.975000e+00	-9.940000e+00	2.673440e-04
-9.940000e+00	-9.905000e+00	2.655271e-04
-9.905000e+00	-9.870000e+00	2.737432e-04
-9.870000e+00	-9.835000e+00	2.834994e-04
-9.835000e+00	-9.800000e+00	2.801851e-04
-9.800000e+00	-9.765000e+00	2.938402e-04
-9.765000e+00	-9.730000e+00	2.818411e-04
-9.730000e+00	-9.695000e+00	2.962476e-04
-9.695000e+00	-9.660000e+00	3.009939e-04
-9.660000e+00	-9.625000e+00	3.085190e-04
-9.625000e+00	-9.590000e+00	3.034528e-04
-9.590000e+00	-9.555000e+00	3.158104e-04
-9.555000e+00	-9.520000e+00	3.192224e-04
-9.520000e+00	-9.485000e+00	3.192371e-04
-9.485000e+00	-9.450000e+00	3.148332e-04
-9.450000e+00	-9.415000e+00	3.301885e-04
-9.415000e+00	-9.380000e+00	3.279989e-04
-9.380000e+00	-9.345000e+00	3.424973e-04
-9.345000e+00	-9.310000e+00	3.309593e-04
-9.310000e+00	-9.275000e+00	3.467179e-04
-9.275000e+00	-9.240000e+00	3.450423e-04
-9.240000e+00	-9.205000e+00	3.480616e-04
-9.205000e+00	-9.170000e+00	3.498012e-04
-9.170000e+00	-9.135000e+00	3.561891e-04
-9.135000e+00	-9.100000e+00	3.705029e-04
-9.100000e+00	-9.065000e+00	3.645686e-04
-9.065000e+00	-9.030000e+00	3.586181e-04
-9.030000e+00	-8.995000e+00	3.669155e-04
-8.995000e+00	-8.960000e+00	3.727294e-04
-8.960000e+00	-8.925000e+00	3.806392e-04
-8.925000e+00	-8.890000e+00	3.826569e-04
-8.890000e+00	-8.855000e+00	3.750015e-04
-8.855000e+00	-8.820000e+00	3.855858e-04
-8.820000e+00	-8.785000e+00	3.949483e-04
-8.785000e+00	-8.750000e+00	4.009090e-04
-8.750000e+00	-8.715000e+00	3.948589e-04
-8.715000e+00	-8.680000e+00	4.077925e-04
-8.680000e+00	-8.645000e+00	4.058669e-04
-8.645000e+00	-8.610000e+00	4.099770e-04
-8.610000e+00	-8.575000e+00	4.177540e-04
-8.575000e+00	-8.540000e+00	4.102813e-04
-8.540000e+00	-8.505000e+00	4.181212e-04
-8.505000e+00	-8.470000e+00	4.203900e-04
-8.470000e+00	-8.435000e+00	4.232705e-04
-8.435000e+00	-8.400000e+00	4.245108e-04
-8.400000e+00	-8.365000e+00	4.330251e-04
-8.365000e+00	-8.330000e+00	4.422970e-04
-8.330000e+00	-8.295000e+00	4.460627e-04
-8.295000e+00	-8.260000e+00	4.429046e-04
-8.260000e+00	-8.225000e+00	4.571982e-04
-8.225000e+00	-8.190000e+00	4.472268e-04
-8.190000e+00	-8.155000e+00	4.500409e-04
-8.155000e+00	-8.120000e+00	4.452163e-04
-8.120000e+00	-8.085000e+00	4.552571e-04
-8.085000e+00	-8.050000e+00	4.642979e-04
-8.050000e+00	-8.015000e+00	4.762583e-04
-8.015000e+00	-7.980000e+00	4.694779e-04
-7.980000e+00	-7.945000e+00	4.639610e-04
-7.945000e+00	-7.910000e+00	4.608174e-04
-7.910000e+00	-7.875000e+00	4.780406e-04
-7.875000e+00	-7.840000e+00	4.719774e-04
-7.840000e+00	-7.805000e+00	4.831716e-04
-7.805000e+00	-7.770000e+00	4.825657e-04
-7.770000e+00	-7.735000e+00	4.829985e-04
-7.735000e+00	-7.700000e+00	4.859085e-04
-7.700000e+00	-7.665000e+00	4.825908e-04
-7.665000e+00	-7.630000e+00	4.894935e-04
-7.630000e+00	-7.595000e+00	4.921958e-04
-7.595000e+00	-7.560000e+00	5.099678e-04
-7.560000e+00	-7.525000e+00	5.073366e-04
-7.525000e+00	-7.490000e+00	5.073181e-04
-7.490000e+00	-7.455000e+00	5.083160e-04
-7.455000e+00	-7.420000e+00	5.051625e-04
-7.420000e+00	-7.385000e+00	5.103130e-04
-7.385000e+00	-7.350000e+00	5.077698e-04
-7.350000e+00	-7.315000e+00	5.296766e-04
-7.315000e+00	-7.280000e+00	5.227622e-04
-7.280000e+00	-7.245000e+00	5.224835e-04
-7.245000e+00	-7.210000e+00	5.202628e-04
-7.210000e+00	-7.175000e+00	5.324239e-04
-7.175000e+00	-7.140000e+00	5.420031e-04
-7.140000e+00	-7.105000e+00	5.343670e-04
-7.105000e+00	-7.070000e+00	5.429462e-04
-7.070000e+00	-7.035000e+00	5.411464e-04
-7.035000e+00	-7.000000e+00	5.481123e-04
-7.000000e+00	-6.965000e+00	5.539474e-04
-6.965000e+00	-6.930000e+00	5.473322e-04
-6.930000e+00	-6.895000e+00	5.530395e-04
-6.895000e+00	-6.860000e+00	5.496798e-04
-6.860000e+00	-6.825000e+00	5.451005e-04
-6.825000e+00	-6.790000e+00	5.518234e-04
-6.790000e+00	-6.755000e+00	5.621322e-04
-6.755000e+00	-6.720000e+00	5.502554e-04
-6.720000e+00	-6.685000e+00	5.577668e-04
-6.685000e+00	-6.650000e+00	5.596297e-04
-6.650000e+00	-6.615000e+00	5.704503e-04
-6.615000e+00	-6.580000e+00	5.675720e-04
-6.580000e+00	-6.545000e+00	5.762121e-04
-6.545000e+00	-6.510000e+00	5.736989e-04
-6.510000e+00	-6.475000e+00	5.745414e-04
-6.475000e+00	-6.440000e+00	5.728442e-04
-6.440000e+00	-6.405000e+00	5.844283e-04
-6.405000e+00	-6.370000e+00	5.887654e-04
-6.370000e+00	-6.335000e+00	5.940263e-04
-6.335000e+00	-6.300000e+00	5.906950e-04
-6.300000e+00	-6.265000e+00	5.855716e-04
-6.265000e+00	-6.230000e+00	5.901820e-04
-6.230000e+00	-6.195000e+00	6.018924e-04
-6.195000e+00	-6.160000e+00	5.943921e-04
-6.160000e+00	-6.125000e+00	5.957298e-04
-6.125000e+00	-6.090000e+00	6.063379e-04
-6.090000e+00	-6.055000e+00	6.074293e-04
-6.055000e+00	-6.020000e+00	6.050114e-04
-6.020000e+00	-5.985000e+00	5.989157e-04
-5.985000e+00	-5.950000e+00	6.141645e-04
-5.950000e+00	-5.915000e+00	6.151461e-04
-5.915000e+00	-5.880000e+00	6.058554e-04
-5.880000e+00	-5.845000e+00	6.118570e-04
-5.845000e+00	-5.810000e+00	6.198923e-04
-5.810000e+00	-5.775000e+00	6.094833e-04
-5.775000e+00	-5.740000e+00	6.239065e-04
-5.740000e+00	-5.705000e+00	6.192110e-04
-5.705000e+00	-5.670000e+00	6.218272e-04
-5.670000e+00	-5.635000e+00	6.273663e-04
-5.635000e+00	-5.600000e+00	6.263502e-04
-5.600000e+00	-5.565000e+00	6.335636e-04
-5.565000e+00	-5.530000e+00	6.428339e-04
-5.530000e+00	-5.495000e+00	6.417629e-04
-5.495000e+00	-5.460000e+00	6.485376e-04
-5.460000e+00	-5.425000e+00	6.379836e-04
-5.425000e+00	-5.390000e+00	6.471063e-04
-5.390000e+00	-5.355000e+00	6.432733e-04
-5.355000e+00	-5.320000e+00	6.555473e-04
-5.320000e+00	-5.285000e+00	6.446938e-04
-5.285000e+00	-5.250000e+00	6.618577e-04
-5.250000e+00	-5.215000e+00	6.526330e-04
-5.215000e+00	-5.180000e+00	6.479122e-04
-5.180000e+00	-5.145000e+00	6.447272e-04
-5.145000e+00	-5.110000e+00	6.576495e-04
-5.110000e+00	-5.075000e+00	6.618421e-04
-5.075000e+00	-5.040000e+00	6.672522e-04
-5.040000e+00	-5.005000e+00	6.593014e-04
-5.005000e+00	-4.970000e+00	6.542904e-04
-4.970000e+00	-4.935000e+00	6.802144e-04
-4.935000e+00	-4.900000e+00	6.702784e-04
-4.900000e+00	-4.865000e+00	6.765903e-04
-4.865000e+00	-4.830000e+00	6.760292e-04
-4.830000e+00	-4.795000e+00	6.860887e-04
-4.795000e+00	-4.760000e+00	6.819909e-04
-4.760000e+00	-4.725000e+00	6.798718e-04
-4.725000e+00	-4.690000e+00	6.866300e-04
-4.690000e+00	-4.655000e+00	6.846910e-04
-4.655000e+00	-4.620000e+00	6.969629e-04
-4.620000e+00	-4.585000e+00	6.925382e-04
-4.585000e+00	-4.550000e+00	6.890036e-04
-4.550000e+00	-4.515000e+00	7.009765e-04
-4.515000e+00	-4.480000e+00	6.922220e-04
-4.480000e+00	-4.445000e+00	7.072993e-04
-4.445000e+00	-4.410000e+00	6.991400e-04
-4.410000e+00	-4.375000e+00	7.048454e-04
-4.375000e+00	-4.340000e+00	7.011165e-04
-4.340000e+00	-4.305000e+00	7.073017e-04
-4.305000e+00	-4.270000e+00	7.115635e-04
-4.270000e+00	-4.235000e+00	7.123499e-04
-4.235000e+00	-4.200000e+00	7.090846e-04
-4.200000e+00	-4.165000e+00	7.158956e-04
-4.165000e+00	-4.130000e+00	7.139775e-04
-4.130000e+00	-4.095000e+00	7.102707e-04
-4.095000e+00	-4.060000e+00	7.186433e-04
-4.060000e+00	-4.025000e+00	7.190327e-04
-4.025000e+00	-3.990000e+00	7.213693e-04
-3.990000e+00	-3.955000e+00	7.325057e-04
-3.955000e+00	-3.920000e+00	7.288781e-04
-3.920000e+00	-3.885000e+00	7.167578e-04
-3.885000e+00	-3.850000e+00	7.273550e-04
-3.850000e+00	-3.815000e+00	7.359797e-04
-3.815000e+00	-3.780000e+00	7.385115e-04
-3.780000e+00	-3.745000e+00	7.372676e-04
-3.745000e+00	-3.710000e+00	7.372664e-04
-3.710000e+00	-3.675000e+00	7.350275e-04
-3.675000e+00	-3.640000e+00	7.383490e-04
-3.640000e+00	-3.605000e+00	7.443207e-04
-3.605000e+00	-3.570000e+00	7.407863e-04
-3.570000e+00	-3.535000e+00	7.408763e-04
-3.535000e+00	-3.500000e+00	7.420394e-04
-3.500000e+00	-3.465000e+00	7.513333e-04
-3.465000e+00	-3.430000e+00	7.491822e-04
-3.430000e+00	-3.395000e+00	7.577666e-04
-3.395000e+00	-3.360000e+00	7.599254e-04
-3.360000e+00	-3.325000e+00	7.507020e-04
-3.325000e+00	-3.290000e+00	7.575892e-04
-3.290000e+00	-3.255000e+00	7.609553e-04
-3.255000e+00	-3.220000e+00	7.666569e-04
-3.220000e+00	-3.185000e+00	7.601472e-04
-3.185000e+00	-3.150000e+00	7.646852e-04
-3.150000e+00	-3.115000e+00	7.667941e-04
-3.115000e+00	-3.080000e+00	7.732104e-04
-3.080000e+00	-3.045000e+00	7.711069e-04
-3.045000e+00	-3.010000e+00	7.675374e-04
-3.010000e+00	-2.975000e+00	7.706633e-04
-2.975000e+00	-2.940000e+00	7.721557e-04
-2.940000e+00	-2.905000e+00	7.708131e-04
-2.905000e+00	-2.870000e+00	7.775107e-04
-2.870000e+00	-2.835000e+00	7.771917e-04
-2.835000e+00	-2.800000e+00	7.852168e-04
-2.800000e+00	-2.765000e+00	7.817181e-04
-2.765000e+00	-2.730000e+00	7.686849e-04
-2.730000e+00	-2.695000e+00	7.756202e-04
-2.695000e+00	-2.660000e+00	7.800831e-04
-2.660000e+00	-2.625000e+00	7.840316e-04
-2.625000e+00	-2.590000e+00	7.968659e-04
-2.590000e+00	-2.555000e+00	7.981578e-04
-2.555000e+00	-2.520000e+00	8.017215e-04
-2.520000e+00	-2.485000e+00	7.985893e-04
-2.485000e+00	-2.450000e+00	7.981596e-04
-2.450000e+00	-2.415000e+00	7.894844e-04
-2.415000e+00	-2.380000e+00	8.004483e-04
-2.380000e+00	-2.345000e+00	8.065602e-04
-2.345000e+00	-2.310000e+00	8.134600e-04
-2.310000e+00	-2.275000e+00	8.088588e-04
-2.275000e+00	-2.240000e+00	8.093064e-04
-2.240000e+00	-2.205000e+00	8.049196e-04
-2.205000e+00	-2.170000e+00	8.114516e-04
-2.170000e+00	-2.135000e+00	8.139234e-04
-2.135000e+00	-2.100000e+00	8.029227e-04
-2.100000e+00	-2.065000e+00	8.111616e-04
-2.065000e+00	-2.030000e+00	8.120710e-04
-2.030000e+00	-1.995000e+00	8.073160e-04
-1.995000e+00	-1.960000e+00	8.136312e-04
-1.960000e+00	-1.925000e+00	8.237089e-04
-1.925000e+00	-1.890000e+00	8.209816e-04
-1.890000e+00	-1.855000e+00	8.320160e-04
-1.855000e+00	-1.820000e+00	8.208132e-04
-1.820000e+00	-1.785000e+00	8.151553e-04
-1.785000e+00	-1.750000e+00	8.194775e-04
-1.750000e+00	-1.715000e+00	8.166250e-04
-1.715000e+00	-1.680000e+00	8.281660e-04
-1.680000e+00	-1.645000e+00	8.233651e-04
-1.645000e+00	-1.610000e+00	8.272950e-04
-1.610000e+00	-1.575000e+00	8.263598e-04
-1.575000e+00	-1.540000e+00	8.340658e-04
-1.540000e+00	-1.505000e+00	8.246672e-04
-1.505000e+00	-1.470000e+00	8.317962e-04
-1.470000e+00	-1.435000e+00	8.328201e-04
-1.435000e+00	-1.400000e+00	8.369662e-04
-1.400000e+00	-1.365000e+00	8.395726e-04
-1.365000e+00	-1.330000e+00	8.346747e-04
-1.330000e+00	-1.295000e+00	8.340969e-04
-1.295000e+00	-1.260000e+00	8.392868e-04
-1.260000e+00	-1.225000e+00	8.337460e-04
-1.225000e+00	-1.190000e+00	8.487306e-04
-1.190000e+00	-1.155000e+00	8.342467e-04
-1.155000e+00	-1.120000e+00	8.433090e-04
-1.120000e+00	-1.085000e+00	8.424760e-04
-1.085000e+00	-1.050000e+00	8.469620e-04
-1.050000e+00	-1.015000e+00	8.498672e-04
-1.015000e+00	-9.800000e-01	8.504264e-04
-9.800000e-01	-9.450000e-01	8.526772e-04
-9.450000e-01	-9.100000e-01	8.514494e-04
-9.100000e-01	-8.750000e-01	8.464552e-04
-8.750000e-01	-8.400000e-01	8.489841e-04
-8.400000e-01	-8.050000e-01	8.592523e-04
-8.050000e-01	-7.700000e-01	8.608698e-04
-7.700000e-01	-7.350000e-01	8.594046e-04
-7.350000e-01	-7.000000e-01	8.567923e-04
-7.000000e-01	-6.650000e-01	8.594477e-04
-6.650000e-01	-6.300000e-01	8.580546e-04
-6.300000e-01	-5.950000e-01	8.574584e-04
-5.950000e-01	-5.600000e-01	8.655282e-04
-5.600000e-01	-5.250000e-01	8.634214e-04
-5.250000e-01	-4.900000e-01	8.673739e-04
-4.900000e-01	-4.550000e-01	8.561120e-04
-4.550000e-01	-4.200000e-01	8.673335e-04
-4.200000e-01	-3.850000e-01	8.726709e-04
-3.850000e-01	-3.500000e-01	8.758857e-04
-3.500000e-01	-3.150000e-01	8.627621e-04
-3.150000e-01	-2.800000e-01	8.714487e-04
-2.800000e-01	-2.450000e-01	8.662916e-04
-2.450000e-01	-2.100000e-01	8.738249e-04
-2.100000e-01	-1.750000e-01	8.714106e-04
-1.750000e-01	-1.400000e-01	8.570916e-04
-1.400000e-01	-1.050000e-01	8.746047e-04
-1.050000e-01	-7.000000e-02	8.643639e-04
-7.000000e-02	-3.500000e-02	8.529464e-04
-3.500000e-02	1.776357e-15	8.479155e-04
