# FLUKA USRBIN Z-projection  detector: EdepSlab
# Score type: 208  ncase: 30000000
# Geometry: X=[-100.0,100.0] nx=50  Y=[-100.0,100.0] ny=50  Z=[-50.0,0.0] nz=300
# Columns: z_low[cm]  z_high[cm]  sum_XY(value*dx*dy)
# Units: EdepSlab→GeV/cm/primary  NeutSlab→cm/primary/cm_depth
-5.000000e+01	-4.983333e+01	1.047305e-04
-4.983333e+01	-4.966667e+01	1.313398e-04
-4.966667e+01	-4.950000e+01	1.462655e-04
-4.950000e+01	-4.933333e+01	1.582684e-04
-4.933333e+01	-4.916667e+01	1.670882e-04
-4.916667e+01	-4.900000e+01	1.736199e-04
-4.900000e+01	-4.883333e+01	1.792094e-04
-4.883333e+01	-4.866667e+01	1.831342e-04
-4.866667e+01	-4.850000e+01	1.859852e-04
-4.850000e+01	-4.833333e+01	1.880807e-04
-4.833333e+01	-4.816667e+01	1.897100e-04
-4.816667e+01	-4.800000e+01	1.904562e-04
-4.800000e+01	-4.783333e+01	1.907306e-04
-4.783333e+01	-4.766667e+01	1.910005e-04
-4.766667e+01	-4.750000e+01	1.897688e-04
-4.750000e+01	-4.733333e+01	1.888652e-04
-4.733333e+01	-4.716667e+01	1.877342e-04
-4.716667e+01	-4.700000e+01	1.865374e-04
-4.700000e+01	-4.683333e+01	1.850180e-04
-4.683333e+01	-4.666667e+01	1.833603e-04
-4.666667e+01	-4.650000e+01	1.813764e-04
-4.650000e+01	-4.633333e+01	1.790442e-04
-4.633333e+01	-4.616667e+01	1.768850e-04
-4.616667e+01	-4.600000e+01	1.740167e-04
-4.600000e+01	-4.583333e+01	1.721039e-04
-4.583333e+01	-4.566667e+01	1.694302e-04
-4.566667e+01	-4.550000e+01	1.669457e-04
-4.550000e+01	-4.533333e+01	1.641016e-04
-4.533333e+01	-4.516667e+01	1.613993e-04
-4.516667e+01	-4.500000e+01	1.592700e-04
-4.500000e+01	-4.483333e+01	1.567410e-04
-4.483333e+01	-4.466667e+01	1.542003e-04
-4.466667e+01	-4.450000e+01	1.514961e-04
-4.450000e+01	-4.433333e+01	1.487993e-04
-4.433333e+01	-4.416667e+01	1.457993e-04
-4.416667e+01	-4.400000e+01	1.433755e-04
-4.400000e+01	-4.383333e+01	1.405071e-04
-4.383333e+01	-4.366667e+01	1.382671e-04
-4.366667e+01	-4.350000e+01	1.357455e-04
-4.350000e+01	-4.333333e+01	1.327561e-04
-4.333333e+01	-4.316667e+01	1.304285e-04
-4.316667e+01	-4.300000e+01	1.281461e-04
-4.300000e+01	-4.283333e+01	1.259667e-04
-4.283333e+01	-4.266667e+01	1.231357e-04
-4.266667e+01	-4.250000e+01	1.207965e-04
-4.250000e+01	-4.233333e+01	1.181737e-04
-4.233333e+01	-4.216667e+01	1.156386e-04
-4.216667e+01	-4.200000e+01	1.134171e-04
-4.200000e+01	-4.183333e+01	1.110879e-04
-4.183333e+01	-4.166667e+01	1.091428e-04
-4.166667e+01	-4.150000e+01	1.069628e-04
-4.150000e+01	-4.133333e+01	1.046975e-04
-4.133333e+01	-4.116667e+01	1.027813e-04
-4.116667e+01	-4.100000e+01	1.005969e-04
-4.100000e+01	-4.083333e+01	9.869262e-05
-4.083333e+01	-4.066667e+01	9.634410e-05
-4.066667e+01	-4.050000e+01	9.418558e-05
-4.050000e+01	-4.033333e+01	9.244872e-05
-4.033333e+01	-4.016667e+01	9.021177e-05
-4.016667e+01	-4.000000e+01	8.844859e-05
-4.000000e+01	-3.983333e+01	8.655791e-05
-3.983333e+01	-3.966667e+01	8.453571e-05
-3.966667e+01	-3.950000e+01	8.283694e-05
-3.950000e+01	-3.933333e+01	8.118439e-05
-3.933333e+01	-3.916667e+01	7.908230e-05
-3.916667e+01	-3.900000e+01	7.755616e-05
-3.900000e+01	-3.883333e+01	7.585970e-05
-3.883333e+01	-3.866667e+01	7.402926e-05
-3.866667e+01	-3.850000e+01	7.245458e-05
-3.850000e+01	-3.833333e+01	7.104824e-05
-3.833333e+01	-3.816667e+01	6.944500e-05
-3.816667e+01	-3.800000e+01	6.790485e-05
-3.800000e+01	-3.783333e+01	6.637590e-05
-3.783333e+01	-3.766667e+01	6.501569e-05
-3.766667e+01	-3.750000e+01	6.363078e-05
-3.750000e+01	-3.733333e+01	6.236693e-05
-3.733333e+01	-3.716667e+01	6.091945e-05
-3.716667e+01	-3.700000e+01	5.916628e-05
-3.700000e+01	-3.683333e+01	5.792343e-05
-3.683333e+01	-3.666667e+01	5.651348e-05
-3.666667e+01	-3.650000e+01	5.537835e-05
-3.650000e+01	-3.633333e+01	5.414266e-05
-3.633333e+01	-3.616667e+01	5.305877e-05
-3.616667e+01	-3.600000e+01	5.148962e-05
-3.600000e+01	-3.583333e+01	5.034542e-05
-3.583333e+01	-3.566667e+01	4.920532e-05
-3.566667e+01	-3.550000e+01	4.797394e-05
-3.550000e+01	-3.533333e+01	4.708526e-05
-3.533333e+01	-3.516667e+01	4.595722e-05
-3.516667e+01	-3.500000e+01	4.509543e-05
-3.500000e+01	-3.483333e+01	4.403606e-05
-3.483333e+01	-3.466667e+01	4.295162e-05
-3.466667e+01	-3.450000e+01	4.172274e-05
-3.450000e+01	-3.433333e+01	4.047544e-05
-3.433333e+01	-3.416667e+01	3.979276e-05
-3.416667e+01	-3.400000e+01	3.877507e-05
-3.400000e+01	-3.383333e+01	3.807178e-05
-3.383333e+01	-3.366667e+01	3.714065e-05
-3.366667e+01	-3.350000e+01	3.628077e-05
-3.350000e+01	-3.333333e+01	3.526648e-05
-3.333333e+01	-3.316667e+01	3.441519e-05
-3.316667e+01	-3.300000e+01	3.391187e-05
-3.300000e+01	-3.283333e+01	3.268677e-05
-3.283333e+01	-3.266667e+01	3.194628e-05
-3.266667e+01	-3.250000e+01	3.108488e-05
-3.250000e+01	-3.233333e+01	3.026703e-05
-3.233333e+01	-3.216667e+01	2.974895e-05
-3.216667e+01	-3.200000e+01	2.909027e-05
-3.200000e+01	-3.183333e+01	2.815862e-05
-3.183333e+01	-3.166667e+01	2.738106e-05
-3.166667e+01	-3.150000e+01	2.698966e-05
-3.150000e+01	-3.133333e+01	2.620962e-05
-3.133333e+01	-3.116667e+01	2.558957e-05
-3.116667e+01	-3.100000e+01	2.487758e-05
-3.100000e+01	-3.083333e+01	2.433818e-05
-3.083333e+01	-3.066667e+01	2.378260e-05
-3.066667e+01	-3.050000e+01	2.315674e-05
-3.050000e+01	-3.033333e+01	2.248495e-05
-3.033333e+01	-3.016667e+01	2.180940e-05
-3.016667e+01	-3.000000e+01	2.129352e-05
-3.000000e+01	-2.983333e+01	2.081356e-05
-2.983333e+01	-2.966667e+01	2.033255e-05
-2.966667e+01	-2.950000e+01	1.976235e-05
-2.950000e+01	-2.933333e+01	1.927268e-05
-2.933333e+01	-2.916667e+01	1.876345e-05
-2.916667e+01	-2.900000e+01	1.832027e-05
-2.900000e+01	-2.883333e+01	1.790191e-05
-2.883333e+01	-2.866667e+01	1.733825e-05
-2.866667e+01	-2.850000e+01	1.690171e-05
-2.850000e+01	-2.833333e+01	1.642555e-05
-2.833333e+01	-2.816667e+01	1.609504e-05
-2.816667e+01	-2.800000e+01	1.570709e-05
-2.800000e+01	-2.783333e+01	1.535370e-05
-2.783333e+01	-2.766667e+01	1.487010e-05
-2.766667e+01	-2.750000e+01	1.456259e-05
-2.750000e+01	-2.733333e+01	1.410063e-05
-2.733333e+01	-2.716667e+01	1.374224e-05
-2.716667e+01	-2.700000e+01	1.321236e-05
-2.700000e+01	-2.683333e+01	1.297855e-05
-2.683333e+01	-2.666667e+01	1.269240e-05
-2.666667e+01	-2.650000e+01	1.225617e-05
-2.650000e+01	-2.633333e+01	1.196302e-05
-2.633333e+01	-2.616667e+01	1.163509e-05
-2.616667e+01	-2.600000e+01	1.136739e-05
-2.600000e+01	-2.583333e+01	1.106416e-05
-2.583333e+01	-2.566667e+01	1.069943e-05
-2.566667e+01	-2.550000e+01	1.041793e-05
-2.550000e+01	-2.533333e+01	1.010685e-05
-2.533333e+01	-2.516667e+01	9.893817e-06
-2.516667e+01	-2.500000e+01	9.759508e-06
-2.500000e+01	-2.483333e+01	9.430418e-06
-2.483333e+01	-2.466667e+01	9.143881e-06
-2.466667e+01	-2.450000e+01	8.865962e-06
-2.450000e+01	-2.433333e+01	8.688441e-06
-2.433333e+01	-2.416667e+01	8.396292e-06
-2.416667e+01	-2.400000e+01	8.217173e-06
-2.400000e+01	-2.383333e+01	7.952215e-06
-2.383333e+01	-2.366667e+01	7.816922e-06
-2.366667e+01	-2.350000e+01	7.546048e-06
-2.350000e+01	-2.333333e+01	7.355390e-06
-2.333333e+01	-2.316667e+01	7.120543e-06
-2.316667e+01	-2.300000e+01	6.890210e-06
-2.300000e+01	-2.283333e+01	6.714174e-06
-2.283333e+01	-2.266667e+01	6.510411e-06
-2.266667e+01	-2.250000e+01	6.334676e-06
-2.250000e+01	-2.233333e+01	6.239841e-06
-2.233333e+01	-2.216667e+01	6.006154e-06
-2.216667e+01	-2.200000e+01	5.861896e-06
-2.200000e+01	-2.183333e+01	5.644405e-06
-2.183333e+01	-2.166667e+01	5.509522e-06
-2.166667e+01	-2.150000e+01	5.375729e-06
-2.150000e+01	-2.133333e+01	5.222966e-06
-2.133333e+01	-2.116667e+01	5.032342e-06
-2.116667e+01	-2.100000e+01	4.897373e-06
-2.100000e+01	-2.083333e+01	4.758347e-06
-2.083333e+01	-2.066667e+01	4.666465e-06
-2.066667e+01	-2.050000e+01	4.546126e-06
-2.050000e+01	-2.033333e+01	4.351036e-06
-2.033333e+01	-2.016667e+01	4.234096e-06
-2.016667e+01	-2.000000e+01	4.123585e-06
-2.000000e+01	-1.983333e+01	4.072053e-06
-1.983333e+01	-1.966667e+01	3.892013e-06
-1.966667e+01	-1.950000e+01	3.789672e-06
-1.950000e+01	-1.933333e+01	3.698089e-06
-1.933333e+01	-1.916667e+01	3.579228e-06
-1.916667e+01	-1.900000e+01	3.437899e-06
-1.900000e+01	-1.883333e+01	3.379991e-06
-1.883333e+01	-1.866667e+01	3.209991e-06
-1.866667e+01	-1.850000e+01	3.114862e-06
-1.850000e+01	-1.833333e+01	3.063221e-06
-1.833333e+01	-1.816667e+01	2.977816e-06
-1.816667e+01	-1.800000e+01	2.890846e-06
-1.800000e+01	-1.783333e+01	2.766335e-06
-1.783333e+01	-1.766667e+01	2.675154e-06
-1.766667e+01	-1.750000e+01	2.709118e-06
-1.750000e+01	-1.733333e+01	2.565073e-06
-1.733333e+01	-1.716667e+01	2.495324e-06
-1.716667e+01	-1.700000e+01	2.445909e-06
-1.700000e+01	-1.683333e+01	2.344747e-06
-1.683333e+01	-1.666667e+01	2.319522e-06
-1.666667e+01	-1.650000e+01	2.226440e-06
-1.650000e+01	-1.633333e+01	2.154628e-06
-1.633333e+01	-1.616667e+01	2.086721e-06
-1.616667e+01	-1.600000e+01	1.994039e-06
-1.600000e+01	-1.583333e+01	1.968700e-06
-1.583333e+01	-1.566667e+01	1.920215e-06
-1.566667e+01	-1.550000e+01	1.899427e-06
-1.550000e+01	-1.533333e+01	1.797806e-06
-1.533333e+01	-1.516667e+01	1.723136e-06
-1.516667e+01	-1.500000e+01	1.697353e-06
-1.500000e+01	-1.483333e+01	1.662704e-06
-1.483333e+01	-1.466667e+01	1.629812e-06
-1.466667e+01	-1.450000e+01	1.560303e-06
-1.450000e+01	-1.433333e+01	1.545198e-06
-1.433333e+01	-1.416667e+01	1.484640e-06
-1.416667e+01	-1.400000e+01	1.430171e-06
-1.400000e+01	-1.383333e+01	1.341344e-06
-1.383333e+01	-1.366667e+01	1.313873e-06
-1.366667e+01	-1.350000e+01	1.229274e-06
-1.350000e+01	-1.333333e+01	1.213174e-06
-1.333333e+01	-1.316667e+01	1.196734e-06
-1.316667e+01	-1.300000e+01	1.181361e-06
-1.300000e+01	-1.283333e+01	1.157954e-06
-1.283333e+01	-1.266667e+01	1.134931e-06
-1.266667e+01	-1.250000e+01	1.110465e-06
-1.250000e+01	-1.233333e+01	1.033884e-06
-1.233333e+01	-1.216667e+01	9.972582e-07
-1.216667e+01	-1.200000e+01	1.000731e-06
-1.200000e+01	-1.183333e+01	9.353622e-07
-1.183333e+01	-1.166667e+01	8.886369e-07
-1.166667e+01	-1.150000e+01	8.490860e-07
-1.150000e+01	-1.133333e+01	8.462313e-07
-1.133333e+01	-1.116667e+01	8.185220e-07
-1.116667e+01	-1.100000e+01	8.158971e-07
-1.100000e+01	-1.083333e+01	7.950740e-07
-1.083333e+01	-1.066667e+01	7.388952e-07
-1.066667e+01	-1.050000e+01	7.390587e-07
-1.050000e+01	-1.033333e+01	7.323904e-07
-1.033333e+01	-1.016667e+01	6.875074e-07
-1.016667e+01	-1.000000e+01	6.648240e-07
-1.000000e+01	-9.833333e+00	5.966825e-07
-9.833333e+00	-9.666667e+00	6.157312e-07
-9.666667e+00	-9.500000e+00	6.019073e-07
-9.500000e+00	-9.333333e+00	5.438641e-07
-9.333333e+00	-9.166667e+00	5.587689e-07
-9.166667e+00	-9.000000e+00	5.473843e-07
-9.000000e+00	-8.833333e+00	5.164667e-07
-8.833333e+00	-8.666667e+00	5.142311e-07
-8.666667e+00	-8.500000e+00	4.891270e-07
-8.500000e+00	-8.333333e+00	4.529725e-07
-8.333333e+00	-8.166667e+00	4.590304e-07
-8.166667e+00	-8.000000e+00	4.462884e-07
-8.000000e+00	-7.833333e+00	4.239575e-07
-7.833333e+00	-7.666667e+00	3.971812e-07
-7.666667e+00	-7.500000e+00	3.990739e-07
-7.500000e+00	-7.333333e+00	3.827500e-07
-7.333333e+00	-7.166667e+00	3.606141e-07
-7.166667e+00	-7.000000e+00	3.797712e-07
-7.000000e+00	-6.833333e+00	3.556377e-07
-6.833333e+00	-6.666667e+00	3.315881e-07
-6.666667e+00	-6.500000e+00	3.115171e-07
-6.500000e+00	-6.333333e+00	3.139860e-07
-6.333333e+00	-6.166667e+00	3.056663e-07
-6.166667e+00	-6.000000e+00	2.889964e-07
-6.000000e+00	-5.833333e+00	2.721778e-07
-5.833333e+00	-5.666667e+00	2.633640e-07
-5.666667e+00	-5.500000e+00	2.511970e-07
-5.500000e+00	-5.333333e+00	2.463871e-07
-5.333333e+00	-5.166667e+00	2.391894e-07
-5.166667e+00	-5.000000e+00	2.247880e-07
-5.000000e+00	-4.833333e+00	2.093879e-07
-4.833333e+00	-4.666667e+00	2.013485e-07
-4.666667e+00	-4.500000e+00	2.007384e-07
-4.500000e+00	-4.333333e+00	1.862396e-07
-4.333333e+00	-4.166667e+00	1.954170e-07
-4.166667e+00	-4.000000e+00	1.847836e-07
-4.000000e+00	-3.833333e+00	1.712814e-07
-3.833333e+00	-3.666667e+00	1.522856e-07
-3.666667e+00	-3.500000e+00	1.578393e-07
-3.500000e+00	-3.333333e+00	1.633756e-07
-3.333333e+00	-3.166667e+00	1.404188e-07
-3.166667e+00	-3.000000e+00	1.369443e-07
-3.000000e+00	-2.833333e+00	1.215572e-07
-2.833333e+00	-2.666667e+00	1.249979e-07
-2.666667e+00	-2.500000e+00	1.120273e-07
-2.500000e+00	-2.333333e+00	1.160012e-07
-2.333333e+00	-2.166667e+00	1.042007e-07
-2.166667e+00	-2.000000e+00	9.928372e-08
-2.000000e+00	-1.833333e+00	9.081245e-08
-1.833333e+00	-1.666667e+00	8.331230e-08
-1.666667e+00	-1.500000e+00	7.539438e-08
-1.500000e+00	-1.333333e+00	7.251828e-08
-1.333333e+00	-1.166667e+00	6.387094e-08
-1.166667e+00	-1.000000e+00	5.956131e-08
-1.000000e+00	-8.333333e-01	5.877873e-08
-8.333333e-01	-6.666667e-01	5.300645e-08
-6.666667e-01	-5.000000e-01	4.427970e-08
-5.000000e-01	-3.333333e-01	4.158741e-08
-3.333333e-01	-1.666667e-01	3.320895e-08
-1.666667e-01	0.000000e+00	2.750511e-08
