# FLUKA USRBIN Z-projection  detector: EdepSlab
# Score type: 208  ncase: 2500000
# Geometry: X=[-100.0,100.0] nx=50  Y=[-100.0,100.0] ny=50  Z=[-10.5,0.0] nz=300
# Columns: z_low[cm]  z_high[cm]  sum_XY(value*dx*dy)
# Units: EdepSlab→GeV/cm/primary  NeutSlab→cm/primary/cm_depth
-1.050000e+01	-1.046500e+01	1.813535e-04
-1.046500e+01	-1.043000e+01	2.500178e-04
-1.043000e+01	-1.039500e+01	2.759466e-04
-1.039500e+01	-1.036000e+01	3.066125e-04
-1.036000e+01	-1.032500e+01	3.278713e-04
-1.032500e+01	-1.029000e+01	3.448899e-04
-1.029000e+01	-1.025500e+01	3.689367e-04
-1.025500e+01	-1.022000e+01	3.885819e-04
-1.022000e+01	-1.018500e+01	4.036005e-04
-1.018500e+01	-1.015000e+01	4.113119e-04
-1.015000e+01	-1.011500e+01	4.355747e-04
-1.011500e+01	-1.008000e+01	4.452795e-04
-1.008000e+01	-1.004500e+01	4.654866e-04
-1.004500e+01	-1.001000e+01	4.795126e-04
-1.001000e+01	-9.975000e+00	4.837028e-04
-9.975000e+00	-9.940000e+00	5.037916e-04
-9.940000e+00	-9.905000e+00	5.171080e-04
-9.905000e+00	-9.870000e+00	5.367852e-04
-9.870000e+00	-9.835000e+00	5.365659e-04
-9.835000e+00	-9.800000e+00	5.568095e-04
-9.800000e+00	-9.765000e+00	5.578700e-04
-9.765000e+00	-9.730000e+00	5.797085e-04
-9.730000e+00	-9.695000e+00	5.851681e-04
-9.695000e+00	-9.660000e+00	5.860364e-04
-9.660000e+00	-9.625000e+00	6.048246e-04
-9.625000e+00	-9.590000e+00	6.097622e-04
-9.590000e+00	-9.555000e+00	6.299348e-04
-9.555000e+00	-9.520000e+00	6.359700e-04
-9.520000e+00	-9.485000e+00	6.391116e-04
-9.485000e+00	-9.450000e+00	6.488727e-04
-9.450000e+00	-9.415000e+00	6.522511e-04
-9.415000e+00	-9.380000e+00	6.614023e-04
-9.380000e+00	-9.345000e+00	6.748313e-04
-9.345000e+00	-9.310000e+00	6.733906e-04
-9.310000e+00	-9.275000e+00	6.788642e-04
-9.275000e+00	-9.240000e+00	6.917873e-04
-9.240000e+00	-9.205000e+00	7.044096e-04
-9.205000e+00	-9.170000e+00	7.079353e-04
-9.170000e+00	-9.135000e+00	7.031686e-04
-9.135000e+00	-9.100000e+00	7.089775e-04
-9.100000e+00	-9.065000e+00	7.175822e-04
-9.065000e+00	-9.030000e+00	7.304655e-04
-9.030000e+00	-8.995000e+00	7.348009e-04
-8.995000e+00	-8.960000e+00	7.367257e-04
-8.960000e+00	-8.925000e+00	7.500558e-04
-8.925000e+00	-8.890000e+00	7.486027e-04
-8.890000e+00	-8.855000e+00	7.640989e-04
-8.855000e+00	-8.820000e+00	7.544311e-04
-8.820000e+00	-8.785000e+00	7.751223e-04
-8.785000e+00	-8.750000e+00	7.705221e-04
-8.750000e+00	-8.715000e+00	7.715152e-04
-8.715000e+00	-8.680000e+00	7.760372e-04
-8.680000e+00	-8.645000e+00	7.718109e-04
-8.645000e+00	-8.610000e+00	7.809170e-04
-8.610000e+00	-8.575000e+00	7.801911e-04
-8.575000e+00	-8.540000e+00	8.020648e-04
-8.540000e+00	-8.505000e+00	7.935341e-04
-8.505000e+00	-8.470000e+00	7.907348e-04
-8.470000e+00	-8.435000e+00	7.977259e-04
-8.435000e+00	-8.400000e+00	7.870668e-04
-8.400000e+00	-8.365000e+00	7.947430e-04
-8.365000e+00	-8.330000e+00	7.976739e-04
-8.330000e+00	-8.295000e+00	7.961137e-04
-8.295000e+00	-8.260000e+00	8.107417e-04
-8.260000e+00	-8.225000e+00	8.020304e-04
-8.225000e+00	-8.190000e+00	7.994430e-04
-8.190000e+00	-8.155000e+00	7.981894e-04
-8.155000e+00	-8.120000e+00	7.809367e-04
-8.120000e+00	-8.085000e+00	7.912624e-04
-8.085000e+00	-8.050000e+00	7.847435e-04
-8.050000e+00	-8.015000e+00	7.852781e-04
-8.015000e+00	-7.980000e+00	7.932390e-04
-7.980000e+00	-7.945000e+00	7.958414e-04
-7.945000e+00	-7.910000e+00	7.933638e-04
-7.910000e+00	-7.875000e+00	7.858371e-04
-7.875000e+00	-7.840000e+00	7.918723e-04
-7.840000e+00	-7.805000e+00	7.890839e-04
-7.805000e+00	-7.770000e+00	7.880455e-04
-7.770000e+00	-7.735000e+00	7.872805e-04
-7.735000e+00	-7.700000e+00	7.906075e-04
-7.700000e+00	-7.665000e+00	7.934857e-04
-7.665000e+00	-7.630000e+00	7.916892e-04
-7.630000e+00	-7.595000e+00	8.019775e-04
-7.595000e+00	-7.560000e+00	7.819246e-04
-7.560000e+00	-7.525000e+00	7.904739e-04
-7.525000e+00	-7.490000e+00	7.855925e-04
-7.490000e+00	-7.455000e+00	7.949901e-04
-7.455000e+00	-7.420000e+00	7.802122e-04
-7.420000e+00	-7.385000e+00	7.890919e-04
-7.385000e+00	-7.350000e+00	7.949104e-04
-7.350000e+00	-7.315000e+00	7.875470e-04
-7.315000e+00	-7.280000e+00	8.003662e-04
-7.280000e+00	-7.245000e+00	7.980097e-04
-7.245000e+00	-7.210000e+00	7.952647e-04
-7.210000e+00	-7.175000e+00	7.853647e-04
-7.175000e+00	-7.140000e+00	8.004046e-04
-7.140000e+00	-7.105000e+00	7.941769e-04
-7.105000e+00	-7.070000e+00	8.048245e-04
-7.070000e+00	-7.035000e+00	7.997433e-04
-7.035000e+00	-7.000000e+00	7.880852e-04
-7.000000e+00	-6.965000e+00	8.092305e-04
-6.965000e+00	-6.930000e+00	8.019307e-04
-6.930000e+00	-6.895000e+00	8.001922e-04
-6.895000e+00	-6.860000e+00	8.039890e-04
-6.860000e+00	-6.825000e+00	8.080374e-04
-6.825000e+00	-6.790000e+00	8.076208e-04
-6.790000e+00	-6.755000e+00	8.027188e-04
-6.755000e+00	-6.720000e+00	8.014848e-04
-6.720000e+00	-6.685000e+00	8.009200e-04
-6.685000e+00	-6.650000e+00	8.018336e-04
-6.650000e+00	-6.615000e+00	8.099024e-04
-6.615000e+00	-6.580000e+00	7.894859e-04
-6.580000e+00	-6.545000e+00	8.070254e-04
-6.545000e+00	-6.510000e+00	8.078248e-04
-6.510000e+00	-6.475000e+00	8.051153e-04
-6.475000e+00	-6.440000e+00	7.992040e-04
-6.440000e+00	-6.405000e+00	7.931520e-04
-6.405000e+00	-6.370000e+00	8.019763e-04
-6.370000e+00	-6.335000e+00	8.031960e-04
-6.335000e+00	-6.300000e+00	7.996863e-04
-6.300000e+00	-6.265000e+00	8.010870e-04
-6.265000e+00	-6.230000e+00	7.989121e-04
-6.230000e+00	-6.195000e+00	7.994177e-04
-6.195000e+00	-6.160000e+00	8.004818e-04
-6.160000e+00	-6.125000e+00	8.030625e-04
-6.125000e+00	-6.090000e+00	8.076415e-04
-6.090000e+00	-6.055000e+00	8.047500e-04
-6.055000e+00	-6.020000e+00	7.960635e-04
-6.020000e+00	-5.985000e+00	7.971403e-04
-5.985000e+00	-5.950000e+00	7.991109e-04
-5.950000e+00	-5.915000e+00	7.953849e-04
-5.915000e+00	-5.880000e+00	7.973560e-04
-5.880000e+00	-5.845000e+00	8.058128e-04
-5.845000e+00	-5.810000e+00	7.897575e-04
-5.810000e+00	-5.775000e+00	7.995275e-04
-5.775000e+00	-5.740000e+00	8.001361e-04
-5.740000e+00	-5.705000e+00	7.955446e-04
-5.705000e+00	-5.670000e+00	7.857062e-04
-5.670000e+00	-5.635000e+00	7.894048e-04
-5.635000e+00	-5.600000e+00	7.877727e-04
-5.600000e+00	-5.565000e+00	7.893579e-04
-5.565000e+00	-5.530000e+00	7.961931e-04
-5.530000e+00	-5.495000e+00	8.050383e-04
-5.495000e+00	-5.460000e+00	8.052745e-04
-5.460000e+00	-5.425000e+00	7.924266e-04
-5.425000e+00	-5.390000e+00	8.015865e-04
-5.390000e+00	-5.355000e+00	7.994289e-04
-5.355000e+00	-5.320000e+00	7.947766e-04
-5.320000e+00	-5.285000e+00	7.995791e-04
-5.285000e+00	-5.250000e+00	7.995852e-04
-5.250000e+00	-5.215000e+00	8.007655e-04
-5.215000e+00	-5.180000e+00	7.912779e-04
-5.180000e+00	-5.145000e+00	7.959605e-04
-5.145000e+00	-5.110000e+00	7.901386e-04
-5.110000e+00	-5.075000e+00	8.028836e-04
-5.075000e+00	-5.040000e+00	7.924399e-04
-5.040000e+00	-5.005000e+00	7.922551e-04
-5.005000e+00	-4.970000e+00	7.945496e-04
-4.970000e+00	-4.935000e+00	8.004089e-04
-4.935000e+00	-4.900000e+00	8.031274e-04
-4.900000e+00	-4.865000e+00	7.987168e-04
-4.865000e+00	-4.830000e+00	7.883400e-04
-4.830000e+00	-4.795000e+00	7.927420e-04
-4.795000e+00	-4.760000e+00	7.947371e-04
-4.760000e+00	-4.725000e+00	7.939643e-04
-4.725000e+00	-4.690000e+00	7.865083e-04
-4.690000e+00	-4.655000e+00	7.974260e-04
-4.655000e+00	-4.620000e+00	7.849488e-04
-4.620000e+00	-4.585000e+00	7.903191e-04
-4.585000e+00	-4.550000e+00	7.931330e-04
-4.550000e+00	-4.515000e+00	7.857191e-04
-4.515000e+00	-4.480000e+00	7.856055e-04
-4.480000e+00	-4.445000e+00	7.935023e-04
-4.445000e+00	-4.410000e+00	7.877853e-04
-4.410000e+00	-4.375000e+00	7.893265e-04
-4.375000e+00	-4.340000e+00	7.928525e-04
-4.340000e+00	-4.305000e+00	7.914918e-04
-4.305000e+00	-4.270000e+00	7.860438e-04
-4.270000e+00	-4.235000e+00	7.876796e-04
-4.235000e+00	-4.200000e+00	7.953218e-04
-4.200000e+00	-4.165000e+00	7.830143e-04
-4.165000e+00	-4.130000e+00	7.849419e-04
-4.130000e+00	-4.095000e+00	8.026577e-04
-4.095000e+00	-4.060000e+00	7.997564e-04
-4.060000e+00	-4.025000e+00	8.023520e-04
-4.025000e+00	-3.990000e+00	7.842277e-04
-3.990000e+00	-3.955000e+00	7.933765e-04
-3.955000e+00	-3.920000e+00	7.842286e-04
-3.920000e+00	-3.885000e+00	7.895512e-04
-3.885000e+00	-3.850000e+00	7.867568e-04
-3.850000e+00	-3.815000e+00	7.795393e-04
-3.815000e+00	-3.780000e+00	7.867957e-04
-3.780000e+00	-3.745000e+00	7.933576e-04
-3.745000e+00	-3.710000e+00	7.877451e-04
-3.710000e+00	-3.675000e+00	7.965058e-04
-3.675000e+00	-3.640000e+00	7.878870e-04
-3.640000e+00	-3.605000e+00	7.737990e-04
-3.605000e+00	-3.570000e+00	7.813668e-04
-3.570000e+00	-3.535000e+00	7.800771e-04
-3.535000e+00	-3.500000e+00	7.766107e-04
-3.500000e+00	-3.465000e+00	7.942382e-04
-3.465000e+00	-3.430000e+00	7.946255e-04
-3.430000e+00	-3.395000e+00	7.800569e-04
-3.395000e+00	-3.360000e+00	7.841731e-04
-3.360000e+00	-3.325000e+00	7.764257e-04
-3.325000e+00	-3.290000e+00	7.757114e-04
-3.290000e+00	-3.255000e+00	7.806409e-04
-3.255000e+00	-3.220000e+00	7.757262e-04
-3.220000e+00	-3.185000e+00	7.809780e-04
-3.185000e+00	-3.150000e+00	7.748061e-04
-3.150000e+00	-3.115000e+00	7.903086e-04
-3.115000e+00	-3.080000e+00	7.856108e-04
-3.080000e+00	-3.045000e+00	7.840205e-04
-3.045000e+00	-3.010000e+00	7.743969e-04
-3.010000e+00	-2.975000e+00	7.822142e-04
-2.975000e+00	-2.940000e+00	7.851307e-04
-2.940000e+00	-2.905000e+00	7.906355e-04
-2.905000e+00	-2.870000e+00	7.775183e-04
-2.870000e+00	-2.835000e+00	7.832670e-04
-2.835000e+00	-2.800000e+00	7.907826e-04
-2.800000e+00	-2.765000e+00	7.739414e-04
-2.765000e+00	-2.730000e+00	7.790276e-04
-2.730000e+00	-2.695000e+00	7.811357e-04
-2.695000e+00	-2.660000e+00	7.831214e-04
-2.660000e+00	-2.625000e+00	7.730420e-04
-2.625000e+00	-2.590000e+00	7.743586e-04
-2.590000e+00	-2.555000e+00	7.757191e-04
-2.555000e+00	-2.520000e+00	7.729912e-04
-2.520000e+00	-2.485000e+00	7.833421e-04
-2.485000e+00	-2.450000e+00	7.628184e-04
-2.450000e+00	-2.415000e+00	7.708649e-04
-2.415000e+00	-2.380000e+00	7.747540e-04
-2.380000e+00	-2.345000e+00	7.795970e-04
-2.345000e+00	-2.310000e+00	7.787529e-04
-2.310000e+00	-2.275000e+00	7.823844e-04
-2.275000e+00	-2.240000e+00	7.762094e-04
-2.240000e+00	-2.205000e+00	7.696190e-04
-2.205000e+00	-2.170000e+00	7.815594e-04
-2.170000e+00	-2.135000e+00	7.691614e-04
-2.135000e+00	-2.100000e+00	7.698192e-04
-2.100000e+00	-2.065000e+00	7.742093e-04
-2.065000e+00	-2.030000e+00	7.707963e-04
-2.030000e+00	-1.995000e+00	7.777177e-04
-1.995000e+00	-1.960000e+00	7.668552e-04
-1.960000e+00	-1.925000e+00	7.748347e-04
-1.925000e+00	-1.890000e+00	7.692311e-04
-1.890000e+00	-1.855000e+00	7.718187e-04
-1.855000e+00	-1.820000e+00	7.598273e-04
-1.820000e+00	-1.785000e+00	7.749620e-04
-1.785000e+00	-1.750000e+00	7.653139e-04
-1.750000e+00	-1.715000e+00	7.664509e-04
-1.715000e+00	-1.680000e+00	7.623596e-04
-1.680000e+00	-1.645000e+00	7.564388e-04
-1.645000e+00	-1.610000e+00	7.664072e-04
-1.610000e+00	-1.575000e+00	7.698502e-04
-1.575000e+00	-1.540000e+00	7.710685e-04
-1.540000e+00	-1.505000e+00	7.575364e-04
-1.505000e+00	-1.470000e+00	7.777005e-04
-1.470000e+00	-1.435000e+00	7.756761e-04
-1.435000e+00	-1.400000e+00	7.583753e-04
-1.400000e+00	-1.365000e+00	7.577082e-04
-1.365000e+00	-1.330000e+00	7.641328e-04
-1.330000e+00	-1.295000e+00	7.521270e-04
-1.295000e+00	-1.260000e+00	7.648246e-04
-1.260000e+00	-1.225000e+00	7.657338e-04
-1.225000e+00	-1.190000e+00	7.628541e-04
-1.190000e+00	-1.155000e+00	7.557937e-04
-1.155000e+00	-1.120000e+00	7.638501e-04
-1.120000e+00	-1.085000e+00	7.477309e-04
-1.085000e+00	-1.050000e+00	7.586448e-04
-1.050000e+00	-1.015000e+00	7.491898e-04
-1.015000e+00	-9.800000e-01	7.483370e-04
-9.800000e-01	-9.450000e-01	7.484084e-04
-9.450000e-01	-9.100000e-01	7.571366e-04
-9.100000e-01	-8.750000e-01	7.481002e-04
-8.750000e-01	-8.400000e-01	7.483623e-04
-8.400000e-01	-8.050000e-01	7.469682e-04
-8.050000e-01	-7.700000e-01	7.523128e-04
-7.700000e-01	-7.350000e-01	7.463449e-04
-7.350000e-01	-7.000000e-01	7.463969e-04
-7.000000e-01	-6.650000e-01	7.472498e-04
-6.650000e-01	-6.300000e-01	7.463125e-04
-6.300000e-01	-5.950000e-01	7.467129e-04
-5.950000e-01	-5.600000e-01	7.458017e-04
-5.600000e-01	-5.250000e-01	7.343263e-04
-5.250000e-01	-4.900000e-01	7.276890e-04
-4.900000e-01	-4.550000e-01	7.354122e-04
-4.550000e-01	-4.200000e-01	7.283746e-04
-4.200000e-01	-3.850000e-01	7.307659e-04
-3.850000e-01	-3.500000e-01	7.324953e-04
-3.500000e-01	-3.150000e-01	7.363048e-04
-3.150000e-01	-2.800000e-01	7.301806e-04
-2.800000e-01	-2.450000e-01	7.292713e-04
-2.450000e-01	-2.100000e-01	7.301081e-04
-2.100000e-01	-1.750000e-01	7.214861e-04
-1.750000e-01	-1.400000e-01	7.279107e-04
-1.400000e-01	-1.050000e-01	7.149131e-04
-1.050000e-01	-7.000000e-02	7.120957e-04
-7.000000e-02	-3.500000e-02	7.140520e-04
-3.500000e-02	1.776357e-15	6.965465e-04
