# FLUKA USRBIN Z-projection  detector: EdepSlab
# Score type: 208  ncase: 25000
# Geometry: X=[-100.0,100.0] nx=50  Y=[-100.0,100.0] ny=50  Z=[-50.0,0.0] nz=300
# Columns: z_low[cm]  z_high[cm]  sum_XY(value*dx*dy)
# Units: EdepSlab→GeV/cm/primary  NeutSlab→cm/primary/cm_depth
-5.000000e+01	-4.983333e+01	5.334178e-03
-4.983333e+01	-4.966667e+01	7.288956e-03
-4.966667e+01	-4.950000e+01	8.388463e-03
-4.950000e+01	-4.933333e+01	9.725159e-03
-4.933333e+01	-4.916667e+01	1.046671e-02
-4.916667e+01	-4.900000e+01	1.069857e-02
-4.900000e+01	-4.883333e+01	1.099210e-02
-4.883333e+01	-4.866667e+01	1.209928e-02
-4.866667e+01	-4.850000e+01	1.178773e-02
-4.850000e+01	-4.833333e+01	1.271748e-02
-4.833333e+01	-4.816667e+01	1.281705e-02
-4.816667e+01	-4.800000e+01	1.297518e-02
-4.800000e+01	-4.783333e+01	1.390250e-02
-4.783333e+01	-4.766667e+01	1.407732e-02
-4.766667e+01	-4.750000e+01	1.406570e-02
-4.750000e+01	-4.733333e+01	1.404497e-02
-4.733333e+01	-4.716667e+01	1.386501e-02
-4.716667e+01	-4.700000e+01	1.436975e-02
-4.700000e+01	-4.683333e+01	1.446524e-02
-4.683333e+01	-4.666667e+01	1.427897e-02
-4.666667e+01	-4.650000e+01	1.436389e-02
-4.650000e+01	-4.633333e+01	1.485095e-02
-4.633333e+01	-4.616667e+01	1.467608e-02
-4.616667e+01	-4.600000e+01	1.462996e-02
-4.600000e+01	-4.583333e+01	1.455255e-02
-4.583333e+01	-4.566667e+01	1.488708e-02
-4.566667e+01	-4.550000e+01	1.451722e-02
-4.550000e+01	-4.533333e+01	1.463598e-02
-4.533333e+01	-4.516667e+01	1.482941e-02
-4.516667e+01	-4.500000e+01	1.465943e-02
-4.500000e+01	-4.483333e+01	1.527469e-02
-4.483333e+01	-4.466667e+01	1.508828e-02
-4.466667e+01	-4.450000e+01	1.498199e-02
-4.450000e+01	-4.433333e+01	1.519025e-02
-4.433333e+01	-4.416667e+01	1.553999e-02
-4.416667e+01	-4.400000e+01	1.570249e-02
-4.400000e+01	-4.383333e+01	1.540245e-02
-4.383333e+01	-4.366667e+01	1.484032e-02
-4.366667e+01	-4.350000e+01	1.505340e-02
-4.350000e+01	-4.333333e+01	1.534413e-02
-4.333333e+01	-4.316667e+01	1.493930e-02
-4.316667e+01	-4.300000e+01	1.512152e-02
-4.300000e+01	-4.283333e+01	1.504705e-02
-4.283333e+01	-4.266667e+01	1.465889e-02
-4.266667e+01	-4.250000e+01	1.487702e-02
-4.250000e+01	-4.233333e+01	1.522979e-02
-4.233333e+01	-4.216667e+01	1.508901e-02
-4.216667e+01	-4.200000e+01	1.477550e-02
-4.200000e+01	-4.183333e+01	1.480369e-02
-4.183333e+01	-4.166667e+01	1.460505e-02
-4.166667e+01	-4.150000e+01	1.431378e-02
-4.150000e+01	-4.133333e+01	1.434749e-02
-4.133333e+01	-4.116667e+01	1.455475e-02
-4.116667e+01	-4.100000e+01	1.414281e-02
-4.100000e+01	-4.083333e+01	1.429587e-02
-4.083333e+01	-4.066667e+01	1.417643e-02
-4.066667e+01	-4.050000e+01	1.423631e-02
-4.050000e+01	-4.033333e+01	1.408964e-02
-4.033333e+01	-4.016667e+01	1.410115e-02
-4.016667e+01	-4.000000e+01	1.387537e-02
-4.000000e+01	-3.983333e+01	1.365665e-02
-3.983333e+01	-3.966667e+01	1.404802e-02
-3.966667e+01	-3.950000e+01	1.372617e-02
-3.950000e+01	-3.933333e+01	1.347232e-02
-3.933333e+01	-3.916667e+01	1.366062e-02
-3.916667e+01	-3.900000e+01	1.327818e-02
-3.900000e+01	-3.883333e+01	1.323745e-02
-3.883333e+01	-3.866667e+01	1.311427e-02
-3.866667e+01	-3.850000e+01	1.352946e-02
-3.850000e+01	-3.833333e+01	1.346404e-02
-3.833333e+01	-3.816667e+01	1.340777e-02
-3.816667e+01	-3.800000e+01	1.297776e-02
-3.800000e+01	-3.783333e+01	1.281621e-02
-3.783333e+01	-3.766667e+01	1.303646e-02
-3.766667e+01	-3.750000e+01	1.281580e-02
-3.750000e+01	-3.733333e+01	1.243011e-02
-3.733333e+01	-3.716667e+01	1.237546e-02
-3.716667e+01	-3.700000e+01	1.225726e-02
-3.700000e+01	-3.683333e+01	1.232841e-02
-3.683333e+01	-3.666667e+01	1.234272e-02
-3.666667e+01	-3.650000e+01	1.190867e-02
-3.650000e+01	-3.633333e+01	1.167392e-02
-3.633333e+01	-3.616667e+01	1.175789e-02
-3.616667e+01	-3.600000e+01	1.163758e-02
-3.600000e+01	-3.583333e+01	1.184788e-02
-3.583333e+01	-3.566667e+01	1.166924e-02
-3.566667e+01	-3.550000e+01	1.174118e-02
-3.550000e+01	-3.533333e+01	1.156004e-02
-3.533333e+01	-3.516667e+01	1.155924e-02
-3.516667e+01	-3.500000e+01	1.118187e-02
-3.500000e+01	-3.483333e+01	1.119420e-02
-3.483333e+01	-3.466667e+01	1.115407e-02
-3.466667e+01	-3.450000e+01	1.095481e-02
-3.450000e+01	-3.433333e+01	1.118400e-02
-3.433333e+01	-3.416667e+01	1.090766e-02
-3.416667e+01	-3.400000e+01	1.085764e-02
-3.400000e+01	-3.383333e+01	1.068565e-02
-3.383333e+01	-3.366667e+01	1.046067e-02
-3.366667e+01	-3.350000e+01	1.061021e-02
-3.350000e+01	-3.333333e+01	1.029584e-02
-3.333333e+01	-3.316667e+01	1.038244e-02
-3.316667e+01	-3.300000e+01	1.042746e-02
-3.300000e+01	-3.283333e+01	1.026329e-02
-3.283333e+01	-3.266667e+01	9.931639e-03
-3.266667e+01	-3.250000e+01	9.817835e-03
-3.250000e+01	-3.233333e+01	9.859681e-03
-3.233333e+01	-3.216667e+01	9.640597e-03
-3.216667e+01	-3.200000e+01	9.749895e-03
-3.200000e+01	-3.183333e+01	9.886154e-03
-3.183333e+01	-3.166667e+01	9.544540e-03
-3.166667e+01	-3.150000e+01	9.376168e-03
-3.150000e+01	-3.133333e+01	9.587920e-03
-3.133333e+01	-3.116667e+01	9.303518e-03
-3.116667e+01	-3.100000e+01	9.077935e-03
-3.100000e+01	-3.083333e+01	8.833433e-03
-3.083333e+01	-3.066667e+01	8.936229e-03
-3.066667e+01	-3.050000e+01	9.123171e-03
-3.050000e+01	-3.033333e+01	8.986159e-03
-3.033333e+01	-3.016667e+01	8.873887e-03
-3.016667e+01	-3.000000e+01	8.865170e-03
-3.000000e+01	-2.983333e+01	8.781775e-03
-2.983333e+01	-2.966667e+01	8.613169e-03
-2.966667e+01	-2.950000e+01	8.835443e-03
-2.950000e+01	-2.933333e+01	8.774294e-03
-2.933333e+01	-2.916667e+01	8.459411e-03
-2.916667e+01	-2.900000e+01	8.415136e-03
-2.900000e+01	-2.883333e+01	8.317402e-03
-2.883333e+01	-2.866667e+01	8.322215e-03
-2.866667e+01	-2.850000e+01	8.027103e-03
-2.850000e+01	-2.833333e+01	8.470882e-03
-2.833333e+01	-2.816667e+01	8.051857e-03
-2.816667e+01	-2.800000e+01	7.848388e-03
-2.800000e+01	-2.783333e+01	8.089371e-03
-2.783333e+01	-2.766667e+01	7.984057e-03
-2.766667e+01	-2.750000e+01	7.878173e-03
-2.750000e+01	-2.733333e+01	7.869576e-03
-2.733333e+01	-2.716667e+01	7.820816e-03
-2.716667e+01	-2.700000e+01	7.541737e-03
-2.700000e+01	-2.683333e+01	7.505614e-03
-2.683333e+01	-2.666667e+01	7.420498e-03
-2.666667e+01	-2.650000e+01	7.195963e-03
-2.650000e+01	-2.633333e+01	7.282988e-03
-2.633333e+01	-2.616667e+01	7.045931e-03
-2.616667e+01	-2.600000e+01	6.994091e-03
-2.600000e+01	-2.583333e+01	6.932295e-03
-2.583333e+01	-2.566667e+01	6.935507e-03
-2.566667e+01	-2.550000e+01	6.937347e-03
-2.550000e+01	-2.533333e+01	6.738348e-03
-2.533333e+01	-2.516667e+01	6.675729e-03
-2.516667e+01	-2.500000e+01	6.713247e-03
-2.500000e+01	-2.483333e+01	6.576650e-03
-2.483333e+01	-2.466667e+01	6.825577e-03
-2.466667e+01	-2.450000e+01	6.654445e-03
-2.450000e+01	-2.433333e+01	6.579287e-03
-2.433333e+01	-2.416667e+01	6.340242e-03
-2.416667e+01	-2.400000e+01	6.270211e-03
-2.400000e+01	-2.383333e+01	5.963696e-03
-2.383333e+01	-2.366667e+01	5.965125e-03
-2.366667e+01	-2.350000e+01	6.117693e-03
-2.350000e+01	-2.333333e+01	6.062089e-03
-2.333333e+01	-2.316667e+01	5.798763e-03
-2.316667e+01	-2.300000e+01	5.838248e-03
-2.300000e+01	-2.283333e+01	5.775235e-03
-2.283333e+01	-2.266667e+01	5.816223e-03
-2.266667e+01	-2.250000e+01	5.724678e-03
-2.250000e+01	-2.233333e+01	5.619149e-03
-2.233333e+01	-2.216667e+01	5.669690e-03
-2.216667e+01	-2.200000e+01	5.248721e-03
-2.200000e+01	-2.183333e+01	5.480856e-03
-2.183333e+01	-2.166667e+01	5.259844e-03
-2.166667e+01	-2.150000e+01	5.353834e-03
-2.150000e+01	-2.133333e+01	5.118939e-03
-2.133333e+01	-2.116667e+01	5.260430e-03
-2.116667e+01	-2.100000e+01	5.236015e-03
-2.100000e+01	-2.083333e+01	5.002978e-03
-2.083333e+01	-2.066667e+01	5.158478e-03
-2.066667e+01	-2.050000e+01	4.973332e-03
-2.050000e+01	-2.033333e+01	4.819776e-03
-2.033333e+01	-2.016667e+01	4.809456e-03
-2.016667e+01	-2.000000e+01	4.843269e-03
-2.000000e+01	-1.983333e+01	4.670252e-03
-1.983333e+01	-1.966667e+01	4.748161e-03
-1.966667e+01	-1.950000e+01	4.555518e-03
-1.950000e+01	-1.933333e+01	4.706316e-03
-1.933333e+01	-1.916667e+01	4.500545e-03
-1.916667e+01	-1.900000e+01	4.520834e-03
-1.900000e+01	-1.883333e+01	4.586491e-03
-1.883333e+01	-1.866667e+01	4.394498e-03
-1.866667e+01	-1.850000e+01	4.370314e-03
-1.850000e+01	-1.833333e+01	4.295514e-03
-1.833333e+01	-1.816667e+01	4.302314e-03
-1.816667e+01	-1.800000e+01	4.137733e-03
-1.800000e+01	-1.783333e+01	4.125910e-03
-1.783333e+01	-1.766667e+01	4.309572e-03
-1.766667e+01	-1.750000e+01	4.084268e-03
-1.750000e+01	-1.733333e+01	3.966484e-03
-1.733333e+01	-1.716667e+01	4.041272e-03
-1.716667e+01	-1.700000e+01	3.881016e-03
-1.700000e+01	-1.683333e+01	4.080356e-03
-1.683333e+01	-1.666667e+01	3.853386e-03
-1.666667e+01	-1.650000e+01	3.744958e-03
-1.650000e+01	-1.633333e+01	3.708016e-03
-1.633333e+01	-1.616667e+01	3.652915e-03
-1.616667e+01	-1.600000e+01	3.547610e-03
-1.600000e+01	-1.583333e+01	3.565834e-03
-1.583333e+01	-1.566667e+01	3.665408e-03
-1.566667e+01	-1.550000e+01	3.713663e-03
-1.550000e+01	-1.533333e+01	3.522253e-03
-1.533333e+01	-1.516667e+01	3.601802e-03
-1.516667e+01	-1.500000e+01	3.435193e-03
-1.500000e+01	-1.483333e+01	3.502282e-03
-1.483333e+01	-1.466667e+01	3.355958e-03
-1.466667e+01	-1.450000e+01	3.344581e-03
-1.450000e+01	-1.433333e+01	3.285878e-03
-1.433333e+01	-1.416667e+01	3.309981e-03
-1.416667e+01	-1.400000e+01	3.191452e-03
-1.400000e+01	-1.383333e+01	3.111681e-03
-1.383333e+01	-1.366667e+01	3.114555e-03
-1.366667e+01	-1.350000e+01	3.073002e-03
-1.350000e+01	-1.333333e+01	2.985441e-03
-1.333333e+01	-1.316667e+01	3.034793e-03
-1.316667e+01	-1.300000e+01	2.970451e-03
-1.300000e+01	-1.283333e+01	2.850120e-03
-1.283333e+01	-1.266667e+01	2.890214e-03
-1.266667e+01	-1.250000e+01	2.881753e-03
-1.250000e+01	-1.233333e+01	2.885494e-03
-1.233333e+01	-1.216667e+01	2.668217e-03
-1.216667e+01	-1.200000e+01	2.677869e-03
-1.200000e+01	-1.183333e+01	2.732342e-03
-1.183333e+01	-1.166667e+01	2.612870e-03
-1.166667e+01	-1.150000e+01	2.560846e-03
-1.150000e+01	-1.133333e+01	2.493703e-03
-1.133333e+01	-1.116667e+01	2.562223e-03
-1.116667e+01	-1.100000e+01	2.439030e-03
-1.100000e+01	-1.083333e+01	2.377857e-03
-1.083333e+01	-1.066667e+01	2.391180e-03
-1.066667e+01	-1.050000e+01	2.411273e-03
-1.050000e+01	-1.033333e+01	2.488195e-03
-1.033333e+01	-1.016667e+01	2.409611e-03
-1.016667e+01	-1.000000e+01	2.436513e-03
-1.000000e+01	-9.833333e+00	2.392783e-03
-9.833333e+00	-9.666667e+00	2.326269e-03
-9.666667e+00	-9.500000e+00	2.222790e-03
-9.500000e+00	-9.333333e+00	2.353185e-03
-9.333333e+00	-9.166667e+00	2.272993e-03
-9.166667e+00	-9.000000e+00	2.125507e-03
-9.000000e+00	-8.833333e+00	2.178231e-03
-8.833333e+00	-8.666667e+00	2.037200e-03
-8.666667e+00	-8.500000e+00	2.165411e-03
-8.500000e+00	-8.333333e+00	2.149282e-03
-8.333333e+00	-8.166667e+00	2.019700e-03
-8.166667e+00	-8.000000e+00	2.026215e-03
-8.000000e+00	-7.833333e+00	1.923131e-03
-7.833333e+00	-7.666667e+00	1.909034e-03
-7.666667e+00	-7.500000e+00	2.022045e-03
-7.500000e+00	-7.333333e+00	1.800495e-03
-7.333333e+00	-7.166667e+00	1.781933e-03
-7.166667e+00	-7.000000e+00	1.637986e-03
-7.000000e+00	-6.833333e+00	1.674033e-03
-6.833333e+00	-6.666667e+00	1.690359e-03
-6.666667e+00	-6.500000e+00	1.681343e-03
-6.500000e+00	-6.333333e+00	1.723495e-03
-6.333333e+00	-6.166667e+00	1.708805e-03
-6.166667e+00	-6.000000e+00	1.650182e-03
-6.000000e+00	-5.833333e+00	1.672336e-03
-5.833333e+00	-5.666667e+00	1.618060e-03
-5.666667e+00	-5.500000e+00	1.488324e-03
-5.500000e+00	-5.333333e+00	1.457012e-03
-5.333333e+00	-5.166667e+00	1.410097e-03
-5.166667e+00	-5.000000e+00	1.414858e-03
-5.000000e+00	-4.833333e+00	1.395237e-03
-4.833333e+00	-4.666667e+00	1.456609e-03
-4.666667e+00	-4.500000e+00	1.235242e-03
-4.500000e+00	-4.333333e+00	1.261187e-03
-4.333333e+00	-4.166667e+00	1.224776e-03
-4.166667e+00	-4.000000e+00	1.249294e-03
-4.000000e+00	-3.833333e+00	1.224270e-03
-3.833333e+00	-3.666667e+00	1.172537e-03
-3.666667e+00	-3.500000e+00	1.140712e-03
-3.500000e+00	-3.333333e+00	1.097452e-03
-3.333333e+00	-3.166667e+00	1.141779e-03
-3.166667e+00	-3.000000e+00	1.165352e-03
-3.000000e+00	-2.833333e+00	1.003035e-03
-2.833333e+00	-2.666667e+00	1.010847e-03
-2.666667e+00	-2.500000e+00	1.031540e-03
-2.500000e+00	-2.333333e+00	9.194626e-04
-2.333333e+00	-2.166667e+00	8.902680e-04
-2.166667e+00	-2.000000e+00	8.107871e-04
-2.000000e+00	-1.833333e+00	9.441734e-04
-1.833333e+00	-1.666667e+00	8.363141e-04
-1.666667e+00	-1.500000e+00	7.489180e-04
-1.500000e+00	-1.333333e+00	7.396993e-04
-1.333333e+00	-1.166667e+00	7.253772e-04
-1.166667e+00	-1.000000e+00	7.554218e-04
-1.000000e+00	-8.333333e-01	6.591290e-04
-8.333333e-01	-6.666667e-01	6.752589e-04
-6.666667e-01	-5.000000e-01	6.288153e-04
-5.000000e-01	-3.333333e-01	5.965001e-04
-3.333333e-01	-1.666667e-01	5.516470e-04
-1.666667e-01	0.000000e+00	4.442054e-04
