# FLUKA USRBIN Z-projection  detector: NeutSlab
# Score type: 8  ncase: 2500000
# Geometry: X=[-100.0,100.0] nx=100  Y=[-100.0,100.0] ny=100  Z=[-10.5,0.0] nz=105
# Columns: z_low[cm]  z_high[cm]  sum_XY(value*dx*dy)
# Units: EdepSlab→GeV/cm/primary  NeutSlab→cm/primary/cm_depth
-1.050000e+01	-1.040000e+01	1.038922e+00
-1.040000e+01	-1.030000e+01	1.043765e+00
-1.030000e+01	-1.020000e+01	1.047472e+00
-1.020000e+01	-1.010000e+01	1.051422e+00
-1.010000e+01	-1.000000e+01	1.054415e+00
-1.000000e+01	-9.900000e+00	1.057060e+00
-9.900000e+00	-9.800000e+00	1.059594e+00
-9.800000e+00	-9.700000e+00	1.063191e+00
-9.700000e+00	-9.600000e+00	1.065686e+00
-9.600000e+00	-9.500000e+00	1.068086e+00
-9.500000e+00	-9.400000e+00	1.070499e+00
-9.400000e+00	-9.300000e+00	1.072904e+00
-9.300000e+00	-9.200000e+00	1.075076e+00
-9.200000e+00	-9.100000e+00	1.077066e+00
-9.100000e+00	-9.000000e+00	1.078884e+00
-9.000000e+00	-8.900000e+00	1.080795e+00
-8.900000e+00	-8.800000e+00	1.082934e+00
-8.800000e+00	-8.700000e+00	1.085044e+00
-8.700000e+00	-8.600000e+00	1.086794e+00
-8.600000e+00	-8.500000e+00	1.088436e+00
-8.500000e+00	-8.400000e+00	1.090017e+00
-8.400000e+00	-8.300000e+00	1.092050e+00
-8.300000e+00	-8.200000e+00	1.094136e+00
-8.200000e+00	-8.100000e+00	1.095639e+00
-8.100000e+00	-8.000000e+00	1.096892e+00
-8.000000e+00	-7.900000e+00	1.098352e+00
-7.900000e+00	-7.800000e+00	1.100158e+00
-7.800000e+00	-7.700000e+00	1.101803e+00
-7.700000e+00	-7.600000e+00	1.102715e+00
-7.600000e+00	-7.500000e+00	1.103946e+00
-7.500000e+00	-7.400000e+00	1.105482e+00
-7.400000e+00	-7.300000e+00	1.107818e+00
-7.300000e+00	-7.200000e+00	1.109259e+00
-7.200000e+00	-7.100000e+00	1.110096e+00
-7.100000e+00	-7.000000e+00	1.112306e+00
-7.000000e+00	-6.900000e+00	1.112242e+00
-6.900000e+00	-6.800000e+00	1.113673e+00
-6.800000e+00	-6.700000e+00	1.113994e+00
-6.700000e+00	-6.600000e+00	1.114324e+00
-6.600000e+00	-6.500000e+00	1.115106e+00
-6.500000e+00	-6.400000e+00	1.116341e+00
-6.400000e+00	-6.300000e+00	1.117823e+00
-6.300000e+00	-6.200000e+00	1.119294e+00
-6.200000e+00	-6.100000e+00	1.120252e+00
-6.100000e+00	-6.000000e+00	1.121209e+00
-6.000000e+00	-5.900000e+00	1.121539e+00
-5.900000e+00	-5.800000e+00	1.122126e+00
-5.800000e+00	-5.700000e+00	1.123203e+00
-5.700000e+00	-5.600000e+00	1.123642e+00
-5.600000e+00	-5.500000e+00	1.124629e+00
-5.500000e+00	-5.400000e+00	1.125232e+00
-5.400000e+00	-5.300000e+00	1.125775e+00
-5.300000e+00	-5.200000e+00	1.126157e+00
-5.200000e+00	-5.100000e+00	1.126981e+00
-5.100000e+00	-5.000000e+00	1.127731e+00
-5.000000e+00	-4.900000e+00	1.128634e+00
-4.900000e+00	-4.800000e+00	1.129345e+00
-4.800000e+00	-4.700000e+00	1.128784e+00
-4.700000e+00	-4.600000e+00	1.128972e+00
-4.600000e+00	-4.500000e+00	1.130270e+00
-4.500000e+00	-4.400000e+00	1.130651e+00
-4.400000e+00	-4.300000e+00	1.130491e+00
-4.300000e+00	-4.200000e+00	1.130251e+00
-4.200000e+00	-4.100000e+00	1.130544e+00
-4.100000e+00	-4.000000e+00	1.131834e+00
-4.000000e+00	-3.900000e+00	1.131635e+00
-3.900000e+00	-3.800000e+00	1.132213e+00
-3.800000e+00	-3.700000e+00	1.131883e+00
-3.700000e+00	-3.600000e+00	1.131632e+00
-3.600000e+00	-3.500000e+00	1.131251e+00
-3.500000e+00	-3.400000e+00	1.131569e+00
-3.400000e+00	-3.300000e+00	1.131061e+00
-3.300000e+00	-3.200000e+00	1.131230e+00
-3.200000e+00	-3.100000e+00	1.131822e+00
-3.100000e+00	-3.000000e+00	1.131610e+00
-3.000000e+00	-2.900000e+00	1.132253e+00
-2.900000e+00	-2.800000e+00	1.132228e+00
-2.800000e+00	-2.700000e+00	1.131210e+00
-2.700000e+00	-2.600000e+00	1.131051e+00
-2.600000e+00	-2.500000e+00	1.130899e+00
-2.500000e+00	-2.400000e+00	1.129471e+00
-2.400000e+00	-2.300000e+00	1.129066e+00
-2.300000e+00	-2.200000e+00	1.128965e+00
-2.200000e+00	-2.100000e+00	1.128303e+00
-2.100000e+00	-2.000000e+00	1.127873e+00
-2.000000e+00	-1.900000e+00	1.126948e+00
-1.900000e+00	-1.800000e+00	1.126352e+00
-1.800000e+00	-1.700000e+00	1.125020e+00
-1.700000e+00	-1.600000e+00	1.124336e+00
-1.600000e+00	-1.500000e+00	1.122241e+00
-1.500000e+00	-1.400000e+00	1.122298e+00
-1.400000e+00	-1.300000e+00	1.120654e+00
-1.300000e+00	-1.200000e+00	1.119438e+00
-1.200000e+00	-1.100000e+00	1.118523e+00
-1.100000e+00	-1.000000e+00	1.116776e+00
-1.000000e+00	-9.000000e-01	1.115296e+00
-9.000000e-01	-8.000000e-01	1.113787e+00
-8.000000e-01	-7.000000e-01	1.111194e+00
-7.000000e-01	-6.000000e-01	1.109887e+00
-6.000000e-01	-5.000000e-01	1.108173e+00
-5.000000e-01	-4.000000e-01	1.105516e+00
-4.000000e-01	-3.000000e-01	1.103059e+00
-3.000000e-01	-2.000000e-01	1.099921e+00
-2.000000e-01	-1.000000e-01	1.095762e+00
-1.000000e-01	0.000000e+00	1.090960e+00
