# FLUKA USRBIN Z-projection  detector: NeutSlab
# Score type: 8  ncase: 500000
# Geometry: X=[-100.0,100.0] nx=100  Y=[-100.0,100.0] ny=100  Z=[-50.0,0.0] nz=105
# Columns: z_low[cm]  z_high[cm]  sum_XY(value*dx*dy)
# Units: EdepSlab→GeV/cm/primary  NeutSlab→cm/primary/cm_depth
-5.000000e+01	-4.952381e+01	2.455604e+00
-4.952381e+01	-4.904762e+01	2.749931e+00
-4.904762e+01	-4.857143e+01	2.932699e+00
-4.857143e+01	-4.809524e+01	3.050120e+00
-4.809524e+01	-4.761905e+01	3.123730e+00
-4.761905e+01	-4.714286e+01	3.159272e+00
-4.714286e+01	-4.666667e+01	3.158736e+00
-4.666667e+01	-4.619048e+01	3.148445e+00
-4.619048e+01	-4.571429e+01	3.117034e+00
-4.571429e+01	-4.523810e+01	3.073901e+00
-4.523810e+01	-4.476190e+01	3.017707e+00
-4.476190e+01	-4.428571e+01	2.953328e+00
-4.428571e+01	-4.380952e+01	2.885326e+00
-4.380952e+01	-4.333333e+01	2.811229e+00
-4.333333e+01	-4.285714e+01	2.735141e+00
-4.285714e+01	-4.238095e+01	2.652021e+00
-4.238095e+01	-4.190476e+01	2.565412e+00
-4.190476e+01	-4.142857e+01	2.483907e+00
-4.142857e+01	-4.095238e+01	2.402100e+00
-4.095238e+01	-4.047619e+01	2.319939e+00
-4.047619e+01	-4.000000e+01	2.229613e+00
-4.000000e+01	-3.952381e+01	2.151622e+00
-3.952381e+01	-3.904762e+01	2.075303e+00
-3.904762e+01	-3.857143e+01	1.988302e+00
-3.857143e+01	-3.809524e+01	1.900049e+00
-3.809524e+01	-3.761905e+01	1.823646e+00
-3.761905e+01	-3.714286e+01	1.752165e+00
-3.714286e+01	-3.666667e+01	1.678795e+00
-3.666667e+01	-3.619048e+01	1.601213e+00
-3.619048e+01	-3.571429e+01	1.528037e+00
-3.571429e+01	-3.523810e+01	1.459169e+00
-3.523810e+01	-3.476190e+01	1.394068e+00
-3.476190e+01	-3.428571e+01	1.329805e+00
-3.428571e+01	-3.380952e+01	1.272087e+00
-3.380952e+01	-3.333333e+01	1.211921e+00
-3.333333e+01	-3.285714e+01	1.151148e+00
-3.285714e+01	-3.238095e+01	1.097184e+00
-3.238095e+01	-3.190476e+01	1.046013e+00
-3.190476e+01	-3.142857e+01	9.941225e-01
-3.142857e+01	-3.095238e+01	9.446255e-01
-3.095238e+01	-3.047619e+01	8.964417e-01
-3.047619e+01	-3.000000e+01	8.506892e-01
-3.000000e+01	-2.952381e+01	8.092397e-01
-2.952381e+01	-2.904762e+01	7.674168e-01
-2.904762e+01	-2.857143e+01	7.224333e-01
-2.857143e+01	-2.809524e+01	6.833093e-01
-2.809524e+01	-2.761905e+01	6.463788e-01
-2.761905e+01	-2.714286e+01	6.096748e-01
-2.714286e+01	-2.666667e+01	5.773027e-01
-2.666667e+01	-2.619048e+01	5.449014e-01
-2.619048e+01	-2.571429e+01	5.157731e-01
-2.571429e+01	-2.523810e+01	4.867322e-01
-2.523810e+01	-2.476190e+01	4.618970e-01
-2.476190e+01	-2.428571e+01	4.354674e-01
-2.428571e+01	-2.380952e+01	4.105943e-01
-2.380952e+01	-2.333333e+01	3.883977e-01
-2.333333e+01	-2.285714e+01	3.666868e-01
-2.285714e+01	-2.238095e+01	3.446439e-01
-2.238095e+01	-2.190476e+01	3.238879e-01
-2.190476e+01	-2.142857e+01	3.036492e-01
-2.142857e+01	-2.095238e+01	2.854157e-01
-2.095238e+01	-2.047619e+01	2.701408e-01
-2.047619e+01	-2.000000e+01	2.547570e-01
-2.000000e+01	-1.952381e+01	2.368708e-01
-1.952381e+01	-1.904762e+01	2.233495e-01
-1.904762e+01	-1.857143e+01	2.098988e-01
-1.857143e+01	-1.809524e+01	1.962820e-01
-1.809524e+01	-1.761905e+01	1.839052e-01
-1.761905e+01	-1.714286e+01	1.717970e-01
-1.714286e+01	-1.666667e+01	1.604146e-01
-1.666667e+01	-1.619048e+01	1.496282e-01
-1.619048e+01	-1.571429e+01	1.404258e-01
-1.571429e+01	-1.523810e+01	1.299964e-01
-1.523810e+01	-1.476190e+01	1.219418e-01
-1.476190e+01	-1.428571e+01	1.132334e-01
-1.428571e+01	-1.380952e+01	1.068800e-01
-1.380952e+01	-1.333333e+01	1.008732e-01
-1.333333e+01	-1.285714e+01	9.453061e-02
-1.285714e+01	-1.238095e+01	8.764777e-02
-1.238095e+01	-1.190476e+01	8.129032e-02
-1.190476e+01	-1.142857e+01	7.499979e-02
-1.142857e+01	-1.095238e+01	7.007328e-02
-1.095238e+01	-1.047619e+01	6.591818e-02
-1.047619e+01	-1.000000e+01	6.125097e-02
-1.000000e+01	-9.523810e+00	5.609189e-02
-9.523810e+00	-9.047619e+00	5.223119e-02
-9.047619e+00	-8.571429e+00	4.840715e-02
-8.571429e+00	-8.095238e+00	4.480993e-02
-8.095238e+00	-7.619048e+00	4.225728e-02
-7.619048e+00	-7.142857e+00	3.930933e-02
-7.142857e+00	-6.666667e+00	3.568402e-02
-6.666667e+00	-6.190476e+00	3.360264e-02
-6.190476e+00	-5.714286e+00	3.069299e-02
-5.714286e+00	-5.238095e+00	2.765851e-02
-5.238095e+00	-4.761905e+00	2.511985e-02
-4.761905e+00	-4.285714e+00	2.263685e-02
-4.285714e+00	-3.809524e+00	2.022870e-02
-3.809524e+00	-3.333333e+00	1.905126e-02
-3.333333e+00	-2.857143e+00	1.692602e-02
-2.857143e+00	-2.380952e+00	1.548063e-02
-2.380952e+00	-1.904762e+00	1.296962e-02
-1.904762e+00	-1.428571e+00	1.124015e-02
-1.428571e+00	-9.523810e-01	9.219917e-03
-9.523810e-01	-4.761905e-01	7.192670e-03
-4.761905e-01	0.000000e+00	4.963119e-03
