# FLUKA USRBIN Z-projection  detector: NeutSlab
# Score type: 8  ncase: 500000
# Geometry: X=[-100.0,100.0] nx=100  Y=[-100.0,100.0] ny=100  Z=[-50.0,0.0] nz=105
# Columns: z_low[cm]  z_high[cm]  sum_XY(value*dx*dy)
# Units: EdepSlab→GeV/cm/primary  NeutSlab→cm/primary/cm_depth
-5.000000e+01	-4.952381e+01	3.054115e+00
-4.952381e+01	-4.904762e+01	3.618359e+00
-4.904762e+01	-4.857143e+01	4.020313e+00
-4.857143e+01	-4.809524e+01	4.325544e+00
-4.809524e+01	-4.761905e+01	4.570287e+00
-4.761905e+01	-4.714286e+01	4.769628e+00
-4.714286e+01	-4.666667e+01	4.910528e+00
-4.666667e+01	-4.619048e+01	5.018797e+00
-4.619048e+01	-4.571429e+01	5.088122e+00
-4.571429e+01	-4.523810e+01	5.131538e+00
-4.523810e+01	-4.476190e+01	5.152105e+00
-4.476190e+01	-4.428571e+01	5.129430e+00
-4.428571e+01	-4.380952e+01	5.102812e+00
-4.380952e+01	-4.333333e+01	5.062320e+00
-4.333333e+01	-4.285714e+01	4.999476e+00
-4.285714e+01	-4.238095e+01	4.926987e+00
-4.238095e+01	-4.190476e+01	4.840265e+00
-4.190476e+01	-4.142857e+01	4.746915e+00
-4.142857e+01	-4.095238e+01	4.633640e+00
-4.095238e+01	-4.047619e+01	4.526381e+00
-4.047619e+01	-4.000000e+01	4.414080e+00
-4.000000e+01	-3.952381e+01	4.301233e+00
-3.952381e+01	-3.904762e+01	4.177197e+00
-3.904762e+01	-3.857143e+01	4.035087e+00
-3.857143e+01	-3.809524e+01	3.907612e+00
-3.809524e+01	-3.761905e+01	3.778461e+00
-3.761905e+01	-3.714286e+01	3.652904e+00
-3.714286e+01	-3.666667e+01	3.514291e+00
-3.666667e+01	-3.619048e+01	3.383730e+00
-3.619048e+01	-3.571429e+01	3.261073e+00
-3.571429e+01	-3.523810e+01	3.133438e+00
-3.523810e+01	-3.476190e+01	3.003827e+00
-3.476190e+01	-3.428571e+01	2.889978e+00
-3.428571e+01	-3.380952e+01	2.760160e+00
-3.380952e+01	-3.333333e+01	2.641084e+00
-3.333333e+01	-3.285714e+01	2.533873e+00
-3.285714e+01	-3.238095e+01	2.414018e+00
-3.238095e+01	-3.190476e+01	2.307491e+00
-3.190476e+01	-3.142857e+01	2.197478e+00
-3.142857e+01	-3.095238e+01	2.093920e+00
-3.095238e+01	-3.047619e+01	1.997685e+00
-3.047619e+01	-3.000000e+01	1.899942e+00
-3.000000e+01	-2.952381e+01	1.809561e+00
-2.952381e+01	-2.904762e+01	1.720196e+00
-2.904762e+01	-2.857143e+01	1.636021e+00
-2.857143e+01	-2.809524e+01	1.556344e+00
-2.809524e+01	-2.761905e+01	1.476548e+00
-2.761905e+01	-2.714286e+01	1.399294e+00
-2.714286e+01	-2.666667e+01	1.331338e+00
-2.666667e+01	-2.619048e+01	1.261112e+00
-2.619048e+01	-2.571429e+01	1.196373e+00
-2.571429e+01	-2.523810e+01	1.136242e+00
-2.523810e+01	-2.476190e+01	1.076896e+00
-2.476190e+01	-2.428571e+01	1.011106e+00
-2.428571e+01	-2.380952e+01	9.587033e-01
-2.380952e+01	-2.333333e+01	9.095826e-01
-2.333333e+01	-2.285714e+01	8.558264e-01
-2.285714e+01	-2.238095e+01	8.087271e-01
-2.238095e+01	-2.190476e+01	7.638178e-01
-2.190476e+01	-2.142857e+01	7.223085e-01
-2.142857e+01	-2.095238e+01	6.831581e-01
-2.095238e+01	-2.047619e+01	6.424273e-01
-2.047619e+01	-2.000000e+01	6.064240e-01
-2.000000e+01	-1.952381e+01	5.725335e-01
-1.952381e+01	-1.904762e+01	5.382553e-01
-1.904762e+01	-1.857143e+01	5.052601e-01
-1.857143e+01	-1.809524e+01	4.762886e-01
-1.809524e+01	-1.761905e+01	4.471567e-01
-1.761905e+01	-1.714286e+01	4.195239e-01
-1.714286e+01	-1.666667e+01	3.933685e-01
-1.666667e+01	-1.619048e+01	3.681477e-01
-1.619048e+01	-1.571429e+01	3.458079e-01
-1.571429e+01	-1.523810e+01	3.244805e-01
-1.523810e+01	-1.476190e+01	3.059466e-01
-1.476190e+01	-1.428571e+01	2.865770e-01
-1.428571e+01	-1.380952e+01	2.694091e-01
-1.380952e+01	-1.333333e+01	2.508814e-01
-1.333333e+01	-1.285714e+01	2.361479e-01
-1.285714e+01	-1.238095e+01	2.233059e-01
-1.238095e+01	-1.190476e+01	2.101020e-01
-1.190476e+01	-1.142857e+01	1.964025e-01
-1.142857e+01	-1.095238e+01	1.815190e-01
-1.095238e+01	-1.047619e+01	1.705971e-01
-1.047619e+01	-1.000000e+01	1.572994e-01
-1.000000e+01	-9.523810e+00	1.482117e-01
-9.523810e+00	-9.047619e+00	1.378510e-01
-9.047619e+00	-8.571429e+00	1.277799e-01
-8.571429e+00	-8.095238e+00	1.193734e-01
-8.095238e+00	-7.619048e+00	1.096729e-01
-7.619048e+00	-7.142857e+00	1.019648e-01
-7.142857e+00	-6.666667e+00	9.430994e-02
-6.666667e+00	-6.190476e+00	8.740074e-02
-6.190476e+00	-5.714286e+00	8.031987e-02
-5.714286e+00	-5.238095e+00	7.262543e-02
-5.238095e+00	-4.761905e+00	6.668133e-02
-4.761905e+00	-4.285714e+00	5.947007e-02
-4.285714e+00	-3.809524e+00	5.391437e-02
-3.809524e+00	-3.333333e+00	4.856625e-02
-3.333333e+00	-2.857143e+00	4.312045e-02
-2.857143e+00	-2.380952e+00	3.753841e-02
-2.380952e+00	-1.904762e+00	3.269081e-02
-1.904762e+00	-1.428571e+00	2.761839e-02
-1.428571e+00	-9.523810e-01	2.240735e-02
-9.523810e-01	-4.761905e-01	1.780824e-02
-4.761905e-01	0.000000e+00	1.286315e-02
