# FLUKA USRBIN Z-projection  detector: NeutSlab
# Score type: 8  ncase: 2500000
# Geometry: X=[-100.0,100.0] nx=100  Y=[-100.0,100.0] ny=100  Z=[-10.5,0.0] nz=105
# Columns: z_low[cm]  z_high[cm]  sum_XY(value*dx*dy)
# Units: EdepSlab→GeV/cm/primary  NeutSlab→cm/primary/cm_depth
-1.050000e+01	-1.040000e+01	1.052159e+00
-1.040000e+01	-1.030000e+01	1.059945e+00
-1.030000e+01	-1.020000e+01	1.066077e+00
-1.020000e+01	-1.010000e+01	1.072095e+00
-1.010000e+01	-1.000000e+01	1.077130e+00
-1.000000e+01	-9.900000e+00	1.081827e+00
-9.900000e+00	-9.800000e+00	1.086171e+00
-9.800000e+00	-9.700000e+00	1.090176e+00
-9.700000e+00	-9.600000e+00	1.094966e+00
-9.600000e+00	-9.500000e+00	1.098851e+00
-9.500000e+00	-9.400000e+00	1.102138e+00
-9.400000e+00	-9.300000e+00	1.105502e+00
-9.300000e+00	-9.200000e+00	1.108879e+00
-9.200000e+00	-9.100000e+00	1.111557e+00
-9.100000e+00	-9.000000e+00	1.115129e+00
-9.000000e+00	-8.900000e+00	1.117303e+00
-8.900000e+00	-8.800000e+00	1.120298e+00
-8.800000e+00	-8.700000e+00	1.122802e+00
-8.700000e+00	-8.600000e+00	1.125573e+00
-8.600000e+00	-8.500000e+00	1.127645e+00
-8.500000e+00	-8.400000e+00	1.130551e+00
-8.400000e+00	-8.300000e+00	1.132621e+00
-8.300000e+00	-8.200000e+00	1.134482e+00
-8.200000e+00	-8.100000e+00	1.136917e+00
-8.100000e+00	-8.000000e+00	1.138119e+00
-8.000000e+00	-7.900000e+00	1.139841e+00
-7.900000e+00	-7.800000e+00	1.141402e+00
-7.800000e+00	-7.700000e+00	1.143785e+00
-7.700000e+00	-7.600000e+00	1.145202e+00
-7.600000e+00	-7.500000e+00	1.146175e+00
-7.500000e+00	-7.400000e+00	1.147333e+00
-7.400000e+00	-7.300000e+00	1.149490e+00
-7.300000e+00	-7.200000e+00	1.150528e+00
-7.200000e+00	-7.100000e+00	1.150730e+00
-7.100000e+00	-7.000000e+00	1.151610e+00
-7.000000e+00	-6.900000e+00	1.152760e+00
-6.900000e+00	-6.800000e+00	1.154065e+00
-6.800000e+00	-6.700000e+00	1.155434e+00
-6.700000e+00	-6.600000e+00	1.156147e+00
-6.600000e+00	-6.500000e+00	1.156669e+00
-6.500000e+00	-6.400000e+00	1.157441e+00
-6.400000e+00	-6.300000e+00	1.158060e+00
-6.300000e+00	-6.200000e+00	1.159150e+00
-6.200000e+00	-6.100000e+00	1.159884e+00
-6.100000e+00	-6.000000e+00	1.159681e+00
-6.000000e+00	-5.900000e+00	1.160288e+00
-5.900000e+00	-5.800000e+00	1.160877e+00
-5.800000e+00	-5.700000e+00	1.160861e+00
-5.700000e+00	-5.600000e+00	1.160063e+00
-5.600000e+00	-5.500000e+00	1.159443e+00
-5.500000e+00	-5.400000e+00	1.159710e+00
-5.400000e+00	-5.300000e+00	1.160020e+00
-5.300000e+00	-5.200000e+00	1.159904e+00
-5.200000e+00	-5.100000e+00	1.159875e+00
-5.100000e+00	-5.000000e+00	1.159889e+00
-5.000000e+00	-4.900000e+00	1.159699e+00
-4.900000e+00	-4.800000e+00	1.159406e+00
-4.800000e+00	-4.700000e+00	1.159757e+00
-4.700000e+00	-4.600000e+00	1.158293e+00
-4.600000e+00	-4.500000e+00	1.158758e+00
-4.500000e+00	-4.400000e+00	1.157582e+00
-4.400000e+00	-4.300000e+00	1.157356e+00
-4.300000e+00	-4.200000e+00	1.157258e+00
-4.200000e+00	-4.100000e+00	1.155995e+00
-4.100000e+00	-4.000000e+00	1.154951e+00
-4.000000e+00	-3.900000e+00	1.153220e+00
-3.900000e+00	-3.800000e+00	1.153272e+00
-3.800000e+00	-3.700000e+00	1.151855e+00
-3.700000e+00	-3.600000e+00	1.151099e+00
-3.600000e+00	-3.500000e+00	1.150323e+00
-3.500000e+00	-3.400000e+00	1.149102e+00
-3.400000e+00	-3.300000e+00	1.147729e+00
-3.300000e+00	-3.200000e+00	1.146829e+00
-3.200000e+00	-3.100000e+00	1.145445e+00
-3.100000e+00	-3.000000e+00	1.144405e+00
-3.000000e+00	-2.900000e+00	1.142368e+00
-2.900000e+00	-2.800000e+00	1.140281e+00
-2.800000e+00	-2.700000e+00	1.137917e+00
-2.700000e+00	-2.600000e+00	1.137792e+00
-2.600000e+00	-2.500000e+00	1.135951e+00
-2.500000e+00	-2.400000e+00	1.134168e+00
-2.400000e+00	-2.300000e+00	1.132115e+00
-2.300000e+00	-2.200000e+00	1.129785e+00
-2.200000e+00	-2.100000e+00	1.127111e+00
-2.100000e+00	-2.000000e+00	1.124903e+00
-2.000000e+00	-1.900000e+00	1.122148e+00
-1.900000e+00	-1.800000e+00	1.119678e+00
-1.800000e+00	-1.700000e+00	1.116613e+00
-1.700000e+00	-1.600000e+00	1.112818e+00
-1.600000e+00	-1.500000e+00	1.110777e+00
-1.500000e+00	-1.400000e+00	1.106522e+00
-1.400000e+00	-1.300000e+00	1.102163e+00
-1.300000e+00	-1.200000e+00	1.098251e+00
-1.200000e+00	-1.100000e+00	1.094341e+00
-1.100000e+00	-1.000000e+00	1.090799e+00
-1.000000e+00	-9.000000e-01	1.085967e+00
-9.000000e-01	-8.000000e-01	1.081408e+00
-8.000000e-01	-7.000000e-01	1.075951e+00
-7.000000e-01	-6.000000e-01	1.070663e+00
-6.000000e-01	-5.000000e-01	1.065215e+00
-5.000000e-01	-4.000000e-01	1.058893e+00
-4.000000e-01	-3.000000e-01	1.053318e+00
-3.000000e-01	-2.000000e-01	1.046256e+00
-2.000000e-01	-1.000000e-01	1.038084e+00
-1.000000e-01	0.000000e+00	1.026671e+00
