# FLUKA USRBIN Z-projection  detector: NeutSlab
# Score type: 8  ncase: 2500000
# Geometry: X=[-100.0,100.0] nx=100  Y=[-100.0,100.0] ny=100  Z=[-10.5,0.0] nz=105
# Columns: z_low[cm]  z_high[cm]  sum_XY(value*dx*dy)
# Units: EdepSlab→GeV/cm/primary  NeutSlab→cm/primary/cm_depth
-1.050000e+01	-1.040000e+01	1.432619e+00
-1.040000e+01	-1.030000e+01	1.543876e+00
-1.030000e+01	-1.020000e+01	1.625406e+00
-1.020000e+01	-1.010000e+01	1.687865e+00
-1.010000e+01	-1.000000e+01	1.740704e+00
-1.000000e+01	-9.900000e+00	1.783202e+00
-9.900000e+00	-9.800000e+00	1.813328e+00
-9.800000e+00	-9.700000e+00	1.837005e+00
-9.700000e+00	-9.600000e+00	1.855449e+00
-9.600000e+00	-9.500000e+00	1.868311e+00
-9.500000e+00	-9.400000e+00	1.875227e+00
-9.400000e+00	-9.300000e+00	1.877653e+00
-9.300000e+00	-9.200000e+00	1.874133e+00
-9.200000e+00	-9.100000e+00	1.866852e+00
-9.100000e+00	-9.000000e+00	1.854259e+00
-9.000000e+00	-8.900000e+00	1.839680e+00
-8.900000e+00	-8.800000e+00	1.822034e+00
-8.800000e+00	-8.700000e+00	1.801238e+00
-8.700000e+00	-8.600000e+00	1.778849e+00
-8.600000e+00	-8.500000e+00	1.753263e+00
-8.500000e+00	-8.400000e+00	1.725194e+00
-8.400000e+00	-8.300000e+00	1.697151e+00
-8.300000e+00	-8.200000e+00	1.667150e+00
-8.200000e+00	-8.100000e+00	1.634434e+00
-8.100000e+00	-8.000000e+00	1.601867e+00
-8.000000e+00	-7.900000e+00	1.568181e+00
-7.900000e+00	-7.800000e+00	1.530510e+00
-7.800000e+00	-7.700000e+00	1.494180e+00
-7.700000e+00	-7.600000e+00	1.458863e+00
-7.600000e+00	-7.500000e+00	1.420878e+00
-7.500000e+00	-7.400000e+00	1.383452e+00
-7.400000e+00	-7.300000e+00	1.344067e+00
-7.300000e+00	-7.200000e+00	1.309181e+00
-7.200000e+00	-7.100000e+00	1.272814e+00
-7.100000e+00	-7.000000e+00	1.235951e+00
-7.000000e+00	-6.900000e+00	1.199475e+00
-6.900000e+00	-6.800000e+00	1.161313e+00
-6.800000e+00	-6.700000e+00	1.124018e+00
-6.700000e+00	-6.600000e+00	1.089040e+00
-6.600000e+00	-6.500000e+00	1.052984e+00
-6.500000e+00	-6.400000e+00	1.019647e+00
-6.400000e+00	-6.300000e+00	9.864118e-01
-6.300000e+00	-6.200000e+00	9.520116e-01
-6.200000e+00	-6.100000e+00	9.212419e-01
-6.100000e+00	-6.000000e+00	8.896447e-01
-6.000000e+00	-5.900000e+00	8.575118e-01
-5.900000e+00	-5.800000e+00	8.263457e-01
-5.800000e+00	-5.700000e+00	7.963737e-01
-5.700000e+00	-5.600000e+00	7.679285e-01
-5.600000e+00	-5.500000e+00	7.367486e-01
-5.500000e+00	-5.400000e+00	7.090629e-01
-5.400000e+00	-5.300000e+00	6.824433e-01
-5.300000e+00	-5.200000e+00	6.573728e-01
-5.200000e+00	-5.100000e+00	6.318043e-01
-5.100000e+00	-5.000000e+00	6.073621e-01
-5.000000e+00	-4.900000e+00	5.834588e-01
-4.900000e+00	-4.800000e+00	5.588790e-01
-4.800000e+00	-4.700000e+00	5.371314e-01
-4.700000e+00	-4.600000e+00	5.152224e-01
-4.600000e+00	-4.500000e+00	4.938573e-01
-4.500000e+00	-4.400000e+00	4.733478e-01
-4.400000e+00	-4.300000e+00	4.528301e-01
-4.300000e+00	-4.200000e+00	4.332424e-01
-4.200000e+00	-4.100000e+00	4.161571e-01
-4.100000e+00	-4.000000e+00	3.978636e-01
-4.000000e+00	-3.900000e+00	3.815760e-01
-3.900000e+00	-3.800000e+00	3.650663e-01
-3.800000e+00	-3.700000e+00	3.497359e-01
-3.700000e+00	-3.600000e+00	3.351370e-01
-3.600000e+00	-3.500000e+00	3.206022e-01
-3.500000e+00	-3.400000e+00	3.065070e-01
-3.400000e+00	-3.300000e+00	2.932942e-01
-3.300000e+00	-3.200000e+00	2.801478e-01
-3.200000e+00	-3.100000e+00	2.673021e-01
-3.100000e+00	-3.000000e+00	2.558640e-01
-3.000000e+00	-2.900000e+00	2.437654e-01
-2.900000e+00	-2.800000e+00	2.329653e-01
-2.800000e+00	-2.700000e+00	2.216711e-01
-2.700000e+00	-2.600000e+00	2.117183e-01
-2.600000e+00	-2.500000e+00	2.012925e-01
-2.500000e+00	-2.400000e+00	1.923010e-01
-2.400000e+00	-2.300000e+00	1.833376e-01
-2.300000e+00	-2.200000e+00	1.744374e-01
-2.200000e+00	-2.100000e+00	1.664213e-01
-2.100000e+00	-2.000000e+00	1.585535e-01
-2.000000e+00	-1.900000e+00	1.511829e-01
-1.900000e+00	-1.800000e+00	1.436573e-01
-1.800000e+00	-1.700000e+00	1.364471e-01
-1.700000e+00	-1.600000e+00	1.295798e-01
-1.600000e+00	-1.500000e+00	1.226878e-01
-1.500000e+00	-1.400000e+00	1.162593e-01
-1.400000e+00	-1.300000e+00	1.103592e-01
-1.300000e+00	-1.200000e+00	1.042451e-01
-1.200000e+00	-1.100000e+00	9.902846e-02
-1.100000e+00	-1.000000e+00	9.337658e-02
-1.000000e+00	-9.000000e-01	8.824224e-02
-9.000000e-01	-8.000000e-01	8.278880e-02
-8.000000e-01	-7.000000e-01	7.756543e-02
-7.000000e-01	-6.000000e-01	7.255300e-02
-6.000000e-01	-5.000000e-01	6.713437e-02
-5.000000e-01	-4.000000e-01	6.232546e-02
-4.000000e-01	-3.000000e-01	5.694219e-02
-3.000000e-01	-2.000000e-01	5.204029e-02
-2.000000e-01	-1.000000e-01	4.655271e-02
-1.000000e-01	0.000000e+00	3.999028e-02
