# FLUKA USRBIN Z-projection  detector: NeutSlab
# Score type: 8  ncase: 150000
# Geometry: X=[-100.0,100.0] nx=100  Y=[-100.0,100.0] ny=100  Z=[-50.0,0.0] nz=105
# Columns: z_low[cm]  z_high[cm]  sum_XY(value*dx*dy)
# Units: EdepSlab→GeV/cm/primary  NeutSlab→cm/primary/cm_depth
-5.000000e+01	-4.952381e+01	6.569039e+00
-4.952381e+01	-4.904762e+01	8.237378e+00
-4.904762e+01	-4.857143e+01	9.526773e+00
-4.857143e+01	-4.809524e+01	1.059754e+01
-4.809524e+01	-4.761905e+01	1.153368e+01
-4.761905e+01	-4.714286e+01	1.231503e+01
-4.714286e+01	-4.666667e+01	1.300211e+01
-4.666667e+01	-4.619048e+01	1.359214e+01
-4.619048e+01	-4.571429e+01	1.407599e+01
-4.571429e+01	-4.523810e+01	1.447909e+01
-4.523810e+01	-4.476190e+01	1.482069e+01
-4.476190e+01	-4.428571e+01	1.508145e+01
-4.428571e+01	-4.380952e+01	1.525515e+01
-4.380952e+01	-4.333333e+01	1.538786e+01
-4.333333e+01	-4.285714e+01	1.545371e+01
-4.285714e+01	-4.238095e+01	1.550345e+01
-4.238095e+01	-4.190476e+01	1.545652e+01
-4.190476e+01	-4.142857e+01	1.540946e+01
-4.142857e+01	-4.095238e+01	1.532295e+01
-4.095238e+01	-4.047619e+01	1.519192e+01
-4.047619e+01	-4.000000e+01	1.504262e+01
-4.000000e+01	-3.952381e+01	1.485728e+01
-3.952381e+01	-3.904762e+01	1.465401e+01
-3.904762e+01	-3.857143e+01	1.442518e+01
-3.857143e+01	-3.809524e+01	1.416973e+01
-3.809524e+01	-3.761905e+01	1.391036e+01
-3.761905e+01	-3.714286e+01	1.362725e+01
-3.714286e+01	-3.666667e+01	1.332052e+01
-3.666667e+01	-3.619048e+01	1.298771e+01
-3.619048e+01	-3.571429e+01	1.270179e+01
-3.571429e+01	-3.523810e+01	1.239967e+01
-3.523810e+01	-3.476190e+01	1.209154e+01
-3.476190e+01	-3.428571e+01	1.176870e+01
-3.428571e+01	-3.380952e+01	1.143648e+01
-3.380952e+01	-3.333333e+01	1.116087e+01
-3.333333e+01	-3.285714e+01	1.082480e+01
-3.285714e+01	-3.238095e+01	1.047736e+01
-3.238095e+01	-3.190476e+01	1.015732e+01
-3.190476e+01	-3.142857e+01	9.815308e+00
-3.142857e+01	-3.095238e+01	9.486270e+00
-3.095238e+01	-3.047619e+01	9.168801e+00
-3.047619e+01	-3.000000e+01	8.856598e+00
-3.000000e+01	-2.952381e+01	8.552877e+00
-2.952381e+01	-2.904762e+01	8.237048e+00
-2.904762e+01	-2.857143e+01	7.939935e+00
-2.857143e+01	-2.809524e+01	7.632508e+00
-2.809524e+01	-2.761905e+01	7.331584e+00
-2.761905e+01	-2.714286e+01	7.064750e+00
-2.714286e+01	-2.666667e+01	6.781719e+00
-2.666667e+01	-2.619048e+01	6.495516e+00
-2.619048e+01	-2.571429e+01	6.244463e+00
-2.571429e+01	-2.523810e+01	5.999786e+00
-2.523810e+01	-2.476190e+01	5.756308e+00
-2.476190e+01	-2.428571e+01	5.511134e+00
-2.428571e+01	-2.380952e+01	5.273799e+00
-2.380952e+01	-2.333333e+01	5.036139e+00
-2.333333e+01	-2.285714e+01	4.816185e+00
-2.285714e+01	-2.238095e+01	4.606344e+00
-2.238095e+01	-2.190476e+01	4.418381e+00
-2.190476e+01	-2.142857e+01	4.221005e+00
-2.142857e+01	-2.095238e+01	4.031559e+00
-2.095238e+01	-2.047619e+01	3.851304e+00
-2.047619e+01	-2.000000e+01	3.682398e+00
-2.000000e+01	-1.952381e+01	3.505486e+00
-1.952381e+01	-1.904762e+01	3.340217e+00
-1.904762e+01	-1.857143e+01	3.163005e+00
-1.857143e+01	-1.809524e+01	3.018677e+00
-1.809524e+01	-1.761905e+01	2.890284e+00
-1.761905e+01	-1.714286e+01	2.740364e+00
-1.714286e+01	-1.666667e+01	2.597987e+00
-1.666667e+01	-1.619048e+01	2.479821e+00
-1.619048e+01	-1.571429e+01	2.360755e+00
-1.571429e+01	-1.523810e+01	2.241328e+00
-1.523810e+01	-1.476190e+01	2.130964e+00
-1.476190e+01	-1.428571e+01	2.020963e+00
-1.428571e+01	-1.380952e+01	1.917253e+00
-1.380952e+01	-1.333333e+01	1.821715e+00
-1.333333e+01	-1.285714e+01	1.726661e+00
-1.285714e+01	-1.238095e+01	1.634033e+00
-1.238095e+01	-1.190476e+01	1.541288e+00
-1.190476e+01	-1.142857e+01	1.463984e+00
-1.142857e+01	-1.095238e+01	1.381253e+00
-1.095238e+01	-1.047619e+01	1.304510e+00
-1.047619e+01	-1.000000e+01	1.223813e+00
-1.000000e+01	-9.523810e+00	1.155961e+00
-9.523810e+00	-9.047619e+00	1.085652e+00
-9.047619e+00	-8.571429e+00	1.017596e+00
-8.571429e+00	-8.095238e+00	9.563151e-01
-8.095238e+00	-7.619048e+00	8.960702e-01
-7.619048e+00	-7.142857e+00	8.365009e-01
-7.142857e+00	-6.666667e+00	7.799096e-01
-6.666667e+00	-6.190476e+00	7.259643e-01
-6.190476e+00	-5.714286e+00	6.772079e-01
-5.714286e+00	-5.238095e+00	6.254797e-01
-5.238095e+00	-4.761905e+00	5.751479e-01
-4.761905e+00	-4.285714e+00	5.257065e-01
-4.285714e+00	-3.809524e+00	4.786262e-01
-3.809524e+00	-3.333333e+00	4.303009e-01
-3.333333e+00	-2.857143e+00	3.812935e-01
-2.857143e+00	-2.380952e+00	3.397407e-01
-2.380952e+00	-1.904762e+00	2.991675e-01
-1.904762e+00	-1.428571e+00	2.574662e-01
-1.428571e+00	-9.523810e-01	2.153454e-01
-9.523810e-01	-4.761905e-01	1.711827e-01
-4.761905e-01	0.000000e+00	1.228518e-01
