# FLUKA USRBIN Z-projection  detector: NeutSlab
# Score type: 8  ncase: 150000
# Geometry: X=[-100.0,100.0] nx=100  Y=[-100.0,100.0] ny=100  Z=[-50.0,0.0] nz=105
# Columns: z_low[cm]  z_high[cm]  sum_XY(value*dx*dy)
# Units: EdepSlab→GeV/cm/primary  NeutSlab→cm/primary/cm_depth
-5.000000e+01	-4.952381e+01	1.173966e+01
-4.952381e+01	-4.904762e+01	1.521165e+01
-4.904762e+01	-4.857143e+01	1.800749e+01
-4.857143e+01	-4.809524e+01	2.056024e+01
-4.809524e+01	-4.761905e+01	2.285986e+01
-4.761905e+01	-4.714286e+01	2.496162e+01
-4.714286e+01	-4.666667e+01	2.686234e+01
-4.666667e+01	-4.619048e+01	2.853237e+01
-4.619048e+01	-4.571429e+01	3.014768e+01
-4.571429e+01	-4.523810e+01	3.154674e+01
-4.523810e+01	-4.476190e+01	3.285066e+01
-4.476190e+01	-4.428571e+01	3.403174e+01
-4.428571e+01	-4.380952e+01	3.501010e+01
-4.380952e+01	-4.333333e+01	3.597071e+01
-4.333333e+01	-4.285714e+01	3.674287e+01
-4.285714e+01	-4.238095e+01	3.740051e+01
-4.238095e+01	-4.190476e+01	3.800609e+01
-4.190476e+01	-4.142857e+01	3.843687e+01
-4.142857e+01	-4.095238e+01	3.883674e+01
-4.095238e+01	-4.047619e+01	3.911843e+01
-4.047619e+01	-4.000000e+01	3.931981e+01
-4.000000e+01	-3.952381e+01	3.944430e+01
-3.952381e+01	-3.904762e+01	3.951991e+01
-3.904762e+01	-3.857143e+01	3.955129e+01
-3.857143e+01	-3.809524e+01	3.945648e+01
-3.809524e+01	-3.761905e+01	3.936754e+01
-3.761905e+01	-3.714286e+01	3.917513e+01
-3.714286e+01	-3.666667e+01	3.895960e+01
-3.666667e+01	-3.619048e+01	3.868359e+01
-3.619048e+01	-3.571429e+01	3.837402e+01
-3.571429e+01	-3.523810e+01	3.796238e+01
-3.523810e+01	-3.476190e+01	3.753947e+01
-3.476190e+01	-3.428571e+01	3.712561e+01
-3.428571e+01	-3.380952e+01	3.660524e+01
-3.380952e+01	-3.333333e+01	3.613355e+01
-3.333333e+01	-3.285714e+01	3.559930e+01
-3.285714e+01	-3.238095e+01	3.505204e+01
-3.238095e+01	-3.190476e+01	3.448848e+01
-3.190476e+01	-3.142857e+01	3.389520e+01
-3.142857e+01	-3.095238e+01	3.332494e+01
-3.095238e+01	-3.047619e+01	3.268283e+01
-3.047619e+01	-3.000000e+01	3.203236e+01
-3.000000e+01	-2.952381e+01	3.136200e+01
-2.952381e+01	-2.904762e+01	3.066712e+01
-2.904762e+01	-2.857143e+01	3.002864e+01
-2.857143e+01	-2.809524e+01	2.934961e+01
-2.809524e+01	-2.761905e+01	2.870969e+01
-2.761905e+01	-2.714286e+01	2.803689e+01
-2.714286e+01	-2.666667e+01	2.738573e+01
-2.666667e+01	-2.619048e+01	2.676145e+01
-2.619048e+01	-2.571429e+01	2.607874e+01
-2.571429e+01	-2.523810e+01	2.538802e+01
-2.523810e+01	-2.476190e+01	2.468840e+01
-2.476190e+01	-2.428571e+01	2.408299e+01
-2.428571e+01	-2.380952e+01	2.344321e+01
-2.380952e+01	-2.333333e+01	2.278668e+01
-2.333333e+01	-2.285714e+01	2.217031e+01
-2.285714e+01	-2.238095e+01	2.152789e+01
-2.238095e+01	-2.190476e+01	2.087792e+01
-2.190476e+01	-2.142857e+01	2.031002e+01
-2.142857e+01	-2.095238e+01	1.973153e+01
-2.095238e+01	-2.047619e+01	1.913139e+01
-2.047619e+01	-2.000000e+01	1.856236e+01
-2.000000e+01	-1.952381e+01	1.799403e+01
-1.952381e+01	-1.904762e+01	1.743716e+01
-1.904762e+01	-1.857143e+01	1.687543e+01
-1.857143e+01	-1.809524e+01	1.636524e+01
-1.809524e+01	-1.761905e+01	1.586460e+01
-1.761905e+01	-1.714286e+01	1.532138e+01
-1.714286e+01	-1.666667e+01	1.481869e+01
-1.666667e+01	-1.619048e+01	1.432464e+01
-1.619048e+01	-1.571429e+01	1.384313e+01
-1.571429e+01	-1.523810e+01	1.337086e+01
-1.523810e+01	-1.476190e+01	1.290000e+01
-1.476190e+01	-1.428571e+01	1.244485e+01
-1.428571e+01	-1.380952e+01	1.197179e+01
-1.380952e+01	-1.333333e+01	1.154880e+01
-1.333333e+01	-1.285714e+01	1.112970e+01
-1.285714e+01	-1.238095e+01	1.069250e+01
-1.238095e+01	-1.190476e+01	1.027887e+01
-1.190476e+01	-1.142857e+01	9.865475e+00
-1.142857e+01	-1.095238e+01	9.474409e+00
-1.095238e+01	-1.047619e+01	9.075362e+00
-1.047619e+01	-1.000000e+01	8.708055e+00
-1.000000e+01	-9.523810e+00	8.336588e+00
-9.523810e+00	-9.047619e+00	7.939583e+00
-9.047619e+00	-8.571429e+00	7.575534e+00
-8.571429e+00	-8.095238e+00	7.211637e+00
-8.095238e+00	-7.619048e+00	6.867337e+00
-7.619048e+00	-7.142857e+00	6.519353e+00
-7.142857e+00	-6.666667e+00	6.153788e+00
-6.666667e+00	-6.190476e+00	5.785729e+00
-6.190476e+00	-5.714286e+00	5.452560e+00
-5.714286e+00	-5.238095e+00	5.113467e+00
-5.238095e+00	-4.761905e+00	4.767276e+00
-4.761905e+00	-4.285714e+00	4.430848e+00
-4.285714e+00	-3.809524e+00	4.096091e+00
-3.809524e+00	-3.333333e+00	3.764405e+00
-3.333333e+00	-2.857143e+00	3.425953e+00
-2.857143e+00	-2.380952e+00	3.062680e+00
-2.380952e+00	-1.904762e+00	2.710387e+00
-1.904762e+00	-1.428571e+00	2.362053e+00
-1.428571e+00	-9.523810e-01	2.006341e+00
-9.523810e-01	-4.761905e-01	1.631525e+00
-4.761905e-01	0.000000e+00	1.202999e+00
