# FLUKA USRBIN Z-projection  detector: NeutSlab
# Score type: 8  ncase: 30000000
# Geometry: X=[-100.0,100.0] nx=100  Y=[-100.0,100.0] ny=100  Z=[-50.0,0.0] nz=105
# Columns: z_low[cm]  z_high[cm]  sum_XY(value*dx*dy)
# Units: EdepSlab→GeV/cm/primary  NeutSlab→cm/primary/cm_depth
-5.000000e+01	-4.952381e+01	2.640593e+00
-4.952381e+01	-4.904762e+01	2.919811e+00
-4.904762e+01	-4.857143e+01	2.995878e+00
-4.857143e+01	-4.809524e+01	2.979229e+00
-4.809524e+01	-4.761905e+01	2.909998e+00
-4.761905e+01	-4.714286e+01	2.811178e+00
-4.714286e+01	-4.666667e+01	2.695366e+00
-4.666667e+01	-4.619048e+01	2.569363e+00
-4.619048e+01	-4.571429e+01	2.439069e+00
-4.571429e+01	-4.523810e+01	2.307040e+00
-4.523810e+01	-4.476190e+01	2.176792e+00
-4.476190e+01	-4.428571e+01	2.049423e+00
-4.428571e+01	-4.380952e+01	1.926348e+00
-4.380952e+01	-4.333333e+01	1.808681e+00
-4.333333e+01	-4.285714e+01	1.696405e+00
-4.285714e+01	-4.238095e+01	1.589785e+00
-4.238095e+01	-4.190476e+01	1.487841e+00
-4.190476e+01	-4.142857e+01	1.391476e+00
-4.142857e+01	-4.095238e+01	1.300336e+00
-4.095238e+01	-4.047619e+01	1.213848e+00
-4.047619e+01	-4.000000e+01	1.132971e+00
-4.000000e+01	-3.952381e+01	1.056338e+00
-3.952381e+01	-3.904762e+01	9.849318e-01
-3.904762e+01	-3.857143e+01	9.176602e-01
-3.857143e+01	-3.809524e+01	8.551262e-01
-3.809524e+01	-3.761905e+01	7.954915e-01
-3.761905e+01	-3.714286e+01	7.399306e-01
-3.714286e+01	-3.666667e+01	6.879079e-01
-3.666667e+01	-3.619048e+01	6.392500e-01
-3.619048e+01	-3.571429e+01	5.940887e-01
-3.571429e+01	-3.523810e+01	5.513948e-01
-3.523810e+01	-3.476190e+01	5.113913e-01
-3.476190e+01	-3.428571e+01	4.743464e-01
-3.428571e+01	-3.380952e+01	4.394648e-01
-3.380952e+01	-3.333333e+01	4.070573e-01
-3.333333e+01	-3.285714e+01	3.771456e-01
-3.285714e+01	-3.238095e+01	3.492610e-01
-3.238095e+01	-3.190476e+01	3.231681e-01
-3.190476e+01	-3.142857e+01	2.985272e-01
-3.142857e+01	-3.095238e+01	2.756895e-01
-3.095238e+01	-3.047619e+01	2.549031e-01
-3.047619e+01	-3.000000e+01	2.355092e-01
-3.000000e+01	-2.952381e+01	2.172528e-01
-2.952381e+01	-2.904762e+01	2.004953e-01
-2.904762e+01	-2.857143e+01	1.847843e-01
-2.857143e+01	-2.809524e+01	1.701978e-01
-2.809524e+01	-2.761905e+01	1.569586e-01
-2.761905e+01	-2.714286e+01	1.447336e-01
-2.714286e+01	-2.666667e+01	1.333169e-01
-2.666667e+01	-2.619048e+01	1.227340e-01
-2.619048e+01	-2.571429e+01	1.128843e-01
-2.571429e+01	-2.523810e+01	1.037766e-01
-2.523810e+01	-2.476190e+01	9.527833e-02
-2.476190e+01	-2.428571e+01	8.762832e-02
-2.428571e+01	-2.380952e+01	8.071606e-02
-2.380952e+01	-2.333333e+01	7.398637e-02
-2.333333e+01	-2.285714e+01	6.790017e-02
-2.285714e+01	-2.238095e+01	6.221628e-02
-2.238095e+01	-2.190476e+01	5.705246e-02
-2.190476e+01	-2.142857e+01	5.218090e-02
-2.142857e+01	-2.095238e+01	4.791481e-02
-2.095238e+01	-2.047619e+01	4.393768e-02
-2.047619e+01	-2.000000e+01	4.026323e-02
-2.000000e+01	-1.952381e+01	3.684530e-02
-1.952381e+01	-1.904762e+01	3.366210e-02
-1.904762e+01	-1.857143e+01	3.090407e-02
-1.857143e+01	-1.809524e+01	2.814506e-02
-1.809524e+01	-1.761905e+01	2.565514e-02
-1.761905e+01	-1.714286e+01	2.340527e-02
-1.714286e+01	-1.666667e+01	2.140818e-02
-1.666667e+01	-1.619048e+01	1.959843e-02
-1.619048e+01	-1.571429e+01	1.788029e-02
-1.571429e+01	-1.523810e+01	1.634036e-02
-1.523810e+01	-1.476190e+01	1.488251e-02
-1.476190e+01	-1.428571e+01	1.355828e-02
-1.428571e+01	-1.380952e+01	1.235477e-02
-1.380952e+01	-1.333333e+01	1.126878e-02
-1.333333e+01	-1.285714e+01	1.026367e-02
-1.285714e+01	-1.238095e+01	9.369257e-03
-1.238095e+01	-1.190476e+01	8.553840e-03
-1.190476e+01	-1.142857e+01	7.759220e-03
-1.142857e+01	-1.095238e+01	7.028294e-03
-1.095238e+01	-1.047619e+01	6.394528e-03
-1.047619e+01	-1.000000e+01	5.750924e-03
-1.000000e+01	-9.523810e+00	5.192659e-03
-9.523810e+00	-9.047619e+00	4.686526e-03
-9.047619e+00	-8.571429e+00	4.244145e-03
-8.571429e+00	-8.095238e+00	3.843730e-03
-8.095238e+00	-7.619048e+00	3.465328e-03
-7.619048e+00	-7.142857e+00	3.157963e-03
-7.142857e+00	-6.666667e+00	2.836342e-03
-6.666667e+00	-6.190476e+00	2.559311e-03
-6.190476e+00	-5.714286e+00	2.282457e-03
-5.714286e+00	-5.238095e+00	2.031368e-03
-5.238095e+00	-4.761905e+00	1.841078e-03
-4.761905e+00	-4.285714e+00	1.618018e-03
-4.285714e+00	-3.809524e+00	1.446899e-03
-3.809524e+00	-3.333333e+00	1.250825e-03
-3.333333e+00	-2.857143e+00	1.099562e-03
-2.857143e+00	-2.380952e+00	9.377451e-04
-2.380952e+00	-1.904762e+00	7.831734e-04
-1.904762e+00	-1.428571e+00	6.554561e-04
-1.428571e+00	-9.523810e-01	5.364809e-04
-9.523810e-01	-4.761905e-01	3.943019e-04
-4.761905e-01	0.000000e+00	2.545171e-04
