# FLUKA USRBIN Z-projection  detector: NeutSlab
# Score type: 8  ncase: 2500000
# Geometry: X=[-100.0,100.0] nx=100  Y=[-100.0,100.0] ny=100  Z=[-10.5,0.0] nz=105
# Columns: z_low[cm]  z_high[cm]  sum_XY(value*dx*dy)
# Units: EdepSlab→GeV/cm/primary  NeutSlab→cm/primary/cm_depth
-1.050000e+01	-1.040000e+01	1.052840e+00
-1.040000e+01	-1.030000e+01	1.057481e+00
-1.030000e+01	-1.020000e+01	1.061933e+00
-1.020000e+01	-1.010000e+01	1.065273e+00
-1.010000e+01	-1.000000e+01	1.069014e+00
-1.000000e+01	-9.900000e+00	1.072397e+00
-9.900000e+00	-9.800000e+00	1.075067e+00
-9.800000e+00	-9.700000e+00	1.077609e+00
-9.700000e+00	-9.600000e+00	1.080724e+00
-9.600000e+00	-9.500000e+00	1.083599e+00
-9.500000e+00	-9.400000e+00	1.086246e+00
-9.400000e+00	-9.300000e+00	1.089051e+00
-9.300000e+00	-9.200000e+00	1.092384e+00
-9.200000e+00	-9.100000e+00	1.094831e+00
-9.100000e+00	-9.000000e+00	1.097454e+00
-9.000000e+00	-8.900000e+00	1.100026e+00
-8.900000e+00	-8.800000e+00	1.102622e+00
-8.800000e+00	-8.700000e+00	1.104617e+00
-8.700000e+00	-8.600000e+00	1.106438e+00
-8.600000e+00	-8.500000e+00	1.108608e+00
-8.500000e+00	-8.400000e+00	1.110356e+00
-8.400000e+00	-8.300000e+00	1.112276e+00
-8.300000e+00	-8.200000e+00	1.113859e+00
-8.200000e+00	-8.100000e+00	1.115911e+00
-8.100000e+00	-8.000000e+00	1.116803e+00
-8.000000e+00	-7.900000e+00	1.118660e+00
-7.900000e+00	-7.800000e+00	1.121097e+00
-7.800000e+00	-7.700000e+00	1.122863e+00
-7.700000e+00	-7.600000e+00	1.124259e+00
-7.600000e+00	-7.500000e+00	1.125232e+00
-7.500000e+00	-7.400000e+00	1.126892e+00
-7.400000e+00	-7.300000e+00	1.128620e+00
-7.300000e+00	-7.200000e+00	1.129809e+00
-7.200000e+00	-7.100000e+00	1.131359e+00
-7.100000e+00	-7.000000e+00	1.132993e+00
-7.000000e+00	-6.900000e+00	1.134568e+00
-6.900000e+00	-6.800000e+00	1.135880e+00
-6.800000e+00	-6.700000e+00	1.137783e+00
-6.700000e+00	-6.600000e+00	1.139324e+00
-6.600000e+00	-6.500000e+00	1.141153e+00
-6.500000e+00	-6.400000e+00	1.142506e+00
-6.400000e+00	-6.300000e+00	1.143081e+00
-6.300000e+00	-6.200000e+00	1.144135e+00
-6.200000e+00	-6.100000e+00	1.145204e+00
-6.100000e+00	-6.000000e+00	1.146533e+00
-6.000000e+00	-5.900000e+00	1.147243e+00
-5.900000e+00	-5.800000e+00	1.147950e+00
-5.800000e+00	-5.700000e+00	1.149172e+00
-5.700000e+00	-5.600000e+00	1.150121e+00
-5.600000e+00	-5.500000e+00	1.151654e+00
-5.500000e+00	-5.400000e+00	1.152846e+00
-5.400000e+00	-5.300000e+00	1.154206e+00
-5.300000e+00	-5.200000e+00	1.154321e+00
-5.200000e+00	-5.100000e+00	1.155660e+00
-5.100000e+00	-5.000000e+00	1.156619e+00
-5.000000e+00	-4.900000e+00	1.156932e+00
-4.900000e+00	-4.800000e+00	1.158000e+00
-4.800000e+00	-4.700000e+00	1.158260e+00
-4.700000e+00	-4.600000e+00	1.159572e+00
-4.600000e+00	-4.500000e+00	1.160124e+00
-4.500000e+00	-4.400000e+00	1.160914e+00
-4.400000e+00	-4.300000e+00	1.161133e+00
-4.300000e+00	-4.200000e+00	1.162814e+00
-4.200000e+00	-4.100000e+00	1.163420e+00
-4.100000e+00	-4.000000e+00	1.163349e+00
-4.000000e+00	-3.900000e+00	1.163133e+00
-3.900000e+00	-3.800000e+00	1.163545e+00
-3.800000e+00	-3.700000e+00	1.163839e+00
-3.700000e+00	-3.600000e+00	1.163292e+00
-3.600000e+00	-3.500000e+00	1.163676e+00
-3.500000e+00	-3.400000e+00	1.164515e+00
-3.400000e+00	-3.300000e+00	1.165586e+00
-3.300000e+00	-3.200000e+00	1.165679e+00
-3.200000e+00	-3.100000e+00	1.166487e+00
-3.100000e+00	-3.000000e+00	1.166248e+00
-3.000000e+00	-2.900000e+00	1.166299e+00
-2.900000e+00	-2.800000e+00	1.166271e+00
-2.800000e+00	-2.700000e+00	1.165936e+00
-2.700000e+00	-2.600000e+00	1.165148e+00
-2.600000e+00	-2.500000e+00	1.165224e+00
-2.500000e+00	-2.400000e+00	1.166265e+00
-2.400000e+00	-2.300000e+00	1.166487e+00
-2.300000e+00	-2.200000e+00	1.165482e+00
-2.200000e+00	-2.100000e+00	1.165132e+00
-2.100000e+00	-2.000000e+00	1.164698e+00
-2.000000e+00	-1.900000e+00	1.164994e+00
-1.900000e+00	-1.800000e+00	1.165127e+00
-1.800000e+00	-1.700000e+00	1.163323e+00
-1.700000e+00	-1.600000e+00	1.162190e+00
-1.600000e+00	-1.500000e+00	1.161712e+00
-1.500000e+00	-1.400000e+00	1.161092e+00
-1.400000e+00	-1.300000e+00	1.160644e+00
-1.300000e+00	-1.200000e+00	1.159301e+00
-1.200000e+00	-1.100000e+00	1.159384e+00
-1.100000e+00	-1.000000e+00	1.157657e+00
-1.000000e+00	-9.000000e-01	1.156188e+00
-9.000000e-01	-8.000000e-01	1.155395e+00
-8.000000e-01	-7.000000e-01	1.153666e+00
-7.000000e-01	-6.000000e-01	1.152648e+00
-6.000000e-01	-5.000000e-01	1.150976e+00
-5.000000e-01	-4.000000e-01	1.148890e+00
-4.000000e-01	-3.000000e-01	1.146140e+00
-3.000000e-01	-2.000000e-01	1.143274e+00
-2.000000e-01	-1.000000e-01	1.141009e+00
-1.000000e-01	0.000000e+00	1.136837e+00
