# FLUKA USRBIN Z-projection  detector: NeutSlab
# Score type: 8  ncase: 2500000
# Geometry: X=[-100.0,100.0] nx=100  Y=[-100.0,100.0] ny=100  Z=[-10.5,0.0] nz=105
# Columns: z_low[cm]  z_high[cm]  sum_XY(value*dx*dy)
# Units: EdepSlab→GeV/cm/primary  NeutSlab→cm/primary/cm_depth
-1.050000e+01	-1.040000e+01	1.171518e+00
-1.040000e+01	-1.030000e+01	1.201072e+00
-1.030000e+01	-1.020000e+01	1.224836e+00
-1.020000e+01	-1.010000e+01	1.245474e+00
-1.010000e+01	-1.000000e+01	1.263869e+00
-1.000000e+01	-9.900000e+00	1.281214e+00
-9.900000e+00	-9.800000e+00	1.294946e+00
-9.800000e+00	-9.700000e+00	1.310254e+00
-9.700000e+00	-9.600000e+00	1.322717e+00
-9.600000e+00	-9.500000e+00	1.334097e+00
-9.500000e+00	-9.400000e+00	1.344202e+00
-9.400000e+00	-9.300000e+00	1.355081e+00
-9.300000e+00	-9.200000e+00	1.363694e+00
-9.200000e+00	-9.100000e+00	1.372620e+00
-9.100000e+00	-9.000000e+00	1.379494e+00
-9.000000e+00	-8.900000e+00	1.385964e+00
-8.900000e+00	-8.800000e+00	1.393358e+00
-8.800000e+00	-8.700000e+00	1.398251e+00
-8.700000e+00	-8.600000e+00	1.404060e+00
-8.600000e+00	-8.500000e+00	1.408758e+00
-8.500000e+00	-8.400000e+00	1.411491e+00
-8.400000e+00	-8.300000e+00	1.414680e+00
-8.300000e+00	-8.200000e+00	1.418770e+00
-8.200000e+00	-8.100000e+00	1.421422e+00
-8.100000e+00	-8.000000e+00	1.423272e+00
-8.000000e+00	-7.900000e+00	1.423283e+00
-7.900000e+00	-7.800000e+00	1.425382e+00
-7.800000e+00	-7.700000e+00	1.425957e+00
-7.700000e+00	-7.600000e+00	1.426239e+00
-7.600000e+00	-7.500000e+00	1.426541e+00
-7.500000e+00	-7.400000e+00	1.426215e+00
-7.400000e+00	-7.300000e+00	1.424414e+00
-7.300000e+00	-7.200000e+00	1.422259e+00
-7.200000e+00	-7.100000e+00	1.421060e+00
-7.100000e+00	-7.000000e+00	1.419173e+00
-7.000000e+00	-6.900000e+00	1.416283e+00
-6.900000e+00	-6.800000e+00	1.415442e+00
-6.800000e+00	-6.700000e+00	1.412792e+00
-6.700000e+00	-6.600000e+00	1.409092e+00
-6.600000e+00	-6.500000e+00	1.404667e+00
-6.500000e+00	-6.400000e+00	1.400098e+00
-6.400000e+00	-6.300000e+00	1.395754e+00
-6.300000e+00	-6.200000e+00	1.392151e+00
-6.200000e+00	-6.100000e+00	1.387873e+00
-6.100000e+00	-6.000000e+00	1.382536e+00
-6.000000e+00	-5.900000e+00	1.377861e+00
-5.900000e+00	-5.800000e+00	1.372647e+00
-5.800000e+00	-5.700000e+00	1.368079e+00
-5.700000e+00	-5.600000e+00	1.361667e+00
-5.600000e+00	-5.500000e+00	1.355352e+00
-5.500000e+00	-5.400000e+00	1.349262e+00
-5.400000e+00	-5.300000e+00	1.341627e+00
-5.300000e+00	-5.200000e+00	1.335585e+00
-5.200000e+00	-5.100000e+00	1.329359e+00
-5.100000e+00	-5.000000e+00	1.321998e+00
-5.000000e+00	-4.900000e+00	1.314203e+00
-4.900000e+00	-4.800000e+00	1.308131e+00
-4.800000e+00	-4.700000e+00	1.301191e+00
-4.700000e+00	-4.600000e+00	1.293757e+00
-4.600000e+00	-4.500000e+00	1.284184e+00
-4.500000e+00	-4.400000e+00	1.275640e+00
-4.400000e+00	-4.300000e+00	1.267424e+00
-4.300000e+00	-4.200000e+00	1.260196e+00
-4.200000e+00	-4.100000e+00	1.252111e+00
-4.100000e+00	-4.000000e+00	1.243231e+00
-4.000000e+00	-3.900000e+00	1.233974e+00
-3.900000e+00	-3.800000e+00	1.225229e+00
-3.800000e+00	-3.700000e+00	1.217429e+00
-3.700000e+00	-3.600000e+00	1.208099e+00
-3.600000e+00	-3.500000e+00	1.198152e+00
-3.500000e+00	-3.400000e+00	1.187566e+00
-3.400000e+00	-3.300000e+00	1.178235e+00
-3.300000e+00	-3.200000e+00	1.170282e+00
-3.200000e+00	-3.100000e+00	1.159709e+00
-3.100000e+00	-3.000000e+00	1.150468e+00
-3.000000e+00	-2.900000e+00	1.140759e+00
-2.900000e+00	-2.800000e+00	1.129771e+00
-2.800000e+00	-2.700000e+00	1.119490e+00
-2.700000e+00	-2.600000e+00	1.110278e+00
-2.600000e+00	-2.500000e+00	1.098214e+00
-2.500000e+00	-2.400000e+00	1.086274e+00
-2.400000e+00	-2.300000e+00	1.075821e+00
-2.300000e+00	-2.200000e+00	1.065037e+00
-2.200000e+00	-2.100000e+00	1.054037e+00
-2.100000e+00	-2.000000e+00	1.042345e+00
-2.000000e+00	-1.900000e+00	1.030300e+00
-1.900000e+00	-1.800000e+00	1.018114e+00
-1.800000e+00	-1.700000e+00	1.004450e+00
-1.700000e+00	-1.600000e+00	9.910851e-01
-1.600000e+00	-1.500000e+00	9.776530e-01
-1.500000e+00	-1.400000e+00	9.644952e-01
-1.400000e+00	-1.300000e+00	9.496890e-01
-1.300000e+00	-1.200000e+00	9.361835e-01
-1.200000e+00	-1.100000e+00	9.213517e-01
-1.100000e+00	-1.000000e+00	9.069378e-01
-1.000000e+00	-9.000000e-01	8.904989e-01
-9.000000e-01	-8.000000e-01	8.744788e-01
-8.000000e-01	-7.000000e-01	8.555757e-01
-7.000000e-01	-6.000000e-01	8.383982e-01
-6.000000e-01	-5.000000e-01	8.181775e-01
-5.000000e-01	-4.000000e-01	7.985130e-01
-4.000000e-01	-3.000000e-01	7.767841e-01
-3.000000e-01	-2.000000e-01	7.525819e-01
-2.000000e-01	-1.000000e-01	7.263885e-01
-1.000000e-01	0.000000e+00	6.933573e-01
