# FLUKA USRBIN Z-projection  detector: NeutSlab
# Score type: 8  ncase: 2500000
# Geometry: X=[-100.0,100.0] nx=100  Y=[-100.0,100.0] ny=100  Z=[-10.5,0.0] nz=105
# Columns: z_low[cm]  z_high[cm]  sum_XY(value*dx*dy)
# Units: EdepSlab→GeV/cm/primary  NeutSlab→cm/primary/cm_depth
-1.050000e+01	-1.040000e+01	1.172304e+00
-1.040000e+01	-1.030000e+01	1.201063e+00
-1.030000e+01	-1.020000e+01	1.224783e+00
-1.020000e+01	-1.010000e+01	1.245329e+00
-1.010000e+01	-1.000000e+01	1.262665e+00
-1.000000e+01	-9.900000e+00	1.279350e+00
-9.900000e+00	-9.800000e+00	1.293961e+00
-9.800000e+00	-9.700000e+00	1.307617e+00
-9.700000e+00	-9.600000e+00	1.321932e+00
-9.600000e+00	-9.500000e+00	1.334921e+00
-9.500000e+00	-9.400000e+00	1.346443e+00
-9.400000e+00	-9.300000e+00	1.354788e+00
-9.300000e+00	-9.200000e+00	1.363896e+00
-9.200000e+00	-9.100000e+00	1.371406e+00
-9.100000e+00	-9.000000e+00	1.380116e+00
-9.000000e+00	-8.900000e+00	1.387058e+00
-8.900000e+00	-8.800000e+00	1.392714e+00
-8.800000e+00	-8.700000e+00	1.400275e+00
-8.700000e+00	-8.600000e+00	1.406035e+00
-8.600000e+00	-8.500000e+00	1.409518e+00
-8.500000e+00	-8.400000e+00	1.413334e+00
-8.400000e+00	-8.300000e+00	1.415480e+00
-8.300000e+00	-8.200000e+00	1.417526e+00
-8.200000e+00	-8.100000e+00	1.421219e+00
-8.100000e+00	-8.000000e+00	1.422977e+00
-8.000000e+00	-7.900000e+00	1.424361e+00
-7.900000e+00	-7.800000e+00	1.425272e+00
-7.800000e+00	-7.700000e+00	1.424994e+00
-7.700000e+00	-7.600000e+00	1.424760e+00
-7.600000e+00	-7.500000e+00	1.425022e+00
-7.500000e+00	-7.400000e+00	1.424393e+00
-7.400000e+00	-7.300000e+00	1.424514e+00
-7.300000e+00	-7.200000e+00	1.423093e+00
-7.200000e+00	-7.100000e+00	1.421588e+00
-7.100000e+00	-7.000000e+00	1.418623e+00
-7.000000e+00	-6.900000e+00	1.414832e+00
-6.900000e+00	-6.800000e+00	1.411917e+00
-6.800000e+00	-6.700000e+00	1.410074e+00
-6.700000e+00	-6.600000e+00	1.406997e+00
-6.600000e+00	-6.500000e+00	1.403823e+00
-6.500000e+00	-6.400000e+00	1.400159e+00
-6.400000e+00	-6.300000e+00	1.396972e+00
-6.300000e+00	-6.200000e+00	1.392039e+00
-6.200000e+00	-6.100000e+00	1.386600e+00
-6.100000e+00	-6.000000e+00	1.380713e+00
-6.000000e+00	-5.900000e+00	1.376908e+00
-5.900000e+00	-5.800000e+00	1.371801e+00
-5.800000e+00	-5.700000e+00	1.365164e+00
-5.700000e+00	-5.600000e+00	1.359536e+00
-5.600000e+00	-5.500000e+00	1.353214e+00
-5.500000e+00	-5.400000e+00	1.347581e+00
-5.400000e+00	-5.300000e+00	1.341669e+00
-5.300000e+00	-5.200000e+00	1.333598e+00
-5.200000e+00	-5.100000e+00	1.327644e+00
-5.100000e+00	-5.000000e+00	1.320293e+00
-5.000000e+00	-4.900000e+00	1.313752e+00
-4.900000e+00	-4.800000e+00	1.305777e+00
-4.800000e+00	-4.700000e+00	1.299112e+00
-4.700000e+00	-4.600000e+00	1.291773e+00
-4.600000e+00	-4.500000e+00	1.284450e+00
-4.500000e+00	-4.400000e+00	1.275663e+00
-4.400000e+00	-4.300000e+00	1.266983e+00
-4.300000e+00	-4.200000e+00	1.259557e+00
-4.200000e+00	-4.100000e+00	1.251670e+00
-4.100000e+00	-4.000000e+00	1.242697e+00
-4.000000e+00	-3.900000e+00	1.235117e+00
-3.900000e+00	-3.800000e+00	1.224864e+00
-3.800000e+00	-3.700000e+00	1.215389e+00
-3.700000e+00	-3.600000e+00	1.207141e+00
-3.600000e+00	-3.500000e+00	1.199169e+00
-3.500000e+00	-3.400000e+00	1.190092e+00
-3.400000e+00	-3.300000e+00	1.180110e+00
-3.300000e+00	-3.200000e+00	1.169687e+00
-3.200000e+00	-3.100000e+00	1.160221e+00
-3.100000e+00	-3.000000e+00	1.148627e+00
-3.000000e+00	-2.900000e+00	1.137915e+00
-2.900000e+00	-2.800000e+00	1.128817e+00
-2.800000e+00	-2.700000e+00	1.118586e+00
-2.700000e+00	-2.600000e+00	1.107965e+00
-2.600000e+00	-2.500000e+00	1.096271e+00
-2.500000e+00	-2.400000e+00	1.084773e+00
-2.400000e+00	-2.300000e+00	1.073643e+00
-2.300000e+00	-2.200000e+00	1.062534e+00
-2.200000e+00	-2.100000e+00	1.049973e+00
-2.100000e+00	-2.000000e+00	1.037288e+00
-2.000000e+00	-1.900000e+00	1.025804e+00
-1.900000e+00	-1.800000e+00	1.012439e+00
-1.800000e+00	-1.700000e+00	1.002274e+00
-1.700000e+00	-1.600000e+00	9.882272e-01
-1.600000e+00	-1.500000e+00	9.757302e-01
-1.500000e+00	-1.400000e+00	9.609529e-01
-1.400000e+00	-1.300000e+00	9.477624e-01
-1.300000e+00	-1.200000e+00	9.343308e-01
-1.200000e+00	-1.100000e+00	9.200513e-01
-1.100000e+00	-1.000000e+00	9.040593e-01
-1.000000e+00	-9.000000e-01	8.880938e-01
-9.000000e-01	-8.000000e-01	8.715035e-01
-8.000000e-01	-7.000000e-01	8.546678e-01
-7.000000e-01	-6.000000e-01	8.353902e-01
-6.000000e-01	-5.000000e-01	8.171253e-01
-5.000000e-01	-4.000000e-01	7.976244e-01
-4.000000e-01	-3.000000e-01	7.770661e-01
-3.000000e-01	-2.000000e-01	7.533588e-01
-2.000000e-01	-1.000000e-01	7.266745e-01
-1.000000e-01	0.000000e+00	6.924036e-01
