# FLUKA USRBIN Z-projection  detector: NeutSlab
# Score type: 8  ncase: 25000
# Geometry: X=[-100.0,100.0] nx=100  Y=[-100.0,100.0] ny=100  Z=[-50.0,0.0] nz=105
# Columns: z_low[cm]  z_high[cm]  sum_XY(value*dx*dy)
# Units: EdepSlab→GeV/cm/primary  NeutSlab→cm/primary/cm_depth
-5.000000e+01	-4.952381e+01	2.100521e+01
-4.952381e+01	-4.904762e+01	2.740861e+01
-4.904762e+01	-4.857143e+01	3.296862e+01
-4.857143e+01	-4.809524e+01	3.798085e+01
-4.809524e+01	-4.761905e+01	4.250377e+01
-4.761905e+01	-4.714286e+01	4.660570e+01
-4.714286e+01	-4.666667e+01	5.040130e+01
-4.666667e+01	-4.619048e+01	5.397183e+01
-4.619048e+01	-4.571429e+01	5.720300e+01
-4.571429e+01	-4.523810e+01	5.998075e+01
-4.523810e+01	-4.476190e+01	6.264470e+01
-4.476190e+01	-4.428571e+01	6.517510e+01
-4.428571e+01	-4.380952e+01	6.730471e+01
-4.380952e+01	-4.333333e+01	6.931970e+01
-4.333333e+01	-4.285714e+01	7.092634e+01
-4.285714e+01	-4.238095e+01	7.284563e+01
-4.238095e+01	-4.190476e+01	7.408663e+01
-4.190476e+01	-4.142857e+01	7.515591e+01
-4.142857e+01	-4.095238e+01	7.633063e+01
-4.095238e+01	-4.047619e+01	7.695671e+01
-4.047619e+01	-4.000000e+01	7.761012e+01
-4.000000e+01	-3.952381e+01	7.793960e+01
-3.952381e+01	-3.904762e+01	7.845434e+01
-3.904762e+01	-3.857143e+01	7.875713e+01
-3.857143e+01	-3.809524e+01	7.882949e+01
-3.809524e+01	-3.761905e+01	7.866656e+01
-3.761905e+01	-3.714286e+01	7.836102e+01
-3.714286e+01	-3.666667e+01	7.811538e+01
-3.666667e+01	-3.619048e+01	7.773223e+01
-3.619048e+01	-3.571429e+01	7.735260e+01
-3.571429e+01	-3.523810e+01	7.674017e+01
-3.523810e+01	-3.476190e+01	7.605936e+01
-3.476190e+01	-3.428571e+01	7.522888e+01
-3.428571e+01	-3.380952e+01	7.449865e+01
-3.380952e+01	-3.333333e+01	7.376341e+01
-3.333333e+01	-3.285714e+01	7.278464e+01
-3.285714e+01	-3.238095e+01	7.174728e+01
-3.238095e+01	-3.190476e+01	7.084158e+01
-3.190476e+01	-3.142857e+01	6.990959e+01
-3.142857e+01	-3.095238e+01	6.884182e+01
-3.095238e+01	-3.047619e+01	6.785378e+01
-3.047619e+01	-3.000000e+01	6.678318e+01
-3.000000e+01	-2.952381e+01	6.565860e+01
-2.952381e+01	-2.904762e+01	6.459859e+01
-2.904762e+01	-2.857143e+01	6.341743e+01
-2.857143e+01	-2.809524e+01	6.202243e+01
-2.809524e+01	-2.761905e+01	6.067947e+01
-2.761905e+01	-2.714286e+01	5.949652e+01
-2.714286e+01	-2.666667e+01	5.825917e+01
-2.666667e+01	-2.619048e+01	5.709570e+01
-2.619048e+01	-2.571429e+01	5.572986e+01
-2.571429e+01	-2.523810e+01	5.451166e+01
-2.523810e+01	-2.476190e+01	5.333636e+01
-2.476190e+01	-2.428571e+01	5.204934e+01
-2.428571e+01	-2.380952e+01	5.082786e+01
-2.380952e+01	-2.333333e+01	4.956465e+01
-2.333333e+01	-2.285714e+01	4.831183e+01
-2.285714e+01	-2.238095e+01	4.711031e+01
-2.238095e+01	-2.190476e+01	4.594757e+01
-2.190476e+01	-2.142857e+01	4.480197e+01
-2.142857e+01	-2.095238e+01	4.358867e+01
-2.095238e+01	-2.047619e+01	4.240611e+01
-2.047619e+01	-2.000000e+01	4.133872e+01
-2.000000e+01	-1.952381e+01	4.018151e+01
-1.952381e+01	-1.904762e+01	3.896184e+01
-1.904762e+01	-1.857143e+01	3.794460e+01
-1.857143e+01	-1.809524e+01	3.673133e+01
-1.809524e+01	-1.761905e+01	3.566073e+01
-1.761905e+01	-1.714286e+01	3.466104e+01
-1.714286e+01	-1.666667e+01	3.349789e+01
-1.666667e+01	-1.619048e+01	3.243550e+01
-1.619048e+01	-1.571429e+01	3.150555e+01
-1.571429e+01	-1.523810e+01	3.055782e+01
-1.523810e+01	-1.476190e+01	2.959852e+01
-1.476190e+01	-1.428571e+01	2.860682e+01
-1.428571e+01	-1.380952e+01	2.763913e+01
-1.380952e+01	-1.333333e+01	2.676937e+01
-1.333333e+01	-1.285714e+01	2.595011e+01
-1.285714e+01	-1.238095e+01	2.501582e+01
-1.238095e+01	-1.190476e+01	2.405398e+01
-1.190476e+01	-1.142857e+01	2.315281e+01
-1.142857e+01	-1.095238e+01	2.226960e+01
-1.095238e+01	-1.047619e+01	2.135695e+01
-1.047619e+01	-1.000000e+01	2.046277e+01
-1.000000e+01	-9.523810e+00	1.960061e+01
-9.523810e+00	-9.047619e+00	1.880524e+01
-9.047619e+00	-8.571429e+00	1.796157e+01
-8.571429e+00	-8.095238e+00	1.718189e+01
-8.095238e+00	-7.619048e+00	1.625656e+01
-7.619048e+00	-7.142857e+00	1.543988e+01
-7.142857e+00	-6.666667e+00	1.460789e+01
-6.666667e+00	-6.190476e+00	1.381573e+01
-6.190476e+00	-5.714286e+00	1.306657e+01
-5.714286e+00	-5.238095e+00	1.225178e+01
-5.238095e+00	-4.761905e+00	1.143401e+01
-4.761905e+00	-4.285714e+00	1.063195e+01
-4.285714e+00	-3.809524e+00	9.817473e+00
-3.809524e+00	-3.333333e+00	8.985427e+00
-3.333333e+00	-2.857143e+00	8.152358e+00
-2.857143e+00	-2.380952e+00	7.291404e+00
-2.380952e+00	-1.904762e+00	6.465366e+00
-1.904762e+00	-1.428571e+00	5.676425e+00
-1.428571e+00	-9.523810e-01	4.800577e+00
-9.523810e-01	-4.761905e-01	3.907881e+00
-4.761905e-01	0.000000e+00	2.917668e+00
