# FLUKA USRBIN Z-projection  detector: NeutSlab
# Score type: 8  ncase: 25000000
# Geometry: X=[-100.0,100.0] nx=100  Y=[-100.0,100.0] ny=100  Z=[-10.5,0.0] nz=105
# Columns: z_low[cm]  z_high[cm]  sum_XY(value*dx*dy)
# Units: EdepSlab→GeV/cm/primary  NeutSlab→cm/primary/cm_depth
-1.050000e+01	-1.040000e+01	1.724768e+00
-1.040000e+01	-1.030000e+01	1.950905e+00
-1.030000e+01	-1.020000e+01	2.083189e+00
-1.020000e+01	-1.010000e+01	2.159268e+00
-1.010000e+01	-1.000000e+01	2.196148e+00
-1.000000e+01	-9.900000e+00	2.201629e+00
-9.900000e+00	-9.800000e+00	2.184057e+00
-9.800000e+00	-9.700000e+00	2.148813e+00
-9.700000e+00	-9.600000e+00	2.096941e+00
-9.600000e+00	-9.500000e+00	2.035217e+00
-9.500000e+00	-9.400000e+00	1.965920e+00
-9.400000e+00	-9.300000e+00	1.889329e+00
-9.300000e+00	-9.200000e+00	1.807765e+00
-9.200000e+00	-9.100000e+00	1.725274e+00
-9.100000e+00	-9.000000e+00	1.640513e+00
-9.000000e+00	-8.900000e+00	1.555297e+00
-8.900000e+00	-8.800000e+00	1.469805e+00
-8.800000e+00	-8.700000e+00	1.385243e+00
-8.700000e+00	-8.600000e+00	1.302549e+00
-8.600000e+00	-8.500000e+00	1.221705e+00
-8.500000e+00	-8.400000e+00	1.143641e+00
-8.400000e+00	-8.300000e+00	1.067770e+00
-8.300000e+00	-8.200000e+00	9.955498e-01
-8.200000e+00	-8.100000e+00	9.263555e-01
-8.100000e+00	-8.000000e+00	8.599471e-01
-8.000000e+00	-7.900000e+00	7.973934e-01
-7.900000e+00	-7.800000e+00	7.376479e-01
-7.800000e+00	-7.700000e+00	6.814224e-01
-7.700000e+00	-7.600000e+00	6.283870e-01
-7.600000e+00	-7.500000e+00	5.788332e-01
-7.500000e+00	-7.400000e+00	5.327195e-01
-7.400000e+00	-7.300000e+00	4.887880e-01
-7.300000e+00	-7.200000e+00	4.480567e-01
-7.200000e+00	-7.100000e+00	4.100157e-01
-7.100000e+00	-7.000000e+00	3.747994e-01
-7.000000e+00	-6.900000e+00	3.420925e-01
-6.900000e+00	-6.800000e+00	3.122124e-01
-6.800000e+00	-6.700000e+00	2.845469e-01
-6.700000e+00	-6.600000e+00	2.587597e-01
-6.600000e+00	-6.500000e+00	2.350010e-01
-6.500000e+00	-6.400000e+00	2.133678e-01
-6.400000e+00	-6.300000e+00	1.936094e-01
-6.300000e+00	-6.200000e+00	1.752550e-01
-6.200000e+00	-6.100000e+00	1.587284e-01
-6.100000e+00	-6.000000e+00	1.434414e-01
-6.000000e+00	-5.900000e+00	1.294640e-01
-5.900000e+00	-5.800000e+00	1.168604e-01
-5.800000e+00	-5.700000e+00	1.051561e-01
-5.700000e+00	-5.600000e+00	9.454065e-02
-5.600000e+00	-5.500000e+00	8.503749e-02
-5.500000e+00	-5.400000e+00	7.652014e-02
-5.400000e+00	-5.300000e+00	6.859919e-02
-5.300000e+00	-5.200000e+00	6.149637e-02
-5.200000e+00	-5.100000e+00	5.519698e-02
-5.100000e+00	-5.000000e+00	4.940748e-02
-5.000000e+00	-4.900000e+00	4.425626e-02
-4.900000e+00	-4.800000e+00	3.963395e-02
-4.800000e+00	-4.700000e+00	3.532975e-02
-4.700000e+00	-4.600000e+00	3.147157e-02
-4.600000e+00	-4.500000e+00	2.802503e-02
-4.500000e+00	-4.400000e+00	2.500941e-02
-4.400000e+00	-4.300000e+00	2.224359e-02
-4.300000e+00	-4.200000e+00	1.973627e-02
-4.200000e+00	-4.100000e+00	1.758846e-02
-4.100000e+00	-4.000000e+00	1.557967e-02
-4.000000e+00	-3.900000e+00	1.382016e-02
-3.900000e+00	-3.800000e+00	1.231883e-02
-3.800000e+00	-3.700000e+00	1.088616e-02
-3.700000e+00	-3.600000e+00	9.646093e-03
-3.600000e+00	-3.500000e+00	8.553938e-03
-3.500000e+00	-3.400000e+00	7.571951e-03
-3.400000e+00	-3.300000e+00	6.669680e-03
-3.300000e+00	-3.200000e+00	5.916966e-03
-3.200000e+00	-3.100000e+00	5.255285e-03
-3.100000e+00	-3.000000e+00	4.649946e-03
-3.000000e+00	-2.900000e+00	4.082490e-03
-2.900000e+00	-2.800000e+00	3.593672e-03
-2.800000e+00	-2.700000e+00	3.157880e-03
-2.700000e+00	-2.600000e+00	2.783418e-03
-2.600000e+00	-2.500000e+00	2.465754e-03
-2.500000e+00	-2.400000e+00	2.194172e-03
-2.400000e+00	-2.300000e+00	1.958364e-03
-2.300000e+00	-2.200000e+00	1.716179e-03
-2.200000e+00	-2.100000e+00	1.482238e-03
-2.100000e+00	-2.000000e+00	1.284464e-03
-2.000000e+00	-1.900000e+00	1.127256e-03
-1.900000e+00	-1.800000e+00	9.974492e-04
-1.800000e+00	-1.700000e+00	8.630560e-04
-1.700000e+00	-1.600000e+00	7.694049e-04
-1.600000e+00	-1.500000e+00	6.656448e-04
-1.500000e+00	-1.400000e+00	5.829515e-04
-1.400000e+00	-1.300000e+00	5.032074e-04
-1.300000e+00	-1.200000e+00	4.434726e-04
-1.200000e+00	-1.100000e+00	3.804956e-04
-1.100000e+00	-1.000000e+00	3.286807e-04
-1.000000e+00	-9.000000e-01	2.914312e-04
-9.000000e-01	-8.000000e-01	2.610235e-04
-8.000000e-01	-7.000000e-01	2.251661e-04
-7.000000e-01	-6.000000e-01	1.885190e-04
-6.000000e-01	-5.000000e-01	1.655607e-04
-5.000000e-01	-4.000000e-01	1.411134e-04
-4.000000e-01	-3.000000e-01	1.236081e-04
-3.000000e-01	-2.000000e-01	1.040094e-04
-2.000000e-01	-1.000000e-01	8.552353e-05
-1.000000e-01	0.000000e+00	6.723418e-05
