# FLUKA USRBIN Z-projection  detector: NeutSlab
# Score type: 8  ncase: 2500000
# Geometry: X=[-100.0,100.0] nx=100  Y=[-100.0,100.0] ny=100  Z=[-10.5,0.0] nz=105
# Columns: z_low[cm]  z_high[cm]  sum_XY(value*dx*dy)
# Units: EdepSlab→GeV/cm/primary  NeutSlab→cm/primary/cm_depth
-1.050000e+01	-1.040000e+01	1.052517e+00
-1.040000e+01	-1.030000e+01	1.057641e+00
-1.030000e+01	-1.020000e+01	1.062366e+00
-1.020000e+01	-1.010000e+01	1.066428e+00
-1.010000e+01	-1.000000e+01	1.071008e+00
-1.000000e+01	-9.900000e+00	1.074057e+00
-9.900000e+00	-9.800000e+00	1.077321e+00
-9.800000e+00	-9.700000e+00	1.079988e+00
-9.700000e+00	-9.600000e+00	1.083048e+00
-9.600000e+00	-9.500000e+00	1.085843e+00
-9.500000e+00	-9.400000e+00	1.087822e+00
-9.400000e+00	-9.300000e+00	1.089958e+00
-9.300000e+00	-9.200000e+00	1.092798e+00
-9.200000e+00	-9.100000e+00	1.096575e+00
-9.100000e+00	-9.000000e+00	1.098624e+00
-9.000000e+00	-8.900000e+00	1.100495e+00
-8.900000e+00	-8.800000e+00	1.102571e+00
-8.800000e+00	-8.700000e+00	1.104904e+00
-8.700000e+00	-8.600000e+00	1.106410e+00
-8.600000e+00	-8.500000e+00	1.108797e+00
-8.500000e+00	-8.400000e+00	1.111172e+00
-8.400000e+00	-8.300000e+00	1.112980e+00
-8.300000e+00	-8.200000e+00	1.114886e+00
-8.200000e+00	-8.100000e+00	1.116087e+00
-8.100000e+00	-8.000000e+00	1.118753e+00
-8.000000e+00	-7.900000e+00	1.120263e+00
-7.900000e+00	-7.800000e+00	1.121447e+00
-7.800000e+00	-7.700000e+00	1.123155e+00
-7.700000e+00	-7.600000e+00	1.125214e+00
-7.600000e+00	-7.500000e+00	1.126362e+00
-7.500000e+00	-7.400000e+00	1.128057e+00
-7.400000e+00	-7.300000e+00	1.129157e+00
-7.300000e+00	-7.200000e+00	1.131422e+00
-7.200000e+00	-7.100000e+00	1.132812e+00
-7.100000e+00	-7.000000e+00	1.134653e+00
-7.000000e+00	-6.900000e+00	1.135553e+00
-6.900000e+00	-6.800000e+00	1.136636e+00
-6.800000e+00	-6.700000e+00	1.138869e+00
-6.700000e+00	-6.600000e+00	1.139152e+00
-6.600000e+00	-6.500000e+00	1.140922e+00
-6.500000e+00	-6.400000e+00	1.143049e+00
-6.400000e+00	-6.300000e+00	1.144345e+00
-6.300000e+00	-6.200000e+00	1.145102e+00
-6.200000e+00	-6.100000e+00	1.146471e+00
-6.100000e+00	-6.000000e+00	1.147833e+00
-6.000000e+00	-5.900000e+00	1.148864e+00
-5.900000e+00	-5.800000e+00	1.150265e+00
-5.800000e+00	-5.700000e+00	1.151553e+00
-5.700000e+00	-5.600000e+00	1.151560e+00
-5.600000e+00	-5.500000e+00	1.152121e+00
-5.500000e+00	-5.400000e+00	1.153003e+00
-5.400000e+00	-5.300000e+00	1.154017e+00
-5.300000e+00	-5.200000e+00	1.155207e+00
-5.200000e+00	-5.100000e+00	1.156237e+00
-5.100000e+00	-5.000000e+00	1.156663e+00
-5.000000e+00	-4.900000e+00	1.157480e+00
-4.900000e+00	-4.800000e+00	1.158078e+00
-4.800000e+00	-4.700000e+00	1.160288e+00
-4.700000e+00	-4.600000e+00	1.160805e+00
-4.600000e+00	-4.500000e+00	1.161576e+00
-4.500000e+00	-4.400000e+00	1.162316e+00
-4.400000e+00	-4.300000e+00	1.162653e+00
-4.300000e+00	-4.200000e+00	1.162908e+00
-4.200000e+00	-4.100000e+00	1.163179e+00
-4.100000e+00	-4.000000e+00	1.164170e+00
-4.000000e+00	-3.900000e+00	1.165238e+00
-3.900000e+00	-3.800000e+00	1.165424e+00
-3.800000e+00	-3.700000e+00	1.166322e+00
-3.700000e+00	-3.600000e+00	1.166448e+00
-3.600000e+00	-3.500000e+00	1.166531e+00
-3.500000e+00	-3.400000e+00	1.166825e+00
-3.400000e+00	-3.300000e+00	1.167388e+00
-3.300000e+00	-3.200000e+00	1.167163e+00
-3.200000e+00	-3.100000e+00	1.167841e+00
-3.100000e+00	-3.000000e+00	1.167419e+00
-3.000000e+00	-2.900000e+00	1.167369e+00
-2.900000e+00	-2.800000e+00	1.167532e+00
-2.800000e+00	-2.700000e+00	1.167516e+00
-2.700000e+00	-2.600000e+00	1.167497e+00
-2.600000e+00	-2.500000e+00	1.167573e+00
-2.500000e+00	-2.400000e+00	1.167760e+00
-2.400000e+00	-2.300000e+00	1.167481e+00
-2.300000e+00	-2.200000e+00	1.167068e+00
-2.200000e+00	-2.100000e+00	1.167187e+00
-2.100000e+00	-2.000000e+00	1.167065e+00
-2.000000e+00	-1.900000e+00	1.166490e+00
-1.900000e+00	-1.800000e+00	1.165121e+00
-1.800000e+00	-1.700000e+00	1.164962e+00
-1.700000e+00	-1.600000e+00	1.164714e+00
-1.600000e+00	-1.500000e+00	1.163942e+00
-1.500000e+00	-1.400000e+00	1.163324e+00
-1.400000e+00	-1.300000e+00	1.161620e+00
-1.300000e+00	-1.200000e+00	1.160382e+00
-1.200000e+00	-1.100000e+00	1.160679e+00
-1.100000e+00	-1.000000e+00	1.159606e+00
-1.000000e+00	-9.000000e-01	1.158207e+00
-9.000000e-01	-8.000000e-01	1.156796e+00
-8.000000e-01	-7.000000e-01	1.156291e+00
-7.000000e-01	-6.000000e-01	1.153751e+00
-6.000000e-01	-5.000000e-01	1.151768e+00
-5.000000e-01	-4.000000e-01	1.149498e+00
-4.000000e-01	-3.000000e-01	1.147709e+00
-3.000000e-01	-2.000000e-01	1.145447e+00
-2.000000e-01	-1.000000e-01	1.142023e+00
-1.000000e-01	0.000000e+00	1.137008e+00
