# FLUKA USRBIN Z-projection  detector: NeutSlab
# Score type: 8  ncase: 2500000
# Geometry: X=[-100.0,100.0] nx=100  Y=[-100.0,100.0] ny=100  Z=[-10.5,0.0] nz=105
# Columns: z_low[cm]  z_high[cm]  sum_XY(value*dx*dy)
# Units: EdepSlab→GeV/cm/primary  NeutSlab→cm/primary/cm_depth
-1.050000e+01	-1.040000e+01	1.432596e+00
-1.040000e+01	-1.030000e+01	1.544392e+00
-1.030000e+01	-1.020000e+01	1.625388e+00
-1.020000e+01	-1.010000e+01	1.691534e+00
-1.010000e+01	-1.000000e+01	1.740447e+00
-1.000000e+01	-9.900000e+00	1.780905e+00
-9.900000e+00	-9.800000e+00	1.814707e+00
-9.800000e+00	-9.700000e+00	1.840708e+00
-9.700000e+00	-9.600000e+00	1.858430e+00
-9.600000e+00	-9.500000e+00	1.869810e+00
-9.500000e+00	-9.400000e+00	1.876670e+00
-9.400000e+00	-9.300000e+00	1.877080e+00
-9.300000e+00	-9.200000e+00	1.874343e+00
-9.200000e+00	-9.100000e+00	1.867859e+00
-9.100000e+00	-9.000000e+00	1.855840e+00
-9.000000e+00	-8.900000e+00	1.839638e+00
-8.900000e+00	-8.800000e+00	1.821449e+00
-8.800000e+00	-8.700000e+00	1.800815e+00
-8.700000e+00	-8.600000e+00	1.776963e+00
-8.600000e+00	-8.500000e+00	1.749778e+00
-8.500000e+00	-8.400000e+00	1.722600e+00
-8.400000e+00	-8.300000e+00	1.694399e+00
-8.300000e+00	-8.200000e+00	1.664509e+00
-8.200000e+00	-8.100000e+00	1.633066e+00
-8.100000e+00	-8.000000e+00	1.598838e+00
-8.000000e+00	-7.900000e+00	1.562798e+00
-7.900000e+00	-7.800000e+00	1.528670e+00
-7.800000e+00	-7.700000e+00	1.493149e+00
-7.700000e+00	-7.600000e+00	1.456243e+00
-7.600000e+00	-7.500000e+00	1.419932e+00
-7.500000e+00	-7.400000e+00	1.382917e+00
-7.400000e+00	-7.300000e+00	1.344785e+00
-7.300000e+00	-7.200000e+00	1.308838e+00
-7.200000e+00	-7.100000e+00	1.272370e+00
-7.100000e+00	-7.000000e+00	1.234440e+00
-7.000000e+00	-6.900000e+00	1.197828e+00
-6.900000e+00	-6.800000e+00	1.161733e+00
-6.800000e+00	-6.700000e+00	1.125446e+00
-6.700000e+00	-6.600000e+00	1.089734e+00
-6.600000e+00	-6.500000e+00	1.054169e+00
-6.500000e+00	-6.400000e+00	1.020183e+00
-6.400000e+00	-6.300000e+00	9.877158e-01
-6.300000e+00	-6.200000e+00	9.541276e-01
-6.200000e+00	-6.100000e+00	9.211054e-01
-6.100000e+00	-6.000000e+00	8.888440e-01
-6.000000e+00	-5.900000e+00	8.575653e-01
-5.900000e+00	-5.800000e+00	8.255047e-01
-5.800000e+00	-5.700000e+00	7.955620e-01
-5.700000e+00	-5.600000e+00	7.668975e-01
-5.600000e+00	-5.500000e+00	7.369996e-01
-5.500000e+00	-5.400000e+00	7.081990e-01
-5.400000e+00	-5.300000e+00	6.819925e-01
-5.300000e+00	-5.200000e+00	6.559101e-01
-5.200000e+00	-5.100000e+00	6.303890e-01
-5.100000e+00	-5.000000e+00	6.065179e-01
-5.000000e+00	-4.900000e+00	5.823488e-01
-4.900000e+00	-4.800000e+00	5.590702e-01
-4.800000e+00	-4.700000e+00	5.363953e-01
-4.700000e+00	-4.600000e+00	5.141010e-01
-4.600000e+00	-4.500000e+00	4.924677e-01
-4.500000e+00	-4.400000e+00	4.713172e-01
-4.400000e+00	-4.300000e+00	4.522311e-01
-4.300000e+00	-4.200000e+00	4.338575e-01
-4.200000e+00	-4.100000e+00	4.156305e-01
-4.100000e+00	-4.000000e+00	3.971309e-01
-4.000000e+00	-3.900000e+00	3.816864e-01
-3.900000e+00	-3.800000e+00	3.640387e-01
-3.800000e+00	-3.700000e+00	3.493673e-01
-3.700000e+00	-3.600000e+00	3.343694e-01
-3.600000e+00	-3.500000e+00	3.196506e-01
-3.500000e+00	-3.400000e+00	3.053925e-01
-3.400000e+00	-3.300000e+00	2.919108e-01
-3.300000e+00	-3.200000e+00	2.785260e-01
-3.200000e+00	-3.100000e+00	2.657359e-01
-3.100000e+00	-3.000000e+00	2.550165e-01
-3.000000e+00	-2.900000e+00	2.440165e-01
-2.900000e+00	-2.800000e+00	2.330793e-01
-2.800000e+00	-2.700000e+00	2.223568e-01
-2.700000e+00	-2.600000e+00	2.117648e-01
-2.600000e+00	-2.500000e+00	2.021012e-01
-2.500000e+00	-2.400000e+00	1.921780e-01
-2.400000e+00	-2.300000e+00	1.833048e-01
-2.300000e+00	-2.200000e+00	1.743562e-01
-2.200000e+00	-2.100000e+00	1.655932e-01
-2.100000e+00	-2.000000e+00	1.581738e-01
-2.000000e+00	-1.900000e+00	1.506512e-01
-1.900000e+00	-1.800000e+00	1.434946e-01
-1.800000e+00	-1.700000e+00	1.361842e-01
-1.700000e+00	-1.600000e+00	1.297033e-01
-1.600000e+00	-1.500000e+00	1.239574e-01
-1.500000e+00	-1.400000e+00	1.168814e-01
-1.400000e+00	-1.300000e+00	1.105552e-01
-1.300000e+00	-1.200000e+00	1.044505e-01
-1.200000e+00	-1.100000e+00	9.852728e-02
-1.100000e+00	-1.000000e+00	9.334554e-02
-1.000000e+00	-9.000000e-01	8.786640e-02
-9.000000e-01	-8.000000e-01	8.230343e-02
-8.000000e-01	-7.000000e-01	7.719154e-02
-7.000000e-01	-6.000000e-01	7.202723e-02
-6.000000e-01	-5.000000e-01	6.703550e-02
-5.000000e-01	-4.000000e-01	6.241373e-02
-4.000000e-01	-3.000000e-01	5.722240e-02
-3.000000e-01	-2.000000e-01	5.218123e-02
-2.000000e-01	-1.000000e-01	4.671659e-02
-1.000000e-01	0.000000e+00	4.013304e-02
