# FLUKA USRBIN Z-projection  detector: NeutSlab
# Score type: 8  ncase: 2500000
# Geometry: X=[-100.0,100.0] nx=100  Y=[-100.0,100.0] ny=100  Z=[-10.5,0.0] nz=105
# Columns: z_low[cm]  z_high[cm]  sum_XY(value*dx*dy)
# Units: EdepSlab→GeV/cm/primary  NeutSlab→cm/primary/cm_depth
-1.050000e+01	-1.040000e+01	1.038905e+00
-1.040000e+01	-1.030000e+01	1.043764e+00
-1.030000e+01	-1.020000e+01	1.048111e+00
-1.020000e+01	-1.010000e+01	1.051559e+00
-1.010000e+01	-1.000000e+01	1.054744e+00
-1.000000e+01	-9.900000e+00	1.057699e+00
-9.900000e+00	-9.800000e+00	1.060887e+00
-9.800000e+00	-9.700000e+00	1.063828e+00
-9.700000e+00	-9.600000e+00	1.066010e+00
-9.600000e+00	-9.500000e+00	1.068632e+00
-9.500000e+00	-9.400000e+00	1.070972e+00
-9.400000e+00	-9.300000e+00	1.072554e+00
-9.300000e+00	-9.200000e+00	1.075061e+00
-9.200000e+00	-9.100000e+00	1.077250e+00
-9.100000e+00	-9.000000e+00	1.078993e+00
-9.000000e+00	-8.900000e+00	1.081634e+00
-8.900000e+00	-8.800000e+00	1.083458e+00
-8.800000e+00	-8.700000e+00	1.085395e+00
-8.700000e+00	-8.600000e+00	1.088014e+00
-8.600000e+00	-8.500000e+00	1.089249e+00
-8.500000e+00	-8.400000e+00	1.091073e+00
-8.400000e+00	-8.300000e+00	1.092572e+00
-8.300000e+00	-8.200000e+00	1.095147e+00
-8.200000e+00	-8.100000e+00	1.096792e+00
-8.100000e+00	-8.000000e+00	1.098625e+00
-8.000000e+00	-7.900000e+00	1.100038e+00
-7.900000e+00	-7.800000e+00	1.100980e+00
-7.800000e+00	-7.700000e+00	1.102486e+00
-7.700000e+00	-7.600000e+00	1.103504e+00
-7.600000e+00	-7.500000e+00	1.103948e+00
-7.500000e+00	-7.400000e+00	1.105611e+00
-7.400000e+00	-7.300000e+00	1.107599e+00
-7.300000e+00	-7.200000e+00	1.108642e+00
-7.200000e+00	-7.100000e+00	1.109896e+00
-7.100000e+00	-7.000000e+00	1.110397e+00
-7.000000e+00	-6.900000e+00	1.111859e+00
-6.900000e+00	-6.800000e+00	1.112699e+00
-6.800000e+00	-6.700000e+00	1.114157e+00
-6.700000e+00	-6.600000e+00	1.115168e+00
-6.600000e+00	-6.500000e+00	1.116168e+00
-6.500000e+00	-6.400000e+00	1.116921e+00
-6.400000e+00	-6.300000e+00	1.117640e+00
-6.300000e+00	-6.200000e+00	1.118254e+00
-6.200000e+00	-6.100000e+00	1.118780e+00
-6.100000e+00	-6.000000e+00	1.119831e+00
-6.000000e+00	-5.900000e+00	1.121248e+00
-5.900000e+00	-5.800000e+00	1.121492e+00
-5.800000e+00	-5.700000e+00	1.122113e+00
-5.700000e+00	-5.600000e+00	1.123649e+00
-5.600000e+00	-5.500000e+00	1.124131e+00
-5.500000e+00	-5.400000e+00	1.124595e+00
-5.400000e+00	-5.300000e+00	1.125286e+00
-5.300000e+00	-5.200000e+00	1.125495e+00
-5.200000e+00	-5.100000e+00	1.125599e+00
-5.100000e+00	-5.000000e+00	1.125986e+00
-5.000000e+00	-4.900000e+00	1.127269e+00
-4.900000e+00	-4.800000e+00	1.127561e+00
-4.800000e+00	-4.700000e+00	1.128313e+00
-4.700000e+00	-4.600000e+00	1.129110e+00
-4.600000e+00	-4.500000e+00	1.129606e+00
-4.500000e+00	-4.400000e+00	1.130285e+00
-4.400000e+00	-4.300000e+00	1.130064e+00
-4.300000e+00	-4.200000e+00	1.130274e+00
-4.200000e+00	-4.100000e+00	1.130496e+00
-4.100000e+00	-4.000000e+00	1.131604e+00
-4.000000e+00	-3.900000e+00	1.131605e+00
-3.900000e+00	-3.800000e+00	1.132257e+00
-3.800000e+00	-3.700000e+00	1.132426e+00
-3.700000e+00	-3.600000e+00	1.131829e+00
-3.600000e+00	-3.500000e+00	1.132213e+00
-3.500000e+00	-3.400000e+00	1.131996e+00
-3.400000e+00	-3.300000e+00	1.132462e+00
-3.300000e+00	-3.200000e+00	1.132017e+00
-3.200000e+00	-3.100000e+00	1.131959e+00
-3.100000e+00	-3.000000e+00	1.131390e+00
-3.000000e+00	-2.900000e+00	1.131330e+00
-2.900000e+00	-2.800000e+00	1.131601e+00
-2.800000e+00	-2.700000e+00	1.131832e+00
-2.700000e+00	-2.600000e+00	1.131060e+00
-2.600000e+00	-2.500000e+00	1.130947e+00
-2.500000e+00	-2.400000e+00	1.131054e+00
-2.400000e+00	-2.300000e+00	1.130015e+00
-2.300000e+00	-2.200000e+00	1.128640e+00
-2.200000e+00	-2.100000e+00	1.128538e+00
-2.100000e+00	-2.000000e+00	1.127534e+00
-2.000000e+00	-1.900000e+00	1.126423e+00
-1.900000e+00	-1.800000e+00	1.125810e+00
-1.800000e+00	-1.700000e+00	1.125367e+00
-1.700000e+00	-1.600000e+00	1.123252e+00
-1.600000e+00	-1.500000e+00	1.122327e+00
-1.500000e+00	-1.400000e+00	1.121054e+00
-1.400000e+00	-1.300000e+00	1.119794e+00
-1.300000e+00	-1.200000e+00	1.118583e+00
-1.200000e+00	-1.100000e+00	1.116704e+00
-1.100000e+00	-1.000000e+00	1.115715e+00
-1.000000e+00	-9.000000e-01	1.114450e+00
-9.000000e-01	-8.000000e-01	1.112303e+00
-8.000000e-01	-7.000000e-01	1.110845e+00
-7.000000e-01	-6.000000e-01	1.109293e+00
-6.000000e-01	-5.000000e-01	1.107135e+00
-5.000000e-01	-4.000000e-01	1.105149e+00
-4.000000e-01	-3.000000e-01	1.102648e+00
-3.000000e-01	-2.000000e-01	1.099527e+00
-2.000000e-01	-1.000000e-01	1.095644e+00
-1.000000e-01	0.000000e+00	1.090718e+00
