# FLUKA USRBIN Z-projection  detector: NeutSlab
# Score type: 8  ncase: 2500000
# Geometry: X=[-100.0,100.0] nx=100  Y=[-100.0,100.0] ny=100  Z=[-10.5,0.0] nz=105
# Columns: z_low[cm]  z_high[cm]  sum_XY(value*dx*dy)
# Units: EdepSlab→GeV/cm/primary  NeutSlab→cm/primary/cm_depth
-1.050000e+01	-1.040000e+01	1.051969e+00
-1.040000e+01	-1.030000e+01	1.059671e+00
-1.030000e+01	-1.020000e+01	1.066012e+00
-1.020000e+01	-1.010000e+01	1.070950e+00
-1.010000e+01	-1.000000e+01	1.076182e+00
-1.000000e+01	-9.900000e+00	1.080977e+00
-9.900000e+00	-9.800000e+00	1.085580e+00
-9.800000e+00	-9.700000e+00	1.090069e+00
-9.700000e+00	-9.600000e+00	1.093909e+00
-9.600000e+00	-9.500000e+00	1.098417e+00
-9.500000e+00	-9.400000e+00	1.101607e+00
-9.400000e+00	-9.300000e+00	1.104697e+00
-9.300000e+00	-9.200000e+00	1.107871e+00
-9.200000e+00	-9.100000e+00	1.111487e+00
-9.100000e+00	-9.000000e+00	1.115119e+00
-9.000000e+00	-8.900000e+00	1.117996e+00
-8.900000e+00	-8.800000e+00	1.120097e+00
-8.800000e+00	-8.700000e+00	1.123469e+00
-8.700000e+00	-8.600000e+00	1.126397e+00
-8.600000e+00	-8.500000e+00	1.128670e+00
-8.500000e+00	-8.400000e+00	1.130471e+00
-8.400000e+00	-8.300000e+00	1.131691e+00
-8.300000e+00	-8.200000e+00	1.134571e+00
-8.200000e+00	-8.100000e+00	1.136577e+00
-8.100000e+00	-8.000000e+00	1.138638e+00
-8.000000e+00	-7.900000e+00	1.141147e+00
-7.900000e+00	-7.800000e+00	1.142803e+00
-7.800000e+00	-7.700000e+00	1.143958e+00
-7.700000e+00	-7.600000e+00	1.145419e+00
-7.600000e+00	-7.500000e+00	1.146263e+00
-7.500000e+00	-7.400000e+00	1.147127e+00
-7.400000e+00	-7.300000e+00	1.148934e+00
-7.300000e+00	-7.200000e+00	1.149709e+00
-7.200000e+00	-7.100000e+00	1.150867e+00
-7.100000e+00	-7.000000e+00	1.151905e+00
-7.000000e+00	-6.900000e+00	1.152419e+00
-6.900000e+00	-6.800000e+00	1.154101e+00
-6.800000e+00	-6.700000e+00	1.154360e+00
-6.700000e+00	-6.600000e+00	1.155131e+00
-6.600000e+00	-6.500000e+00	1.156648e+00
-6.500000e+00	-6.400000e+00	1.157910e+00
-6.400000e+00	-6.300000e+00	1.157801e+00
-6.300000e+00	-6.200000e+00	1.158030e+00
-6.200000e+00	-6.100000e+00	1.158431e+00
-6.100000e+00	-6.000000e+00	1.158998e+00
-6.000000e+00	-5.900000e+00	1.159955e+00
-5.900000e+00	-5.800000e+00	1.159631e+00
-5.800000e+00	-5.700000e+00	1.160251e+00
-5.700000e+00	-5.600000e+00	1.159808e+00
-5.600000e+00	-5.500000e+00	1.159668e+00
-5.500000e+00	-5.400000e+00	1.160004e+00
-5.400000e+00	-5.300000e+00	1.160658e+00
-5.300000e+00	-5.200000e+00	1.161203e+00
-5.200000e+00	-5.100000e+00	1.160960e+00
-5.100000e+00	-5.000000e+00	1.159769e+00
-5.000000e+00	-4.900000e+00	1.160121e+00
-4.900000e+00	-4.800000e+00	1.160324e+00
-4.800000e+00	-4.700000e+00	1.158304e+00
-4.700000e+00	-4.600000e+00	1.159264e+00
-4.600000e+00	-4.500000e+00	1.158647e+00
-4.500000e+00	-4.400000e+00	1.157727e+00
-4.400000e+00	-4.300000e+00	1.157237e+00
-4.300000e+00	-4.200000e+00	1.158076e+00
-4.200000e+00	-4.100000e+00	1.156237e+00
-4.100000e+00	-4.000000e+00	1.155632e+00
-4.000000e+00	-3.900000e+00	1.154598e+00
-3.900000e+00	-3.800000e+00	1.153120e+00
-3.800000e+00	-3.700000e+00	1.151739e+00
-3.700000e+00	-3.600000e+00	1.150591e+00
-3.600000e+00	-3.500000e+00	1.149451e+00
-3.500000e+00	-3.400000e+00	1.148404e+00
-3.400000e+00	-3.300000e+00	1.146981e+00
-3.300000e+00	-3.200000e+00	1.145500e+00
-3.200000e+00	-3.100000e+00	1.144706e+00
-3.100000e+00	-3.000000e+00	1.143566e+00
-3.000000e+00	-2.900000e+00	1.142915e+00
-2.900000e+00	-2.800000e+00	1.140579e+00
-2.800000e+00	-2.700000e+00	1.138303e+00
-2.700000e+00	-2.600000e+00	1.136888e+00
-2.600000e+00	-2.500000e+00	1.134781e+00
-2.500000e+00	-2.400000e+00	1.132512e+00
-2.400000e+00	-2.300000e+00	1.130839e+00
-2.300000e+00	-2.200000e+00	1.127623e+00
-2.200000e+00	-2.100000e+00	1.125716e+00
-2.100000e+00	-2.000000e+00	1.123640e+00
-2.000000e+00	-1.900000e+00	1.121422e+00
-1.900000e+00	-1.800000e+00	1.118617e+00
-1.800000e+00	-1.700000e+00	1.115780e+00
-1.700000e+00	-1.600000e+00	1.112231e+00
-1.600000e+00	-1.500000e+00	1.108980e+00
-1.500000e+00	-1.400000e+00	1.105265e+00
-1.400000e+00	-1.300000e+00	1.101896e+00
-1.300000e+00	-1.200000e+00	1.098440e+00
-1.200000e+00	-1.100000e+00	1.093613e+00
-1.100000e+00	-1.000000e+00	1.088678e+00
-1.000000e+00	-9.000000e-01	1.085650e+00
-9.000000e-01	-8.000000e-01	1.080443e+00
-8.000000e-01	-7.000000e-01	1.075489e+00
-7.000000e-01	-6.000000e-01	1.069598e+00
-6.000000e-01	-5.000000e-01	1.064256e+00
-5.000000e-01	-4.000000e-01	1.058621e+00
-4.000000e-01	-3.000000e-01	1.052368e+00
-3.000000e-01	-2.000000e-01	1.045458e+00
-2.000000e-01	-1.000000e-01	1.035981e+00
-1.000000e-01	0.000000e+00	1.025021e+00
