 # Detector n:            1   YldNeut   
 # N. of x1 intervals          18
   0.000000      0.1745329      4.3161381E-03   18.00703    
  0.1745329      0.3490658      3.9793029E-03   5.869840    
  0.3490658      0.5235988      3.6814208E-03   4.318865    
  0.5235988      0.6981317      3.0881937E-03   5.665415    
  0.6981317      0.8726646      2.4585333E-03   5.709109    
  0.8726646       1.047198      1.8413640E-03   2.185892    
   1.047198       1.221730      1.2492234E-03   8.224224    
   1.221730       1.396263      5.8605993E-04   7.496098    
   1.396263       1.570796      1.8330736E-04   10.95445    
   1.570796       1.745329       0.000000       0.000000    
   1.745329       1.919862       0.000000       0.000000    
   1.919862       2.094395       0.000000       0.000000    
   2.094395       2.268928       0.000000       0.000000    
   2.268928       2.443461       0.000000       0.000000    
   2.443461       2.617994       0.000000       0.000000    
   2.617994       2.792527       0.000000       0.000000    
   2.792527       2.967060       0.000000       0.000000    
   2.967060       3.141593       0.000000       0.000000    
