 # Detector n:            1   YldNeut   
 # N. of x1 intervals          18
   0.000000      0.1745329      0.6642579      0.3431551    
  0.1745329      0.3490658      0.2028175      0.4063028    
  0.3490658      0.5235988      0.1405732      0.5245811    
  0.5235988      0.6981317      9.2066385E-02  0.4408499    
  0.6981317      0.8726646      5.8951080E-02  0.3894336    
  0.8726646       1.047198      3.9993715E-02  5.1739179E-02
   1.047198       1.221730      2.7130714E-02  0.1708825    
   1.221730       1.396263      1.4806521E-02  0.5605775    
   1.396263       1.570796      4.1625435E-03   1.945952    
   1.570796       1.745329       0.000000       0.000000    
   1.745329       1.919862       0.000000       0.000000    
   1.919862       2.094395       0.000000       0.000000    
   2.094395       2.268928       0.000000       0.000000    
   2.268928       2.443461       0.000000       0.000000    
   2.443461       2.617994       0.000000       0.000000    
   2.617994       2.792527       0.000000       0.000000    
   2.792527       2.967060       0.000000       0.000000    
   2.967060       3.141593       0.000000       0.000000    
