 # Detector n:            1   YldNeut   
 # N. of x1 intervals          18
   0.000000      0.1745329      5.4710194E-02  0.3764766    
  0.1745329      0.3490658      2.0116646E-02  0.4538393    
  0.3490658      0.5235988      1.6151585E-02  0.2915866    
  0.5235988      0.6981317      1.2005115E-02   1.659168    
  0.6981317      0.8726646      8.5222265E-03   1.197335    
  0.8726646       1.047198      5.6391214E-03   1.481557    
   1.047198       1.221730      3.2262201E-03   2.246439    
   1.221730       1.396263      1.5827399E-03   2.811013    
   1.396263       1.570796      4.2160691E-04   4.382469    
   1.570796       1.745329       0.000000       0.000000    
   1.745329       1.919862       0.000000       0.000000    
   1.919862       2.094395       0.000000       0.000000    
   2.094395       2.268928       0.000000       0.000000    
   2.268928       2.443461       0.000000       0.000000    
   2.443461       2.617994       0.000000       0.000000    
   2.617994       2.792527       0.000000       0.000000    
   2.792527       2.967060       0.000000       0.000000    
   2.967060       3.141593       0.000000       0.000000    
