 # Detector n:            1   YldNeut   
 # N. of x1 intervals          18
   0.000000      0.1745329       1.184214       2.726306    
  0.1745329      0.3490658       1.025306       2.025320    
  0.3490658      0.5235988      0.8987506      0.9025158    
  0.5235988      0.6981317      0.7568303       3.078218    
  0.6981317      0.8726646      0.6087452       1.013409    
  0.8726646       1.047198      0.4378255       1.821643    
   1.047198       1.221730      0.2854677       1.549326    
   1.221730       1.396263      0.1495776       2.539910    
   1.396263       1.570796      4.1940723E-02   2.840572    
   1.570796       1.745329       0.000000       0.000000    
   1.745329       1.919862       0.000000       0.000000    
   1.919862       2.094395       0.000000       0.000000    
   2.094395       2.268928       0.000000       0.000000    
   2.268928       2.443461       0.000000       0.000000    
   2.443461       2.617994       0.000000       0.000000    
   2.617994       2.792527       0.000000       0.000000    
   2.792527       2.967060       0.000000       0.000000    
   2.967060       3.141593       0.000000       0.000000    
