 # Detector n:            1   YldNeut   
 # N. of x1 intervals          18
   0.000000      0.1745329      4.8329573E-02   6.305614    
  0.1745329      0.3490658      4.2897452E-02   2.467714    
  0.3490658      0.5235988      3.7447941E-02   3.272623    
  0.5235988      0.6981317      3.1518679E-02   4.179698    
  0.6981317      0.8726646      2.3380168E-02   2.815138    
  0.8726646       1.047198      1.8250162E-02   4.520460    
   1.047198       1.221730      1.1444498E-02   2.836396    
   1.221730       1.396263      6.1252718E-03   3.657693    
   1.396263       1.570796      1.4297974E-03   10.52011    
   1.570796       1.745329       0.000000       0.000000    
   1.745329       1.919862       0.000000       0.000000    
   1.919862       2.094395       0.000000       0.000000    
   2.094395       2.268928       0.000000       0.000000    
   2.268928       2.443461       0.000000       0.000000    
   2.443461       2.617994       0.000000       0.000000    
   2.617994       2.792527       0.000000       0.000000    
   2.792527       2.967060       0.000000       0.000000    
   2.967060       3.141593       0.000000       0.000000    
