 # Detector n:            1   YldNeut   
 # N. of x1 intervals          18
   0.000000      0.1745329      8.7300527E-05   16.87602    
  0.1745329      0.3490658      9.4308540E-05   5.222043    
  0.3490658      0.5235988      6.9710783E-05   3.773137    
  0.5235988      0.6981317      5.8261801E-05   6.364810    
  0.6981317      0.8726646      4.5365789E-05   3.532165    
  0.8726646       1.047198      3.1804026E-05   3.417930    
   1.047198       1.221730      2.1693502E-05   5.006490    
   1.221730       1.396263      1.1028010E-05   5.569596    
   1.396263       1.570796      2.3829957E-06   17.85691    
   1.570796       1.745329       0.000000       0.000000    
   1.745329       1.919862       0.000000       0.000000    
   1.919862       2.094395       0.000000       0.000000    
   2.094395       2.268928       0.000000       0.000000    
   2.268928       2.443461       0.000000       0.000000    
   2.443461       2.617994       0.000000       0.000000    
   2.617994       2.792527       0.000000       0.000000    
   2.792527       2.967060       0.000000       0.000000    
   2.967060       3.141593       0.000000       0.000000    
