 # Detector n:            1   YldNeut   
 # N. of x1 intervals          18
   0.000000      0.1745329      0.5281333       2.315299    
  0.1745329      0.3490658      0.4334900       1.655167    
  0.3490658      0.5235988      0.3684013      0.5837511    
  0.5235988      0.6981317      0.3146137       1.312562    
  0.6981317      0.8726646      0.2470068       1.318555    
  0.8726646       1.047198      0.1811641       1.076419    
   1.047198       1.221730      0.1185956       1.084668    
   1.221730       1.396263      6.0483906E-02   1.348586    
   1.396263       1.570796      1.6351016E-02   2.225274    
   1.570796       1.745329       0.000000       0.000000    
   1.745329       1.919862       0.000000       0.000000    
   1.919862       2.094395       0.000000       0.000000    
   2.094395       2.268928       0.000000       0.000000    
   2.268928       2.443461       0.000000       0.000000    
   2.443461       2.617994       0.000000       0.000000    
   2.617994       2.792527       0.000000       0.000000    
   2.792527       2.967060       0.000000       0.000000    
   2.967060       3.141593       0.000000       0.000000    
