 # Detector n:            1   BdxPhot1  (integrated over solid angle)
 # N. of energy intervals         500
  1.000E-04  1.009E-04  3.848E-03  1.258E+01
  1.009E-04  1.019E-04  3.161E-03  1.475E+01
  1.019E-04  1.028E-04  3.474E-03  1.131E+01
  1.028E-04  1.038E-04  3.451E-03  1.343E+01
  1.038E-04  1.047E-04  3.000E-03  2.436E+00
  1.047E-04  1.057E-04  3.093E-03  3.779E+00
  1.057E-04  1.067E-04  3.283E-03  1.253E+01
  1.067E-04  1.076E-04  3.311E-03  1.189E+01
  1.076E-04  1.086E-04  3.697E-03  5.079E+00
  1.086E-04  1.096E-04  2.906E-03  2.786E+00
  1.096E-04  1.107E-04  3.230E-03  9.239E+00
  1.107E-04  1.117E-04  2.816E-03  9.108E+00
  1.117E-04  1.127E-04  3.117E-03  7.869E+00
  1.127E-04  1.138E-04  2.755E-03  6.372E+00
  1.138E-04  1.148E-04  2.830E-03  1.566E+01
  1.148E-04  1.159E-04  2.800E-03  9.422E+00
  1.159E-04  1.169E-04  2.858E-03  1.043E+01
  1.169E-04  1.180E-04  3.027E-03  1.005E+01
  1.180E-04  1.191E-04  3.712E-03  3.758E+00
  1.191E-04  1.202E-04  3.031E-03  5.332E+00
  1.202E-04  1.213E-04  2.953E-03  6.260E+00
  1.213E-04  1.225E-04  2.393E-03  8.028E+00
  1.225E-04  1.236E-04  2.576E-03  1.107E+01
  1.236E-04  1.247E-04  3.128E-03  1.011E+01
  1.247E-04  1.259E-04  3.441E-03  6.146E+00
  1.259E-04  1.271E-04  2.650E-03  5.395E+00
  1.271E-04  1.282E-04  3.353E-03  6.198E+00
  1.282E-04  1.294E-04  2.985E-03  1.589E+01
  1.294E-04  1.306E-04  3.154E-03  1.458E+01
  1.306E-04  1.318E-04  2.605E-03  1.236E+01
  1.318E-04  1.330E-04  2.537E-03  9.633E+00
  1.330E-04  1.343E-04  3.055E-03  1.032E+01
  1.343E-04  1.355E-04  2.875E-03  6.205E+00
  1.355E-04  1.368E-04  2.493E-03  1.552E+01
  1.368E-04  1.380E-04  3.244E-03  1.069E+01
  1.380E-04  1.393E-04  3.301E-03  2.005E+01
  1.393E-04  1.406E-04  2.836E-03  1.695E+01
  1.406E-04  1.419E-04  2.341E-03  1.062E+01
  1.419E-04  1.432E-04  3.139E-03  8.723E+00
  1.432E-04  1.445E-04  2.833E-03  1.111E+01
  1.445E-04  1.459E-04  2.763E-03  8.435E+00
  1.459E-04  1.472E-04  2.834E-03  7.133E+00
  1.472E-04  1.486E-04  2.696E-03  6.390E+00
  1.486E-04  1.500E-04  2.347E-03  1.051E+01
  1.500E-04  1.514E-04  2.757E-03  1.371E+01
  1.514E-04  1.528E-04  2.308E-03  5.528E+00
  1.528E-04  1.542E-04  2.635E-03  3.391E+00
  1.542E-04  1.556E-04  2.334E-03  8.010E+00
  1.556E-04  1.570E-04  2.296E-03  9.597E+00
  1.570E-04  1.585E-04  3.136E-03  1.136E+01
  1.585E-04  1.600E-04  2.375E-03  6.135E+00
  1.600E-04  1.614E-04  2.868E-03  1.962E+01
  1.614E-04  1.629E-04  2.303E-03  1.096E+01
  1.629E-04  1.644E-04  2.625E-03  1.086E+01
  1.644E-04  1.660E-04  2.579E-03  7.538E+00
  1.660E-04  1.675E-04  2.799E-03  5.974E+00
  1.675E-04  1.690E-04  3.115E-03  1.525E+01
  1.690E-04  1.706E-04  3.233E-03  1.073E+01
  1.706E-04  1.722E-04  2.905E-03  3.200E+00
  1.722E-04  1.738E-04  3.557E-03  1.308E+01
  1.738E-04  1.754E-04  2.841E-03  8.062E+00
  1.754E-04  1.770E-04  2.609E-03  7.971E+00
  1.770E-04  1.786E-04  3.197E-03  1.825E+01
  1.786E-04  1.803E-04  2.431E-03  6.976E+00
  1.803E-04  1.820E-04  3.143E-03  1.063E+01
  1.820E-04  1.837E-04  2.402E-03  5.405E+00
  1.837E-04  1.854E-04  2.847E-03  1.401E+01
  1.854E-04  1.871E-04  2.525E-03  5.324E+00
  1.871E-04  1.888E-04  2.316E-03  7.133E+00
  1.888E-04  1.905E-04  2.489E-03  5.091E+00
  1.905E-04  1.923E-04  2.346E-03  6.659E+00
  1.923E-04  1.941E-04  2.075E-03  6.896E+00
  1.941E-04  1.959E-04  2.287E-03  6.780E+00
  1.959E-04  1.977E-04  2.316E-03  1.287E+01
  1.977E-04  1.995E-04  2.819E-03  2.166E+01
  1.995E-04  2.014E-04  2.449E-03  1.605E+01
  2.014E-04  2.032E-04  2.446E-03  5.319E+00
  2.032E-04  2.051E-04  2.138E-03  1.024E+01
  2.051E-04  2.070E-04  2.229E-03  5.264E+00
  2.070E-04  2.089E-04  2.313E-03  1.123E+01
  2.089E-04  2.109E-04  2.255E-03  9.259E+00
  2.109E-04  2.128E-04  2.126E-03  8.268E+00
  2.128E-04  2.148E-04  1.922E-03  9.431E+00
  2.148E-04  2.168E-04  1.817E-03  9.610E+00
  2.168E-04  2.188E-04  1.686E-03  1.038E+01
  2.188E-04  2.208E-04  1.727E-03  7.986E+00
  2.208E-04  2.228E-04  2.551E-03  1.526E+01
  2.228E-04  2.249E-04  2.302E-03  8.453E+00
  2.249E-04  2.270E-04  1.978E-03  1.049E+01
  2.270E-04  2.291E-04  1.589E-03  1.219E+01
  2.291E-04  2.312E-04  1.764E-03  4.028E+00
  2.312E-04  2.333E-04  2.046E-03  5.706E+00
  2.333E-04  2.355E-04  1.466E-03  9.862E+00
  2.355E-04  2.377E-04  1.750E-03  8.329E+00
  2.377E-04  2.399E-04  1.979E-03  3.662E+00
  2.399E-04  2.421E-04  1.899E-03  1.312E+01
  2.421E-04  2.443E-04  1.909E-03  5.569E+00
  2.443E-04  2.466E-04  1.757E-03  1.150E+01
  2.466E-04  2.489E-04  1.649E-03  1.246E+01
  2.489E-04  2.512E-04  1.753E-03  5.047E+00
  2.512E-04  2.535E-04  1.687E-03  1.212E+01
  2.535E-04  2.559E-04  1.621E-03  1.272E+01
  2.559E-04  2.582E-04  1.857E-03  1.391E+01
  2.582E-04  2.606E-04  1.488E-03  9.783E+00
  2.606E-04  2.630E-04  1.589E-03  8.017E+00
  2.630E-04  2.655E-04  1.422E-03  2.845E+00
  2.655E-04  2.679E-04  1.579E-03  5.558E+00
  2.679E-04  2.704E-04  1.546E-03  6.162E+00
  2.704E-04  2.729E-04  1.571E-03  1.408E+01
  2.729E-04  2.754E-04  2.052E-03  3.494E+01
  2.754E-04  2.780E-04  1.519E-03  8.279E+00
  2.780E-04  2.805E-04  2.284E-03  2.444E+01
  2.805E-04  2.831E-04  1.331E-03  9.216E+00
  2.831E-04  2.858E-04  1.879E-03  1.327E+01
  2.858E-04  2.884E-04  1.930E-03  1.126E+01
  2.884E-04  2.911E-04  1.702E-03  1.762E+01
  2.911E-04  2.938E-04  1.484E-03  1.056E+01
  2.938E-04  2.965E-04  1.708E-03  1.096E+01
  2.965E-04  2.992E-04  1.443E-03  1.145E+01
  2.992E-04  3.020E-04  1.223E-03  1.394E+01
  3.020E-04  3.048E-04  1.580E-03  1.836E+01
  3.048E-04  3.076E-04  1.196E-03  1.194E+01
  3.076E-04  3.105E-04  1.390E-03  7.067E+00
  3.105E-04  3.133E-04  1.440E-03  9.239E+00
  3.133E-04  3.162E-04  1.353E-03  7.520E+00
  3.162E-04  3.192E-04  1.794E-03  1.169E+01
  3.192E-04  3.221E-04  1.465E-03  1.432E+01
  3.221E-04  3.251E-04  1.397E-03  1.081E+01
  3.251E-04  3.281E-04  9.884E-04  6.071E+00
  3.281E-04  3.311E-04  1.520E-03  9.872E+00
  3.311E-04  3.342E-04  1.385E-03  5.054E+00
  3.342E-04  3.373E-04  1.271E-03  9.398E+00
  3.373E-04  3.404E-04  1.438E-03  1.361E+01
  3.404E-04  3.436E-04  1.429E-03  8.139E+00
  3.436E-04  3.467E-04  1.041E-03  1.064E+01
  3.467E-04  3.499E-04  1.158E-03  1.116E+01
  3.499E-04  3.532E-04  1.124E-03  3.429E+00
  3.532E-04  3.565E-04  1.070E-03  9.845E+00
  3.565E-04  3.597E-04  1.238E-03  1.455E+01
  3.597E-04  3.631E-04  1.369E-03  1.031E+01
  3.631E-04  3.664E-04  1.238E-03  1.086E+01
  3.664E-04  3.698E-04  1.091E-03  1.061E+01
  3.698E-04  3.732E-04  1.204E-03  8.890E+00
  3.732E-04  3.767E-04  1.354E-03  1.656E+01
  3.767E-04  3.802E-04  1.103E-03  4.048E+00
  3.802E-04  3.837E-04  1.444E-03  7.877E+00
  3.837E-04  3.873E-04  1.618E-03  1.265E+01
  3.873E-04  3.908E-04  1.439E-03  1.905E+01
  3.908E-04  3.945E-04  1.237E-03  8.158E+00
  3.945E-04  3.981E-04  1.196E-03  8.843E+00
  3.981E-04  4.018E-04  1.235E-03  3.863E+00
  4.018E-04  4.055E-04  1.158E-03  2.566E+00
  4.055E-04  4.093E-04  1.664E-03  9.124E+00
  4.093E-04  4.130E-04  1.498E-03  8.014E+00
  4.130E-04  4.169E-04  1.696E-03  9.738E+00
  4.169E-04  4.207E-04  1.884E-03  1.039E+01
  4.207E-04  4.246E-04  1.566E-03  7.108E+00
  4.246E-04  4.285E-04  1.941E-03  1.045E+01
  4.285E-04  4.325E-04  1.776E-03  9.047E+00
  4.325E-04  4.365E-04  1.870E-03  5.968E+00
  4.365E-04  4.406E-04  1.721E-03  8.432E+00
  4.406E-04  4.446E-04  1.672E-03  5.155E+00
  4.446E-04  4.487E-04  1.378E-03  3.178E+00
  4.487E-04  4.529E-04  1.472E-03  1.340E+01
  4.529E-04  4.571E-04  1.185E-03  6.099E+00
  4.571E-04  4.613E-04  1.372E-03  7.653E+00
  4.613E-04  4.656E-04  1.500E-03  6.781E+00
  4.656E-04  4.699E-04  2.144E-03  1.584E+01
  4.699E-04  4.742E-04  1.667E-02  3.594E+00
  4.742E-04  4.786E-04  1.881E-02  1.740E+00
  4.786E-04  4.831E-04  1.919E-02  5.069E+00
  4.831E-04  4.875E-04  1.130E-02  2.313E+00
  4.875E-04  4.920E-04  9.076E-04  9.546E+00
  4.920E-04  4.966E-04  6.583E-04  9.907E+00
  4.966E-04  5.012E-04  5.408E-04  1.191E+01
  5.012E-04  5.058E-04  3.544E-04  9.996E+00
  5.058E-04  5.105E-04  3.351E-04  1.023E+01
  5.105E-04  5.152E-04  6.473E-03  4.905E+00
  5.152E-04  5.200E-04  1.671E-04  2.130E+01
  5.200E-04  5.248E-04  2.921E-04  1.423E+01
  5.248E-04  5.297E-04  2.075E-04  9.684E+00
  5.297E-04  5.346E-04  2.627E-04  3.106E+01
  5.346E-04  5.395E-04  1.935E-04  2.897E+01
  5.395E-04  5.445E-04  1.782E-04  2.079E+01
  5.445E-04  5.495E-04  2.744E-04  1.661E+01
  5.495E-04  5.546E-04  2.293E-04  1.794E+01
  5.546E-04  5.598E-04  1.441E-04  1.476E+01
  5.598E-04  5.649E-04  1.937E-04  2.325E+01
  5.649E-04  5.702E-04  3.022E-04  1.604E+01
  5.702E-04  5.754E-04  2.048E-04  1.729E+01
  5.754E-04  5.808E-04  2.381E-04  1.360E+01
  5.808E-04  5.861E-04  1.841E-04  1.853E+01
  5.861E-04  5.916E-04  2.411E-04  2.274E+01
  5.916E-04  5.970E-04  1.588E-04  1.076E+01
  5.970E-04  6.026E-04  2.667E-04  1.366E+01
  6.026E-04  6.081E-04  1.909E-04  1.508E+01
  6.081E-04  6.138E-04  2.239E-04  2.116E+01
  6.138E-04  6.194E-04  2.005E-04  1.551E+01
  6.194E-04  6.252E-04  2.643E-04  1.447E+01
  6.252E-04  6.310E-04  1.984E-04  1.912E+01
  6.310E-04  6.368E-04  1.552E-04  1.690E+01
  6.368E-04  6.427E-04  2.758E-04  7.553E+00
  6.427E-04  6.486E-04  2.233E-04  1.241E+01
  6.486E-04  6.546E-04  2.201E-04  1.478E+01
  6.546E-04  6.607E-04  2.543E-04  3.008E+01
  6.607E-04  6.668E-04  2.754E-04  2.576E+01
  6.668E-04  6.730E-04  2.268E-04  2.644E+01
  6.730E-04  6.792E-04  2.148E-04  2.859E+01
  6.792E-04  6.855E-04  1.793E-04  9.253E+00
  6.855E-04  6.918E-04  1.479E-04  1.221E+01
  6.918E-04  6.982E-04  3.492E-04  1.278E+01
  6.982E-04  7.047E-04  4.462E-04  1.359E+01
  7.047E-04  7.112E-04  8.327E-04  8.701E+00
  7.112E-04  7.178E-04  1.205E-03  4.634E+00
  7.178E-04  7.244E-04  1.268E-03  4.057E+00
  7.244E-04  7.311E-04  1.184E-03  1.577E+01
  7.311E-04  7.379E-04  5.778E-04  1.361E+01
  7.379E-04  7.447E-04  3.733E-04  1.713E+01
  7.447E-04  7.516E-04  1.858E-04  9.849E+00
  7.516E-04  7.586E-04  2.056E-04  1.923E+01
  7.586E-04  7.656E-04  1.031E-04  9.007E+00
  7.656E-04  7.727E-04  1.469E-04  2.236E+01
  7.727E-04  7.798E-04  8.837E-05  1.600E+01
  7.798E-04  7.870E-04  1.804E-04  3.575E+01
  7.870E-04  7.943E-04  1.374E-04  1.577E+01
  7.943E-04  8.017E-04  1.365E-04  9.074E+00
  8.017E-04  8.091E-04  8.757E-05  1.364E+01
  8.091E-04  8.166E-04  9.649E-05  2.556E+01
  8.166E-04  8.241E-04  1.605E-04  1.312E+01
  8.241E-04  8.318E-04  1.655E-04  1.213E+01
  8.318E-04  8.395E-04  1.069E-04  2.116E+01
  8.395E-04  8.472E-04  1.628E-04  1.600E+01
  8.472E-04  8.551E-04  1.582E-04  1.718E+01
  8.551E-04  8.630E-04  1.053E-04  5.592E+00
  8.630E-04  8.710E-04  1.227E-04  1.183E+01
  8.710E-04  8.790E-04  1.067E-04  1.892E+01
  8.790E-04  8.872E-04  1.156E-04  5.157E+00
  8.872E-04  8.954E-04  1.086E-04  1.103E+01
  8.954E-04  9.036E-04  1.448E-04  1.589E+01
  9.036E-04  9.120E-04  1.392E-04  5.474E+00
  9.120E-04  9.204E-04  1.310E-04  4.982E+01
  9.204E-04  9.290E-04  1.290E-04  1.568E+01
  9.290E-04  9.376E-04  9.654E-05  2.736E+01
  9.376E-04  9.462E-04  1.551E-04  1.443E+01
  9.462E-04  9.550E-04  1.731E-04  1.737E+01
  9.550E-04  9.638E-04  2.461E-04  2.148E+01
  9.638E-04  9.727E-04  1.892E-04  2.009E+01
  9.727E-04  9.817E-04  1.797E-04  2.250E+01
  9.817E-04  9.908E-04  1.610E-04  2.082E+01
  9.908E-04  1.000E-03  2.172E-04  1.636E+01
  1.000E-03  1.009E-03  2.285E-04  1.794E+01
  1.009E-03  1.019E-03  2.974E-04  4.061E+00
  1.019E-03  1.028E-03  2.885E-04  1.407E+01
  1.028E-03  1.038E-03  2.397E-04  9.367E+00
  1.038E-03  1.047E-03  2.762E-04  1.758E+01
  1.047E-03  1.057E-03  1.533E-04  9.199E+00
  1.057E-03  1.067E-03  1.167E-04  1.927E+01
  1.067E-03  1.076E-03  1.231E-04  1.413E+01
  1.076E-03  1.086E-03  1.290E-04  2.602E+01
  1.086E-03  1.096E-03  1.616E-04  1.708E+01
  1.096E-03  1.107E-03  8.502E-05  2.275E+01
  1.107E-03  1.117E-03  1.253E-04  2.335E+01
  1.117E-03  1.127E-03  1.169E-04  1.283E+01
  1.127E-03  1.138E-03  8.770E-05  2.254E+01
  1.138E-03  1.148E-03  8.814E-05  1.644E+01
  1.148E-03  1.159E-03  9.738E-05  3.485E+01
  1.159E-03  1.169E-03  8.286E-05  1.866E+01
  1.169E-03  1.180E-03  8.053E-05  3.432E+01
  1.180E-03  1.191E-03  8.756E-05  1.910E+01
  1.191E-03  1.202E-03  7.450E-05  2.819E+01
  1.202E-03  1.213E-03  8.920E-05  2.343E+01
  1.213E-03  1.225E-03  8.530E-05  1.050E+01
  1.225E-03  1.236E-03  4.840E-05  3.641E+01
  1.236E-03  1.247E-03  7.232E-05  1.907E+01
  1.247E-03  1.259E-03  1.453E-04  2.868E+01
  1.259E-03  1.271E-03  8.800E-05  2.127E+01
  1.271E-03  1.282E-03  8.897E-05  1.960E+01
  1.282E-03  1.294E-03  7.019E-05  2.891E+01
  1.294E-03  1.306E-03  8.200E-05  1.900E+01
  1.306E-03  1.318E-03  9.803E-05  2.888E+01
  1.318E-03  1.330E-03  1.110E-04  3.976E+01
  1.330E-03  1.343E-03  1.031E-04  1.566E+01
  1.343E-03  1.355E-03  1.620E-04  2.043E+01
  1.355E-03  1.368E-03  1.920E-04  8.160E+00
  1.368E-03  1.380E-03  1.554E-04  2.180E+01
  1.380E-03  1.393E-03  1.329E-04  1.081E+01
  1.393E-03  1.406E-03  1.820E-04  9.284E+00
  1.406E-03  1.419E-03  2.049E-04  1.967E+01
  1.419E-03  1.432E-03  1.876E-04  1.914E+01
  1.432E-03  1.445E-03  1.546E-04  1.644E+01
  1.445E-03  1.459E-03  2.001E-04  1.087E+01
  1.459E-03  1.472E-03  1.410E-04  1.971E+01
  1.472E-03  1.486E-03  8.953E-05  5.499E+00
  1.486E-03  1.500E-03  9.349E-05  8.939E+00
  1.500E-03  1.514E-03  8.249E-05  2.995E+01
  1.514E-03  1.528E-03  9.789E-05  1.920E+01
  1.528E-03  1.542E-03  7.711E-05  2.275E+01
  1.542E-03  1.556E-03  1.145E-04  2.315E+01
  1.556E-03  1.570E-03  5.524E-05  9.854E+00
  1.570E-03  1.585E-03  8.562E-05  1.331E+01
  1.585E-03  1.600E-03  5.969E-05  1.457E+01
  1.600E-03  1.614E-03  4.680E-05  2.551E+01
  1.614E-03  1.629E-03  4.363E-05  2.101E+01
  1.629E-03  1.644E-03  9.850E-05  5.051E+01
  1.644E-03  1.660E-03  7.052E-05  2.048E+01
  1.660E-03  1.675E-03  1.175E-04  1.744E+01
  1.675E-03  1.690E-03  6.794E-05  2.185E+01
  1.690E-03  1.706E-03  8.353E-05  7.079E+00
  1.706E-03  1.722E-03  6.895E-05  1.524E+01
  1.722E-03  1.738E-03  7.016E-05  2.955E+01
  1.738E-03  1.754E-03  6.190E-05  3.545E+01
  1.754E-03  1.770E-03  6.481E-05  2.353E+01
  1.770E-03  1.786E-03  6.364E-05  1.772E+01
  1.786E-03  1.803E-03  3.946E-05  2.568E+01
  1.803E-03  1.820E-03  4.959E-05  1.270E+01
  1.820E-03  1.837E-03  5.559E-05  1.331E+01
  1.837E-03  1.854E-03  6.991E-05  1.315E+01
  1.854E-03  1.871E-03  6.883E-05  2.130E+01
  1.871E-03  1.888E-03  4.709E-05  1.860E+01
  1.888E-03  1.905E-03  6.770E-05  2.710E+01
  1.905E-03  1.923E-03  3.586E-05  1.448E+01
  1.923E-03  1.941E-03  6.081E-05  3.614E+01
  1.941E-03  1.959E-03  8.240E-05  9.729E+00
  1.959E-03  1.977E-03  1.082E-04  1.643E+01
  1.977E-03  1.995E-03  1.282E-04  7.775E+00
  1.995E-03  2.014E-03  1.831E-04  1.424E+01
  2.014E-03  2.032E-03  1.206E-04  1.543E+01
  2.032E-03  2.051E-03  9.290E-05  1.396E+01
  2.051E-03  2.070E-03  8.025E-05  1.133E+01
  2.070E-03  2.089E-03  1.067E-04  1.460E+01
  2.089E-03  2.109E-03  2.339E-04  1.017E+01
  2.109E-03  2.128E-03  3.513E-04  8.110E+00
  2.128E-03  2.148E-03  3.753E-04  1.193E+01
  2.148E-03  2.168E-03  2.862E-04  1.389E+01
  2.168E-03  2.188E-03  2.220E-04  2.362E+01
  2.188E-03  2.208E-03  1.264E-04  1.204E+01
  2.208E-03  2.228E-03  5.839E-04  3.677E+00
  2.228E-03  2.249E-03  1.262E-04  6.553E+00
  2.249E-03  2.270E-03  1.022E-04  8.499E+00
  2.270E-03  2.291E-03  5.172E-04  8.114E+01
  2.291E-03  2.312E-03  1.018E-04  2.413E+01
  2.312E-03  2.333E-03  1.086E-04  1.433E+01
  2.333E-03  2.355E-03  6.655E-05  1.074E+01
  2.355E-03  2.377E-03  4.559E-05  2.106E+01
  2.377E-03  2.399E-03  4.184E-05  1.597E+01
  2.399E-03  2.421E-03  3.953E-05  1.941E+01
  2.421E-03  2.443E-03  2.698E-05  2.265E+01
  2.443E-03  2.466E-03  3.084E-05  4.797E+01
  2.466E-03  2.489E-03  3.544E-05  2.167E+01
  2.489E-03  2.512E-03  4.419E-05  3.658E+01
  2.512E-03  2.535E-03  4.507E-05  2.261E+01
  2.535E-03  2.559E-03  4.933E-05  1.882E+01
  2.559E-03  2.582E-03  8.016E-05  2.639E+01
  2.582E-03  2.606E-03  8.416E-05  1.357E+01
  2.606E-03  2.630E-03  9.923E-05  3.465E+01
  2.630E-03  2.655E-03  5.041E-05  1.986E+01
  2.655E-03  2.679E-03  6.436E-05  2.948E+01
  2.679E-03  2.704E-03  4.363E-05  1.124E+01
  2.704E-03  2.729E-03  4.329E-05  3.272E+01
  2.729E-03  2.754E-03  4.862E-05  2.825E+01
  2.754E-03  2.780E-03  3.742E-05  3.214E+01
  2.780E-03  2.805E-03  7.461E-05  2.695E+01
  2.805E-03  2.831E-03  9.030E-05  1.737E+01
  2.831E-03  2.858E-03  1.390E-04  1.183E+01
  2.858E-03  2.884E-03  1.411E-04  1.249E+01
  2.884E-03  2.911E-03  1.356E-04  1.390E+01
  2.911E-03  2.938E-03  1.566E-04  3.059E+01
  2.938E-03  2.965E-03  7.155E-05  1.619E+01
  2.965E-03  2.992E-03  4.345E-05  2.794E+01
  2.992E-03  3.020E-03  3.844E-05  1.950E+01
  3.020E-03  3.048E-03  1.083E-04  6.170E+01
  3.048E-03  3.076E-03  3.984E-05  2.648E+01
  3.076E-03  3.105E-03  4.195E-05  2.021E+01
  3.105E-03  3.133E-03  4.033E-05  1.674E+01
  3.133E-03  3.162E-03  3.398E-05  8.719E+00
  3.162E-03  3.192E-03  4.837E-05  2.823E+01
  3.192E-03  3.221E-03  2.789E-05  2.548E+01
  3.221E-03  3.251E-03  3.440E-05  3.576E+01
  3.251E-03  3.281E-03  5.280E-05  2.610E+01
  3.281E-03  3.311E-03  9.995E-05  1.814E+01
  3.311E-03  3.342E-03  1.013E-04  1.675E+01
  3.342E-03  3.373E-03  1.516E-04  9.682E+00
  3.373E-03  3.404E-03  1.499E-04  1.088E+01
  3.404E-03  3.436E-03  1.446E-04  2.861E+00
  3.436E-03  3.467E-03  9.212E-05  2.362E+01
  3.467E-03  3.499E-03  6.496E-05  1.417E+01
  3.499E-03  3.532E-03  4.051E-05  1.083E+01
  3.532E-03  3.564E-03  3.147E-05  7.532E+00
  3.564E-03  3.597E-03  4.131E-05  1.569E+01
  3.597E-03  3.631E-03  4.701E-05  1.556E+01
  3.631E-03  3.664E-03  4.072E-05  1.658E+01
  3.664E-03  3.698E-03  5.269E-05  2.410E+01
  3.698E-03  3.732E-03  3.634E-05  1.935E+01
  3.732E-03  3.767E-03  2.661E-05  2.088E+01
  3.767E-03  3.802E-03  2.799E-05  2.112E+01
  3.802E-03  3.837E-03  2.026E-05  2.803E+01
  3.837E-03  3.873E-03  3.596E-05  1.326E+01
  3.873E-03  3.908E-03  2.605E-05  3.408E+01
  3.908E-03  3.945E-03  4.047E-05  2.675E+01
  3.945E-03  3.981E-03  2.365E-05  8.572E+00
  3.981E-03  4.018E-03  2.451E-05  1.598E+01
  4.018E-03  4.055E-03  3.188E-05  2.247E+01
  4.055E-03  4.093E-03  2.484E-05  2.307E+01
  4.093E-03  4.130E-03  2.128E-05  2.357E+01
  4.130E-03  4.169E-03  4.189E-05  2.986E+01
  4.169E-03  4.207E-03  2.244E-05  3.162E+01
  4.207E-03  4.246E-03  4.218E-05  1.591E+01
  4.246E-03  4.285E-03  3.968E-05  2.162E+01
  4.285E-03  4.325E-03  7.157E-05  1.721E+01
  4.325E-03  4.365E-03  1.253E-04  1.704E+01
  4.365E-03  4.406E-03  3.025E-04  5.283E+00
  4.406E-03  4.446E-03  8.077E-04  1.979E+00
  4.446E-03  4.487E-03  6.882E-04  4.543E+00
  4.487E-03  4.529E-03  2.559E-04  5.644E+00
  4.529E-03  4.571E-03  6.723E-05  1.183E+01
  4.571E-03  4.613E-03  3.916E-05  2.146E+01
  4.613E-03  4.656E-03  3.489E-05  2.354E+01
  4.656E-03  4.699E-03  5.298E-05  4.141E+01
  4.699E-03  4.742E-03  4.450E-05  1.627E+01
  4.742E-03  4.786E-03  6.086E-05  1.951E+01
  4.786E-03  4.831E-03  3.005E-05  1.246E+01
  4.831E-03  4.875E-03  3.786E-05  1.811E+01
  4.875E-03  4.920E-03  2.903E-05  1.063E+01
  4.920E-03  4.966E-03  3.140E-05  1.394E+01
  4.966E-03  5.012E-03  4.961E-05  2.460E+01
  5.012E-03  5.058E-03  3.950E-05  1.001E+01
  5.058E-03  5.105E-03  3.455E-05  1.628E+01
  5.105E-03  5.152E-03  2.217E-05  1.295E+01
  5.152E-03  5.200E-03  1.304E-05  1.369E+01
  5.200E-03  5.248E-03  2.116E-05  1.716E+01
  5.248E-03  5.297E-03  1.536E-05  1.996E+01
  5.297E-03  5.346E-03  2.374E-05  1.618E+01
  5.346E-03  5.395E-03  1.918E-05  2.510E+01
  5.395E-03  5.445E-03  2.374E-05  2.671E+01
  5.445E-03  5.495E-03  2.039E-05  2.752E+01
  5.495E-03  5.546E-03  4.279E-05  5.409E+01
  5.546E-03  5.598E-03  2.506E-05  3.454E+01
  5.598E-03  5.649E-03  1.596E-05  2.483E+01
  5.649E-03  5.702E-03  2.593E-05  1.994E+01
  5.702E-03  5.754E-03  2.374E-05  2.478E+01
  5.754E-03  5.808E-03  3.862E-05  2.160E+01
  5.808E-03  5.861E-03  2.265E-05  1.280E+01
  5.861E-03  5.916E-03  2.408E-05  2.219E+01
  5.916E-03  5.970E-03  3.987E-05  1.827E+01
  5.970E-03  6.026E-03  3.249E-05  2.053E+01
  6.026E-03  6.081E-03  2.391E-05  2.497E+01
  6.081E-03  6.138E-03  3.081E-05  3.746E+01
  6.138E-03  6.194E-03  2.994E-05  3.855E+01
  6.194E-03  6.252E-03  1.436E-05  1.127E+01
  6.252E-03  6.310E-03  2.107E-05  1.784E+01
  6.310E-03  6.368E-03  2.302E-05  1.739E+01
  6.368E-03  6.427E-03  3.461E-05  1.252E+01
  6.427E-03  6.486E-03  3.280E-05  3.472E+01
  6.486E-03  6.546E-03  4.047E-05  3.193E+01
  6.546E-03  6.607E-03  3.038E-05  6.510E+00
  6.607E-03  6.668E-03  3.412E-05  2.394E+01
  6.668E-03  6.730E-03  6.129E-05  4.624E+01
  6.730E-03  6.792E-03  3.699E-05  9.370E+00
  6.792E-03  6.855E-03  3.522E-05  2.314E+01
  6.855E-03  6.918E-03  2.871E-05  1.864E+01
  6.918E-03  6.982E-03  2.565E-05  1.380E+01
  6.982E-03  7.047E-03  2.375E-05  2.497E+01
  7.047E-03  7.112E-03  2.188E-05  3.480E+01
  7.112E-03  7.178E-03  1.814E-05  1.540E+01
  7.178E-03  7.244E-03  2.261E-05  8.891E+00
  7.244E-03  7.311E-03  1.927E-05  1.722E+01
  7.311E-03  7.379E-03  2.049E-05  1.196E+01
  7.379E-03  7.447E-03  3.216E-05  2.126E+01
  7.447E-03  7.516E-03  2.113E-05  1.225E+01
  7.516E-03  7.586E-03  2.024E-05  3.567E+01
  7.586E-03  7.656E-03  1.071E-05  3.012E+01
  7.656E-03  7.727E-03  1.481E-05  2.665E+01
  7.727E-03  7.798E-03  1.204E-05  1.976E+01
  7.798E-03  7.870E-03  1.213E-05  2.925E+01
  7.870E-03  7.943E-03  1.086E-05  2.176E+01
  7.943E-03  8.017E-03  1.946E-05  2.081E+01
  8.017E-03  8.091E-03  1.781E-05  2.284E+01
  8.091E-03  8.166E-03  1.237E-05  1.586E+01
  8.166E-03  8.241E-03  1.655E-05  1.889E+01
  8.241E-03  8.318E-03  1.651E-05  1.605E+01
  8.318E-03  8.395E-03  1.342E-05  2.091E+01
  8.395E-03  8.472E-03  1.522E-05  2.736E+01
  8.472E-03  8.551E-03  1.770E-05  3.636E+01
  8.551E-03  8.630E-03  2.066E-05  8.905E+00
  8.630E-03  8.710E-03  1.448E-05  1.360E+01
  8.710E-03  8.790E-03  2.069E-05  1.552E+01
  8.790E-03  8.872E-03  2.144E-05  1.785E+01
  8.872E-03  8.954E-03  2.079E-05  8.923E+00
  8.954E-03  9.036E-03  1.134E-05  1.255E+01
  9.036E-03  9.120E-03  1.187E-05  3.893E+01
  9.120E-03  9.204E-03  1.807E-05  1.653E+01
  9.204E-03  9.290E-03  8.697E-06  2.733E+01
  9.290E-03  9.376E-03  4.131E-06  3.456E+01
  9.376E-03  9.462E-03  6.603E-06  1.999E+01
  9.462E-03  9.550E-03  6.292E-06  2.828E+01
  9.550E-03  9.638E-03  7.226E-06  1.383E+01
  9.638E-03  9.727E-03  8.364E-06  2.056E+01
  9.727E-03  9.817E-03  1.099E-05  1.899E+01
  9.817E-03  9.908E-03  5.863E-06  2.892E+01
  9.908E-03  1.000E-02  8.220E-06  4.829E+01


 # double differential distributions
 # number of solid angle intervals           1
 # Block n:            1     0.00000000      :   6.28318548    
  1.000E-04  1.009E-04  6.124E-04  1.258E+01  0.000E+00  6.283E+00
  1.009E-04  1.019E-04  5.031E-04  1.475E+01  0.000E+00  6.283E+00
  1.019E-04  1.028E-04  5.529E-04  1.131E+01  0.000E+00  6.283E+00
  1.028E-04  1.038E-04  5.493E-04  1.343E+01  0.000E+00  6.283E+00
  1.038E-04  1.047E-04  4.775E-04  2.436E+00  0.000E+00  6.283E+00
  1.047E-04  1.057E-04  4.923E-04  3.779E+00  0.000E+00  6.283E+00
  1.057E-04  1.067E-04  5.225E-04  1.253E+01  0.000E+00  6.283E+00
  1.067E-04  1.076E-04  5.270E-04  1.189E+01  0.000E+00  6.283E+00
  1.076E-04  1.086E-04  5.883E-04  5.079E+00  0.000E+00  6.283E+00
  1.086E-04  1.096E-04  4.625E-04  2.786E+00  0.000E+00  6.283E+00
  1.096E-04  1.107E-04  5.140E-04  9.239E+00  0.000E+00  6.283E+00
  1.107E-04  1.117E-04  4.482E-04  9.108E+00  0.000E+00  6.283E+00
  1.117E-04  1.127E-04  4.960E-04  7.869E+00  0.000E+00  6.283E+00
  1.127E-04  1.138E-04  4.385E-04  6.372E+00  0.000E+00  6.283E+00
  1.138E-04  1.148E-04  4.503E-04  1.566E+01  0.000E+00  6.283E+00
  1.148E-04  1.159E-04  4.457E-04  9.422E+00  0.000E+00  6.283E+00
  1.159E-04  1.169E-04  4.549E-04  1.043E+01  0.000E+00  6.283E+00
  1.169E-04  1.180E-04  4.817E-04  1.005E+01  0.000E+00  6.283E+00
  1.180E-04  1.191E-04  5.908E-04  3.758E+00  0.000E+00  6.283E+00
  1.191E-04  1.202E-04  4.824E-04  5.332E+00  0.000E+00  6.283E+00
  1.202E-04  1.213E-04  4.700E-04  6.260E+00  0.000E+00  6.283E+00
  1.213E-04  1.225E-04  3.809E-04  8.028E+00  0.000E+00  6.283E+00
  1.225E-04  1.236E-04  4.100E-04  1.107E+01  0.000E+00  6.283E+00
  1.236E-04  1.247E-04  4.978E-04  1.011E+01  0.000E+00  6.283E+00
  1.247E-04  1.259E-04  5.476E-04  6.146E+00  0.000E+00  6.283E+00
  1.259E-04  1.271E-04  4.217E-04  5.395E+00  0.000E+00  6.283E+00
  1.271E-04  1.282E-04  5.336E-04  6.198E+00  0.000E+00  6.283E+00
  1.282E-04  1.294E-04  4.752E-04  1.589E+01  0.000E+00  6.283E+00
  1.294E-04  1.306E-04  5.019E-04  1.458E+01  0.000E+00  6.283E+00
  1.306E-04  1.318E-04  4.146E-04  1.236E+01  0.000E+00  6.283E+00
  1.318E-04  1.330E-04  4.039E-04  9.633E+00  0.000E+00  6.283E+00
  1.330E-04  1.343E-04  4.862E-04  1.032E+01  0.000E+00  6.283E+00
  1.343E-04  1.355E-04  4.575E-04  6.205E+00  0.000E+00  6.283E+00
  1.355E-04  1.368E-04  3.968E-04  1.552E+01  0.000E+00  6.283E+00
  1.368E-04  1.380E-04  5.164E-04  1.069E+01  0.000E+00  6.283E+00
  1.380E-04  1.393E-04  5.254E-04  2.005E+01  0.000E+00  6.283E+00
  1.393E-04  1.406E-04  4.513E-04  1.695E+01  0.000E+00  6.283E+00
  1.406E-04  1.419E-04  3.726E-04  1.062E+01  0.000E+00  6.283E+00
  1.419E-04  1.432E-04  4.996E-04  8.723E+00  0.000E+00  6.283E+00
  1.432E-04  1.445E-04  4.509E-04  1.111E+01  0.000E+00  6.283E+00
  1.445E-04  1.459E-04  4.397E-04  8.435E+00  0.000E+00  6.283E+00
  1.459E-04  1.472E-04  4.510E-04  7.133E+00  0.000E+00  6.283E+00
  1.472E-04  1.486E-04  4.291E-04  6.390E+00  0.000E+00  6.283E+00
  1.486E-04  1.500E-04  3.736E-04  1.051E+01  0.000E+00  6.283E+00
  1.500E-04  1.514E-04  4.387E-04  1.371E+01  0.000E+00  6.283E+00
  1.514E-04  1.528E-04  3.674E-04  5.528E+00  0.000E+00  6.283E+00
  1.528E-04  1.542E-04  4.193E-04  3.391E+00  0.000E+00  6.283E+00
  1.542E-04  1.556E-04  3.715E-04  8.010E+00  0.000E+00  6.283E+00
  1.556E-04  1.570E-04  3.654E-04  9.597E+00  0.000E+00  6.283E+00
  1.570E-04  1.585E-04  4.991E-04  1.136E+01  0.000E+00  6.283E+00
  1.585E-04  1.600E-04  3.780E-04  6.135E+00  0.000E+00  6.283E+00
  1.600E-04  1.614E-04  4.565E-04  1.962E+01  0.000E+00  6.283E+00
  1.614E-04  1.629E-04  3.666E-04  1.096E+01  0.000E+00  6.283E+00
  1.629E-04  1.644E-04  4.177E-04  1.086E+01  0.000E+00  6.283E+00
  1.644E-04  1.660E-04  4.105E-04  7.538E+00  0.000E+00  6.283E+00
  1.660E-04  1.675E-04  4.455E-04  5.974E+00  0.000E+00  6.283E+00
  1.675E-04  1.690E-04  4.957E-04  1.525E+01  0.000E+00  6.283E+00
  1.690E-04  1.706E-04  5.146E-04  1.073E+01  0.000E+00  6.283E+00
  1.706E-04  1.722E-04  4.623E-04  3.200E+00  0.000E+00  6.283E+00
  1.722E-04  1.738E-04  5.661E-04  1.308E+01  0.000E+00  6.283E+00
  1.738E-04  1.754E-04  4.521E-04  8.062E+00  0.000E+00  6.283E+00
  1.754E-04  1.770E-04  4.152E-04  7.971E+00  0.000E+00  6.283E+00
  1.770E-04  1.786E-04  5.088E-04  1.825E+01  0.000E+00  6.283E+00
  1.786E-04  1.803E-04  3.868E-04  6.976E+00  0.000E+00  6.283E+00
  1.803E-04  1.820E-04  5.002E-04  1.063E+01  0.000E+00  6.283E+00
  1.820E-04  1.837E-04  3.824E-04  5.405E+00  0.000E+00  6.283E+00
  1.837E-04  1.854E-04  4.531E-04  1.401E+01  0.000E+00  6.283E+00
  1.854E-04  1.871E-04  4.019E-04  5.324E+00  0.000E+00  6.283E+00
  1.871E-04  1.888E-04  3.686E-04  7.133E+00  0.000E+00  6.283E+00
  1.888E-04  1.905E-04  3.962E-04  5.091E+00  0.000E+00  6.283E+00
  1.905E-04  1.923E-04  3.734E-04  6.659E+00  0.000E+00  6.283E+00
  1.923E-04  1.941E-04  3.303E-04  6.896E+00  0.000E+00  6.283E+00
  1.941E-04  1.959E-04  3.640E-04  6.780E+00  0.000E+00  6.283E+00
  1.959E-04  1.977E-04  3.686E-04  1.287E+01  0.000E+00  6.283E+00
  1.977E-04  1.995E-04  4.487E-04  2.166E+01  0.000E+00  6.283E+00
  1.995E-04  2.014E-04  3.897E-04  1.605E+01  0.000E+00  6.283E+00
  2.014E-04  2.032E-04  3.894E-04  5.319E+00  0.000E+00  6.283E+00
  2.032E-04  2.051E-04  3.402E-04  1.024E+01  0.000E+00  6.283E+00
  2.051E-04  2.070E-04  3.548E-04  5.264E+00  0.000E+00  6.283E+00
  2.070E-04  2.089E-04  3.682E-04  1.123E+01  0.000E+00  6.283E+00
  2.089E-04  2.109E-04  3.590E-04  9.259E+00  0.000E+00  6.283E+00
  2.109E-04  2.128E-04  3.383E-04  8.268E+00  0.000E+00  6.283E+00
  2.128E-04  2.148E-04  3.059E-04  9.431E+00  0.000E+00  6.283E+00
  2.148E-04  2.168E-04  2.893E-04  9.610E+00  0.000E+00  6.283E+00
  2.168E-04  2.188E-04  2.684E-04  1.038E+01  0.000E+00  6.283E+00
  2.188E-04  2.208E-04  2.749E-04  7.986E+00  0.000E+00  6.283E+00
  2.208E-04  2.228E-04  4.061E-04  1.526E+01  0.000E+00  6.283E+00
  2.228E-04  2.249E-04  3.664E-04  8.453E+00  0.000E+00  6.283E+00
  2.249E-04  2.270E-04  3.148E-04  1.049E+01  0.000E+00  6.283E+00
  2.270E-04  2.291E-04  2.529E-04  1.219E+01  0.000E+00  6.283E+00
  2.291E-04  2.312E-04  2.808E-04  4.028E+00  0.000E+00  6.283E+00
  2.312E-04  2.333E-04  3.257E-04  5.706E+00  0.000E+00  6.283E+00
  2.333E-04  2.355E-04  2.334E-04  9.862E+00  0.000E+00  6.283E+00
  2.355E-04  2.377E-04  2.785E-04  8.329E+00  0.000E+00  6.283E+00
  2.377E-04  2.399E-04  3.150E-04  3.662E+00  0.000E+00  6.283E+00
  2.399E-04  2.421E-04  3.022E-04  1.312E+01  0.000E+00  6.283E+00
  2.421E-04  2.443E-04  3.038E-04  5.569E+00  0.000E+00  6.283E+00
  2.443E-04  2.466E-04  2.796E-04  1.150E+01  0.000E+00  6.283E+00
  2.466E-04  2.489E-04  2.625E-04  1.246E+01  0.000E+00  6.283E+00
  2.489E-04  2.512E-04  2.791E-04  5.047E+00  0.000E+00  6.283E+00
  2.512E-04  2.535E-04  2.685E-04  1.212E+01  0.000E+00  6.283E+00
  2.535E-04  2.559E-04  2.580E-04  1.272E+01  0.000E+00  6.283E+00
  2.559E-04  2.582E-04  2.956E-04  1.391E+01  0.000E+00  6.283E+00
  2.582E-04  2.606E-04  2.368E-04  9.783E+00  0.000E+00  6.283E+00
  2.606E-04  2.630E-04  2.530E-04  8.017E+00  0.000E+00  6.283E+00
  2.630E-04  2.655E-04  2.262E-04  2.845E+00  0.000E+00  6.283E+00
  2.655E-04  2.679E-04  2.512E-04  5.558E+00  0.000E+00  6.283E+00
  2.679E-04  2.704E-04  2.461E-04  6.162E+00  0.000E+00  6.283E+00
  2.704E-04  2.729E-04  2.501E-04  1.408E+01  0.000E+00  6.283E+00
  2.729E-04  2.754E-04  3.266E-04  3.494E+01  0.000E+00  6.283E+00
  2.754E-04  2.780E-04  2.418E-04  8.279E+00  0.000E+00  6.283E+00
  2.780E-04  2.805E-04  3.636E-04  2.444E+01  0.000E+00  6.283E+00
  2.805E-04  2.831E-04  2.118E-04  9.216E+00  0.000E+00  6.283E+00
  2.831E-04  2.858E-04  2.991E-04  1.327E+01  0.000E+00  6.283E+00
  2.858E-04  2.884E-04  3.071E-04  1.126E+01  0.000E+00  6.283E+00
  2.884E-04  2.911E-04  2.710E-04  1.762E+01  0.000E+00  6.283E+00
  2.911E-04  2.938E-04  2.362E-04  1.056E+01  0.000E+00  6.283E+00
  2.938E-04  2.965E-04  2.719E-04  1.096E+01  0.000E+00  6.283E+00
  2.965E-04  2.992E-04  2.297E-04  1.145E+01  0.000E+00  6.283E+00
  2.992E-04  3.020E-04  1.947E-04  1.394E+01  0.000E+00  6.283E+00
  3.020E-04  3.048E-04  2.514E-04  1.836E+01  0.000E+00  6.283E+00
  3.048E-04  3.076E-04  1.903E-04  1.194E+01  0.000E+00  6.283E+00
  3.076E-04  3.105E-04  2.211E-04  7.067E+00  0.000E+00  6.283E+00
  3.105E-04  3.133E-04  2.292E-04  9.239E+00  0.000E+00  6.283E+00
  3.133E-04  3.162E-04  2.153E-04  7.520E+00  0.000E+00  6.283E+00
  3.162E-04  3.192E-04  2.855E-04  1.169E+01  0.000E+00  6.283E+00
  3.192E-04  3.221E-04  2.332E-04  1.432E+01  0.000E+00  6.283E+00
  3.221E-04  3.251E-04  2.223E-04  1.081E+01  0.000E+00  6.283E+00
  3.251E-04  3.281E-04  1.573E-04  6.071E+00  0.000E+00  6.283E+00
  3.281E-04  3.311E-04  2.419E-04  9.872E+00  0.000E+00  6.283E+00
  3.311E-04  3.342E-04  2.204E-04  5.054E+00  0.000E+00  6.283E+00
  3.342E-04  3.373E-04  2.023E-04  9.398E+00  0.000E+00  6.283E+00
  3.373E-04  3.404E-04  2.288E-04  1.361E+01  0.000E+00  6.283E+00
  3.404E-04  3.436E-04  2.274E-04  8.139E+00  0.000E+00  6.283E+00
  3.436E-04  3.467E-04  1.657E-04  1.064E+01  0.000E+00  6.283E+00
  3.467E-04  3.499E-04  1.842E-04  1.116E+01  0.000E+00  6.283E+00
  3.499E-04  3.532E-04  1.789E-04  3.429E+00  0.000E+00  6.283E+00
  3.532E-04  3.565E-04  1.703E-04  9.845E+00  0.000E+00  6.283E+00
  3.565E-04  3.597E-04  1.970E-04  1.455E+01  0.000E+00  6.283E+00
  3.597E-04  3.631E-04  2.178E-04  1.031E+01  0.000E+00  6.283E+00
  3.631E-04  3.664E-04  1.970E-04  1.086E+01  0.000E+00  6.283E+00
  3.664E-04  3.698E-04  1.737E-04  1.061E+01  0.000E+00  6.283E+00
  3.698E-04  3.732E-04  1.916E-04  8.890E+00  0.000E+00  6.283E+00
  3.732E-04  3.767E-04  2.155E-04  1.656E+01  0.000E+00  6.283E+00
  3.767E-04  3.802E-04  1.756E-04  4.048E+00  0.000E+00  6.283E+00
  3.802E-04  3.837E-04  2.299E-04  7.877E+00  0.000E+00  6.283E+00
  3.837E-04  3.873E-04  2.574E-04  1.265E+01  0.000E+00  6.283E+00
  3.873E-04  3.908E-04  2.290E-04  1.905E+01  0.000E+00  6.283E+00
  3.908E-04  3.945E-04  1.969E-04  8.158E+00  0.000E+00  6.283E+00
  3.945E-04  3.981E-04  1.904E-04  8.843E+00  0.000E+00  6.283E+00
  3.981E-04  4.018E-04  1.966E-04  3.863E+00  0.000E+00  6.283E+00
  4.018E-04  4.055E-04  1.843E-04  2.566E+00  0.000E+00  6.283E+00
  4.055E-04  4.093E-04  2.648E-04  9.124E+00  0.000E+00  6.283E+00
  4.093E-04  4.130E-04  2.384E-04  8.014E+00  0.000E+00  6.283E+00
  4.130E-04  4.169E-04  2.699E-04  9.738E+00  0.000E+00  6.283E+00
  4.169E-04  4.207E-04  2.998E-04  1.039E+01  0.000E+00  6.283E+00
  4.207E-04  4.246E-04  2.492E-04  7.108E+00  0.000E+00  6.283E+00
  4.246E-04  4.285E-04  3.089E-04  1.045E+01  0.000E+00  6.283E+00
  4.285E-04  4.325E-04  2.827E-04  9.047E+00  0.000E+00  6.283E+00
  4.325E-04  4.365E-04  2.976E-04  5.968E+00  0.000E+00  6.283E+00
  4.365E-04  4.406E-04  2.739E-04  8.432E+00  0.000E+00  6.283E+00
  4.406E-04  4.446E-04  2.660E-04  5.155E+00  0.000E+00  6.283E+00
  4.446E-04  4.487E-04  2.192E-04  3.178E+00  0.000E+00  6.283E+00
  4.487E-04  4.529E-04  2.342E-04  1.340E+01  0.000E+00  6.283E+00
  4.529E-04  4.571E-04  1.886E-04  6.099E+00  0.000E+00  6.283E+00
  4.571E-04  4.613E-04  2.183E-04  7.653E+00  0.000E+00  6.283E+00
  4.613E-04  4.656E-04  2.387E-04  6.781E+00  0.000E+00  6.283E+00
  4.656E-04  4.699E-04  3.412E-04  1.584E+01  0.000E+00  6.283E+00
  4.699E-04  4.742E-04  2.653E-03  3.594E+00  0.000E+00  6.283E+00
  4.742E-04  4.786E-04  2.994E-03  1.740E+00  0.000E+00  6.283E+00
  4.786E-04  4.831E-04  3.054E-03  5.069E+00  0.000E+00  6.283E+00
  4.831E-04  4.875E-04  1.799E-03  2.313E+00  0.000E+00  6.283E+00
  4.875E-04  4.920E-04  1.444E-04  9.546E+00  0.000E+00  6.283E+00
  4.920E-04  4.966E-04  1.048E-04  9.907E+00  0.000E+00  6.283E+00
  4.966E-04  5.012E-04  8.608E-05  1.191E+01  0.000E+00  6.283E+00
  5.012E-04  5.058E-04  5.641E-05  9.996E+00  0.000E+00  6.283E+00
  5.058E-04  5.105E-04  5.333E-05  1.023E+01  0.000E+00  6.283E+00
  5.105E-04  5.152E-04  1.030E-03  4.905E+00  0.000E+00  6.283E+00
  5.152E-04  5.200E-04  2.660E-05  2.130E+01  0.000E+00  6.283E+00
  5.200E-04  5.248E-04  4.649E-05  1.423E+01  0.000E+00  6.283E+00
  5.248E-04  5.297E-04  3.303E-05  9.684E+00  0.000E+00  6.283E+00
  5.297E-04  5.346E-04  4.181E-05  3.106E+01  0.000E+00  6.283E+00
  5.346E-04  5.395E-04  3.079E-05  2.897E+01  0.000E+00  6.283E+00
  5.395E-04  5.445E-04  2.836E-05  2.079E+01  0.000E+00  6.283E+00
  5.445E-04  5.495E-04  4.368E-05  1.661E+01  0.000E+00  6.283E+00
  5.495E-04  5.546E-04  3.650E-05  1.794E+01  0.000E+00  6.283E+00
  5.546E-04  5.598E-04  2.294E-05  1.476E+01  0.000E+00  6.283E+00
  5.598E-04  5.649E-04  3.082E-05  2.325E+01  0.000E+00  6.283E+00
  5.649E-04  5.702E-04  4.810E-05  1.604E+01  0.000E+00  6.283E+00
  5.702E-04  5.754E-04  3.259E-05  1.729E+01  0.000E+00  6.283E+00
  5.754E-04  5.808E-04  3.790E-05  1.360E+01  0.000E+00  6.283E+00
  5.808E-04  5.861E-04  2.929E-05  1.853E+01  0.000E+00  6.283E+00
  5.861E-04  5.916E-04  3.838E-05  2.274E+01  0.000E+00  6.283E+00
  5.916E-04  5.970E-04  2.528E-05  1.076E+01  0.000E+00  6.283E+00
  5.970E-04  6.026E-04  4.244E-05  1.366E+01  0.000E+00  6.283E+00
  6.026E-04  6.081E-04  3.038E-05  1.508E+01  0.000E+00  6.283E+00
  6.081E-04  6.138E-04  3.563E-05  2.116E+01  0.000E+00  6.283E+00
  6.138E-04  6.194E-04  3.191E-05  1.551E+01  0.000E+00  6.283E+00
  6.194E-04  6.252E-04  4.207E-05  1.447E+01  0.000E+00  6.283E+00
  6.252E-04  6.310E-04  3.158E-05  1.912E+01  0.000E+00  6.283E+00
  6.310E-04  6.368E-04  2.471E-05  1.690E+01  0.000E+00  6.283E+00
  6.368E-04  6.427E-04  4.389E-05  7.553E+00  0.000E+00  6.283E+00
  6.427E-04  6.486E-04  3.554E-05  1.241E+01  0.000E+00  6.283E+00
  6.486E-04  6.546E-04  3.503E-05  1.478E+01  0.000E+00  6.283E+00
  6.546E-04  6.607E-04  4.047E-05  3.008E+01  0.000E+00  6.283E+00
  6.607E-04  6.668E-04  4.383E-05  2.576E+01  0.000E+00  6.283E+00
  6.668E-04  6.730E-04  3.610E-05  2.644E+01  0.000E+00  6.283E+00
  6.730E-04  6.792E-04  3.419E-05  2.859E+01  0.000E+00  6.283E+00
  6.792E-04  6.855E-04  2.854E-05  9.253E+00  0.000E+00  6.283E+00
  6.855E-04  6.918E-04  2.353E-05  1.221E+01  0.000E+00  6.283E+00
  6.918E-04  6.982E-04  5.557E-05  1.278E+01  0.000E+00  6.283E+00
  6.982E-04  7.047E-04  7.101E-05  1.359E+01  0.000E+00  6.283E+00
  7.047E-04  7.112E-04  1.325E-04  8.701E+00  0.000E+00  6.283E+00
  7.112E-04  7.178E-04  1.917E-04  4.634E+00  0.000E+00  6.283E+00
  7.178E-04  7.244E-04  2.019E-04  4.057E+00  0.000E+00  6.283E+00
  7.244E-04  7.311E-04  1.885E-04  1.577E+01  0.000E+00  6.283E+00
  7.311E-04  7.379E-04  9.196E-05  1.361E+01  0.000E+00  6.283E+00
  7.379E-04  7.447E-04  5.942E-05  1.713E+01  0.000E+00  6.283E+00
  7.447E-04  7.516E-04  2.957E-05  9.849E+00  0.000E+00  6.283E+00
  7.516E-04  7.586E-04  3.272E-05  1.923E+01  0.000E+00  6.283E+00
  7.586E-04  7.656E-04  1.640E-05  9.007E+00  0.000E+00  6.283E+00
  7.656E-04  7.727E-04  2.337E-05  2.236E+01  0.000E+00  6.283E+00
  7.727E-04  7.798E-04  1.406E-05  1.600E+01  0.000E+00  6.283E+00
  7.798E-04  7.870E-04  2.871E-05  3.575E+01  0.000E+00  6.283E+00
  7.870E-04  7.943E-04  2.187E-05  1.577E+01  0.000E+00  6.283E+00
  7.943E-04  8.017E-04  2.173E-05  9.074E+00  0.000E+00  6.283E+00
  8.017E-04  8.091E-04  1.394E-05  1.364E+01  0.000E+00  6.283E+00
  8.091E-04  8.166E-04  1.536E-05  2.556E+01  0.000E+00  6.283E+00
  8.166E-04  8.241E-04  2.555E-05  1.312E+01  0.000E+00  6.283E+00
  8.241E-04  8.318E-04  2.634E-05  1.213E+01  0.000E+00  6.283E+00
  8.318E-04  8.395E-04  1.702E-05  2.116E+01  0.000E+00  6.283E+00
  8.395E-04  8.472E-04  2.592E-05  1.600E+01  0.000E+00  6.283E+00
  8.472E-04  8.551E-04  2.518E-05  1.718E+01  0.000E+00  6.283E+00
  8.551E-04  8.630E-04  1.675E-05  5.592E+00  0.000E+00  6.283E+00
  8.630E-04  8.710E-04  1.952E-05  1.183E+01  0.000E+00  6.283E+00
  8.710E-04  8.790E-04  1.698E-05  1.892E+01  0.000E+00  6.283E+00
  8.790E-04  8.872E-04  1.840E-05  5.157E+00  0.000E+00  6.283E+00
  8.872E-04  8.954E-04  1.728E-05  1.103E+01  0.000E+00  6.283E+00
  8.954E-04  9.036E-04  2.305E-05  1.589E+01  0.000E+00  6.283E+00
  9.036E-04  9.120E-04  2.215E-05  5.474E+00  0.000E+00  6.283E+00
  9.120E-04  9.204E-04  2.085E-05  4.982E+01  0.000E+00  6.283E+00
  9.204E-04  9.290E-04  2.053E-05  1.568E+01  0.000E+00  6.283E+00
  9.290E-04  9.376E-04  1.536E-05  2.736E+01  0.000E+00  6.283E+00
  9.376E-04  9.462E-04  2.469E-05  1.443E+01  0.000E+00  6.283E+00
  9.462E-04  9.550E-04  2.755E-05  1.737E+01  0.000E+00  6.283E+00
  9.550E-04  9.638E-04  3.917E-05  2.148E+01  0.000E+00  6.283E+00
  9.638E-04  9.727E-04  3.011E-05  2.009E+01  0.000E+00  6.283E+00
  9.727E-04  9.817E-04  2.860E-05  2.250E+01  0.000E+00  6.283E+00
  9.817E-04  9.908E-04  2.563E-05  2.082E+01  0.000E+00  6.283E+00
  9.908E-04  1.000E-03  3.457E-05  1.636E+01  0.000E+00  6.283E+00
  1.000E-03  1.009E-03  3.637E-05  1.794E+01  0.000E+00  6.283E+00
  1.009E-03  1.019E-03  4.733E-05  4.061E+00  0.000E+00  6.283E+00
  1.019E-03  1.028E-03  4.592E-05  1.407E+01  0.000E+00  6.283E+00
  1.028E-03  1.038E-03  3.815E-05  9.367E+00  0.000E+00  6.283E+00
  1.038E-03  1.047E-03  4.396E-05  1.758E+01  0.000E+00  6.283E+00
  1.047E-03  1.057E-03  2.440E-05  9.199E+00  0.000E+00  6.283E+00
  1.057E-03  1.067E-03  1.857E-05  1.927E+01  0.000E+00  6.283E+00
  1.067E-03  1.076E-03  1.959E-05  1.413E+01  0.000E+00  6.283E+00
  1.076E-03  1.086E-03  2.054E-05  2.602E+01  0.000E+00  6.283E+00
  1.086E-03  1.096E-03  2.573E-05  1.708E+01  0.000E+00  6.283E+00
  1.096E-03  1.107E-03  1.353E-05  2.275E+01  0.000E+00  6.283E+00
  1.107E-03  1.117E-03  1.994E-05  2.335E+01  0.000E+00  6.283E+00
  1.117E-03  1.127E-03  1.860E-05  1.283E+01  0.000E+00  6.283E+00
  1.127E-03  1.138E-03  1.396E-05  2.254E+01  0.000E+00  6.283E+00
  1.138E-03  1.148E-03  1.403E-05  1.644E+01  0.000E+00  6.283E+00
  1.148E-03  1.159E-03  1.550E-05  3.485E+01  0.000E+00  6.283E+00
  1.159E-03  1.169E-03  1.319E-05  1.866E+01  0.000E+00  6.283E+00
  1.169E-03  1.180E-03  1.282E-05  3.432E+01  0.000E+00  6.283E+00
  1.180E-03  1.191E-03  1.394E-05  1.910E+01  0.000E+00  6.283E+00
  1.191E-03  1.202E-03  1.186E-05  2.819E+01  0.000E+00  6.283E+00
  1.202E-03  1.213E-03  1.420E-05  2.343E+01  0.000E+00  6.283E+00
  1.213E-03  1.225E-03  1.358E-05  1.050E+01  0.000E+00  6.283E+00
  1.225E-03  1.236E-03  7.702E-06  3.641E+01  0.000E+00  6.283E+00
  1.236E-03  1.247E-03  1.151E-05  1.907E+01  0.000E+00  6.283E+00
  1.247E-03  1.259E-03  2.313E-05  2.868E+01  0.000E+00  6.283E+00
  1.259E-03  1.271E-03  1.401E-05  2.127E+01  0.000E+00  6.283E+00
  1.271E-03  1.282E-03  1.416E-05  1.960E+01  0.000E+00  6.283E+00
  1.282E-03  1.294E-03  1.117E-05  2.891E+01  0.000E+00  6.283E+00
  1.294E-03  1.306E-03  1.305E-05  1.900E+01  0.000E+00  6.283E+00
  1.306E-03  1.318E-03  1.560E-05  2.888E+01  0.000E+00  6.283E+00
  1.318E-03  1.330E-03  1.767E-05  3.976E+01  0.000E+00  6.283E+00
  1.330E-03  1.343E-03  1.641E-05  1.566E+01  0.000E+00  6.283E+00
  1.343E-03  1.355E-03  2.578E-05  2.043E+01  0.000E+00  6.283E+00
  1.355E-03  1.368E-03  3.056E-05  8.160E+00  0.000E+00  6.283E+00
  1.368E-03  1.380E-03  2.474E-05  2.180E+01  0.000E+00  6.283E+00
  1.380E-03  1.393E-03  2.115E-05  1.081E+01  0.000E+00  6.283E+00
  1.393E-03  1.406E-03  2.897E-05  9.284E+00  0.000E+00  6.283E+00
  1.406E-03  1.419E-03  3.261E-05  1.967E+01  0.000E+00  6.283E+00
  1.419E-03  1.432E-03  2.986E-05  1.914E+01  0.000E+00  6.283E+00
  1.432E-03  1.445E-03  2.461E-05  1.644E+01  0.000E+00  6.283E+00
  1.445E-03  1.459E-03  3.184E-05  1.087E+01  0.000E+00  6.283E+00
  1.459E-03  1.472E-03  2.245E-05  1.971E+01  0.000E+00  6.283E+00
  1.472E-03  1.486E-03  1.425E-05  5.499E+00  0.000E+00  6.283E+00
  1.486E-03  1.500E-03  1.488E-05  8.939E+00  0.000E+00  6.283E+00
  1.500E-03  1.514E-03  1.313E-05  2.995E+01  0.000E+00  6.283E+00
  1.514E-03  1.528E-03  1.558E-05  1.920E+01  0.000E+00  6.283E+00
  1.528E-03  1.542E-03  1.227E-05  2.275E+01  0.000E+00  6.283E+00
  1.542E-03  1.556E-03  1.822E-05  2.315E+01  0.000E+00  6.283E+00
  1.556E-03  1.570E-03  8.791E-06  9.854E+00  0.000E+00  6.283E+00
  1.570E-03  1.585E-03  1.363E-05  1.331E+01  0.000E+00  6.283E+00
  1.585E-03  1.600E-03  9.501E-06  1.457E+01  0.000E+00  6.283E+00
  1.600E-03  1.614E-03  7.448E-06  2.551E+01  0.000E+00  6.283E+00
  1.614E-03  1.629E-03  6.944E-06  2.101E+01  0.000E+00  6.283E+00
  1.629E-03  1.644E-03  1.568E-05  5.051E+01  0.000E+00  6.283E+00
  1.644E-03  1.660E-03  1.122E-05  2.048E+01  0.000E+00  6.283E+00
  1.660E-03  1.675E-03  1.870E-05  1.744E+01  0.000E+00  6.283E+00
  1.675E-03  1.690E-03  1.081E-05  2.185E+01  0.000E+00  6.283E+00
  1.690E-03  1.706E-03  1.329E-05  7.079E+00  0.000E+00  6.283E+00
  1.706E-03  1.722E-03  1.097E-05  1.524E+01  0.000E+00  6.283E+00
  1.722E-03  1.738E-03  1.117E-05  2.955E+01  0.000E+00  6.283E+00
  1.738E-03  1.754E-03  9.852E-06  3.545E+01  0.000E+00  6.283E+00
  1.754E-03  1.770E-03  1.032E-05  2.353E+01  0.000E+00  6.283E+00
  1.770E-03  1.786E-03  1.013E-05  1.772E+01  0.000E+00  6.283E+00
  1.786E-03  1.803E-03  6.281E-06  2.568E+01  0.000E+00  6.283E+00
  1.803E-03  1.820E-03  7.892E-06  1.270E+01  0.000E+00  6.283E+00
  1.820E-03  1.837E-03  8.847E-06  1.331E+01  0.000E+00  6.283E+00
  1.837E-03  1.854E-03  1.113E-05  1.315E+01  0.000E+00  6.283E+00
  1.854E-03  1.871E-03  1.095E-05  2.130E+01  0.000E+00  6.283E+00
  1.871E-03  1.888E-03  7.494E-06  1.860E+01  0.000E+00  6.283E+00
  1.888E-03  1.905E-03  1.078E-05  2.710E+01  0.000E+00  6.283E+00
  1.905E-03  1.923E-03  5.708E-06  1.448E+01  0.000E+00  6.283E+00
  1.923E-03  1.941E-03  9.678E-06  3.614E+01  0.000E+00  6.283E+00
  1.941E-03  1.959E-03  1.312E-05  9.729E+00  0.000E+00  6.283E+00
  1.959E-03  1.977E-03  1.722E-05  1.643E+01  0.000E+00  6.283E+00
  1.977E-03  1.995E-03  2.040E-05  7.775E+00  0.000E+00  6.283E+00
  1.995E-03  2.014E-03  2.915E-05  1.424E+01  0.000E+00  6.283E+00
  2.014E-03  2.032E-03  1.919E-05  1.543E+01  0.000E+00  6.283E+00
  2.032E-03  2.051E-03  1.478E-05  1.396E+01  0.000E+00  6.283E+00
  2.051E-03  2.070E-03  1.277E-05  1.133E+01  0.000E+00  6.283E+00
  2.070E-03  2.089E-03  1.699E-05  1.460E+01  0.000E+00  6.283E+00
  2.089E-03  2.109E-03  3.722E-05  1.017E+01  0.000E+00  6.283E+00
  2.109E-03  2.128E-03  5.590E-05  8.110E+00  0.000E+00  6.283E+00
  2.128E-03  2.148E-03  5.974E-05  1.193E+01  0.000E+00  6.283E+00
  2.148E-03  2.168E-03  4.555E-05  1.389E+01  0.000E+00  6.283E+00
  2.168E-03  2.188E-03  3.534E-05  2.362E+01  0.000E+00  6.283E+00
  2.188E-03  2.208E-03  2.011E-05  1.204E+01  0.000E+00  6.283E+00
  2.208E-03  2.228E-03  9.293E-05  3.677E+00  0.000E+00  6.283E+00
  2.228E-03  2.249E-03  2.008E-05  6.553E+00  0.000E+00  6.283E+00
  2.249E-03  2.270E-03  1.626E-05  8.499E+00  0.000E+00  6.283E+00
  2.270E-03  2.291E-03  8.232E-05  8.114E+01  0.000E+00  6.283E+00
  2.291E-03  2.312E-03  1.621E-05  2.413E+01  0.000E+00  6.283E+00
  2.312E-03  2.333E-03  1.728E-05  1.433E+01  0.000E+00  6.283E+00
  2.333E-03  2.355E-03  1.059E-05  1.074E+01  0.000E+00  6.283E+00
  2.355E-03  2.377E-03  7.256E-06  2.106E+01  0.000E+00  6.283E+00
  2.377E-03  2.399E-03  6.660E-06  1.597E+01  0.000E+00  6.283E+00
  2.399E-03  2.421E-03  6.292E-06  1.941E+01  0.000E+00  6.283E+00
  2.421E-03  2.443E-03  4.294E-06  2.265E+01  0.000E+00  6.283E+00
  2.443E-03  2.466E-03  4.908E-06  4.797E+01  0.000E+00  6.283E+00
  2.466E-03  2.489E-03  5.640E-06  2.167E+01  0.000E+00  6.283E+00
  2.489E-03  2.512E-03  7.033E-06  3.658E+01  0.000E+00  6.283E+00
  2.512E-03  2.535E-03  7.174E-06  2.261E+01  0.000E+00  6.283E+00
  2.535E-03  2.559E-03  7.851E-06  1.882E+01  0.000E+00  6.283E+00
  2.559E-03  2.582E-03  1.276E-05  2.639E+01  0.000E+00  6.283E+00
  2.582E-03  2.606E-03  1.340E-05  1.357E+01  0.000E+00  6.283E+00
  2.606E-03  2.630E-03  1.579E-05  3.465E+01  0.000E+00  6.283E+00
  2.630E-03  2.655E-03  8.023E-06  1.986E+01  0.000E+00  6.283E+00
  2.655E-03  2.679E-03  1.024E-05  2.948E+01  0.000E+00  6.283E+00
  2.679E-03  2.704E-03  6.945E-06  1.124E+01  0.000E+00  6.283E+00
  2.704E-03  2.729E-03  6.889E-06  3.272E+01  0.000E+00  6.283E+00
  2.729E-03  2.754E-03  7.738E-06  2.825E+01  0.000E+00  6.283E+00
  2.754E-03  2.780E-03  5.955E-06  3.214E+01  0.000E+00  6.283E+00
  2.780E-03  2.805E-03  1.187E-05  2.695E+01  0.000E+00  6.283E+00
  2.805E-03  2.831E-03  1.437E-05  1.737E+01  0.000E+00  6.283E+00
  2.831E-03  2.858E-03  2.213E-05  1.183E+01  0.000E+00  6.283E+00
  2.858E-03  2.884E-03  2.245E-05  1.249E+01  0.000E+00  6.283E+00
  2.884E-03  2.911E-03  2.157E-05  1.390E+01  0.000E+00  6.283E+00
  2.911E-03  2.938E-03  2.492E-05  3.059E+01  0.000E+00  6.283E+00
  2.938E-03  2.965E-03  1.139E-05  1.619E+01  0.000E+00  6.283E+00
  2.965E-03  2.992E-03  6.915E-06  2.794E+01  0.000E+00  6.283E+00
  2.992E-03  3.020E-03  6.118E-06  1.950E+01  0.000E+00  6.283E+00
  3.020E-03  3.048E-03  1.724E-05  6.170E+01  0.000E+00  6.283E+00
  3.048E-03  3.076E-03  6.341E-06  2.648E+01  0.000E+00  6.283E+00
  3.076E-03  3.105E-03  6.677E-06  2.021E+01  0.000E+00  6.283E+00
  3.105E-03  3.133E-03  6.419E-06  1.674E+01  0.000E+00  6.283E+00
  3.133E-03  3.162E-03  5.407E-06  8.719E+00  0.000E+00  6.283E+00
  3.162E-03  3.192E-03  7.698E-06  2.823E+01  0.000E+00  6.283E+00
  3.192E-03  3.221E-03  4.439E-06  2.548E+01  0.000E+00  6.283E+00
  3.221E-03  3.251E-03  5.475E-06  3.576E+01  0.000E+00  6.283E+00
  3.251E-03  3.281E-03  8.403E-06  2.610E+01  0.000E+00  6.283E+00
  3.281E-03  3.311E-03  1.591E-05  1.814E+01  0.000E+00  6.283E+00
  3.311E-03  3.342E-03  1.612E-05  1.675E+01  0.000E+00  6.283E+00
  3.342E-03  3.373E-03  2.413E-05  9.682E+00  0.000E+00  6.283E+00
  3.373E-03  3.404E-03  2.385E-05  1.088E+01  0.000E+00  6.283E+00
  3.404E-03  3.436E-03  2.301E-05  2.861E+00  0.000E+00  6.283E+00
  3.436E-03  3.467E-03  1.466E-05  2.362E+01  0.000E+00  6.283E+00
  3.467E-03  3.499E-03  1.034E-05  1.417E+01  0.000E+00  6.283E+00
  3.499E-03  3.532E-03  6.448E-06  1.083E+01  0.000E+00  6.283E+00
  3.532E-03  3.564E-03  5.009E-06  7.532E+00  0.000E+00  6.283E+00
  3.564E-03  3.597E-03  6.574E-06  1.569E+01  0.000E+00  6.283E+00
  3.597E-03  3.631E-03  7.482E-06  1.556E+01  0.000E+00  6.283E+00
  3.631E-03  3.664E-03  6.481E-06  1.658E+01  0.000E+00  6.283E+00
  3.664E-03  3.698E-03  8.387E-06  2.410E+01  0.000E+00  6.283E+00
  3.698E-03  3.732E-03  5.784E-06  1.935E+01  0.000E+00  6.283E+00
  3.732E-03  3.767E-03  4.235E-06  2.088E+01  0.000E+00  6.283E+00
  3.767E-03  3.802E-03  4.455E-06  2.112E+01  0.000E+00  6.283E+00
  3.802E-03  3.837E-03  3.224E-06  2.803E+01  0.000E+00  6.283E+00
  3.837E-03  3.873E-03  5.723E-06  1.326E+01  0.000E+00  6.283E+00
  3.873E-03  3.908E-03  4.147E-06  3.408E+01  0.000E+00  6.283E+00
  3.908E-03  3.945E-03  6.441E-06  2.675E+01  0.000E+00  6.283E+00
  3.945E-03  3.981E-03  3.763E-06  8.572E+00  0.000E+00  6.283E+00
  3.981E-03  4.018E-03  3.901E-06  1.598E+01  0.000E+00  6.283E+00
  4.018E-03  4.055E-03  5.074E-06  2.247E+01  0.000E+00  6.283E+00
  4.055E-03  4.093E-03  3.954E-06  2.307E+01  0.000E+00  6.283E+00
  4.093E-03  4.130E-03  3.386E-06  2.357E+01  0.000E+00  6.283E+00
  4.130E-03  4.169E-03  6.666E-06  2.986E+01  0.000E+00  6.283E+00
  4.169E-03  4.207E-03  3.572E-06  3.162E+01  0.000E+00  6.283E+00
  4.207E-03  4.246E-03  6.713E-06  1.591E+01  0.000E+00  6.283E+00
  4.246E-03  4.285E-03  6.315E-06  2.162E+01  0.000E+00  6.283E+00
  4.285E-03  4.325E-03  1.139E-05  1.721E+01  0.000E+00  6.283E+00
  4.325E-03  4.365E-03  1.995E-05  1.704E+01  0.000E+00  6.283E+00
  4.365E-03  4.406E-03  4.815E-05  5.283E+00  0.000E+00  6.283E+00
  4.406E-03  4.446E-03  1.285E-04  1.979E+00  0.000E+00  6.283E+00
  4.446E-03  4.487E-03  1.095E-04  4.543E+00  0.000E+00  6.283E+00
  4.487E-03  4.529E-03  4.072E-05  5.644E+00  0.000E+00  6.283E+00
  4.529E-03  4.571E-03  1.070E-05  1.183E+01  0.000E+00  6.283E+00
  4.571E-03  4.613E-03  6.233E-06  2.146E+01  0.000E+00  6.283E+00
  4.613E-03  4.656E-03  5.553E-06  2.354E+01  0.000E+00  6.283E+00
  4.656E-03  4.699E-03  8.432E-06  4.141E+01  0.000E+00  6.283E+00
  4.699E-03  4.742E-03  7.082E-06  1.627E+01  0.000E+00  6.283E+00
  4.742E-03  4.786E-03  9.686E-06  1.951E+01  0.000E+00  6.283E+00
  4.786E-03  4.831E-03  4.783E-06  1.246E+01  0.000E+00  6.283E+00
  4.831E-03  4.875E-03  6.026E-06  1.811E+01  0.000E+00  6.283E+00
  4.875E-03  4.920E-03  4.621E-06  1.063E+01  0.000E+00  6.283E+00
  4.920E-03  4.966E-03  4.997E-06  1.394E+01  0.000E+00  6.283E+00
  4.966E-03  5.012E-03  7.896E-06  2.460E+01  0.000E+00  6.283E+00
  5.012E-03  5.058E-03  6.287E-06  1.001E+01  0.000E+00  6.283E+00
  5.058E-03  5.105E-03  5.499E-06  1.628E+01  0.000E+00  6.283E+00
  5.105E-03  5.152E-03  3.529E-06  1.295E+01  0.000E+00  6.283E+00
  5.152E-03  5.200E-03  2.075E-06  1.369E+01  0.000E+00  6.283E+00
  5.200E-03  5.248E-03  3.368E-06  1.716E+01  0.000E+00  6.283E+00
  5.248E-03  5.297E-03  2.445E-06  1.996E+01  0.000E+00  6.283E+00
  5.297E-03  5.346E-03  3.778E-06  1.618E+01  0.000E+00  6.283E+00
  5.346E-03  5.395E-03  3.053E-06  2.510E+01  0.000E+00  6.283E+00
  5.395E-03  5.445E-03  3.778E-06  2.671E+01  0.000E+00  6.283E+00
  5.445E-03  5.495E-03  3.245E-06  2.752E+01  0.000E+00  6.283E+00
  5.495E-03  5.546E-03  6.810E-06  5.409E+01  0.000E+00  6.283E+00
  5.546E-03  5.598E-03  3.988E-06  3.454E+01  0.000E+00  6.283E+00
  5.598E-03  5.649E-03  2.540E-06  2.483E+01  0.000E+00  6.283E+00
  5.649E-03  5.702E-03  4.127E-06  1.994E+01  0.000E+00  6.283E+00
  5.702E-03  5.754E-03  3.779E-06  2.478E+01  0.000E+00  6.283E+00
  5.754E-03  5.808E-03  6.146E-06  2.160E+01  0.000E+00  6.283E+00
  5.808E-03  5.861E-03  3.604E-06  1.280E+01  0.000E+00  6.283E+00
  5.861E-03  5.916E-03  3.833E-06  2.219E+01  0.000E+00  6.283E+00
  5.916E-03  5.970E-03  6.346E-06  1.827E+01  0.000E+00  6.283E+00
  5.970E-03  6.026E-03  5.172E-06  2.053E+01  0.000E+00  6.283E+00
  6.026E-03  6.081E-03  3.806E-06  2.497E+01  0.000E+00  6.283E+00
  6.081E-03  6.138E-03  4.904E-06  3.746E+01  0.000E+00  6.283E+00
  6.138E-03  6.194E-03  4.765E-06  3.855E+01  0.000E+00  6.283E+00
  6.194E-03  6.252E-03  2.286E-06  1.127E+01  0.000E+00  6.283E+00
  6.252E-03  6.310E-03  3.354E-06  1.784E+01  0.000E+00  6.283E+00
  6.310E-03  6.368E-03  3.664E-06  1.739E+01  0.000E+00  6.283E+00
  6.368E-03  6.427E-03  5.508E-06  1.252E+01  0.000E+00  6.283E+00
  6.427E-03  6.486E-03  5.220E-06  3.472E+01  0.000E+00  6.283E+00
  6.486E-03  6.546E-03  6.441E-06  3.193E+01  0.000E+00  6.283E+00
  6.546E-03  6.607E-03  4.835E-06  6.510E+00  0.000E+00  6.283E+00
  6.607E-03  6.668E-03  5.430E-06  2.394E+01  0.000E+00  6.283E+00
  6.668E-03  6.730E-03  9.754E-06  4.624E+01  0.000E+00  6.283E+00
  6.730E-03  6.792E-03  5.888E-06  9.370E+00  0.000E+00  6.283E+00
  6.792E-03  6.855E-03  5.606E-06  2.314E+01  0.000E+00  6.283E+00
  6.855E-03  6.918E-03  4.570E-06  1.864E+01  0.000E+00  6.283E+00
  6.918E-03  6.982E-03  4.082E-06  1.380E+01  0.000E+00  6.283E+00
  6.982E-03  7.047E-03  3.779E-06  2.497E+01  0.000E+00  6.283E+00
  7.047E-03  7.112E-03  3.482E-06  3.480E+01  0.000E+00  6.283E+00
  7.112E-03  7.178E-03  2.887E-06  1.540E+01  0.000E+00  6.283E+00
  7.178E-03  7.244E-03  3.598E-06  8.891E+00  0.000E+00  6.283E+00
  7.244E-03  7.311E-03  3.066E-06  1.722E+01  0.000E+00  6.283E+00
  7.311E-03  7.379E-03  3.262E-06  1.196E+01  0.000E+00  6.283E+00
  7.379E-03  7.447E-03  5.119E-06  2.126E+01  0.000E+00  6.283E+00
  7.447E-03  7.516E-03  3.363E-06  1.225E+01  0.000E+00  6.283E+00
  7.516E-03  7.586E-03  3.222E-06  3.567E+01  0.000E+00  6.283E+00
  7.586E-03  7.656E-03  1.705E-06  3.012E+01  0.000E+00  6.283E+00
  7.656E-03  7.727E-03  2.357E-06  2.665E+01  0.000E+00  6.283E+00
  7.727E-03  7.798E-03  1.917E-06  1.976E+01  0.000E+00  6.283E+00
  7.798E-03  7.870E-03  1.930E-06  2.925E+01  0.000E+00  6.283E+00
  7.870E-03  7.943E-03  1.728E-06  2.176E+01  0.000E+00  6.283E+00
  7.943E-03  8.017E-03  3.098E-06  2.081E+01  0.000E+00  6.283E+00
  8.017E-03  8.091E-03  2.835E-06  2.284E+01  0.000E+00  6.283E+00
  8.091E-03  8.166E-03  1.968E-06  1.586E+01  0.000E+00  6.283E+00
  8.166E-03  8.241E-03  2.634E-06  1.889E+01  0.000E+00  6.283E+00
  8.241E-03  8.318E-03  2.627E-06  1.605E+01  0.000E+00  6.283E+00
  8.318E-03  8.395E-03  2.136E-06  2.091E+01  0.000E+00  6.283E+00
  8.395E-03  8.472E-03  2.422E-06  2.736E+01  0.000E+00  6.283E+00
  8.472E-03  8.551E-03  2.817E-06  3.636E+01  0.000E+00  6.283E+00
  8.551E-03  8.630E-03  3.288E-06  8.905E+00  0.000E+00  6.283E+00
  8.630E-03  8.710E-03  2.304E-06  1.360E+01  0.000E+00  6.283E+00
  8.710E-03  8.790E-03  3.293E-06  1.552E+01  0.000E+00  6.283E+00
  8.790E-03  8.872E-03  3.413E-06  1.785E+01  0.000E+00  6.283E+00
  8.872E-03  8.954E-03  3.309E-06  8.923E+00  0.000E+00  6.283E+00
  8.954E-03  9.036E-03  1.804E-06  1.255E+01  0.000E+00  6.283E+00
  9.036E-03  9.120E-03  1.890E-06  3.893E+01  0.000E+00  6.283E+00
  9.120E-03  9.204E-03  2.877E-06  1.653E+01  0.000E+00  6.283E+00
  9.204E-03  9.290E-03  1.384E-06  2.733E+01  0.000E+00  6.283E+00
  9.290E-03  9.376E-03  6.575E-07  3.456E+01  0.000E+00  6.283E+00
  9.376E-03  9.462E-03  1.051E-06  1.999E+01  0.000E+00  6.283E+00
  9.462E-03  9.550E-03  1.001E-06  2.828E+01  0.000E+00  6.283E+00
  9.550E-03  9.638E-03  1.150E-06  1.383E+01  0.000E+00  6.283E+00
  9.638E-03  9.727E-03  1.331E-06  2.056E+01  0.000E+00  6.283E+00
  9.727E-03  9.817E-03  1.749E-06  1.899E+01  0.000E+00  6.283E+00
  9.817E-03  9.908E-03  9.331E-07  2.892E+01  0.000E+00  6.283E+00
  9.908E-03  1.000E-02  1.308E-06  4.829E+01  0.000E+00  6.283E+00
  1.000E-02  1.000E-02  0.000E+00  0.000E+00  0.000E+00  6.283E+00

  1.000E-04  1.000E-04  0.000E+00  0.000E+00  6.283E+00  6.283E+00
  1.009E-04  1.009E-04  0.000E+00  0.000E+00  6.283E+00  6.283E+00
  1.019E-04  1.019E-04  0.000E+00  0.000E+00  6.283E+00  6.283E+00
  1.028E-04  1.028E-04  0.000E+00  0.000E+00  6.283E+00  6.283E+00
  1.038E-04  1.038E-04  0.000E+00  0.000E+00  6.283E+00  6.283E+00
  1.047E-04  1.047E-04  0.000E+00  0.000E+00  6.283E+00  6.283E+00
  1.057E-04  1.057E-04  0.000E+00  0.000E+00  6.283E+00  6.283E+00
  1.067E-04  1.067E-04  0.000E+00  0.000E+00  6.283E+00  6.283E+00
  1.076E-04  1.076E-04  0.000E+00  0.000E+00  6.283E+00  6.283E+00
  1.086E-04  1.086E-04  0.000E+00  0.000E+00  6.283E+00  6.283E+00
  1.096E-04  1.096E-04  0.000E+00  0.000E+00  6.283E+00  6.283E+00
  1.107E-04  1.107E-04  0.000E+00  0.000E+00  6.283E+00  6.283E+00
  1.117E-04  1.117E-04  0.000E+00  0.000E+00  6.283E+00  6.283E+00
  1.127E-04  1.127E-04  0.000E+00  0.000E+00  6.283E+00  6.283E+00
  1.138E-04  1.138E-04  0.000E+00  0.000E+00  6.283E+00  6.283E+00
  1.148E-04  1.148E-04  0.000E+00  0.000E+00  6.283E+00  6.283E+00
  1.159E-04  1.159E-04  0.000E+00  0.000E+00  6.283E+00  6.283E+00
  1.169E-04  1.169E-04  0.000E+00  0.000E+00  6.283E+00  6.283E+00
  1.180E-04  1.180E-04  0.000E+00  0.000E+00  6.283E+00  6.283E+00
  1.191E-04  1.191E-04  0.000E+00  0.000E+00  6.283E+00  6.283E+00
  1.202E-04  1.202E-04  0.000E+00  0.000E+00  6.283E+00  6.283E+00
  1.213E-04  1.213E-04  0.000E+00  0.000E+00  6.283E+00  6.283E+00
  1.225E-04  1.225E-04  0.000E+00  0.000E+00  6.283E+00  6.283E+00
  1.236E-04  1.236E-04  0.000E+00  0.000E+00  6.283E+00  6.283E+00
  1.247E-04  1.247E-04  0.000E+00  0.000E+00  6.283E+00  6.283E+00
  1.259E-04  1.259E-04  0.000E+00  0.000E+00  6.283E+00  6.283E+00
  1.271E-04  1.271E-04  0.000E+00  0.000E+00  6.283E+00  6.283E+00
  1.282E-04  1.282E-04  0.000E+00  0.000E+00  6.283E+00  6.283E+00
  1.294E-04  1.294E-04  0.000E+00  0.000E+00  6.283E+00  6.283E+00
  1.306E-04  1.306E-04  0.000E+00  0.000E+00  6.283E+00  6.283E+00
  1.318E-04  1.318E-04  0.000E+00  0.000E+00  6.283E+00  6.283E+00
  1.330E-04  1.330E-04  0.000E+00  0.000E+00  6.283E+00  6.283E+00
  1.343E-04  1.343E-04  0.000E+00  0.000E+00  6.283E+00  6.283E+00
  1.355E-04  1.355E-04  0.000E+00  0.000E+00  6.283E+00  6.283E+00
  1.368E-04  1.368E-04  0.000E+00  0.000E+00  6.283E+00  6.283E+00
  1.380E-04  1.380E-04  0.000E+00  0.000E+00  6.283E+00  6.283E+00
  1.393E-04  1.393E-04  0.000E+00  0.000E+00  6.283E+00  6.283E+00
  1.406E-04  1.406E-04  0.000E+00  0.000E+00  6.283E+00  6.283E+00
  1.419E-04  1.419E-04  0.000E+00  0.000E+00  6.283E+00  6.283E+00
  1.432E-04  1.432E-04  0.000E+00  0.000E+00  6.283E+00  6.283E+00
  1.445E-04  1.445E-04  0.000E+00  0.000E+00  6.283E+00  6.283E+00
  1.459E-04  1.459E-04  0.000E+00  0.000E+00  6.283E+00  6.283E+00
  1.472E-04  1.472E-04  0.000E+00  0.000E+00  6.283E+00  6.283E+00
  1.486E-04  1.486E-04  0.000E+00  0.000E+00  6.283E+00  6.283E+00
  1.500E-04  1.500E-04  0.000E+00  0.000E+00  6.283E+00  6.283E+00
  1.514E-04  1.514E-04  0.000E+00  0.000E+00  6.283E+00  6.283E+00
  1.528E-04  1.528E-04  0.000E+00  0.000E+00  6.283E+00  6.283E+00
  1.542E-04  1.542E-04  0.000E+00  0.000E+00  6.283E+00  6.283E+00
  1.556E-04  1.556E-04  0.000E+00  0.000E+00  6.283E+00  6.283E+00
  1.570E-04  1.570E-04  0.000E+00  0.000E+00  6.283E+00  6.283E+00
  1.585E-04  1.585E-04  0.000E+00  0.000E+00  6.283E+00  6.283E+00
  1.600E-04  1.600E-04  0.000E+00  0.000E+00  6.283E+00  6.283E+00
  1.614E-04  1.614E-04  0.000E+00  0.000E+00  6.283E+00  6.283E+00
  1.629E-04  1.629E-04  0.000E+00  0.000E+00  6.283E+00  6.283E+00
  1.644E-04  1.644E-04  0.000E+00  0.000E+00  6.283E+00  6.283E+00
  1.660E-04  1.660E-04  0.000E+00  0.000E+00  6.283E+00  6.283E+00
  1.675E-04  1.675E-04  0.000E+00  0.000E+00  6.283E+00  6.283E+00
  1.690E-04  1.690E-04  0.000E+00  0.000E+00  6.283E+00  6.283E+00
  1.706E-04  1.706E-04  0.000E+00  0.000E+00  6.283E+00  6.283E+00
  1.722E-04  1.722E-04  0.000E+00  0.000E+00  6.283E+00  6.283E+00
  1.738E-04  1.738E-04  0.000E+00  0.000E+00  6.283E+00  6.283E+00
  1.754E-04  1.754E-04  0.000E+00  0.000E+00  6.283E+00  6.283E+00
  1.770E-04  1.770E-04  0.000E+00  0.000E+00  6.283E+00  6.283E+00
  1.786E-04  1.786E-04  0.000E+00  0.000E+00  6.283E+00  6.283E+00
  1.803E-04  1.803E-04  0.000E+00  0.000E+00  6.283E+00  6.283E+00
  1.820E-04  1.820E-04  0.000E+00  0.000E+00  6.283E+00  6.283E+00
  1.837E-04  1.837E-04  0.000E+00  0.000E+00  6.283E+00  6.283E+00
  1.854E-04  1.854E-04  0.000E+00  0.000E+00  6.283E+00  6.283E+00
  1.871E-04  1.871E-04  0.000E+00  0.000E+00  6.283E+00  6.283E+00
  1.888E-04  1.888E-04  0.000E+00  0.000E+00  6.283E+00  6.283E+00
  1.905E-04  1.905E-04  0.000E+00  0.000E+00  6.283E+00  6.283E+00
  1.923E-04  1.923E-04  0.000E+00  0.000E+00  6.283E+00  6.283E+00
  1.941E-04  1.941E-04  0.000E+00  0.000E+00  6.283E+00  6.283E+00
  1.959E-04  1.959E-04  0.000E+00  0.000E+00  6.283E+00  6.283E+00
  1.977E-04  1.977E-04  0.000E+00  0.000E+00  6.283E+00  6.283E+00
  1.995E-04  1.995E-04  0.000E+00  0.000E+00  6.283E+00  6.283E+00
  2.014E-04  2.014E-04  0.000E+00  0.000E+00  6.283E+00  6.283E+00
  2.032E-04  2.032E-04  0.000E+00  0.000E+00  6.283E+00  6.283E+00
  2.051E-04  2.051E-04  0.000E+00  0.000E+00  6.283E+00  6.283E+00
  2.070E-04  2.070E-04  0.000E+00  0.000E+00  6.283E+00  6.283E+00
  2.089E-04  2.089E-04  0.000E+00  0.000E+00  6.283E+00  6.283E+00
  2.109E-04  2.109E-04  0.000E+00  0.000E+00  6.283E+00  6.283E+00
  2.128E-04  2.128E-04  0.000E+00  0.000E+00  6.283E+00  6.283E+00
  2.148E-04  2.148E-04  0.000E+00  0.000E+00  6.283E+00  6.283E+00
  2.168E-04  2.168E-04  0.000E+00  0.000E+00  6.283E+00  6.283E+00
  2.188E-04  2.188E-04  0.000E+00  0.000E+00  6.283E+00  6.283E+00
  2.208E-04  2.208E-04  0.000E+00  0.000E+00  6.283E+00  6.283E+00
  2.228E-04  2.228E-04  0.000E+00  0.000E+00  6.283E+00  6.283E+00
  2.249E-04  2.249E-04  0.000E+00  0.000E+00  6.283E+00  6.283E+00
  2.270E-04  2.270E-04  0.000E+00  0.000E+00  6.283E+00  6.283E+00
  2.291E-04  2.291E-04  0.000E+00  0.000E+00  6.283E+00  6.283E+00
  2.312E-04  2.312E-04  0.000E+00  0.000E+00  6.283E+00  6.283E+00
  2.333E-04  2.333E-04  0.000E+00  0.000E+00  6.283E+00  6.283E+00
  2.355E-04  2.355E-04  0.000E+00  0.000E+00  6.283E+00  6.283E+00
  2.377E-04  2.377E-04  0.000E+00  0.000E+00  6.283E+00  6.283E+00
  2.399E-04  2.399E-04  0.000E+00  0.000E+00  6.283E+00  6.283E+00
  2.421E-04  2.421E-04  0.000E+00  0.000E+00  6.283E+00  6.283E+00
  2.443E-04  2.443E-04  0.000E+00  0.000E+00  6.283E+00  6.283E+00
  2.466E-04  2.466E-04  0.000E+00  0.000E+00  6.283E+00  6.283E+00
  2.489E-04  2.489E-04  0.000E+00  0.000E+00  6.283E+00  6.283E+00
  2.512E-04  2.512E-04  0.000E+00  0.000E+00  6.283E+00  6.283E+00
  2.535E-04  2.535E-04  0.000E+00  0.000E+00  6.283E+00  6.283E+00
  2.559E-04  2.559E-04  0.000E+00  0.000E+00  6.283E+00  6.283E+00
  2.582E-04  2.582E-04  0.000E+00  0.000E+00  6.283E+00  6.283E+00
  2.606E-04  2.606E-04  0.000E+00  0.000E+00  6.283E+00  6.283E+00
  2.630E-04  2.630E-04  0.000E+00  0.000E+00  6.283E+00  6.283E+00
  2.655E-04  2.655E-04  0.000E+00  0.000E+00  6.283E+00  6.283E+00
  2.679E-04  2.679E-04  0.000E+00  0.000E+00  6.283E+00  6.283E+00
  2.704E-04  2.704E-04  0.000E+00  0.000E+00  6.283E+00  6.283E+00
  2.729E-04  2.729E-04  0.000E+00  0.000E+00  6.283E+00  6.283E+00
  2.754E-04  2.754E-04  0.000E+00  0.000E+00  6.283E+00  6.283E+00
  2.780E-04  2.780E-04  0.000E+00  0.000E+00  6.283E+00  6.283E+00
  2.805E-04  2.805E-04  0.000E+00  0.000E+00  6.283E+00  6.283E+00
  2.831E-04  2.831E-04  0.000E+00  0.000E+00  6.283E+00  6.283E+00
  2.858E-04  2.858E-04  0.000E+00  0.000E+00  6.283E+00  6.283E+00
  2.884E-04  2.884E-04  0.000E+00  0.000E+00  6.283E+00  6.283E+00
  2.911E-04  2.911E-04  0.000E+00  0.000E+00  6.283E+00  6.283E+00
  2.938E-04  2.938E-04  0.000E+00  0.000E+00  6.283E+00  6.283E+00
  2.965E-04  2.965E-04  0.000E+00  0.000E+00  6.283E+00  6.283E+00
  2.992E-04  2.992E-04  0.000E+00  0.000E+00  6.283E+00  6.283E+00
  3.020E-04  3.020E-04  0.000E+00  0.000E+00  6.283E+00  6.283E+00
  3.048E-04  3.048E-04  0.000E+00  0.000E+00  6.283E+00  6.283E+00
  3.076E-04  3.076E-04  0.000E+00  0.000E+00  6.283E+00  6.283E+00
  3.105E-04  3.105E-04  0.000E+00  0.000E+00  6.283E+00  6.283E+00
  3.133E-04  3.133E-04  0.000E+00  0.000E+00  6.283E+00  6.283E+00
  3.162E-04  3.162E-04  0.000E+00  0.000E+00  6.283E+00  6.283E+00
  3.192E-04  3.192E-04  0.000E+00  0.000E+00  6.283E+00  6.283E+00
  3.221E-04  3.221E-04  0.000E+00  0.000E+00  6.283E+00  6.283E+00
  3.251E-04  3.251E-04  0.000E+00  0.000E+00  6.283E+00  6.283E+00
  3.281E-04  3.281E-04  0.000E+00  0.000E+00  6.283E+00  6.283E+00
  3.311E-04  3.311E-04  0.000E+00  0.000E+00  6.283E+00  6.283E+00
  3.342E-04  3.342E-04  0.000E+00  0.000E+00  6.283E+00  6.283E+00
  3.373E-04  3.373E-04  0.000E+00  0.000E+00  6.283E+00  6.283E+00
  3.404E-04  3.404E-04  0.000E+00  0.000E+00  6.283E+00  6.283E+00
  3.436E-04  3.436E-04  0.000E+00  0.000E+00  6.283E+00  6.283E+00
  3.467E-04  3.467E-04  0.000E+00  0.000E+00  6.283E+00  6.283E+00
  3.499E-04  3.499E-04  0.000E+00  0.000E+00  6.283E+00  6.283E+00
  3.532E-04  3.532E-04  0.000E+00  0.000E+00  6.283E+00  6.283E+00
  3.565E-04  3.565E-04  0.000E+00  0.000E+00  6.283E+00  6.283E+00
  3.597E-04  3.597E-04  0.000E+00  0.000E+00  6.283E+00  6.283E+00
  3.631E-04  3.631E-04  0.000E+00  0.000E+00  6.283E+00  6.283E+00
  3.664E-04  3.664E-04  0.000E+00  0.000E+00  6.283E+00  6.283E+00
  3.698E-04  3.698E-04  0.000E+00  0.000E+00  6.283E+00  6.283E+00
  3.732E-04  3.732E-04  0.000E+00  0.000E+00  6.283E+00  6.283E+00
  3.767E-04  3.767E-04  0.000E+00  0.000E+00  6.283E+00  6.283E+00
  3.802E-04  3.802E-04  0.000E+00  0.000E+00  6.283E+00  6.283E+00
  3.837E-04  3.837E-04  0.000E+00  0.000E+00  6.283E+00  6.283E+00
  3.873E-04  3.873E-04  0.000E+00  0.000E+00  6.283E+00  6.283E+00
  3.908E-04  3.908E-04  0.000E+00  0.000E+00  6.283E+00  6.283E+00
  3.945E-04  3.945E-04  0.000E+00  0.000E+00  6.283E+00  6.283E+00
  3.981E-04  3.981E-04  0.000E+00  0.000E+00  6.283E+00  6.283E+00
  4.018E-04  4.018E-04  0.000E+00  0.000E+00  6.283E+00  6.283E+00
  4.055E-04  4.055E-04  0.000E+00  0.000E+00  6.283E+00  6.283E+00
  4.093E-04  4.093E-04  0.000E+00  0.000E+00  6.283E+00  6.283E+00
  4.130E-04  4.130E-04  0.000E+00  0.000E+00  6.283E+00  6.283E+00
  4.169E-04  4.169E-04  0.000E+00  0.000E+00  6.283E+00  6.283E+00
  4.207E-04  4.207E-04  0.000E+00  0.000E+00  6.283E+00  6.283E+00
  4.246E-04  4.246E-04  0.000E+00  0.000E+00  6.283E+00  6.283E+00
  4.285E-04  4.285E-04  0.000E+00  0.000E+00  6.283E+00  6.283E+00
  4.325E-04  4.325E-04  0.000E+00  0.000E+00  6.283E+00  6.283E+00
  4.365E-04  4.365E-04  0.000E+00  0.000E+00  6.283E+00  6.283E+00
  4.406E-04  4.406E-04  0.000E+00  0.000E+00  6.283E+00  6.283E+00
  4.446E-04  4.446E-04  0.000E+00  0.000E+00  6.283E+00  6.283E+00
  4.487E-04  4.487E-04  0.000E+00  0.000E+00  6.283E+00  6.283E+00
  4.529E-04  4.529E-04  0.000E+00  0.000E+00  6.283E+00  6.283E+00
  4.571E-04  4.571E-04  0.000E+00  0.000E+00  6.283E+00  6.283E+00
  4.613E-04  4.613E-04  0.000E+00  0.000E+00  6.283E+00  6.283E+00
  4.656E-04  4.656E-04  0.000E+00  0.000E+00  6.283E+00  6.283E+00
  4.699E-04  4.699E-04  0.000E+00  0.000E+00  6.283E+00  6.283E+00
  4.742E-04  4.742E-04  0.000E+00  0.000E+00  6.283E+00  6.283E+00
  4.786E-04  4.786E-04  0.000E+00  0.000E+00  6.283E+00  6.283E+00
  4.831E-04  4.831E-04  0.000E+00  0.000E+00  6.283E+00  6.283E+00
  4.875E-04  4.875E-04  0.000E+00  0.000E+00  6.283E+00  6.283E+00
  4.920E-04  4.920E-04  0.000E+00  0.000E+00  6.283E+00  6.283E+00
  4.966E-04  4.966E-04  0.000E+00  0.000E+00  6.283E+00  6.283E+00
  5.012E-04  5.012E-04  0.000E+00  0.000E+00  6.283E+00  6.283E+00
  5.058E-04  5.058E-04  0.000E+00  0.000E+00  6.283E+00  6.283E+00
  5.105E-04  5.105E-04  0.000E+00  0.000E+00  6.283E+00  6.283E+00
  5.152E-04  5.152E-04  0.000E+00  0.000E+00  6.283E+00  6.283E+00
  5.200E-04  5.200E-04  0.000E+00  0.000E+00  6.283E+00  6.283E+00
  5.248E-04  5.248E-04  0.000E+00  0.000E+00  6.283E+00  6.283E+00
  5.297E-04  5.297E-04  0.000E+00  0.000E+00  6.283E+00  6.283E+00
  5.346E-04  5.346E-04  0.000E+00  0.000E+00  6.283E+00  6.283E+00
  5.395E-04  5.395E-04  0.000E+00  0.000E+00  6.283E+00  6.283E+00
  5.445E-04  5.445E-04  0.000E+00  0.000E+00  6.283E+00  6.283E+00
  5.495E-04  5.495E-04  0.000E+00  0.000E+00  6.283E+00  6.283E+00
  5.546E-04  5.546E-04  0.000E+00  0.000E+00  6.283E+00  6.283E+00
  5.598E-04  5.598E-04  0.000E+00  0.000E+00  6.283E+00  6.283E+00
  5.649E-04  5.649E-04  0.000E+00  0.000E+00  6.283E+00  6.283E+00
  5.702E-04  5.702E-04  0.000E+00  0.000E+00  6.283E+00  6.283E+00
  5.754E-04  5.754E-04  0.000E+00  0.000E+00  6.283E+00  6.283E+00
  5.808E-04  5.808E-04  0.000E+00  0.000E+00  6.283E+00  6.283E+00
  5.861E-04  5.861E-04  0.000E+00  0.000E+00  6.283E+00  6.283E+00
  5.916E-04  5.916E-04  0.000E+00  0.000E+00  6.283E+00  6.283E+00
  5.970E-04  5.970E-04  0.000E+00  0.000E+00  6.283E+00  6.283E+00
  6.026E-04  6.026E-04  0.000E+00  0.000E+00  6.283E+00  6.283E+00
  6.081E-04  6.081E-04  0.000E+00  0.000E+00  6.283E+00  6.283E+00
  6.138E-04  6.138E-04  0.000E+00  0.000E+00  6.283E+00  6.283E+00
  6.194E-04  6.194E-04  0.000E+00  0.000E+00  6.283E+00  6.283E+00
  6.252E-04  6.252E-04  0.000E+00  0.000E+00  6.283E+00  6.283E+00
  6.310E-04  6.310E-04  0.000E+00  0.000E+00  6.283E+00  6.283E+00
  6.368E-04  6.368E-04  0.000E+00  0.000E+00  6.283E+00  6.283E+00
  6.427E-04  6.427E-04  0.000E+00  0.000E+00  6.283E+00  6.283E+00
  6.486E-04  6.486E-04  0.000E+00  0.000E+00  6.283E+00  6.283E+00
  6.546E-04  6.546E-04  0.000E+00  0.000E+00  6.283E+00  6.283E+00
  6.607E-04  6.607E-04  0.000E+00  0.000E+00  6.283E+00  6.283E+00
  6.668E-04  6.668E-04  0.000E+00  0.000E+00  6.283E+00  6.283E+00
  6.730E-04  6.730E-04  0.000E+00  0.000E+00  6.283E+00  6.283E+00
  6.792E-04  6.792E-04  0.000E+00  0.000E+00  6.283E+00  6.283E+00
  6.855E-04  6.855E-04  0.000E+00  0.000E+00  6.283E+00  6.283E+00
  6.918E-04  6.918E-04  0.000E+00  0.000E+00  6.283E+00  6.283E+00
  6.982E-04  6.982E-04  0.000E+00  0.000E+00  6.283E+00  6.283E+00
  7.047E-04  7.047E-04  0.000E+00  0.000E+00  6.283E+00  6.283E+00
  7.112E-04  7.112E-04  0.000E+00  0.000E+00  6.283E+00  6.283E+00
  7.178E-04  7.178E-04  0.000E+00  0.000E+00  6.283E+00  6.283E+00
  7.244E-04  7.244E-04  0.000E+00  0.000E+00  6.283E+00  6.283E+00
  7.311E-04  7.311E-04  0.000E+00  0.000E+00  6.283E+00  6.283E+00
  7.379E-04  7.379E-04  0.000E+00  0.000E+00  6.283E+00  6.283E+00
  7.447E-04  7.447E-04  0.000E+00  0.000E+00  6.283E+00  6.283E+00
  7.516E-04  7.516E-04  0.000E+00  0.000E+00  6.283E+00  6.283E+00
  7.586E-04  7.586E-04  0.000E+00  0.000E+00  6.283E+00  6.283E+00
  7.656E-04  7.656E-04  0.000E+00  0.000E+00  6.283E+00  6.283E+00
  7.727E-04  7.727E-04  0.000E+00  0.000E+00  6.283E+00  6.283E+00
  7.798E-04  7.798E-04  0.000E+00  0.000E+00  6.283E+00  6.283E+00
  7.870E-04  7.870E-04  0.000E+00  0.000E+00  6.283E+00  6.283E+00
  7.943E-04  7.943E-04  0.000E+00  0.000E+00  6.283E+00  6.283E+00
  8.017E-04  8.017E-04  0.000E+00  0.000E+00  6.283E+00  6.283E+00
  8.091E-04  8.091E-04  0.000E+00  0.000E+00  6.283E+00  6.283E+00
  8.166E-04  8.166E-04  0.000E+00  0.000E+00  6.283E+00  6.283E+00
  8.241E-04  8.241E-04  0.000E+00  0.000E+00  6.283E+00  6.283E+00
  8.318E-04  8.318E-04  0.000E+00  0.000E+00  6.283E+00  6.283E+00
  8.395E-04  8.395E-04  0.000E+00  0.000E+00  6.283E+00  6.283E+00
  8.472E-04  8.472E-04  0.000E+00  0.000E+00  6.283E+00  6.283E+00
  8.551E-04  8.551E-04  0.000E+00  0.000E+00  6.283E+00  6.283E+00
  8.630E-04  8.630E-04  0.000E+00  0.000E+00  6.283E+00  6.283E+00
  8.710E-04  8.710E-04  0.000E+00  0.000E+00  6.283E+00  6.283E+00
  8.790E-04  8.790E-04  0.000E+00  0.000E+00  6.283E+00  6.283E+00
  8.872E-04  8.872E-04  0.000E+00  0.000E+00  6.283E+00  6.283E+00
  8.954E-04  8.954E-04  0.000E+00  0.000E+00  6.283E+00  6.283E+00
  9.036E-04  9.036E-04  0.000E+00  0.000E+00  6.283E+00  6.283E+00
  9.120E-04  9.120E-04  0.000E+00  0.000E+00  6.283E+00  6.283E+00
  9.204E-04  9.204E-04  0.000E+00  0.000E+00  6.283E+00  6.283E+00
  9.290E-04  9.290E-04  0.000E+00  0.000E+00  6.283E+00  6.283E+00
  9.376E-04  9.376E-04  0.000E+00  0.000E+00  6.283E+00  6.283E+00
  9.462E-04  9.462E-04  0.000E+00  0.000E+00  6.283E+00  6.283E+00
  9.550E-04  9.550E-04  0.000E+00  0.000E+00  6.283E+00  6.283E+00
  9.638E-04  9.638E-04  0.000E+00  0.000E+00  6.283E+00  6.283E+00
  9.727E-04  9.727E-04  0.000E+00  0.000E+00  6.283E+00  6.283E+00
  9.817E-04  9.817E-04  0.000E+00  0.000E+00  6.283E+00  6.283E+00
  9.908E-04  9.908E-04  0.000E+00  0.000E+00  6.283E+00  6.283E+00
  1.000E-03  1.000E-03  0.000E+00  0.000E+00  6.283E+00  6.283E+00
  1.009E-03  1.009E-03  0.000E+00  0.000E+00  6.283E+00  6.283E+00
  1.019E-03  1.019E-03  0.000E+00  0.000E+00  6.283E+00  6.283E+00
  1.028E-03  1.028E-03  0.000E+00  0.000E+00  6.283E+00  6.283E+00
  1.038E-03  1.038E-03  0.000E+00  0.000E+00  6.283E+00  6.283E+00
  1.047E-03  1.047E-03  0.000E+00  0.000E+00  6.283E+00  6.283E+00
  1.057E-03  1.057E-03  0.000E+00  0.000E+00  6.283E+00  6.283E+00
  1.067E-03  1.067E-03  0.000E+00  0.000E+00  6.283E+00  6.283E+00
  1.076E-03  1.076E-03  0.000E+00  0.000E+00  6.283E+00  6.283E+00
  1.086E-03  1.086E-03  0.000E+00  0.000E+00  6.283E+00  6.283E+00
  1.096E-03  1.096E-03  0.000E+00  0.000E+00  6.283E+00  6.283E+00
  1.107E-03  1.107E-03  0.000E+00  0.000E+00  6.283E+00  6.283E+00
  1.117E-03  1.117E-03  0.000E+00  0.000E+00  6.283E+00  6.283E+00
  1.127E-03  1.127E-03  0.000E+00  0.000E+00  6.283E+00  6.283E+00
  1.138E-03  1.138E-03  0.000E+00  0.000E+00  6.283E+00  6.283E+00
  1.148E-03  1.148E-03  0.000E+00  0.000E+00  6.283E+00  6.283E+00
  1.159E-03  1.159E-03  0.000E+00  0.000E+00  6.283E+00  6.283E+00
  1.169E-03  1.169E-03  0.000E+00  0.000E+00  6.283E+00  6.283E+00
  1.180E-03  1.180E-03  0.000E+00  0.000E+00  6.283E+00  6.283E+00
  1.191E-03  1.191E-03  0.000E+00  0.000E+00  6.283E+00  6.283E+00
  1.202E-03  1.202E-03  0.000E+00  0.000E+00  6.283E+00  6.283E+00
  1.213E-03  1.213E-03  0.000E+00  0.000E+00  6.283E+00  6.283E+00
  1.225E-03  1.225E-03  0.000E+00  0.000E+00  6.283E+00  6.283E+00
  1.236E-03  1.236E-03  0.000E+00  0.000E+00  6.283E+00  6.283E+00
  1.247E-03  1.247E-03  0.000E+00  0.000E+00  6.283E+00  6.283E+00
  1.259E-03  1.259E-03  0.000E+00  0.000E+00  6.283E+00  6.283E+00
  1.271E-03  1.271E-03  0.000E+00  0.000E+00  6.283E+00  6.283E+00
  1.282E-03  1.282E-03  0.000E+00  0.000E+00  6.283E+00  6.283E+00
  1.294E-03  1.294E-03  0.000E+00  0.000E+00  6.283E+00  6.283E+00
  1.306E-03  1.306E-03  0.000E+00  0.000E+00  6.283E+00  6.283E+00
  1.318E-03  1.318E-03  0.000E+00  0.000E+00  6.283E+00  6.283E+00
  1.330E-03  1.330E-03  0.000E+00  0.000E+00  6.283E+00  6.283E+00
  1.343E-03  1.343E-03  0.000E+00  0.000E+00  6.283E+00  6.283E+00
  1.355E-03  1.355E-03  0.000E+00  0.000E+00  6.283E+00  6.283E+00
  1.368E-03  1.368E-03  0.000E+00  0.000E+00  6.283E+00  6.283E+00
  1.380E-03  1.380E-03  0.000E+00  0.000E+00  6.283E+00  6.283E+00
  1.393E-03  1.393E-03  0.000E+00  0.000E+00  6.283E+00  6.283E+00
  1.406E-03  1.406E-03  0.000E+00  0.000E+00  6.283E+00  6.283E+00
  1.419E-03  1.419E-03  0.000E+00  0.000E+00  6.283E+00  6.283E+00
  1.432E-03  1.432E-03  0.000E+00  0.000E+00  6.283E+00  6.283E+00
  1.445E-03  1.445E-03  0.000E+00  0.000E+00  6.283E+00  6.283E+00
  1.459E-03  1.459E-03  0.000E+00  0.000E+00  6.283E+00  6.283E+00
  1.472E-03  1.472E-03  0.000E+00  0.000E+00  6.283E+00  6.283E+00
  1.486E-03  1.486E-03  0.000E+00  0.000E+00  6.283E+00  6.283E+00
  1.500E-03  1.500E-03  0.000E+00  0.000E+00  6.283E+00  6.283E+00
  1.514E-03  1.514E-03  0.000E+00  0.000E+00  6.283E+00  6.283E+00
  1.528E-03  1.528E-03  0.000E+00  0.000E+00  6.283E+00  6.283E+00
  1.542E-03  1.542E-03  0.000E+00  0.000E+00  6.283E+00  6.283E+00
  1.556E-03  1.556E-03  0.000E+00  0.000E+00  6.283E+00  6.283E+00
  1.570E-03  1.570E-03  0.000E+00  0.000E+00  6.283E+00  6.283E+00
  1.585E-03  1.585E-03  0.000E+00  0.000E+00  6.283E+00  6.283E+00
  1.600E-03  1.600E-03  0.000E+00  0.000E+00  6.283E+00  6.283E+00
  1.614E-03  1.614E-03  0.000E+00  0.000E+00  6.283E+00  6.283E+00
  1.629E-03  1.629E-03  0.000E+00  0.000E+00  6.283E+00  6.283E+00
  1.644E-03  1.644E-03  0.000E+00  0.000E+00  6.283E+00  6.283E+00
  1.660E-03  1.660E-03  0.000E+00  0.000E+00  6.283E+00  6.283E+00
  1.675E-03  1.675E-03  0.000E+00  0.000E+00  6.283E+00  6.283E+00
  1.690E-03  1.690E-03  0.000E+00  0.000E+00  6.283E+00  6.283E+00
  1.706E-03  1.706E-03  0.000E+00  0.000E+00  6.283E+00  6.283E+00
  1.722E-03  1.722E-03  0.000E+00  0.000E+00  6.283E+00  6.283E+00
  1.738E-03  1.738E-03  0.000E+00  0.000E+00  6.283E+00  6.283E+00
  1.754E-03  1.754E-03  0.000E+00  0.000E+00  6.283E+00  6.283E+00
  1.770E-03  1.770E-03  0.000E+00  0.000E+00  6.283E+00  6.283E+00
  1.786E-03  1.786E-03  0.000E+00  0.000E+00  6.283E+00  6.283E+00
  1.803E-03  1.803E-03  0.000E+00  0.000E+00  6.283E+00  6.283E+00
  1.820E-03  1.820E-03  0.000E+00  0.000E+00  6.283E+00  6.283E+00
  1.837E-03  1.837E-03  0.000E+00  0.000E+00  6.283E+00  6.283E+00
  1.854E-03  1.854E-03  0.000E+00  0.000E+00  6.283E+00  6.283E+00
  1.871E-03  1.871E-03  0.000E+00  0.000E+00  6.283E+00  6.283E+00
  1.888E-03  1.888E-03  0.000E+00  0.000E+00  6.283E+00  6.283E+00
  1.905E-03  1.905E-03  0.000E+00  0.000E+00  6.283E+00  6.283E+00
  1.923E-03  1.923E-03  0.000E+00  0.000E+00  6.283E+00  6.283E+00
  1.941E-03  1.941E-03  0.000E+00  0.000E+00  6.283E+00  6.283E+00
  1.959E-03  1.959E-03  0.000E+00  0.000E+00  6.283E+00  6.283E+00
  1.977E-03  1.977E-03  0.000E+00  0.000E+00  6.283E+00  6.283E+00
  1.995E-03  1.995E-03  0.000E+00  0.000E+00  6.283E+00  6.283E+00
  2.014E-03  2.014E-03  0.000E+00  0.000E+00  6.283E+00  6.283E+00
  2.032E-03  2.032E-03  0.000E+00  0.000E+00  6.283E+00  6.283E+00
  2.051E-03  2.051E-03  0.000E+00  0.000E+00  6.283E+00  6.283E+00
  2.070E-03  2.070E-03  0.000E+00  0.000E+00  6.283E+00  6.283E+00
  2.089E-03  2.089E-03  0.000E+00  0.000E+00  6.283E+00  6.283E+00
  2.109E-03  2.109E-03  0.000E+00  0.000E+00  6.283E+00  6.283E+00
  2.128E-03  2.128E-03  0.000E+00  0.000E+00  6.283E+00  6.283E+00
  2.148E-03  2.148E-03  0.000E+00  0.000E+00  6.283E+00  6.283E+00
  2.168E-03  2.168E-03  0.000E+00  0.000E+00  6.283E+00  6.283E+00
  2.188E-03  2.188E-03  0.000E+00  0.000E+00  6.283E+00  6.283E+00
  2.208E-03  2.208E-03  0.000E+00  0.000E+00  6.283E+00  6.283E+00
  2.228E-03  2.228E-03  0.000E+00  0.000E+00  6.283E+00  6.283E+00
  2.249E-03  2.249E-03  0.000E+00  0.000E+00  6.283E+00  6.283E+00
  2.270E-03  2.270E-03  0.000E+00  0.000E+00  6.283E+00  6.283E+00
  2.291E-03  2.291E-03  0.000E+00  0.000E+00  6.283E+00  6.283E+00
  2.312E-03  2.312E-03  0.000E+00  0.000E+00  6.283E+00  6.283E+00
  2.333E-03  2.333E-03  0.000E+00  0.000E+00  6.283E+00  6.283E+00
  2.355E-03  2.355E-03  0.000E+00  0.000E+00  6.283E+00  6.283E+00
  2.377E-03  2.377E-03  0.000E+00  0.000E+00  6.283E+00  6.283E+00
  2.399E-03  2.399E-03  0.000E+00  0.000E+00  6.283E+00  6.283E+00
  2.421E-03  2.421E-03  0.000E+00  0.000E+00  6.283E+00  6.283E+00
  2.443E-03  2.443E-03  0.000E+00  0.000E+00  6.283E+00  6.283E+00
  2.466E-03  2.466E-03  0.000E+00  0.000E+00  6.283E+00  6.283E+00
  2.489E-03  2.489E-03  0.000E+00  0.000E+00  6.283E+00  6.283E+00
  2.512E-03  2.512E-03  0.000E+00  0.000E+00  6.283E+00  6.283E+00
  2.535E-03  2.535E-03  0.000E+00  0.000E+00  6.283E+00  6.283E+00
  2.559E-03  2.559E-03  0.000E+00  0.000E+00  6.283E+00  6.283E+00
  2.582E-03  2.582E-03  0.000E+00  0.000E+00  6.283E+00  6.283E+00
  2.606E-03  2.606E-03  0.000E+00  0.000E+00  6.283E+00  6.283E+00
  2.630E-03  2.630E-03  0.000E+00  0.000E+00  6.283E+00  6.283E+00
  2.655E-03  2.655E-03  0.000E+00  0.000E+00  6.283E+00  6.283E+00
  2.679E-03  2.679E-03  0.000E+00  0.000E+00  6.283E+00  6.283E+00
  2.704E-03  2.704E-03  0.000E+00  0.000E+00  6.283E+00  6.283E+00
  2.729E-03  2.729E-03  0.000E+00  0.000E+00  6.283E+00  6.283E+00
  2.754E-03  2.754E-03  0.000E+00  0.000E+00  6.283E+00  6.283E+00
  2.780E-03  2.780E-03  0.000E+00  0.000E+00  6.283E+00  6.283E+00
  2.805E-03  2.805E-03  0.000E+00  0.000E+00  6.283E+00  6.283E+00
  2.831E-03  2.831E-03  0.000E+00  0.000E+00  6.283E+00  6.283E+00
  2.858E-03  2.858E-03  0.000E+00  0.000E+00  6.283E+00  6.283E+00
  2.884E-03  2.884E-03  0.000E+00  0.000E+00  6.283E+00  6.283E+00
  2.911E-03  2.911E-03  0.000E+00  0.000E+00  6.283E+00  6.283E+00
  2.938E-03  2.938E-03  0.000E+00  0.000E+00  6.283E+00  6.283E+00
  2.965E-03  2.965E-03  0.000E+00  0.000E+00  6.283E+00  6.283E+00
  2.992E-03  2.992E-03  0.000E+00  0.000E+00  6.283E+00  6.283E+00
  3.020E-03  3.020E-03  0.000E+00  0.000E+00  6.283E+00  6.283E+00
  3.048E-03  3.048E-03  0.000E+00  0.000E+00  6.283E+00  6.283E+00
  3.076E-03  3.076E-03  0.000E+00  0.000E+00  6.283E+00  6.283E+00
  3.105E-03  3.105E-03  0.000E+00  0.000E+00  6.283E+00  6.283E+00
  3.133E-03  3.133E-03  0.000E+00  0.000E+00  6.283E+00  6.283E+00
  3.162E-03  3.162E-03  0.000E+00  0.000E+00  6.283E+00  6.283E+00
  3.192E-03  3.192E-03  0.000E+00  0.000E+00  6.283E+00  6.283E+00
  3.221E-03  3.221E-03  0.000E+00  0.000E+00  6.283E+00  6.283E+00
  3.251E-03  3.251E-03  0.000E+00  0.000E+00  6.283E+00  6.283E+00
  3.281E-03  3.281E-03  0.000E+00  0.000E+00  6.283E+00  6.283E+00
  3.311E-03  3.311E-03  0.000E+00  0.000E+00  6.283E+00  6.283E+00
  3.342E-03  3.342E-03  0.000E+00  0.000E+00  6.283E+00  6.283E+00
  3.373E-03  3.373E-03  0.000E+00  0.000E+00  6.283E+00  6.283E+00
  3.404E-03  3.404E-03  0.000E+00  0.000E+00  6.283E+00  6.283E+00
  3.436E-03  3.436E-03  0.000E+00  0.000E+00  6.283E+00  6.283E+00
  3.467E-03  3.467E-03  0.000E+00  0.000E+00  6.283E+00  6.283E+00
  3.499E-03  3.499E-03  0.000E+00  0.000E+00  6.283E+00  6.283E+00
  3.532E-03  3.532E-03  0.000E+00  0.000E+00  6.283E+00  6.283E+00
  3.564E-03  3.564E-03  0.000E+00  0.000E+00  6.283E+00  6.283E+00
  3.597E-03  3.597E-03  0.000E+00  0.000E+00  6.283E+00  6.283E+00
  3.631E-03  3.631E-03  0.000E+00  0.000E+00  6.283E+00  6.283E+00
  3.664E-03  3.664E-03  0.000E+00  0.000E+00  6.283E+00  6.283E+00
  3.698E-03  3.698E-03  0.000E+00  0.000E+00  6.283E+00  6.283E+00
  3.732E-03  3.732E-03  0.000E+00  0.000E+00  6.283E+00  6.283E+00
  3.767E-03  3.767E-03  0.000E+00  0.000E+00  6.283E+00  6.283E+00
  3.802E-03  3.802E-03  0.000E+00  0.000E+00  6.283E+00  6.283E+00
  3.837E-03  3.837E-03  0.000E+00  0.000E+00  6.283E+00  6.283E+00
  3.873E-03  3.873E-03  0.000E+00  0.000E+00  6.283E+00  6.283E+00
  3.908E-03  3.908E-03  0.000E+00  0.000E+00  6.283E+00  6.283E+00
  3.945E-03  3.945E-03  0.000E+00  0.000E+00  6.283E+00  6.283E+00
  3.981E-03  3.981E-03  0.000E+00  0.000E+00  6.283E+00  6.283E+00
  4.018E-03  4.018E-03  0.000E+00  0.000E+00  6.283E+00  6.283E+00
  4.055E-03  4.055E-03  0.000E+00  0.000E+00  6.283E+00  6.283E+00
  4.093E-03  4.093E-03  0.000E+00  0.000E+00  6.283E+00  6.283E+00
  4.130E-03  4.130E-03  0.000E+00  0.000E+00  6.283E+00  6.283E+00
  4.169E-03  4.169E-03  0.000E+00  0.000E+00  6.283E+00  6.283E+00
  4.207E-03  4.207E-03  0.000E+00  0.000E+00  6.283E+00  6.283E+00
  4.246E-03  4.246E-03  0.000E+00  0.000E+00  6.283E+00  6.283E+00
  4.285E-03  4.285E-03  0.000E+00  0.000E+00  6.283E+00  6.283E+00
  4.325E-03  4.325E-03  0.000E+00  0.000E+00  6.283E+00  6.283E+00
  4.365E-03  4.365E-03  0.000E+00  0.000E+00  6.283E+00  6.283E+00
  4.406E-03  4.406E-03  0.000E+00  0.000E+00  6.283E+00  6.283E+00
  4.446E-03  4.446E-03  0.000E+00  0.000E+00  6.283E+00  6.283E+00
  4.487E-03  4.487E-03  0.000E+00  0.000E+00  6.283E+00  6.283E+00
  4.529E-03  4.529E-03  0.000E+00  0.000E+00  6.283E+00  6.283E+00
  4.571E-03  4.571E-03  0.000E+00  0.000E+00  6.283E+00  6.283E+00
  4.613E-03  4.613E-03  0.000E+00  0.000E+00  6.283E+00  6.283E+00
  4.656E-03  4.656E-03  0.000E+00  0.000E+00  6.283E+00  6.283E+00
  4.699E-03  4.699E-03  0.000E+00  0.000E+00  6.283E+00  6.283E+00
  4.742E-03  4.742E-03  0.000E+00  0.000E+00  6.283E+00  6.283E+00
  4.786E-03  4.786E-03  0.000E+00  0.000E+00  6.283E+00  6.283E+00
  4.831E-03  4.831E-03  0.000E+00  0.000E+00  6.283E+00  6.283E+00
  4.875E-03  4.875E-03  0.000E+00  0.000E+00  6.283E+00  6.283E+00
  4.920E-03  4.920E-03  0.000E+00  0.000E+00  6.283E+00  6.283E+00
  4.966E-03  4.966E-03  0.000E+00  0.000E+00  6.283E+00  6.283E+00
  5.012E-03  5.012E-03  0.000E+00  0.000E+00  6.283E+00  6.283E+00
  5.058E-03  5.058E-03  0.000E+00  0.000E+00  6.283E+00  6.283E+00
  5.105E-03  5.105E-03  0.000E+00  0.000E+00  6.283E+00  6.283E+00
  5.152E-03  5.152E-03  0.000E+00  0.000E+00  6.283E+00  6.283E+00
  5.200E-03  5.200E-03  0.000E+00  0.000E+00  6.283E+00  6.283E+00
  5.248E-03  5.248E-03  0.000E+00  0.000E+00  6.283E+00  6.283E+00
  5.297E-03  5.297E-03  0.000E+00  0.000E+00  6.283E+00  6.283E+00
  5.346E-03  5.346E-03  0.000E+00  0.000E+00  6.283E+00  6.283E+00
  5.395E-03  5.395E-03  0.000E+00  0.000E+00  6.283E+00  6.283E+00
  5.445E-03  5.445E-03  0.000E+00  0.000E+00  6.283E+00  6.283E+00
  5.495E-03  5.495E-03  0.000E+00  0.000E+00  6.283E+00  6.283E+00
  5.546E-03  5.546E-03  0.000E+00  0.000E+00  6.283E+00  6.283E+00
  5.598E-03  5.598E-03  0.000E+00  0.000E+00  6.283E+00  6.283E+00
  5.649E-03  5.649E-03  0.000E+00  0.000E+00  6.283E+00  6.283E+00
  5.702E-03  5.702E-03  0.000E+00  0.000E+00  6.283E+00  6.283E+00
  5.754E-03  5.754E-03  0.000E+00  0.000E+00  6.283E+00  6.283E+00
  5.808E-03  5.808E-03  0.000E+00  0.000E+00  6.283E+00  6.283E+00
  5.861E-03  5.861E-03  0.000E+00  0.000E+00  6.283E+00  6.283E+00
  5.916E-03  5.916E-03  0.000E+00  0.000E+00  6.283E+00  6.283E+00
  5.970E-03  5.970E-03  0.000E+00  0.000E+00  6.283E+00  6.283E+00
  6.026E-03  6.026E-03  0.000E+00  0.000E+00  6.283E+00  6.283E+00
  6.081E-03  6.081E-03  0.000E+00  0.000E+00  6.283E+00  6.283E+00
  6.138E-03  6.138E-03  0.000E+00  0.000E+00  6.283E+00  6.283E+00
  6.194E-03  6.194E-03  0.000E+00  0.000E+00  6.283E+00  6.283E+00
  6.252E-03  6.252E-03  0.000E+00  0.000E+00  6.283E+00  6.283E+00
  6.310E-03  6.310E-03  0.000E+00  0.000E+00  6.283E+00  6.283E+00
  6.368E-03  6.368E-03  0.000E+00  0.000E+00  6.283E+00  6.283E+00
  6.427E-03  6.427E-03  0.000E+00  0.000E+00  6.283E+00  6.283E+00
  6.486E-03  6.486E-03  0.000E+00  0.000E+00  6.283E+00  6.283E+00
  6.546E-03  6.546E-03  0.000E+00  0.000E+00  6.283E+00  6.283E+00
  6.607E-03  6.607E-03  0.000E+00  0.000E+00  6.283E+00  6.283E+00
  6.668E-03  6.668E-03  0.000E+00  0.000E+00  6.283E+00  6.283E+00
  6.730E-03  6.730E-03  0.000E+00  0.000E+00  6.283E+00  6.283E+00
  6.792E-03  6.792E-03  0.000E+00  0.000E+00  6.283E+00  6.283E+00
  6.855E-03  6.855E-03  0.000E+00  0.000E+00  6.283E+00  6.283E+00
  6.918E-03  6.918E-03  0.000E+00  0.000E+00  6.283E+00  6.283E+00
  6.982E-03  6.982E-03  0.000E+00  0.000E+00  6.283E+00  6.283E+00
  7.047E-03  7.047E-03  0.000E+00  0.000E+00  6.283E+00  6.283E+00
  7.112E-03  7.112E-03  0.000E+00  0.000E+00  6.283E+00  6.283E+00
  7.178E-03  7.178E-03  0.000E+00  0.000E+00  6.283E+00  6.283E+00
  7.244E-03  7.244E-03  0.000E+00  0.000E+00  6.283E+00  6.283E+00
  7.311E-03  7.311E-03  0.000E+00  0.000E+00  6.283E+00  6.283E+00
  7.379E-03  7.379E-03  0.000E+00  0.000E+00  6.283E+00  6.283E+00
  7.447E-03  7.447E-03  0.000E+00  0.000E+00  6.283E+00  6.283E+00
  7.516E-03  7.516E-03  0.000E+00  0.000E+00  6.283E+00  6.283E+00
  7.586E-03  7.586E-03  0.000E+00  0.000E+00  6.283E+00  6.283E+00
  7.656E-03  7.656E-03  0.000E+00  0.000E+00  6.283E+00  6.283E+00
  7.727E-03  7.727E-03  0.000E+00  0.000E+00  6.283E+00  6.283E+00
  7.798E-03  7.798E-03  0.000E+00  0.000E+00  6.283E+00  6.283E+00
  7.870E-03  7.870E-03  0.000E+00  0.000E+00  6.283E+00  6.283E+00
  7.943E-03  7.943E-03  0.000E+00  0.000E+00  6.283E+00  6.283E+00
  8.017E-03  8.017E-03  0.000E+00  0.000E+00  6.283E+00  6.283E+00
  8.091E-03  8.091E-03  0.000E+00  0.000E+00  6.283E+00  6.283E+00
  8.166E-03  8.166E-03  0.000E+00  0.000E+00  6.283E+00  6.283E+00
  8.241E-03  8.241E-03  0.000E+00  0.000E+00  6.283E+00  6.283E+00
  8.318E-03  8.318E-03  0.000E+00  0.000E+00  6.283E+00  6.283E+00
  8.395E-03  8.395E-03  0.000E+00  0.000E+00  6.283E+00  6.283E+00
  8.472E-03  8.472E-03  0.000E+00  0.000E+00  6.283E+00  6.283E+00
  8.551E-03  8.551E-03  0.000E+00  0.000E+00  6.283E+00  6.283E+00
  8.630E-03  8.630E-03  0.000E+00  0.000E+00  6.283E+00  6.283E+00
  8.710E-03  8.710E-03  0.000E+00  0.000E+00  6.283E+00  6.283E+00
  8.790E-03  8.790E-03  0.000E+00  0.000E+00  6.283E+00  6.283E+00
  8.872E-03  8.872E-03  0.000E+00  0.000E+00  6.283E+00  6.283E+00
  8.954E-03  8.954E-03  0.000E+00  0.000E+00  6.283E+00  6.283E+00
  9.036E-03  9.036E-03  0.000E+00  0.000E+00  6.283E+00  6.283E+00
  9.120E-03  9.120E-03  0.000E+00  0.000E+00  6.283E+00  6.283E+00
  9.204E-03  9.204E-03  0.000E+00  0.000E+00  6.283E+00  6.283E+00
  9.290E-03  9.290E-03  0.000E+00  0.000E+00  6.283E+00  6.283E+00
  9.376E-03  9.376E-03  0.000E+00  0.000E+00  6.283E+00  6.283E+00
  9.462E-03  9.462E-03  0.000E+00  0.000E+00  6.283E+00  6.283E+00
  9.550E-03  9.550E-03  0.000E+00  0.000E+00  6.283E+00  6.283E+00
  9.638E-03  9.638E-03  0.000E+00  0.000E+00  6.283E+00  6.283E+00
  9.727E-03  9.727E-03  0.000E+00  0.000E+00  6.283E+00  6.283E+00
  9.817E-03  9.817E-03  0.000E+00  0.000E+00  6.283E+00  6.283E+00
  9.908E-03  9.908E-03  0.000E+00  0.000E+00  6.283E+00  6.283E+00
  1.000E-02  1.000E-02  0.000E+00  0.000E+00  6.283E+00  6.283E+00
