 # Detector n:            1   YldNeut   
 # N. of x1 intervals          18
   0.000000      0.1745329      0.6631683      0.5189156    
  0.1745329      0.3490658      0.2027158      0.2852244    
  0.3490658      0.5235988      0.1420095      0.2039319    
  0.5235988      0.6981317      9.2876315E-02  0.5657476    
  0.6981317      0.8726646      5.9414893E-02  0.1623677    
  0.8726646       1.047198      4.0280841E-02  0.5444637    
   1.047198       1.221730      2.7287874E-02  0.3548393    
   1.221730       1.396263      1.4817108E-02   1.237594    
   1.396263       1.570796      4.1222158E-03  0.9046194    
   1.570796       1.745329       0.000000       0.000000    
   1.745329       1.919862       0.000000       0.000000    
   1.919862       2.094395       0.000000       0.000000    
   2.094395       2.268928       0.000000       0.000000    
   2.268928       2.443461       0.000000       0.000000    
   2.443461       2.617994       0.000000       0.000000    
   2.617994       2.792527       0.000000       0.000000    
   2.792527       2.967060       0.000000       0.000000    
   2.967060       3.141593       0.000000       0.000000    
