 # Detector n:            1   YldNeut   
 # N. of x1 intervals          18
   0.000000      0.1745329      1.5504574E-03   18.91892    
  0.1745329      0.3490658      1.5945433E-03   9.132640    
  0.3490658      0.5235988      1.3567677E-03   11.15105    
  0.5235988      0.6981317      1.2989517E-03   4.545892    
  0.6981317      0.8726646      9.9684228E-04   4.818932    
  0.8726646       1.047198      6.2419119E-04   5.976144    
   1.047198       1.221730      4.1103479E-04   9.998078    
   1.221730       1.396263      2.7223429E-04   18.83981    
   1.396263       1.570796      5.8658356E-05   22.96397    
   1.570796       1.745329       0.000000       0.000000    
   1.745329       1.919862       0.000000       0.000000    
   1.919862       2.094395       0.000000       0.000000    
   2.094395       2.268928       0.000000       0.000000    
   2.268928       2.443461       0.000000       0.000000    
   2.443461       2.617994       0.000000       0.000000    
   2.617994       2.792527       0.000000       0.000000    
   2.792527       2.967060       0.000000       0.000000    
   2.967060       3.141593       0.000000       0.000000    
