 # Detector n:            1   YldNeut   
 # N. of x1 intervals          18
   0.000000      0.1745329       4.287937      8.4965952E-02
  0.1745329      0.3490658      0.3398212      0.4154581    
  0.3490658      0.5235988      0.2738459      0.2993977    
  0.5235988      0.6981317      0.2078781      0.3184900    
  0.6981317      0.8726646      0.1368267      0.1418182    
  0.8726646       1.047198      7.9661064E-02  0.5315965    
   1.047198       1.221730      4.3753445E-02  0.4054821    
   1.221730       1.396263      2.0087110E-02  0.6661811    
   1.396263       1.570796      5.0981445E-03   1.405238    
   1.570796       1.745329       0.000000       0.000000    
   1.745329       1.919862       0.000000       0.000000    
   1.919862       2.094395       0.000000       0.000000    
   2.094395       2.268928       0.000000       0.000000    
   2.268928       2.443461       0.000000       0.000000    
   2.443461       2.617994       0.000000       0.000000    
   2.617994       2.792527       0.000000       0.000000    
   2.792527       2.967060       0.000000       0.000000    
   2.967060       3.141593       0.000000       0.000000    
