 # Detector n:            1   YldNeut   
 # N. of x1 intervals          18
   0.000000      0.1745329       18.19107      3.5721421E-02
  0.1745329      0.3490658      0.1902982      0.3304348    
  0.3490658      0.5235988      0.1087868      0.4896039    
  0.5235988      0.6981317      7.5521305E-02  0.5842552    
  0.6981317      0.8726646      5.4264370E-02  0.4549792    
  0.8726646       1.047198      4.0066835E-02  0.5144743    
   1.047198       1.221730      2.5676779E-02  0.7242713    
   1.221730       1.396263      1.2208196E-02  0.7415924    
   1.396263       1.570796      2.9937758E-03   2.201061    
   1.570796       1.745329       0.000000       0.000000    
   1.745329       1.919862       0.000000       0.000000    
   1.919862       2.094395       0.000000       0.000000    
   2.094395       2.268928       0.000000       0.000000    
   2.268928       2.443461       0.000000       0.000000    
   2.443461       2.617994       0.000000       0.000000    
   2.617994       2.792527       0.000000       0.000000    
   2.792527       2.967060       0.000000       0.000000    
   2.967060       3.141593       0.000000       0.000000    
