 # Detector n:            1   YldNeut   
 # N. of x1 intervals          18
   0.000000      0.1745329       4.286897      0.1019850    
  0.1745329      0.3490658      0.3413198      0.2880432    
  0.3490658      0.5235988      0.2734103      0.2211060    
  0.5235988      0.6981317      0.2089134      0.2311449    
  0.6981317      0.8726646      0.1369434      0.1002040    
  0.8726646       1.047198      7.9495206E-02  0.3073095    
   1.047198       1.221730      4.3729264E-02  0.5272094    
   1.221730       1.396263      1.9845124E-02  0.4712847    
   1.396263       1.570796      4.9624969E-03   1.595403    
   1.570796       1.745329       0.000000       0.000000    
   1.745329       1.919862       0.000000       0.000000    
   1.919862       2.094395       0.000000       0.000000    
   2.094395       2.268928       0.000000       0.000000    
   2.268928       2.443461       0.000000       0.000000    
   2.443461       2.617994       0.000000       0.000000    
   2.617994       2.792527       0.000000       0.000000    
   2.792527       2.967060       0.000000       0.000000    
   2.967060       3.141593       0.000000       0.000000    
