 # Detector n:            1   YldNeut   
 # N. of x1 intervals          18
   0.000000      0.1745329       12.57929      4.0384751E-02
  0.1745329      0.3490658      0.6862350      0.1728023    
  0.3490658      0.5235988      0.3005491      0.3152093    
  0.5235988      0.6981317      0.1459550      0.2456311    
  0.6981317      0.8726646      9.0961590E-02  0.3258580    
  0.8726646       1.047198      5.8743525E-02  0.5065668    
   1.047198       1.221730      3.2713532E-02  0.4111795    
   1.221730       1.396263      1.4207605E-02  0.6244980    
   1.396263       1.570796      3.4359130E-03   1.897175    
   1.570796       1.745329       0.000000       0.000000    
   1.745329       1.919862       0.000000       0.000000    
   1.919862       2.094395       0.000000       0.000000    
   2.094395       2.268928       0.000000       0.000000    
   2.268928       2.443461       0.000000       0.000000    
   2.443461       2.617994       0.000000       0.000000    
   2.617994       2.792527       0.000000       0.000000    
   2.792527       2.967060       0.000000       0.000000    
   2.967060       3.141593       0.000000       0.000000    
