 # Detector n:            1   YldNeut   
 # N. of x1 intervals          18
   0.000000      0.1745329       12.57180      3.6220238E-02
  0.1745329      0.3490658      0.6865568      0.1586340    
  0.3490658      0.5235988      0.3008862      0.1093799    
  0.5235988      0.6981317      0.1458735      0.3196217    
  0.6981317      0.8726646      9.0622768E-02  0.3181827    
  0.8726646       1.047198      5.9153706E-02  0.2692523    
   1.047198       1.221730      3.2813471E-02  0.7746578    
   1.221730       1.396263      1.4344479E-02  0.6101589    
   1.396263       1.570796      3.4293141E-03   1.667735    
   1.570796       1.745329       0.000000       0.000000    
   1.745329       1.919862       0.000000       0.000000    
   1.919862       2.094395       0.000000       0.000000    
   2.094395       2.268928       0.000000       0.000000    
   2.268928       2.443461       0.000000       0.000000    
   2.443461       2.617994       0.000000       0.000000    
   2.617994       2.792527       0.000000       0.000000    
   2.792527       2.967060       0.000000       0.000000    
   2.967060       3.141593       0.000000       0.000000    
