 # Detector n:            1   YldNeut   
 # N. of x1 intervals          18
   0.000000      0.1745329      5.2187558E-02   1.143077    
  0.1745329      0.3490658      1.9789271E-02   1.528119    
  0.3490658      0.5235988      1.6184425E-02  0.8608842    
  0.5235988      0.6981317      1.1927432E-02   1.068545    
  0.6981317      0.8726646      8.6885393E-03   1.599240    
  0.8726646       1.047198      5.5597601E-03   1.199675    
   1.047198       1.221730      3.3753209E-03   2.257236    
   1.221730       1.396263      1.6432365E-03   1.966754    
   1.396263       1.570796      4.1867400E-04   3.100864    
   1.570796       1.745329       0.000000       0.000000    
   1.745329       1.919862       0.000000       0.000000    
   1.919862       2.094395       0.000000       0.000000    
   2.094395       2.268928       0.000000       0.000000    
   2.268928       2.443461       0.000000       0.000000    
   2.443461       2.617994       0.000000       0.000000    
   2.617994       2.792527       0.000000       0.000000    
   2.792527       2.967060       0.000000       0.000000    
   2.967060       3.141593       0.000000       0.000000    
