 # Detector n:            1   YldNeut   
 # N. of x1 intervals          18
   0.000000      0.1745329       18.18938      3.7722841E-02
  0.1745329      0.3490658      0.1932333      0.4142014    
  0.3490658      0.5235988      0.1077809      0.5412983    
  0.5235988      0.6981317      7.5812928E-02  0.3340769    
  0.6981317      0.8726646      5.4791201E-02  0.5378940    
  0.8726646       1.047198      4.0370010E-02  0.3331526    
   1.047198       1.221730      2.5594572E-02  0.5440790    
   1.221730       1.396263      1.2118207E-02  0.5157170    
   1.396263       1.570796      2.9681127E-03   1.187699    
   1.570796       1.745329       0.000000       0.000000    
   1.745329       1.919862       0.000000       0.000000    
   1.919862       2.094395       0.000000       0.000000    
   2.094395       2.268928       0.000000       0.000000    
   2.268928       2.443461       0.000000       0.000000    
   2.443461       2.617994       0.000000       0.000000    
   2.617994       2.792527       0.000000       0.000000    
   2.792527       2.967060       0.000000       0.000000    
   2.967060       3.141593       0.000000       0.000000    
