 # Detector n:            1   YldNeut   
 # N. of x1 intervals          18
   0.000000      0.1745329      2.5142554E-05   66.66666    
  0.1745329      0.3490658      1.4111003E-05   31.62278    
  0.3490658      0.5235988      2.4197132E-05   20.82483    
  0.5235988      0.6981317      1.6555266E-05   37.68446    
  0.6981317      0.8726646      6.1979831E-06   40.82483    
  0.8726646       1.047198      4.4585086E-06   44.72136    
   1.047198       1.221730      8.0595055E-07   99.00000    
   1.221730       1.396263      2.2686190E-06   66.66666    
   1.396263       1.570796       0.000000       0.000000    
   1.570796       1.745329       0.000000       0.000000    
   1.745329       1.919862       0.000000       0.000000    
   1.919862       2.094395       0.000000       0.000000    
   2.094395       2.268928       0.000000       0.000000    
   2.268928       2.443461       0.000000       0.000000    
   2.443461       2.617994       0.000000       0.000000    
   2.617994       2.792527       0.000000       0.000000    
   2.792527       2.967060       0.000000       0.000000    
   2.967060       3.141593       0.000000       0.000000    
